Loading rhel8/default-amp
  Loading requirement: dot rhel8/slurm singularity/current rhel8/global
    cuda/11.4 libpciaccess/0.16/gcc-9.4.0-6fonbj6
    libiconv/1.16/gcc-9.4.0-ahebbov libxml2/2.9.12/gcc-9.4.0-gnknt5e
    ncurses/6.2/gcc-9.4.0-aiirok7 hwloc/2.5.0/gcc-9.4.0-7sqomga
    libevent/2.1.12/gcc-9.4.0-hgny7cm numactl/2.0.14/gcc-9.4.0-52dwc6n
    cuda/11.4.0/gcc-9.4.0-3hnxhjt gdrcopy/2.2/gcc-9.4.0-e4igtfp
    knem/1.1.4/gcc-9.4.0-bpbxgva libnl/3.3.0/gcc-9.4.0-whwhrwb
    rdma-core/34.0/gcc-9.4.0-5eo5n2u ucx/1.11.1/gcc-9.4.0-lktqyl4
    openmpi/4.1.1/gcc-9.4.0-epagguv
Changed directory to /rds/user/tdb47/hpc-work/planning/thinker_private_planning/thinkingtime_exps.

JobID: 58764985
======
Time: Mon Aug 12 10:06:15 BST 2024
Running on master node: gpu-q-29
Current directory: /rds/user/tdb47/hpc-work/planning/thinker_private_planning/thinkingtime_exps

Nodes allocated:
================
gpu-q-29

numtasks=1, numnodes=1, mpi_tasks_per_node=1 (OMP_NUM_THREADS=1)

Executing command:
==================
python run_thinkingtime_exps2.py --env_name hard --num_episodes 1000 


Initializing env 0 with device cuda
Init. environment with obs space [91mBox(0, 1, (7, 8, 8), uint8)[0m and action space [91mDiscrete(5)[0m
==== ********** STEPS: 0 ********** ====
==== Running agent 10m ====
Sokoban-hard-v0
hard diff.
hard diff.
Initializing env 0 with device cuda
Init. environment with obs space [91mBox(0, 1, (7, 8, 8), uint8)[0m and action space [91mDiscrete(5)[0m
0.004
==== Running agent 20m ====
Sokoban-hard-v0
hard diff.
hard diff.
Initializing env 0 with device cuda
Init. environment with obs space [91mBox(0, 1, (7, 8, 8), uint8)[0m and action space [91mDiscrete(5)[0m
0.037
==== Running agent 30m ====
Sokoban-hard-v0
hard diff.
hard diff.
Initializing env 0 with device cuda
Init. environment with obs space [91mBox(0, 1, (7, 8, 8), uint8)[0m and action space [91mDiscrete(5)[0m
0.05
==== Running agent 40m ====
Sokoban-hard-v0
hard diff.
hard diff.
Initializing env 0 with device cuda
Init. environment with obs space [91mBox(0, 1, (7, 8, 8), uint8)[0m and action space [91mDiscrete(5)[0m
0.082
==== Running agent 50m ====
Sokoban-hard-v0
hard diff.
hard diff.
Initializing env 0 with device cuda
Init. environment with obs space [91mBox(0, 1, (7, 8, 8), uint8)[0m and action space [91mDiscrete(5)[0m
0.089
==== ********** STEPS: 1 ********** ====
==== Running agent 10m ====
Sokoban-hard-v0
hard diff.
hard diff.
Initializing env 0 with device cuda
Init. environment with obs space [91mBox(0, 1, (7, 8, 8), uint8)[0m and action space [91mDiscrete(5)[0m
0.004
==== Running agent 20m ====
Sokoban-hard-v0
hard diff.
hard diff.
Initializing env 0 with device cuda
Init. environment with obs space [91mBox(0, 1, (7, 8, 8), uint8)[0m and action space [91mDiscrete(5)[0m
0.043
==== Running agent 30m ====
Sokoban-hard-v0
hard diff.
hard diff.
Initializing env 0 with device cuda
Init. environment with obs space [91mBox(0, 1, (7, 8, 8), uint8)[0m and action space [91mDiscrete(5)[0m
0.058
==== Running agent 40m ====
Sokoban-hard-v0
hard diff.
hard diff.
Initializing env 0 with device cuda
Init. environment with obs space [91mBox(0, 1, (7, 8, 8), uint8)[0m and action space [91mDiscrete(5)[0m
0.09
==== Running agent 50m ====
Sokoban-hard-v0
hard diff.
hard diff.
Initializing env 0 with device cuda
Init. environment with obs space [91mBox(0, 1, (7, 8, 8), uint8)[0m and action space [91mDiscrete(5)[0m
0.113
==== ********** STEPS: 2 ********** ====
==== Running agent 10m ====
Sokoban-hard-v0
hard diff.
hard diff.
Initializing env 0 with device cuda
Init. environment with obs space [91mBox(0, 1, (7, 8, 8), uint8)[0m and action space [91mDiscrete(5)[0m
0.004
==== Running agent 20m ====
Sokoban-hard-v0
hard diff.
hard diff.
Initializing env 0 with device cuda
Init. environment with obs space [91mBox(0, 1, (7, 8, 8), uint8)[0m and action space [91mDiscrete(5)[0m
0.051
==== Running agent 30m ====
Sokoban-hard-v0
hard diff.
hard diff.
Initializing env 0 with device cuda
Init. environment with obs space [91mBox(0, 1, (7, 8, 8), uint8)[0m and action space [91mDiscrete(5)[0m
0.068
==== Running agent 40m ====
Sokoban-hard-v0
hard diff.
hard diff.
Initializing env 0 with device cuda
Init. environment with obs space [91mBox(0, 1, (7, 8, 8), uint8)[0m and action space [91mDiscrete(5)[0m
0.101
==== Running agent 50m ====
Sokoban-hard-v0
hard diff.
hard diff.
Initializing env 0 with device cuda
Init. environment with obs space [91mBox(0, 1, (7, 8, 8), uint8)[0m and action space [91mDiscrete(5)[0m
0.124
==== ********** STEPS: 3 ********** ====
==== Running agent 10m ====
Sokoban-hard-v0
hard diff.
hard diff.
Initializing env 0 with device cuda
Init. environment with obs space [91mBox(0, 1, (7, 8, 8), uint8)[0m and action space [91mDiscrete(5)[0m
0.004
==== Running agent 20m ====
Sokoban-hard-v0
hard diff.
hard diff.
Initializing env 0 with device cuda
Init. environment with obs space [91mBox(0, 1, (7, 8, 8), uint8)[0m and action space [91mDiscrete(5)[0m
0.046
==== Running agent 30m ====
Sokoban-hard-v0
hard diff.
hard diff.
Initializing env 0 with device cuda
Init. environment with obs space [91mBox(0, 1, (7, 8, 8), uint8)[0m and action space [91mDiscrete(5)[0m
0.07
==== Running agent 40m ====
Sokoban-hard-v0
hard diff.
hard diff.
Initializing env 0 with device cuda
Init. environment with obs space [91mBox(0, 1, (7, 8, 8), uint8)[0m and action space [91mDiscrete(5)[0m
0.09
==== Running agent 50m ====
Sokoban-hard-v0
hard diff.
hard diff.
Initializing env 0 with device cuda
Init. environment with obs space [91mBox(0, 1, (7, 8, 8), uint8)[0m and action space [91mDiscrete(5)[0m
0.126
==== ********** STEPS: 4 ********** ====
==== Running agent 10m ====
Sokoban-hard-v0
hard diff.
hard diff.
Initializing env 0 with device cuda
Init. environment with obs space [91mBox(0, 1, (7, 8, 8), uint8)[0m and action space [91mDiscrete(5)[0m
0.004
==== Running agent 20m ====
Sokoban-hard-v0
hard diff.
hard diff.
Initializing env 0 with device cuda
Init. environment with obs space [91mBox(0, 1, (7, 8, 8), uint8)[0m and action space [91mDiscrete(5)[0m
0.049
==== Running agent 30m ====
Sokoban-hard-v0
hard diff.
hard diff.
