Loading rhel8/default-amp
  Loading requirement: dot rhel8/slurm singularity/current rhel8/global
    cuda/11.4 libpciaccess/0.16/gcc-9.4.0-6fonbj6
    libiconv/1.16/gcc-9.4.0-ahebbov libxml2/2.9.12/gcc-9.4.0-gnknt5e
    ncurses/6.2/gcc-9.4.0-aiirok7 hwloc/2.5.0/gcc-9.4.0-7sqomga
    libevent/2.1.12/gcc-9.4.0-hgny7cm numactl/2.0.14/gcc-9.4.0-52dwc6n
    cuda/11.4.0/gcc-9.4.0-3hnxhjt gdrcopy/2.2/gcc-9.4.0-e4igtfp
    knem/1.1.4/gcc-9.4.0-bpbxgva libnl/3.3.0/gcc-9.4.0-whwhrwb
    rdma-core/34.0/gcc-9.4.0-5eo5n2u ucx/1.11.1/gcc-9.4.0-lktqyl4
    openmpi/4.1.1/gcc-9.4.0-epagguv
Changed directory to /rds/user/tdb47/hpc-work/planning/thinker_private_planning/probing.

JobID: 58606153
======
Time: Fri Aug  9 22:58:33 BST 2024
Running on master node: gpu-q-29
Current directory: /rds/user/tdb47/hpc-work/planning/thinker_private_planning/probing

Nodes allocated:
================
gpu-q-29

numtasks=1, numnodes=1, mpi_tasks_per_node=1 (OMP_NUM_THREADS=1)

Executing command:
==================
python train_conv_probe.py --feature agent_onto_after --num_epochs 10 --weight_decay 0.001 --kernel 1 --model_name 20m 


test
=================================== FEATURE: agent_onto_after =========================================
=============== Seed: 0 ================
========= layer0 =========
---- Epoch 1 -----
Full acc: 0.8614496244440627
F1: 0.5580242740157575
Time: 37.90860342979431
---- Epoch 2 -----
Full acc: 0.8609998639981675
F1: 0.5547410609081844
Time: 33.61696481704712
---- Epoch 3 -----
Full acc: 0.8610508646853348
F1: 0.5585668440295132
Time: 33.92992615699768
---- Epoch 4 -----
Full acc: 0.8612724641623242
F1: 0.5561884538322502
Time: 34.09416127204895
---- Epoch 5 -----
Full acc: 0.861202673748306
F1: 0.5589435533632008
Time: 34.13748264312744
---- Epoch 6 -----
Full acc: 0.861419202981542
F1: 0.5584372557708408
Time: 34.291311502456665
---- Epoch 7 -----
Full acc: 0.8611495853137109
F1: 0.5578343533711945
Time: 34.64230799674988
---- Epoch 8 -----
Full acc: 0.8610469874401114
F1: 0.5560743183371673
Time: 33.17749905586243
---- Epoch 9 -----
Full acc: 0.8610061272404512
F1: 0.5543229414150206
Time: 34.32251834869385
---- Epoch 10 -----
Full acc: 0.8610508646853348
F1: 0.556256123213154
Time: 33.448291063308716
========= layer1 =========
---- Epoch 1 -----
Full acc: 0.8732188531943729
F1: 0.6210211975650745
Time: 35.96493887901306
---- Epoch 2 -----
Full acc: 0.8733101175819351
F1: 0.620012929764518
Time: 34.87764644622803
---- Epoch 3 -----
Full acc: 0.8731520452766802
F1: 0.6221144243578575
Time: 34.87981390953064
---- Epoch 4 -----
Full acc: 0.8735976302277195
F1: 0.620439014954792
Time: 34.16299247741699
---- Epoch 5 -----
Full acc: 0.8736032969707381
F1: 0.6232633949432334
Time: 34.73939108848572
---- Epoch 6 -----
Full acc: 0.8735299275611292
F1: 0.6187954019108723
Time: 34.42672824859619
---- Epoch 7 -----
Full acc: 0.8735889809883755
F1: 0.6203106868842325
Time: 34.31361246109009
---- Epoch 8 -----
Full acc: 0.8733059420870793
F1: 0.6231464187029554
Time: 34.847060680389404
---- Epoch 9 -----
Full acc: 0.8736229814464869
F1: 0.6191204886737002
Time: 35.420599699020386
---- Epoch 10 -----
Full acc: 0.8733527672793907
F1: 0.620852510537676
Time: 35.33342528343201
========= layer2 =========
---- Epoch 1 -----
Full acc: 0.867698848995018
F1: 0.590879227879044
Time: 36.39100384712219
---- Epoch 2 -----
Full acc: 0.8676001283666418
F1: 0.5922694824213046
Time: 34.07366967201233
---- Epoch 3 -----
Full acc: 0.8678634827921892
F1: 0.5900150487333385
Time: 35.176819801330566
---- Epoch 4 -----
Full acc: 0.8676809540170647
F1: 0.5903132306648697
Time: 34.69045662879944
---- Epoch 5 -----
Full acc: 0.8678927112561797
F1: 0.5920557295847623
Time: 34.10443115234375
---- Epoch 6 -----
Full acc: 0.8679827826452118
F1: 0.5932049657993534
Time: 34.570828676223755
---- Epoch 7 -----
Full acc: 0.8678214295939988
F1: 0.5916845657898973
Time: 34.43200135231018
---- Epoch 8 -----
Full acc: 0.8678127803546546
F1: 0.5921553359206038
Time: 34.009790658950806
---- Epoch 9 -----
Full acc: 0.8678491668098265
F1: 0.5917123228384552
Time: 34.33355093002319
---- Epoch 10 -----
Full acc: 0.8677215159670923
F1: 0.5920445221186951
Time: 33.88088941574097
========= x =========
---- Epoch 1 -----
Full acc: 0.8223517818626047
F1: 0.1805034110422058
Time: 35.886072874069214
---- Epoch 2 -----
Full acc: 0.8223517818626047
F1: 0.1805034110422058
Time: 34.04883790016174
---- Epoch 3 -----
Full acc: 0.8223517818626047
F1: 0.1805034110422058
Time: 33.730236291885376
---- Epoch 4 -----
Full acc: 0.8223517818626047
F1: 0.1805034110422058
Time: 34.09966564178467
---- Epoch 5 -----
Full acc: 0.8223517818626047
F1: 0.1805034110422058
Time: 33.38131380081177
---- Epoch 6 -----
Full acc: 0.8223517818626047
F1: 0.1805034110422058
Time: 34.0710985660553
---- Epoch 7 -----
Full acc: 0.8223517818626047
F1: 0.1805034110422058
Time: 32.937315225601196
---- Epoch 8 -----
Full acc: 0.8223517818626047
F1: 0.1805034110422058
Time: 32.54127740859985
---- Epoch 9 -----
Full acc: 0.8223517818626047
F1: 0.1805034110422058
Time: 32.31769156455994
---- Epoch 10 -----
Full acc: 0.8223517818626047
F1: 0.1805034110422058
Time: 33.76435208320618
=============== Seed: 1 ================
========= layer0 =========
---- Epoch 1 -----
Full acc: 0.8615507310694993
F1: 0.5611087124289459
Time: 35.96228361129761
---- Epoch 2 -----
Full acc: 0.8613977290079978
F1: 0.557597070997226
Time: 34.3771436214447
---- Epoch 3 -----
Full acc: 0.8612858853957892
F1: 0.5594795856285062
Time: 34.122801780700684
---- Epoch 4 -----
Full acc: 0.8614260627230907
F1: 0.5588569976115237
Time: 33.29967141151428
---- Epoch 5 -----
Full acc: 0.8613544828112771
F1: 0.5599359545482141
Time: 33.674736738204956
---- Epoch 6 -----
Full acc: 0.8612599376777568
F1: 0.5589176577590806
Time: 33.798996448516846
---- Epoch 7 -----
Full acc: 0.8613837112752677
F1: 0.5594305372884728
Time: 34.25029420852661
---- Epoch 8 -----
Full acc: 0.8610768124033671
F1: 0.5580323161235778
Time: 33.669185400009155
---- Epoch 9 -----
Full acc: 0.861187164767413
F1: 0.5565612247852699
Time: 33.340620040893555
---- Epoch 10 -----
Full acc: 0.8614582736834068
F1: 0.5578766567156587
Time: 34.34725522994995
========= layer1 =========
---- Epoch 1 -----
Full acc: 0.8737190178281701
F1: 0.6215459588469938
Time: 36.90895366668701
---- Epoch 2 -----
Full acc: 0.8734666986390273
F1: 0.6210301042805033
Time: 34.19658589363098
---- Epoch 3 -----
Full acc: 0.8735269450648037
F1: 0.620102024322774
Time: 34.528367042541504
---- Epoch 4 -----
Full acc: 0.8735463312909199
F1: 0.6214424905908411
Time: 35.06232833862305
---- Epoch 5 -----
Full acc: 0.8735552787798966
F1: 0.6215115794471803
Time: 33.136412382125854
---- Epoch 6 -----
Full acc: 0.8733608200194697
F1: 0.6228866312545229
Time: 34.707810401916504
---- Epoch 7 -----
Full acc: 0.8734616283952739
F1: 0.6193859115766043
Time: 34.56217551231384
---- Epoch 8 -----
Full acc: 0.8735221730706828
F1: 0.618879455518518
Time: 34.27962779998779
---- Epoch 9 -----
Full acc: 0.8735800334993987
F1: 0.6230170260529687
Time: 34.329516649246216
---- Epoch 10 -----
Full acc: 0.8734950323541202
F1: 0.6194938683033493
Time: 35.1473662853241
========= layer2 =========
---- Epoch 1 -----
Full acc: 0.8677596919200595
F1: 0.5910611579011805
Time: 35.842121601104736
---- Epoch 2 -----
Full acc: 0.8676421815648323
F1: 0.5901577744694961
Time: 34.41993165016174
---- Epoch 3 -----
Full acc: 0.8677364284487201
F1: 0.5910301925093937
Time: 34.032021045684814
---- Epoch 4 -----
Full acc: 0.8679162729771517
F1: 0.5930568132209559
Time: 33.524004220962524
---- Epoch 5 -----
Full acc: 0.8675819351390559
F1: 0.5920073411135872
Time: 33.04170799255371
---- Epoch 6 -----
Full acc: 0.8675011094886331
F1: 0.590134976593305
Time: 32.423877477645874
---- Epoch 7 -----
Full acc: 0.8678831672679379
F1: 0.5920672555986728
Time: 34.51643753051758
---- Epoch 8 -----
Full acc: 0.8677274809597435
F1: 0.5927561027491022
Time: 34.15748739242554
---- Epoch 9 -----
Full acc: 0.8677531304281433
F1: 0.5912434570934529
Time: 33.681004762649536
---- Epoch 10 -----
Full acc: 0.8676472518085858
F1: 0.5926031548220421
Time: 33.888818979263306
========= x =========
---- Epoch 1 -----
Full acc: 0.8223517818626047
F1: 0.1805034110422058
Time: 35.91351866722107
---- Epoch 2 -----
Full acc: 0.8223517818626047
F1: 0.1805034110422058
Time: 33.61830759048462
---- Epoch 3 -----
Full acc: 0.8223517818626047
F1: 0.1805034110422058
Time: 34.08894634246826
---- Epoch 4 -----
Full acc: 0.8223517818626047
F1: 0.1805034110422058
Time: 33.942559480667114
---- Epoch 5 -----
Full acc: 0.8223517818626047
F1: 0.1805034110422058
Time: 34.53304576873779
---- Epoch 6 -----
Full acc: 0.8223517818626047
F1: 0.1805034110422058
Time: 33.62464666366577
---- Epoch 7 -----
Full acc: 0.8223517818626047
F1: 0.1805034110422058
Time: 33.260201930999756
---- Epoch 8 -----
Full acc: 0.8223517818626047
F1: 0.1805034110422058
Time: 33.708619832992554
---- Epoch 9 -----
Full acc: 0.8223517818626047
F1: 0.1805034110422058
Time: 33.4811065196991
---- Epoch 10 -----
Full acc: 0.8223517818626047
F1: 0.1805034110422058
Time: 33.51426458358765
=============== Seed: 2 ================
========= layer0 =========
---- Epoch 1 -----
Full acc: 0.8615772752867968
F1: 0.5607164433493926
Time: 36.616036891937256
---- Epoch 2 -----
Full acc: 0.8612438321975987
F1: 0.5555539440074664
Time: 34.12157368659973
---- Epoch 3 -----
Full acc: 0.8613610443031934
F1: 0.5568792871597397
Time: 34.60147428512573
---- Epoch 4 -----
Full acc: 0.8612697799156311
F1: 0.5578760049745931
Time: 34.703447103500366
---- Epoch 5 -----
Full acc: 0.8611984982534502
F1: 0.5586815304665594
Time: 35.21978831291199
---- Epoch 6 -----
Full acc: 0.8613198858539006
F1: 0.5602624003647594
Time: 34.09249663352966
---- Epoch 7 -----
Full acc: 0.8614042904999141
F1: 0.5591420812497538
Time: 33.63284945487976
---- Epoch 8 -----
Full acc: 0.8612727624119567
F1: 0.5578333526368866
Time: 34.80821347236633
---- Epoch 9 -----
Full acc: 0.8611143918570693
F1: 0.5572744867931687
Time: 35.21027326583862
---- Epoch 10 -----
Full acc: 0.861131392086125
F1: 0.5576364234954341
Time: 34.710161209106445
========= layer1 =========
---- Epoch 1 -----
Full acc: 0.8734010837198649
F1: 0.6193242654214465
Time: 36.1567223072052
---- Epoch 2 -----
Full acc: 0.8731773964954476
F1: 0.6214033397290587
Time: 34.74573588371277
---- Epoch 3 -----
Full acc: 0.8733217493176049
F1: 0.6177779014393531
Time: 34.45954751968384
---- Epoch 4 -----
Full acc: 0.8732528536524843
F1: 0.6192587031509074
Time: 35.28978657722473
---- Epoch 5 -----
Full acc: 0.8731976774704614
F1: 0.622910224226421
Time: 34.83169198036194
---- Epoch 6 -----
Full acc: 0.8735803317490313
F1: 0.619976645857107
Time: 32.62943887710571
---- Epoch 7 -----
Full acc: 0.8734678916375574
F1: 0.6196895938421869
Time: 34.70200204849243
---- Epoch 8 -----
Full acc: 0.873628946439138
F1: 0.6181540229907763
Time: 34.37319302558899
---- Epoch 9 -----
Full acc: 0.8736274551909752
F1: 0.6221878253426982
Time: 34.78969764709473
---- Epoch 10 -----
Full acc: 0.873515313329134
F1: 0.6194774003585257
Time: 34.62487030029297
========= layer2 =========
---- Epoch 1 -----
Full acc: 0.8677933941285384
F1: 0.591128864470484
Time: 36.54412007331848
---- Epoch 2 -----
Full acc: 0.8677045157380366
F1: 0.5907760228312418
Time: 34.40328764915466
---- Epoch 3 -----
Full acc: 0.8676609712916834
F1: 0.5915879104947813
Time: 34.47272229194641
---- Epoch 4 -----
Full acc: 0.867756709423734
F1: 0.5931590530614519
Time: 34.49525308609009
---- Epoch 5 -----
Full acc: 0.8678974832503006
F1: 0.5905485521949438
Time: 32.69400405883789
---- Epoch 6 -----
Full acc: 0.8675762683960373
F1: 0.5923538546698988
Time: 33.07341408729553
---- Epoch 7 -----
Full acc: 0.8678342543281987
F1: 0.590775020140127
Time: 34.305625915527344
---- Epoch 8 -----
Full acc: 0.8678330613296684
F1: 0.5909395495848832
Time: 34.38578939437866
---- Epoch 9 -----
Full acc: 0.867840815820115
F1: 0.5923443826864115
Time: 33.812710762023926
---- Epoch 10 -----
Full acc: 0.86772241071599
F1: 0.5905223691694055
Time: 34.09413003921509
========= x =========
---- Epoch 1 -----
Full acc: 0.8223517818626047
F1: 0.1805034110422058
Time: 36.829532861709595
---- Epoch 2 -----
Full acc: 0.8223517818626047
F1: 0.1805034110422058
Time: 34.560263872146606
---- Epoch 3 -----
Full acc: 0.8223517818626047
F1: 0.1805034110422058
Time: 34.2657527923584
---- Epoch 4 -----
Full acc: 0.8223517818626047
F1: 0.1805034110422058
Time: 33.30954575538635
---- Epoch 5 -----
Full acc: 0.8223517818626047
F1: 0.1805034110422058
Time: 33.0710391998291
---- Epoch 6 -----
Full acc: 0.8223517818626047
F1: 0.1805034110422058
Time: 33.0492684841156
---- Epoch 7 -----
Full acc: 0.8223517818626047
F1: 0.1805034110422058
Time: 33.39070725440979
---- Epoch 8 -----
Full acc: 0.8223517818626047
F1: 0.1805034110422058
Time: 32.8894317150116
---- Epoch 9 -----
Full acc: 0.8223517818626047
F1: 0.1805034110422058
Time: 33.24037551879883
---- Epoch 10 -----
Full acc: 0.8223517818626047
F1: 0.1805034110422058
Time: 33.89655566215515
=============== Seed: 3 ================
========= layer0 =========
---- Epoch 1 -----
Full acc: 0.8611734452843154
F1: 0.5583817561153627
Time: 37.27794075012207
---- Epoch 2 -----
Full acc: 0.8611275148409017
F1: 0.5572003282529259
Time: 35.148606061935425
---- Epoch 3 -----
Full acc: 0.8612056562446315
F1: 0.5563938980348626
Time: 34.25358438491821
---- Epoch 4 -----
Full acc: 0.8613714830403328
F1: 0.559264551498739
Time: 35.02002716064453
---- Epoch 5 -----
Full acc: 0.8615990475099735
F1: 0.5583860818788805
Time: 33.22699785232544
---- Epoch 6 -----
Full acc: 0.8609980745003722
F1: 0.5568163914711647
Time: 33.952834367752075
---- Epoch 7 -----
Full acc: 0.8613759567848213
F1: 0.5587396426225081
Time: 35.10731244087219
---- Epoch 8 -----
Full acc: 0.8614761686613602
F1: 0.5587861947320053
Time: 34.99904251098633
---- Epoch 9 -----
Full acc: 0.8612372707056825
F1: 0.5552810310159406
Time: 34.87665104866028
---- Epoch 10 -----
Full acc: 0.861245025196129
F1: 0.5556900272017855
Time: 34.526002168655396
========= layer1 =========
---- Epoch 1 -----
Full acc: 0.8734535756551948
F1: 0.6211965479511875
Time: 37.039775133132935
---- Epoch 2 -----
Full acc: 0.8734312069327531
F1: 0.619858604165908
Time: 35.43059802055359
---- Epoch 3 -----
Full acc: 0.8734947341044876
F1: 0.622363246834753
Time: 34.819576025009155
---- Epoch 4 -----
Full acc: 0.8734720671324133
F1: 0.6179421915286605
Time: 34.35718870162964
---- Epoch 5 -----
Full acc: 0.8734485054114414
F1: 0.6202592874217006
Time: 35.25764608383179
---- Epoch 6 -----
Full acc: 0.8736829296226307
F1: 0.6211279590248224
Time: 34.58702540397644
---- Epoch 7 -----
Full acc: 0.8737169300807421
F1: 0.6221446048087189
Time: 35.006091594696045
---- Epoch 8 -----
Full acc: 0.8731559225219034
F1: 0.6214003449243688
Time: 34.94352698326111
---- Epoch 9 -----
Full acc: 0.8737727027620302
F1: 0.6213797236409903
Time: 35.68446612358093
---- Epoch 10 -----
Full acc: 0.8736056829677986
F1: 0.6200464586214027
Time: 35.15065932273865
========= layer2 =========
---- Epoch 1 -----
Full acc: 0.8674062661054801
F1: 0.5910617109186077
Time: 35.9341926574707
---- Epoch 2 -----
Full acc: 0.8680764330298345
F1: 0.5917321050671596
Time: 34.13084626197815
---- Epoch 3 -----
Full acc: 0.8678321665807708
F1: 0.5918118320367854
Time: 34.40288472175598
---- Epoch 4 -----
Full acc: 0.8677587971711619
F1: 0.592388199753857
Time: 33.942689418792725
---- Epoch 5 -----
Full acc: 0.867934167955105
F1: 0.591992620383651
Time: 33.683186054229736
---- Epoch 6 -----
Full acc: 0.8676427780640974
F1: 0.5919801697045253
Time: 34.630192041397095
---- Epoch 7 -----
Full acc: 0.8679246239668633
F1: 0.5927525261496853
Time: 34.808186531066895
---- Epoch 8 -----
Full acc: 0.8675998301170093
F1: 0.5906722773598551
Time: 34.361260414123535
---- Epoch 9 -----
Full acc: 0.8677763938994827
F1: 0.5908636457538028
Time: 33.72225284576416
---- Epoch 10 -----
Full acc: 0.8678655705396171
F1: 0.592728630684248
Time: 34.280327558517456
========= x =========
---- Epoch 1 -----
Full acc: 0.8223517818626047
F1: 0.1805034110422058
Time: 36.0104603767395
---- Epoch 2 -----
Full acc: 0.8223517818626047
F1: 0.1805034110422058
Time: 33.50493097305298
---- Epoch 3 -----
Full acc: 0.8223517818626047
F1: 0.1805034110422058
Time: 33.11785173416138
---- Epoch 4 -----
Full acc: 0.8223517818626047
F1: 0.1805034110422058
Time: 32.94220805168152
---- Epoch 5 -----
Full acc: 0.8223517818626047
F1: 0.1805034110422058
Time: 32.87893629074097
---- Epoch 6 -----
Full acc: 0.8223517818626047
F1: 0.1805034110422058
Time: 33.16873025894165
---- Epoch 7 -----
Full acc: 0.8223517818626047
F1: 0.1805034110422058
Time: 33.30169892311096
---- Epoch 8 -----
Full acc: 0.8223517818626047
F1: 0.1805034110422058
Time: 32.21246528625488
---- Epoch 9 -----
Full acc: 0.8223517818626047
F1: 0.1805034110422058
Time: 33.15569090843201
---- Epoch 10 -----
Full acc: 0.8223517818626047
F1: 0.1805034110422058
Time: 34.118064641952515
=============== Seed: 4 ================
========= layer0 =========
---- Epoch 1 -----
Full acc: 0.8609670565385863
F1: 0.5579734012448264
Time: 36.97441387176514
---- Epoch 2 -----
Full acc: 0.861306166370803
F1: 0.558270429401524
Time: 33.982627153396606
---- Epoch 3 -----
Full acc: 0.8613407633281795
F1: 0.5589452593553322
Time: 33.95662546157837
---- Epoch 4 -----
Full acc: 0.8613556758098074
F1: 0.5581863770350386
Time: 34.66955280303955
---- Epoch 5 -----
Full acc: 0.861091724884995
F1: 0.5589213812097601
Time: 34.1028196811676
---- Epoch 6 -----
Full acc: 0.8612271302181755
F1: 0.5593897395610865
Time: 34.473613262176514
---- Epoch 7 -----
Full acc: 0.861245025196129
F1: 0.5587236477312338
Time: 34.51632237434387
---- Epoch 8 -----
Full acc: 0.8609387228234935
F1: 0.5558359348558799
Time: 34.16448783874512
---- Epoch 9 -----
Full acc: 0.8611862700185153
F1: 0.5541734935209606
Time: 33.55027890205383
---- Epoch 10 -----
Full acc: 0.8612327969611941
F1: 0.5584444882524696
Time: 33.219252824783325
========= layer1 =========
---- Epoch 1 -----
Full acc: 0.8732146776995171
F1: 0.6214109647254548
Time: 36.7560293674469
---- Epoch 2 -----
Full acc: 0.8735263485655386
F1: 0.6208054746480702
Time: 34.75054574012756
---- Epoch 3 -----
Full acc: 0.8735299275611292
F1: 0.6210345806153571
Time: 34.39352607727051
---- Epoch 4 -----
Full acc: 0.8735579630265895
F1: 0.6194557001225535
Time: 33.904701948165894
---- Epoch 5 -----
Full acc: 0.8735215765714177
F1: 0.6206320588038612
Time: 34.217230558395386
---- Epoch 6 -----
Full acc: 0.873689491114547
F1: 0.6215001045845463
Time: 34.08545708656311
---- Epoch 7 -----
Full acc: 0.8732361516730611
F1: 0.6202332544116647
Time: 34.196183919906616
---- Epoch 8 -----
Full acc: 0.8734699793849854
F1: 0.6179580017976586
Time: 34.57254910469055
---- Epoch 9 -----
Full acc: 0.8736149287064078
F1: 0.6195594877812584
Time: 34.70436453819275
---- Epoch 10 -----
Full acc: 0.8736987368531562
F1: 0.6212830545072324
Time: 34.2801308631897
========= layer2 =========
---- Epoch 1 -----
Full acc: 0.867788323884785
F1: 0.5918223735866566
Time: 37.216692209243774
---- Epoch 2 -----
Full acc: 0.8675729876500792
F1: 0.5898522126591077
Time: 34.047362327575684
---- Epoch 3 -----
Full acc: 0.8677244984634179
F1: 0.5916902978722908
Time: 35.03250861167908
---- Epoch 4 -----
Full acc: 0.8675914791272977
F1: 0.5919030308054841
Time: 34.69024109840393
---- Epoch 5 -----
Full acc: 0.8677444811887992
F1: 0.5905392606429487
Time: 35.11841154098511
---- Epoch 6 -----
Full acc: 0.8678238155910591
F1: 0.59119867815814
Time: 34.82203674316406
---- Epoch 7 -----
Full acc: 0.8678509563076219
F1: 0.5925244610292622
Time: 35.02282357215881
---- Epoch 8 -----
Full acc: 0.8676770767718415
F1: 0.5908242021653691
Time: 35.54879903793335
---- Epoch 9 -----
Full acc: 0.8677704289068315
F1: 0.5909781318962819
Time: 35.69843316078186
---- Epoch 10 -----
Full acc: 0.8677713236557293
F1: 0.5914099128381246
Time: 35.525755882263184
========= x =========
---- Epoch 1 -----
Full acc: 0.8223517818626047
F1: 0.1805034110422058
Time: 34.71024036407471
---- Epoch 2 -----
Full acc: 0.8223517818626047
F1: 0.1805034110422058
Time: 34.154027223587036
---- Epoch 3 -----
Full acc: 0.8223517818626047
F1: 0.1805034110422058
Time: 33.96908473968506
---- Epoch 4 -----
Full acc: 0.8223517818626047
F1: 0.1805034110422058
Time: 33.96007466316223
---- Epoch 5 -----
Full acc: 0.8223517818626047
F1: 0.1805034110422058
Time: 33.6094765663147
---- Epoch 6 -----
Full acc: 0.8223517818626047
F1: 0.1805034110422058
Time: 33.60745573043823
---- Epoch 7 -----
Full acc: 0.8223517818626047
F1: 0.1805034110422058
Time: 33.10551404953003
---- Epoch 8 -----
Full acc: 0.8223517818626047
F1: 0.1805034110422058
Time: 33.23327589035034
---- Epoch 9 -----
Full acc: 0.8223517818626047
F1: 0.1805034110422058
Time: 33.47706580162048
---- Epoch 10 -----
Full acc: 0.8223517818626047
F1: 0.1805034110422058
Time: 33.555006980895996
