Loading rhel8/default-amp
  Loading requirement: dot rhel8/slurm singularity/current rhel8/global
    cuda/11.4 libpciaccess/0.16/gcc-9.4.0-6fonbj6
    libiconv/1.16/gcc-9.4.0-ahebbov libxml2/2.9.12/gcc-9.4.0-gnknt5e
    ncurses/6.2/gcc-9.4.0-aiirok7 hwloc/2.5.0/gcc-9.4.0-7sqomga
    libevent/2.1.12/gcc-9.4.0-hgny7cm numactl/2.0.14/gcc-9.4.0-52dwc6n
    cuda/11.4.0/gcc-9.4.0-3hnxhjt gdrcopy/2.2/gcc-9.4.0-e4igtfp
    knem/1.1.4/gcc-9.4.0-bpbxgva libnl/3.3.0/gcc-9.4.0-whwhrwb
    rdma-core/34.0/gcc-9.4.0-5eo5n2u ucx/1.11.1/gcc-9.4.0-lktqyl4
    openmpi/4.1.1/gcc-9.4.0-epagguv
Changed directory to /rds/user/tdb47/hpc-work/planning/thinker_private_planning/probing.

JobID: 58688673
======
Time: Sun Aug 11 10:16:33 BST 2024
Running on master node: gpu-q-9
Current directory: /rds/user/tdb47/hpc-work/planning/thinker_private_planning/probing

Nodes allocated:
================
gpu-q-9

numtasks=1, numnodes=1, mpi_tasks_per_node=1 (OMP_NUM_THREADS=1)

Executing command:
==================
python train_conv_probe.py --feature agent_onto_with --num_epochs 10 --weight_decay 0.001 --kernel 1 --model_name 250m 


test
=================================== FEATURE: agent_onto_with =========================================
!!!!
=============== Seed: 0 ================
========= layer0 =========
---- Epoch 1 -----
Full acc: 0.8865073889044158
F1: 0.631689675029945
Time: 28.438770055770874
---- Epoch 2 -----
Full acc: 0.8872318683622136
F1: 0.6346888607666259
Time: 23.335123777389526
---- Epoch 3 -----
Full acc: 0.8871999895192845
F1: 0.6342749264760028
Time: 23.960306406021118
---- Epoch 4 -----
Full acc: 0.8872279380939072
F1: 0.6350833451517189
Time: 23.499454021453857
---- Epoch 5 -----
Full acc: 0.8872611270262717
F1: 0.634623086810506
Time: 23.053467988967896
---- Epoch 6 -----
Full acc: 0.887373358021241
F1: 0.6351683428275319
Time: 23.003628253936768
---- Epoch 7 -----
Full acc: 0.8872257546115148
F1: 0.6346778443465433
Time: 23.152034044265747
---- Epoch 8 -----
Full acc: 0.8873056700670766
F1: 0.6349687651249454
Time: 23.250388383865356
---- Epoch 9 -----
Full acc: 0.8873323085522639
F1: 0.6352303027249117
Time: 22.711462259292603
---- Epoch 10 -----
Full acc: 0.8872301215762997
F1: 0.63462260950408
Time: 23.092084169387817
========= layer1 =========
---- Epoch 1 -----
Full acc: 0.879900607881498
F1: 0.5994044939103723
Time: 24.478981494903564
---- Epoch 2 -----
Full acc: 0.8797879401900504
F1: 0.5990723298439254
Time: 23.643988847732544
---- Epoch 3 -----
Full acc: 0.8797752759921744
F1: 0.5986508102586343
Time: 23.64938974380493
---- Epoch 4 -----
Full acc: 0.880074413079933
F1: 0.6003658086526501
Time: 23.209022521972656
---- Epoch 5 -----
Full acc: 0.8798311731414198
F1: 0.5996259592714227
Time: 22.52866005897522
---- Epoch 6 -----
Full acc: 0.88031939980436
F1: 0.6015835083625312
Time: 23.127227783203125
---- Epoch 7 -----
Full acc: 0.8801290001397428
F1: 0.6004645133291591
Time: 22.78003692626953
---- Epoch 8 -----
Full acc: 0.8797870667970934
F1: 0.5993543121612172
Time: 22.140861988067627
---- Epoch 9 -----
Full acc: 0.8803150328395751
F1: 0.6015107093846689
Time: 23.293371438980103
---- Epoch 10 -----
Full acc: 0.8798918739519285
F1: 0.5996424275265194
Time: 23.5697021484375
========= layer2 =========
---- Epoch 1 -----
Full acc: 0.9161184670206819
F1: 0.7343279784369682
Time: 24.59245800971985
---- Epoch 2 -----
Full acc: 0.9163883454443823
F1: 0.7352067341247556
Time: 23.538522005081177
---- Epoch 3 -----
Full acc: 0.916288778647289
F1: 0.7352293037786924
Time: 23.776884078979492
---- Epoch 4 -----
Full acc: 0.916459963666853
F1: 0.735660028380974
Time: 23.930590867996216
---- Epoch 5 -----
Full acc: 0.9163224042761319
F1: 0.7353383445606656
Time: 23.510260105133057
---- Epoch 6 -----
Full acc: 0.9160608230855226
F1: 0.7345125934682897
Time: 23.339526176452637
---- Epoch 7 -----
Full acc: 0.916064753353829
F1: 0.7347704913950637
Time: 23.572412729263306
---- Epoch 8 -----
Full acc: 0.9165590937674679
F1: 0.735709988257655
Time: 23.632850646972656
---- Epoch 9 -----
Full acc: 0.9162145402459475
F1: 0.7350831786121356
Time: 23.78275418281555
---- Epoch 10 -----
Full acc: 0.9162835382895472
F1: 0.7352914769057582
Time: 23.58712935447693
========= x =========
---- Epoch 1 -----
Full acc: 0.8078103165176076
F1: 0.2326394677472091
Time: 24.434072494506836
---- Epoch 2 -----
Full acc: 0.8078103165176076
F1: 0.2326394677472091
Time: 23.295000791549683
---- Epoch 3 -----
Full acc: 0.8077762541922862
F1: 0.24534557771147175
Time: 23.40819215774536
---- Epoch 4 -----
Full acc: 0.8077334579373951
F1: 0.24588479087925103
Time: 23.051408529281616
---- Epoch 5 -----
Full acc: 0.8078103165176076
F1: 0.2326394677472091
Time: 23.213939905166626
---- Epoch 6 -----
Full acc: 0.8076395681945221
F1: 0.24565778504749264
Time: 22.598039865493774
---- Epoch 7 -----
Full acc: 0.807288900922303
F1: 0.2442703900355121
Time: 22.80859398841858
---- Epoch 8 -----
Full acc: 0.8078103165176076
F1: 0.2326394677472091
Time: 23.124311923980713
---- Epoch 9 -----
Full acc: 0.8077334579373951
F1: 0.24588479087925103
Time: 22.94847321510315
---- Epoch 10 -----
Full acc: 0.8078103165176076
F1: 0.2326394677472091
Time: 23.45156693458557
=============== Seed: 1 ================
========= layer0 =========
---- Epoch 1 -----
Full acc: 0.8865121925656791
F1: 0.6316516318453607
Time: 24.73438048362732
---- Epoch 2 -----
Full acc: 0.887231431665735
F1: 0.6343870142979511
Time: 23.188403606414795
---- Epoch 3 -----
Full acc: 0.8870209439631079
F1: 0.6339515697998601
Time: 22.748805284500122
---- Epoch 4 -----
Full acc: 0.8871218208496366
F1: 0.6343499132502043
Time: 22.930843353271484
---- Epoch 5 -----
Full acc: 0.8872807783678033
F1: 0.6349350216657944
Time: 23.4285249710083
---- Epoch 6 -----
Full acc: 0.8874336221352711
F1: 0.6353943084178708
Time: 23.219287872314453
---- Epoch 7 -----
Full acc: 0.8872938792621576
F1: 0.63495966891178
Time: 23.37968373298645
---- Epoch 8 -----
Full acc: 0.8870873218278368
F1: 0.6340769653507697
Time: 23.357141494750977
---- Epoch 9 -----
Full acc: 0.8873261948015652
F1: 0.6350677872280908
Time: 23.432986736297607
---- Epoch 10 -----
Full acc: 0.8871799014812745
F1: 0.6344705136439183
Time: 23.66049551963806
========= layer1 =========
---- Epoch 1 -----
Full acc: 0.8795822561486865
F1: 0.5980707663921218
Time: 24.608810901641846
---- Epoch 2 -----
Full acc: 0.8798224392118502
F1: 0.5994025872861533
Time: 24.538626432418823
---- Epoch 3 -----
Full acc: 0.8801041084404695
F1: 0.6001899627166379
Time: 24.127111196517944
---- Epoch 4 -----
Full acc: 0.8799617453884852
F1: 0.5994835500495077
Time: 23.680060863494873
---- Epoch 5 -----
Full acc: 0.8795529974846282
F1: 0.5978173443802179
Time: 23.644243001937866
---- Epoch 6 -----
Full acc: 0.8797525677752934
F1: 0.5986257738439809
Time: 23.68997573852539
---- Epoch 7 -----
Full acc: 0.8794927333705981
F1: 0.5975534466691439
Time: 23.71506094932556
---- Epoch 8 -----
Full acc: 0.8800547617384014
F1: 0.6001961148141912
Time: 23.856232166290283
---- Epoch 9 -----
Full acc: 0.8796167551704863
F1: 0.5984563928340869
Time: 24.283623695373535
---- Epoch 10 -----
Full acc: 0.880042534237004
F1: 0.6002223846497189
Time: 24.08027219772339
========= layer2 =========
---- Epoch 1 -----
Full acc: 0.9152599217439911
F1: 0.7319927588132671
Time: 24.71971821784973
---- Epoch 2 -----
Full acc: 0.9162621401621017
F1: 0.7348896621762587
Time: 23.177905797958374
---- Epoch 3 -----
Full acc: 0.9165241580491895
F1: 0.735694964357776
Time: 23.037965297698975
---- Epoch 4 -----
Full acc: 0.9164403123253214
F1: 0.735500952192359
Time: 23.25249719619751
---- Epoch 5 -----
Full acc: 0.9163761179429849
F1: 0.7354794801089861
Time: 22.7532856464386
---- Epoch 6 -----
Full acc: 0.9162101732811626
F1: 0.7348140945994215
Time: 23.28705143928528
---- Epoch 7 -----
Full acc: 0.9165176076020123
F1: 0.7356042204650812
Time: 23.595216035842896
---- Epoch 8 -----
Full acc: 0.9162062430128564
F1: 0.734978620047458
Time: 23.71915888786316
---- Epoch 9 -----
Full acc: 0.9163472959754052
F1: 0.7353310671558425
Time: 23.5898756980896
---- Epoch 10 -----
Full acc: 0.9163988261598659
F1: 0.7354604704283267
Time: 23.826809883117676
========= x =========
---- Epoch 1 -----
Full acc: 0.807288900922303
F1: 0.2442703900355121
Time: 24.66500973701477
---- Epoch 2 -----
Full acc: 0.8077675202627166
F1: 0.23232436699227255
Time: 23.573934316635132
---- Epoch 3 -----
Full acc: 0.807246104667412
F1: 0.24267710756527938
Time: 23.0837881565094
---- Epoch 4 -----
Full acc: 0.8078103165176076
F1: 0.2326394677472091
Time: 22.806032419204712
---- Epoch 5 -----
Full acc: 0.807288900922303
F1: 0.2442703900355121
Time: 21.873961210250854
---- Epoch 6 -----
Full acc: 0.807246104667412
F1: 0.24267710756527938
Time: 22.846843719482422
---- Epoch 7 -----
Full acc: 0.8077675202627166
F1: 0.23232436699227255
Time: 22.56171154975891
---- Epoch 8 -----
Full acc: 0.8078103165176076
F1: 0.2326394677472091
Time: 22.640000104904175
---- Epoch 9 -----
Full acc: 0.807288900922303
F1: 0.2442703900355121
Time: 22.90597367286682
---- Epoch 10 -----
Full acc: 0.807288900922303
F1: 0.2442703900355121
Time: 22.675204277038574
=============== Seed: 2 ================
========= layer0 =========
---- Epoch 1 -----
Full acc: 0.8864886109558413
F1: 0.6315253558420874
Time: 25.09341311454773
---- Epoch 2 -----
Full acc: 0.8872349252375629
F1: 0.6347638048576361
Time: 24.769315004348755
---- Epoch 3 -----
Full acc: 0.887286018725545
F1: 0.6347952854022558
Time: 23.231911659240723
---- Epoch 4 -----
Full acc: 0.8873244480156512
F1: 0.6351666537349699
Time: 23.829209566116333
---- Epoch 5 -----
Full acc: 0.8869860082448295
F1: 0.6337197845606521
Time: 23.135074853897095
---- Epoch 6 -----
Full acc: 0.8870528228060369
F1: 0.6341360131628376
Time: 22.76538848876953
---- Epoch 7 -----
Full acc: 0.8872825251537172
F1: 0.6348617658274381
Time: 22.731953859329224
---- Epoch 8 -----
Full acc: 0.887233178451649
F1: 0.6343184961445704
Time: 23.12793517112732
---- Epoch 9 -----
Full acc: 0.8872716077417552
F1: 0.6346162229916575
Time: 22.69617772102356
---- Epoch 10 -----
Full acc: 0.8870689805757407
F1: 0.6340962539822279
Time: 22.61717391014099
========= layer1 =========
---- Epoch 1 -----
Full acc: 0.8800918809390721
F1: 0.6000815073511357
Time: 24.369927883148193
---- Epoch 2 -----
Full acc: 0.8801272533538289
F1: 0.6003156406025629
Time: 23.02997350692749
---- Epoch 3 -----
Full acc: 0.8795966671324762
F1: 0.598252284958268
Time: 23.500004768371582
---- Epoch 4 -----
Full acc: 0.8798857602012298
F1: 0.5991591186509859
Time: 23.994762182235718
---- Epoch 5 -----
Full acc: 0.8803560823085522
F1: 0.60142021164105
Time: 23.317615270614624
---- Epoch 6 -----
Full acc: 0.879795800726663
F1: 0.599093038997876
Time: 24.246639013290405
---- Epoch 7 -----
Full acc: 0.8799556316377865
F1: 0.5997877024022928
Time: 23.688095569610596
---- Epoch 8 -----
Full acc: 0.879934233510341
F1: 0.5997524385373828
Time: 23.70681381225586
---- Epoch 9 -----
Full acc: 0.8800294333426495
F1: 0.5999417516043541
Time: 23.126341819763184
---- Epoch 10 -----
Full acc: 0.8800001746785914
F1: 0.6000487811290135
Time: 24.17056679725647
========= layer2 =========
---- Epoch 1 -----
Full acc: 0.9158852711011738
F1: 0.7339617519026467
Time: 25.457013845443726
---- Epoch 2 -----
Full acc: 0.9163927124091671
F1: 0.735378443019346
Time: 23.00554871559143
---- Epoch 3 -----
Full acc: 0.9163438024035774
F1: 0.7351800066811803
Time: 23.057178258895874
---- Epoch 4 -----
Full acc: 0.9164079967859139
F1: 0.735500798993009
Time: 23.318793058395386
---- Epoch 5 -----
Full acc: 0.9164119270542203
F1: 0.7354915290716477
Time: 23.536048412322998
---- Epoch 6 -----
Full acc: 0.9163905289267748
F1: 0.7350950240051372
Time: 23.519142389297485
---- Epoch 7 -----
Full acc: 0.9163302648127446
F1: 0.735123026891489
Time: 22.99123787879944
---- Epoch 8 -----
Full acc: 0.916214103549469
F1: 0.7349541987578124
Time: 23.462132453918457
---- Epoch 9 -----
Full acc: 0.916192268725545
F1: 0.7347082010210253
Time: 23.545727968215942
---- Epoch 10 -----
Full acc: 0.9163123602571269
F1: 0.7353081518681207
Time: 23.040162324905396
========= x =========
---- Epoch 1 -----
Full acc: 0.8077675202627166
F1: 0.23232436699227255
Time: 24.456153631210327
---- Epoch 2 -----
Full acc: 0.807246104667412
F1: 0.24267710756527938
Time: 22.960620641708374
---- Epoch 3 -----
Full acc: 0.8072120423420905
F1: 0.24258892491021133
Time: 23.15017056465149
---- Epoch 4 -----
Full acc: 0.8077762541922862
F1: 0.24534557771147175
Time: 23.053389310836792
---- Epoch 5 -----
Full acc: 0.8078103165176076
F1: 0.2326394677472091
Time: 23.025800228118896
---- Epoch 6 -----
Full acc: 0.8077675202627166
F1: 0.23232436699227255
Time: 23.267666339874268
---- Epoch 7 -----
Full acc: 0.8076395681945221
F1: 0.24565778504749264
Time: 22.975785732269287
---- Epoch 8 -----
Full acc: 0.8077675202627166
F1: 0.23232436699227255
Time: 23.217280387878418
---- Epoch 9 -----
Full acc: 0.8072120423420905
F1: 0.24258892491021133
Time: 23.02001953125
---- Epoch 10 -----
Full acc: 0.807246104667412
F1: 0.24267710756527938
Time: 23.505640029907227
=============== Seed: 3 ================
========= layer0 =========
---- Epoch 1 -----
Full acc: 0.8862894773616545
F1: 0.6306039075300317
Time: 25.10768151283264
---- Epoch 2 -----
Full acc: 0.8871930023756288
F1: 0.6346868328049702
Time: 23.65045475959778
---- Epoch 3 -----
Full acc: 0.8871978060368921
F1: 0.6345065183077334
Time: 23.504608154296875
---- Epoch 4 -----
Full acc: 0.8872344885410844
F1: 0.6343896072586674
Time: 23.48245930671692
---- Epoch 5 -----
Full acc: 0.8871833950531023
F1: 0.6344782824222375
Time: 23.4218590259552
---- Epoch 6 -----
Full acc: 0.8870737842370039
F1: 0.6339905706576788
Time: 23.482131481170654
---- Epoch 7 -----
Full acc: 0.8871012961151481
F1: 0.63421705698536
Time: 23.289045572280884
---- Epoch 8 -----
Full acc: 0.8871536996925656
F1: 0.6345171969054929
Time: 23.883495569229126
---- Epoch 9 -----
Full acc: 0.8870624301285635
F1: 0.6339466107192336
Time: 23.261106491088867
---- Epoch 10 -----
Full acc: 0.8872244445220794
F1: 0.6345346343407267
Time: 23.550476789474487
========= layer1 =========
---- Epoch 1 -----
Full acc: 0.879943404136389
F1: 0.5992930663146612
Time: 25.18250298500061
---- Epoch 2 -----
Full acc: 0.880253895332588
F1: 0.6010005882957694
Time: 23.607569217681885
---- Epoch 3 -----
Full acc: 0.8800495213806596
F1: 0.6001484911123521
Time: 23.367313861846924
---- Epoch 4 -----
Full acc: 0.8799573784237004
F1: 0.600005176883137
Time: 23.723105907440186
---- Epoch 5 -----
Full acc: 0.8797045311626607
F1: 0.5984152251032216
Time: 23.529027223587036
---- Epoch 6 -----
Full acc: 0.8799294298490777
F1: 0.6001162008789629
Time: 24.07964515686035
---- Epoch 7 -----
Full acc: 0.8799565050307434
F1: 0.5996249997999831
Time: 23.822755575180054
---- Epoch 8 -----
Full acc: 0.8798036612632756
F1: 0.5989806383507548
Time: 25.218458652496338
---- Epoch 9 -----
Full acc: 0.8800246296813863
F1: 0.5999621723267411
Time: 23.651601314544678
---- Epoch 10 -----
Full acc: 0.8798110851034098
F1: 0.5990887941189089
Time: 23.47656774520874
========= layer2 =========
---- Epoch 1 -----
Full acc: 0.9155280533817776
F1: 0.7323402482167698
Time: 24.61328935623169
---- Epoch 2 -----
Full acc: 0.9163656372275014
F1: 0.7353093888800493
Time: 23.44502854347229
---- Epoch 3 -----
Full acc: 0.9163272079373952
F1: 0.7352026866202876
Time: 23.544209957122803
---- Epoch 4 -----
Full acc: 0.9163215308831749
F1: 0.7352676693221614
Time: 23.374172687530518
---- Epoch 5 -----
Full acc: 0.9162665071268865
F1: 0.7349036958976679
Time: 23.495887279510498
---- Epoch 6 -----
Full acc: 0.9162101732811626
F1: 0.7349534439720511
Time: 23.732590675354004
---- Epoch 7 -----
Full acc: 0.916096632196758
F1: 0.7347234588505274
Time: 23.2041277885437
---- Epoch 8 -----
Full acc: 0.9162407420346562
F1: 0.7349033135372595
Time: 23.817168712615967
---- Epoch 9 -----
Full acc: 0.9161682504192287
F1: 0.734890695077743
Time: 23.43605613708496
---- Epoch 10 -----
Full acc: 0.9164922792062605
F1: 0.7356509681973652
Time: 23.562002658843994
========= x =========
---- Epoch 1 -----
Full acc: 0.8078103165176076
F1: 0.2326394677472091
Time: 25.13604998588562
---- Epoch 2 -----
Full acc: 0.8077675202627166
F1: 0.23232436699227255
Time: 23.907504081726074
---- Epoch 3 -----
Full acc: 0.8077675202627166
F1: 0.23232436699227255
Time: 23.893125772476196
---- Epoch 4 -----
Full acc: 0.807246104667412
F1: 0.24267710756527938
Time: 23.18452477455139
---- Epoch 5 -----
Full acc: 0.8078103165176076
F1: 0.2326394677472091
Time: 22.52212142944336
---- Epoch 6 -----
Full acc: 0.8077334579373951
F1: 0.24588479087925103
Time: 22.902369022369385
---- Epoch 7 -----
Full acc: 0.8078103165176076
F1: 0.2326394677472091
Time: 22.457420110702515
---- Epoch 8 -----
Full acc: 0.8077675202627166
F1: 0.23232436699227255
Time: 22.991986513137817
---- Epoch 9 -----
Full acc: 0.8077675202627166
F1: 0.23232436699227255
Time: 22.923300743103027
---- Epoch 10 -----
Full acc: 0.8077675202627166
F1: 0.23232436699227255
Time: 22.995370149612427
=============== Seed: 4 ================
========= layer0 =========
---- Epoch 1 -----
Full acc: 0.8862973378982671
F1: 0.63091005604593
Time: 24.517568588256836
---- Epoch 2 -----
Full acc: 0.8872148371995529
F1: 0.6343419429867083
Time: 23.449859857559204
---- Epoch 3 -----
Full acc: 0.88725588666853
F1: 0.6343830149944276
Time: 23.753660440444946
---- Epoch 4 -----
Full acc: 0.88725588666853
F1: 0.6345472941653061
Time: 24.07392430305481
---- Epoch 5 -----
Full acc: 0.8873410424818334
F1: 0.6351546918646627
Time: 23.449082612991333
---- Epoch 6 -----
Full acc: 0.8872467160424818
F1: 0.6346473811823719
Time: 23.27854633331299
---- Epoch 7 -----
Full acc: 0.8873139673001676
F1: 0.6354424813700936
Time: 23.72623348236084
---- Epoch 8 -----
Full acc: 0.8872109069312465
F1: 0.6346149557042289
Time: 22.906414031982422
---- Epoch 9 -----
Full acc: 0.8870676704863052
F1: 0.6339438483795925
Time: 23.425519704818726
---- Epoch 10 -----
Full acc: 0.8872436591671324
F1: 0.6343836079351864
Time: 23.25873374938965
========= layer1 =========
---- Epoch 1 -----
Full acc: 0.8798289896590273
F1: 0.5990673470667253
Time: 25.48894190788269
---- Epoch 2 -----
Full acc: 0.8802578256008944
F1: 0.6012592644669741
Time: 23.867241621017456
---- Epoch 3 -----
Full acc: 0.879943404136389
F1: 0.5995607600574235
Time: 24.041474103927612
---- Epoch 4 -----
Full acc: 0.8799115252934601
F1: 0.5993166475230536
Time: 23.86796808242798
---- Epoch 5 -----
Full acc: 0.8801940679150363
F1: 0.600677164151951
Time: 23.95674777030945
---- Epoch 6 -----
Full acc: 0.8799307399385131
F1: 0.6001126023808153
Time: 24.035566568374634
---- Epoch 7 -----
Full acc: 0.8801368606763555
F1: 0.6010856621551686
Time: 23.611175060272217
---- Epoch 8 -----
Full acc: 0.88011546254891
F1: 0.6005498496708409
Time: 23.858274698257446
---- Epoch 9 -----
Full acc: 0.8798992977920626
F1: 0.5999452772500893
Time: 23.993476629257202
---- Epoch 10 -----
Full acc: 0.8801207029066518
F1: 0.6005174689299266
Time: 23.380537271499634
========= layer2 =========
---- Epoch 1 -----
Full acc: 0.9157459649245389
F1: 0.7332642977464082
Time: 25.337442874908447
---- Epoch 2 -----
Full acc: 0.9164390022358859
F1: 0.7350932910262503
Time: 24.194211721420288
---- Epoch 3 -----
Full acc: 0.9163656372275014
F1: 0.735289102527603
Time: 23.60502791404724
---- Epoch 4 -----
Full acc: 0.9162796080212409
F1: 0.735207423965585
Time: 24.22971510887146
---- Epoch 5 -----
Full acc: 0.9163931491056456
F1: 0.7353956418636097
Time: 24.483896255493164
---- Epoch 6 -----
Full acc: 0.9159931351313583
F1: 0.7345543008309815
Time: 23.945214986801147
---- Epoch 7 -----
Full acc: 0.9160905184460593
F1: 0.734880139960954
Time: 24.124765634536743
---- Epoch 8 -----
Full acc: 0.9163376886528787
F1: 0.7352470646347731
Time: 23.613343477249146
---- Epoch 9 -----
Full acc: 0.9161957622973729
F1: 0.7349645093633141
Time: 23.901184797286987
---- Epoch 10 -----
Full acc: 0.9162263310508664
F1: 0.7349539906536913
Time: 23.93213939666748
========= x =========
---- Epoch 1 -----
Full acc: 0.8077334579373951
F1: 0.24588479087925103
Time: 24.6269474029541
---- Epoch 2 -----
Full acc: 0.8077675202627166
F1: 0.23232436699227255
Time: 22.822815418243408
---- Epoch 3 -----
Full acc: 0.8077762541922862
F1: 0.24534557771147175
Time: 22.74837851524353
---- Epoch 4 -----
Full acc: 0.8072548385969815
F1: 0.24332789345772823
Time: 22.501455068588257
---- Epoch 5 -----
Full acc: 0.8077675202627166
F1: 0.23232436699227255
Time: 23.302385568618774
---- Epoch 6 -----
Full acc: 0.8078103165176076
F1: 0.2326394677472091
Time: 23.145236253738403
---- Epoch 7 -----
Full acc: 0.8078103165176076
F1: 0.2326394677472091
Time: 23.121449947357178
---- Epoch 8 -----
Full acc: 0.8078103165176076
F1: 0.2326394677472091
Time: 23.139147996902466
---- Epoch 9 -----
Full acc: 0.8077675202627166
F1: 0.23232436699227255
Time: 22.811212062835693
---- Epoch 10 -----
Full acc: 0.8072120423420905
F1: 0.24258892491021133
Time: 22.545887231826782
