Loading rhel8/default-amp
  Loading requirement: dot rhel8/slurm singularity/current rhel8/global
    cuda/11.4 libpciaccess/0.16/gcc-9.4.0-6fonbj6
    libiconv/1.16/gcc-9.4.0-ahebbov libxml2/2.9.12/gcc-9.4.0-gnknt5e
    ncurses/6.2/gcc-9.4.0-aiirok7 hwloc/2.5.0/gcc-9.4.0-7sqomga
    libevent/2.1.12/gcc-9.4.0-hgny7cm numactl/2.0.14/gcc-9.4.0-52dwc6n
    cuda/11.4.0/gcc-9.4.0-3hnxhjt gdrcopy/2.2/gcc-9.4.0-e4igtfp
    knem/1.1.4/gcc-9.4.0-bpbxgva libnl/3.3.0/gcc-9.4.0-whwhrwb
    rdma-core/34.0/gcc-9.4.0-5eo5n2u ucx/1.11.1/gcc-9.4.0-lktqyl4
    openmpi/4.1.1/gcc-9.4.0-epagguv
Changed directory to /rds/user/tdb47/hpc-work/planning/thinker_private_planning/probing.

JobID: 58638932
======
Time: Sat Aug 10 09:20:27 BST 2024
Running on master node: gpu-q-9
Current directory: /rds/user/tdb47/hpc-work/planning/thinker_private_planning/probing

Nodes allocated:
================
gpu-q-9

numtasks=1, numnodes=1, mpi_tasks_per_node=1 (OMP_NUM_THREADS=1)

Executing command:
==================
python train_conv_probe.py --feature tracked_box_next_push_from --num_epochs 10 --weight_decay 0.001 --kernel 1 --model_name 250m 


test
=================================== FEATURE: tracked_box_next_push_from =========================================
=============== Seed: 0 ================
========= layer0 =========
---- Epoch 1 -----
Full acc: 0.9778451946895266
F1: 0.8932783636462667
Time: 29.872329711914062
---- Epoch 2 -----
Full acc: 0.9777112499652092
F1: 0.8928428060080955
Time: 24.302282571792603
---- Epoch 3 -----
Full acc: 0.9777534338556598
F1: 0.8935603546392954
Time: 24.15482187271118
---- Epoch 4 -----
Full acc: 0.977803010799076
F1: 0.8933555365653383
Time: 24.385368585586548
---- Epoch 5 -----
Full acc: 0.9776634125636672
F1: 0.8925035893529119
Time: 24.148327827453613
---- Epoch 6 -----
Full acc: 0.977696463859278
F1: 0.8929427285555639
Time: 24.279144763946533
---- Epoch 7 -----
Full acc: 0.977762131565031
F1: 0.8934156798906122
Time: 24.077564477920532
---- Epoch 8 -----
Full acc: 0.9777769176709622
F1: 0.8938291201702026
Time: 24.320982933044434
---- Epoch 9 -----
Full acc: 0.9777060313395864
F1: 0.8927154313649985
Time: 23.664475917816162
---- Epoch 10 -----
Full acc: 0.9776247077569651
F1: 0.8923297137009607
Time: 23.67346453666687
========= layer1 =========
---- Epoch 1 -----
Full acc: 0.9860714882128643
F1: 0.9338341018394566
Time: 26.028664112091064
---- Epoch 2 -----
Full acc: 0.9861123674469092
F1: 0.9339679992721468
Time: 24.335562705993652
---- Epoch 3 -----
Full acc: 0.9861762956107879
F1: 0.9343597770623693
Time: 24.642525672912598
---- Epoch 4 -----
Full acc: 0.98629067048902
F1: 0.935026175852261
Time: 24.74234175682068
---- Epoch 5 -----
Full acc: 0.986100625539258
F1: 0.9337912833441399
Time: 24.331412315368652
---- Epoch 6 -----
Full acc: 0.9861271535528403
F1: 0.9340922708208508
Time: 24.377731323242188
---- Epoch 7 -----
Full acc: 0.9861362861476801
F1: 0.9340504980502085
Time: 24.577038764953613
---- Epoch 8 -----
Full acc: 0.9860901882880124
F1: 0.933734702629687
Time: 24.041820764541626
---- Epoch 9 -----
Full acc: 0.9861862979765649
F1: 0.9343859997025432
Time: 24.27377963066101
---- Epoch 10 -----
Full acc: 0.9861380256895544
F1: 0.9341013072233237
Time: 24.78233814239502
========= layer2 =========
---- Epoch 1 -----
Full acc: 0.980437112082162
F1: 0.9049823838049291
Time: 25.2557430267334
---- Epoch 2 -----
Full acc: 0.9836161248573576
F1: 0.9212677739975089
Time: 25.044044256210327
---- Epoch 3 -----
Full acc: 0.9837418067577722
F1: 0.9220299533451934
Time: 24.80426597595215
---- Epoch 4 -----
Full acc: 0.9837309346210582
F1: 0.9219203299340883
Time: 24.473545789718628
---- Epoch 5 -----
Full acc: 0.9836422179854714
F1: 0.9213695010494101
Time: 24.555654287338257
---- Epoch 6 -----
Full acc: 0.9835926410420551
F1: 0.9212105770957677
Time: 24.266401290893555
---- Epoch 7 -----
Full acc: 0.9836426528709399
F1: 0.9214518860694201
Time: 24.372634887695312
---- Epoch 8 -----
Full acc: 0.9836887507306076
F1: 0.9217836668898023
Time: 24.05609917640686
---- Epoch 9 -----
Full acc: 0.9836378691307858
F1: 0.9213173447322522
Time: 24.275813102722168
---- Epoch 10 -----
Full acc: 0.9836422179854714
F1: 0.9213908638352832
Time: 24.3534893989563
========= x =========
---- Epoch 1 -----
Full acc: 0.9291080151131398
F1: 0.5044097930543859
Time: 25.81786012649536
---- Epoch 2 -----
Full acc: 0.9291080151131398
F1: 0.5044097930543859
Time: 23.825403213500977
---- Epoch 3 -----
Full acc: 0.9291080151131398
F1: 0.5044097930543859
Time: 23.6045241355896
---- Epoch 4 -----
Full acc: 0.9291080151131398
F1: 0.5044097930543859
Time: 23.7299644947052
---- Epoch 5 -----
Full acc: 0.9291080151131398
F1: 0.5044097930543859
Time: 22.945597648620605
---- Epoch 6 -----
Full acc: 0.9291080151131398
F1: 0.5044097930543859
Time: 24.109739542007446
---- Epoch 7 -----
Full acc: 0.9291080151131398
F1: 0.5044097930543859
Time: 24.002344369888306
---- Epoch 8 -----
Full acc: 0.9291080151131398
F1: 0.5044097930543859
Time: 23.861498594284058
---- Epoch 9 -----
Full acc: 0.9291080151131398
F1: 0.5044097930543859
Time: 24.062990188598633
---- Epoch 10 -----
Full acc: 0.9291080151131398
F1: 0.5044097930543859
Time: 24.388806581497192
=============== Seed: 1 ================
========= layer0 =========
---- Epoch 1 -----
Full acc: 0.9777038569122436
F1: 0.8925333651945526
Time: 26.309569597244263
---- Epoch 2 -----
Full acc: 0.9776338403518049
F1: 0.8925241261707828
Time: 24.89122438430786
---- Epoch 3 -----
Full acc: 0.9778891181218514
F1: 0.8942108625134465
Time: 22.767099142074585
---- Epoch 4 -----
Full acc: 0.9777877898076762
F1: 0.8932433731716392
Time: 24.438960313796997
---- Epoch 5 -----
Full acc: 0.9777016824849007
F1: 0.8928183216829995
Time: 24.90057682991028
---- Epoch 6 -----
Full acc: 0.9776403636338334
F1: 0.8923171653747798
Time: 24.283979177474976
---- Epoch 7 -----
Full acc: 0.9776177495894681
F1: 0.89241555477051
Time: 24.77870202064514
---- Epoch 8 -----
Full acc: 0.9777473454590999
F1: 0.8931059623262703
Time: 24.300244331359863
---- Epoch 9 -----
Full acc: 0.9776977685156837
F1: 0.8931129855540063
Time: 24.671682834625244
---- Epoch 10 -----
Full acc: 0.9776821126388154
F1: 0.8923432580015146
Time: 24.1792893409729
========= layer1 =========
---- Epoch 1 -----
Full acc: 0.9860880138606697
F1: 0.9338330499675267
Time: 25.281187057495117
---- Epoch 2 -----
Full acc: 0.9861854282056277
F1: 0.9343910841601745
Time: 24.4992196559906
---- Epoch 3 -----
Full acc: 0.9860897534025439
F1: 0.9337901055682053
Time: 24.163421630859375
---- Epoch 4 -----
Full acc: 0.9861806444654736
F1: 0.93437392222018
Time: 24.137818574905396
---- Epoch 5 -----
Full acc: 0.9862354400345125
F1: 0.9347467987770308
Time: 23.918306827545166
---- Epoch 6 -----
Full acc: 0.9862176097303015
F1: 0.9346038925664857
Time: 24.519044160842896
---- Epoch 7 -----
Full acc: 0.9861023650811322
F1: 0.9338045061075011
Time: 23.113325834274292
---- Epoch 8 -----
Full acc: 0.9862406586601352
F1: 0.9347978856041793
Time: 24.352065563201904
---- Epoch 9 -----
Full acc: 0.9862463121712266
F1: 0.9347713097713097
Time: 23.678911447525024
---- Epoch 10 -----
Full acc: 0.9861428094297086
F1: 0.9341032046721705
Time: 22.758705377578735
========= layer2 =========
---- Epoch 1 -----
Full acc: 0.9794568802360211
F1: 0.9001960668317459
Time: 25.74092173576355
---- Epoch 2 -----
Full acc: 0.9836261272231345
F1: 0.9214178227575455
Time: 23.9421865940094
---- Epoch 3 -----
Full acc: 0.9837135392023156
F1: 0.9218508718479503
Time: 24.063158750534058
---- Epoch 4 -----
Full acc: 0.9836491761529683
F1: 0.9214633657244554
Time: 24.245137453079224
---- Epoch 5 -----
Full acc: 0.9835922061565866
F1: 0.920966028945676
Time: 24.070059061050415
---- Epoch 6 -----
Full acc: 0.9836143853154833
F1: 0.9213218957250965
Time: 24.640034437179565
---- Epoch 7 -----
Full acc: 0.9836887507306076
F1: 0.9217340497678543
Time: 24.441243648529053
---- Epoch 8 -----
Full acc: 0.9836174295137633
F1: 0.9212547894922772
Time: 24.243877410888672
---- Epoch 9 -----
Full acc: 0.9836287365359458
F1: 0.9212910402043987
Time: 23.703264474868774
---- Epoch 10 -----
Full acc: 0.9836748343956135
F1: 0.9216535424854062
Time: 24.519291400909424
========= x =========
---- Epoch 1 -----
Full acc: 0.9291080151131398
F1: 0.5044097930543859
Time: 25.37862467765808
---- Epoch 2 -----
Full acc: 0.9291080151131398
F1: 0.5044097930543859
Time: 24.66858458518982
---- Epoch 3 -----
Full acc: 0.9291080151131398
F1: 0.5044097930543859
Time: 24.65488362312317
---- Epoch 4 -----
Full acc: 0.9291080151131398
F1: 0.5044097930543859
Time: 23.886451721191406
---- Epoch 5 -----
Full acc: 0.9291080151131398
F1: 0.5044097930543859
Time: 24.865681409835815
---- Epoch 6 -----
Full acc: 0.9291080151131398
F1: 0.5044097930543859
Time: 23.759474992752075
---- Epoch 7 -----
Full acc: 0.9291080151131398
F1: 0.5044097930543859
Time: 23.514869689941406
---- Epoch 8 -----
Full acc: 0.9291080151131398
F1: 0.5044097930543859
Time: 24.840858221054077
---- Epoch 9 -----
Full acc: 0.9291080151131398
F1: 0.5044097930543859
Time: 24.13284397125244
---- Epoch 10 -----
Full acc: 0.9291080151131398
F1: 0.5044097930543859
Time: 23.835824728012085
=============== Seed: 2 ================
========= layer0 =========
---- Epoch 1 -----
Full acc: 0.9778243201870356
F1: 0.893432755968702
Time: 26.204342126846313
---- Epoch 2 -----
Full acc: 0.9776838521806896
F1: 0.8927009909188425
Time: 24.701730251312256
---- Epoch 3 -----
Full acc: 0.9777564780539397
F1: 0.8930960104337358
Time: 24.115049839019775
---- Epoch 4 -----
Full acc: 0.9777025522558379
F1: 0.8927494153429082
Time: 24.751097440719604
---- Epoch 5 -----
Full acc: 0.977706466225055
F1: 0.8930521335121953
Time: 24.140219688415527
---- Epoch 6 -----
Full acc: 0.9777508245428483
F1: 0.893219486436677
Time: 24.68057870864868
---- Epoch 7 -----
Full acc: 0.9777577827103454
F1: 0.8930801569565318
Time: 23.9445321559906
---- Epoch 8 -----
Full acc: 0.9777938782042361
F1: 0.8936243791873604
Time: 24.044635772705078
---- Epoch 9 -----
Full acc: 0.9776668916474157
F1: 0.8927362959621025
Time: 24.70025062561035
---- Epoch 10 -----
Full acc: 0.9776251426424337
F1: 0.8921116754249478
Time: 24.949070692062378
========= layer1 =========
---- Epoch 1 -----
Full acc: 0.9859988623396142
F1: 0.9333995304144558
Time: 25.457038640975952
---- Epoch 2 -----
Full acc: 0.9861958654568733
F1: 0.9344406533215469
Time: 24.250450372695923
---- Epoch 3 -----
Full acc: 0.9861976049987475
F1: 0.9343928162428322
Time: 23.676419973373413
---- Epoch 4 -----
Full acc: 0.9861645537031367
F1: 0.9342014370038841
Time: 24.427002429962158
---- Epoch 5 -----
Full acc: 0.9862171748448328
F1: 0.9346949456735634
Time: 24.95171284675598
---- Epoch 6 -----
Full acc: 0.9862076073645245
F1: 0.9345757376345771
Time: 24.448416709899902
---- Epoch 7 -----
Full acc: 0.9861297628656517
F1: 0.9340286109065636
Time: 25.101368188858032
---- Epoch 8 -----
Full acc: 0.986183253778285
F1: 0.934417465006203
Time: 25.165371894836426
---- Epoch 9 -----
Full acc: 0.9862680564446548
F1: 0.9348467528608746
Time: 36.305251598358154
---- Epoch 10 -----
Full acc: 0.9862206539285814
F1: 0.9345922881448652
Time: 25.008161067962646
========= layer2 =========
---- Epoch 1 -----
Full acc: 0.9816521820813271
F1: 0.9113804402621408
Time: 26.324556350708008
---- Epoch 2 -----
Full acc: 0.9836470017256256
F1: 0.9214445528441697
Time: 24.506978750228882
---- Epoch 3 -----
Full acc: 0.9836361295889114
F1: 0.9212269404366139
Time: 24.4047954082489
---- Epoch 4 -----
Full acc: 0.9835895968437752
F1: 0.9210288950323648
Time: 24.334887981414795
---- Epoch 5 -----
Full acc: 0.9835874224164324
F1: 0.9210321479088376
Time: 24.31734561920166
---- Epoch 6 -----
Full acc: 0.9836174295137633
F1: 0.9212291028469267
Time: 23.486339330673218
---- Epoch 7 -----
Full acc: 0.9835126221158396
F1: 0.9206370472091504
Time: 24.152111053466797
---- Epoch 8 -----
Full acc: 0.9836683111135851
F1: 0.9215231455940619
Time: 24.859225749969482
---- Epoch 9 -----
Full acc: 0.9836904902724818
F1: 0.9217574173250688
Time: 24.52186393737793
---- Epoch 10 -----
Full acc: 0.9836513505803112
F1: 0.9213622757309335
Time: 23.920841455459595
========= x =========
---- Epoch 1 -----
Full acc: 0.9291080151131398
F1: 0.5044097930543859
Time: 25.37742805480957
---- Epoch 2 -----
Full acc: 0.9291080151131398
F1: 0.5044097930543859
Time: 23.92644500732422
---- Epoch 3 -----
Full acc: 0.9291080151131398
F1: 0.5044097930543859
Time: 22.657939434051514
---- Epoch 4 -----
Full acc: 0.9291080151131398
F1: 0.5044097930543859
Time: 23.203436851501465
---- Epoch 5 -----
Full acc: 0.9291080151131398
F1: 0.5044097930543859
Time: 23.404632806777954
---- Epoch 6 -----
Full acc: 0.9291080151131398
F1: 0.5044097930543859
Time: 23.22455358505249
---- Epoch 7 -----
Full acc: 0.9291080151131398
F1: 0.5044097930543859
Time: 23.423146724700928
---- Epoch 8 -----
Full acc: 0.9291080151131398
F1: 0.5044097930543859
Time: 23.42973828315735
---- Epoch 9 -----
Full acc: 0.9291080151131398
F1: 0.5044097930543859
Time: 23.098175525665283
---- Epoch 10 -----
Full acc: 0.9291080151131398
F1: 0.5044097930543859
Time: 23.71387481689453
=============== Seed: 3 ================
========= layer0 =========
---- Epoch 1 -----
Full acc: 0.9777321244677002
F1: 0.8926878340144608
Time: 26.671224117279053
---- Epoch 2 -----
Full acc: 0.9777564780539397
F1: 0.8932419401296592
Time: 24.193662405014038
---- Epoch 3 -----
Full acc: 0.9776777637841298
F1: 0.892983205979547
Time: 24.856430292129517
---- Epoch 4 -----
Full acc: 0.9776695009602271
F1: 0.8924923893790487
Time: 24.02062153816223
---- Epoch 5 -----
Full acc: 0.9776542799688274
F1: 0.8924292446411413
Time: 23.912634134292603
---- Epoch 6 -----
Full acc: 0.9776781986695984
F1: 0.8924919465308294
Time: 24.971718549728394
---- Epoch 7 -----
Full acc: 0.977730384925826
F1: 0.8932281349952669
Time: 24.253382444381714
---- Epoch 8 -----
Full acc: 0.9777195127891118
F1: 0.8929803122878479
Time: 24.30064058303833
---- Epoch 9 -----
Full acc: 0.9776603683653873
F1: 0.8927222188576166
Time: 24.91256856918335
---- Epoch 10 -----
Full acc: 0.9777638711069053
F1: 0.8930490567458517
Time: 23.774224042892456
========= layer1 =========
