Loading rhel8/default-amp
  Loading requirement: dot rhel8/slurm singularity/current rhel8/global
    cuda/11.4 libpciaccess/0.16/gcc-9.4.0-6fonbj6
    libiconv/1.16/gcc-9.4.0-ahebbov libxml2/2.9.12/gcc-9.4.0-gnknt5e
    ncurses/6.2/gcc-9.4.0-aiirok7 hwloc/2.5.0/gcc-9.4.0-7sqomga
    libevent/2.1.12/gcc-9.4.0-hgny7cm numactl/2.0.14/gcc-9.4.0-52dwc6n
    cuda/11.4.0/gcc-9.4.0-3hnxhjt gdrcopy/2.2/gcc-9.4.0-e4igtfp
    knem/1.1.4/gcc-9.4.0-bpbxgva libnl/3.3.0/gcc-9.4.0-whwhrwb
    rdma-core/34.0/gcc-9.4.0-5eo5n2u ucx/1.11.1/gcc-9.4.0-lktqyl4
    openmpi/4.1.1/gcc-9.4.0-epagguv
Changed directory to /rds/user/tdb47/hpc-work/planning/thinker_private_planning/probing.

JobID: 58705857
======
Time: Sun Aug 11 20:09:47 BST 2024
Running on master node: gpu-q-39
Current directory: /rds/user/tdb47/hpc-work/planning/thinker_private_planning/probing

Nodes allocated:
================
gpu-q-39

numtasks=1, numnodes=1, mpi_tasks_per_node=1 (OMP_NUM_THREADS=1)

Executing command:
==================
python train_conv_probe.py --feature tracked_box_next_push_onto_with --num_epochs 10 --weight_decay 0.001 --kernel 1 --model_name 20m 


test
=================================== FEATURE: tracked_box_next_push_onto_with =========================================
!!!!
=============== Seed: 0 ================
========= layer0 =========
---- Epoch 1 -----
Full acc: 0.9473040999514799
F1: 0.6427452534129442
Time: 52.252286434173584
---- Epoch 2 -----
Full acc: 0.9471758248423096
F1: 0.6421220066706343
Time: 34.752849102020264
---- Epoch 3 -----
Full acc: 0.9473241145075206
F1: 0.6395339014377772
Time: 34.89036512374878
---- Epoch 4 -----
Full acc: 0.9472301067442989
F1: 0.6433456586197277
Time: 34.47502827644348
---- Epoch 5 -----
Full acc: 0.947129730713246
F1: 0.6426710372364635
Time: 33.363555908203125
---- Epoch 6 -----
Full acc: 0.9471667273168365
F1: 0.6412173934368328
Time: 34.20127582550049
---- Epoch 7 -----
Full acc: 0.947180070354197
F1: 0.6434355022526571
Time: 33.74801564216614
---- Epoch 8 -----
Full acc: 0.9472971251819505
F1: 0.6431550583157166
Time: 33.54900336265564
---- Epoch 9 -----
Full acc: 0.9471388282387191
F1: 0.6440553555925458
Time: 33.57853698730469
---- Epoch 10 -----
Full acc: 0.9474830179524503
F1: 0.6414134136929626
Time: 34.35447645187378
========= layer1 =========
---- Epoch 1 -----
Full acc: 0.9537785055798156
F1: 0.7074810802463504
Time: 36.78909134864807
---- Epoch 2 -----
Full acc: 0.9536253639010189
F1: 0.7081213541543213
Time: 33.8198721408844
---- Epoch 3 -----
Full acc: 0.9536032265890344
F1: 0.7074444251438513
Time: 33.957911014556885
---- Epoch 4 -----
Full acc: 0.9538236899563319
F1: 0.708794598766202
Time: 34.208526849746704
---- Epoch 5 -----
Full acc: 0.9536942018437652
F1: 0.7060883152983479
Time: 34.142852544784546
---- Epoch 6 -----
Full acc: 0.9536341581756429
F1: 0.7082019515324582
Time: 34.30609703063965
---- Epoch 7 -----
Full acc: 0.9538036754002911
F1: 0.7068380775576539
Time: 34.117446422576904
---- Epoch 8 -----
Full acc: 0.9537051188743328
F1: 0.7086294575404528
Time: 34.078989028930664
---- Epoch 9 -----
Full acc: 0.9536438622028142
F1: 0.7059894404225521
Time: 33.97536492347717
---- Epoch 10 -----
Full acc: 0.9537681950509461
F1: 0.7066658148385029
Time: 34.22827768325806
========= layer2 =========
---- Epoch 1 -----
Full acc: 0.9463100436681223
F1: 0.6516982067485173
Time: 35.99644732475281
---- Epoch 2 -----
Full acc: 0.9464404415332363
F1: 0.6519623121461666
Time: 33.33148908615112
---- Epoch 3 -----
Full acc: 0.9464180009704027
F1: 0.6519722499072337
Time: 33.888567209243774
---- Epoch 4 -----
Full acc: 0.9463722100921883
F1: 0.6535057077140868
Time: 33.7935836315155
---- Epoch 5 -----
Full acc: 0.9464413512857835
F1: 0.6528955476559279
Time: 33.28433609008789
---- Epoch 6 -----
Full acc: 0.9464076904415333
F1: 0.6518703472794065
Time: 33.97842812538147
---- Epoch 7 -----
Full acc: 0.9464668243571082
F1: 0.6530676908326631
Time: 34.281999349594116
---- Epoch 8 -----
Full acc: 0.9464468098010674
F1: 0.6533363022524992
Time: 34.21993374824524
---- Epoch 9 -----
Full acc: 0.9463440077632217
F1: 0.6516461016329798
Time: 34.56964182853699
---- Epoch 10 -----
Full acc: 0.9465359655507035
F1: 0.6532153188962161
Time: 34.196853160858154
========= x =========
---- Epoch 1 -----
Full acc: 0.925379063561378
F1: 0.19224870179063905
Time: 37.0810604095459
---- Epoch 2 -----
Full acc: 0.925379063561378
F1: 0.19224870179063905
Time: 33.66461682319641
---- Epoch 3 -----
Full acc: 0.925379063561378
F1: 0.19224870179063905
Time: 33.65398621559143
---- Epoch 4 -----
Full acc: 0.925379063561378
F1: 0.19224870179063905
Time: 32.5253324508667
---- Epoch 5 -----
Full acc: 0.925379063561378
F1: 0.19224870179063905
Time: 33.09512639045715
---- Epoch 6 -----
Full acc: 0.925379063561378
F1: 0.19224870179063905
Time: 33.19631624221802
---- Epoch 7 -----
Full acc: 0.925379063561378
F1: 0.19224870179063905
Time: 32.93265986442566
---- Epoch 8 -----
Full acc: 0.925379063561378
F1: 0.19224870179063905
Time: 32.717090368270874
---- Epoch 9 -----
Full acc: 0.925379063561378
F1: 0.19224870179063905
Time: 32.795507192611694
---- Epoch 10 -----
Full acc: 0.925379063561378
F1: 0.19224870179063905
Time: 33.225093126297
=============== Seed: 1 ================
========= layer0 =========
---- Epoch 1 -----
Full acc: 0.9473659631246968
F1: 0.6435108050627127
Time: 37.09145259857178
---- Epoch 2 -----
Full acc: 0.9473404900533722
F1: 0.6431402090483821
Time: 34.035606384277344
---- Epoch 3 -----
Full acc: 0.9471373119844736
F1: 0.6419563513880705
Time: 34.08382701873779
---- Epoch 4 -----
Full acc: 0.9472404172731683
F1: 0.6424207700528219
Time: 34.01124620437622
---- Epoch 5 -----
Full acc: 0.9471100194080544
F1: 0.6412664088772961
Time: 33.94229340553284
---- Epoch 6 -----
Full acc: 0.9473068292091218
F1: 0.6413580063860492
Time: 34.28478503227234
---- Epoch 7 -----
Full acc: 0.9469865963124696
F1: 0.6408937692368408
Time: 33.66861820220947
---- Epoch 8 -----
Full acc: 0.9470235929160602
F1: 0.6411504170615323
Time: 33.67933678627014
---- Epoch 9 -----
Full acc: 0.9471585395439107
F1: 0.6366872358600081
Time: 33.86127948760986
---- Epoch 10 -----
Full acc: 0.9470530082484231
F1: 0.6423219823749504
Time: 34.28290772438049
========= layer1 =========
---- Epoch 1 -----
Full acc: 0.9536714580300825
F1: 0.7084440929142518
Time: 37.072858572006226
---- Epoch 2 -----
Full acc: 0.9537778990781174
F1: 0.7077127677730719
Time: 34.3737518787384
---- Epoch 3 -----
Full acc: 0.953649017467249
F1: 0.7078784087225809
Time: 33.85272693634033
---- Epoch 4 -----
Full acc: 0.9536696385249879
F1: 0.7064111952079363
Time: 34.551116704940796
---- Epoch 5 -----
Full acc: 0.9535598617176128
F1: 0.7088239759991982
Time: 33.40516638755798
---- Epoch 6 -----
Full acc: 0.9537527292576419
F1: 0.7069273820836729
Time: 33.19145202636719
---- Epoch 7 -----
Full acc: 0.9538755458515283
F1: 0.7093100253477832
Time: 33.14768648147583
---- Epoch 8 -----
Full acc: 0.9537554585152839
F1: 0.7065036654631214
Time: 33.4310417175293
---- Epoch 9 -----
Full acc: 0.9537918486171761
F1: 0.7084186295621653
Time: 33.37192964553833
---- Epoch 10 -----
Full acc: 0.9536905628335759
F1: 0.7059425066410292
Time: 33.16870427131653
========= layer2 =========
---- Epoch 1 -----
Full acc: 0.9462718340611354
F1: 0.6520093715507127
Time: 37.26957440376282
---- Epoch 2 -----
Full acc: 0.9463904051431344
F1: 0.6532382452074409
Time: 34.1588249206543
---- Epoch 3 -----
Full acc: 0.9464680373605046
F1: 0.6529995295451476
Time: 33.94615435600281
---- Epoch 4 -----
Full acc: 0.946448629306162
F1: 0.6529110377072407
Time: 34.1699001789093
---- Epoch 5 -----
Full acc: 0.9464167879670063
F1: 0.6519644658878877
Time: 33.73294186592102
---- Epoch 6 -----
Full acc: 0.9464431707908783
F1: 0.6529742597136462
Time: 33.582195520401
---- Epoch 7 -----
Full acc: 0.9464883551673945
F1: 0.6530013834724127
Time: 33.28452467918396
---- Epoch 8 -----
Full acc: 0.9464446870451237
F1: 0.6533432457495072
Time: 33.96335768699646
---- Epoch 9 -----
Full acc: 0.9463588670548277
F1: 0.6535868979211813
Time: 32.99183893203735
---- Epoch 10 -----
Full acc: 0.9463885856380397
F1: 0.6526938430835598
Time: 32.907769203186035
========= x =========
---- Epoch 1 -----
Full acc: 0.925379063561378
F1: 0.19224870179063905
Time: 36.506227254867554
---- Epoch 2 -----
Full acc: 0.925379063561378
F1: 0.19224870179063905
Time: 33.97906827926636
---- Epoch 3 -----
Full acc: 0.925379063561378
F1: 0.19224870179063905
Time: 33.59072518348694
---- Epoch 4 -----
Full acc: 0.925379063561378
F1: 0.19224870179063905
Time: 32.917640209198
---- Epoch 5 -----
Full acc: 0.925379063561378
F1: 0.19224870179063905
Time: 34.072943925857544
---- Epoch 6 -----
Full acc: 0.925379063561378
F1: 0.19224870179063905
Time: 33.33304166793823
---- Epoch 7 -----
Full acc: 0.925379063561378
F1: 0.19224870179063905
Time: 34.12450432777405
---- Epoch 8 -----
Full acc: 0.925379063561378
F1: 0.19224870179063905
Time: 32.97088932991028
---- Epoch 9 -----
Full acc: 0.925379063561378
F1: 0.19224870179063905
Time: 32.716331481933594
---- Epoch 10 -----
Full acc: 0.925379063561378
F1: 0.19224870179063905
Time: 32.990296363830566
=============== Seed: 2 ================
========= layer0 =========
---- Epoch 1 -----
Full acc: 0.9471937166424066
F1: 0.6439532852905373
Time: 37.14395308494568
---- Epoch 2 -----
Full acc: 0.9471649078117419
F1: 0.639918619817437
Time: 33.82791447639465
---- Epoch 3 -----
Full acc: 0.9472389010189228
F1: 0.6420920731173296
Time: 34.20793294906616
---- Epoch 4 -----
Full acc: 0.9472498180494905
F1: 0.6396135735435442
Time: 34.57987976074219
---- Epoch 5 -----
Full acc: 0.9470733260553129
F1: 0.6425262230423713
Time: 34.22362732887268
---- Epoch 6 -----
Full acc: 0.9472492115477923
F1: 0.6421069825919778
Time: 34.19134020805359
---- Epoch 7 -----
Full acc: 0.9471552037845706
F1: 0.6391061075043533
Time: 33.86388969421387
---- Epoch 8 -----
Full acc: 0.9470063076176614
F1: 0.6411570454522731
Time: 33.07232332229614
---- Epoch 9 -----
Full acc: 0.9471794638524987
F1: 0.6433403190308036
Time: 34.20909571647644
---- Epoch 10 -----
Full acc: 0.947369602134886
F1: 0.6438910474157169
Time: 34.530306577682495
========= layer1 =========
---- Epoch 1 -----
Full acc: 0.9536035298398835
F1: 0.7073925689954323
Time: 36.288209676742554
---- Epoch 2 -----
Full acc: 0.9536993571081999
F1: 0.7083494902430663
Time: 35.07443904876709
---- Epoch 3 -----
Full acc: 0.9537439349830179
F1: 0.7056615074615502
Time: 34.81050443649292
---- Epoch 4 -----
Full acc: 0.953613537117904
F1: 0.7085167797272496
Time: 34.10851979255676
---- Epoch 5 -----
Full acc: 0.9538076176613295
F1: 0.7070060092537475
Time: 34.27169466018677
---- Epoch 6 -----
Full acc: 0.9536384036875303
F1: 0.7087643439598282
Time: 33.89154076576233
---- Epoch 7 -----
Full acc: 0.9538418850072781
F1: 0.7079942232373324
Time: 33.72640609741211
---- Epoch 8 -----
Full acc: 0.9538088306647259
F1: 0.7069644015485521
Time: 34.1470103263855
---- Epoch 9 -----
Full acc: 0.9536396166909268
F1: 0.7064952488348207
Time: 33.60381722450256
---- Epoch 10 -----
Full acc: 0.9537163391557496
F1: 0.7080949161323179
Time: 33.881298780441284
========= layer2 =========
---- Epoch 1 -----
Full acc: 0.9463682678311499
F1: 0.6527141166970374
Time: 36.01766586303711
---- Epoch 2 -----
Full acc: 0.9463394590004852
F1: 0.6521789192774297
Time: 33.83738613128662
---- Epoch 3 -----
Full acc: 0.9464089034449297
F1: 0.6518177295584546
Time: 34.13473725318909
---- Epoch 4 -----
Full acc: 0.9464258854924794
F1: 0.6509312604341739
Time: 33.65765047073364
---- Epoch 5 -----
Full acc: 0.9464519650655022
F1: 0.6545680553668365
Time: 33.80341839790344
---- Epoch 6 -----
Full acc: 0.9463910116448326
F1: 0.6530885413417471
Time: 34.38051748275757
---- Epoch 7 -----
Full acc: 0.9464443837942746
F1: 0.6521280899539377
Time: 34.25092172622681
---- Epoch 8 -----
Full acc: 0.9464198204754973
F1: 0.6530721075282648
Time: 34.556994915008545
---- Epoch 9 -----
Full acc: 0.9464377122755944
F1: 0.6521770352843748
Time: 34.03589653968811
---- Epoch 10 -----
Full acc: 0.9464449902959728
F1: 0.6522890132456972
Time: 33.95665764808655
========= x =========
---- Epoch 1 -----
Full acc: 0.925379063561378
F1: 0.19224870179063905
Time: 36.55020475387573
---- Epoch 2 -----
Full acc: 0.925379063561378
F1: 0.19224870179063905
Time: 33.74591374397278
---- Epoch 3 -----
Full acc: 0.925379063561378
F1: 0.19224870179063905
Time: 33.33256196975708
---- Epoch 4 -----
Full acc: 0.925379063561378
F1: 0.19224870179063905
Time: 33.251396894454956
---- Epoch 5 -----
Full acc: 0.925379063561378
F1: 0.19224870179063905
Time: 33.72315740585327
---- Epoch 6 -----
Full acc: 0.925379063561378
F1: 0.19224870179063905
Time: 33.25605297088623
---- Epoch 7 -----
Full acc: 0.925379063561378
F1: 0.19224870179063905
Time: 33.0545756816864
---- Epoch 8 -----
Full acc: 0.925379063561378
F1: 0.19224870179063905
Time: 33.651721477508545
---- Epoch 9 -----
Full acc: 0.925379063561378
F1: 0.19224870179063905
Time: 32.82270097732544
---- Epoch 10 -----
Full acc: 0.925379063561378
F1: 0.19224870179063905
Time: 33.26161050796509
=============== Seed: 3 ================
========= layer0 =========
---- Epoch 1 -----
Full acc: 0.9473862809315866
F1: 0.6428079353371927
Time: 35.65342831611633
---- Epoch 2 -----
Full acc: 0.9472907569141193
F1: 0.642496616540009
Time: 34.337191343307495
---- Epoch 3 -----
Full acc: 0.9473177462396895
F1: 0.6415663923010427
Time: 33.893155097961426
---- Epoch 4 -----
Full acc: 0.9472428432799612
F1: 0.6434465279243033
Time: 34.04814291000366
---- Epoch 5 -----
Full acc: 0.9472176734594857
F1: 0.643556609043356
Time: 33.77119708061218
---- Epoch 6 -----
Full acc: 0.9471421639980592
F1: 0.6416330354157163
Time: 33.46510720252991
---- Epoch 7 -----
Full acc: 0.9473304827753518
F1: 0.6400866365328662
Time: 34.03425645828247
---- Epoch 8 -----
Full acc: 0.9471433770014556
F1: 0.6434743120941095
Time: 34.15308713912964
---- Epoch 9 -----
Full acc: 0.9472346555070355
F1: 0.643728975499716
Time: 33.94577407836914
---- Epoch 10 -----
Full acc: 0.9473031901989326
F1: 0.6412399048117001
Time: 34.05729556083679
========= layer1 =========
---- Epoch 1 -----
Full acc: 0.953758794274624
F1: 0.7081187765162194
Time: 37.058188676834106
---- Epoch 2 -----
Full acc: 0.9536860140708394
F1: 0.7057769907574405
Time: 33.30767369270325
---- Epoch 3 -----
Full acc: 0.953646288209607
F1: 0.70882391369353
Time: 33.68110489845276
---- Epoch 4 -----
Full acc: 0.9536854075691412
F1: 0.705172994257808
Time: 33.55952858924866
---- Epoch 5 -----
Full acc: 0.9536647865114022
F1: 0.7067151588409504
Time: 34.6437087059021
---- Epoch 6 -----
Full acc: 0.9536271834061135
F1: 0.7077369483122526
Time: 34.37705063819885
---- Epoch 7 -----
Full acc: 0.9536102013585638
F1: 0.7073840447770338
Time: 33.887789726257324
---- Epoch 8 -----
Full acc: 0.9537493934983018
F1: 0.7067712204345058
Time: 33.9369330406189
---- Epoch 9 -----
Full acc: 0.9536429524502669
F1: 0.7065800914519642
Time: 33.95538926124573
---- Epoch 10 -----
Full acc: 0.9535695657447841
F1: 0.7080078791405401
Time: 34.17271327972412
========= layer2 =========
---- Epoch 1 -----
Full acc: 0.946081392527899
F1: 0.6503590913848996
Time: 35.79532980918884
---- Epoch 2 -----
Full acc: 0.9464079936923824
F1: 0.6521438967619752
Time: 33.867435932159424
---- Epoch 3 -----
Full acc: 0.9463973799126637
F1: 0.6519547900429099
Time: 34.545616149902344
---- Epoch 4 -----
Full acc: 0.9464086001940806
F1: 0.6521369025490603
Time: 34.401779651641846
---- Epoch 5 -----
Full acc: 0.9464043546821931
F1: 0.6522284809820394
Time: 33.94413900375366
---- Epoch 6 -----
Full acc: 0.9464789543910723
F1: 0.652761729434679
Time: 33.8493869304657
---- Epoch 7 -----
Full acc: 0.9464028384279476
F1: 0.6528939356932518
Time: 34.05126476287842
---- Epoch 8 -----
Full acc: 0.9464331635128579
F1: 0.6517504148855137
Time: 34.17941856384277
---- Epoch 9 -----
Full acc: 0.9464170912178554
F1: 0.6531005262257108
Time: 34.00177454948425
---- Epoch 10 -----
Full acc: 0.9464407447840854
F1: 0.652796509824997
Time: 33.425843715667725
========= x =========
---- Epoch 1 -----
Full acc: 0.925379063561378
F1: 0.19224870179063905
Time: 35.77511978149414
---- Epoch 2 -----
Full acc: 0.925379063561378
F1: 0.19224870179063905
Time: 33.50657653808594
---- Epoch 3 -----
Full acc: 0.925379063561378
F1: 0.19224870179063905
Time: 33.252684593200684
---- Epoch 4 -----
Full acc: 0.925379063561378
F1: 0.19224870179063905
Time: 32.72505569458008
---- Epoch 5 -----
Full acc: 0.925379063561378
F1: 0.19224870179063905
Time: 32.78336048126221
---- Epoch 6 -----
Full acc: 0.925379063561378
F1: 0.19224870179063905
Time: 32.444201707839966
---- Epoch 7 -----
Full acc: 0.925379063561378
F1: 0.19224870179063905
Time: 32.458532094955444
---- Epoch 8 -----
Full acc: 0.925379063561378
F1: 0.19224870179063905
Time: 32.453737020492554
---- Epoch 9 -----
Full acc: 0.925379063561378
F1: 0.19224870179063905
Time: 32.703429222106934
---- Epoch 10 -----
Full acc: 0.925379063561378
F1: 0.19224870179063905
Time: 32.694350719451904
=============== Seed: 4 ================
========= layer0 =========
---- Epoch 1 -----
Full acc: 0.9470539180009704
F1: 0.6441603575683198
Time: 36.25670886039734
---- Epoch 2 -----
Full acc: 0.9472146409509946
F1: 0.6414080277273623
Time: 33.84302306175232
---- Epoch 3 -----
Full acc: 0.9471609655507035
F1: 0.6418725660941249
Time: 34.06959247589111
---- Epoch 4 -----
Full acc: 0.9472746846191169
F1: 0.6419910368276216
Time: 33.47129535675049
---- Epoch 5 -----
Full acc: 0.9472043304221252
F1: 0.644623092278808
Time: 33.62052297592163
---- Epoch 6 -----
Full acc: 0.9472246482290151
F1: 0.6409170607287131
Time: 33.42623424530029
---- Epoch 7 -----
Full acc: 0.9471163876758855
F1: 0.639426366318348
Time: 33.41433811187744
---- Epoch 8 -----
Full acc: 0.9473089519650655
F1: 0.6424005441380876
Time: 34.37723755836487
---- Epoch 9 -----
Full acc: 0.9472103954391072
F1: 0.6387434928874602
Time: 34.046390771865845
---- Epoch 10 -----
Full acc: 0.9471127486656963
F1: 0.6408989881735424
Time: 33.477633237838745
========= layer1 =========
---- Epoch 1 -----
Full acc: 0.9536838913148957
F1: 0.7076114412067672
Time: 35.93918538093567
---- Epoch 2 -----
Full acc: 0.9537090611353711
F1: 0.7080112880575865
Time: 33.52856707572937
---- Epoch 3 -----
Full acc: 0.9536177826297914
F1: 0.7060317846658809
Time: 33.72082018852234
---- Epoch 4 -----
Full acc: 0.9538294517224648
F1: 0.70744099289517
Time: 33.88938665390015
---- Epoch 5 -----
Full acc: 0.9537897258612325
F1: 0.7076620322399668
Time: 33.860108375549316
---- Epoch 6 -----
Full acc: 0.9537627365356623
F1: 0.7081693308106743
Time: 33.78022623062134
---- Epoch 7 -----
Full acc: 0.9537196749150898
F1: 0.7059199725425931
Time: 33.98862099647522
---- Epoch 8 -----
Full acc: 0.9537424187287724
F1: 0.707569236110022
Time: 34.482067823410034
---- Epoch 9 -----
Full acc: 0.9537963973799126
F1: 0.706823417898526
Time: 33.872068881988525
---- Epoch 10 -----
Full acc: 0.9537694080543425
F1: 0.7069003534835757
Time: 34.41737341880798
========= layer2 =========
---- Epoch 1 -----
Full acc: 0.9462700145560408
F1: 0.6514487031867636
Time: 36.64938735961914
---- Epoch 2 -----
Full acc: 0.9464449902959728
F1: 0.6518751158713846
Time: 33.72655725479126
---- Epoch 3 -----
Full acc: 0.9464316472586123
F1: 0.6527808852947496
Time: 34.27620840072632
---- Epoch 4 -----
Full acc: 0.9463255094614265
F1: 0.651790910141678
Time: 34.35469436645508
---- Epoch 5 -----
Full acc: 0.9464819868995633
F1: 0.6527632188215896
Time: 34.34575963020325
---- Epoch 6 -----
Full acc: 0.9464674308588064
F1: 0.6517554216279604
Time: 34.468740463256836
---- Epoch 7 -----
Full acc: 0.9463846433770015
F1: 0.651817547501218
Time: 33.50312280654907
---- Epoch 8 -----
Full acc: 0.9463618995633187
F1: 0.6518395981506668
Time: 34.45268702507019
---- Epoch 9 -----
Full acc: 0.9464201237263464
F1: 0.6518526027811025
Time: 33.5353319644928
---- Epoch 10 -----
Full acc: 0.9464446870451237
F1: 0.6515890227034645
Time: 34.23290514945984
========= x =========
---- Epoch 1 -----
Full acc: 0.925379063561378
F1: 0.19224870179063905
Time: 36.138662338256836
---- Epoch 2 -----
Full acc: 0.925379063561378
F1: 0.19224870179063905
Time: 33.43132710456848
---- Epoch 3 -----
Full acc: 0.925379063561378
F1: 0.19224870179063905
Time: 33.761950731277466
---- Epoch 4 -----
Full acc: 0.925379063561378
F1: 0.19224870179063905
Time: 33.18735384941101
---- Epoch 5 -----
Full acc: 0.925379063561378
F1: 0.19224870179063905
Time: 33.216651916503906
---- Epoch 6 -----
Full acc: 0.925379063561378
F1: 0.19224870179063905
Time: 33.74957728385925
---- Epoch 7 -----
Full acc: 0.925379063561378
F1: 0.19224870179063905
Time: 34.132331132888794
---- Epoch 8 -----
Full acc: 0.925379063561378
F1: 0.19224870179063905
Time: 34.18793749809265
---- Epoch 9 -----
Full acc: 0.925379063561378
F1: 0.19224870179063905
Time: 34.03174424171448
---- Epoch 10 -----
Full acc: 0.925379063561378
F1: 0.19224870179063905
Time: 33.70720052719116
