Loading rhel8/default-amp
  Loading requirement: dot rhel8/slurm singularity/current rhel8/global
    cuda/11.4 libpciaccess/0.16/gcc-9.4.0-6fonbj6
    libiconv/1.16/gcc-9.4.0-ahebbov libxml2/2.9.12/gcc-9.4.0-gnknt5e
    ncurses/6.2/gcc-9.4.0-aiirok7 hwloc/2.5.0/gcc-9.4.0-7sqomga
    libevent/2.1.12/gcc-9.4.0-hgny7cm numactl/2.0.14/gcc-9.4.0-52dwc6n
    cuda/11.4.0/gcc-9.4.0-3hnxhjt gdrcopy/2.2/gcc-9.4.0-e4igtfp
    knem/1.1.4/gcc-9.4.0-bpbxgva libnl/3.3.0/gcc-9.4.0-whwhrwb
    rdma-core/34.0/gcc-9.4.0-5eo5n2u ucx/1.11.1/gcc-9.4.0-lktqyl4
    openmpi/4.1.1/gcc-9.4.0-epagguv
Changed directory to /rds/user/tdb47/hpc-work/planning/thinker_private_planning/probing.

JobID: 58606149
======
Time: Fri Aug  9 22:00:57 BST 2024
Running on master node: gpu-q-35
Current directory: /rds/user/tdb47/hpc-work/planning/thinker_private_planning/probing

Nodes allocated:
================
gpu-q-35

numtasks=1, numnodes=1, mpi_tasks_per_node=1 (OMP_NUM_THREADS=1)

Executing command:
==================
python train_conv_probe.py --feature tracked_box_next_push_onto_with --num_epochs 10 --weight_decay 0.001 --kernel 1 --model_name 10m 


test
=================================== FEATURE: tracked_box_next_push_onto_with =========================================
=============== Seed: 0 ================
========= layer0 =========
---- Epoch 1 -----
Full acc: 0.968021249570336
F1: 0.36307858011027905
Time: 76.12386465072632
---- Epoch 2 -----
Full acc: 0.9674579869167311
F1: 0.3617882812688206
Time: 62.40396213531494
---- Epoch 3 -----
Full acc: 0.9685724279238636
F1: 0.3568307912937195
Time: 62.571938276290894
---- Epoch 4 -----
Full acc: 0.9680699224456475
F1: 0.3592958795110107
Time: 61.8784544467926
---- Epoch 5 -----
Full acc: 0.9679865072076137
F1: 0.36088358389347963
Time: 62.94310545921326
---- Epoch 6 -----
Full acc: 0.9680425649329724
F1: 0.35825243126353373
Time: 63.01342177391052
---- Epoch 7 -----
Full acc: 0.9681086929083956
F1: 0.3577880066216058
Time: 61.665305376052856
---- Epoch 8 -----
Full acc: 0.9679693877825041
F1: 0.35884695621048474
Time: 61.70443773269653
---- Epoch 9 -----
Full acc: 0.9678025573064364
F1: 0.3591593774424249
Time: 61.846561908721924
---- Epoch 10 -----
Full acc: 0.968541881498668
F1: 0.3577990048180445
Time: 62.879335165023804
========= layer1 =========
---- Epoch 1 -----
Full acc: 0.9726337597748561
F1: 0.43766138267619753
Time: 64.72129368782043
---- Epoch 2 -----
Full acc: 0.972767358425711
F1: 0.4386038297534064
Time: 62.37484097480774
---- Epoch 3 -----
Full acc: 0.9723924094483114
F1: 0.43844245530866194
Time: 62.69051170349121
---- Epoch 4 -----
Full acc: 0.9725664569369253
F1: 0.4390389964127871
Time: 62.25837993621826
---- Epoch 5 -----
Full acc: 0.9728252623635817
F1: 0.4374663411214333
Time: 61.617618799209595
---- Epoch 6 -----
Full acc: 0.9728329828886311
F1: 0.43614798318838355
Time: 62.48232698440552
---- Epoch 7 -----
Full acc: 0.9726461797499355
F1: 0.43848137506493856
Time: 62.72466063499451
---- Epoch 8 -----
Full acc: 0.9724212774984962
F1: 0.4380389366963861
Time: 62.798465728759766
---- Epoch 9 -----
Full acc: 0.972590457699579
F1: 0.43694538757588575
Time: 62.47388029098511
---- Epoch 10 -----
Full acc: 0.9724785100863624
F1: 0.4383445798374696
Time: 61.6100914478302
========= layer2 =========
---- Epoch 1 -----
Full acc: 0.9735021510054138
F1: 0.44425100211194435
Time: 64.90615367889404
---- Epoch 2 -----
Full acc: 0.9734286381799433
F1: 0.4444851824747837
Time: 62.66554594039917
---- Epoch 3 -----
Full acc: 0.9736281969687205
F1: 0.4484969382109997
Time: 62.55718207359314
---- Epoch 4 -----
Full acc: 0.9733962455422359
F1: 0.4449415952993495
Time: 61.65712022781372
---- Epoch 5 -----
Full acc: 0.9734835210427946
F1: 0.44518522262141874
Time: 62.26562523841858
---- Epoch 6 -----
Full acc: 0.9735345436431211
F1: 0.4454843855329506
Time: 62.219786167144775
---- Epoch 7 -----
Full acc: 0.9734375335675002
F1: 0.44562142289400103
Time: 62.40254855155945
---- Epoch 8 -----
Full acc: 0.973412357942339
F1: 0.44461283053528194
Time: 61.28141498565674
---- Epoch 9 -----
Full acc: 0.9734014485047693
F1: 0.44572713203069636
Time: 62.911779165267944
---- Epoch 10 -----
Full acc: 0.9735102072054653
F1: 0.4439479149060763
Time: 62.28797769546509
========= x =========
---- Epoch 1 -----
Full acc: 0.9750398781902552
F1: 0.1974724437632504
Time: 64.80567646026611
---- Epoch 2 -----
Full acc: 0.9750398781902552
F1: 0.1974724437632504
Time: 62.46481490135193
---- Epoch 3 -----
Full acc: 0.9750398781902552
F1: 0.1974724437632504
Time: 60.71118521690369
---- Epoch 4 -----
Full acc: 0.9750398781902552
F1: 0.1974724437632504
Time: 61.14935231208801
---- Epoch 5 -----
Full acc: 0.9750398781902552
F1: 0.1974724437632504
Time: 61.68745422363281
---- Epoch 6 -----
Full acc: 0.9750398781902552
F1: 0.1974724437632504
Time: 61.12320113182068
---- Epoch 7 -----
Full acc: 0.9750398781902552
F1: 0.1974724437632504
Time: 60.494625091552734
---- Epoch 8 -----
Full acc: 0.9750398781902552
F1: 0.1974724437632504
Time: 61.6592915058136
---- Epoch 9 -----
Full acc: 0.9750398781902552
F1: 0.1974724437632504
Time: 62.203949213027954
---- Epoch 10 -----
Full acc: 0.9750398781902552
F1: 0.1974724437632504
Time: 61.394185304641724
=============== Seed: 1 ================
========= layer0 =========
---- Epoch 1 -----
Full acc: 0.9676687908180802
F1: 0.359759708811089
Time: 65.30636262893677
---- Epoch 2 -----
Full acc: 0.9678104456689869
F1: 0.3603480099642373
Time: 63.17899799346924
---- Epoch 3 -----
Full acc: 0.9683836107351551
F1: 0.3599091912738229
Time: 61.57159447669983
---- Epoch 4 -----
Full acc: 0.9684289268604451
F1: 0.35839571317474117
Time: 62.1763379573822
---- Epoch 5 -----
Full acc: 0.9677825846438085
F1: 0.36021661600811083
Time: 62.764678716659546
---- Epoch 6 -----
Full acc: 0.9681528341711781
F1: 0.3593401178632704
Time: 62.97794556617737
---- Epoch 7 -----
Full acc: 0.9684891805233308
F1: 0.3584342956328863
Time: 63.145601749420166
---- Epoch 8 -----
Full acc: 0.9675580180673713
F1: 0.3598727222969523
Time: 63.71678018569946
---- Epoch 9 -----
Full acc: 0.9680533065330411
F1: 0.36049887992871843
Time: 61.6724271774292
---- Epoch 10 -----
Full acc: 0.9681081893958924
F1: 0.36065748737404935
Time: 61.897212982177734
========= layer1 =========
---- Epoch 1 -----
Full acc: 0.9726606137750279
F1: 0.43932630747645884
Time: 66.63625049591064
---- Epoch 2 -----
Full acc: 0.9726570891875054
F1: 0.4376778057712213
Time: 62.961400270462036
---- Epoch 3 -----
Full acc: 0.9726419838124087
F1: 0.4365692238992547
Time: 62.80201005935669
---- Epoch 4 -----
Full acc: 0.9726366130123744
F1: 0.4378502658952607
Time: 62.7694149017334
---- Epoch 5 -----
Full acc: 0.9729531545394002
F1: 0.4343280988954227
Time: 64.34785985946655
---- Epoch 6 -----
Full acc: 0.9729007892390651
F1: 0.43755281193528195
Time: 64.41063666343689
---- Epoch 7 -----
Full acc: 0.9726757191501246
F1: 0.4357492640273007
Time: 63.87116527557373
---- Epoch 8 -----
Full acc: 0.9727577916881499
F1: 0.43887459546734
Time: 62.97030782699585
---- Epoch 9 -----
Full acc: 0.9728492631262353
F1: 0.4381669921930101
Time: 64.69877767562866
---- Epoch 10 -----
Full acc: 0.9726983772127696
F1: 0.4363769974371948
Time: 64.86275792121887
========= layer2 =========
---- Epoch 1 -----
Full acc: 0.9735179277305147
F1: 0.4464124915255738
Time: 66.45129609107971
---- Epoch 2 -----
Full acc: 0.973654379618888
F1: 0.444717140563932
Time: 62.63069152832031
---- Epoch 3 -----
Full acc: 0.973543271193177
F1: 0.4463961012408106
Time: 63.87455654144287
---- Epoch 4 -----
Full acc: 0.9735271587930738
F1: 0.4460921991456959
Time: 62.376790046691895
---- Epoch 5 -----
Full acc: 0.9734989620928933
F1: 0.4437411468854596
Time: 63.39301609992981
---- Epoch 6 -----
Full acc: 0.9733385094418665
F1: 0.4452945235729409
Time: 63.06655740737915
---- Epoch 7 -----
Full acc: 0.9734768075427516
F1: 0.44560850186605727
Time: 63.02032780647278
---- Epoch 8 -----
Full acc: 0.9734853672553063
F1: 0.4446132519839313
Time: 62.469916582107544
---- Epoch 9 -----
Full acc: 0.973495773180373
F1: 0.4468394337555419
Time: 62.47648763656616
---- Epoch 10 -----
Full acc: 0.9735731462683681
F1: 0.447102714158415
Time: 62.72534704208374
========= x =========
---- Epoch 1 -----
Full acc: 0.9750398781902552
F1: 0.1974724437632504
Time: 63.72020173072815
---- Epoch 2 -----
Full acc: 0.9750398781902552
F1: 0.1974724437632504
Time: 61.88046836853027
---- Epoch 3 -----
Full acc: 0.9750398781902552
F1: 0.1974724437632504
Time: 62.327306032180786
---- Epoch 4 -----
Full acc: 0.9750398781902552
F1: 0.1974724437632504
Time: 61.81233596801758
---- Epoch 5 -----
Full acc: 0.9750398781902552
F1: 0.1974724437632504
Time: 61.250515937805176
---- Epoch 6 -----
Full acc: 0.9750398781902552
F1: 0.1974724437632504
Time: 61.89902591705322
---- Epoch 7 -----
Full acc: 0.9750398781902552
F1: 0.1974724437632504
Time: 61.91602182388306
---- Epoch 8 -----
Full acc: 0.9750398781902552
F1: 0.1974724437632504
Time: 61.20391631126404
---- Epoch 9 -----
Full acc: 0.9750398781902552
F1: 0.1974724437632504
Time: 61.20657134056091
---- Epoch 10 -----
Full acc: 0.9750398781902552
F1: 0.1974724437632504
Time: 61.2234525680542
=============== Seed: 2 ================
========= layer0 =========
---- Epoch 1 -----
Full acc: 0.9680150395827962
F1: 0.3594507870068255
Time: 65.09672522544861
---- Epoch 2 -----
Full acc: 0.9680989583333334
F1: 0.35865450006942784
Time: 62.71636462211609
---- Epoch 3 -----
Full acc: 0.9682508512718054
F1: 0.35714243045590754
Time: 62.97044587135315
---- Epoch 4 -----
Full acc: 0.9676756721556243
F1: 0.3573235697127246
Time: 63.147233724594116
---- Epoch 5 -----
Full acc: 0.9683231892347685
F1: 0.35814560673812706
Time: 62.332512617111206
---- Epoch 6 -----
Full acc: 0.9683337629973361
F1: 0.3581440838626354
Time: 62.60897612571716
---- Epoch 7 -----
Full acc: 0.9683888136976884
F1: 0.35865351526841066
Time: 62.73399615287781
---- Epoch 8 -----
Full acc: 0.9680135290452866
F1: 0.3586988647440535
Time: 62.30024266242981
---- Epoch 9 -----
Full acc: 0.9681951292214488
F1: 0.3580207339166875
Time: 61.909106492996216
---- Epoch 10 -----
Full acc: 0.9677918157063676
F1: 0.35831096956207126
Time: 61.9512836933136
========= layer1 =========
---- Epoch 1 -----
Full acc: 0.9724922727614506
F1: 0.43841423762184595
Time: 64.09165644645691
---- Epoch 2 -----
Full acc: 0.9729633926269657
F1: 0.43607591223832864
Time: 63.62615704536438
---- Epoch 3 -----
Full acc: 0.9727017339627911
F1: 0.4385576782018624
Time: 62.21731448173523
---- Epoch 4 -----
Full acc: 0.9726250322248002
F1: 0.43798375013737595
Time: 63.10598421096802
---- Epoch 5 -----
Full acc: 0.9726339276123571
F1: 0.4378299031602463
Time: 62.48834729194641
---- Epoch 6 -----
Full acc: 0.9726058987496777
F1: 0.4392862926340747
Time: 64.37131643295288
---- Epoch 7 -----
Full acc: 0.9727885059508464
F1: 0.43581323669541894
Time: 64.31398153305054
---- Epoch 8 -----
Full acc: 0.972626878437312
F1: 0.4379514393700452
Time: 63.242228269577026
---- Epoch 9 -----
Full acc: 0.9728024364634356
F1: 0.4347357048182716
Time: 62.55589818954468
---- Epoch 10 -----
Full acc: 0.9723831783857524
F1: 0.4377966424539421
Time: 62.71565008163452
========= layer2 =========
---- Epoch 1 -----
Full acc: 0.973403294717281
F1: 0.4437680363146693
Time: 65.48167729377747
---- Epoch 2 -----
Full acc: 0.9735578730557704
F1: 0.44595212819920815
Time: 63.12728452682495
---- Epoch 3 -----
Full acc: 0.9735382360681447
F1: 0.4453314481908729
Time: 62.741302251815796
---- Epoch 4 -----
Full acc: 0.9735347114806222
F1: 0.44587444677793153
Time: 63.5376353263855
---- Epoch 5 -----
Full acc: 0.9734012806672682
F1: 0.4481602724161256
Time: 63.06688904762268
---- Epoch 6 -----
Full acc: 0.9735696216808456
F1: 0.4468732733673111
Time: 62.890819787979126
---- Epoch 7 -----
Full acc: 0.9734581775801323
F1: 0.4438616805592267
Time: 62.98340702056885
---- Epoch 8 -----
Full acc: 0.9735390752556501
F1: 0.44536911228410647
Time: 62.51874589920044
---- Epoch 9 -----
Full acc: 0.9735123890929793
F1: 0.44569741039458854
Time: 62.35173487663269
---- Epoch 10 -----
Full acc: 0.9734353516799863
F1: 0.44555614678763805
Time: 62.41518020629883
========= x =========
---- Epoch 1 -----
Full acc: 0.9750398781902552
F1: 0.1974724437632504
Time: 65.2757556438446
---- Epoch 2 -----
Full acc: 0.9750398781902552
F1: 0.1974724437632504
Time: 61.62086296081543
---- Epoch 3 -----
Full acc: 0.9750398781902552
F1: 0.1974724437632504
Time: 60.35476112365723
---- Epoch 4 -----
Full acc: 0.9750398781902552
F1: 0.1974724437632504
Time: 61.47641158103943
---- Epoch 5 -----
Full acc: 0.9750398781902552
F1: 0.1974724437632504
Time: 61.51068043708801
---- Epoch 6 -----
Full acc: 0.9750398781902552
F1: 0.1974724437632504
Time: 61.85715293884277
---- Epoch 7 -----
Full acc: 0.9750398781902552
F1: 0.1974724437632504
Time: 61.337124824523926
---- Epoch 8 -----
Full acc: 0.9750398781902552
F1: 0.1974724437632504
Time: 62.61671757698059
---- Epoch 9 -----
Full acc: 0.9750398781902552
F1: 0.1974724437632504
Time: 61.46425414085388
---- Epoch 10 -----
Full acc: 0.9750398781902552
F1: 0.1974724437632504
Time: 61.741251945495605
=============== Seed: 3 ================
========= layer0 =========
---- Epoch 1 -----
Full acc: 0.9688418071130875
F1: 0.35825824963741226
Time: 64.76348805427551
---- Epoch 2 -----
Full acc: 0.9675249540796597
F1: 0.3584664610466312
Time: 63.08055591583252
---- Epoch 3 -----
Full acc: 0.9681446101336255
F1: 0.3608817493637944
Time: 62.40411186218262
---- Epoch 4 -----
Full acc: 0.9683822680351465
F1: 0.35849358188981706
Time: 62.42616415023804
---- Epoch 5 -----
Full acc: 0.967815480794019
F1: 0.35951539252687514
Time: 62.154714584350586
---- Epoch 6 -----
Full acc: 0.9681192666709633
F1: 0.3581280741320626
Time: 61.42027831077576
---- Epoch 7 -----
Full acc: 0.9681038256208645
F1: 0.35976192004861124
Time: 62.28075933456421
---- Epoch 8 -----
Full acc: 0.9680148717452952
F1: 0.36075117603434864
Time: 63.20833730697632
---- Epoch 9 -----
Full acc: 0.9683287278723038
F1: 0.36090136150396274
Time: 61.94933199882507
---- Epoch 10 -----
Full acc: 0.967862810969322
F1: 0.3603682949920101
Time: 62.32280421257019
========= layer1 =========
---- Epoch 1 -----
Full acc: 0.9722970777477012
F1: 0.44069258083740337
Time: 66.17635798454285
---- Epoch 2 -----
Full acc: 0.9729041459890866
F1: 0.4369137953786712
Time: 61.3197922706604
---- Epoch 3 -----
Full acc: 0.972697034512761
F1: 0.43775038643635833
Time: 62.57020115852356
---- Epoch 4 -----
Full acc: 0.9729212654141961
F1: 0.4335352542107537
Time: 62.05371403694153
---- Epoch 5 -----
Full acc: 0.9726255357373035
F1: 0.43883513946565655
Time: 62.53919529914856
---- Epoch 6 -----
Full acc: 0.9726366130123744
F1: 0.43861655974221475
Time: 62.07640886306763
---- Epoch 7 -----
Full acc: 0.9726255357373035
F1: 0.4393969763308421
Time: 61.65604758262634
---- Epoch 8 -----
Full acc: 0.9726466832624387
F1: 0.4391271261885426
Time: 61.58011507987976
---- Epoch 9 -----
Full acc: 0.9726965310002578
F1: 0.4372358937338511
Time: 63.52164959907532
---- Epoch 10 -----
Full acc: 0.9726434943499184
F1: 0.4368210047196513
Time: 64.07501864433289
========= layer2 =========
---- Epoch 1 -----
Full acc: 0.9735352149931253
F1: 0.44774400715658424
Time: 65.90298461914062
---- Epoch 2 -----
Full acc: 0.9733641885795308
F1: 0.44213658225332353
Time: 62.63992786407471
---- Epoch 3 -----
Full acc: 0.9735348793181232
F1: 0.44465360463750636
Time: 62.87511491775513
---- Epoch 4 -----
Full acc: 0.9735464601056973
F1: 0.4443548021534611
Time: 62.30299758911133
---- Epoch 5 -----
Full acc: 0.9735400822806565
F1: 0.4455146585055905
Time: 62.64476943016052
---- Epoch 6 -----
Full acc: 0.9735226271805448
F1: 0.4472882780650913
Time: 63.11434078216553
---- Epoch 7 -----
Full acc: 0.9734657302676807
F1: 0.44535552170884607
Time: 60.17561054229736
---- Epoch 8 -----
Full acc: 0.9734523032675947
F1: 0.4441937252176122
Time: 62.484195709228516
---- Epoch 9 -----
Full acc: 0.9734229317049068
F1: 0.4457054417883035
Time: 62.13811898231506
---- Epoch 10 -----
Full acc: 0.9735149066554954
F1: 0.44755690337853216
Time: 62.59582996368408
========= x =========
---- Epoch 1 -----
Full acc: 0.9750398781902552
F1: 0.1974724437632504
Time: 64.51978731155396
---- Epoch 2 -----
Full acc: 0.9750398781902552
F1: 0.1974724437632504
Time: 62.045103549957275
---- Epoch 3 -----
Full acc: 0.9750398781902552
F1: 0.1974724437632504
Time: 62.01599311828613
---- Epoch 4 -----
Full acc: 0.9750398781902552
F1: 0.1974724437632504
Time: 61.13416624069214
---- Epoch 5 -----
Full acc: 0.9750398781902552
F1: 0.1974724437632504
Time: 59.75431251525879
---- Epoch 6 -----
Full acc: 0.9750398781902552
F1: 0.1974724437632504
Time: 60.33041286468506
---- Epoch 7 -----
Full acc: 0.9750398781902552
F1: 0.1974724437632504
Time: 62.263962507247925
---- Epoch 8 -----
Full acc: 0.9750398781902552
F1: 0.1974724437632504
Time: 60.68948221206665
---- Epoch 9 -----
Full acc: 0.9750398781902552
F1: 0.1974724437632504
Time: 61.63878059387207
---- Epoch 10 -----
Full acc: 0.9750398781902552
F1: 0.1974724437632504
Time: 62.2657516002655
=============== Seed: 4 ================
========= layer0 =========
---- Epoch 1 -----
Full acc: 0.9680912378082839
F1: 0.36007548115964705
Time: 64.71850395202637
---- Epoch 2 -----
Full acc: 0.9680192355203231
F1: 0.35581674370684835
Time: 64.28093361854553
---- Epoch 3 -----
Full acc: 0.9677574090186474
F1: 0.35845286588685055
Time: 62.78756880760193
---- Epoch 4 -----
Full acc: 0.9679883534201255
F1: 0.35971132861137467
Time: 62.41259002685547
---- Epoch 5 -----
Full acc: 0.9680298092828907
F1: 0.35861653419713996
Time: 60.21244478225708
---- Epoch 6 -----
Full acc: 0.9676486503179513
F1: 0.358136432272646
Time: 60.89072823524475
---- Epoch 7 -----
Full acc: 0.9681243017959955
F1: 0.35829962531049403
Time: 61.84036827087402
---- Epoch 8 -----
Full acc: 0.9679255821947237
F1: 0.35913060797588203
Time: 62.20770716667175
---- Epoch 9 -----
Full acc: 0.9679631777949643
F1: 0.35834683177813426
Time: 61.651968479156494
---- Epoch 10 -----
Full acc: 0.9680633767831056
F1: 0.361677374562725
Time: 62.16022324562073
========= layer1 =========
---- Epoch 1 -----
Full acc: 0.9723835140607545
F1: 0.44086105121308083
Time: 63.88060641288757
---- Epoch 2 -----
Full acc: 0.9725260080991665
F1: 0.4385887366682778
Time: 61.977818727493286
---- Epoch 3 -----
Full acc: 0.9724080183359113
F1: 0.4402153030227467
Time: 61.01422715187073
---- Epoch 4 -----
Full acc: 0.9726617886375355
F1: 0.43687931969656757
Time: 63.013476848602295
---- Epoch 5 -----
Full acc: 0.9726567535125032
F1: 0.43825224171344035
Time: 61.61442232131958
---- Epoch 6 -----
Full acc: 0.9727092866503394
F1: 0.4383291696180704
Time: 61.99737620353699
---- Epoch 7 -----
Full acc: 0.9727389938880295
F1: 0.4377989723174121
Time: 62.325172424316406
---- Epoch 8 -----
Full acc: 0.9725369175367363
F1: 0.4398146777405906
Time: 62.0250449180603
---- Epoch 9 -----
Full acc: 0.9728793060389276
F1: 0.43474332490781065
Time: 60.01447868347168
---- Epoch 10 -----
Full acc: 0.9729843723146
F1: 0.4370329820465786
Time: 61.755741119384766
========= layer2 =========
---- Epoch 1 -----
Full acc: 0.9734744578177366
F1: 0.4439449149257637
Time: 63.200254678726196
---- Epoch 2 -----
Full acc: 0.9735338722931168
F1: 0.44631733326452505
Time: 63.439221143722534
---- Epoch 3 -----
Full acc: 0.9734539816426054
F1: 0.4441832534447993
Time: 61.53575563430786
---- Epoch 4 -----
Full acc: 0.9735145709804932
F1: 0.4480847469970124
Time: 62.13870120048523
---- Epoch 5 -----
Full acc: 0.9734977872303858
F1: 0.4456884198871343
Time: 62.33744931221008
---- Epoch 6 -----
Full acc: 0.9735061791054396
F1: 0.4469659238161154
Time: 62.325761795043945
---- Epoch 7 -----
Full acc: 0.9736354139812666
F1: 0.44652172535412527
Time: 62.048956871032715
---- Epoch 8 -----
Full acc: 0.9735713000558563
F1: 0.4486009122705492
Time: 61.49894642829895
---- Epoch 9 -----
Full acc: 0.9735385717431468
F1: 0.446194033845882
Time: 62.426730155944824
---- Epoch 10 -----
Full acc: 0.9734492821925754
F1: 0.44526790388401205
Time: 61.28368616104126
========= x =========
---- Epoch 1 -----
Full acc: 0.9750398781902552
F1: 0.1974724437632504
Time: 64.23386645317078
---- Epoch 2 -----
Full acc: 0.9750398781902552
F1: 0.1974724437632504
Time: 60.821019411087036
---- Epoch 3 -----
Full acc: 0.9750398781902552
F1: 0.1974724437632504
Time: 60.82306170463562
---- Epoch 4 -----
Full acc: 0.9750398781902552
F1: 0.1974724437632504
Time: 60.08342409133911
---- Epoch 5 -----
Full acc: 0.9750398781902552
F1: 0.1974724437632504
Time: 59.99042081832886
---- Epoch 6 -----
Full acc: 0.9750398781902552
F1: 0.1974724437632504
Time: 60.25263214111328
---- Epoch 7 -----
Full acc: 0.9750398781902552
F1: 0.1974724437632504
Time: 60.60666537284851
---- Epoch 8 -----
Full acc: 0.9750398781902552
F1: 0.1974724437632504
Time: 61.78864645957947
---- Epoch 9 -----
Full acc: 0.9750398781902552
F1: 0.1974724437632504
Time: 61.92325019836426
---- Epoch 10 -----
Full acc: 0.9750398781902552
F1: 0.1974724437632504
Time: 60.883293867111206
