Loading rhel8/default-amp
  Loading requirement: dot rhel8/slurm singularity/current rhel8/global
    cuda/11.4 libpciaccess/0.16/gcc-9.4.0-6fonbj6
    libiconv/1.16/gcc-9.4.0-ahebbov libxml2/2.9.12/gcc-9.4.0-gnknt5e
    ncurses/6.2/gcc-9.4.0-aiirok7 hwloc/2.5.0/gcc-9.4.0-7sqomga
    libevent/2.1.12/gcc-9.4.0-hgny7cm numactl/2.0.14/gcc-9.4.0-52dwc6n
    cuda/11.4.0/gcc-9.4.0-3hnxhjt gdrcopy/2.2/gcc-9.4.0-e4igtfp
    knem/1.1.4/gcc-9.4.0-bpbxgva libnl/3.3.0/gcc-9.4.0-whwhrwb
    rdma-core/34.0/gcc-9.4.0-5eo5n2u ucx/1.11.1/gcc-9.4.0-lktqyl4
    openmpi/4.1.1/gcc-9.4.0-epagguv
Changed directory to /rds/user/tdb47/hpc-work/planning/thinker_private_planning/probing.

JobID: 58688715
======
Time: Sun Aug 11 11:28:14 BST 2024
Running on master node: gpu-q-35
Current directory: /rds/user/tdb47/hpc-work/planning/thinker_private_planning/probing

Nodes allocated:
================
gpu-q-35

numtasks=1, numnodes=1, mpi_tasks_per_node=1 (OMP_NUM_THREADS=1)

Executing command:
==================
python train_conv_probe.py --feature tracked_box_next_push_from --num_epochs 10 --weight_decay 0.001 --kernel 3 --model_name 250m 


test
=================================== FEATURE: tracked_box_next_push_from =========================================
!!!!
=============== Seed: 0 ================
========= layer0 =========
---- Epoch 1 -----
Full acc: 0.989265563862493
F1: 0.94714911384839
Time: 26.83719563484192
---- Epoch 2 -----
Full acc: 0.9894031232532141
F1: 0.9480258564189117
Time: 24.06422781944275
---- Epoch 3 -----
Full acc: 0.9893900223588596
F1: 0.9479002264461676
Time: 24.25736379623413
---- Epoch 4 -----
Full acc: 0.989467754332029
F1: 0.9485100405207493
Time: 24.314669132232666
---- Epoch 5 -----
Full acc: 0.9893345619060928
F1: 0.9475621093674517
Time: 24.36204719543457
---- Epoch 6 -----
Full acc: 0.9892917656512018
F1: 0.9473096121655683
Time: 24.28121304512024
---- Epoch 7 -----
Full acc: 0.9893812884292901
F1: 0.9478378761031573
Time: 24.221223831176758
---- Epoch 8 -----
Full acc: 0.989436748882057
F1: 0.9481088664783148
Time: 24.394182920455933
---- Epoch 9 -----
Full acc: 0.9894708112073785
F1: 0.9484001720636293
Time: 23.640610694885254
---- Epoch 10 -----
Full acc: 0.9892956959195081
F1: 0.9472751363722403
Time: 24.488619089126587
========= layer1 =========
---- Epoch 1 -----
Full acc: 0.9916852990497484
F1: 0.9593816799429978
Time: 24.617145538330078
---- Epoch 2 -----
Full acc: 0.9918062639742873
F1: 0.9598617204931341
Time: 24.29798173904419
---- Epoch 3 -----
Full acc: 0.9917848658468418
F1: 0.9597962027372434
Time: 24.23006558418274
---- Epoch 4 -----
Full acc: 0.9918106309390721
F1: 0.959934709364805
Time: 23.6730215549469
---- Epoch 5 -----
Full acc: 0.9918149979038569
F1: 0.9601125353002892
Time: 23.595871448516846
---- Epoch 6 -----
Full acc: 0.9918097575461151
F1: 0.9599348875164757
Time: 23.401431798934937
---- Epoch 7 -----
Full acc: 0.9917551704863052
F1: 0.959659326430406
Time: 23.903119802474976
---- Epoch 8 -----
Full acc: 0.9918516804080492
F1: 0.9601728071991615
Time: 23.836981296539307
---- Epoch 9 -----
Full acc: 0.9917957832588038
F1: 0.9599882437379802
Time: 23.532965183258057
---- Epoch 10 -----
Full acc: 0.9917931630799329
F1: 0.9598164553037447
Time: 22.97238779067993
========= layer2 =========
---- Epoch 1 -----
Full acc: 0.9875742384013415
F1: 0.9387891199779714
Time: 24.943732500076294
---- Epoch 2 -----
Full acc: 0.98841051215763
F1: 0.9430453229520546
Time: 23.9990656375885
---- Epoch 3 -----
Full acc: 0.9884078919787591
F1: 0.9429356997443984
Time: 23.1649227142334
---- Epoch 4 -----
Full acc: 0.9884498148406932
F1: 0.943199706216485
Time: 23.12973189353943
---- Epoch 5 -----
Full acc: 0.9883882406372275
F1: 0.9427472697833053
Time: 23.358904600143433
---- Epoch 6 -----
Full acc: 0.9884528717160425
F1: 0.9431836250574782
Time: 22.7962965965271
---- Epoch 7 -----
Full acc: 0.9884847505589714
F1: 0.9433013741928686
Time: 23.25768780708313
---- Epoch 8 -----
Full acc: 0.9883271031302403
F1: 0.9427657442380328
Time: 22.683101654052734
---- Epoch 9 -----
Full acc: 0.9884166259083287
F1: 0.943014709831547
Time: 22.8948175907135
---- Epoch 10 -----
Full acc: 0.9883882406372275
F1: 0.9429673290092316
Time: 23.15404772758484
========= x =========
---- Epoch 1 -----
Full acc: 0.9358671918669648
F1: 0.5968568565820718
Time: 24.43340516090393
---- Epoch 2 -----
Full acc: 0.935552333705981
F1: 0.5993875988772646
Time: 23.160744428634644
---- Epoch 3 -----
Full acc: 0.9354933796813862
F1: 0.6042093699342203
Time: 22.73977255821228
---- Epoch 4 -----
Full acc: 0.935551460313024
F1: 0.6119041107417849
Time: 22.822646856307983
---- Epoch 5 -----
Full acc: 0.9354483999441029
F1: 0.603326499286182
Time: 22.408585786819458
---- Epoch 6 -----
Full acc: 0.9354606274455003
F1: 0.6081940180592892
Time: 23.461512565612793
---- Epoch 7 -----
Full acc: 0.9354981833426496
F1: 0.5979924663052235
Time: 22.899576425552368
---- Epoch 8 -----
Full acc: 0.9355326823644494
F1: 0.6055054207095959
Time: 23.160355806350708
---- Epoch 9 -----
Full acc: 0.9353759083286752
F1: 0.6067643838819741
Time: 22.97294783592224
---- Epoch 10 -----
Full acc: 0.9356601977361655
F1: 0.6013491026275843
Time: 23.264652252197266
=============== Seed: 1 ================
========= layer0 =========
---- Epoch 1 -----
Full acc: 0.9892341217160425
F1: 0.947003196618936
Time: 24.766919136047363
---- Epoch 2 -----
Full acc: 0.9893140371716043
F1: 0.947458602446063
Time: 23.871864318847656
---- Epoch 3 -----
Full acc: 0.9893917691447737
F1: 0.9478985252357135
Time: 23.44038152694702
---- Epoch 4 -----
Full acc: 0.9893633838736724
F1: 0.9478500482810449
Time: 23.377830743789673
---- Epoch 5 -----
Full acc: 0.989308360117384
F1: 0.947287966637027
Time: 24.123483896255493
---- Epoch 6 -----
Full acc: 0.9894358754891001
F1: 0.9481388423798979
Time: 23.732965230941772
---- Epoch 7 -----
Full acc: 0.9894144773616546
F1: 0.9480296728270657
Time: 23.488067865371704
---- Epoch 8 -----
Full acc: 0.9893878388764673
F1: 0.9479106157226301
Time: 24.02596950531006
---- Epoch 9 -----
Full acc: 0.9893328151201789
F1: 0.9474107994411038
Time: 23.697755575180054
---- Epoch 10 -----
Full acc: 0.9893642572666294
F1: 0.9478053829784042
Time: 22.807523488998413
========= layer1 =========
---- Epoch 1 -----
Full acc: 0.9917390127166015
F1: 0.9596346915042303
Time: 24.81110119819641
---- Epoch 2 -----
Full acc: 0.991642939491336
F1: 0.9591177972275214
Time: 23.96844482421875
---- Epoch 3 -----
Full acc: 0.9917564805757406
F1: 0.9598064954338629
Time: 23.163885593414307
---- Epoch 4 -----
Full acc: 0.9917962199552823
F1: 0.9599387544462736
Time: 23.47784399986267
---- Epoch 5 -----
Full acc: 0.9917206714645053
F1: 0.9594424323844444
Time: 23.587193250656128
---- Epoch 6 -----
Full acc: 0.9918381428172163
F1: 0.9601642027725203
Time: 23.40736150741577
---- Epoch 7 -----
Full acc: 0.9917800621855786
F1: 0.9598570267797543
Time: 23.49875783920288
---- Epoch 8 -----
Full acc: 0.9918368327277809
F1: 0.9601735124989081
Time: 23.484447717666626
---- Epoch 9 -----
Full acc: 0.9918625978200112
F1: 0.9602625562986216
Time: 23.127320051193237
---- Epoch 10 -----
Full acc: 0.9918036437954164
F1: 0.9598494004898762
Time: 23.29686141014099
========= layer2 =========
---- Epoch 1 -----
Full acc: 0.987627515371716
F1: 0.9392723484702342
Time: 25.24984836578369
---- Epoch 2 -----
Full acc: 0.9883432608999441
F1: 0.9426729979146399
Time: 23.486474752426147
---- Epoch 3 -----
Full acc: 0.9883707727780883
F1: 0.942747681313342
Time: 23.50764012336731
---- Epoch 4 -----
Full acc: 0.9884074552822806
F1: 0.9429481448368351
Time: 23.6556236743927
---- Epoch 5 -----
Full acc: 0.9884869340413639
F1: 0.9435126541596318
Time: 23.356313705444336
---- Epoch 6 -----
Full acc: 0.9884550551984349
F1: 0.9431935142150512
Time: 23.238038301467896
---- Epoch 7 -----
Full acc: 0.9884039617104527
F1: 0.9429341402297764
Time: 23.195327758789062
---- Epoch 8 -----
Full acc: 0.9884393341252096
F1: 0.9433088706102546
Time: 23.387544870376587
---- Epoch 9 -----
Full acc: 0.9884729597540526
F1: 0.9433525763461167
Time: 23.311173915863037
---- Epoch 10 -----
Full acc: 0.9883947910844046
F1: 0.9427034485732458
Time: 23.539026737213135
========= x =========
---- Epoch 1 -----
Full acc: 0.9358597680268307
F1: 0.5999651376246738
Time: 25.016759395599365
---- Epoch 2 -----
Full acc: 0.9354514568194522
F1: 0.6055249090613098
Time: 23.38532257080078
---- Epoch 3 -----
Full acc: 0.9354152110117384
F1: 0.6076853291173491
Time: 22.857476472854614
---- Epoch 4 -----
Full acc: 0.9352924993012857
F1: 0.6012202243985671
Time: 23.25874400138855
---- Epoch 5 -----
Full acc: 0.9353187010899944
F1: 0.6056460652468523
Time: 23.24858021736145
---- Epoch 6 -----
Full acc: 0.9354125908328675
F1: 0.6063935106824642
Time: 23.201053142547607
---- Epoch 7 -----
Full acc: 0.9355780987982113
F1: 0.6097978379264831
Time: 23.241530418395996
---- Epoch 8 -----
Full acc: 0.935381148686417
F1: 0.6046996217221261
Time: 22.59475350379944
---- Epoch 9 -----
Full acc: 0.9356313757685858
F1: 0.603045849323369
Time: 23.11807131767273
---- Epoch 10 -----
Full acc: 0.935477658608161
F1: 0.6010966729932801
Time: 23.32135033607483
=============== Seed: 2 ================
========= layer0 =========
---- Epoch 1 -----
Full acc: 0.9892817216321967
F1: 0.9473887283608708
Time: 24.662197589874268
---- Epoch 2 -----
Full acc: 0.9894149140581331
F1: 0.9479591814826663
Time: 23.835657358169556
---- Epoch 3 -----
Full acc: 0.9893349986025712
F1: 0.9475895754287774
Time: 23.84712290763855
---- Epoch 4 -----
Full acc: 0.9893136004751257
F1: 0.9475633039554124
Time: 23.720864295959473
---- Epoch 5 -----
Full acc: 0.989448539686976
F1: 0.9483256412778935
Time: 23.18834924697876
---- Epoch 6 -----
Full acc: 0.9894402424538848
F1: 0.948364406652986
Time: 23.373135328292847
---- Epoch 7 -----
Full acc: 0.9893625104807154
F1: 0.9477484357135656
Time: 23.627694129943848
---- Epoch 8 -----
Full acc: 0.9894149140581331
F1: 0.9479866527901463
Time: 23.633315324783325
---- Epoch 9 -----
Full acc: 0.9893533398546674
F1: 0.9476451033783726
Time: 23.50625491142273
---- Epoch 10 -----
Full acc: 0.9893625104807154
F1: 0.9476808745986233
Time: 23.162129878997803
========= layer1 =========
---- Epoch 1 -----
Full acc: 0.9917652145053102
F1: 0.9597140653607618
Time: 24.056822061538696
---- Epoch 2 -----
Full acc: 0.99183421254891
F1: 0.9600423957894827
Time: 23.47901225090027
---- Epoch 3 -----
Full acc: 0.9917551704863052
F1: 0.9595360360746525
Time: 23.1525936126709
---- Epoch 4 -----
Full acc: 0.991736829234209
F1: 0.9595388082744227
Time: 23.668859004974365
---- Epoch 5 -----
Full acc: 0.9918263520122974
F1: 0.9600273361167765
Time: 23.789531230926514
---- Epoch 6 -----
Full acc: 0.9917909795975405
F1: 0.9597555962799939
Time: 23.30569624900818
---- Epoch 7 -----
Full acc: 0.9917818089714925
F1: 0.9597276227120886
Time: 23.35406732559204
---- Epoch 8 -----
Full acc: 0.9917499301285635
F1: 0.9596736666396287
Time: 23.91395926475525
---- Epoch 9 -----
Full acc: 0.991822421743991
F1: 0.9600569943986792
Time: 23.179319858551025
---- Epoch 10 -----
Full acc: 0.9918154346003354
F1: 0.9599935108458527
Time: 23.177480459213257
========= layer2 =========
---- Epoch 1 -----
Full acc: 0.9879493606763555
F1: 0.9407910123352952
Time: 25.05674123764038
---- Epoch 2 -----
Full acc: 0.9884568019843488
F1: 0.9433651792161156
Time: 23.565749645233154
---- Epoch 3 -----
Full acc: 0.9885096422582448
F1: 0.9435430229115082
Time: 22.9611394405365
---- Epoch 4 -----
Full acc: 0.9884664093068753
F1: 0.9432835051657086
Time: 23.499651432037354
---- Epoch 5 -----
Full acc: 0.9885083321688094
F1: 0.9436165539997643
Time: 23.6541006565094
---- Epoch 6 -----
Full acc: 0.9882908573225265
F1: 0.9424133020912306
Time: 23.494364023208618
---- Epoch 7 -----
Full acc: 0.9884327836780324
F1: 0.9430869852947495
Time: 23.842907905578613
---- Epoch 8 -----
Full acc: 0.9884402075181665
F1: 0.9430994271465881
Time: 23.979912757873535
---- Epoch 9 -----
Full acc: 0.9884384607322526
F1: 0.9431536365568818
Time: 23.323739767074585
---- Epoch 10 -----
Full acc: 0.9882978444661822
F1: 0.9422255568419714
Time: 23.747236251831055
========= x =========
---- Epoch 1 -----
Full acc: 0.9355877061207378
F1: 0.5938915366422449
Time: 24.233516931533813
---- Epoch 2 -----
Full acc: 0.9355820290665177
F1: 0.6083807662900348
Time: 23.06200623512268
---- Epoch 3 -----
Full acc: 0.9354606274455003
F1: 0.6031183367438463
Time: 21.883917331695557
---- Epoch 4 -----
Full acc: 0.9355108475405254
F1: 0.6103819009300178
Time: 23.172321796417236
---- Epoch 5 -----
Full acc: 0.9353964330631638
F1: 0.6102089695385596
Time: 23.331164836883545
---- Epoch 6 -----
Full acc: 0.9353335487702628
F1: 0.6039524254005783
Time: 22.934956312179565
---- Epoch 7 -----
Full acc: 0.9353798385969816
F1: 0.6042613279275569
Time: 23.526609659194946
---- Epoch 8 -----
Full acc: 0.9353820220793739
F1: 0.6004978589903506
Time: 22.851253032684326
---- Epoch 9 -----
Full acc: 0.9357143480994969
F1: 0.6043183644725418
Time: 23.350130558013916
---- Epoch 10 -----
Full acc: 0.9353352955561767
F1: 0.605602328932404
Time: 23.170045137405396
=============== Seed: 3 ================
========= layer0 =========
---- Epoch 1 -----
Full acc: 0.9891266943823365
F1: 0.9463849286072656
Time: 24.584372758865356
---- Epoch 2 -----
Full acc: 0.9893363086920067
F1: 0.9475337488693082
Time: 23.795178651809692
---- Epoch 3 -----
Full acc: 0.9892869619899385
F1: 0.9472849560564712
Time: 23.68072748184204
---- Epoch 4 -----
Full acc: 0.989405743432085
F1: 0.9479642570642918
Time: 23.694995880126953
---- Epoch 5 -----
Full acc: 0.9893655673560648
F1: 0.9479190726720561
Time: 23.826865911483765
---- Epoch 6 -----
Full acc: 0.9894428626327557
F1: 0.9483631050914939
Time: 24.108925580978394
---- Epoch 7 -----
Full acc: 0.9894638240637228
F1: 0.9483367415766426
Time: 24.07658314704895
---- Epoch 8 -----
Full acc: 0.9894118571827837
F1: 0.9478963858839305
Time: 22.759045600891113
---- Epoch 9 -----
Full acc: 0.9893550866405814
F1: 0.947834274952919
Time: 22.815930604934692
---- Epoch 10 -----
Full acc: 0.9893598903018446
F1: 0.9476634911770075
Time: 23.836025953292847
========= layer1 =========
---- Epoch 1 -----
Full acc: 0.991728532001118
F1: 0.9596148474762745
Time: 24.67686629295349
---- Epoch 2 -----
Full acc: 0.9917931630799329
F1: 0.9599316025013699
Time: 23.414708375930786
---- Epoch 3 -----
Full acc: 0.9918101942425936
F1: 0.9599639645794017
Time: 23.47031259536743
---- Epoch 4 -----
Full acc: 0.9917455631637786
F1: 0.9596333645127259
Time: 23.35054349899292
---- Epoch 5 -----
Full acc: 0.9918411996925657
F1: 0.960139446863619
Time: 23.321581840515137
---- Epoch 6 -----
Full acc: 0.9917984034376747
F1: 0.9598266520356193
Time: 23.73183798789978
---- Epoch 7 -----
Full acc: 0.9918355226383454
F1: 0.9600860788030947
Time: 23.462603092193604
---- Epoch 8 -----
Full acc: 0.9918691482671884
F1: 0.9603107100756951
Time: 22.449082136154175
---- Epoch 9 -----
Full acc: 0.9918005869200671
F1: 0.9599084402384653
Time: 22.849793672561646
---- Epoch 10 -----
Full acc: 0.9918132511179429
F1: 0.9599094985853808
Time: 23.904925107955933
========= layer2 =========
---- Epoch 1 -----
Full acc: 0.9873576369480157
F1: 0.937718630197106
Time: 24.24249267578125
---- Epoch 2 -----
Full acc: 0.988387803940749
F1: 0.942937400884555
Time: 23.39989399909973
---- Epoch 3 -----
Full acc: 0.9884000314421465
F1: 0.9431210105158573
Time: 23.044859170913696
---- Epoch 4 -----
Full acc: 0.9883716461710452
F1: 0.9430509692541961
Time: 22.950839281082153
---- Epoch 5 -----
Full acc: 0.9884209928731135
F1: 0.9430716612168043
Time: 23.563406944274902
---- Epoch 6 -----
Full acc: 0.988205701509223
F1: 0.9422464192694412
Time: 23.531051635742188
---- Epoch 7 -----
Full acc: 0.9884506882336501
F1: 0.9432749002104107
Time: 23.466313123703003
---- Epoch 8 -----
Full acc: 0.9883799434041364
F1: 0.9427855722195345
Time: 23.187496423721313
---- Epoch 9 -----
Full acc: 0.9885057119899385
F1: 0.9435248024408718
Time: 23.516313076019287
---- Epoch 10 -----
Full acc: 0.9883083251816658
F1: 0.9424752426318763
Time: 23.726659297943115
========= x =========
---- Epoch 1 -----
Full acc: 0.9357719920346562
F1: 0.5973857461573205
Time: 24.16385507583618
---- Epoch 2 -----
Full acc: 0.9355728584404696
F1: 0.6036392553845988
Time: 23.44269824028015
---- Epoch 3 -----
Full acc: 0.9355156512017887
F1: 0.6055687925379035
Time: 23.2933087348938
---- Epoch 4 -----
Full acc: 0.9354527669088877
F1: 0.6064100037812419
Time: 23.300204277038574
---- Epoch 5 -----
Full acc: 0.9358711221352711
F1: 0.6145041975334569
Time: 23.295308828353882
---- Epoch 6 -----
Full acc: 0.9353532001117943
F1: 0.6008670941023581
Time: 23.344908237457275
---- Epoch 7 -----
Full acc: 0.9353160809111235
F1: 0.6019654369025961
Time: 23.04953360557556
---- Epoch 8 -----
Full acc: 0.9354636843208496
F1: 0.5988354574697666
Time: 22.816387176513672
---- Epoch 9 -----
Full acc: 0.935603427193963
F1: 0.5998626981176618
Time: 24.464223861694336
---- Epoch 10 -----
Full acc: 0.9354462164617104
F1: 0.6035843485769605
Time: 23.589041233062744
=============== Seed: 4 ================
========= layer0 =========
---- Epoch 1 -----
Full acc: 0.9891332448295137
F1: 0.9465503909270556
Time: 25.06183910369873
---- Epoch 2 -----
Full acc: 0.9893673141419788
F1: 0.9476531191413976
Time: 23.175513982772827
---- Epoch 3 -----
Full acc: 0.9893882755729457
F1: 0.9478695150363197
Time: 23.48738670349121
---- Epoch 4 -----
Full acc: 0.9893725544997205
F1: 0.9477615784864252
Time: 23.91086721420288
---- Epoch 5 -----
Full acc: 0.9894511598658469
F1: 0.9482791844914634
Time: 23.55293321609497
---- Epoch 6 -----
Full acc: 0.9893834719116825
F1: 0.9479349374109887
Time: 23.60905933380127
---- Epoch 7 -----
Full acc: 0.9893913324482951
F1: 0.9478197178016106
Time: 23.562203884124756
---- Epoch 8 -----
Full acc: 0.9894092370039128
F1: 0.9479347359381709
Time: 23.800923109054565
---- Epoch 9 -----
Full acc: 0.9893253912800447
F1: 0.9474641185345661
Time: 23.8378849029541
---- Epoch 10 -----
Full acc: 0.9893991929849077
F1: 0.9479085078121144
Time: 23.83153009414673
========= layer1 =========
---- Epoch 1 -----
Full acc: 0.9917180512856344
F1: 0.9595163738283443
Time: 25.23038673400879
---- Epoch 2 -----
Full acc: 0.9918101942425936
F1: 0.9599441259643398
Time: 23.660633325576782
---- Epoch 3 -----
Full acc: 0.9917468732532141
F1: 0.9596489917051872
Time: 23.979406356811523
---- Epoch 4 -----
Full acc: 0.9918525538010061
F1: 0.9601711251865277
Time: 22.944955348968506
---- Epoch 5 -----
Full acc: 0.9917975300447177
F1: 0.9600047697021704
Time: 23.525800943374634
---- Epoch 6 -----
Full acc: 0.991822421743991
F1: 0.9599196938434801
Time: 24.00700569152832
---- Epoch 7 -----
Full acc: 0.9918202382615987
F1: 0.9599289756014077
Time: 23.321200370788574
---- Epoch 8 -----
Full acc: 0.9918136878144215
F1: 0.9599211507542845
Time: 22.945075511932373
---- Epoch 9 -----
Full acc: 0.9918604143376187
F1: 0.9602414650014398
Time: 23.03435182571411
---- Epoch 10 -----
Full acc: 0.991790542901062
F1: 0.9598892200812074
Time: 23.89998698234558
========= layer2 =========
---- Epoch 1 -----
Full acc: 0.9877611444941308
F1: 0.9399786693622654
Time: 25.136184453964233
---- Epoch 2 -----
Full acc: 0.9883873672442706
F1: 0.9430063140568137
Time: 23.277587413787842
---- Epoch 3 -----
Full acc: 0.9880201055058692
F1: 0.9410576660700742
Time: 23.791410207748413
---- Epoch 4 -----
Full acc: 0.9882733894633874
F1: 0.9421997791567922
Time: 23.021902799606323
---- Epoch 5 -----
Full acc: 0.9884140057294578
F1: 0.9429140084560682
Time: 23.099907875061035
---- Epoch 6 -----
Full acc: 0.9884179359977641
F1: 0.9430315579650997
Time: 23.918007373809814
---- Epoch 7 -----
Full acc: 0.9884380240357742
F1: 0.9433275681969964
Time: 23.13563108444214
---- Epoch 8 -----
Full acc: 0.9884336570709894
F1: 0.9430895706470591
Time: 23.743083000183105
---- Epoch 9 -----
Full acc: 0.9884642258244829
F1: 0.9433184133618858
Time: 23.211217164993286
---- Epoch 10 -----
Full acc: 0.988388677333706
F1: 0.9430455802436344
Time: 23.885069608688354
========= x =========
---- Epoch 1 -----
Full acc: 0.9357047407769704
F1: 0.601314410586773
Time: 24.77825164794922
---- Epoch 2 -----
Full acc: 0.9354265651201789
F1: 0.604783185083818
Time: 23.672717809677124
---- Epoch 3 -----
Full acc: 0.9354051669927334
F1: 0.6072023219933452
Time: 23.452366590499878
---- Epoch 4 -----
Full acc: 0.9353881358300726
F1: 0.5974052124319059
Time: 23.47925329208374
---- Epoch 5 -----
Full acc: 0.935745353549469
F1: 0.6158377065872954
Time: 23.588371992111206
---- Epoch 6 -----
Full acc: 0.9354929429849078
F1: 0.6003614483907971
Time: 23.524495840072632
---- Epoch 7 -----
Full acc: 0.9355706749580771
F1: 0.6083429342026323
Time: 23.349670886993408
---- Epoch 8 -----
Full acc: 0.9356309390721074
F1: 0.6022816191509225
Time: 23.45818257331848
---- Epoch 9 -----
Full acc: 0.9355741685299049
F1: 0.6030447674449891
Time: 23.82627296447754
---- Epoch 10 -----
Full acc: 0.935435735746227
F1: 0.6089231347093381
Time: 23.421027183532715
