Loading rhel8/default-amp
  Loading requirement: dot rhel8/slurm singularity/current rhel8/global
    cuda/11.4 libpciaccess/0.16/gcc-9.4.0-6fonbj6
    libiconv/1.16/gcc-9.4.0-ahebbov libxml2/2.9.12/gcc-9.4.0-gnknt5e
    ncurses/6.2/gcc-9.4.0-aiirok7 hwloc/2.5.0/gcc-9.4.0-7sqomga
    libevent/2.1.12/gcc-9.4.0-hgny7cm numactl/2.0.14/gcc-9.4.0-52dwc6n
    cuda/11.4.0/gcc-9.4.0-3hnxhjt gdrcopy/2.2/gcc-9.4.0-e4igtfp
    knem/1.1.4/gcc-9.4.0-bpbxgva libnl/3.3.0/gcc-9.4.0-whwhrwb
    rdma-core/34.0/gcc-9.4.0-5eo5n2u ucx/1.11.1/gcc-9.4.0-lktqyl4
    openmpi/4.1.1/gcc-9.4.0-epagguv
Changed directory to /rds/user/tdb47/hpc-work/planning/thinker_private_planning/probing.

JobID: 58606154
======
Time: Fri Aug  9 22:58:33 BST 2024
Running on master node: gpu-q-74
Current directory: /rds/user/tdb47/hpc-work/planning/thinker_private_planning/probing

Nodes allocated:
================
gpu-q-74

numtasks=1, numnodes=1, mpi_tasks_per_node=1 (OMP_NUM_THREADS=1)

Executing command:
==================
python train_conv_probe.py --feature agent_onto_after --num_epochs 10 --weight_decay 0.001 --kernel 1 --model_name 10m 


test
=================================== FEATURE: agent_onto_after =========================================
=============== Seed: 0 ================
========= layer0 =========
---- Epoch 1 -----
Full acc: 0.908440782901521
F1: 0.3024173727604698
Time: 74.83141446113586
---- Epoch 2 -----
Full acc: 0.9082091671500386
F1: 0.3038694418268558
Time: 61.58391547203064
---- Epoch 3 -----
Full acc: 0.9088291588790066
F1: 0.3016722794303684
Time: 62.426056146621704
---- Epoch 4 -----
Full acc: 0.9090194866052247
F1: 0.3025876446738599
Time: 62.567280530929565
---- Epoch 5 -----
Full acc: 0.9079095772106213
F1: 0.30425470145188566
Time: 61.4454288482666
---- Epoch 6 -----
Full acc: 0.9083447798509066
F1: 0.3032447634349453
Time: 59.74957847595215
---- Epoch 7 -----
Full acc: 0.9085377929771419
F1: 0.30270663937344133
Time: 60.0601921081543
---- Epoch 8 -----
Full acc: 0.9086571254404056
F1: 0.3008337795464664
Time: 58.68179249763489
---- Epoch 9 -----
Full acc: 0.9084449788390478
F1: 0.3049395002347973
Time: 61.15700101852417
---- Epoch 10 -----
Full acc: 0.909561098221191
F1: 0.3000728032340431
Time: 60.668750286102295
========= layer1 =========
---- Epoch 1 -----
Full acc: 0.9166196721663659
F1: 0.3589934469049406
Time: 64.44698143005371
---- Epoch 2 -----
Full acc: 0.9164939618780613
F1: 0.3614818606715263
Time: 62.292638063430786
---- Epoch 3 -----
Full acc: 0.9150436780312795
F1: 0.3630961699637486
Time: 61.19605255126953
---- Epoch 4 -----
Full acc: 0.9163593562021999
F1: 0.3612527251645712
Time: 60.948647260665894
---- Epoch 5 -----
Full acc: 0.9165322288283063
F1: 0.35931499649993415
Time: 61.01575064659119
---- Epoch 6 -----
Full acc: 0.9159176078993727
F1: 0.3620414992293838
Time: 61.397932052612305
---- Epoch 7 -----
Full acc: 0.9159565461996219
F1: 0.3618011656358904
Time: 61.98452138900757
---- Epoch 8 -----
Full acc: 0.9155758907471857
F1: 0.36331183961385194
Time: 59.98945164680481
---- Epoch 9 -----
Full acc: 0.9164600587028444
F1: 0.36013461019851817
Time: 58.22365856170654
---- Epoch 10 -----
Full acc: 0.9161480487883475
F1: 0.3608068408531861
Time: 60.50629281997681
========= layer2 =========
---- Epoch 1 -----
Full acc: 0.9181043627008679
F1: 0.36080819858001273
Time: 66.00554156303406
---- Epoch 2 -----
Full acc: 0.918165455551259
F1: 0.3589293787328812
Time: 63.29335069656372
---- Epoch 3 -----
Full acc: 0.9178220600240612
F1: 0.3606150966825809
Time: 62.3469672203064
---- Epoch 4 -----
Full acc: 0.917934846824783
F1: 0.3610438948170195
Time: 62.47287654876709
---- Epoch 5 -----
Full acc: 0.9183928753652144
F1: 0.35986988856320423
Time: 62.25614833831787
---- Epoch 6 -----
Full acc: 0.9181167826759474
F1: 0.3606762090795114
Time: 61.35661482810974
---- Epoch 7 -----
Full acc: 0.918498109478388
F1: 0.36023618196253776
Time: 62.097439765930176
---- Epoch 8 -----
Full acc: 0.9180674384506317
F1: 0.3603150513447125
Time: 61.33067750930786
---- Epoch 9 -----
Full acc: 0.9180808654507175
F1: 0.3607523666909587
Time: 60.19968295097351
---- Epoch 10 -----
Full acc: 0.9178198781365472
F1: 0.35861653662607706
Time: 61.41568684577942
========= x =========
---- Epoch 1 -----
Full acc: 0.9225639729419094
F1: 0.19194450451085923
Time: 66.38069128990173
---- Epoch 2 -----
Full acc: 0.9225639729419094
F1: 0.19194450451085923
Time: 61.63160037994385
---- Epoch 3 -----
Full acc: 0.9225639729419094
F1: 0.19194450451085923
Time: 61.25858020782471
---- Epoch 4 -----
Full acc: 0.9225639729419094
F1: 0.19194450451085923
Time: 60.936068534851074
---- Epoch 5 -----
Full acc: 0.9225639729419094
F1: 0.19194450451085923
Time: 61.08759617805481
---- Epoch 6 -----
Full acc: 0.9225639729419094
F1: 0.19194450451085923
Time: 60.50000238418579
---- Epoch 7 -----
Full acc: 0.9225639729419094
F1: 0.19194450451085923
Time: 59.79211163520813
---- Epoch 8 -----
Full acc: 0.9225639729419094
F1: 0.19194450451085923
Time: 61.26021194458008
---- Epoch 9 -----
Full acc: 0.9225639729419094
F1: 0.19194450451085923
Time: 59.97206974029541
---- Epoch 10 -----
Full acc: 0.9225639729419094
F1: 0.19194450451085923
Time: 59.7842743396759
=============== Seed: 1 ================
========= layer0 =========
---- Epoch 1 -----
Full acc: 0.9079282071732405
F1: 0.30609552500337717
Time: 65.36608409881592
---- Epoch 2 -----
Full acc: 0.9081633475122455
F1: 0.30383523211575314
Time: 62.73789429664612
---- Epoch 3 -----
Full acc: 0.909139993930996
F1: 0.3012823874300935
Time: 61.29592752456665
---- Epoch 4 -----
Full acc: 0.9086722308155023
F1: 0.3011276838537841
Time: 61.72969388961792
---- Epoch 5 -----
Full acc: 0.908520002202028
F1: 0.3020571127000606
Time: 63.673741817474365
---- Epoch 6 -----
Full acc: 0.9089177770795738
F1: 0.30273682421571013
Time: 63.14642548561096
---- Epoch 7 -----
Full acc: 0.9090888034931683
F1: 0.2996073624733629
Time: 60.16274118423462
---- Epoch 8 -----
Full acc: 0.9076113299712125
F1: 0.30559211074982834
Time: 61.24566411972046
---- Epoch 9 -----
Full acc: 0.9082224263126235
F1: 0.3055668531005586
Time: 62.150309801101685
---- Epoch 10 -----
Full acc: 0.9085960325900146
F1: 0.3048576986641983
Time: 62.89672517776489
========= layer1 =========
---- Epoch 1 -----
Full acc: 0.9160157928375011
F1: 0.3640226222371008
Time: 66.49393224716187
---- Epoch 2 -----
Full acc: 0.9152494468075965
F1: 0.36360108156844506
Time: 60.40791654586792
---- Epoch 3 -----
Full acc: 0.9161799379135516
F1: 0.3586077557453461
Time: 59.88104438781738
---- Epoch 4 -----
Full acc: 0.9160976975380253
F1: 0.35901165599654405
Time: 60.376893043518066
---- Epoch 5 -----
Full acc: 0.9168091607050787
F1: 0.3573975963323509
Time: 60.40942692756653
---- Epoch 6 -----
Full acc: 0.9163647270022343
F1: 0.3582066787816466
Time: 61.33855104446411
---- Epoch 7 -----
Full acc: 0.9157994502986165
F1: 0.36099646764473176
Time: 60.830814838409424
---- Epoch 8 -----
Full acc: 0.9162685561141187
F1: 0.36021899325066553
Time: 61.78156280517578
---- Epoch 9 -----
Full acc: 0.9159157616868608
F1: 0.3622352167301487
Time: 61.363651275634766
---- Epoch 10 -----
Full acc: 0.9161757419760247
F1: 0.36126729369007177
Time: 60.49459409713745
========= layer2 =========
---- Epoch 1 -----
Full acc: 0.9182247021891381
F1: 0.35990131148574434
Time: 65.45061206817627
---- Epoch 2 -----
Full acc: 0.918511872153476
F1: 0.3577002112586523
Time: 61.91828417778015
---- Epoch 3 -----
Full acc: 0.9181268529260118
F1: 0.3603408893310923
Time: 61.18638205528259
---- Epoch 4 -----
Full acc: 0.9178881879994844
F1: 0.3609641836367516
Time: 62.412309885025024
---- Epoch 5 -----
Full acc: 0.9178594877868007
F1: 0.3591219238537625
Time: 61.52524185180664
---- Epoch 6 -----
Full acc: 0.9177894995488528
F1: 0.35926613503167115
Time: 61.769436836242676
---- Epoch 7 -----
Full acc: 0.9181594134012202
F1: 0.36086170726380534
Time: 61.57224893569946
---- Epoch 8 -----
Full acc: 0.9182386327017272
F1: 0.3602076583747827
Time: 62.3522162437439
---- Epoch 9 -----
Full acc: 0.9183950572527284
F1: 0.3599412989075696
Time: 62.61264991760254
---- Epoch 10 -----
Full acc: 0.9183381603398643
F1: 0.35955260924289534
Time: 61.554035902023315
========= x =========
---- Epoch 1 -----
Full acc: 0.9225639729419094
F1: 0.19194450451085923
Time: 64.41977977752686
---- Epoch 2 -----
Full acc: 0.9225639729419094
F1: 0.19194450451085923
Time: 58.436952352523804
---- Epoch 3 -----
Full acc: 0.9225639729419094
F1: 0.19194450451085923
Time: 58.40114951133728
---- Epoch 4 -----
Full acc: 0.9225639729419094
F1: 0.19194450451085923
Time: 59.82725954055786
---- Epoch 5 -----
Full acc: 0.9225639729419094
F1: 0.19194450451085923
Time: 61.38537406921387
---- Epoch 6 -----
Full acc: 0.9225639729419094
F1: 0.19194450451085923
Time: 60.317421197891235
---- Epoch 7 -----
Full acc: 0.9225639729419094
F1: 0.19194450451085923
Time: 60.15322160720825
---- Epoch 8 -----
Full acc: 0.9225639729419094
F1: 0.19194450451085923
Time: 59.90660500526428
---- Epoch 9 -----
Full acc: 0.9225639729419094
F1: 0.19194450451085923
Time: 60.87144351005554
---- Epoch 10 -----
Full acc: 0.9225639729419094
F1: 0.19194450451085923
Time: 61.58116292953491
=============== Seed: 2 ================
========= layer0 =========
---- Epoch 1 -----
Full acc: 0.907974698161038
F1: 0.3055390557742343
Time: 66.13506841659546
---- Epoch 2 -----
Full acc: 0.9094439476454412
F1: 0.2977279872599529
Time: 64.20134925842285
---- Epoch 3 -----
Full acc: 0.9086997561656784
F1: 0.30088821093852985
Time: 63.69599533081055
---- Epoch 4 -----
Full acc: 0.9083331990633324
F1: 0.2994173942731752
Time: 63.97406578063965
---- Epoch 5 -----
Full acc: 0.9091930305813354
F1: 0.2991759683973304
Time: 62.21775221824646
---- Epoch 6 -----
Full acc: 0.9091591274061184
F1: 0.30003543458814186
Time: 60.461450815200806
---- Epoch 7 -----
Full acc: 0.9087568209160437
F1: 0.3029366221602424
Time: 60.83515238761902
---- Epoch 8 -----
Full acc: 0.9087803181661941
F1: 0.30199710200113306
Time: 60.3711724281311
---- Epoch 9 -----
Full acc: 0.908795927053794
F1: 0.30136697303942744
Time: 62.48998546600342
---- Epoch 10 -----
Full acc: 0.9081281016370198
F1: 0.3050049544986545
Time: 61.69118595123291
========= layer1 =========
---- Epoch 1 -----
Full acc: 0.9156769289228324
F1: 0.3624988223837263
Time: 65.64684820175171
---- Epoch 2 -----
Full acc: 0.9167890202049497
F1: 0.3585435213527421
Time: 61.56043195724487
---- Epoch 3 -----
Full acc: 0.9164092039400189
F1: 0.36038651822584533
Time: 61.432997941970825
---- Epoch 4 -----
Full acc: 0.9158823620241471
F1: 0.3610298752603233
Time: 60.34620976448059
---- Epoch 5 -----
Full acc: 0.9161007186130447
F1: 0.3632329555885684
Time: 61.34355688095093
---- Epoch 6 -----
Full acc: 0.9154849228216035
F1: 0.363544704926247
Time: 60.10154676437378
---- Epoch 7 -----
Full acc: 0.9166431694165162
F1: 0.3577922635999819
Time: 62.22078251838684
---- Epoch 8 -----
Full acc: 0.9151960744822549
F1: 0.3640237114065769
Time: 61.020304679870605
---- Epoch 9 -----
Full acc: 0.9166005386912435
F1: 0.3588759274414267
Time: 61.639100313186646
---- Epoch 10 -----
Full acc: 0.9161490558133539
F1: 0.35978056138035536
Time: 60.271650314331055
========= layer2 =========
---- Epoch 1 -----
Full acc: 0.9181864352388932
F1: 0.35951320273001286
Time: 64.89467453956604
---- Epoch 2 -----
Full acc: 0.918090935700782
F1: 0.36096833671253153
Time: 60.82307958602905
---- Epoch 3 -----
Full acc: 0.9177910100863624
F1: 0.36114880587271625
Time: 61.7577748298645
---- Epoch 4 -----
Full acc: 0.9182817669395034
F1: 0.36094012474609755
Time: 61.37946891784668
---- Epoch 5 -----
Full acc: 0.9180145696377933
F1: 0.36304683643211033
Time: 59.6479606628418
---- Epoch 6 -----
Full acc: 0.9185447683036865
F1: 0.36005756731629057
Time: 61.16665291786194
---- Epoch 7 -----
Full acc: 0.9183311111648191
F1: 0.35969023566128444
Time: 60.54478120803833
---- Epoch 8 -----
Full acc: 0.9184660525156827
F1: 0.3596792537449779
Time: 60.36570191383362
---- Epoch 9 -----
Full acc: 0.9182815991020022
F1: 0.36032491526388616
Time: 60.11346745491028
---- Epoch 10 -----
Full acc: 0.9178900342119962
F1: 0.3612008178610053
Time: 61.44145226478577
========= x =========
---- Epoch 1 -----
Full acc: 0.9225639729419094
F1: 0.19194450451085923
Time: 63.65453600883484
---- Epoch 2 -----
Full acc: 0.9225639729419094
F1: 0.19194450451085923
Time: 60.928375244140625
---- Epoch 3 -----
Full acc: 0.9225639729419094
F1: 0.19194450451085923
Time: 61.1680588722229
---- Epoch 4 -----
Full acc: 0.9225639729419094
F1: 0.19194450451085923
Time: 59.518216609954834
---- Epoch 5 -----
Full acc: 0.9225639729419094
F1: 0.19194450451085923
Time: 60.552814245224
---- Epoch 6 -----
Full acc: 0.9225639729419094
F1: 0.19194450451085923
Time: 60.91434574127197
---- Epoch 7 -----
Full acc: 0.9225639729419094
F1: 0.19194450451085923
Time: 58.9248948097229
---- Epoch 8 -----
Full acc: 0.9225639729419094
F1: 0.19194450451085923
Time: 59.38137984275818
---- Epoch 9 -----
Full acc: 0.9225639729419094
F1: 0.19194450451085923
Time: 59.490912437438965
---- Epoch 10 -----
Full acc: 0.9225639729419094
F1: 0.19194450451085923
Time: 60.60600256919861
=============== Seed: 3 ================
========= layer0 =========
---- Epoch 1 -----
Full acc: 0.9101146262997336
F1: 0.29942226900891766
Time: 64.27674674987793
---- Epoch 2 -----
Full acc: 0.908128437312022
F1: 0.3025114386119745
Time: 59.19805097579956
---- Epoch 3 -----
Full acc: 0.9082291398126665
F1: 0.30380510532109006
Time: 60.198641538619995
---- Epoch 4 -----
Full acc: 0.9092242483565351
F1: 0.30053616111994474
Time: 60.78470158576965
---- Epoch 5 -----
Full acc: 0.9086812940405603
F1: 0.30330896832667104
Time: 60.89930605888367
---- Epoch 6 -----
Full acc: 0.9076249248087995
F1: 0.30630268376012804
Time: 61.96258735656738
---- Epoch 7 -----
Full acc: 0.909477347308155
F1: 0.3017321203419144
Time: 61.114943504333496
---- Epoch 8 -----
Full acc: 0.9076489255714532
F1: 0.3065702851154591
Time: 62.332560777664185
---- Epoch 9 -----
Full acc: 0.909382015607545
F1: 0.3016296959291651
Time: 62.22431421279907
---- Epoch 10 -----
Full acc: 0.9083078556006703
F1: 0.3041167708992557
Time: 62.41956281661987
========= layer1 =========
---- Epoch 1 -----
Full acc: 0.9153060080454585
F1: 0.3642274225920254
Time: 65.52391529083252
---- Epoch 2 -----
Full acc: 0.9164028261149781
F1: 0.3596369223369103
Time: 59.927313804626465
---- Epoch 3 -----
Full acc: 0.9159870926248174
F1: 0.36103839496991474
Time: 61.483094215393066
---- Epoch 4 -----
Full acc: 0.9168727711179857
F1: 0.35780844283319463
Time: 62.721601247787476
---- Epoch 5 -----
Full acc: 0.9161337826007562
F1: 0.3618647155684579
Time: 61.11881351470947
---- Epoch 6 -----
Full acc: 0.9157240912606341
F1: 0.36244387335677847
Time: 60.37806296348572
---- Epoch 7 -----
Full acc: 0.9155862966722523
F1: 0.36311133858801325
Time: 60.16352915763855
---- Epoch 8 -----
Full acc: 0.9159981698998882
F1: 0.362390622855724
Time: 61.1857008934021
---- Epoch 9 -----
Full acc: 0.9159189505993813
F1: 0.360892662563138
Time: 61.697067737579346
---- Epoch 10 -----
Full acc: 0.9157965970610982
F1: 0.3614509881178631
Time: 62.347848415374756
========= layer2 =========
---- Epoch 1 -----
Full acc: 0.9182644796768926
F1: 0.36125057386547355
Time: 62.697457790374756
---- Epoch 2 -----
Full acc: 0.917984526725101
F1: 0.360713833124511
Time: 63.07182049751282
---- Epoch 3 -----
Full acc: 0.9180093666752599
F1: 0.3589812214695397
Time: 61.469908237457275
---- Epoch 4 -----
Full acc: 0.9181394407385924
F1: 0.36035520967229817
Time: 62.48361325263977
---- Epoch 5 -----
Full acc: 0.9184309744779582
F1: 0.3591850117003691
Time: 62.01565933227539
---- Epoch 6 -----
Full acc: 0.9178066189739623
F1: 0.3608037424198663
Time: 61.29712796211243
---- Epoch 7 -----
Full acc: 0.9183055998646559
F1: 0.3611780791664373
Time: 60.10256767272949
---- Epoch 8 -----
Full acc: 0.9184783046532612
F1: 0.3579068053580851
Time: 60.87625741958618
---- Epoch 9 -----
Full acc: 0.9181557209761966
F1: 0.3607496759179808
Time: 61.14852333068848
---- Epoch 10 -----
Full acc: 0.9181459864011343
F1: 0.36015477210370533
Time: 59.69841551780701
========= x =========
---- Epoch 1 -----
Full acc: 0.9225639729419094
F1: 0.19194450451085923
Time: 63.90220594406128
---- Epoch 2 -----
Full acc: 0.9225639729419094
F1: 0.19194450451085923
Time: 62.71857500076294
---- Epoch 3 -----
Full acc: 0.9225639729419094
F1: 0.19194450451085923
Time: 60.192933559417725
---- Epoch 4 -----
Full acc: 0.9225639729419094
F1: 0.19194450451085923
Time: 60.320608615875244
---- Epoch 5 -----
Full acc: 0.9225639729419094
F1: 0.19194450451085923
Time: 60.11965370178223
---- Epoch 6 -----
Full acc: 0.9225639729419094
F1: 0.19194450451085923
Time: 59.93793773651123
---- Epoch 7 -----
Full acc: 0.9225639729419094
F1: 0.19194450451085923
Time: 60.54974961280823
---- Epoch 8 -----
Full acc: 0.9225639729419094
F1: 0.19194450451085923
Time: 61.019859790802
---- Epoch 9 -----
Full acc: 0.9225639729419094
F1: 0.19194450451085923
Time: 61.97975254058838
---- Epoch 10 -----
Full acc: 0.9225639729419094
F1: 0.19194450451085923
Time: 60.43211603164673
=============== Seed: 4 ================
========= layer0 =========
---- Epoch 1 -----
Full acc: 0.9094323668578671
F1: 0.29939536197734706
Time: 64.4346616268158
---- Epoch 2 -----
Full acc: 0.9085920044899888
F1: 0.3026117898358066
Time: 60.169703245162964
---- Epoch 3 -----
Full acc: 0.9082163841625849
F1: 0.3033393434326758
Time: 62.059431314468384
---- Epoch 4 -----
Full acc: 0.9090367738678353
F1: 0.30253499774782094
Time: 61.84929919242859
---- Epoch 5 -----
Full acc: 0.9083577033384893
F1: 0.3015808011775995
Time: 60.69104766845703
---- Epoch 6 -----
Full acc: 0.9079263609607288
F1: 0.3061793223464977
Time: 61.45599579811096
---- Epoch 7 -----
Full acc: 0.9089332181296726
F1: 0.3017366785691495
Time: 62.05334115028381
---- Epoch 8 -----
Full acc: 0.9085641434648105
F1: 0.3030458466715017
Time: 59.98100781440735
---- Epoch 9 -----
Full acc: 0.9085953612400103
F1: 0.30473977580701594
Time: 60.241145610809326
---- Epoch 10 -----
Full acc: 0.9085953612400103
F1: 0.3065540447058138
Time: 62.74490928649902
========= layer1 =========
---- Epoch 1 -----
Full acc: 0.9151880182822033
F1: 0.36548151221606184
Time: 63.943432569503784
---- Epoch 2 -----
Full acc: 0.9153749892583999
F1: 0.36325701693292844
Time: 61.029154539108276
---- Epoch 3 -----
Full acc: 0.91582345106127
F1: 0.36359117274195796
Time: 61.3834810256958
---- Epoch 4 -----
Full acc: 0.9163838604773568
F1: 0.35929508620006845
Time: 60.341320276260376
---- Epoch 5 -----
Full acc: 0.91571251047306
F1: 0.36243951509845773
Time: 60.722286224365234
---- Epoch 6 -----
Full acc: 0.916395776939933
F1: 0.3601615662557422
Time: 62.25816345214844
---- Epoch 7 -----
Full acc: 0.9163900704648964
F1: 0.3591311770647981
Time: 60.914732933044434
---- Epoch 8 -----
Full acc: 0.9163450900146086
F1: 0.36129853780696725
Time: 60.93792676925659
---- Epoch 9 -----
Full acc: 0.916803286392541
F1: 0.35520492015245797
Time: 59.93050789833069
---- Epoch 10 -----
Full acc: 0.916472982190427
F1: 0.36013259515078794
Time: 61.07279181480408
========= layer2 =========
---- Epoch 1 -----
Full acc: 0.9181866030763942
F1: 0.3598165028850583
Time: 66.47362780570984
---- Epoch 2 -----
Full acc: 0.9182695148019249
F1: 0.36007424818686584
Time: 61.023683309555054
---- Epoch 3 -----
Full acc: 0.9178054441114548
F1: 0.360377385170399
Time: 62.562381982803345
---- Epoch 4 -----
Full acc: 0.9178499210492395
F1: 0.36227516499507684
Time: 61.38995409011841
---- Epoch 5 -----
Full acc: 0.9183250690147804
F1: 0.35902752259837833
Time: 60.5090594291687
---- Epoch 6 -----
Full acc: 0.9182258770516456
F1: 0.3608645921061834
Time: 61.60241770744324
---- Epoch 7 -----
Full acc: 0.9183666927150468
F1: 0.36002674522805356
Time: 62.63712930679321
---- Epoch 8 -----
Full acc: 0.9177906744113603
F1: 0.36153594544001055
Time: 60.802529096603394
---- Epoch 9 -----
Full acc: 0.9181770363388331
F1: 0.3602134130265423
Time: 61.84357976913452
---- Epoch 10 -----
Full acc: 0.918100166763341
F1: 0.3623940201094663
Time: 60.55060839653015
========= x =========
---- Epoch 1 -----
Full acc: 0.9225639729419094
F1: 0.19194450451085923
Time: 64.38207983970642
---- Epoch 2 -----
Full acc: 0.9225639729419094
F1: 0.19194450451085923
Time: 59.5440411567688
---- Epoch 3 -----
Full acc: 0.9225639729419094
F1: 0.19194450451085923
Time: 61.391114711761475
---- Epoch 4 -----
Full acc: 0.9225639729419094
F1: 0.19194450451085923
Time: 59.9414918422699
---- Epoch 5 -----
Full acc: 0.9225639729419094
F1: 0.19194450451085923
Time: 61.02955102920532
---- Epoch 6 -----
Full acc: 0.9225639729419094
F1: 0.19194450451085923
Time: 59.88158130645752
---- Epoch 7 -----
Full acc: 0.9225639729419094
F1: 0.19194450451085923
Time: 60.544026136398315
---- Epoch 8 -----
Full acc: 0.9225639729419094
F1: 0.19194450451085923
Time: 60.522780418395996
---- Epoch 9 -----
Full acc: 0.9225639729419094
F1: 0.19194450451085923
Time: 59.69900631904602
---- Epoch 10 -----
Full acc: 0.9225639729419094
F1: 0.19194450451085923
Time: 60.53636312484741
