Changed directory to /rds/user/tdb47/hpc-work/planning/thinker_private_planning/probing.

JobID: 58451492
======
Time: Thu Aug  8 11:09:35 BST 2024
Running on master node: gpu-q-78
Current directory: /rds/user/tdb47/hpc-work/planning/thinker_private_planning/probing

Nodes allocated:
================
gpu-q-78

numtasks=1, numnodes=1, mpi_tasks_per_node=1 (OMP_NUM_THREADS=1)

Executing command:
==================
python3 train_conv_probe_34.py --feature agent_onto --num_epochs 10 --weight_decay 0.001 --kernel 1 --model_name 250m 


test
=================================== FEATURE: agent_onto =========================================
=============== Seed: 3 ================
========= layer0 =========
---- Epoch 1 -----
Full acc: 0.9693009998886694
F1: 0.9273260931559425
Time: 30.66298222541809
---- Epoch 2 -----
Full acc: 0.9693562303431769
F1: 0.927343667833199
Time: 23.914637804031372
---- Epoch 3 -----
Full acc: 0.9696280337610287
F1: 0.9281217419405967
Time: 23.198118686676025
---- Epoch 4 -----
Full acc: 0.9692409856940076
F1: 0.9270012498619579
Time: 23.555591344833374
---- Epoch 5 -----
Full acc: 0.9692879533246125
F1: 0.9271474536528401
Time: 23.537566423416138
---- Epoch 6 -----
Full acc: 0.9694601679701633
F1: 0.9276935131634358
Time: 23.057488918304443
---- Epoch 7 -----
Full acc: 0.9696484733780512
F1: 0.9282732424416202
Time: 23.484857082366943
---- Epoch 8 -----
Full acc: 0.9694875657546829
F1: 0.9278110794899179
Time: 24.454962015151978
---- Epoch 9 -----
Full acc: 0.9694375539257981
F1: 0.9274045180943802
Time: 23.999387502670288
---- Epoch 10 -----
Full acc: 0.9696010708619778
F1: 0.9281790094598913
Time: 23.87843084335327
========= layer1 =========
---- Epoch 1 -----
Full acc: 0.9751119395196081
F1: 0.9413888914492651
Time: 25.238704681396484
---- Epoch 2 -----
Full acc: 0.9752837192796905
F1: 0.9419199506206146
Time: 23.918362140655518
---- Epoch 3 -----
Full acc: 0.975328077597484
F1: 0.9418781913106196
Time: 24.535420656204224
---- Epoch 4 -----
Full acc: 0.9752745866848507
F1: 0.9417671525976121
Time: 24.17934226989746
---- Epoch 5 -----
Full acc: 0.9751893491330124
F1: 0.9417173119535136
Time: 24.149211645126343
---- Epoch 6 -----
Full acc: 0.9752406656183028
F1: 0.9417251039690964
Time: 24.27211904525757
---- Epoch 7 -----
Full acc: 0.9751819560800468
F1: 0.9415270110208079
Time: 23.797178506851196
---- Epoch 8 -----
Full acc: 0.9753785243118372
F1: 0.9420416854346669
Time: 23.473158836364746
---- Epoch 9 -----
Full acc: 0.9753450381307579
F1: 0.9419730177039972
Time: 23.63703155517578
---- Epoch 10 -----
Full acc: 0.9753011146984331
F1: 0.9418176528318741
Time: 22.962170839309692
========= layer2 =========
---- Epoch 1 -----
Full acc: 0.9763300537170531
F1: 0.9432522661350694
Time: 25.387221813201904
---- Epoch 2 -----
Full acc: 0.976840609257146
F1: 0.9445320523369781
Time: 23.86271858215332
---- Epoch 3 -----
Full acc: 0.9767453693395307
F1: 0.9442247656518098
Time: 23.908557653427124
---- Epoch 4 -----
Full acc: 0.9767397158284394
F1: 0.9442025341809813
Time: 24.3586483001709
---- Epoch 5 -----
Full acc: 0.9768288673494948
F1: 0.9444135520721942
Time: 24.286933660507202
---- Epoch 6 -----
Full acc: 0.9768480023101116
F1: 0.9445100526475428
Time: 24.20606303215027
---- Epoch 7 -----
Full acc: 0.976788857886387
F1: 0.9444073523575811
Time: 24.708841800689697
---- Epoch 8 -----
Full acc: 0.9767140575857942
F1: 0.9441356810710257
Time: 24.676560163497925
---- Epoch 9 -----
Full acc: 0.9768623535305742
F1: 0.9445382636360983
Time: 24.364389657974243
---- Epoch 10 -----
Full acc: 0.9767845090317014
F1: 0.9443288604952138
Time: 24.189834356307983
========= x =========
---- Epoch 1 -----
Full acc: 0.8242253820033956
F1: 0.29102613576565517
Time: 24.49183487892151
---- Epoch 2 -----
Full acc: 0.8242253820033956
F1: 0.29102613576565517
Time: 23.292316675186157
---- Epoch 3 -----
Full acc: 0.8242253820033956
F1: 0.29102613576565517
Time: 23.806347131729126
---- Epoch 4 -----
Full acc: 0.8242253820033956
F1: 0.29102613576565517
Time: 23.04607653617859
---- Epoch 5 -----
Full acc: 0.8242253820033956
F1: 0.29102613576565517
Time: 23.880953550338745
---- Epoch 6 -----
Full acc: 0.8242253820033956
F1: 0.29102613576565517
Time: 23.186875581741333
---- Epoch 7 -----
Full acc: 0.8242253820033956
F1: 0.29102613576565517
Time: 23.0504891872406
---- Epoch 8 -----
Full acc: 0.8242253820033956
F1: 0.29102613576565517
Time: 30.59822177886963
---- Epoch 9 -----
Full acc: 0.8242253820033956
F1: 0.29102613576565517
Time: 23.737110376358032
---- Epoch 10 -----
Full acc: 0.8242253820033956
F1: 0.29102613576565517
Time: 23.523675680160522
=============== Seed: 4 ================
========= layer0 =========
---- Epoch 1 -----
Full acc: 0.9691513992874836
F1: 0.9267388863814989
Time: 24.699434757232666
---- Epoch 2 -----
Full acc: 0.9693831932422278
F1: 0.9274366273832371
Time: 23.328893899917603
---- Epoch 3 -----
Full acc: 0.9695688893373041
F1: 0.9280096295800948
Time: 24.01220440864563
---- Epoch 4 -----
Full acc: 0.9696423849814912
F1: 0.9282968788198147
Time: 22.856863975524902
---- Epoch 5 -----
Full acc: 0.9696584757438281
F1: 0.9284199532368455
Time: 23.717939615249634
---- Epoch 6 -----
Full acc: 0.9694980030059284
F1: 0.9279275761436968
Time: 23.534461498260498
---- Epoch 7 -----
Full acc: 0.9696536920036739
F1: 0.9281841647009423
Time: 23.598150968551636
---- Epoch 8 -----
Full acc: 0.9695928080380751
F1: 0.928063475340752
Time: 24.15396738052368
---- Epoch 9 -----
Full acc: 0.9696284686464972
F1: 0.9282379149763458
Time: 24.236239910125732
---- Epoch 10 -----
Full acc: 0.9695628009407442
F1: 0.9279152809634504
Time: 24.180602312088013
========= layer1 =========
---- Epoch 1 -----
Full acc: 0.9752858937070333
F1: 0.9418307216577154
Time: 25.7956326007843
---- Epoch 2 -----
Full acc: 0.9751771723398925
F1: 0.9414457250424444
Time: 23.773173093795776
---- Epoch 3 -----
Full acc: 0.9753502567563807
F1: 0.9420437895003768
Time: 23.835697650909424
---- Epoch 4 -----
Full acc: 0.9754998573575663
F1: 0.9425204795724619
Time: 24.2424955368042
---- Epoch 5 -----
Full acc: 0.9754189686604136
F1: 0.9421850083823197
Time: 23.434128761291504
---- Epoch 6 -----
Full acc: 0.9753763498844944
F1: 0.9420703103818361
Time: 23.960318565368652
---- Epoch 7 -----
Full acc: 0.9752611052353253
F1: 0.9417535970118078
Time: 23.492345094680786
---- Epoch 8 -----
Full acc: 0.9754059220963567
F1: 0.9421545593188613
Time: 23.59988784790039
---- Epoch 9 -----
Full acc: 0.9752167469175318
F1: 0.9415458530871315
Time: 23.09646701812744
---- Epoch 10 -----
Full acc: 0.9753385148487295
F1: 0.9421417785577276
Time: 23.689176321029663
========= layer2 =========
---- Epoch 1 -----
Full acc: 0.9760082384703165
F1: 0.9423582465070987
Time: 25.387994289398193
---- Epoch 2 -----
Full acc: 0.9769101909321161
F1: 0.9446730023758909
Time: 24.17787504196167
---- Epoch 3 -----
Full acc: 0.9768671372707284
F1: 0.9445917216221762
Time: 24.31790041923523
---- Epoch 4 -----
Full acc: 0.9769014932227449
F1: 0.9446226155424511
Time: 24.153560400009155
---- Epoch 5 -----
Full acc: 0.9767566763617134
F1: 0.9442880298537023
Time: 24.385940551757812
---- Epoch 6 -----
Full acc: 0.9767423251412508
F1: 0.9442021576278614
Time: 24.19670343399048
---- Epoch 7 -----
Full acc: 0.9767910323137299
F1: 0.9443175012572592
Time: 24.20479679107666
---- Epoch 8 -----
Full acc: 0.9767945113974784
F1: 0.9443639283070411
Time: 24.26412582397461
---- Epoch 9 -----
Full acc: 0.97678494391717
F1: 0.9444143630070515
Time: 24.374855995178223
---- Epoch 10 -----
Full acc: 0.9768936652843108
F1: 0.9446727243570385
Time: 24.36351203918457
========= x =========
---- Epoch 1 -----
Full acc: 0.8242253820033956
F1: 0.29102613576565517
Time: 25.502583265304565
---- Epoch 2 -----
Full acc: 0.8242253820033956
F1: 0.29102613576565517
Time: 23.64814567565918
---- Epoch 3 -----
Full acc: 0.8242253820033956
F1: 0.29102613576565517
Time: 23.516393423080444
---- Epoch 4 -----
Full acc: 0.8242253820033956
F1: 0.29102613576565517
Time: 23.26542568206787
---- Epoch 5 -----
Full acc: 0.8242253820033956
F1: 0.29102613576565517
Time: 23.813570022583008
---- Epoch 6 -----
Full acc: 0.8242253820033956
F1: 0.29102613576565517
Time: 23.382376432418823
---- Epoch 7 -----
Full acc: 0.8242253820033956
F1: 0.29102613576565517
Time: 22.912029266357422
---- Epoch 8 -----
Full acc: 0.8242253820033956
F1: 0.29102613576565517
Time: 23.16142439842224
---- Epoch 9 -----
Full acc: 0.8242253820033956
F1: 0.29102613576565517
Time: 23.294727563858032
---- Epoch 10 -----
Full acc: 0.8242253820033956
F1: 0.29102613576565517
Time: 23.25120735168457
