Loading rhel8/default-amp
  Loading requirement: dot rhel8/slurm singularity/current rhel8/global
    cuda/11.4 libpciaccess/0.16/gcc-9.4.0-6fonbj6
    libiconv/1.16/gcc-9.4.0-ahebbov libxml2/2.9.12/gcc-9.4.0-gnknt5e
    ncurses/6.2/gcc-9.4.0-aiirok7 hwloc/2.5.0/gcc-9.4.0-7sqomga
    libevent/2.1.12/gcc-9.4.0-hgny7cm numactl/2.0.14/gcc-9.4.0-52dwc6n
    cuda/11.4.0/gcc-9.4.0-3hnxhjt gdrcopy/2.2/gcc-9.4.0-e4igtfp
    knem/1.1.4/gcc-9.4.0-bpbxgva libnl/3.3.0/gcc-9.4.0-whwhrwb
    rdma-core/34.0/gcc-9.4.0-5eo5n2u ucx/1.11.1/gcc-9.4.0-lktqyl4
    openmpi/4.1.1/gcc-9.4.0-epagguv
Changed directory to /rds/user/tdb47/hpc-work/planning/thinker_private_planning/probing.

JobID: 58640743
======
Time: Sat Aug 10 10:19:16 BST 2024
Running on master node: gpu-q-39
Current directory: /rds/user/tdb47/hpc-work/planning/thinker_private_planning/probing

Nodes allocated:
================
gpu-q-39

numtasks=1, numnodes=1, mpi_tasks_per_node=1 (OMP_NUM_THREADS=1)

Executing command:
==================
python train_conv_probe.py --feature tracked_box_next_push_from --num_epochs 10 --weight_decay 0.001 --kernel 3 --model_name 250m 


test
=================================== FEATURE: tracked_box_next_push_from =========================================
=============== Seed: 0 ================
========= layer0 =========
---- Epoch 1 -----
Full acc: 0.9900119854435135
F1: 0.9524963855720724
Time: 26.79447889328003
---- Epoch 2 -----
Full acc: 0.9901472348242367
F1: 0.953168989338173
Time: 23.791898727416992
---- Epoch 3 -----
Full acc: 0.9899132664421498
F1: 0.9518072789833693
Time: 24.120205640792847
---- Epoch 4 -----
Full acc: 0.9900224226947592
F1: 0.9525169552736747
Time: 23.4865300655365
---- Epoch 5 -----
Full acc: 0.9899950249102396
F1: 0.9525743358015732
Time: 22.960461139678955
---- Epoch 6 -----
Full acc: 0.9902050745915556
F1: 0.9536747752435761
Time: 23.3684401512146
---- Epoch 7 -----
Full acc: 0.9900676507834897
F1: 0.9528054503412663
Time: 23.3661470413208
---- Epoch 8 -----
Full acc: 0.990142016198614
F1: 0.9532149741803126
Time: 23.3857159614563
---- Epoch 9 -----
Full acc: 0.9900498204792786
F1: 0.9526372443487621
Time: 23.439549446105957
---- Epoch 10 -----
Full acc: 0.9900850462022321
F1: 0.9527995445370322
Time: 23.109949350357056
========= layer1 =========
---- Epoch 1 -----
Full acc: 0.9924208160538841
F1: 0.9641570279208279
Time: 25.169432163238525
---- Epoch 2 -----
Full acc: 0.9920542076038854
F1: 0.9623870076559968
Time: 23.795738697052002
---- Epoch 3 -----
Full acc: 0.9922164198836594
F1: 0.9630873175299149
Time: 22.966208934783936
---- Epoch 4 -----
Full acc: 0.9920976961507417
F1: 0.9624580853230968
Time: 23.43304967880249
---- Epoch 5 -----
Full acc: 0.9923847205599933
F1: 0.9639616463503732
Time: 23.113362312316895
---- Epoch 6 -----
Full acc: 0.9924190765120098
F1: 0.9641966636679935
Time: 23.483175039291382
---- Epoch 7 -----
Full acc: 0.9923594972028167
F1: 0.9638087626094605
Time: 23.138230323791504
---- Epoch 8 -----
Full acc: 0.9924299486487239
F1: 0.9642510212086921
Time: 23.28935670852661
---- Epoch 9 -----
Full acc: 0.9923394924712627
F1: 0.9637507434030057
Time: 23.437681198120117
---- Epoch 10 -----
Full acc: 0.9924351672743467
F1: 0.9642854943055946
Time: 23.73078680038452
========= layer2 =========
---- Epoch 1 -----
Full acc: 0.988122842968076
F1: 0.9434754983225401
Time: 25.18509578704834
---- Epoch 2 -----
Full acc: 0.9887921317041943
F1: 0.9467485453583708
Time: 23.737523794174194
---- Epoch 3 -----
Full acc: 0.9886386171337916
F1: 0.9457423587587929
Time: 23.27094268798828
---- Epoch 4 -----
Full acc: 0.9886716684294025
F1: 0.9458709705572491
Time: 24.18110203742981
---- Epoch 5 -----
Full acc: 0.9888643226919759
F1: 0.9471179859978108
Time: 23.944700956344604
---- Epoch 6 -----
Full acc: 0.9887012406412647
F1: 0.9461847090088467
Time: 23.41103959083557
---- Epoch 7 -----
Full acc: 0.9886233961423919
F1: 0.9457376239882846
Time: 24.132030487060547
---- Epoch 8 -----
Full acc: 0.988676017284088
F1: 0.9460828872853017
Time: 23.50283193588257
---- Epoch 9 -----
Full acc: 0.9887386407915612
F1: 0.9464418305952723
Time: 23.393705129623413
---- Epoch 10 -----
Full acc: 0.9887843037657602
F1: 0.9466394656911834
Time: 23.375088930130005
========= x =========
---- Epoch 1 -----
Full acc: 0.9336625706254001
F1: 0.5956741855965224
Time: 24.806389331817627
---- Epoch 2 -----
Full acc: 0.9337182359653762
F1: 0.6126897645318845
Time: 23.24234390258789
---- Epoch 3 -----
Full acc: 0.9335547190291965
F1: 0.6059260176315532
Time: 23.19970726966858
---- Epoch 4 -----
Full acc: 0.9334603488825183
F1: 0.6025895767587434
Time: 22.69929313659668
---- Epoch 5 -----
Full acc: 0.9333785904144285
F1: 0.6079122420407923
Time: 23.712119817733765
---- Epoch 6 -----
Full acc: 0.9334442581201815
F1: 0.6061262726608262
Time: 23.571364164352417
---- Epoch 7 -----
Full acc: 0.9332207269893401
F1: 0.5983531947394302
Time: 23.94109582901001
---- Epoch 8 -----
Full acc: 0.9335473259762309
F1: 0.6088212028354415
Time: 23.015551567077637
---- Epoch 9 -----
Full acc: 0.9334133812519135
F1: 0.6086978744719403
Time: 23.537522792816162
---- Epoch 10 -----
Full acc: 0.9336343030699435
F1: 0.6129026530265405
Time: 23.002185821533203
=============== Seed: 1 ================
========= layer0 =========
---- Epoch 1 -----
Full acc: 0.9899971993375825
F1: 0.9524128727927257
Time: 25.596914529800415
---- Epoch 2 -----
Full acc: 0.9900380785716274
F1: 0.9525659370127328
Time: 24.35619616508484
---- Epoch 3 -----
Full acc: 0.9900259017785076
F1: 0.9526378067391228
Time: 23.911905765533447
---- Epoch 4 -----
Full acc: 0.9901868094018759
F1: 0.9534628084004116
Time: 23.99079394340515
---- Epoch 5 -----
Full acc: 0.990066346127084
F1: 0.9527344962443355
Time: 23.572346687316895
---- Epoch 6 -----
Full acc: 0.9901159230705001
F1: 0.9530024813895782
Time: 24.023807048797607
---- Epoch 7 -----
Full acc: 0.9898415103398369
F1: 0.9514744222279927
Time: 24.26238441467285
---- Epoch 8 -----
Full acc: 0.9899328362882351
F1: 0.9520628366359289
Time: 24.29057240486145
---- Epoch 9 -----
Full acc: 0.9900967881098833
F1: 0.9529931467261168
Time: 24.12488555908203
---- Epoch 10 -----
Full acc: 0.9900876555150435
F1: 0.9529135429599621
Time: 23.74423313140869
========= layer1 =========
---- Epoch 1 -----
Full acc: 0.9922225082802193
F1: 0.9631005141663984
Time: 25.853421688079834
---- Epoch 2 -----
Full acc: 0.9924082043752958
F1: 0.9641029226394027
Time: 23.861120462417603
---- Epoch 3 -----
Full acc: 0.9924734371955801
F1: 0.9644639824896771
Time: 23.827604293823242
---- Epoch 4 -----
Full acc: 0.992226857134905
F1: 0.963174637185499
Time: 23.568179607391357
---- Epoch 5 -----
Full acc: 0.9920220260792117
F1: 0.9620480993017844
Time: 24.129246711730957
---- Epoch 6 -----
Full acc: 0.9924155974282612
F1: 0.964207726533896
Time: 23.934997081756592
---- Epoch 7 -----
Full acc: 0.9923042667483092
F1: 0.9635197202958663
Time: 23.597886085510254
---- Epoch 8 -----
Full acc: 0.9922864364440981
F1: 0.9634100806393385
Time: 24.045955419540405
---- Epoch 9 -----
Full acc: 0.9924429952127808
F1: 0.9643091142490372
Time: 23.779977321624756
---- Epoch 10 -----
Full acc: 0.992257734003173
F1: 0.9632571012261392
Time: 23.745431184768677
========= layer2 =========
---- Epoch 1 -----
Full acc: 0.9880432589273289
F1: 0.9429786175000519
Time: 24.880870819091797
---- Epoch 2 -----
Full acc: 0.9887438594171839
F1: 0.9463903646399685
Time: 23.852998733520508
---- Epoch 3 -----
Full acc: 0.9886568823234713
F1: 0.9458821869547085
Time: 23.97211265563965
---- Epoch 4 -----
Full acc: 0.9887642990342064
F1: 0.9465425201738051
Time: 23.847440719604492
---- Epoch 5 -----
Full acc: 0.988761689721395
F1: 0.9465502335143811
Time: 23.898170709609985
---- Epoch 6 -----
Full acc: 0.9885459865289877
F1: 0.9452741900629997
Time: 24.106041431427002
---- Epoch 7 -----
Full acc: 0.9888203992596509
F1: 0.9467877450564373
Time: 23.486254930496216
---- Epoch 8 -----
Full acc: 0.9887386407915612
F1: 0.9463419485985085
Time: 23.445892572402954
---- Epoch 9 -----
Full acc: 0.9887038499540761
F1: 0.9462487971939699
Time: 23.488812685012817
---- Epoch 10 -----
Full acc: 0.9886416613320715
F1: 0.9458467586429966
Time: 23.442294597625732
========= x =========
---- Epoch 1 -----
Full acc: 0.9338082572573687
F1: 0.6042583728325277
Time: 25.315293550491333
---- Epoch 2 -----
Full acc: 0.9337008405466336
F1: 0.6148743210812176
Time: 23.311037063598633
---- Epoch 3 -----
Full acc: 0.9332820458404074
F1: 0.6026207886195919
Time: 23.58837580680847
---- Epoch 4 -----
Full acc: 0.9335360189540483
F1: 0.6133102581035299
Time: 23.107812643051147
---- Epoch 5 -----
Full acc: 0.933692577722731
F1: 0.6180634010095064
Time: 22.848695278167725
---- Epoch 6 -----
Full acc: 0.9333955509477024
F1: 0.6080230957048746
Time: 22.71662926673889
---- Epoch 7 -----
Full acc: 0.9335521097163851
F1: 0.6140279082926632
Time: 23.789538621902466
---- Epoch 8 -----
Full acc: 0.9337225848200618
F1: 0.61216917752443
Time: 23.815518617630005
---- Epoch 9 -----
Full acc: 0.9336734427621142
F1: 0.6157102362204725
Time: 23.710368871688843
---- Epoch 10 -----
Full acc: 0.9335903796376186
F1: 0.6122284181978852
Time: 23.56156325340271
=============== Seed: 2 ================
========= layer0 =========
---- Epoch 1 -----
Full acc: 0.9900350343733474
F1: 0.9525703971716938
Time: 25.59704303741455
---- Epoch 2 -----
Full acc: 0.9898123730134432
F1: 0.9512709572742023
Time: 23.714207887649536
---- Epoch 3 -----
Full acc: 0.9900432971972501
F1: 0.9526029558200341
Time: 23.464055061340332
---- Epoch 4 -----
Full acc: 0.9899384897993264
F1: 0.952
Time: 23.689982652664185
---- Epoch 5 -----
Full acc: 0.990021552923822
F1: 0.9525033793084889
Time: 23.399937868118286
---- Epoch 6 -----
Full acc: 0.9898950012524701
F1: 0.9517394645564625
Time: 22.953564882278442
---- Epoch 7 -----
Full acc: 0.9900719996381753
F1: 0.9528506665840536
Time: 23.394993543624878
---- Epoch 8 -----
Full acc: 0.9900624321578669
F1: 0.9528449647436096
Time: 23.703752517700195
---- Epoch 9 -----
Full acc: 0.9901207068106543
F1: 0.9530670556224705
Time: 23.382896661758423
---- Epoch 10 -----
Full acc: 0.9900259017785076
F1: 0.9524670108412935
Time: 23.98255729675293
========= layer1 =========
---- Epoch 1 -----
Full acc: 0.9923703693395307
F1: 0.9640049240869922
Time: 25.078606843948364
---- Epoch 2 -----
Full acc: 0.9922855666731609
F1: 0.9634456197182227
Time: 24.195377111434937
---- Epoch 3 -----
Full acc: 0.992478655821203
F1: 0.9645577557958674
Time: 23.72258448600769
---- Epoch 4 -----
Full acc: 0.9923160086559604
F1: 0.9636137110143226
Time: 23.42810297012329
---- Epoch 5 -----
Full acc: 0.9924229904812268
F1: 0.9642277123844838
Time: 23.492993354797363
---- Epoch 6 -----
Full acc: 0.9923403622421999
F1: 0.9637450108993452
Time: 23.356555461883545
---- Epoch 7 -----
Full acc: 0.9923755879651535
F1: 0.9640164032001839
Time: 23.598055839538574
---- Epoch 8 -----
Full acc: 0.9924082043752958
F1: 0.9641200397090469
Time: 23.154855489730835
---- Epoch 9 -----
Full acc: 0.9923955926967074
F1: 0.9640445464340646
Time: 24.016996383666992
---- Epoch 10 -----
Full acc: 0.9919802770742298
F1: 0.9618442859537066
Time: 23.629642724990845
========= layer2 =========
---- Epoch 1 -----
Full acc: 0.9884142162320131
F1: 0.9448671916227767
Time: 25.817460298538208
---- Epoch 2 -----
Full acc: 0.9887264639984413
F1: 0.9464138431421998
Time: 24.344876766204834
---- Epoch 3 -----
Full acc: 0.9887073290378245
F1: 0.9463630260779757
Time: 23.854380130767822
---- Epoch 4 -----
Full acc: 0.9887930014751315
F1: 0.9466625271654766
Time: 23.685238361358643
---- Epoch 5 -----
Full acc: 0.9886755823986195
F1: 0.9460920906083479
Time: 23.765992164611816
---- Epoch 6 -----
Full acc: 0.9887164616326645
F1: 0.9462397228484286
Time: 23.997895002365112
---- Epoch 7 -----
Full acc: 0.9887081988087617
F1: 0.9461545001897502
Time: 23.91113018989563
---- Epoch 8 -----
Full acc: 0.9887621246068635
F1: 0.9465740708196966
Time: 23.553433179855347
---- Epoch 9 -----
Full acc: 0.988627310111609
F1: 0.9456603726537711
Time: 23.815234899520874
---- Epoch 10 -----
Full acc: 0.9886316589662947
F1: 0.9457958110515086
Time: 23.80986762046814
========= x =========
---- Epoch 1 -----
Full acc: 0.9336677892510229
F1: 0.5999412480590877
Time: 25.022161960601807
---- Epoch 2 -----
Full acc: 0.9335890749812129
F1: 0.6126781461388037
Time: 22.997244834899902
---- Epoch 3 -----
Full acc: 0.9333607601102174
F1: 0.6055793505343574
Time: 23.099260091781616
---- Epoch 4 -----
Full acc: 0.9337504174900498
F1: 0.6168214425853448
Time: 23.547218799591064
---- Epoch 5 -----
Full acc: 0.9336503938322803
F1: 0.6148906524504756
Time: 23.876256465911865
---- Epoch 6 -----
Full acc: 0.9337943409223747
F1: 0.6179662777829361
Time: 23.38990092277527
---- Epoch 7 -----
Full acc: 0.9336316937571322
F1: 0.6131347263873291
Time: 22.94579577445984
---- Epoch 8 -----
Full acc: 0.933575158646219
F1: 0.6080498851666046
Time: 23.209322452545166
---- Epoch 9 -----
Full acc: 0.9337012754321022
F1: 0.6110001148237455
Time: 23.12065052986145
---- Epoch 10 -----
Full acc: 0.9336912730663253
F1: 0.6154152709956011
Time: 23.549097537994385
=============== Seed: 3 ================
========= layer0 =========
---- Epoch 1 -----
Full acc: 0.9898719523226364
F1: 0.9517013109022019
Time: 26.071676015853882
---- Epoch 2 -----
Full acc: 0.9901472348242367
F1: 0.9531763451260494
Time: 23.77937412261963
---- Epoch 3 -----
Full acc: 0.9901463650532996
F1: 0.9531865307454866
Time: 23.973411560058594
---- Epoch 4 -----
Full acc: 0.989900219878093
F1: 0.9517872193781166
Time: 23.798008918762207
---- Epoch 5 -----
Full acc: 0.9898310730885914
F1: 0.9514207301744931
Time: 23.239972829818726
---- Epoch 6 -----
Full acc: 0.9901133137576887
F1: 0.9530988896728434
Time: 23.992854118347168
---- Epoch 7 -----
Full acc: 0.9899550154471318
F1: 0.9520929518689515
Time: 23.801544427871704
---- Epoch 8 -----
Full acc: 0.990077218263798
F1: 0.9527556283478653
Time: 24.33155369758606
---- Epoch 9 -----
Full acc: 0.9900406878844388
F1: 0.9525602862002034
Time: 24.458763360977173
---- Epoch 10 -----
Full acc: 0.9901107044448774
F1: 0.9530301152559177
Time: 24.11402940750122
========= layer1 =========
---- Epoch 1 -----
Full acc: 0.9922716503381669
F1: 0.9634166174318141
Time: 25.335898876190186
---- Epoch 2 -----
Full acc: 0.9922881759859723
F1: 0.9634904850435138
Time: 24.226472854614258
---- Epoch 3 -----
Full acc: 0.9923151388850232
F1: 0.9635915979025662
Time: 24.161219120025635
---- Epoch 4 -----
Full acc: 0.992423860252164
F1: 0.9642099208020461
Time: 24.20397114753723
---- Epoch 5 -----
Full acc: 0.9922777387347268
F1: 0.963416518501884
Time: 24.50388479232788
---- Epoch 6 -----
Full acc: 0.992392983383896
F1: 0.964058962041234
Time: 23.868467807769775
---- Epoch 7 -----
Full acc: 0.9924038555206101
F1: 0.964092401370767
Time: 24.16396927833557
---- Epoch 8 -----
Full acc: 0.9924151625427927
F1: 0.9641457031788028
Time: 24.387949228286743
---- Epoch 9 -----
Full acc: 0.9923855903309304
F1: 0.9640017681466329
Time: 24.779682874679565
---- Epoch 10 -----
Full acc: 0.9923786321634335
F1: 0.9639611664860441
Time: 24.35718560218811
========= layer2 =========
---- Epoch 1 -----
Full acc: 0.9879858540454786
F1: 0.942860570360136
Time: 25.924885272979736
---- Epoch 2 -----
Full acc: 0.9885129352333769
F1: 0.9450477664602889
Time: 23.386693716049194
---- Epoch 3 -----
Full acc: 0.9887173314036015
F1: 0.946240302367217
Time: 24.604235649108887
---- Epoch 4 -----
Full acc: 0.9887669083470177
F1: 0.9464658774373259
Time: 24.253157377243042
---- Epoch 5 -----
Full acc: 0.9885746889699129
F1: 0.9454097386433057
Time: 23.56182622909546
---- Epoch 6 -----
Full acc: 0.9887195058309444
F1: 0.9463885266197221
Time: 24.110529899597168
---- Epoch 7 -----
Full acc: 0.9888056131537198
F1: 0.9467574829305826
Time: 23.958701133728027
---- Epoch 8 -----
Full acc: 0.9888417086476106
F1: 0.9470070924329482
Time: 24.092066049575806
---- Epoch 9 -----
Full acc: 0.988655142781597
F1: 0.9460511921183081
Time: 24.254908084869385
---- Epoch 10 -----
Full acc: 0.9886764521695566
F1: 0.9460924366268333
Time: 24.128800868988037
========= x =========
---- Epoch 1 -----
Full acc: 0.9339030622895155
F1: 0.5997593083670626
Time: 26.180999279022217
---- Epoch 2 -----
Full acc: 0.9335242770463971
F1: 0.6018182291802339
Time: 23.593585729599
---- Epoch 3 -----
Full acc: 0.9334403441509644
F1: 0.6050184650402979
Time: 23.786300897598267
---- Epoch 4 -----
Full acc: 0.9335399329232653
F1: 0.6112111775959621
Time: 24.054898023605347
---- Epoch 5 -----
Full acc: 0.9336086448272983
F1: 0.6097426301420289
Time: 23.912625551223755
---- Epoch 6 -----
Full acc: 0.9333668485067772
F1: 0.6027317700500928
Time: 23.32684350013733
---- Epoch 7 -----
Full acc: 0.9335629818530992
F1: 0.6088853274073922
Time: 23.562319040298462
---- Epoch 8 -----
Full acc: 0.9333272739291381
F1: 0.604034784585067
Time: 23.40131950378418
---- Epoch 9 -----
Full acc: 0.9335099258259345
F1: 0.6052745039823408
Time: 23.440309286117554
---- Epoch 10 -----
Full acc: 0.9335477608616994
F1: 0.6078429359681766
Time: 23.941518306732178
=============== Seed: 4 ================
========= layer0 =========
---- Epoch 1 -----
Full acc: 0.9899824132316513
F1: 0.9523253672095386
Time: 26.214983701705933
---- Epoch 2 -----
Full acc: 0.989938924684795
F1: 0.9519997842220687
Time: 23.933783054351807
---- Epoch 3 -----
Full acc: 0.9901241858944029
F1: 0.9531292891891279
Time: 24.081848621368408
---- Epoch 4 -----
Full acc: 0.9900367739152217
F1: 0.952582406437699
Time: 24.579396963119507
---- Epoch 5 -----
Full acc: 0.9900815671184837
F1: 0.9528224413512636
Time: 24.0766384601593
---- Epoch 6 -----
Full acc: 0.9899310967463609
F1: 0.9519434937015735
Time: 24.415117740631104
---- Epoch 7 -----
Full acc: 0.9901842000890645
F1: 0.9534002671572119
Time: 24.4224956035614
---- Epoch 8 -----
Full acc: 0.9900280762058504
F1: 0.9524786537345602
Time: 24.086931467056274
---- Epoch 9 -----
Full acc: 0.9900489507083414
F1: 0.9526752290542078
Time: 23.612855911254883
---- Epoch 10 -----
Full acc: 0.990208553675304
F1: 0.9535890897772318
Time: 24.07207679748535
========= layer1 =========
---- Epoch 1 -----
Full acc: 0.992299483008155
F1: 0.9635365077665364
Time: 26.05632209777832
---- Epoch 2 -----
Full acc: 0.9924199462829469
F1: 0.9641906217642128
Time: 24.00051975250244
---- Epoch 3 -----
Full acc: 0.9923877647582733
F1: 0.9640112341531414
Time: 24.0584876537323
---- Epoch 4 -----
Full acc: 0.9923286203345487
F1: 0.9638500885303954
Time: 24.30416989326477
---- Epoch 5 -----
Full acc: 0.9924577813187119
F1: 0.9643915268957616
Time: 24.45157217979431
---- Epoch 6 -----
Full acc: 0.9923255761362687
F1: 0.9636887774103742
Time: 24.62860608100891
---- Epoch 7 -----
Full acc: 0.9923808065907762
F1: 0.963968707068879
Time: 24.360130071640015
---- Epoch 8 -----
Full acc: 0.992359062317348
F1: 0.963834044164869
Time: 23.814835786819458
---- Epoch 9 -----
Full acc: 0.9924438649837178
F1: 0.9643803826623178
Time: 23.795230865478516
---- Epoch 10 -----
Full acc: 0.9923716739959364
F1: 0.9638892034050087
Time: 23.80311894416809
========= layer2 =========
---- Epoch 1 -----
Full acc: 0.98806108923154
F1: 0.9429608498631833
Time: 25.620535850524902
---- Epoch 2 -----
Full acc: 0.9885786029391299
F1: 0.9453922430911197
Time: 24.016005992889404
---- Epoch 3 -----
Full acc: 0.9885981727852153
F1: 0.9455787113915642
Time: 23.5770525932312
---- Epoch 4 -----
Full acc: 0.9885903448467811
F1: 0.945580658275739
Time: 23.916932582855225
---- Epoch 5 -----
Full acc: 0.9887442943026524
F1: 0.9463774421447366
Time: 24.244261264801025
---- Epoch 6 -----
Full acc: 0.9887369012496868
F1: 0.946342554897415
Time: 24.398053646087646
---- Epoch 7 -----
Full acc: 0.9886886289626764
F1: 0.9460505519395667
Time: 23.9325909614563
---- Epoch 8 -----
Full acc: 0.9885216329427482
F1: 0.9450898318201866
Time: 24.133944749832153
---- Epoch 9 -----
Full acc: 0.9886281798825461
F1: 0.9458400906358803
Time: 22.923603057861328
---- Epoch 10 -----
Full acc: 0.988696891786579
F1: 0.9462003241517924
Time: 24.157769203186035
========= x =========
---- Epoch 1 -----
Full acc: 0.9339008878621726
F1: 0.6073227821611819
Time: 24.656049728393555
---- Epoch 2 -----
Full acc: 0.933534279412174
F1: 0.6079656073730733
Time: 23.619574785232544
---- Epoch 3 -----
Full acc: 0.9337043196303821
F1: 0.6161609040276365
Time: 24.034040212631226
---- Epoch 4 -----
Full acc: 0.9331120056221993
F1: 0.5973433024938609
Time: 24.21954917907715
---- Epoch 5 -----
Full acc: 0.9336347379554121
F1: 0.6137546317856926
Time: 24.639121055603027
---- Epoch 6 -----
Full acc: 0.9336156029947953
F1: 0.6101303583833926
Time: 24.220834732055664
---- Epoch 7 -----
Full acc: 0.933727368560216
F1: 0.6141365034752554
Time: 24.130597829818726
---- Epoch 8 -----
Full acc: 0.9337286732166217
F1: 0.616396562400882
Time: 23.518290519714355
---- Epoch 9 -----
Full acc: 0.9335147095660887
F1: 0.6104035106496842
Time: 23.574625730514526
---- Epoch 10 -----
Full acc: 0.9336543078014974
F1: 0.6120884960702598
Time: 23.655394554138184
