Loading rhel8/default-amp
  Loading requirement: dot rhel8/slurm singularity/current rhel8/global
    cuda/11.4 libpciaccess/0.16/gcc-9.4.0-6fonbj6
    libiconv/1.16/gcc-9.4.0-ahebbov libxml2/2.9.12/gcc-9.4.0-gnknt5e
    ncurses/6.2/gcc-9.4.0-aiirok7 hwloc/2.5.0/gcc-9.4.0-7sqomga
    libevent/2.1.12/gcc-9.4.0-hgny7cm numactl/2.0.14/gcc-9.4.0-52dwc6n
    cuda/11.4.0/gcc-9.4.0-3hnxhjt gdrcopy/2.2/gcc-9.4.0-e4igtfp
    knem/1.1.4/gcc-9.4.0-bpbxgva libnl/3.3.0/gcc-9.4.0-whwhrwb
    rdma-core/34.0/gcc-9.4.0-5eo5n2u ucx/1.11.1/gcc-9.4.0-lktqyl4
    openmpi/4.1.1/gcc-9.4.0-epagguv
Changed directory to /rds/user/tdb47/hpc-work/planning/thinker_private_planning/probing.

JobID: 58650542
======
Time: Sat Aug 10 14:43:14 BST 2024
Running on master node: gpu-q-34
Current directory: /rds/user/tdb47/hpc-work/planning/thinker_private_planning/probing

Nodes allocated:
================
gpu-q-34

numtasks=1, numnodes=1, mpi_tasks_per_node=1 (OMP_NUM_THREADS=1)

Executing command:
==================
python train_conv_probe.py --feature tracked_box_next_push_onto_after --num_epochs 10 --weight_decay 0.001 --kernel 1 --model_name 250m 


test
=================================== FEATURE: tracked_box_next_push_onto_after =========================================
=============== Seed: 0 ================
========= layer0 =========
---- Epoch 1 -----
Full acc: 0.9580292034289849
F1: 0.8035221005685497
Time: 29.201580286026
---- Epoch 2 -----
Full acc: 0.9591264194661694
F1: 0.8108011159957946
Time: 25.277889013290405
---- Epoch 3 -----
Full acc: 0.9592499269392413
F1: 0.8118824755991929
Time: 25.12617516517639
---- Epoch 4 -----
Full acc: 0.9590824960338445
F1: 0.8106234243759862
Time: 25.058098793029785
---- Epoch 5 -----
Full acc: 0.9591542521361575
F1: 0.8105953394443206
Time: 23.967307567596436
---- Epoch 6 -----
Full acc: 0.9590124794734058
F1: 0.8103915419474189
Time: 23.305654287338257
---- Epoch 7 -----
Full acc: 0.959196436026608
F1: 0.8115173671626594
Time: 24.268324851989746
---- Epoch 8 -----
Full acc: 0.9590959774833699
F1: 0.811593523729089
Time: 24.509191751480103
---- Epoch 9 -----
Full acc: 0.9593008085390632
F1: 0.811632644793894
Time: 22.69508719444275
---- Epoch 10 -----
Full acc: 0.9592616688468925
F1: 0.8111855699646744
Time: 24.74924945831299
========= layer1 =========
---- Epoch 1 -----
Full acc: 0.976201762503827
F1: 0.8823363127544553
Time: 25.23328185081482
---- Epoch 2 -----
Full acc: 0.9770841451195413
F1: 0.8865163290488152
Time: 24.26089358329773
---- Epoch 3 -----
Full acc: 0.9770550077931476
F1: 0.8863445207546755
Time: 23.94262385368347
---- Epoch 4 -----
Full acc: 0.9770632706170503
F1: 0.8863244670796094
Time: 24.21008276939392
---- Epoch 5 -----
Full acc: 0.9771102382476551
F1: 0.8865288209994728
Time: 23.879796981811523
---- Epoch 6 -----
Full acc: 0.9771106731331236
F1: 0.8864032818207728
Time: 24.315529584884644
---- Epoch 7 -----
Full acc: 0.9770763171811072
F1: 0.8863148727589655
Time: 24.10864019393921
---- Epoch 8 -----
Full acc: 0.9770115192462913
F1: 0.886137258167297
Time: 23.725988626480103
---- Epoch 9 -----
Full acc: 0.9770402216872165
F1: 0.8862388474445659
Time: 24.876152276992798
---- Epoch 10 -----
Full acc: 0.9771572058782599
F1: 0.8868453813303814
Time: 24.94739031791687
========= layer2 =========
---- Epoch 1 -----
Full acc: 0.9717220072921595
F1: 0.85847918576795
Time: 25.566025972366333
---- Epoch 2 -----
Full acc: 0.9732393226919759
F1: 0.8638842697430956
Time: 24.820209503173828
---- Epoch 3 -----
Full acc: 0.9734241490161151
F1: 0.8645600853003949
Time: 24.79160189628601
---- Epoch 4 -----
Full acc: 0.973444153747669
F1: 0.8646046379047523
Time: 24.516169786453247
---- Epoch 5 -----
Full acc: 0.9733315184113112
F1: 0.8641751894929639
Time: 24.367149829864502
---- Epoch 6 -----
Full acc: 0.9734063187119041
F1: 0.8645552039282658
Time: 24.00221824645996
---- Epoch 7 -----
Full acc: 0.9733254300147514
F1: 0.8639951795771484
Time: 23.75602960586548
---- Epoch 8 -----
Full acc: 0.9734424142057948
F1: 0.8646170895536613
Time: 23.373449325561523
---- Epoch 9 -----
Full acc: 0.9733641348214535
F1: 0.8643307697970005
Time: 26.17091202735901
---- Epoch 10 -----
Full acc: 0.9733271695566256
F1: 0.8639538634121935
Time: 24.660300493240356
========= x =========
---- Epoch 1 -----
Full acc: 0.9006686798964625
F1: 0.25071492708506177
Time: 25.26201319694519
---- Epoch 2 -----
Full acc: 0.900662156614434
F1: 0.25085306712082556
Time: 23.851372003555298
---- Epoch 3 -----
Full acc: 0.9006425867683487
F1: 0.24737857130175184
Time: 22.424571990966797
---- Epoch 4 -----
Full acc: 0.9006882497425478
F1: 0.2512755927916227
Time: 23.019559621810913
---- Epoch 5 -----
Full acc: 0.9006538937905313
F1: 0.2478826418530935
Time: 23.80596947669983
---- Epoch 6 -----
Full acc: 0.9006882497425478
F1: 0.2512755927916227
Time: 23.37671995162964
---- Epoch 7 -----
Full acc: 0.9006882497425478
F1: 0.2512755927916227
Time: 23.590116024017334
---- Epoch 8 -----
Full acc: 0.9006538937905313
F1: 0.2478826418530935
Time: 23.593536853790283
---- Epoch 9 -----
Full acc: 0.9006882497425478
F1: 0.2512755927916227
Time: 23.595751523971558
---- Epoch 10 -----
Full acc: 0.9009831020902335
F1: 0.25278207258252994
Time: 23.431196928024292
=============== Seed: 1 ================
========= layer0 =========
---- Epoch 1 -----
Full acc: 0.9583083998998024
F1: 0.8054976141649606
Time: 26.242701292037964
---- Epoch 2 -----
Full acc: 0.9589742095521724
F1: 0.8102411602613401
Time: 24.54897141456604
---- Epoch 3 -----
Full acc: 0.959178605722397
F1: 0.8117972953696817
Time: 24.504046201705933
---- Epoch 4 -----
Full acc: 0.9591807801497397
F1: 0.8116450811986505
Time: 24.2578387260437
---- Epoch 5 -----
Full acc: 0.959275150296418
F1: 0.8127442157974356
Time: 23.978776931762695
---- Epoch 6 -----
Full acc: 0.9592925457151604
F1: 0.8118365433916257
Time: 23.287520170211792
---- Epoch 7 -----
Full acc: 0.9592755851818865
F1: 0.8115449477663835
Time: 23.92849588394165
---- Epoch 8 -----
Full acc: 0.959361692504662
F1: 0.8128347520041246
Time: 23.595295667648315
---- Epoch 9 -----
Full acc: 0.9592260082384703
F1: 0.8117543853570568
Time: 24.08786416053772
---- Epoch 10 -----
Full acc: 0.9591455544267862
F1: 0.8116884947236613
Time: 24.38550043106079
========= layer1 =========
---- Epoch 1 -----
Full acc: 0.9760582502992012
F1: 0.8815971262240552
Time: 25.451298475265503
---- Epoch 2 -----
Full acc: 0.9770819706921985
F1: 0.8864779595577865
Time: 24.466111421585083
---- Epoch 3 -----
Full acc: 0.977030654206908
F1: 0.8862934514999518
Time: 24.38685894012451
---- Epoch 4 -----
Full acc: 0.97707544741017
F1: 0.8862719555776696
Time: 48.748467445373535
---- Epoch 5 -----
Full acc: 0.977082405577667
F1: 0.8863711932011507
Time: 25.08408761024475
---- Epoch 6 -----
Full acc: 0.9770593566478333
F1: 0.8862098601012832
Time: 24.339770555496216
---- Epoch 7 -----
Full acc: 0.9770706636700158
F1: 0.8863440026891614
Time: 24.355515718460083
---- Epoch 8 -----
Full acc: 0.9770145634445713
F1: 0.8862392486319621
Time: 24.30657196044922
---- Epoch 9 -----
Full acc: 0.9770489193965877
F1: 0.8862895619637344
Time: 24.660801887512207
---- Epoch 10 -----
Full acc: 0.9771067591639065
F1: 0.8865490217511989
Time: 23.89405846595764
========= layer2 =========
---- Epoch 1 -----
Full acc: 0.9712879915945337
F1: 0.8568567026595627
Time: 26.187186002731323
---- Epoch 2 -----
Full acc: 0.9732862903225806
F1: 0.8642283584168396
Time: 25.08668851852417
---- Epoch 3 -----
Full acc: 0.9734854678671825
F1: 0.8648629771094596
Time: 25.190285205841064
---- Epoch 4 -----
Full acc: 0.9733062950541346
F1: 0.8640348890833247
Time: 23.996774673461914
---- Epoch 5 -----
Full acc: 0.9733454347463052
F1: 0.8640500633073017
Time: 24.253610849380493
---- Epoch 6 -----
Full acc: 0.9734411095493891
F1: 0.8646609334234638
Time: 23.771913051605225
---- Epoch 7 -----
Full acc: 0.9732506297141584
F1: 0.8635744789416032
Time: 24.084619283676147
---- Epoch 8 -----
Full acc: 0.9734006652008127
F1: 0.864391045560757
Time: 23.924501180648804
---- Epoch 9 -----
Full acc: 0.9733906628350357
F1: 0.8642364346675084
Time: 24.451515674591064
---- Epoch 10 -----
Full acc: 0.9733058601686659
F1: 0.8639238033260763
Time: 24.014963150024414
========= x =========
---- Epoch 1 -----
Full acc: 0.9006882497425478
F1: 0.2512755927916227
Time: 24.966756343841553
---- Epoch 2 -----
Full acc: 0.9006538937905313
F1: 0.2478826418530935
Time: 24.150699853897095
---- Epoch 3 -----
Full acc: 0.9006686798964625
F1: 0.25071492708506177
Time: 23.549113273620605
---- Epoch 4 -----
Full acc: 0.9010091952183473
F1: 0.24999258146932482
Time: 23.332931518554688
---- Epoch 5 -----
Full acc: 0.9006882497425478
F1: 0.2512755927916227
Time: 24.314265727996826
---- Epoch 6 -----
Full acc: 0.9010091952183473
F1: 0.24999258146932482
Time: 23.425347805023193
---- Epoch 7 -----
Full acc: 0.9006882497425478
F1: 0.2512755927916227
Time: 24.030306816101074
---- Epoch 8 -----
Full acc: 0.9006538937905313
F1: 0.2478826418530935
Time: 23.934282064437866
---- Epoch 9 -----
Full acc: 0.9006882497425478
F1: 0.2512755927916227
Time: 24.578984260559082
---- Epoch 10 -----
Full acc: 0.9006882497425478
F1: 0.2512755927916227
Time: 24.416094541549683
=============== Seed: 2 ================
========= layer0 =========
---- Epoch 1 -----
Full acc: 0.9580209406050822
F1: 0.8041462632681728
Time: 25.96505880355835
---- Epoch 2 -----
Full acc: 0.9590933681705586
F1: 0.8111685258044703
Time: 24.506896018981934
---- Epoch 3 -----
Full acc: 0.9593738692977818
F1: 0.8122440961785109
Time: 23.813544750213623
---- Epoch 4 -----
Full acc: 0.9590942379414957
F1: 0.8108001261154311
Time: 24.884274005889893
---- Epoch 5 -----
Full acc: 0.9591968709120766
F1: 0.8114589134347365
Time: 24.705278396606445
---- Epoch 6 -----
Full acc: 0.9589524652787442
F1: 0.8094299847507628
Time: 23.971853971481323
---- Epoch 7 -----
Full acc: 0.9593551692226335
F1: 0.8117349824178957
Time: 23.890156269073486
---- Epoch 8 -----
Full acc: 0.9593155946449943
F1: 0.8128522334714747
Time: 24.36490774154663
---- Epoch 9 -----
Full acc: 0.959054228478388
F1: 0.8110903645304175
Time: 23.628313541412354
---- Epoch 10 -----
Full acc: 0.9595386908903671
F1: 0.8126298271802808
Time: 24.025676488876343
========= layer1 =========
---- Epoch 1 -----
Full acc: 0.9761347901416683
F1: 0.8818151543756356
Time: 26.39274001121521
---- Epoch 2 -----
Full acc: 0.9770571822204904
F1: 0.8862721770049593
Time: 24.83075737953186
---- Epoch 3 -----
Full acc: 0.9770015168805144
F1: 0.8859697221557722
Time: 23.75266981124878
---- Epoch 4 -----
Full acc: 0.977106324278438
F1: 0.8864209931447735
Time: 23.169061183929443
---- Epoch 5 -----
Full acc: 0.9771106731331236
F1: 0.8863182652187817
Time: 23.246671676635742
---- Epoch 6 -----
Full acc: 0.9771115429040608
F1: 0.8865445355186303
Time: 23.51957869529724
---- Epoch 7 -----
Full acc: 0.977082405577667
F1: 0.8861955403979005
Time: 23.900662183761597
---- Epoch 8 -----
Full acc: 0.9771185010715578
F1: 0.8865447448203346
Time: 24.508668422698975
---- Epoch 9 -----
Full acc: 0.9770332635197194
F1: 0.8862183274227741
Time: 23.675398349761963
---- Epoch 10 -----
Full acc: 0.9770758822956386
F1: 0.8863403920777835
Time: 24.436898469924927
========= layer2 =========
---- Epoch 1 -----
Full acc: 0.9715532717303571
F1: 0.857543503459825
Time: 52.61322498321533
---- Epoch 2 -----
Full acc: 0.9734141466503382
F1: 0.864860608315291
Time: 24.29075837135315
---- Epoch 3 -----
Full acc: 0.973430237412675
F1: 0.8646939174422709
Time: 24.429803371429443
---- Epoch 4 -----
Full acc: 0.9733262997856884
F1: 0.8640956038731533
Time: 24.754021406173706
---- Epoch 5 -----
Full acc: 0.9733676139052019
F1: 0.8641128221081917
Time: 24.52294635772705
---- Epoch 6 -----
Full acc: 0.9732615018508726
F1: 0.8637436424195682
Time: 24.616997480392456
---- Epoch 7 -----
Full acc: 0.9734354560382977
F1: 0.8645771626382104
Time: 24.50544548034668
---- Epoch 8 -----
Full acc: 0.9733767465000418
F1: 0.8643704120572837
Time: 24.35434865951538
---- Epoch 9 -----
Full acc: 0.9733006415430432
F1: 0.8637156825436106
Time: 24.371164560317993
---- Epoch 10 -----
Full acc: 0.9733441300898995
F1: 0.864244834925662
Time: 24.5691077709198
========= x =========
---- Epoch 1 -----
Full acc: 0.9008321968326422
F1: 0.25205996295263033
Time: 25.625850439071655
---- Epoch 2 -----
Full acc: 0.9010091952183473
F1: 0.24999258146932482
Time: 24.21264338493347
---- Epoch 3 -----
Full acc: 0.9006538937905313
F1: 0.2478826418530935
Time: 24.074870347976685
---- Epoch 4 -----
Full acc: 0.9006882497425478
F1: 0.2512755927916227
Time: 23.2627432346344
---- Epoch 5 -----
Full acc: 0.9010091952183473
F1: 0.24999258146932482
Time: 24.078446865081787
---- Epoch 6 -----
Full acc: 0.9006538937905313
F1: 0.2478826418530935
Time: 24.62529182434082
---- Epoch 7 -----
Full acc: 0.9010091952183473
F1: 0.24999258146932482
Time: 22.90922522544861
---- Epoch 8 -----
Full acc: 0.9006882497425478
F1: 0.2512755927916227
Time: 23.32701301574707
---- Epoch 9 -----
Full acc: 0.900662156614434
F1: 0.25085306712082556
Time: 23.487256050109863
---- Epoch 10 -----
Full acc: 0.9006882497425478
F1: 0.2512755927916227
Time: 23.324191093444824
=============== Seed: 3 ================
========= layer0 =========
---- Epoch 1 -----
Full acc: 0.9580744315177155
F1: 0.8044359617231862
Time: 25.935314655303955
---- Epoch 2 -----
Full acc: 0.9590794518355645
F1: 0.8102216176919695
Time: 24.645716667175293
---- Epoch 3 -----
Full acc: 0.9593290760945198
F1: 0.8123713389012476
Time: 24.210670232772827
---- Epoch 4 -----
Full acc: 0.9592712363272009
F1: 0.8120736630933896
Time: 24.22454833984375
---- Epoch 5 -----
Full acc: 0.959289936402349
F1: 0.8128089483028166
Time: 24.382706880569458
---- Epoch 6 -----
Full acc: 0.9593590831918506
F1: 0.8126912536010054
Time: 24.70398235321045
---- Epoch 7 -----
Full acc: 0.9590072608477831
F1: 0.8109609473347487
Time: 24.365716218948364
---- Epoch 8 -----
Full acc: 0.9592120919034763
F1: 0.8123747640478408
Time: 24.031474113464355
---- Epoch 9 -----
Full acc: 0.9592190500709733
F1: 0.8114498040437145
Time: 23.367720127105713
---- Epoch 10 -----
Full acc: 0.9591272892371066
F1: 0.8109350858913957
Time: 23.18107795715332
========= layer1 =========
---- Epoch 1 -----
Full acc: 0.9762530789891174
F1: 0.8825586324756838
Time: 26.15848684310913
---- Epoch 2 -----
Full acc: 0.9770602264187703
F1: 0.8863168181110023
Time: 23.85030770301819
---- Epoch 3 -----
Full acc: 0.9770689241281416
F1: 0.8862829820924102
Time: 23.97335147857666
---- Epoch 4 -----
Full acc: 0.9770149983300398
F1: 0.8862293320401111
Time: 24.11347198486328
---- Epoch 5 -----
Full acc: 0.9770258704667538
F1: 0.8863053559293317
Time: 24.561938524246216
---- Epoch 6 -----
Full acc: 0.9770802311503243
F1: 0.8862210179332191
Time: 24.462207317352295
---- Epoch 7 -----
Full acc: 0.977040656572685
F1: 0.8861576542380805
Time: 24.509761333465576
---- Epoch 8 -----
Full acc: 0.9771171964151522
F1: 0.8866697178665175
Time: 24.461676836013794
---- Epoch 9 -----
Full acc: 0.9771463337415458
F1: 0.8867920300790848
Time: 24.60266900062561
---- Epoch 10 -----
Full acc: 0.9770819706921985
F1: 0.8864799966231598
Time: 24.407951593399048
========= layer2 =========
---- Epoch 1 -----
Full acc: 0.9713375685379498
F1: 0.857210861301918
Time: 25.841291189193726
---- Epoch 2 -----
Full acc: 0.9733002066575747
F1: 0.8643306667681682
Time: 24.53033423423767
---- Epoch 3 -----
Full acc: 0.9734793794706226
F1: 0.8649408812941148
Time: 24.50643491744995
---- Epoch 4 -----
Full acc: 0.9733284742130313
F1: 0.8640206906994663
Time: 24.13473916053772
---- Epoch 5 -----
Full acc: 0.9733580464248935
F1: 0.8642377602022553
Time: 23.73474144935608
---- Epoch 6 -----
Full acc: 0.9734980795457708
F1: 0.8648804794540534
Time: 24.196645498275757
---- Epoch 7 -----
Full acc: 0.9732767228422723
F1: 0.8638854917965613
Time: 24.36682152748108
---- Epoch 8 -----
Full acc: 0.9734071884828411
F1: 0.8644593022896894
Time: 24.119335174560547
---- Epoch 9 -----
Full acc: 0.9733802255837902
F1: 0.8641770530248907
Time: 24.56592345237732
---- Epoch 10 -----
Full acc: 0.9733841395530073
F1: 0.8644035619635911
Time: 23.49476909637451
========= x =========
---- Epoch 1 -----
Full acc: 0.900662156614434
F1: 0.25085306712082556
Time: 25.068596601486206
---- Epoch 2 -----
Full acc: 0.9006882497425478
F1: 0.2512755927916227
Time: 23.595271587371826
---- Epoch 3 -----
Full acc: 0.9010091952183473
F1: 0.24999258146932482
Time: 23.802521228790283
---- Epoch 4 -----
Full acc: 0.9006882497425478
F1: 0.2512755927916227
Time: 24.231035709381104
---- Epoch 5 -----
Full acc: 0.9006882497425478
F1: 0.2512755927916227
Time: 39.07931685447693
---- Epoch 6 -----
Full acc: 0.900662156614434
F1: 0.25085306712082556
Time: 23.623767852783203
---- Epoch 7 -----
Full acc: 0.9006882497425478
F1: 0.2512755927916227
Time: 24.210862159729004
---- Epoch 8 -----
Full acc: 0.9010091952183473
F1: 0.24999258146932482
Time: 23.465095043182373
---- Epoch 9 -----
Full acc: 0.9010091952183473
F1: 0.24999258146932482
Time: 23.78141212463379
---- Epoch 10 -----
Full acc: 0.9006882497425478
F1: 0.2512755927916227
Time: 23.94361162185669
=============== Seed: 4 ================
========= layer0 =========
---- Epoch 1 -----
Full acc: 0.9578756888585822
F1: 0.8032732564972818
Time: 26.17299175262451
---- Epoch 2 -----
Full acc: 0.9592734107545436
F1: 0.8109445133995802
Time: 24.31391167640686
---- Epoch 3 -----
Full acc: 0.9593277714381141
F1: 0.811769638681778
Time: 24.713598489761353
---- Epoch 4 -----
Full acc: 0.9592564502212697
F1: 0.8117896129135188
Time: 24.415703058242798
---- Epoch 5 -----
Full acc: 0.9591107635893011
F1: 0.8109706722935355
Time: 25.07577347755432
---- Epoch 6 -----
Full acc: 0.9593273365526455
F1: 0.8123206847310062
Time: 25.38426113128662
---- Epoch 7 -----
Full acc: 0.9592460129700242
F1: 0.8124997039230175
Time: 24.15492534637451
---- Epoch 8 -----
Full acc: 0.9592286175512817
F1: 0.8118937036860254
Time: 24.466284036636353
---- Epoch 9 -----
Full acc: 0.9591594707617802
F1: 0.811189456264491
Time: 24.208885669708252
---- Epoch 10 -----
Full acc: 0.9589959538256005
F1: 0.8110460584661319
Time: 24.823854684829712
========= layer1 =========
---- Epoch 1 -----
Full acc: 0.9761273970887027
F1: 0.8820822935296284
Time: 26.158754587173462
---- Epoch 2 -----
Full acc: 0.9769967331403602
F1: 0.8862455772833201
Time: 24.55221652984619
---- Epoch 3 -----
Full acc: 0.9770680543572045
F1: 0.8862547246881392
Time: 24.5025053024292
---- Epoch 4 -----
Full acc: 0.9771185010715578
F1: 0.8864980719456004
Time: 24.298950910568237
---- Epoch 5 -----
Full acc: 0.9770663148153302
F1: 0.8862439721327613
Time: 23.686234712600708
---- Epoch 6 -----
Full acc: 0.9771337220629575
F1: 0.886780247364267
Time: 24.534669876098633
---- Epoch 7 -----
Full acc: 0.9770480496256506
F1: 0.8860993697998945
Time: 24.015146493911743
---- Epoch 8 -----
Full acc: 0.9771115429040608
F1: 0.8863261193000953
Time: 24.627291440963745
---- Epoch 9 -----
Full acc: 0.9770832753486042
F1: 0.8864757276210666
Time: 24.741693258285522
---- Epoch 10 -----
Full acc: 0.9770776218375129
F1: 0.8863875285153007
Time: 23.957889795303345
========= layer2 =========
---- Epoch 1 -----
Full acc: 0.9714810807425757
F1: 0.8571753294333071
Time: 25.131579160690308
---- Epoch 2 -----
Full acc: 0.9733667441342648
F1: 0.8644233497130397
Time: 24.484403610229492
---- Epoch 3 -----
Full acc: 0.9733315184113112
F1: 0.8641281603045756
Time: 24.305259227752686
---- Epoch 4 -----
Full acc: 0.9733289090984998
F1: 0.8641898458093777
Time: 24.26135540008545
---- Epoch 5 -----
Full acc: 0.9733563068830193
F1: 0.8642121214537003
Time: 24.674493551254272
---- Epoch 6 -----
Full acc: 0.9734224094742409
F1: 0.8646727068221647
Time: 24.345404148101807
---- Epoch 7 -----
Full acc: 0.9734463281750119
F1: 0.8646555371635667
Time: 24.321553230285645
---- Epoch 8 -----
Full acc: 0.973202357427148
F1: 0.8634277876640943
Time: 23.984501123428345
---- Epoch 9 -----
Full acc: 0.973526781986696
F1: 0.865067568494492
Time: 24.272526264190674
---- Epoch 10 -----
Full acc: 0.973388488407693
F1: 0.8643480436073954
Time: 24.65435266494751
========= x =========
---- Epoch 1 -----
Full acc: 0.9006538937905313
F1: 0.2478826418530935
Time: 25.135557174682617
---- Epoch 2 -----
Full acc: 0.9006882497425478
F1: 0.2512755927916227
Time: 35.56984782218933
---- Epoch 3 -----
Full acc: 0.9010091952183473
F1: 0.24999258146932482
Time: 23.45758080482483
---- Epoch 4 -----
Full acc: 0.9006882497425478
F1: 0.2512755927916227
Time: 24.096094131469727
---- Epoch 5 -----
Full acc: 0.9010091952183473
F1: 0.24999258146932482
Time: 23.882827281951904
---- Epoch 6 -----
Full acc: 0.9010091952183473
F1: 0.24999258146932482
Time: 24.357921838760376
---- Epoch 7 -----
Full acc: 0.9006882497425478
F1: 0.2512755927916227
Time: 23.712218046188354
---- Epoch 8 -----
Full acc: 0.9006686798964625
F1: 0.25071492708506177
Time: 23.89276695251465
---- Epoch 9 -----
Full acc: 0.900662156614434
F1: 0.25085306712082556
Time: 23.402381658554077
---- Epoch 10 -----
Full acc: 0.9006882497425478
F1: 0.2512755927916227
Time: 24.059627294540405
