Loading rhel8/default-amp
  Loading requirement: dot rhel8/slurm singularity/current rhel8/global
    cuda/11.4 libpciaccess/0.16/gcc-9.4.0-6fonbj6
    libiconv/1.16/gcc-9.4.0-ahebbov libxml2/2.9.12/gcc-9.4.0-gnknt5e
    ncurses/6.2/gcc-9.4.0-aiirok7 hwloc/2.5.0/gcc-9.4.0-7sqomga
    libevent/2.1.12/gcc-9.4.0-hgny7cm numactl/2.0.14/gcc-9.4.0-52dwc6n
    cuda/11.4.0/gcc-9.4.0-3hnxhjt gdrcopy/2.2/gcc-9.4.0-e4igtfp
    knem/1.1.4/gcc-9.4.0-bpbxgva libnl/3.3.0/gcc-9.4.0-whwhrwb
    rdma-core/34.0/gcc-9.4.0-5eo5n2u ucx/1.11.1/gcc-9.4.0-lktqyl4
    openmpi/4.1.1/gcc-9.4.0-epagguv
Changed directory to /rds/user/tdb47/hpc-work/planning/thinker_private_planning/probing.

JobID: 58705859
======
Time: Sun Aug 11 20:30:14 BST 2024
Running on master node: gpu-q-6
Current directory: /rds/user/tdb47/hpc-work/planning/thinker_private_planning/probing

Nodes allocated:
================
gpu-q-6

numtasks=1, numnodes=1, mpi_tasks_per_node=1 (OMP_NUM_THREADS=1)

Executing command:
==================
python train_conv_probe.py --feature tracked_box_next_push_onto_with --num_epochs 10 --weight_decay 0.001 --kernel 1 --model_name 40m 


test
=================================== FEATURE: tracked_box_next_push_onto_with =========================================
!!!!
=============== Seed: 0 ================
========= layer0 =========
---- Epoch 1 -----
Full acc: 0.9584278938520653
F1: 0.759126154651997
Time: 30.0540509223938
---- Epoch 2 -----
Full acc: 0.9589295899375601
F1: 0.7626611169053781
Time: 28.10643768310547
---- Epoch 3 -----
Full acc: 0.9591607378722382
F1: 0.7646963215636422
Time: 27.763374090194702
---- Epoch 4 -----
Full acc: 0.9588354046589818
F1: 0.7616476407251194
Time: 27.59253764152527
---- Epoch 5 -----
Full acc: 0.9589731177953891
F1: 0.762662552372988
Time: 27.136661767959595
---- Epoch 6 -----
Full acc: 0.9590335314601345
F1: 0.7628671568402349
Time: 27.2132465839386
---- Epoch 7 -----
Full acc: 0.9589888778818444
F1: 0.7624976110545703
Time: 27.91033387184143
---- Epoch 8 -----
Full acc: 0.9590125180115274
F1: 0.7631487519212165
Time: 27.242817640304565
---- Epoch 9 -----
Full acc: 0.9588545419068204
F1: 0.7623251651948744
Time: 27.95124650001526
---- Epoch 10 -----
Full acc: 0.9587551032660903
F1: 0.760846821786417
Time: 27.81846523284912
========= layer1 =========
---- Epoch 1 -----
Full acc: 0.9719102725744476
F1: 0.85111263717574
Time: 28.92417335510254
---- Epoch 2 -----
Full acc: 0.9717601765129683
F1: 0.8506609916937921
Time: 28.369524717330933
---- Epoch 3 -----
Full acc: 0.9717571745917387
F1: 0.8505606877424334
Time: 27.225550174713135
---- Epoch 4 -----
Full acc: 0.9717106448126801
F1: 0.8500560707698497
Time: 27.882472276687622
---- Epoch 5 -----
Full acc: 0.9717260296589817
F1: 0.8500729266104994
Time: 28.26021146774292
---- Epoch 6 -----
Full acc: 0.971650981628242
F1: 0.8496097893356891
Time: 28.301101684570312
---- Epoch 7 -----
Full acc: 0.971760551753122
F1: 0.850485960961765
Time: 28.376295804977417
---- Epoch 8 -----
Full acc: 0.9717699327569644
F1: 0.8501299490182366
Time: 27.613101959228516
---- Epoch 9 -----
Full acc: 0.971886257204611
F1: 0.8511858035497258
Time: 27.179259777069092
---- Epoch 10 -----
Full acc: 0.9717481688280499
F1: 0.8502566072604771
Time: 27.30301570892334
========= layer2 =========
---- Epoch 1 -----
Full acc: 0.9629356538184438
F1: 0.7919252649333914
Time: 28.92667293548584
---- Epoch 2 -----
Full acc: 0.9634516090297791
F1: 0.7945494877113605
Time: 27.296530723571777
---- Epoch 3 -----
Full acc: 0.9635120226945245
F1: 0.7944388677224962
Time: 27.7575786113739
---- Epoch 4 -----
Full acc: 0.9635397904658982
F1: 0.794879824146053
Time: 26.76962924003601
---- Epoch 5 -----
Full acc: 0.9635296589817484
F1: 0.7952615417615572
Time: 27.38300347328186
---- Epoch 6 -----
Full acc: 0.9634024525696445
F1: 0.7940577847432523
Time: 27.2163245677948
---- Epoch 7 -----
Full acc: 0.9634654929154659
F1: 0.7948710189199406
Time: 27.330255270004272
---- Epoch 8 -----
Full acc: 0.9633844410422671
F1: 0.7939465882564904
Time: 27.45564579963684
---- Epoch 9 -----
Full acc: 0.963537539024976
F1: 0.7952216426704616
Time: 27.23268747329712
---- Epoch 10 -----
Full acc: 0.9634114583333333
F1: 0.7940039104925347
Time: 26.876225471496582
========= x =========
---- Epoch 1 -----
Full acc: 0.9129592939481268
F1: 0.2500993411220017
Time: 28.77297019958496
---- Epoch 2 -----
Full acc: 0.9129592939481268
F1: 0.2500993411220017
Time: 27.058156967163086
---- Epoch 3 -----
Full acc: 0.9129592939481268
F1: 0.2500993411220017
Time: 27.52956199645996
---- Epoch 4 -----
Full acc: 0.9129592939481268
F1: 0.2500993411220017
Time: 27.35564684867859
---- Epoch 5 -----
Full acc: 0.9129592939481268
F1: 0.2500993411220017
Time: 26.98099684715271
---- Epoch 6 -----
Full acc: 0.9129592939481268
F1: 0.2500993411220017
Time: 26.821099042892456
---- Epoch 7 -----
Full acc: 0.9129592939481268
F1: 0.2500993411220017
Time: 27.454394817352295
---- Epoch 8 -----
Full acc: 0.9129592939481268
F1: 0.2500993411220017
Time: 26.268152236938477
---- Epoch 9 -----
Full acc: 0.9129592939481268
F1: 0.2500993411220017
Time: 26.811853408813477
---- Epoch 10 -----
Full acc: 0.9129592939481268
F1: 0.2500993411220017
Time: 25.85740613937378
=============== Seed: 1 ================
========= layer0 =========
---- Epoch 1 -----
Full acc: 0.9582755463496638
F1: 0.7591567500962565
Time: 28.92890214920044
---- Epoch 2 -----
Full acc: 0.9588391570605187
F1: 0.7620671451069704
Time: 27.56224751472473
---- Epoch 3 -----
Full acc: 0.9589314661383286
F1: 0.7618808810404072
Time: 27.597418308258057
---- Epoch 4 -----
Full acc: 0.9589025726464937
F1: 0.7626871699334178
Time: 27.477547645568848
---- Epoch 5 -----
Full acc: 0.9591828770413064
F1: 0.7645728491579805
Time: 27.674947023391724
---- Epoch 6 -----
Full acc: 0.959067678314121
F1: 0.762773444079078
Time: 28.53518581390381
---- Epoch 7 -----
Full acc: 0.9589104526897214
F1: 0.7619658925990878
Time: 27.22804045677185
---- Epoch 8 -----
Full acc: 0.9590781850384246
F1: 0.7643009835199637
Time: 27.147154808044434
---- Epoch 9 -----
Full acc: 0.9591037013688761
F1: 0.7646295025022753
Time: 27.085208415985107
---- Epoch 10 -----
Full acc: 0.9588248979346782
F1: 0.7614094564806699
Time: 27.314017295837402
========= layer1 =========
---- Epoch 1 -----
Full acc: 0.9718708723583093
F1: 0.8507905111654959
Time: 29.052847862243652
---- Epoch 2 -----
Full acc: 0.9718018281700288
F1: 0.850788614614304
Time: 27.939703464508057
---- Epoch 3 -----
Full acc: 0.9717725594380403
F1: 0.8504931499762755
Time: 27.424497365951538
---- Epoch 4 -----
Full acc: 0.9717725594380403
F1: 0.850443593471744
Time: 27.37430477142334
---- Epoch 5 -----
Full acc: 0.9718183387367916
F1: 0.8508761198691959
Time: 27.228949785232544
---- Epoch 6 -----
Full acc: 0.9716307186599423
F1: 0.849688738289417
Time: 27.31710195541382
---- Epoch 7 -----
Full acc: 0.971673496037464
F1: 0.8499399101064972
Time: 27.308369636535645
---- Epoch 8 -----
Full acc: 0.9715601735110471
F1: 0.84909375927556
Time: 27.523816108703613
---- Epoch 9 -----
Full acc: 0.9718449807877041
F1: 0.8511786504557101
Time: 27.599158763885498
---- Epoch 10 -----
Full acc: 0.9715575468299712
F1: 0.8489972870066632
Time: 27.53765034675598
========= layer2 =========
---- Epoch 1 -----
Full acc: 0.9610628302113352
F1: 0.7804964211354587
Time: 28.829575777053833
---- Epoch 2 -----
Full acc: 0.9633615513928915
F1: 0.7934798892713337
Time: 27.825116395950317
---- Epoch 3 -----
Full acc: 0.9635052683717579
F1: 0.7943766023911297
Time: 27.838420391082764
---- Epoch 4 -----
Full acc: 0.9634985140489913
F1: 0.7947469448484807
Time: 27.488431930541992
---- Epoch 5 -----
Full acc: 0.9636452329490874
F1: 0.7959452321494184
Time: 27.389718294143677
---- Epoch 6 -----
Full acc: 0.9634767501200768
F1: 0.7944504387563678
Time: 28.135186910629272
---- Epoch 7 -----
Full acc: 0.9636219680595581
F1: 0.7956995730561636
Time: 26.875020503997803
---- Epoch 8 -----
Full acc: 0.9633844410422671
F1: 0.7938554079140074
Time: 26.958678007125854
---- Epoch 9 -----
Full acc: 0.9634835044428435
F1: 0.7949295779754595
Time: 27.601388931274414
---- Epoch 10 -----
Full acc: 0.9635236551392892
F1: 0.7949828307865427
Time: 27.24986720085144
========= x =========
---- Epoch 1 -----
Full acc: 0.9129592939481268
F1: 0.2500993411220017
Time: 28.654216527938843
---- Epoch 2 -----
Full acc: 0.9129592939481268
F1: 0.2500993411220017
Time: 27.570858478546143
---- Epoch 3 -----
Full acc: 0.9121716648655139
F1: 0.24690329723616208
Time: 27.03789710998535
---- Epoch 4 -----
Full acc: 0.9129592939481268
F1: 0.2500993411220017
Time: 27.036302089691162
---- Epoch 5 -----
Full acc: 0.9129592939481268
F1: 0.2500993411220017
Time: 26.818797826766968
---- Epoch 6 -----
Full acc: 0.9129592939481268
F1: 0.2500993411220017
Time: 26.928517818450928
---- Epoch 7 -----
Full acc: 0.9129592939481268
F1: 0.2500993411220017
Time: 26.89415669441223
---- Epoch 8 -----
Full acc: 0.9121716648655139
F1: 0.24690329723616208
Time: 26.28856658935547
---- Epoch 9 -----
Full acc: 0.9129592939481268
F1: 0.2500993411220017
Time: 26.641080379486084
---- Epoch 10 -----
Full acc: 0.9121716648655139
F1: 0.24690329723616208
Time: 26.08029317855835
=============== Seed: 2 ================
========= layer0 =========
---- Epoch 1 -----
Full acc: 0.958262788184438
F1: 0.75813031968357
Time: 28.66730785369873
---- Epoch 2 -----
Full acc: 0.9589205841738713
F1: 0.7627258858069499
Time: 27.449232578277588
---- Epoch 3 -----
Full acc: 0.9589247118155619
F1: 0.7625715062810052
Time: 27.093101739883423
---- Epoch 4 -----
Full acc: 0.9588811839577329
F1: 0.7620877332658333
Time: 27.100284814834595
---- Epoch 5 -----
Full acc: 0.9590331562199808
F1: 0.7636003979715646
Time: 27.827040910720825
---- Epoch 6 -----
Full acc: 0.9589554815081652
F1: 0.7619083961093669
Time: 26.981493949890137
---- Epoch 7 -----
Full acc: 0.9589393461815562
F1: 0.7625662425260928
Time: 27.47530436515808
---- Epoch 8 -----
Full acc: 0.9591389739433237
F1: 0.7643021284771816
Time: 28.40043878555298
---- Epoch 9 -----
Full acc: 0.9589127041306437
F1: 0.762534442774776
Time: 26.69340991973877
---- Epoch 10 -----
Full acc: 0.9589036983669549
F1: 0.7617154067124379
Time: 26.717204570770264
========= layer1 =========
---- Epoch 1 -----
Full acc: 0.9717290315802113
F1: 0.8500451989085949
Time: 29.49680733680725
---- Epoch 2 -----
Full acc: 0.9717721841978867
F1: 0.8503402763005969
Time: 27.47593069076538
---- Epoch 3 -----
Full acc: 0.9717744356388088
F1: 0.8507131987883321
Time: 27.77198100090027
---- Epoch 4 -----
Full acc: 0.9717192753362152
F1: 0.8502138220969927
Time: 27.360639572143555
---- Epoch 5 -----
Full acc: 0.9717552983909702
F1: 0.8502808860538004
Time: 27.270075798034668
---- Epoch 6 -----
Full acc: 0.9718847562439962
F1: 0.8512770362555502
Time: 27.455437183380127
---- Epoch 7 -----
Full acc: 0.9716416006243996
F1: 0.8495450420868694
Time: 27.402593851089478
---- Epoch 8 -----
Full acc: 0.971772934678194
F1: 0.8504717605125741
Time: 27.589234828948975
---- Epoch 9 -----
Full acc: 0.9716521073487032
F1: 0.8498063498188195
Time: 27.664795637130737
---- Epoch 10 -----
Full acc: 0.9717173991354466
F1: 0.8501980378467247
Time: 27.640602588653564
========= layer2 =========
---- Epoch 1 -----
Full acc: 0.9623682907060519
F1: 0.790280343745574
Time: 29.452033758163452
---- Epoch 2 -----
Full acc: 0.9633971992074928
F1: 0.7939820715232503
Time: 27.401352882385254
---- Epoch 3 -----
Full acc: 0.9634782510806916
F1: 0.7947361458555876
Time: 27.844691276550293
---- Epoch 4 -----
Full acc: 0.9635033921709895
F1: 0.7949497195170292
Time: 27.936869144439697
---- Epoch 5 -----
Full acc: 0.9635075198126801
F1: 0.7947596477642782
Time: 27.43783688545227
---- Epoch 6 -----
Full acc: 0.9636129622958693
F1: 0.7952928915793859
Time: 27.649699687957764
---- Epoch 7 -----
Full acc: 0.9635949507684919
F1: 0.7950809000003558
Time: 27.508695602416992
---- Epoch 8 -----
Full acc: 0.9634714967579251
F1: 0.7946473766630051
Time: 27.63162064552307
---- Epoch 9 -----
Full acc: 0.963404328770413
F1: 0.7936579282504824
Time: 28.3252215385437
---- Epoch 10 -----
Full acc: 0.9635949507684919
F1: 0.7953183184113163
Time: 27.898895978927612
========= x =========
---- Epoch 1 -----
Full acc: 0.9121716648655139
F1: 0.24690329723616208
Time: 29.07249903678894
---- Epoch 2 -----
Full acc: 0.9129592939481268
F1: 0.2500993411220017
Time: 27.192419052124023
---- Epoch 3 -----
Full acc: 0.9129592939481268
F1: 0.2500993411220017
Time: 27.93231749534607
---- Epoch 4 -----
Full acc: 0.9129592939481268
F1: 0.2500993411220017
Time: 27.78103542327881
---- Epoch 5 -----
Full acc: 0.9129592939481268
F1: 0.2500993411220017
Time: 27.779813766479492
---- Epoch 6 -----
Full acc: 0.9129592939481268
F1: 0.2500993411220017
Time: 27.363788604736328
---- Epoch 7 -----
Full acc: 0.9121716648655139
F1: 0.24690329723616208
Time: 27.29964804649353
---- Epoch 8 -----
Full acc: 0.9129592939481268
F1: 0.2500993411220017
Time: 27.675554990768433
---- Epoch 9 -----
Full acc: 0.9129592939481268
F1: 0.2500993411220017
Time: 27.15420627593994
---- Epoch 10 -----
Full acc: 0.9129592939481268
F1: 0.2500993411220017
Time: 27.33239769935608
=============== Seed: 3 ================
========= layer0 =========
---- Epoch 1 -----
Full acc: 0.9581712295869357
F1: 0.7580579209144015
Time: 28.864773511886597
---- Epoch 2 -----
Full acc: 0.9589277137367915
F1: 0.762719035566434
Time: 27.8443922996521
---- Epoch 3 -----
Full acc: 0.9588387818203651
F1: 0.7620599788924932
Time: 27.33993124961853
---- Epoch 4 -----
Full acc: 0.9588913154418828
F1: 0.7615490562172352
Time: 27.700773000717163
---- Epoch 5 -----
Full acc: 0.9589340928194044
F1: 0.7622436090665221
Time: 27.40460968017578
---- Epoch 6 -----
Full acc: 0.9590414115033622
F1: 0.7634501196101541
Time: 27.49614381790161
---- Epoch 7 -----
Full acc: 0.9588834353986552
F1: 0.7622825828474398
Time: 27.232815742492676
---- Epoch 8 -----
Full acc: 0.9590616744716619
F1: 0.763645735412887
Time: 27.159310340881348
---- Epoch 9 -----
Full acc: 0.9588770563160423
F1: 0.7623844765765375
Time: 27.287984132766724
---- Epoch 10 -----
Full acc: 0.9591513568683958
F1: 0.7642370162094806
Time: 26.971259117126465
========= layer1 =========
---- Epoch 1 -----
Full acc: 0.9717973252881844
F1: 0.8503810639707536
Time: 29.25686240196228
---- Epoch 2 -----
Full acc: 0.9716644902737752
F1: 0.8497237333449273
Time: 27.0964834690094
---- Epoch 3 -----
Full acc: 0.971822841618636
F1: 0.8505972182599354
Time: 28.420952796936035
---- Epoch 4 -----
Full acc: 0.9718179634966378
F1: 0.8507568660939496
Time: 27.233190298080444
---- Epoch 5 -----
Full acc: 0.9717684317963496
F1: 0.8502966797702467
Time: 27.23237657546997
---- Epoch 6 -----
Full acc: 0.9717350354226705
F1: 0.8502556054222861
Time: 27.488720417022705
---- Epoch 7 -----
Full acc: 0.9717065171709894
F1: 0.8501938737576653
Time: 27.867262840270996
---- Epoch 8 -----
Full acc: 0.9717106448126801
F1: 0.8500434102375516
Time: 27.842870473861694
---- Epoch 9 -----
Full acc: 0.9719132744956772
F1: 0.8512833133459571
Time: 28.25386667251587
---- Epoch 10 -----
Full acc: 0.9716611131123919
F1: 0.8497643930617528
Time: 28.154874086380005
========= layer2 =========
---- Epoch 1 -----
Full acc: 0.9618024285542748
F1: 0.786773538285424
Time: 29.377604007720947
---- Epoch 2 -----
Full acc: 0.9634144602545629
F1: 0.7942492134888767
Time: 27.764132738113403
---- Epoch 3 -----
Full acc: 0.9634767501200768
F1: 0.7941405177316094
Time: 28.034767866134644
---- Epoch 4 -----
Full acc: 0.9634433537463977
F1: 0.7942822926497489
Time: 27.79843521118164
---- Epoch 5 -----
Full acc: 0.963495136887608
F1: 0.7945467043704377
Time: 28.03937292098999
---- Epoch 6 -----
Full acc: 0.9635442933477426
F1: 0.7949083854169028
Time: 28.755104064941406
---- Epoch 7 -----
Full acc: 0.9636418557877041
F1: 0.7960013188316715
Time: 28.276383638381958
---- Epoch 8 -----
Full acc: 0.9635998288904899
F1: 0.7952837635467158
Time: 27.532082557678223
---- Epoch 9 -----
Full acc: 0.9635007654899136
F1: 0.7947289913733492
Time: 28.361677885055542
---- Epoch 10 -----
Full acc: 0.9635259065802113
F1: 0.7949372039219107
Time: 27.76148772239685
========= x =========
---- Epoch 1 -----
Full acc: 0.9129592939481268
F1: 0.2500993411220017
Time: 28.885894298553467
---- Epoch 2 -----
Full acc: 0.9129592939481268
F1: 0.2500993411220017
Time: 27.148203134536743
---- Epoch 3 -----
Full acc: 0.9129592939481268
F1: 0.2500993411220017
Time: 26.924705028533936
---- Epoch 4 -----
Full acc: 0.9129592939481268
F1: 0.2500993411220017
Time: 26.873867511749268
---- Epoch 5 -----
Full acc: 0.9129592939481268
F1: 0.2500993411220017
Time: 26.630900144577026
---- Epoch 6 -----
Full acc: 0.9121716648655139
F1: 0.24690329723616208
Time: 27.031309604644775
---- Epoch 7 -----
Full acc: 0.9129592939481268
F1: 0.2500993411220017
Time: 28.00351881980896
---- Epoch 8 -----
Full acc: 0.9129592939481268
F1: 0.2500993411220017
Time: 26.69942045211792
---- Epoch 9 -----
Full acc: 0.9129592939481268
F1: 0.2500993411220017
Time: 26.404382705688477
---- Epoch 10 -----
Full acc: 0.9129592939481268
F1: 0.2500993411220017
Time: 27.05466628074646
=============== Seed: 4 ================
========= layer0 =========
---- Epoch 1 -----
Full acc: 0.9582762968299712
F1: 0.7583004973391984
Time: 29.888712406158447
---- Epoch 2 -----
Full acc: 0.9589404719020173
F1: 0.7629886082684276
Time: 28.44418478012085
---- Epoch 3 -----
Full acc: 0.9587926272814601
F1: 0.7617079374876179
Time: 27.381409406661987
---- Epoch 4 -----
Full acc: 0.9590226494956773
F1: 0.7628593221104559
Time: 27.775750398635864
---- Epoch 5 -----
Full acc: 0.958811389289145
F1: 0.7631223362525447
Time: 27.38993740081787
---- Epoch 6 -----
Full acc: 0.9589862512007685
F1: 0.7630227160133005
Time: 27.93056559562683
---- Epoch 7 -----
Full acc: 0.9589033231268012
F1: 0.7624732521655441
Time: 27.44761085510254
---- Epoch 8 -----
Full acc: 0.9588571685878963
F1: 0.7619988570330662
Time: 27.603458642959595
---- Epoch 9 -----
Full acc: 0.9586567903458213
F1: 0.7602751221648499
Time: 27.858057975769043
---- Epoch 10 -----
Full acc: 0.9591003242074928
F1: 0.7628876588125291
Time: 27.258169889450073
========= layer1 =========
---- Epoch 1 -----
Full acc: 0.9717871938040346
F1: 0.8506708912083003
Time: 29.18334126472473
---- Epoch 2 -----
Full acc: 0.9716397244236311
F1: 0.8497084544226323
Time: 27.80073046684265
---- Epoch 3 -----
Full acc: 0.9717279058597502
F1: 0.8501057120478539
Time: 27.90312361717224
---- Epoch 4 -----
Full acc: 0.9717695575168107
F1: 0.8506194386561348
Time: 26.524911403656006
---- Epoch 5 -----
Full acc: 0.9717609269932757
F1: 0.8506846085271202
Time: 26.81329655647278
---- Epoch 6 -----
Full acc: 0.9715444134245917
F1: 0.8491367740335258
Time: 27.64008092880249
---- Epoch 7 -----
Full acc: 0.9716547340297791
F1: 0.8495781891522096
Time: 26.83656358718872
---- Epoch 8 -----
Full acc: 0.9717087686119116
F1: 0.8500593451640157
Time: 28.080041646957397
---- Epoch 9 -----
Full acc: 0.9716633645533141
F1: 0.8497029279894068
Time: 26.88473105430603
---- Epoch 10 -----
Full acc: 0.9716836275216139
F1: 0.8500386171790069
Time: 27.240177631378174
========= layer2 =========
---- Epoch 1 -----
Full acc: 0.9622523414985591
F1: 0.7882896562718539
Time: 29.36668825149536
---- Epoch 2 -----
Full acc: 0.9635052683717579
F1: 0.7947721165010848
Time: 27.65857458114624
---- Epoch 3 -----
Full acc: 0.963470371037464
F1: 0.7945769061847365
Time: 27.954153299331665
---- Epoch 4 -----
Full acc: 0.9634928854466859
F1: 0.7948443200835139
Time: 28.54494309425354
---- Epoch 5 -----
Full acc: 0.9635484209894333
F1: 0.7951339908840444
Time: 27.860267639160156
---- Epoch 6 -----
Full acc: 0.9636103356147935
F1: 0.7951384856437254
Time: 27.471917152404785
---- Epoch 7 -----
Full acc: 0.9635146493756004
F1: 0.7947754549364725
Time: 28.06384587287903
---- Epoch 8 -----
Full acc: 0.9634354737031701
F1: 0.7946511937860072
Time: 27.178778409957886
---- Epoch 9 -----
Full acc: 0.9634996397694524
F1: 0.7948749467999872
Time: 27.780072927474976
---- Epoch 10 -----
Full acc: 0.9633739343179635
F1: 0.7935880149208545
Time: 27.36618971824646
========= x =========
---- Epoch 1 -----
Full acc: 0.9129592939481268
F1: 0.2500993411220017
Time: 27.842693328857422
---- Epoch 2 -----
Full acc: 0.9129592939481268
F1: 0.2500993411220017
Time: 27.504884719848633
---- Epoch 3 -----
Full acc: 0.9129592939481268
F1: 0.2500993411220017
Time: 27.702439069747925
---- Epoch 4 -----
Full acc: 0.9129592939481268
F1: 0.2500993411220017
Time: 27.192168712615967
---- Epoch 5 -----
Full acc: 0.9129592939481268
F1: 0.2500993411220017
Time: 27.44243860244751
---- Epoch 6 -----
Full acc: 0.9129592939481268
F1: 0.2500993411220017
Time: 27.02228617668152
---- Epoch 7 -----
Full acc: 0.9121716648655139
F1: 0.24690329723616208
Time: 26.441465377807617
---- Epoch 8 -----
Full acc: 0.9129592939481268
F1: 0.2500993411220017
Time: 26.616568565368652
---- Epoch 9 -----
Full acc: 0.9129592939481268
F1: 0.2500993411220017
Time: 27.907566785812378
---- Epoch 10 -----
Full acc: 0.9129592939481268
F1: 0.2500993411220017
Time: 26.978007078170776
