Loading rhel8/default-amp
  Loading requirement: dot rhel8/slurm singularity/current rhel8/global
    cuda/11.4 libpciaccess/0.16/gcc-9.4.0-6fonbj6
    libiconv/1.16/gcc-9.4.0-ahebbov libxml2/2.9.12/gcc-9.4.0-gnknt5e
    ncurses/6.2/gcc-9.4.0-aiirok7 hwloc/2.5.0/gcc-9.4.0-7sqomga
    libevent/2.1.12/gcc-9.4.0-hgny7cm numactl/2.0.14/gcc-9.4.0-52dwc6n
    cuda/11.4.0/gcc-9.4.0-3hnxhjt gdrcopy/2.2/gcc-9.4.0-e4igtfp
    knem/1.1.4/gcc-9.4.0-bpbxgva libnl/3.3.0/gcc-9.4.0-whwhrwb
    rdma-core/34.0/gcc-9.4.0-5eo5n2u ucx/1.11.1/gcc-9.4.0-lktqyl4
    openmpi/4.1.1/gcc-9.4.0-epagguv
Changed directory to /rds/user/tdb47/hpc-work/planning/thinker_private_planning/probing.

JobID: 58606151
======
Time: Fri Aug  9 22:10:03 BST 2024
Running on master node: gpu-q-50
Current directory: /rds/user/tdb47/hpc-work/planning/thinker_private_planning/probing

Nodes allocated:
================
gpu-q-50

numtasks=1, numnodes=1, mpi_tasks_per_node=1 (OMP_NUM_THREADS=1)

Executing command:
==================
python train_conv_probe.py --feature agent_onto_after --num_epochs 10 --weight_decay 0.001 --kernel 1 --model_name 40m 


test
=================================== FEATURE: agent_onto_after =========================================
=============== Seed: 0 ================
========= layer0 =========
---- Epoch 1 -----
Full acc: 0.9009094797587287
F1: 0.6947782849568948
Time: 33.14628481864929
---- Epoch 2 -----
Full acc: 0.9001855933186406
F1: 0.6917970772278966
Time: 27.38364601135254
---- Epoch 3 -----
Full acc: 0.9006423268762325
F1: 0.6933736872441619
Time: 28.197412490844727
---- Epoch 4 -----
Full acc: 0.9005712794339403
F1: 0.6933434370129063
Time: 28.81398367881775
---- Epoch 5 -----
Full acc: 0.9005662046166338
F1: 0.6932938667665756
Time: 28.5964994430542
---- Epoch 6 -----
Full acc: 0.9007304112051966
F1: 0.6936588921148912
Time: 29.448878526687622
---- Epoch 7 -----
Full acc: 0.9006416019023316
F1: 0.6940044033245916
Time: 28.157233715057373
---- Epoch 8 -----
Full acc: 0.9007550603178286
F1: 0.6945295904385564
Time: 28.73851776123047
---- Epoch 9 -----
Full acc: 0.9007724596914511
F1: 0.6943960259319895
Time: 29.345538854599
---- Epoch 10 -----
Full acc: 0.8998814667671964
F1: 0.6908539354622484
Time: 28.469072580337524
========= layer1 =========
---- Epoch 1 -----
Full acc: 0.9166131394269806
F1: 0.7613350208596212
Time: 30.356386423110962
---- Epoch 2 -----
Full acc: 0.916332574527317
F1: 0.7601214343425928
Time: 29.093895435333252
---- Epoch 3 -----
Full acc: 0.9165518791323513
F1: 0.7604130998816172
Time: 28.41712999343872
---- Epoch 4 -----
Full acc: 0.9164801067161582
F1: 0.7612429545881066
Time: 28.88463282585144
---- Epoch 5 -----
Full acc: 0.9164931562463752
F1: 0.7608177929150106
Time: 28.234590530395508
---- Epoch 6 -----
Full acc: 0.9162796514325484
F1: 0.7596147228278926
Time: 28.658676862716675
---- Epoch 7 -----
Full acc: 0.9162397778679967
F1: 0.760257616258687
Time: 29.153061866760254
---- Epoch 8 -----
Full acc: 0.916523967637165
F1: 0.7608005613239825
Time: 28.892297744750977
---- Epoch 9 -----
Full acc: 0.9165341172717782
F1: 0.7613148953303083
Time: 28.842764139175415
---- Epoch 10 -----
Full acc: 0.9164569075513281
F1: 0.7601135070493885
Time: 28.862239360809326
========= layer2 =========
---- Epoch 1 -----
Full acc: 0.9158925153694467
F1: 0.7457242384888277
Time: 30.022653579711914
---- Epoch 2 -----
Full acc: 0.9160342477670804
F1: 0.7460653563239807
Time: 28.824018716812134
---- Epoch 3 -----
Full acc: 0.9160240981324672
F1: 0.7460360362092289
Time: 28.986525297164917
---- Epoch 4 -----
Full acc: 0.9156826354251247
F1: 0.744966419443437
Time: 28.851906776428223
---- Epoch 5 -----
Full acc: 0.9160066987588447
F1: 0.7460782932344582
Time: 29.034955978393555
---- Epoch 6 -----
Full acc: 0.9159816871592623
F1: 0.7460438886006004
Time: 29.6968035697937
---- Epoch 7 -----
Full acc: 0.9157950063797703
F1: 0.7453635315006361
Time: 28.771085262298584
---- Epoch 8 -----
Full acc: 0.9156086880872288
F1: 0.7449472177611179
Time: 28.98373770713806
---- Epoch 9 -----
Full acc: 0.9160469348103468
F1: 0.746192183860479
Time: 28.978524208068848
---- Epoch 10 -----
Full acc: 0.9156804605034219
F1: 0.7449903200868736
Time: 29.244845390319824
========= x =========
---- Epoch 1 -----
Full acc: 0.8115549965201253
F1: 0.2189821889611722
Time: 29.82973551750183
---- Epoch 2 -----
Full acc: 0.8115549965201253
F1: 0.2189821889611722
Time: 27.722373723983765
---- Epoch 3 -----
Full acc: 0.8115549965201253
F1: 0.2189821889611722
Time: 28.030810356140137
---- Epoch 4 -----
Full acc: 0.8115549965201253
F1: 0.2189821889611722
Time: 27.870975971221924
---- Epoch 5 -----
Full acc: 0.8115549965201253
F1: 0.2189821889611722
Time: 28.101531744003296
---- Epoch 6 -----
Full acc: 0.8115549965201253
F1: 0.2189821889611722
Time: 28.43414855003357
---- Epoch 7 -----
Full acc: 0.8115549965201253
F1: 0.2189821889611722
Time: 28.15692973136902
---- Epoch 8 -----
Full acc: 0.8117246404129451
F1: 0.22014062455061162
Time: 28.129936695098877
---- Epoch 9 -----
Full acc: 0.8115549965201253
F1: 0.2189821889611722
Time: 28.58470344543457
---- Epoch 10 -----
Full acc: 0.8115549965201253
F1: 0.2189821889611722
Time: 27.81354022026062
=============== Seed: 1 ================
========= layer0 =========
---- Epoch 1 -----
Full acc: 0.9005712794339403
F1: 0.6929973555511661
Time: 29.980034112930298
---- Epoch 2 -----
Full acc: 0.9008232078645169
F1: 0.6940243202569893
Time: 29.44897770881653
---- Epoch 3 -----
Full acc: 0.900689812666744
F1: 0.6938031916451995
Time: 28.78698468208313
---- Epoch 4 -----
Full acc: 0.9005437304257047
F1: 0.6936388778867266
Time: 29.21816396713257
---- Epoch 5 -----
Full acc: 0.900550980164714
F1: 0.6935562227679902
Time: 29.133954763412476
---- Epoch 6 -----
Full acc: 0.900150432084445
F1: 0.6916323387588486
Time: 28.98089909553528
---- Epoch 7 -----
Full acc: 0.9007862341955689
F1: 0.6942525027140583
Time: 28.37132215499878
---- Epoch 8 -----
Full acc: 0.900450571279434
F1: 0.6924973984486253
Time: 28.461050748825073
---- Epoch 9 -----
Full acc: 0.9002744026215056
F1: 0.6920624170631339
Time: 28.197861194610596
---- Epoch 10 -----
Full acc: 0.9007119243707227
F1: 0.693878175740647
Time: 29.064473390579224
========= layer1 =========
---- Epoch 1 -----
Full acc: 0.9165928401577543
F1: 0.7612927010283859
Time: 29.91102695465088
---- Epoch 2 -----
Full acc: 0.9162705892587867
F1: 0.7603995244287324
Time: 29.162190437316895
---- Epoch 3 -----
Full acc: 0.9163738980396706
F1: 0.7601326526158882
Time: 28.956645250320435
---- Epoch 4 -----
Full acc: 0.915966100220392
F1: 0.7590766742040256
Time: 28.365822792053223
---- Epoch 5 -----
Full acc: 0.9160367851757337
F1: 0.7591557077606982
Time: 28.55059242248535
---- Epoch 6 -----
Full acc: 0.9164409581255075
F1: 0.7609434103156111
Time: 29.953202724456787
---- Epoch 7 -----
Full acc: 0.9160201107760121
F1: 0.7591421975914494
Time: 28.27697253227234
---- Epoch 8 -----
Full acc: 0.9161176197656884
F1: 0.7599779283145163
Time: 28.3082275390625
---- Epoch 9 -----
Full acc: 0.9162118663728106
F1: 0.7597638504685443
Time: 29.176334381103516
---- Epoch 10 -----
Full acc: 0.9164503827862197
F1: 0.7606132505016487
Time: 29.644259691238403
========= layer2 =========
---- Epoch 1 -----
Full acc: 0.9150645951745737
F1: 0.743635915184891
Time: 31.232749700546265
---- Epoch 2 -----
Full acc: 0.9157830443104048
F1: 0.7450345951609351
Time: 28.673269033432007
---- Epoch 3 -----
Full acc: 0.9154872549588214
F1: 0.7445267493496587
Time: 28.818947076797485
---- Epoch 4 -----
Full acc: 0.915822555388006
F1: 0.74563883856998
Time: 28.63584041595459
---- Epoch 5 -----
Full acc: 0.9161321192437072
F1: 0.746492756735969
Time: 28.76003885269165
---- Epoch 6 -----
Full acc: 0.9159110022039206
F1: 0.7455685952593426
Time: 29.034181594848633
---- Epoch 7 -----
Full acc: 0.9159175269690291
F1: 0.7458408461663351
Time: 28.607691287994385
---- Epoch 8 -----
Full acc: 0.9156866227815799
F1: 0.7451201036102666
Time: 29.471090078353882
---- Epoch 9 -----
Full acc: 0.9156826354251247
F1: 0.7448913494802872
Time: 28.49978494644165
---- Epoch 10 -----
Full acc: 0.9158751159958242
F1: 0.7458429759504565
Time: 29.169027090072632
========= x =========
---- Epoch 1 -----
Full acc: 0.8115549965201253
F1: 0.2189821889611722
Time: 30.147127866744995
---- Epoch 2 -----
Full acc: 0.8115549965201253
F1: 0.2189821889611722
Time: 28.73694658279419
---- Epoch 3 -----
Full acc: 0.8115549965201253
F1: 0.2189821889611722
Time: 28.825666904449463
---- Epoch 4 -----
Full acc: 0.8115549965201253
F1: 0.2189821889611722
Time: 28.14358925819397
---- Epoch 5 -----
Full acc: 0.8115549965201253
F1: 0.2189821889611722
Time: 28.061660528182983
---- Epoch 6 -----
Full acc: 0.8117246404129451
F1: 0.22014062455061162
Time: 28.370253324508667
---- Epoch 7 -----
Full acc: 0.8115549965201253
F1: 0.2189821889611722
Time: 28.153513431549072
---- Epoch 8 -----
Full acc: 0.8115549965201253
F1: 0.2189821889611722
Time: 28.40494394302368
---- Epoch 9 -----
Full acc: 0.8115549965201253
F1: 0.2189821889611722
Time: 28.695064306259155
---- Epoch 10 -----
Full acc: 0.8115549965201253
F1: 0.2189821889611722
Time: 28.751051425933838
=============== Seed: 2 ================
========= layer0 =========
---- Epoch 1 -----
Full acc: 0.9007786219696091
F1: 0.6941490823851757
Time: 30.263856172561646
---- Epoch 2 -----
Full acc: 0.9006416019023316
F1: 0.6934228902474537
Time: 29.393409252166748
---- Epoch 3 -----
Full acc: 0.9005426429648533
F1: 0.6928372571013759
Time: 28.892236471176147
---- Epoch 4 -----
Full acc: 0.9007648474654912
F1: 0.6939710851040826
Time: 28.497625827789307
---- Epoch 5 -----
Full acc: 0.9003599495418165
F1: 0.6921369515835771
Time: 28.311314821243286
---- Epoch 6 -----
Full acc: 0.9006640760932606
F1: 0.6935441894726928
Time: 28.180503606796265
---- Epoch 7 -----
Full acc: 0.9001297703282681
F1: 0.6917375568371327
Time: 28.016746520996094
---- Epoch 8 -----
Full acc: 0.9005459053474075
F1: 0.6935600299511357
Time: 28.977137804031372
---- Epoch 9 -----
Full acc: 0.9005111066001624
F1: 0.6928916023206021
Time: 28.840440034866333
---- Epoch 10 -----
Full acc: 0.9004802952093724
F1: 0.693180695356147
Time: 29.183623790740967
========= layer1 =========
---- Epoch 1 -----
Full acc: 0.9164340708734485
F1: 0.7605920806928391
Time: 30.338311195373535
---- Epoch 2 -----
Full acc: 0.916465244751189
F1: 0.7608722529716253
Time: 29.381125450134277
---- Epoch 3 -----
Full acc: 0.9163035755712794
F1: 0.7597373370035264
Time: 28.562742948532104
---- Epoch 4 -----
Full acc: 0.9161879422340796
F1: 0.7597235146629033
Time: 27.12559199333191
---- Epoch 5 -----
Full acc: 0.9165406420368867
F1: 0.7610534763585491
Time: 27.988382816314697
---- Epoch 6 -----
Full acc: 0.916559491358311
F1: 0.7602349321997559
Time: 28.338229656219482
---- Epoch 7 -----
Full acc: 0.9161777925994664
F1: 0.7595488134448598
Time: 28.336731433868408
---- Epoch 8 -----
Full acc: 0.9164485703514673
F1: 0.7606004815785875
Time: 28.59044599533081
---- Epoch 9 -----
Full acc: 0.9164518327340215
F1: 0.7609340392287888
Time: 28.693965435028076
---- Epoch 10 -----
Full acc: 0.9161241445307969
F1: 0.7592121651984456
Time: 28.666523694992065
========= layer2 =========
---- Epoch 1 -----
Full acc: 0.9155111790975525
F1: 0.7448945111418501
Time: 30.376097202301025
---- Epoch 2 -----
Full acc: 0.9157333835981905
F1: 0.7453284432974459
Time: 29.51060652732849
---- Epoch 3 -----
Full acc: 0.915762382554228
F1: 0.7452772006657522
Time: 29.385953426361084
---- Epoch 4 -----
Full acc: 0.9157145342767661
F1: 0.7451803594875552
Time: 29.42240571975708
---- Epoch 5 -----
Full acc: 0.9158885280129916
F1: 0.7456712321380448
Time: 29.431323528289795
---- Epoch 6 -----
Full acc: 0.9159816871592623
F1: 0.7459397603635278
Time: 29.15446400642395
---- Epoch 7 -----
Full acc: 0.9157580327108225
F1: 0.7449993730592153
Time: 29.663130044937134
---- Epoch 8 -----
Full acc: 0.915936738777404
F1: 0.7457866907510476
Time: 29.139007568359375
---- Epoch 9 -----
Full acc: 0.9160157609326064
F1: 0.7460146959915235
Time: 28.70511269569397
---- Epoch 10 -----
Full acc: 0.9157032971813015
F1: 0.7451063016981662
Time: 29.366159439086914
========= x =========
---- Epoch 1 -----
Full acc: 0.8115549965201253
F1: 0.2189821889611722
Time: 30.55616545677185
---- Epoch 2 -----
Full acc: 0.8115549965201253
F1: 0.2189821889611722
Time: 28.79509711265564
---- Epoch 3 -----
Full acc: 0.8115549965201253
F1: 0.2189821889611722
Time: 27.686548233032227
---- Epoch 4 -----
Full acc: 0.8115549965201253
F1: 0.2189821889611722
Time: 27.775644540786743
---- Epoch 5 -----
Full acc: 0.8115549965201253
F1: 0.2189821889611722
Time: 28.281975984573364
---- Epoch 6 -----
Full acc: 0.8115549965201253
F1: 0.2189821889611722
Time: 27.674864292144775
---- Epoch 7 -----
Full acc: 0.8115549965201253
F1: 0.2189821889611722
Time: 27.46890950202942
---- Epoch 8 -----
Full acc: 0.8115549965201253
F1: 0.2189821889611722
Time: 27.272671937942505
---- Epoch 9 -----
Full acc: 0.8115549965201253
F1: 0.2189821889611722
Time: 27.677103281021118
---- Epoch 10 -----
Full acc: 0.8115549965201253
F1: 0.2189821889611722
Time: 28.751821279525757
=============== Seed: 3 ================
========= layer0 =========
---- Epoch 1 -----
Full acc: 0.9006905376406449
F1: 0.6937228387573147
Time: 29.81769609451294
---- Epoch 2 -----
Full acc: 0.9003882235239531
F1: 0.6925158524613935
Time: 29.62356686592102
---- Epoch 3 -----
Full acc: 0.9008786683679387
F1: 0.695109946593775
Time: 29.782366514205933
---- Epoch 4 -----
Full acc: 0.9007488980396706
F1: 0.6945361990331949
Time: 29.153137922286987
---- Epoch 5 -----
Full acc: 0.90043208444496
F1: 0.6925207439962291
Time: 29.17979407310486
---- Epoch 6 -----
Full acc: 0.9009185419324904
F1: 0.6950828378587118
Time: 28.809178829193115
---- Epoch 7 -----
Full acc: 0.9004973320960445
F1: 0.6931988180225388
Time: 28.145244598388672
---- Epoch 8 -----
Full acc: 0.9005488052430113
F1: 0.6930718656205538
Time: 29.207614183425903
---- Epoch 9 -----
Full acc: 0.9006281898851641
F1: 0.693372009493975
Time: 28.15306305885315
---- Epoch 10 -----
Full acc: 0.9010175008699687
F1: 0.6955176826159528
Time: 27.92893671989441
========= layer1 =========
---- Epoch 1 -----
Full acc: 0.9166305388006032
F1: 0.7611144188888757
Time: 30.976972579956055
---- Epoch 2 -----
Full acc: 0.9164159465259251
F1: 0.7608098715029668
Time: 28.254412174224854
---- Epoch 3 -----
Full acc: 0.9162151287553648
F1: 0.7595312992445368
Time: 28.47230839729309
---- Epoch 4 -----
Full acc: 0.9160179358543092
F1: 0.7592817863136034
Time: 28.28977346420288
---- Epoch 5 -----
Full acc: 0.9161817799559215
F1: 0.7593391816441545
Time: 28.72683572769165
---- Epoch 6 -----
Full acc: 0.9163032130843289
F1: 0.7601069883536603
Time: 29.28066396713257
---- Epoch 7 -----
Full acc: 0.9163126377450411
F1: 0.7597590658866841
Time: 28.89405584335327
---- Epoch 8 -----
Full acc: 0.9165043933418396
F1: 0.7605736766566997
Time: 29.130220890045166
---- Epoch 9 -----
Full acc: 0.916633438696207
F1: 0.761101189522887
Time: 28.89490246772766
---- Epoch 10 -----
Full acc: 0.9165029433940378
F1: 0.76016604838685
Time: 28.46956515312195
========= layer2 =========
---- Epoch 1 -----
Full acc: 0.9152632380234311
F1: 0.7440577641604074
Time: 30.59628963470459
---- Epoch 2 -----
Full acc: 0.9161509685651317
F1: 0.74639754494826
Time: 29.29238271713257
---- Epoch 3 -----
Full acc: 0.9156793730425705
F1: 0.7449093543812475
Time: 29.137784481048584
---- Epoch 4 -----
Full acc: 0.9155978134787147
F1: 0.7447150260219807
Time: 29.4973726272583
---- Epoch 5 -----
Full acc: 0.9156155753392878
F1: 0.7449478342125473
Time: 27.961149215698242
---- Epoch 6 -----
Full acc: 0.9158990401345551
F1: 0.7455791570031268
Time: 27.388904571533203
---- Epoch 7 -----
Full acc: 0.9158214679271546
F1: 0.7455085850617951
Time: 28.945565700531006
---- Epoch 8 -----
Full acc: 0.9159131771256235
F1: 0.7459084936112896
Time: 29.140315055847168
---- Epoch 9 -----
Full acc: 0.9158377798399258
F1: 0.7454843941684607
Time: 26.561914920806885
---- Epoch 10 -----
Full acc: 0.915949788307621
F1: 0.7458328580649084
Time: 27.264936923980713
========= x =========
---- Epoch 1 -----
Full acc: 0.8115549965201253
F1: 0.2189821889611722
Time: 30.313496589660645
---- Epoch 2 -----
Full acc: 0.8115549965201253
F1: 0.2189821889611722
Time: 28.499332904815674
---- Epoch 3 -----
Full acc: 0.8115549965201253
F1: 0.2189821889611722
Time: 27.722532510757446
---- Epoch 4 -----
Full acc: 0.8115549965201253
F1: 0.2189821889611722
Time: 27.823654890060425
---- Epoch 5 -----
Full acc: 0.8115549965201253
F1: 0.2189821889611722
Time: 28.335155963897705
---- Epoch 6 -----
Full acc: 0.8115549965201253
F1: 0.2189821889611722
Time: 29.05113673210144
---- Epoch 7 -----
Full acc: 0.8115549965201253
F1: 0.2189821889611722
Time: 27.86447763442993
---- Epoch 8 -----
Full acc: 0.8115549965201253
F1: 0.2189821889611722
Time: 28.35654354095459
---- Epoch 9 -----
Full acc: 0.8117246404129451
F1: 0.22014062455061162
Time: 29.398823738098145
---- Epoch 10 -----
Full acc: 0.8115549965201253
F1: 0.2189821889611722
Time: 27.91797924041748
=============== Seed: 4 ================
========= layer0 =========
---- Epoch 1 -----
Full acc: 0.9009402911495186
F1: 0.6947461203259465
Time: 29.793156623840332
---- Epoch 2 -----
Full acc: 0.9003516123419557
F1: 0.6922470494652085
Time: 30.6876220703125
---- Epoch 3 -----
Full acc: 0.9008137832038047
F1: 0.6942301597234731
Time: 29.79458475112915
---- Epoch 4 -----
Full acc: 0.9004755828790163
F1: 0.6932049480102663
Time: 29.28645157814026
---- Epoch 5 -----
Full acc: 0.9006397894675792
F1: 0.6934305644295045
Time: 29.63770341873169
---- Epoch 6 -----
Full acc: 0.900167468971117
F1: 0.692207418166534
Time: 27.83374047279358
---- Epoch 7 -----
Full acc: 0.90064812666744
F1: 0.6935094025258646
Time: 28.91693639755249
---- Epoch 8 -----
Full acc: 0.9003708241503305
F1: 0.692451858762104
Time: 29.43509864807129
---- Epoch 9 -----
Full acc: 0.9002251043962417
F1: 0.691922624599299
Time: 29.44927191734314
---- Epoch 10 -----
Full acc: 0.9004480338707807
F1: 0.6931253972720273
Time: 29.678406953811646
========= layer1 =========
---- Epoch 1 -----
Full acc: 0.9164337083864981
F1: 0.7605663660341367
Time: 30.468737363815308
---- Epoch 2 -----
Full acc: 0.9164003595870549
F1: 0.7602260580333663
Time: 28.860695123672485
---- Epoch 3 -----
Full acc: 0.9165275925066697
F1: 0.7605787161280481
Time: 28.77038288116455
---- Epoch 4 -----
Full acc: 0.9163463490314349
F1: 0.7600500158090009
Time: 28.666353464126587
---- Epoch 5 -----
Full acc: 0.9165181678459575
F1: 0.7602408103418392
Time: 28.077570915222168
---- Epoch 6 -----
Full acc: 0.9161640180953485
F1: 0.7596346312889667
Time: 28.78435754776001
---- Epoch 7 -----
Full acc: 0.9163267747361095
F1: 0.7599963059994567
Time: 29.169272422790527
---- Epoch 8 -----
Full acc: 0.9164108717086185
F1: 0.7604068665546402
Time: 29.219143629074097
---- Epoch 9 -----
Full acc: 0.9164703195684956
F1: 0.7609411041280536
Time: 28.83543109893799
---- Epoch 10 -----
Full acc: 0.9163159001275955
F1: 0.7598688324441889
Time: 28.66923689842224
========= layer2 =========
---- Epoch 1 -----
Full acc: 0.9155264035494722
F1: 0.7447541272653855
Time: 31.36779284477234
---- Epoch 2 -----
Full acc: 0.9158218304141051
F1: 0.7458314807822993
Time: 28.359002590179443
---- Epoch 3 -----
Full acc: 0.9160005364806867
F1: 0.7462565374469733
Time: 29.61219310760498
---- Epoch 4 -----
Full acc: 0.9157496955109616
F1: 0.7452526602219144
Time: 28.983490467071533
---- Epoch 5 -----
Full acc: 0.9158729410741213
F1: 0.745785946876895
Time: 28.870740175247192
---- Epoch 6 -----
Full acc: 0.9159255016819394
F1: 0.7458234027095818
Time: 28.74670696258545
---- Epoch 7 -----
Full acc: 0.9159327514209489
F1: 0.7458193891280137
Time: 28.592243671417236
---- Epoch 8 -----
Full acc: 0.9159501507945714
F1: 0.7457164019062514
Time: 28.67957592010498
---- Epoch 9 -----
Full acc: 0.9157431707458531
F1: 0.7453712111019698
Time: 27.817001581192017
---- Epoch 10 -----
Full acc: 0.9159700875768473
F1: 0.7461067665058818
Time: 28.305647134780884
========= x =========
---- Epoch 1 -----
Full acc: 0.8115549965201253
F1: 0.2189821889611722
Time: 30.806884050369263
---- Epoch 2 -----
Full acc: 0.8115549965201253
F1: 0.2189821889611722
Time: 28.67739963531494
---- Epoch 3 -----
Full acc: 0.8115549965201253
F1: 0.2189821889611722
Time: 28.023016929626465
---- Epoch 4 -----
Full acc: 0.8117246404129451
F1: 0.22014062455061162
Time: 27.7902250289917
---- Epoch 5 -----
Full acc: 0.8117246404129451
F1: 0.22014062455061162
Time: 28.23846960067749
---- Epoch 6 -----
Full acc: 0.8117246404129451
F1: 0.22014062455061162
Time: 28.4371395111084
---- Epoch 7 -----
Full acc: 0.8115549965201253
F1: 0.2189821889611722
Time: 29.05711793899536
---- Epoch 8 -----
Full acc: 0.8115549965201253
F1: 0.2189821889611722
Time: 28.903937101364136
---- Epoch 9 -----
Full acc: 0.8115549965201253
F1: 0.2189821889611722
Time: 28.656845092773438
---- Epoch 10 -----
Full acc: 0.8115549965201253
F1: 0.2189821889611722
Time: 28.61755895614624
