Loading rhel8/default-amp
  Loading requirement: dot rhel8/slurm singularity/current rhel8/global
    cuda/11.4 libpciaccess/0.16/gcc-9.4.0-6fonbj6
    libiconv/1.16/gcc-9.4.0-ahebbov libxml2/2.9.12/gcc-9.4.0-gnknt5e
    ncurses/6.2/gcc-9.4.0-aiirok7 hwloc/2.5.0/gcc-9.4.0-7sqomga
    libevent/2.1.12/gcc-9.4.0-hgny7cm numactl/2.0.14/gcc-9.4.0-52dwc6n
    cuda/11.4.0/gcc-9.4.0-3hnxhjt gdrcopy/2.2/gcc-9.4.0-e4igtfp
    knem/1.1.4/gcc-9.4.0-bpbxgva libnl/3.3.0/gcc-9.4.0-whwhrwb
    rdma-core/34.0/gcc-9.4.0-5eo5n2u ucx/1.11.1/gcc-9.4.0-lktqyl4
    openmpi/4.1.1/gcc-9.4.0-epagguv
Changed directory to /rds/user/tdb47/hpc-work/planning/thinker_private_planning/probing.

JobID: 58705855
======
Time: Sun Aug 11 20:03:50 BST 2024
Running on master node: gpu-q-5
Current directory: /rds/user/tdb47/hpc-work/planning/thinker_private_planning/probing

Nodes allocated:
================
gpu-q-5

numtasks=1, numnodes=1, mpi_tasks_per_node=1 (OMP_NUM_THREADS=1)

Executing command:
==================
python train_conv_probe.py --feature agent_onto_after --num_epochs 10 --weight_decay 0.001 --kernel 1 --model_name 50m 


test
=================================== FEATURE: agent_onto_after =========================================
!!!!
=============== Seed: 0 ================
========= layer0 =========
---- Epoch 1 -----
Full acc: 0.8891787215704755
F1: 0.6852086546970765
Time: 42.38632893562317
---- Epoch 2 -----
Full acc: 0.8889128729631192
F1: 0.6844827747488405
Time: 28.210502862930298
---- Epoch 3 -----
Full acc: 0.8892384018700861
F1: 0.6856344234401522
Time: 27.78161883354187
---- Epoch 4 -----
Full acc: 0.8890554856271237
F1: 0.6846508107901346
Time: 27.59452795982361
---- Epoch 5 -----
Full acc: 0.8886524498375455
F1: 0.6830145513649566
Time: 27.581804513931274
---- Epoch 6 -----
Full acc: 0.8889795288821647
F1: 0.684916493011542
Time: 27.05335783958435
---- Epoch 7 -----
Full acc: 0.8889237239266847
F1: 0.6841562214792686
Time: 27.716490268707275
---- Epoch 8 -----
Full acc: 0.8891043149631688
F1: 0.6857187488458344
Time: 27.980645179748535
---- Epoch 9 -----
Full acc: 0.8894565837446365
F1: 0.6866522611031611
Time: 27.934675693511963
---- Epoch 10 -----
Full acc: 0.8889128729631192
F1: 0.6841552863857168
Time: 27.292510271072388
========= layer1 =========
---- Epoch 1 -----
Full acc: 0.9154210018849673
F1: 0.7705490521818421
Time: 28.872512578964233
---- Epoch 2 -----
Full acc: 0.9152435111237878
F1: 0.7705823976284242
Time: 28.031373262405396
---- Epoch 3 -----
Full acc: 0.9152845897715717
F1: 0.771076974274026
Time: 28.066203832626343
---- Epoch 4 -----
Full acc: 0.9152400233140703
F1: 0.7704907876422883
Time: 27.352344751358032
---- Epoch 5 -----
Full acc: 0.9152578498970708
F1: 0.7699638167489684
Time: 26.867902994155884
---- Epoch 6 -----
Full acc: 0.9150900474962177
F1: 0.7704392399551783
Time: 27.416438579559326
---- Epoch 7 -----
Full acc: 0.9149796001884968
F1: 0.7697533231130793
Time: 26.71576166152954
---- Epoch 8 -----
Full acc: 0.9150427682978248
F1: 0.7703532615349078
Time: 27.669737577438354
---- Epoch 9 -----
Full acc: 0.9151884812371338
F1: 0.7704061690139047
Time: 27.51243257522583
---- Epoch 10 -----
Full acc: 0.9154868827351869
F1: 0.7705105294137
Time: 27.49032163619995
========= layer2 =========
---- Epoch 1 -----
Full acc: 0.913816996949329
F1: 0.7577443613380692
Time: 30.11127495765686
---- Epoch 2 -----
Full acc: 0.9139010919169622
F1: 0.7583272787913893
Time: 27.98669409751892
---- Epoch 3 -----
Full acc: 0.9138886908157444
F1: 0.7582664083083468
Time: 27.246796131134033
---- Epoch 4 -----
Full acc: 0.9139576719412684
F1: 0.758784796199965
Time: 27.198649406433105
---- Epoch 5 -----
Full acc: 0.9139386827550287
F1: 0.7584305061406724
Time: 27.211395263671875
---- Epoch 6 -----
Full acc: 0.9140212275850096
F1: 0.7586954404937358
Time: 27.43656349182129
---- Epoch 7 -----
Full acc: 0.9141975557429499
F1: 0.7591503969856274
Time: 27.34899353981018
---- Epoch 8 -----
Full acc: 0.9139169808278975
F1: 0.758423650835731
Time: 26.701465845108032
---- Epoch 9 -----
Full acc: 0.9141506640789702
F1: 0.7589820662592196
Time: 28.321480989456177
---- Epoch 10 -----
Full acc: 0.9143056778441926
F1: 0.7590086730382272
Time: 29.444273471832275
========= x =========
---- Epoch 1 -----
Full acc: 0.8047597751680349
F1: 0.2214835308593969
Time: 29.47266936302185
---- Epoch 2 -----
Full acc: 0.8047597751680349
F1: 0.2214835308593969
Time: 26.44511318206787
---- Epoch 3 -----
Full acc: 0.8047597751680349
F1: 0.2214835308593969
Time: 27.726301908493042
---- Epoch 4 -----
Full acc: 0.8047597751680349
F1: 0.2214835308593969
Time: 27.430229425430298
---- Epoch 5 -----
Full acc: 0.8047597751680349
F1: 0.2214835308593969
Time: 27.38025403022766
---- Epoch 6 -----
Full acc: 0.8047597751680349
F1: 0.2214835308593969
Time: 27.12959909439087
---- Epoch 7 -----
Full acc: 0.8047597751680349
F1: 0.2214835308593969
Time: 26.6945161819458
---- Epoch 8 -----
Full acc: 0.8047597751680349
F1: 0.2214835308593969
Time: 27.03721857070923
---- Epoch 9 -----
Full acc: 0.8047597751680349
F1: 0.2214835308593969
Time: 26.708537817001343
---- Epoch 10 -----
Full acc: 0.8047597751680349
F1: 0.2214835308593969
Time: 27.630368947982788
=============== Seed: 1 ================
========= layer0 =========
---- Epoch 1 -----
Full acc: 0.8893286973883281
F1: 0.685602554243586
Time: 29.777779817581177
---- Epoch 2 -----
Full acc: 0.8888097888092462
F1: 0.6838525560944572
Time: 27.642382383346558
---- Epoch 3 -----
Full acc: 0.8893643505543293
F1: 0.686296022380717
Time: 27.726732969284058
---- Epoch 4 -----
Full acc: 0.8886842276594161
F1: 0.683701961792928
Time: 26.874011039733887
---- Epoch 5 -----
Full acc: 0.8888039757930504
F1: 0.6841137016231416
Time: 27.927021026611328
---- Epoch 6 -----
Full acc: 0.8892744425705003
F1: 0.6860826775417125
Time: 28.10337495803833
---- Epoch 7 -----
Full acc: 0.8891643827971923
F1: 0.6865525742162768
Time: 40.60304069519043
---- Epoch 8 -----
Full acc: 0.8888907835015749
F1: 0.6845699109285637
Time: 27.14014172554016
---- Epoch 9 -----
Full acc: 0.8892089492546938
F1: 0.685950039720689
Time: 26.95860743522644
---- Epoch 10 -----
Full acc: 0.8886063332423919
F1: 0.683142797985653
Time: 27.418487071990967
========= layer1 =========
---- Epoch 1 -----
Full acc: 0.9155109098687964
F1: 0.7709045762196917
Time: 29.11995005607605
---- Epoch 2 -----
Full acc: 0.9153194678687467
F1: 0.7709845897387015
Time: 28.052485466003418
---- Epoch 3 -----
Full acc: 0.9150075026662368
F1: 0.7698717465935203
Time: 28.179506301879883
---- Epoch 4 -----
Full acc: 0.9151950693221558
F1: 0.770463644950755
Time: 28.03085732460022
---- Epoch 5 -----
Full acc: 0.9152156086460478
F1: 0.7701151958445371
Time: 28.017029285430908
---- Epoch 6 -----
Full acc: 0.9151586410873286
F1: 0.7699444745443146
Time: 28.364948987960815
---- Epoch 7 -----
Full acc: 0.9150036273221062
F1: 0.7698526737047754
Time: 27.741472959518433
---- Epoch 8 -----
Full acc: 0.9150861721520871
F1: 0.7698424928091386
Time: 27.53051781654358
---- Epoch 9 -----
Full acc: 0.914863727398993
F1: 0.7697313832136057
Time: 27.715684175491333
---- Epoch 10 -----
Full acc: 0.9152845897715717
F1: 0.7700269452456493
Time: 27.886162042617798
========= layer2 =========
---- Epoch 1 -----
Full acc: 0.9134236495200774
F1: 0.7573052590474197
Time: 28.896981239318848
---- Epoch 2 -----
Full acc: 0.9137193382772391
F1: 0.7580689041321876
Time: 26.523340225219727
---- Epoch 3 -----
Full acc: 0.9140530054068802
F1: 0.7585146112518277
Time: 27.16791820526123
---- Epoch 4 -----
Full acc: 0.9141638402490141
F1: 0.7590774903423891
Time: 27.10884928703308
---- Epoch 5 -----
Full acc: 0.9137712678885885
F1: 0.7580792675542402
Time: 27.53313970565796
---- Epoch 6 -----
Full acc: 0.9139545716659639
F1: 0.7587400360997181
Time: 27.972265481948853
---- Epoch 7 -----
Full acc: 0.9142359216498425
F1: 0.7589642965480975
Time: 27.95339012145996
---- Epoch 8 -----
Full acc: 0.9142781629008656
F1: 0.7594982757634172
Time: 27.95424461364746
---- Epoch 9 -----
Full acc: 0.9141533768198616
F1: 0.759085945417578
Time: 27.294818878173828
---- Epoch 10 -----
Full acc: 0.9139227938440934
F1: 0.7585664662440395
Time: 27.495105743408203
========= x =========
---- Epoch 1 -----
Full acc: 0.8047597751680349
F1: 0.2214835308593969
Time: 39.24533009529114
---- Epoch 2 -----
Full acc: 0.8047597751680349
F1: 0.2214835308593969
Time: 26.42526650428772
---- Epoch 3 -----
Full acc: 0.8047597751680349
F1: 0.2214835308593969
Time: 26.53850746154785
---- Epoch 4 -----
Full acc: 0.8037719499491555
F1: 0.21771801960100526
Time: 26.77532958984375
---- Epoch 5 -----
Full acc: 0.8047597751680349
F1: 0.2214835308593969
Time: 26.9031081199646
---- Epoch 6 -----
Full acc: 0.8047597751680349
F1: 0.2214835308593969
Time: 27.378482341766357
---- Epoch 7 -----
Full acc: 0.8047597751680349
F1: 0.2214835308593969
Time: 26.15356421470642
---- Epoch 8 -----
Full acc: 0.8047597751680349
F1: 0.2214835308593969
Time: 26.833349227905273
---- Epoch 9 -----
Full acc: 0.8047597751680349
F1: 0.2214835308593969
Time: 26.11906909942627
---- Epoch 10 -----
Full acc: 0.8047597751680349
F1: 0.2214835308593969
Time: 26.84896492958069
=============== Seed: 2 ================
========= layer0 =========
---- Epoch 1 -----
Full acc: 0.8892612664004563
F1: 0.6854886486642597
Time: 29.61843466758728
---- Epoch 2 -----
Full acc: 0.8892182500806072
F1: 0.6867004920770239
Time: 28.239437341690063
---- Epoch 3 -----
Full acc: 0.8889031846027927
F1: 0.6848346746948784
Time: 27.849506616592407
---- Epoch 4 -----
Full acc: 0.889314358615045
F1: 0.6860899617500543
Time: 27.419678688049316
---- Epoch 5 -----
Full acc: 0.889370163570525
F1: 0.6863873737295172
Time: 27.16185712814331
---- Epoch 6 -----
Full acc: 0.8887745231776581
F1: 0.6843578889803265
Time: 26.1618435382843
---- Epoch 7 -----
Full acc: 0.8896022966839455
F1: 0.6876540138161251
Time: 26.304144382476807
---- Epoch 8 -----
Full acc: 0.8888942713112924
F1: 0.685466006995555
Time: 27.163254022598267
---- Epoch 9 -----
Full acc: 0.8891798841737146
F1: 0.686058354250463
Time: 27.178011417388916
---- Epoch 10 -----
Full acc: 0.8888969840521839
F1: 0.6850816182116183
Time: 27.309268712997437
========= layer1 =========
---- Epoch 1 -----
Full acc: 0.9155124600064486
F1: 0.7709815921611339
Time: 29.294622659683228
---- Epoch 2 -----
Full acc: 0.9153713974800962
F1: 0.7706582503188381
Time: 27.627315282821655
---- Epoch 3 -----
Full acc: 0.9151497277958283
F1: 0.770395489334118
Time: 28.236504316329956
---- Epoch 4 -----
Full acc: 0.9148784537066892
F1: 0.7693190595021439
Time: 26.898983001708984
---- Epoch 5 -----
Full acc: 0.9148478384880577
F1: 0.7694392637147136
Time: 27.740084171295166
---- Epoch 6 -----
Full acc: 0.9151950693221558
F1: 0.7702704783155013
Time: 34.16891264915466
---- Epoch 7 -----
Full acc: 0.9152283972816786
F1: 0.7704928125199768
Time: 27.71692442893982
---- Epoch 8 -----
Full acc: 0.9152148335772217
F1: 0.7697405846629671
Time: 28.605868816375732
---- Epoch 9 -----
Full acc: 0.9152555246905926
F1: 0.7705629950603765
Time: 27.732378482818604
---- Epoch 10 -----
Full acc: 0.9151954568565689
F1: 0.7706003039101017
Time: 27.680723428726196
========= layer2 =========
---- Epoch 1 -----
Full acc: 0.9138712517671569
F1: 0.7582486272864555
Time: 29.828995943069458
---- Epoch 2 -----
Full acc: 0.9138398614796994
F1: 0.7579878874322796
Time: 28.120902061462402
---- Epoch 3 -----
Full acc: 0.9139510838562465
F1: 0.7586244222959164
Time: 28.129000425338745
---- Epoch 4 -----
Full acc: 0.9139770486619212
F1: 0.7584532944055373
Time: 38.28100657463074
---- Epoch 5 -----
Full acc: 0.9141084228279471
F1: 0.7586994345694726
Time: 27.149767875671387
---- Epoch 6 -----
Full acc: 0.9140719945931198
F1: 0.7587096390452764
Time: 27.68534779548645
---- Epoch 7 -----
Full acc: 0.9139053547955058
F1: 0.7586817054047866
Time: 26.17292833328247
---- Epoch 8 -----
Full acc: 0.9139162057590714
F1: 0.7586510552509899
Time: 27.229223489761353
---- Epoch 9 -----
Full acc: 0.9144010113098043
F1: 0.7597355953285297
Time: 27.16955828666687
---- Epoch 10 -----
Full acc: 0.9141502765445572
F1: 0.7590888248145315
Time: 27.77381658554077
========= x =========
---- Epoch 1 -----
Full acc: 0.8047597751680349
F1: 0.2214835308593969
Time: 29.454317331314087
---- Epoch 2 -----
Full acc: 0.8047597751680349
F1: 0.2214835308593969
Time: 27.406347036361694
---- Epoch 3 -----
Full acc: 0.8047597751680349
F1: 0.2214835308593969
Time: 27.651639699935913
---- Epoch 4 -----
Full acc: 0.8047597751680349
F1: 0.2214835308593969
Time: 27.605224132537842
---- Epoch 5 -----
Full acc: 0.8047597751680349
F1: 0.2214835308593969
Time: 28.135789155960083
---- Epoch 6 -----
Full acc: 0.8037719499491555
F1: 0.21771801960100526
Time: 26.777191877365112
---- Epoch 7 -----
Full acc: 0.8037719499491555
F1: 0.21771801960100526
Time: 27.466949701309204
---- Epoch 8 -----
Full acc: 0.8047597751680349
F1: 0.2214835308593969
Time: 27.02468729019165
---- Epoch 9 -----
Full acc: 0.8047597751680349
F1: 0.2214835308593969
Time: 27.665429830551147
---- Epoch 10 -----
Full acc: 0.8047597751680349
F1: 0.2214835308593969
Time: 26.428282022476196
=============== Seed: 3 ================
========= layer0 =========
---- Epoch 1 -----
Full acc: 0.8888814826756616
F1: 0.6844973932040169
Time: 29.606205224990845
---- Epoch 2 -----
Full acc: 0.8892732799672611
F1: 0.6868580644211575
Time: 27.9322829246521
---- Epoch 3 -----
Full acc: 0.8887125176715692
F1: 0.683387424061492
Time: 27.451736450195312
---- Epoch 4 -----
Full acc: 0.8888543552667477
F1: 0.6845771021648793
Time: 27.446568965911865
---- Epoch 5 -----
Full acc: 0.8888303281331382
F1: 0.6843210615856947
Time: 27.947941780090332
---- Epoch 6 -----
Full acc: 0.8894678222426151
F1: 0.6866410156547049
Time: 27.24975061416626
---- Epoch 7 -----
Full acc: 0.8890539354894714
F1: 0.6854681700147806
Time: 27.129084587097168
---- Epoch 8 -----
Full acc: 0.8891388055259307
F1: 0.6858708301501162
Time: 27.66611671447754
---- Epoch 9 -----
Full acc: 0.889043859594732
F1: 0.6849180811838853
Time: 27.583606481552124
---- Epoch 10 -----
Full acc: 0.889078350157494
F1: 0.685595438008834
Time: 39.81623554229736
========= layer1 =========
---- Epoch 1 -----
Full acc: 0.9153028038889853
F1: 0.7706516820457612
Time: 29.40122413635254
---- Epoch 2 -----
Full acc: 0.9151702671197203
F1: 0.7702303908453809
Time: 27.626302242279053
---- Epoch 3 -----
Full acc: 0.9152210341278305
F1: 0.770550923749161
Time: 27.861399173736572
---- Epoch 4 -----
Full acc: 0.9148838791884719
F1: 0.769481711739011
Time: 27.362760305404663
---- Epoch 5 -----
Full acc: 0.9150764837917607
F1: 0.7696580902727941
Time: 27.620518922805786
---- Epoch 6 -----
Full acc: 0.9151373266946105
F1: 0.770354378360147
Time: 27.539527893066406
---- Epoch 7 -----
Full acc: 0.915307454301942
F1: 0.7705168143874159
Time: 27.629881620407104
---- Epoch 8 -----
Full acc: 0.9154582051886208
F1: 0.7709108989519455
Time: 27.63059687614441
---- Epoch 9 -----
Full acc: 0.9154361157270766
F1: 0.7706891190050035
Time: 27.496232271194458
---- Epoch 10 -----
Full acc: 0.9152481615367445
F1: 0.770569355095007
Time: 26.901271104812622
========= layer2 =========
---- Epoch 1 -----
Full acc: 0.9134096982812073
F1: 0.7570715336986616
Time: 29.749767541885376
---- Epoch 2 -----
Full acc: 0.9137658424068057
F1: 0.758288856568077
Time: 27.65885090827942
---- Epoch 3 -----
Full acc: 0.9141165610506213
F1: 0.7590401592614373
Time: 26.83821678161621
---- Epoch 4 -----
Full acc: 0.9139526339938987
F1: 0.7585607923186896
Time: 27.506848573684692
---- Epoch 5 -----
Full acc: 0.914059205957489
F1: 0.7589091142350652
Time: 26.9056293964386
---- Epoch 6 -----
Full acc: 0.9141049350182296
F1: 0.759013561599901
Time: 27.659399271011353
---- Epoch 7 -----
Full acc: 0.9138111839331332
F1: 0.7585604725258283
Time: 27.62740397453308
---- Epoch 8 -----
Full acc: 0.9139844118157693
F1: 0.7586956006534165
Time: 27.012439012527466
---- Epoch 9 -----
Full acc: 0.9139472085121159
F1: 0.7586012795909566
Time: 27.77770233154297
---- Epoch 10 -----
Full acc: 0.9140045636052482
F1: 0.7584857413005539
Time: 27.503727197647095
========= x =========
---- Epoch 1 -----
Full acc: 0.8047597751680349
F1: 0.2214835308593969
Time: 29.12297534942627
---- Epoch 2 -----
Full acc: 0.8047597751680349
F1: 0.2214835308593969
Time: 28.024354457855225
---- Epoch 3 -----
Full acc: 0.8047597751680349
F1: 0.2214835308593969
Time: 27.796139001846313
---- Epoch 4 -----
Full acc: 0.8047597751680349
F1: 0.2214835308593969
Time: 26.25116205215454
---- Epoch 5 -----
Full acc: 0.8047597751680349
F1: 0.2214835308593969
Time: 27.281782627105713
---- Epoch 6 -----
Full acc: 0.8047597751680349
F1: 0.2214835308593969
Time: 26.632476329803467
---- Epoch 7 -----
Full acc: 0.8047597751680349
F1: 0.2214835308593969
Time: 27.429853439331055
---- Epoch 8 -----
Full acc: 0.8047597751680349
F1: 0.2214835308593969
Time: 26.510400772094727
---- Epoch 9 -----
Full acc: 0.8047597751680349
F1: 0.2214835308593969
Time: 26.439284563064575
---- Epoch 10 -----
Full acc: 0.8047597751680349
F1: 0.2214835308593969
Time: 26.7938494682312
=============== Seed: 4 ================
========= layer0 =========
---- Epoch 1 -----
Full acc: 0.889467047173789
F1: 0.6864750217621592
Time: 30.046966075897217
---- Epoch 2 -----
Full acc: 0.8893872150846995
F1: 0.6864916398133761
Time: 28.20937991142273
---- Epoch 3 -----
Full acc: 0.8894372070239838
F1: 0.6866225034069966
Time: 27.682223558425903
---- Epoch 4 -----
Full acc: 0.8892073991170416
F1: 0.6859821897380485
Time: 27.613163709640503
---- Epoch 5 -----
Full acc: 0.8890337836999925
F1: 0.6848983997193482
Time: 28.155808448791504
---- Epoch 6 -----
Full acc: 0.8893910904288301
F1: 0.6859696550887229
Time: 26.031134843826294
---- Epoch 7 -----
Full acc: 0.8890488975421017
F1: 0.6853630149178771
Time: 25.254772901535034
---- Epoch 8 -----
Full acc: 0.8889062848780972
F1: 0.6845102176143092
Time: 25.983426570892334
---- Epoch 9 -----
Full acc: 0.888828390461073
F1: 0.6840444845842814
Time: 26.90286946296692
---- Epoch 10 -----
Full acc: 0.8888872956918574
F1: 0.6844980777487758
Time: 27.588777542114258
========= layer1 =========
---- Epoch 1 -----
Full acc: 0.915023391577172
F1: 0.7695482380467087
Time: 49.06976532936096
---- Epoch 2 -----
Full acc: 0.9152287848160917
F1: 0.7703095339983178
Time: 27.999106407165527
---- Epoch 3 -----
Full acc: 0.9151101992856966
F1: 0.7699217755392529
Time: 27.425413846969604
---- Epoch 4 -----
Full acc: 0.915238473176418
F1: 0.7698197748877267
Time: 28.33032989501953
---- Epoch 5 -----
Full acc: 0.9152388607108312
F1: 0.7701690632185764
Time: 27.205312252044678
---- Epoch 6 -----
Full acc: 0.9150416056945857
F1: 0.7697933902510439
Time: 27.931511163711548
---- Epoch 7 -----
Full acc: 0.9153109421116595
F1: 0.7704809572027064
Time: 27.49461078643799
---- Epoch 8 -----
Full acc: 0.9151229879213274
F1: 0.7701897909872092
Time: 27.594048738479614
---- Epoch 9 -----
Full acc: 0.9152764515488976
F1: 0.7707082354078341
Time: 27.877490758895874
---- Epoch 10 -----
Full acc: 0.9152497116743967
F1: 0.7705781047715807
Time: 28.426698207855225
========= layer2 =========
---- Epoch 1 -----
Full acc: 0.9136491945484759
F1: 0.7574797687616023
Time: 29.33146619796753
---- Epoch 2 -----
Full acc: 0.913947596046529
F1: 0.7583033757438615
Time: 27.94866156578064
---- Epoch 3 -----
Full acc: 0.9140549430789454
F1: 0.7588804264243301
Time: 27.509995698928833
---- Epoch 4 -----
Full acc: 0.9141157859817952
F1: 0.7584772627332393
Time: 26.65511703491211
---- Epoch 5 -----
Full acc: 0.9138429617550038
F1: 0.7580316118728109
Time: 27.464157819747925
---- Epoch 6 -----
Full acc: 0.913816996949329
F1: 0.7582171625546428
Time: 27.80830979347229
---- Epoch 7 -----
Full acc: 0.9139692979736601
F1: 0.7584307813093016
Time: 27.1608567237854
---- Epoch 8 -----
Full acc: 0.9140429295121407
F1: 0.7587114134476933
Time: 27.228703022003174
---- Epoch 9 -----
Full acc: 0.9139592220789207
F1: 0.7586767739747505
Time: 35.21606731414795
---- Epoch 10 -----
Full acc: 0.9139596096133337
F1: 0.7589299349260877
Time: 26.713061332702637
========= x =========
---- Epoch 1 -----
Full acc: 0.8047597751680349
F1: 0.2214835308593969
Time: 29.156601667404175
---- Epoch 2 -----
Full acc: 0.8047597751680349
F1: 0.2214835308593969
Time: 26.27395272254944
---- Epoch 3 -----
Full acc: 0.8047597751680349
F1: 0.2214835308593969
Time: 26.53913927078247
---- Epoch 4 -----
Full acc: 0.8047597751680349
F1: 0.2214835308593969
Time: 27.129722833633423
---- Epoch 5 -----
Full acc: 0.8047597751680349
F1: 0.2214835308593969
Time: 26.509239435195923
---- Epoch 6 -----
Full acc: 0.8047597751680349
F1: 0.2214835308593969
Time: 26.7042019367218
---- Epoch 7 -----
Full acc: 0.8047597751680349
F1: 0.2214835308593969
Time: 25.40955686569214
---- Epoch 8 -----
Full acc: 0.8047597751680349
F1: 0.2214835308593969
Time: 26.99761414527893
---- Epoch 9 -----
Full acc: 0.8047597751680349
F1: 0.2214835308593969
Time: 26.55710506439209
---- Epoch 10 -----
Full acc: 0.8047597751680349
F1: 0.2214835308593969
Time: 26.73527455329895
