Changed directory to /rds/user/tdb47/hpc-work/planning/thinker_private_planning/probing.

JobID: 58451494
======
Time: Thu Aug  8 11:31:53 BST 2024
Running on master node: gpu-q-39
Current directory: /rds/user/tdb47/hpc-work/planning/thinker_private_planning/probing

Nodes allocated:
================
gpu-q-39

numtasks=1, numnodes=1, mpi_tasks_per_node=1 (OMP_NUM_THREADS=1)

Executing command:
==================
python3 train_conv_probe_34.py --feature agent_onto_with --num_epochs 10 --weight_decay 0.001 --kernel 1 --model_name 250m 


test
=================================== FEATURE: agent_onto_with =========================================
=============== Seed: 3 ================
========= layer0 =========
---- Epoch 1 -----
Full acc: 0.8856868755044671
F1: 0.6389099302044052
Time: 30.789759159088135
---- Epoch 2 -----
Full acc: 0.8861422005900526
F1: 0.6404596628025041
Time: 24.204748392105103
---- Epoch 3 -----
Full acc: 0.8863235478304434
F1: 0.6412698072809357
Time: 24.13891911506653
---- Epoch 4 -----
Full acc: 0.8862991942442039
F1: 0.6412712559598834
Time: 23.114379405975342
---- Epoch 5 -----
Full acc: 0.8863287664560662
F1: 0.6414309368889893
Time: 23.325498342514038
---- Epoch 6 -----
Full acc: 0.8863100663809179
F1: 0.6411815508099138
Time: 23.386226177215576
---- Epoch 7 -----
Full acc: 0.8862557056973476
F1: 0.6410094559696548
Time: 23.529597520828247
---- Epoch 8 -----
Full acc: 0.8863609479807398
F1: 0.6413980068592774
Time: 23.59055733680725
---- Epoch 9 -----
Full acc: 0.8865309881989479
F1: 0.6421159264868805
Time: 22.979678869247437
---- Epoch 10 -----
Full acc: 0.8864714088897548
F1: 0.6419184528195839
Time: 23.30476665496826
========= layer1 =========
---- Epoch 1 -----
Full acc: 0.878144656823179
F1: 0.6045014757250865
Time: 25.018125772476196
---- Epoch 2 -----
Full acc: 0.8787439289988589
F1: 0.6071470385948718
Time: 23.895095348358154
---- Epoch 3 -----
Full acc: 0.8782964318517076
F1: 0.605243824021034
Time: 24.02196955680847
---- Epoch 4 -----
Full acc: 0.878147701021459
F1: 0.6047669221574022
Time: 23.799830198287964
---- Epoch 5 -----
Full acc: 0.8782707736090624
F1: 0.6050297785372499
Time: 23.46864652633667
---- Epoch 6 -----
Full acc: 0.8786782612931059
F1: 0.6070846396743619
Time: 23.809380054473877
---- Epoch 7 -----
Full acc: 0.8785156141278633
F1: 0.6060071857716972
Time: 23.758118152618408
---- Epoch 8 -----
Full acc: 0.8786808706059173
F1: 0.6068553826645706
Time: 23.82614827156067
---- Epoch 9 -----
Full acc: 0.8782620758996911
F1: 0.6050064334239955
Time: 23.21725082397461
---- Epoch 10 -----
Full acc: 0.878620421525787
F1: 0.6063140895423611
Time: 23.815856456756592
========= layer2 =========
---- Epoch 1 -----
Full acc: 0.9148763881544156
F1: 0.7371018012935291
Time: 24.818685054779053
---- Epoch 2 -----
Full acc: 0.9155752491023964
F1: 0.7392999697653769
Time: 23.433039903640747
---- Epoch 3 -----
Full acc: 0.9154613091096329
F1: 0.7395172896851612
Time: 23.762554168701172
---- Epoch 4 -----
Full acc: 0.9154913162069638
F1: 0.7391948154267214
Time: 24.062904596328735
---- Epoch 5 -----
Full acc: 0.9154760952155641
F1: 0.7395330084262194
Time: 24.072345972061157
---- Epoch 6 -----
Full acc: 0.9153334527818754
F1: 0.7391091619512726
Time: 23.544095516204834
---- Epoch 7 -----
Full acc: 0.9150699121879262
F1: 0.738113601256768
Time: 23.00446581840515
---- Epoch 8 -----
Full acc: 0.9154673975061928
F1: 0.7392161839885951
Time: 23.132620573043823
---- Epoch 9 -----
Full acc: 0.9155865561245791
F1: 0.739672124750664
Time: 23.346911430358887
---- Epoch 10 -----
Full acc: 0.9155134953658605
F1: 0.7392409523655556
Time: 23.24349069595337
========= x =========
---- Epoch 1 -----
Full acc: 0.7984162341005873
F1: 0.24135987787640167
Time: 24.260318279266357
---- Epoch 2 -----
Full acc: 0.7983531757076456
F1: 0.2290150576876095
Time: 23.447636365890503
---- Epoch 3 -----
Full acc: 0.7986806444654736
F1: 0.23083390293596323
Time: 23.506370067596436
---- Epoch 4 -----
Full acc: 0.7986936910295305
F1: 0.23092917325928478
Time: 23.556819915771484
---- Epoch 5 -----
Full acc: 0.7984031875365304
F1: 0.24253081280518604
Time: 23.79291582107544
---- Epoch 6 -----
Full acc: 0.7986806444654736
F1: 0.23083390293596323
Time: 23.495476484298706
---- Epoch 7 -----
Full acc: 0.7985736626402071
F1: 0.24259052211961815
Time: 24.032076358795166
---- Epoch 8 -----
Full acc: 0.7984031875365304
F1: 0.24253081280518604
Time: 23.75855278968811
---- Epoch 9 -----
Full acc: 0.7986806444654736
F1: 0.23083390293596323
Time: 22.871642351150513
---- Epoch 10 -----
Full acc: 0.7986858630910963
F1: 0.23087815535512765
Time: 22.994444608688354
=============== Seed: 4 ================
========= layer0 =========
---- Epoch 1 -----
Full acc: 0.8854776955940883
F1: 0.6381941459720177
Time: 25.12010645866394
---- Epoch 2 -----
Full acc: 0.8863413781346544
F1: 0.6412218440163512
Time: 24.05992364883423
---- Epoch 3 -----
Full acc: 0.8863731247738595
F1: 0.6415507157503897
Time: 24.221246004104614
---- Epoch 4 -----
Full acc: 0.8862026496701828
F1: 0.640934110539849
Time: 24.250901460647583
---- Epoch 5 -----
Full acc: 0.8863548595841799
F1: 0.6414656478031363
Time: 23.955562353134155
---- Epoch 6 -----
Full acc: 0.8861500285284868
F1: 0.64069386595371
Time: 22.80274486541748
---- Epoch 7 -----
Full acc: 0.8864153086643102
F1: 0.6415246363629439
Time: 23.93290090560913
---- Epoch 8 -----
Full acc: 0.88620351944112
F1: 0.6407319932067294
Time: 24.023616790771484
---- Epoch 9 -----
Full acc: 0.8865127230092683
F1: 0.6422267570605424
Time: 24.263803005218506
---- Epoch 10 -----
Full acc: 0.8863018035570153
F1: 0.6411360443801616
Time: 24.3586483001709
========= layer1 =========
---- Epoch 1 -----
Full acc: 0.8783055644465474
F1: 0.6048722488893056
Time: 24.968563556671143
---- Epoch 2 -----
Full acc: 0.8781463963650533
F1: 0.6048082302721891
Time: 24.21422052383423
---- Epoch 3 -----
Full acc: 0.8787643686158814
F1: 0.6072800174337775
Time: 23.923590660095215
---- Epoch 4 -----
Full acc: 0.8782655549834396
F1: 0.6051367038420692
Time: 23.90033483505249
---- Epoch 5 -----
Full acc: 0.878530835119263
F1: 0.6063998618492408
Time: 23.692614793777466
---- Epoch 6 -----
Full acc: 0.8785882400011134
F1: 0.6064605479952732
Time: 23.302961111068726
---- Epoch 7 -----
Full acc: 0.8785338793175429
F1: 0.6059124341594764
Time: 23.517183542251587
---- Epoch 8 -----
Full acc: 0.8785508398508168
F1: 0.6063730391778926
Time: 24.103763103485107
---- Epoch 9 -----
Full acc: 0.8783142621559186
F1: 0.605120107631318
Time: 24.074784755706787
---- Epoch 10 -----
Full acc: 0.8785090908458348
F1: 0.6061272557228097
Time: 23.811316967010498
========= layer2 =========
---- Epoch 1 -----
Full acc: 0.9152277756130146
F1: 0.7384177715091592
Time: 24.525872945785522
---- Epoch 2 -----
Full acc: 0.9154673975061928
F1: 0.7391838767871751
Time: 23.794447898864746
---- Epoch 3 -----
Full acc: 0.9154960999471179
F1: 0.7392679732905751
Time: 23.408612728118896
---- Epoch 4 -----
Full acc: 0.9152873549222077
F1: 0.7387359188295728
Time: 24.128597736358643
---- Epoch 5 -----
Full acc: 0.915262131565031
F1: 0.7384693897102043
Time: 23.97554302215576
---- Epoch 6 -----
Full acc: 0.9152421268334772
F1: 0.7387522043796675
Time: 23.41322135925293
---- Epoch 7 -----
Full acc: 0.9153247550725041
F1: 0.7388156536461927
Time: 24.013535737991333
---- Epoch 8 -----
Full acc: 0.9154634835369757
F1: 0.7392678511445341
Time: 23.57227325439453
---- Epoch 9 -----
Full acc: 0.9155608978819338
F1: 0.7397165958512709
Time: 23.966053247451782
---- Epoch 10 -----
Full acc: 0.9154656579643186
F1: 0.739353227579348
Time: 23.400201320648193
========= x =========
---- Epoch 1 -----
Full acc: 0.7983579594477999
F1: 0.24186624573637644
Time: 23.71693706512451
---- Epoch 2 -----
Full acc: 0.7986858630910963
F1: 0.23087815535512765
Time: 22.680864334106445
---- Epoch 3 -----
Full acc: 0.7984084061621531
F1: 0.24257506522435043
Time: 23.171944618225098
---- Epoch 4 -----
Full acc: 0.7986806444654736
F1: 0.23083390293596323
Time: 23.534353017807007
---- Epoch 5 -----
Full acc: 0.7985684440145843
F1: 0.24329835180048048
Time: 23.359776496887207
---- Epoch 6 -----
Full acc: 0.7986806444654736
F1: 0.23083390293596323
Time: 23.651054859161377
---- Epoch 7 -----
Full acc: 0.7986858630910963
F1: 0.23087815535512765
Time: 23.64543604850769
---- Epoch 8 -----
Full acc: 0.7984084061621531
F1: 0.24257506522435043
Time: 23.100548028945923
---- Epoch 9 -----
Full acc: 0.7986858630910963
F1: 0.23087815535512765
Time: 23.1463406085968
---- Epoch 10 -----
Full acc: 0.7986936910295305
F1: 0.23092917325928478
Time: 22.967889070510864
