Loading rhel8/default-amp
  Loading requirement: dot rhel8/slurm singularity/current rhel8/global
    cuda/11.4 libpciaccess/0.16/gcc-9.4.0-6fonbj6
    libiconv/1.16/gcc-9.4.0-ahebbov libxml2/2.9.12/gcc-9.4.0-gnknt5e
    ncurses/6.2/gcc-9.4.0-aiirok7 hwloc/2.5.0/gcc-9.4.0-7sqomga
    libevent/2.1.12/gcc-9.4.0-hgny7cm numactl/2.0.14/gcc-9.4.0-52dwc6n
    cuda/11.4.0/gcc-9.4.0-3hnxhjt gdrcopy/2.2/gcc-9.4.0-e4igtfp
    knem/1.1.4/gcc-9.4.0-bpbxgva libnl/3.3.0/gcc-9.4.0-whwhrwb
    rdma-core/34.0/gcc-9.4.0-5eo5n2u ucx/1.11.1/gcc-9.4.0-lktqyl4
    openmpi/4.1.1/gcc-9.4.0-epagguv
Changed directory to /rds/user/tdb47/hpc-work/planning/thinker_private_planning/probing.

JobID: 58606148
======
Time: Fri Aug  9 22:00:57 BST 2024
Running on master node: gpu-q-35
Current directory: /rds/user/tdb47/hpc-work/planning/thinker_private_planning/probing

Nodes allocated:
================
gpu-q-35

numtasks=1, numnodes=1, mpi_tasks_per_node=1 (OMP_NUM_THREADS=1)

Executing command:
==================
python train_conv_probe.py --feature tracked_box_next_push_onto_with --num_epochs 10 --weight_decay 0.001 --kernel 1 --model_name 20m 


test
=================================== FEATURE: tracked_box_next_push_onto_with =========================================
=============== Seed: 0 ================
========= layer0 =========
---- Epoch 1 -----
Full acc: 0.9455026341407547
F1: 0.6426731173072334
Time: 40.3139169216156
---- Epoch 2 -----
Full acc: 0.9457051456412606
F1: 0.6427030778831708
Time: 120.50398564338684
---- Epoch 3 -----
Full acc: 0.9454230014888622
F1: 0.6425045827953559
Time: 49.87571692466736
---- Epoch 4 -----
Full acc: 0.9457221458703163
F1: 0.6423076997001196
Time: 35.020020961761475
---- Epoch 5 -----
Full acc: 0.945281929412663
F1: 0.6442888615422223
Time: 35.316070556640625
---- Epoch 6 -----
Full acc: 0.9453830360380996
F1: 0.6423375085613164
Time: 34.846214056015015
---- Epoch 7 -----
Full acc: 0.9454364227223272
F1: 0.643579287734372
Time: 34.82560682296753
---- Epoch 8 -----
Full acc: 0.945474896924927
F1: 0.6433362018512554
Time: 35.81349802017212
---- Epoch 9 -----
Full acc: 0.9453630533127183
F1: 0.6421092554346177
Time: 46.32678008079529
---- Epoch 10 -----
Full acc: 0.9453484390807231
F1: 0.6402484225315614
Time: 35.46957087516785
========= layer1 =========
---- Epoch 1 -----
Full acc: 0.9506223873332188
F1: 0.7000202515809807
Time: 35.52651238441467
---- Epoch 2 -----
Full acc: 0.9506188083376281
F1: 0.6999863827082409
Time: 34.85687613487244
---- Epoch 3 -----
Full acc: 0.9503578399091412
F1: 0.7002319434355659
Time: 34.834723711013794
---- Epoch 4 -----
Full acc: 0.950604790604898
F1: 0.7002828375887432
Time: 34.42660689353943
---- Epoch 5 -----
Full acc: 0.9505591584111168
F1: 0.7013985450404265
Time: 34.70764374732971
---- Epoch 6 -----
Full acc: 0.9504687887724522
F1: 0.6977849936072217
Time: 34.4204478263855
---- Epoch 7 -----
Full acc: 0.9505734743934795
F1: 0.6988410179794065
Time: 35.18728947639465
---- Epoch 8 -----
Full acc: 0.9505111402202753
F1: 0.7006813961239475
Time: 35.40495300292969
---- Epoch 9 -----
Full acc: 0.9505633339059726
F1: 0.6977176325291875
Time: 35.457292556762695
---- Epoch 10 -----
Full acc: 0.950443437553685
F1: 0.6981464585446557
Time: 35.22921109199524
========= layer2 =========
---- Epoch 1 -----
Full acc: 0.9429746702552062
F1: 0.6409999219501461
Time: 36.154823303222656
---- Epoch 2 -----
Full acc: 0.9429042833419229
F1: 0.6418158197776531
Time: 35.67769145965576
---- Epoch 3 -----
Full acc: 0.9429630385195366
F1: 0.6408070745251067
Time: 35.770768880844116
---- Epoch 4 -----
Full acc: 0.9429540910305598
F1: 0.6409245943240125
Time: 35.6557137966156
---- Epoch 5 -----
Full acc: 0.943023881444578
F1: 0.6413572304414854
Time: 34.94604539871216
---- Epoch 6 -----
Full acc: 0.9428783356238906
F1: 0.6416462370052356
Time: 35.1329562664032
---- Epoch 7 -----
Full acc: 0.9430113549600107
F1: 0.6417072971030262
Time: 35.42877244949341
---- Epoch 8 -----
Full acc: 0.943044758918857
F1: 0.6421802256113219
Time: 35.142969608306885
---- Epoch 9 -----
Full acc: 0.9429776527515318
F1: 0.6412242790563549
Time: 35.137882232666016
---- Epoch 10 -----
Full acc: 0.9429308275592204
F1: 0.6418071047523515
Time: 35.1682345867157
========= x =========
---- Epoch 1 -----
Full acc: 0.9221031609689057
F1: 0.1918946245328656
Time: 36.24368596076965
---- Epoch 2 -----
Full acc: 0.9221031609689057
F1: 0.1918946245328656
Time: 33.75597548484802
---- Epoch 3 -----
Full acc: 0.9221031609689057
F1: 0.1918946245328656
Time: 34.341328144073486
---- Epoch 4 -----
Full acc: 0.9221031609689057
F1: 0.1918946245328656
Time: 34.01664876937866
---- Epoch 5 -----
Full acc: 0.9221031609689057
F1: 0.1918946245328656
Time: 34.621105432510376
---- Epoch 6 -----
Full acc: 0.9221031609689057
F1: 0.1918946245328656
Time: 34.450061321258545
---- Epoch 7 -----
Full acc: 0.9221031609689057
F1: 0.1918946245328656
Time: 33.64144706726074
---- Epoch 8 -----
Full acc: 0.9221031609689057
F1: 0.1918946245328656
Time: 33.956833839416504
---- Epoch 9 -----
Full acc: 0.9221031609689057
F1: 0.1918946245328656
Time: 34.47914099693298
---- Epoch 10 -----
Full acc: 0.9221031609689057
F1: 0.1918946245328656
Time: 34.79695248603821
=============== Seed: 1 ================
========= layer0 =========
---- Epoch 1 -----
Full acc: 0.9452136302468075
F1: 0.6457428097952486
Time: 36.701517820358276
---- Epoch 2 -----
Full acc: 0.9455157571245872
F1: 0.6433571248135793
Time: 35.019848108291626
---- Epoch 3 -----
Full acc: 0.945382141289202
F1: 0.6443779634587422
Time: 35.84588623046875
---- Epoch 4 -----
Full acc: 0.9455506523315963
F1: 0.6437068419089842
Time: 35.12546706199646
---- Epoch 5 -----
Full acc: 0.9454462649602016
F1: 0.6437600148937592
Time: 35.40699076652527
---- Epoch 6 -----
Full acc: 0.9456407237206284
F1: 0.6439306461037076
Time: 35.14941644668579
---- Epoch 7 -----
Full acc: 0.9454740021760293
F1: 0.6441814967297059
Time: 35.23536562919617
---- Epoch 8 -----
Full acc: 0.9454215102406994
F1: 0.6447867081535257
Time: 35.012457609176636
---- Epoch 9 -----
Full acc: 0.9452774556681747
F1: 0.6415651107885856
Time: 35.11038541793823
---- Epoch 10 -----
Full acc: 0.9455527400790242
F1: 0.64294632230085
Time: 35.10145425796509
========= layer1 =========
---- Epoch 1 -----
Full acc: 0.950676072267079
F1: 0.6995305797443764
Time: 36.36674904823303
---- Epoch 2 -----
Full acc: 0.9507500381759529
F1: 0.6991853505773258
Time: 35.03641986846924
---- Epoch 3 -----
Full acc: 0.9504944382408521
F1: 0.6995889015294954
Time: 35.28444576263428
---- Epoch 4 -----
Full acc: 0.9505958431159213
F1: 0.700395543898688
Time: 35.32533836364746
---- Epoch 5 -----
Full acc: 0.9506035976063677
F1: 0.7001341100259048
Time: 34.74509263038635
---- Epoch 6 -----
Full acc: 0.9505839131306191
F1: 0.7012121034571239
Time: 35.054489850997925
---- Epoch 7 -----
Full acc: 0.950449402546336
F1: 0.6977296203308064
Time: 34.690279483795166
---- Epoch 8 -----
Full acc: 0.9506107555975492
F1: 0.6982025842605569
Time: 34.432555198669434
---- Epoch 9 -----
Full acc: 0.950600018610777
F1: 0.7004962743599455
Time: 34.452200412750244
---- Epoch 10 -----
Full acc: 0.9506909847487068
F1: 0.698321492886296
Time: 35.11735486984253
========= layer2 =========
---- Epoch 1 -----
Full acc: 0.9428586511481418
F1: 0.6418422179446336
Time: 36.47664475440979
---- Epoch 2 -----
Full acc: 0.9429597577735784
F1: 0.6408926315973209
Time: 35.140440702438354
---- Epoch 3 -----
Full acc: 0.9429171080761228
F1: 0.641337909865866
Time: 35.04989838600159
---- Epoch 4 -----
Full acc: 0.9429278450628948
F1: 0.6419038356844282
Time: 35.22882032394409
---- Epoch 5 -----
Full acc: 0.94290159909523
F1: 0.642308702596922
Time: 35.31792426109314
---- Epoch 6 -----
Full acc: 0.9429361960526065
F1: 0.6412684530734821
Time: 35.1317036151886
---- Epoch 7 -----
Full acc: 0.9430540046574662
F1: 0.643124843989131
Time: 35.58227300643921
---- Epoch 8 -----
Full acc: 0.9427972117238351
F1: 0.6414954100703648
Time: 34.92011117935181
---- Epoch 9 -----
Full acc: 0.9429323188073833
F1: 0.6418609155506448
Time: 34.57165741920471
---- Epoch 10 -----
Full acc: 0.9428786338735231
F1: 0.6426647252073684
Time: 35.199344873428345
========= x =========
---- Epoch 1 -----
Full acc: 0.9221031609689057
F1: 0.1918946245328656
Time: 35.44794964790344
---- Epoch 2 -----
Full acc: 0.9221031609689057
F1: 0.1918946245328656
Time: 35.31179904937744
---- Epoch 3 -----
Full acc: 0.9221031609689057
F1: 0.1918946245328656
Time: 35.22785234451294
---- Epoch 4 -----
Full acc: 0.9221031609689057
F1: 0.1918946245328656
Time: 35.117401123046875
---- Epoch 5 -----
Full acc: 0.9221031609689057
F1: 0.1918946245328656
Time: 34.77946949005127
---- Epoch 6 -----
Full acc: 0.9221031609689057
F1: 0.1918946245328656
Time: 34.60399317741394
---- Epoch 7 -----
Full acc: 0.9221031609689057
F1: 0.1918946245328656
Time: 34.06001043319702
---- Epoch 8 -----
Full acc: 0.9221031609689057
F1: 0.1918946245328656
Time: 34.14086437225342
---- Epoch 9 -----
Full acc: 0.9221031609689057
F1: 0.1918946245328656
Time: 34.46137022972107
---- Epoch 10 -----
Full acc: 0.9221031609689057
F1: 0.1918946245328656
Time: 34.121153593063354
=============== Seed: 2 ================
========= layer0 =========
---- Epoch 1 -----
Full acc: 0.9456407237206284
F1: 0.6427365458461849
Time: 36.54208564758301
---- Epoch 2 -----
Full acc: 0.9453630533127183
F1: 0.6410034037987506
Time: 34.71343779563904
---- Epoch 3 -----
Full acc: 0.9456347587279772
F1: 0.6424409342324479
Time: 34.53363370895386
---- Epoch 4 -----
Full acc: 0.945298034892821
F1: 0.6412302838264472
Time: 34.031368255615234
---- Epoch 5 -----
Full acc: 0.9455142658764244
F1: 0.6443644951640668
Time: 34.76385426521301
---- Epoch 6 -----
Full acc: 0.9453132456240814
F1: 0.6431702413586111
Time: 35.32260084152222
---- Epoch 7 -----
Full acc: 0.9453550005726393
F1: 0.64479244152995
Time: 35.26201510429382
---- Epoch 8 -----
Full acc: 0.9452977366431885
F1: 0.6439035050265993
Time: 35.29926681518555
---- Epoch 9 -----
Full acc: 0.9453555970719044
F1: 0.6420374046591658
Time: 34.40492010116577
---- Epoch 10 -----
Full acc: 0.9454728091774991
F1: 0.6444168661893779
Time: 34.87598991394043
========= layer1 =========
---- Epoch 1 -----
Full acc: 0.9505156139647636
F1: 0.6979840456757506
Time: 37.3302161693573
---- Epoch 2 -----
Full acc: 0.9506587737883907
F1: 0.6999179529290883
Time: 35.05454134941101
---- Epoch 3 -----
Full acc: 0.9505445441791216
F1: 0.6963802532661244
Time: 35.21931457519531
---- Epoch 4 -----
Full acc: 0.9506003168604096
F1: 0.6977998521680845
Time: 35.140177726745605
---- Epoch 5 -----
Full acc: 0.9505791411364981
F1: 0.6999304288292065
Time: 34.90672755241394
---- Epoch 6 -----
Full acc: 0.9507571961671343
F1: 0.6997071927160001
Time: 34.94014239311218
---- Epoch 7 -----
Full acc: 0.9506489315505163
F1: 0.6989346988054135
Time: 35.56271147727966
---- Epoch 8 -----
Full acc: 0.9507557049189715
F1: 0.6966491926718255
Time: 35.47893524169922
---- Epoch 9 -----
Full acc: 0.9504869820000382
F1: 0.6995768473940128
Time: 35.048600912094116
---- Epoch 10 -----
Full acc: 0.9505824218824562
F1: 0.6985571681411239
Time: 34.95292401313782
========= layer2 =========
---- Epoch 1 -----
Full acc: 0.942923073068774
F1: 0.6413762538411056
Time: 36.614283323287964
---- Epoch 2 -----
Full acc: 0.9430244779438431
F1: 0.6411906879570377
Time: 34.98526072502136
---- Epoch 3 -----
Full acc: 0.942867896886751
F1: 0.6408594681192511
Time: 34.98613095283508
---- Epoch 4 -----
Full acc: 0.943012547958541
F1: 0.6417143509862198
Time: 36.364216566085815
---- Epoch 5 -----
Full acc: 0.9429341083051785
F1: 0.6409407537294846
Time: 34.713950395584106
---- Epoch 6 -----
Full acc: 0.942931125808853
F1: 0.6419572476479788
Time: 35.920236349105835
---- Epoch 7 -----
Full acc: 0.9430226884460479
F1: 0.6416576115936791
Time: 36.332332372665405
---- Epoch 8 -----
Full acc: 0.9429696000114528
F1: 0.6417055951765374
Time: 36.216389656066895
---- Epoch 9 -----
Full acc: 0.9430441624195919
F1: 0.6422316334682866
Time: 35.66809892654419
---- Epoch 10 -----
Full acc: 0.9428792303727882
F1: 0.6402562856341298
Time: 36.392398834228516
========= x =========
---- Epoch 1 -----
Full acc: 0.9221031609689057
F1: 0.1918946245328656
Time: 37.27248454093933
---- Epoch 2 -----
Full acc: 0.9221031609689057
F1: 0.1918946245328656
Time: 35.44198656082153
---- Epoch 3 -----
Full acc: 0.9221031609689057
F1: 0.1918946245328656
Time: 34.725406885147095
---- Epoch 4 -----
Full acc: 0.9221031609689057
F1: 0.1918946245328656
Time: 35.15933656692505
---- Epoch 5 -----
Full acc: 0.9221031609689057
F1: 0.1918946245328656
Time: 35.06175684928894
---- Epoch 6 -----
Full acc: 0.9221031609689057
F1: 0.1918946245328656
Time: 35.761510372161865
---- Epoch 7 -----
Full acc: 0.9221031609689057
F1: 0.1918946245328656
Time: 34.04862713813782
---- Epoch 8 -----
Full acc: 0.9221031609689057
F1: 0.1918946245328656
Time: 34.619415521621704
---- Epoch 9 -----
Full acc: 0.9221031609689057
F1: 0.1918946245328656
Time: 34.76584434509277
---- Epoch 10 -----
Full acc: 0.9221031609689057
F1: 0.1918946245328656
Time: 34.367077112197876
=============== Seed: 3 ================
========= layer0 =========
---- Epoch 1 -----
Full acc: 0.945372000801695
F1: 0.644466105370965
Time: 37.02238655090332
---- Epoch 2 -----
Full acc: 0.9455351433507034
F1: 0.6430582556616401
Time: 35.22195601463318
---- Epoch 3 -----
Full acc: 0.9455593015709405
F1: 0.6422006329332391
Time: 35.33171844482422
---- Epoch 4 -----
Full acc: 0.945467440684113
F1: 0.644442285560074
Time: 35.622087717056274
---- Epoch 5 -----
Full acc: 0.945551547080494
F1: 0.6423973470320639
Time: 35.45585918426514
---- Epoch 6 -----
Full acc: 0.9455455820878429
F1: 0.643884100343579
Time: 35.028303384780884
---- Epoch 7 -----
Full acc: 0.9455080026341408
F1: 0.6444195655823013
Time: 35.024993658065796
---- Epoch 8 -----
Full acc: 0.9454978621466338
F1: 0.6452989467416975
Time: 35.15870952606201
---- Epoch 9 -----
Full acc: 0.945493686651778
F1: 0.6408527183041721
Time: 34.746657371520996
---- Epoch 10 -----
Full acc: 0.9458635161961481
F1: 0.6422347142384289
Time: 35.48627686500549
========= layer1 =========
---- Epoch 1 -----
Full acc: 0.9506259663288095
F1: 0.6986762663493893
Time: 37.471803188323975
---- Epoch 2 -----
Full acc: 0.950403770352555
F1: 0.697807760660199
Time: 34.788573265075684
---- Epoch 3 -----
Full acc: 0.9504488060470709
F1: 0.6988362108217621
Time: 35.647927045822144
---- Epoch 4 -----
Full acc: 0.9506578790394931
F1: 0.6977609701310719
Time: 35.21824860572815
---- Epoch 5 -----
Full acc: 0.9505087542232148
F1: 0.6988432974971875
Time: 35.46008348464966
---- Epoch 6 -----
Full acc: 0.9506214925843212
F1: 0.698336309790788
Time: 35.052637338638306
---- Epoch 7 -----
Full acc: 0.9507085814770276
F1: 0.7005444036149128
Time: 35.221107721328735
---- Epoch 8 -----
Full acc: 0.9505833166313539
F1: 0.6977436442680754
Time: 35.16976833343506
---- Epoch 9 -----
Full acc: 0.9505937553684933
F1: 0.7004913129146796
Time: 34.80949568748474
---- Epoch 10 -----
Full acc: 0.9505964396151864
F1: 0.6989824595760691
Time: 34.90611720085144
========= layer2 =========
---- Epoch 1 -----
Full acc: 0.9428115277061979
F1: 0.64017148770089
Time: 37.360199213027954
---- Epoch 2 -----
Full acc: 0.9430730926339499
F1: 0.642117792799857
Time: 35.619905948638916
---- Epoch 3 -----
Full acc: 0.9429454417912158
F1: 0.6407408928525047
Time: 35.35751271247864
---- Epoch 4 -----
Full acc: 0.9430671276412987
F1: 0.6421496278694706
Time: 35.440606355667114
---- Epoch 5 -----
Full acc: 0.9429672140143923
F1: 0.6416316695121449
Time: 35.37407636642456
---- Epoch 6 -----
Full acc: 0.9429585647750482
F1: 0.642113523094449
Time: 34.98650407791138
---- Epoch 7 -----
Full acc: 0.9431205143255263
F1: 0.6428401871358476
Time: 35.112825870513916
---- Epoch 8 -----
Full acc: 0.9429609507721086
F1: 0.6415093684659852
Time: 35.433966636657715
---- Epoch 9 -----
Full acc: 0.9430053899673596
F1: 0.6416291416939333
Time: 35.54045367240906
---- Epoch 10 -----
Full acc: 0.943025969192006
F1: 0.6421426941636733
Time: 35.41545391082764
========= x =========
---- Epoch 1 -----
Full acc: 0.9221031609689057
F1: 0.1918946245328656
Time: 36.58227491378784
---- Epoch 2 -----
Full acc: 0.9221031609689057
F1: 0.1918946245328656
Time: 34.379924058914185
---- Epoch 3 -----
Full acc: 0.9221031609689057
F1: 0.1918946245328656
Time: 34.1336452960968
---- Epoch 4 -----
Full acc: 0.9221031609689057
F1: 0.1918946245328656
Time: 34.649800300598145
---- Epoch 5 -----
Full acc: 0.9221031609689057
F1: 0.1918946245328656
Time: 34.44689989089966
---- Epoch 6 -----
Full acc: 0.9221031609689057
F1: 0.1918946245328656
Time: 34.21811890602112
---- Epoch 7 -----
Full acc: 0.9221031609689057
F1: 0.1918946245328656
Time: 33.79926824569702
---- Epoch 8 -----
Full acc: 0.9221031609689057
F1: 0.1918946245328656
Time: 34.487388372421265
---- Epoch 9 -----
Full acc: 0.9221031609689057
F1: 0.1918946245328656
Time: 34.73289155960083
---- Epoch 10 -----
Full acc: 0.9221031609689057
F1: 0.1918946245328656
Time: 34.172401428222656
=============== Seed: 4 ================
========= layer0 =========
---- Epoch 1 -----
Full acc: 0.945242262211533
F1: 0.6447185320053368
Time: 36.254881858825684
---- Epoch 2 -----
Full acc: 0.9454250892362901
F1: 0.6423504890045633
Time: 34.945919036865234
---- Epoch 3 -----
Full acc: 0.9456660749393957
F1: 0.6438732712184424
Time: 35.0692880153656
---- Epoch 4 -----
Full acc: 0.9454015275153181
F1: 0.6418637087693507
Time: 34.450130224227905
---- Epoch 5 -----
Full acc: 0.9455211256179732
F1: 0.645007114878936
Time: 34.88286209106445
---- Epoch 6 -----
Full acc: 0.9452822276622955
F1: 0.644098103530684
Time: 34.59329009056091
---- Epoch 7 -----
Full acc: 0.9453949660234019
F1: 0.6421201977008781
Time: 35.172401428222656
---- Epoch 8 -----
Full acc: 0.9453204036152627
F1: 0.6428471948558222
Time: 35.24989199638367
---- Epoch 9 -----
Full acc: 0.9453991415182577
F1: 0.6401178194389352
Time: 35.299941539764404
---- Epoch 10 -----
Full acc: 0.9454886164080246
F1: 0.6430659496890839
Time: 34.801308393478394
========= layer1 =========
---- Epoch 1 -----
Full acc: 0.9503635066521599
F1: 0.6987315293136824
Time: 37.147363901138306
---- Epoch 2 -----
Full acc: 0.9506200013361583
F1: 0.6986567930957749
Time: 34.938934564590454
---- Epoch 3 -----
Full acc: 0.9506650370306744
F1: 0.6998024316764228
Time: 35.27688646316528
---- Epoch 4 -----
Full acc: 0.9507792666399435
F1: 0.698139264933518
Time: 35.21085524559021
---- Epoch 5 -----
Full acc: 0.9506319313214606
F1: 0.6992747522204292
Time: 34.696513414382935
---- Epoch 6 -----
Full acc: 0.9504264373246292
F1: 0.7007976592171969
Time: 34.781617403030396
---- Epoch 7 -----
Full acc: 0.9504834030044474
F1: 0.698959672576461
Time: 34.76141309738159
---- Epoch 8 -----
Full acc: 0.9505120349691729
F1: 0.698560796883053
Time: 35.79986000061035
---- Epoch 9 -----
Full acc: 0.9506900899998091
F1: 0.6986584314272253
Time: 35.08093452453613
---- Epoch 10 -----
Full acc: 0.9506820372597301
F1: 0.6990459913862477
Time: 35.56120038032532
========= layer2 =========
---- Epoch 1 -----
Full acc: 0.942875353127565
F1: 0.6415094106437348
Time: 36.89647030830383
---- Epoch 2 -----
Full acc: 0.9428631248926301
F1: 0.6399858591505401
Time: 34.85014820098877
---- Epoch 3 -----
Full acc: 0.94300777596442
F1: 0.6425043309768241
Time: 35.69270181655884
---- Epoch 4 -----
Full acc: 0.942949319036439
F1: 0.6416902175851742
Time: 35.46683216094971
---- Epoch 5 -----
Full acc: 0.9429278450628948
F1: 0.6407121236792622
Time: 35.73351216316223
---- Epoch 6 -----
Full acc: 0.9429567752772529
F1: 0.6412520575825401
Time: 35.62024974822998
---- Epoch 7 -----
Full acc: 0.942931125808853
F1: 0.6414260970005328
Time: 35.69420504570007
---- Epoch 8 -----
Full acc: 0.9429129325812671
F1: 0.6413651909282985
Time: 35.40872263908386
---- Epoch 9 -----
Full acc: 0.9430036004695642
F1: 0.641103812760995
Time: 35.08935594558716
---- Epoch 10 -----
Full acc: 0.9430173199526618
F1: 0.642150459426872
Time: 35.760392904281616
========= x =========
---- Epoch 1 -----
Full acc: 0.9221031609689057
F1: 0.1918946245328656
Time: 36.93806219100952
---- Epoch 2 -----
Full acc: 0.9221031609689057
F1: 0.1918946245328656
Time: 34.7734489440918
---- Epoch 3 -----
Full acc: 0.9221031609689057
F1: 0.1918946245328656
Time: 35.43050146102905
---- Epoch 4 -----
Full acc: 0.9221031609689057
F1: 0.1918946245328656
Time: 34.601776123046875
---- Epoch 5 -----
Full acc: 0.9221031609689057
F1: 0.1918946245328656
Time: 34.603936433792114
---- Epoch 6 -----
Full acc: 0.9221031609689057
F1: 0.1918946245328656
Time: 34.57636785507202
---- Epoch 7 -----
Full acc: 0.9221031609689057
F1: 0.1918946245328656
Time: 35.606388568878174
---- Epoch 8 -----
Full acc: 0.9221031609689057
F1: 0.1918946245328656
Time: 34.81546926498413
---- Epoch 9 -----
Full acc: 0.9221031609689057
F1: 0.1918946245328656
Time: 34.22525954246521
---- Epoch 10 -----
Full acc: 0.9221031609689057
F1: 0.1918946245328656
Time: 34.515291929244995
