Loading rhel8/default-amp
  Loading requirement: dot rhel8/slurm singularity/current rhel8/global
    cuda/11.4 libpciaccess/0.16/gcc-9.4.0-6fonbj6
    libiconv/1.16/gcc-9.4.0-ahebbov libxml2/2.9.12/gcc-9.4.0-gnknt5e
    ncurses/6.2/gcc-9.4.0-aiirok7 hwloc/2.5.0/gcc-9.4.0-7sqomga
    libevent/2.1.12/gcc-9.4.0-hgny7cm numactl/2.0.14/gcc-9.4.0-52dwc6n
    cuda/11.4.0/gcc-9.4.0-3hnxhjt gdrcopy/2.2/gcc-9.4.0-e4igtfp
    knem/1.1.4/gcc-9.4.0-bpbxgva libnl/3.3.0/gcc-9.4.0-whwhrwb
    rdma-core/34.0/gcc-9.4.0-5eo5n2u ucx/1.11.1/gcc-9.4.0-lktqyl4
    openmpi/4.1.1/gcc-9.4.0-epagguv
Changed directory to /rds/user/tdb47/hpc-work/planning/thinker_private_planning/probing.

JobID: 58688681
======
Time: Sun Aug 11 10:16:33 BST 2024
Running on master node: gpu-q-74
Current directory: /rds/user/tdb47/hpc-work/planning/thinker_private_planning/probing

Nodes allocated:
================
gpu-q-74

numtasks=1, numnodes=1, mpi_tasks_per_node=1 (OMP_NUM_THREADS=1)

Executing command:
==================
python train_conv_probe.py --feature tracked_box_next_push_onto_after --num_epochs 10 --weight_decay 0.001 --kernel 1 --model_name 250m 


test
=================================== FEATURE: tracked_box_next_push_onto_after =========================================
!!!!
=============== Seed: 0 ================
========= layer0 =========
---- Epoch 1 -----
Full acc: 0.9593011982951369
F1: 0.8064246844965783
Time: 28.158300638198853
---- Epoch 2 -----
Full acc: 0.9609606449133594
F1: 0.8168526307273181
Time: 23.692922353744507
---- Epoch 3 -----
Full acc: 0.9609226523197317
F1: 0.8164215945364036
Time: 22.950807094573975
---- Epoch 4 -----
Full acc: 0.9609418669647848
F1: 0.8181841268508278
Time: 23.365029335021973
---- Epoch 5 -----
Full acc: 0.9609872833985467
F1: 0.8171719054385929
Time: 22.936396598815918
---- Epoch 6 -----
Full acc: 0.9608776725824483
F1: 0.8168115663302465
Time: 22.426589012145996
---- Epoch 7 -----
Full acc: 0.9608711221352711
F1: 0.8169328826288854
Time: 22.973388671875
---- Epoch 8 -----
Full acc: 0.9608457937395193
F1: 0.8162158804270161
Time: 22.988953113555908
---- Epoch 9 -----
Full acc: 0.9607947002515371
F1: 0.8163897569988174
Time: 23.33945393562317
---- Epoch 10 -----
Full acc: 0.9607523406931247
F1: 0.816070409436044
Time: 22.7635498046875
========= layer1 =========
---- Epoch 1 -----
Full acc: 0.9766825915315819
F1: 0.8813627883695101
Time: 25.165876626968384
---- Epoch 2 -----
Full acc: 0.9774957203745109
F1: 0.8852080956364358
Time: 23.18340015411377
---- Epoch 3 -----
Full acc: 0.9775765092230296
F1: 0.8857991236010487
Time: 23.496381998062134
---- Epoch 4 -----
Full acc: 0.977579566098379
F1: 0.8855815676053321
Time: 23.70388674736023
---- Epoch 5 -----
Full acc: 0.9775494340413639
F1: 0.885679692233694
Time: 22.800476789474487
---- Epoch 6 -----
Full acc: 0.9775594780603689
F1: 0.8857655293558071
Time: 23.364830017089844
---- Epoch 7 -----
Full acc: 0.9775743257406372
F1: 0.8857469309911554
Time: 23.572973251342773
---- Epoch 8 -----
Full acc: 0.9775529276131917
F1: 0.8853996428236843
Time: 23.542780876159668
---- Epoch 9 -----
Full acc: 0.9775673385969815
F1: 0.8857282503097693
Time: 23.236201524734497
---- Epoch 10 -----
Full acc: 0.9776149385131359
F1: 0.8859808195078609
Time: 23.180861949920654
========= layer2 =========
---- Epoch 1 -----
Full acc: 0.9730728584404695
F1: 0.862480278925349
Time: 24.53856110572815
---- Epoch 2 -----
Full acc: 0.9747218243432085
F1: 0.8686615166802971
Time: 23.634809017181396
---- Epoch 3 -----
Full acc: 0.9748545800726663
F1: 0.869172762602842
Time: 23.681001663208008
---- Epoch 4 -----
Full acc: 0.974807853549469
F1: 0.8688672070265289
Time: 23.060878038406372
---- Epoch 5 -----
Full acc: 0.9748650607881498
F1: 0.8692095474737735
Time: 23.065131187438965
---- Epoch 6 -----
Full acc: 0.974807853549469
F1: 0.8689531373309155
Time: 22.95964288711548
---- Epoch 7 -----
Full acc: 0.9747484628283958
F1: 0.8684980534762963
Time: 23.299328804016113
---- Epoch 8 -----
Full acc: 0.9749427927613191
F1: 0.8694606125717366
Time: 23.229939460754395
---- Epoch 9 -----
Full acc: 0.9747458426495249
F1: 0.8685550499037102
Time: 23.181960105895996
---- Epoch 10 -----
Full acc: 0.974744095863611
F1: 0.8685068485079425
Time: 23.13797092437744
========= x =========
---- Epoch 1 -----
Full acc: 0.9045184984628284
F1: 0.24780698830705292
Time: 24.137253046035767
---- Epoch 2 -----
Full acc: 0.9045184984628284
F1: 0.24780698830705292
Time: 22.503008127212524
---- Epoch 3 -----
Full acc: 0.9045158782839575
F1: 0.25100138404910133
Time: 22.649482011795044
---- Epoch 4 -----
Full acc: 0.9045184984628284
F1: 0.24780698830705292
Time: 22.637266635894775
---- Epoch 5 -----
Full acc: 0.9045184984628284
F1: 0.24780698830705292
Time: 22.96393632888794
---- Epoch 6 -----
Full acc: 0.9045158782839575
F1: 0.25100138404910133
Time: 22.76036787033081
---- Epoch 7 -----
Full acc: 0.9038302648127445
F1: 0.24939855358111968
Time: 22.860227584838867
---- Epoch 8 -----
Full acc: 0.9045184984628284
F1: 0.24780698830705292
Time: 23.06985855102539
---- Epoch 9 -----
Full acc: 0.9045184984628284
F1: 0.24780698830705292
Time: 22.8298978805542
---- Epoch 10 -----
Full acc: 0.9045184984628284
F1: 0.24780698830705292
Time: 22.990856170654297
=============== Seed: 1 ================
========= layer0 =========
---- Epoch 1 -----
Full acc: 0.9594103724147568
F1: 0.8070917068860112
Time: 24.718729972839355
---- Epoch 2 -----
Full acc: 0.9605152145053102
F1: 0.814335467076732
Time: 23.997465133666992
---- Epoch 3 -----
Full acc: 0.9607300691727222
F1: 0.8154072662301898
Time: 23.473082542419434
---- Epoch 4 -----
Full acc: 0.960671551844606
F1: 0.8157986250512337
Time: 22.957250595092773
---- Epoch 5 -----
Full acc: 0.9609536577697038
F1: 0.8169074917312015
Time: 23.455277681350708
---- Epoch 6 -----
Full acc: 0.9609025642817216
F1: 0.8169214155849291
Time: 23.61186933517456
---- Epoch 7 -----
Full acc: 0.9608296359698155
F1: 0.8164148790899363
Time: 23.36831569671631
---- Epoch 8 -----
Full acc: 0.9609401201788709
F1: 0.8167934006834325
Time: 23.68261170387268
---- Epoch 9 -----
Full acc: 0.961065888764673
F1: 0.8177949240832157
Time: 22.966938257217407
---- Epoch 10 -----
Full acc: 0.9607641314980436
F1: 0.8159625507056507
Time: 23.14660406112671
========= layer1 =========
---- Epoch 1 -----
Full acc: 0.9764948120458357
F1: 0.8803227970266783
Time: 24.45310091972351
---- Epoch 2 -----
Full acc: 0.977504017607602
F1: 0.8853304207422239
Time: 23.124180555343628
---- Epoch 3 -----
Full acc: 0.9775214854667412
F1: 0.8855242204192283
Time: 23.464314460754395
---- Epoch 4 -----
Full acc: 0.9775926669927334
F1: 0.8856181722235752
Time: 22.69815158843994
---- Epoch 5 -----
Full acc: 0.9776101348518725
F1: 0.885683977697998
Time: 23.103400945663452
---- Epoch 6 -----
Full acc: 0.9775564211850196
F1: 0.8855784922617487
Time: 22.682530164718628
---- Epoch 7 -----
Full acc: 0.9775118781442147
F1: 0.8854563616841254
Time: 23.04137086868286
---- Epoch 8 -----
Full acc: 0.9775800027948575
F1: 0.8855986277308047
Time: 23.307037591934204
---- Epoch 9 -----
Full acc: 0.9775760725265511
F1: 0.8856131346291605
Time: 22.469789266586304
---- Epoch 10 -----
Full acc: 0.9775188652878704
F1: 0.885301550136915
Time: 23.14220690727234
========= layer2 =========
---- Epoch 1 -----
Full acc: 0.972806473588597
F1: 0.861913713573859
Time: 25.317106008529663
---- Epoch 2 -----
Full acc: 0.9747694242593627
F1: 0.8690116476357973
Time: 23.62093448638916
---- Epoch 3 -----
Full acc: 0.9748558901621017
F1: 0.869176148213049
Time: 23.37402629852295
---- Epoch 4 -----
Full acc: 0.9747226977361655
F1: 0.868522409043243
Time: 23.33683490753174
---- Epoch 5 -----
Full acc: 0.9748100370318614
F1: 0.8689235864089719
Time: 23.187086582183838
---- Epoch 6 -----
Full acc: 0.9747637472051426
F1: 0.8686710721092379
Time: 22.808537006378174
---- Epoch 7 -----
Full acc: 0.9747790315818893
F1: 0.8686589740496082
Time: 22.95718288421631
---- Epoch 8 -----
Full acc: 0.9748056700670765
F1: 0.8688627011463665
Time: 22.88784646987915
---- Epoch 9 -----
Full acc: 0.9747698609558413
F1: 0.8686919406350407
Time: 23.47483229637146
---- Epoch 10 -----
Full acc: 0.9748266314980436
F1: 0.8689251565693393
Time: 23.296926975250244
========= x =========
---- Epoch 1 -----
Full acc: 0.9045184984628284
F1: 0.24780698830705292
Time: 25.057222843170166
---- Epoch 2 -----
Full acc: 0.9045184984628284
F1: 0.24780698830705292
Time: 23.004271268844604
---- Epoch 3 -----
Full acc: 0.9045184984628284
F1: 0.24780698830705292
Time: 22.066123485565186
---- Epoch 4 -----
Full acc: 0.9045184984628284
F1: 0.24780698830705292
Time: 22.555898904800415
---- Epoch 5 -----
Full acc: 0.9045184984628284
F1: 0.24780698830705292
Time: 22.363696813583374
---- Epoch 6 -----
Full acc: 0.9045184984628284
F1: 0.24780698830705292
Time: 22.83065676689148
---- Epoch 7 -----
Full acc: 0.9045184984628284
F1: 0.24780698830705292
Time: 22.277345895767212
---- Epoch 8 -----
Full acc: 0.9045184984628284
F1: 0.24780698830705292
Time: 22.443262338638306
---- Epoch 9 -----
Full acc: 0.9045184984628284
F1: 0.24780698830705292
Time: 22.9496328830719
---- Epoch 10 -----
Full acc: 0.9045184984628284
F1: 0.24780698830705292
Time: 22.499132871627808
=============== Seed: 2 ================
========= layer0 =========
---- Epoch 1 -----
Full acc: 0.9597234837898267
F1: 0.8084874007897694
Time: 24.486573457717896
---- Epoch 2 -----
Full acc: 0.9607746122135271
F1: 0.8148861539542349
Time: 23.72739267349243
---- Epoch 3 -----
Full acc: 0.9608340029346003
F1: 0.8172712189849195
Time: 23.203025817871094
---- Epoch 4 -----
Full acc: 0.9610056246506428
F1: 0.817091551431702
Time: 23.728519201278687
---- Epoch 5 -----
Full acc: 0.9607584544438234
F1: 0.8161620393067501
Time: 23.33167576789856
---- Epoch 6 -----
Full acc: 0.9608165350754612
F1: 0.8161144551640127
Time: 22.753960371017456
---- Epoch 7 -----
Full acc: 0.9608532175796535
F1: 0.8168127276212811
Time: 22.71807622909546
---- Epoch 8 -----
Full acc: 0.9607907699832309
F1: 0.8164923914769998
Time: 22.419293642044067
---- Epoch 9 -----
Full acc: 0.9607261389044158
F1: 0.8158685436668808
Time: 22.062610149383545
---- Epoch 10 -----
Full acc: 0.9609230890162102
F1: 0.816423469357565
Time: 23.054606199264526
========= layer1 =========
---- Epoch 1 -----
Full acc: 0.9765668669647848
F1: 0.8807282128537743
Time: 24.88014245033264
---- Epoch 2 -----
Full acc: 0.9774529241196199
F1: 0.885162082667535
Time: 23.251539707183838
---- Epoch 3 -----
Full acc: 0.9775603514533259
F1: 0.8856458357124586
Time: 23.547751426696777
---- Epoch 4 -----
Full acc: 0.9775533643096702
F1: 0.8855577668367287
Time: 23.185498237609863
---- Epoch 5 -----
Full acc: 0.977621488960313
F1: 0.8860003116656104
Time: 22.65366220474243
---- Epoch 6 -----
Full acc: 0.9775389533258804
F1: 0.885478647296525
Time: 23.13622736930847
---- Epoch 7 -----
Full acc: 0.9775223588596982
F1: 0.8855212737696057
Time: 23.89239740371704
---- Epoch 8 -----
Full acc: 0.9775328395751817
F1: 0.885588232665285
Time: 23.2053644657135
---- Epoch 9 -----
Full acc: 0.9775402634153159
F1: 0.8855599358082786
Time: 22.957523822784424
---- Epoch 10 -----
Full acc: 0.9775223588596982
F1: 0.8853214587884116
Time: 22.767452239990234
========= layer2 =========
---- Epoch 1 -----
Full acc: 0.9729959998602571
F1: 0.8622279689739745
Time: 25.024893760681152
---- Epoch 2 -----
Full acc: 0.974806980156512
F1: 0.8691844399533949
Time: 22.796155214309692
---- Epoch 3 -----
Full acc: 0.9747580701509223
F1: 0.8687428212730126
Time: 22.8119854927063
---- Epoch 4 -----
Full acc: 0.9747475894354388
F1: 0.8684094243979906
Time: 22.909487009048462
---- Epoch 5 -----
Full acc: 0.9748314351593069
F1: 0.8689318838031383
Time: 22.615774154663086
---- Epoch 6 -----
Full acc: 0.9748519598937954
F1: 0.8690141657749246
Time: 23.31507897377014
---- Epoch 7 -----
Full acc: 0.9747702976523197
F1: 0.8687097743032162
Time: 23.320662260055542
---- Epoch 8 -----
Full acc: 0.9748668075740637
F1: 0.8690811041684284
Time: 23.307011127471924
---- Epoch 9 -----
Full acc: 0.9748235746226942
F1: 0.8689942317431552
Time: 23.54874539375305
---- Epoch 10 -----
Full acc: 0.9748240113191727
F1: 0.8689258909349122
Time: 23.567288637161255
========= x =========
---- Epoch 1 -----
Full acc: 0.9045158782839575
F1: 0.25100138404910133
Time: 24.629790544509888
---- Epoch 2 -----
Full acc: 0.9045184984628284
F1: 0.24780698830705292
Time: 22.63897442817688
---- Epoch 3 -----
Full acc: 0.9045184984628284
F1: 0.24780698830705292
Time: 22.879735708236694
---- Epoch 4 -----
Full acc: 0.9045184984628284
F1: 0.24780698830705292
Time: 22.855513095855713
---- Epoch 5 -----
Full acc: 0.9045184984628284
F1: 0.24780698830705292
Time: 22.946324825286865
---- Epoch 6 -----
Full acc: 0.9045184984628284
F1: 0.24780698830705292
Time: 22.818068027496338
---- Epoch 7 -----
Full acc: 0.9045184984628284
F1: 0.24780698830705292
Time: 23.216177701950073
---- Epoch 8 -----
Full acc: 0.9045184984628284
F1: 0.24780698830705292
Time: 23.4960880279541
---- Epoch 9 -----
Full acc: 0.9045184984628284
F1: 0.24780698830705292
Time: 23.57047176361084
---- Epoch 10 -----
Full acc: 0.9045184984628284
F1: 0.24780698830705292
Time: 22.900386333465576
=============== Seed: 3 ================
========= layer0 =========
---- Epoch 1 -----
Full acc: 0.9592985781162661
F1: 0.8066174543467625
Time: 25.40380024909973
---- Epoch 2 -----
Full acc: 0.9606973169368362
F1: 0.8163823044834185
Time: 23.279910802841187
---- Epoch 3 -----
Full acc: 0.960714348099497
F1: 0.8153384164863431
Time: 23.30012345314026
---- Epoch 4 -----
Full acc: 0.9607610746226942
F1: 0.8159561419145316
Time: 23.5940363407135
---- Epoch 5 -----
Full acc: 0.9606414197875909
F1: 0.8154251952615915
Time: 23.839439630508423
---- Epoch 6 -----
Full acc: 0.9607239554220235
F1: 0.8155994975349122
Time: 23.567751169204712
---- Epoch 7 -----
Full acc: 0.9607488471212968
F1: 0.8156624040756808
Time: 23.386666536331177
---- Epoch 8 -----
Full acc: 0.960906494550028
F1: 0.8166605253912322
Time: 23.561347723007202
---- Epoch 9 -----
Full acc: 0.960861951509223
F1: 0.8165395028883775
Time: 22.798235654830933
---- Epoch 10 -----
Full acc: 0.9609562779485746
F1: 0.8168559794835286
Time: 23.141399145126343
========= layer1 =========
---- Epoch 1 -----
Full acc: 0.9767070465343768
F1: 0.8814655258211047
Time: 24.572524070739746
---- Epoch 2 -----
Full acc: 0.9775284726103969
F1: 0.8856227695700293
Time: 22.555364847183228
---- Epoch 3 -----
Full acc: 0.977599654136389
F1: 0.8858387719136903
Time: 23.083605766296387
---- Epoch 4 -----
Full acc: 0.9775302193963108
F1: 0.8855211437886862
Time: 23.165553331375122
---- Epoch 5 -----
Full acc: 0.9775725789547233
F1: 0.8856160035515146
Time: 22.98210310935974
---- Epoch 6 -----
Full acc: 0.9775979073504751
F1: 0.885783173639578
Time: 22.579387187957764
---- Epoch 7 -----
Full acc: 0.977569522079374
F1: 0.8856995043417146
Time: 22.87454056739807
---- Epoch 8 -----
Full acc: 0.9775380799329234
F1: 0.8854662390766581
Time: 23.61782217025757
---- Epoch 9 -----
Full acc: 0.9775979073504751
F1: 0.8858386739210757
Time: 22.711323499679565
---- Epoch 10 -----
Full acc: 0.9776437604807154
F1: 0.8859715691144536
Time: 22.644150495529175
========= layer2 =========
---- Epoch 1 -----
Full acc: 0.9727540700111794
F1: 0.8616768751535762
Time: 24.347782135009766
---- Epoch 2 -----
Full acc: 0.9748598204304081
F1: 0.8694663049409197
Time: 23.502846717834473
---- Epoch 3 -----
Full acc: 0.9747764114030184
F1: 0.8687657145372812
Time: 23.440597534179688
---- Epoch 4 -----
Full acc: 0.9748641873951929
F1: 0.8692880186852368
Time: 23.472259044647217
---- Epoch 5 -----
Full acc: 0.9748724846282839
F1: 0.8692379434299525
Time: 23.365659475326538
---- Epoch 6 -----
Full acc: 0.9747515197037451
F1: 0.8686663092468943
Time: 24.001497745513916
---- Epoch 7 -----
Full acc: 0.9747567600614868
F1: 0.8685922025725127
Time: 23.189470767974854
---- Epoch 8 -----
Full acc: 0.9748794717719397
F1: 0.8690716350948587
Time: 23.555224418640137
---- Epoch 9 -----
Full acc: 0.9746724776411403
F1: 0.868206652448136
Time: 23.839349269866943
---- Epoch 10 -----
Full acc: 0.9748829653437675
F1: 0.8691547000722999
Time: 22.50979256629944
========= x =========
---- Epoch 1 -----
Full acc: 0.9045184984628284
F1: 0.24780698830705292
Time: 24.8132483959198
---- Epoch 2 -----
Full acc: 0.9045184984628284
F1: 0.24780698830705292
Time: 22.471644163131714
---- Epoch 3 -----
Full acc: 0.9045184984628284
F1: 0.24780698830705292
Time: 22.269145488739014
---- Epoch 4 -----
Full acc: 0.9045184984628284
F1: 0.24780698830705292
Time: 22.57581663131714
---- Epoch 5 -----
Full acc: 0.9045184984628284
F1: 0.24780698830705292
Time: 22.213318586349487
---- Epoch 6 -----
Full acc: 0.9045184984628284
F1: 0.24780698830705292
Time: 22.99419927597046
---- Epoch 7 -----
Full acc: 0.9045184984628284
F1: 0.24780698830705292
Time: 23.08632802963257
---- Epoch 8 -----
Full acc: 0.9045184984628284
F1: 0.24780698830705292
Time: 22.780689477920532
---- Epoch 9 -----
Full acc: 0.9045184984628284
F1: 0.24780698830705292
Time: 21.860507011413574
---- Epoch 10 -----
Full acc: 0.9045184984628284
F1: 0.24780698830705292
Time: 23.803629398345947
=============== Seed: 4 ================
========= layer0 =========
---- Epoch 1 -----
Full acc: 0.9591579618501956
F1: 0.8056610614803038
Time: 24.91491198539734
---- Epoch 2 -----
Full acc: 0.9607947002515371
F1: 0.8159861097318443
Time: 22.781179666519165
---- Epoch 3 -----
Full acc: 0.9606466601453326
F1: 0.8150989087325433
Time: 23.117125272750854
---- Epoch 4 -----
Full acc: 0.9605645612073784
F1: 0.8149119298865563
Time: 23.163245916366577
---- Epoch 5 -----
Full acc: 0.9609274559809949
F1: 0.8174116428695177
Time: 23.548664808273315
---- Epoch 6 -----
Full acc: 0.9608986340134154
F1: 0.8160383430212919
Time: 22.68730401992798
---- Epoch 7 -----
Full acc: 0.9608920835662381
F1: 0.8171069245800202
Time: 22.593820571899414
---- Epoch 8 -----
Full acc: 0.9609305128563443
F1: 0.8166728698802883
Time: 22.81597089767456
---- Epoch 9 -----
Full acc: 0.960757144354388
F1: 0.8161833565541899
Time: 22.876155376434326
---- Epoch 10 -----
Full acc: 0.9608222121296814
F1: 0.8158154365220955
Time: 22.32265067100525
========= layer1 =========
---- Epoch 1 -----
Full acc: 0.9766673071548351
F1: 0.8813259608913068
Time: 24.893192291259766
---- Epoch 2 -----
Full acc: 0.9775407001117943
F1: 0.8856443974312624
Time: 23.633667707443237
---- Epoch 3 -----
Full acc: 0.9776411403018446
F1: 0.8860900098869265
Time: 23.478343725204468
---- Epoch 4 -----
Full acc: 0.9776027110117385
F1: 0.8858038910262854
Time: 23.841252088546753
---- Epoch 5 -----
Full acc: 0.977600527529346
F1: 0.8858008165076375
Time: 23.344677925109863
---- Epoch 6 -----
Full acc: 0.9775642817216322
F1: 0.8857027942622203
Time: 23.47333788871765
---- Epoch 7 -----
Full acc: 0.9775957238680827
F1: 0.8858523991884756
Time: 23.470892667770386
---- Epoch 8 -----
Full acc: 0.9776053311906093
F1: 0.8858645050961117
Time: 23.442068099975586
---- Epoch 9 -----
Full acc: 0.9775922302962549
F1: 0.8858296192880154
Time: 23.540831804275513
---- Epoch 10 -----
Full acc: 0.9775655918110676
F1: 0.8855671424765579
Time: 23.04488730430603
========= layer2 =========
---- Epoch 1 -----
Full acc: 0.9728898826159866
F1: 0.8616220429537051
Time: 24.365482091903687
---- Epoch 2 -----
Full acc: 0.9748751048071548
F1: 0.8695420888596525
Time: 23.008647680282593
---- Epoch 3 -----
Full acc: 0.974869864449413
F1: 0.8691856977925798
Time: 23.094109296798706
---- Epoch 4 -----
Full acc: 0.9748650607881498
F1: 0.8692667201565433
Time: 22.93007206916809
---- Epoch 5 -----
Full acc: 0.9747178940749022
F1: 0.8684119209181442
Time: 23.152762413024902
---- Epoch 6 -----
Full acc: 0.9747768480994969
F1: 0.8687581817137466
Time: 23.3069851398468
---- Epoch 7 -----
Full acc: 0.9747283747903857
F1: 0.8683764461291338
Time: 23.174367666244507
---- Epoch 8 -----
Full acc: 0.9747847086361096
F1: 0.8687464430793665
Time: 23.054768800735474
---- Epoch 9 -----
Full acc: 0.9748471562325322
F1: 0.8689513523068371
Time: 23.074878215789795
---- Epoch 10 -----
Full acc: 0.9747995563163778
F1: 0.8688074998903499
Time: 23.09568691253662
========= x =========
---- Epoch 1 -----
Full acc: 0.9045184984628284
F1: 0.24780698830705292
Time: 24.333799600601196
---- Epoch 2 -----
Full acc: 0.9045158782839575
F1: 0.25100138404910133
Time: 22.984182357788086
---- Epoch 3 -----
Full acc: 0.9045184984628284
F1: 0.24780698830705292
Time: 22.843761444091797
---- Epoch 4 -----
Full acc: 0.9045184984628284
F1: 0.24780698830705292
Time: 22.404521942138672
---- Epoch 5 -----
Full acc: 0.9045184984628284
F1: 0.24780698830705292
Time: 23.288900136947632
---- Epoch 6 -----
Full acc: 0.9045184984628284
F1: 0.24780698830705292
Time: 23.46775507926941
---- Epoch 7 -----
Full acc: 0.9045184984628284
F1: 0.24780698830705292
Time: 23.041329383850098
---- Epoch 8 -----
Full acc: 0.9045184984628284
F1: 0.24780698830705292
Time: 23.41812038421631
---- Epoch 9 -----
Full acc: 0.9045184984628284
F1: 0.24780698830705292
Time: 23.272403955459595
---- Epoch 10 -----
Full acc: 0.9045184984628284
F1: 0.24780698830705292
Time: 22.743534803390503
