Loading rhel8/default-amp
  Loading requirement: dot rhel8/slurm singularity/current rhel8/global
    cuda/11.4 libpciaccess/0.16/gcc-9.4.0-6fonbj6
    libiconv/1.16/gcc-9.4.0-ahebbov libxml2/2.9.12/gcc-9.4.0-gnknt5e
    ncurses/6.2/gcc-9.4.0-aiirok7 hwloc/2.5.0/gcc-9.4.0-7sqomga
    libevent/2.1.12/gcc-9.4.0-hgny7cm numactl/2.0.14/gcc-9.4.0-52dwc6n
    cuda/11.4.0/gcc-9.4.0-3hnxhjt gdrcopy/2.2/gcc-9.4.0-e4igtfp
    knem/1.1.4/gcc-9.4.0-bpbxgva libnl/3.3.0/gcc-9.4.0-whwhrwb
    rdma-core/34.0/gcc-9.4.0-5eo5n2u ucx/1.11.1/gcc-9.4.0-lktqyl4
    openmpi/4.1.1/gcc-9.4.0-epagguv
Changed directory to /rds/user/tdb47/hpc-work/planning/thinker_private_planning/probing.

JobID: 58606147
======
Time: Fri Aug  9 22:00:57 BST 2024
Running on master node: gpu-q-35
Current directory: /rds/user/tdb47/hpc-work/planning/thinker_private_planning/probing

Nodes allocated:
================
gpu-q-35

numtasks=1, numnodes=1, mpi_tasks_per_node=1 (OMP_NUM_THREADS=1)

Executing command:
==================
python train_conv_probe.py --feature tracked_box_next_push_onto_with --num_epochs 10 --weight_decay 0.001 --kernel 1 --model_name 30m 


test
=================================== FEATURE: tracked_box_next_push_onto_with =========================================
=============== Seed: 0 ================
========= layer0 =========
---- Epoch 1 -----
Full acc: 0.952214239050622
F1: 0.7148861311475002
Time: 33.465116024017334
---- Epoch 2 -----
Full acc: 0.9520083983025225
F1: 0.7131531496972363
Time: 31.12407088279724
---- Epoch 3 -----
Full acc: 0.9518686965488943
F1: 0.7137662465639371
Time: 41.90607452392578
---- Epoch 4 -----
Full acc: 0.952082635949378
F1: 0.7137697613614569
Time: 31.375585556030273
---- Epoch 5 -----
Full acc: 0.952002999200933
F1: 0.7153990938614514
Time: 31.498352527618408
---- Epoch 6 -----
Full acc: 0.9521076067942295
F1: 0.7157089261733484
Time: 31.11635184288025
---- Epoch 7 -----
Full acc: 0.9519230250086386
F1: 0.7140710118572239
Time: 30.78494381904602
---- Epoch 8 -----
Full acc: 0.9519081774792675
F1: 0.7136744488764712
Time: 30.57141637802124
---- Epoch 9 -----
Full acc: 0.9519989498747409
F1: 0.7144988340492529
Time: 30.33048391342163
---- Epoch 10 -----
Full acc: 0.9521329150829302
F1: 0.7151708457636751
Time: 30.38634991645813
========= layer1 =========
---- Epoch 1 -----
Full acc: 0.9647381300751555
F1: 0.8017711015881843
Time: 32.72663950920105
---- Epoch 2 -----
Full acc: 0.9647772735616793
F1: 0.8015914663583696
Time: 30.70880436897278
---- Epoch 3 -----
Full acc: 0.9647597264815134
F1: 0.8026332985816195
Time: 31.03549337387085
---- Epoch 4 -----
Full acc: 0.9648450997753973
F1: 0.8025444737457009
Time: 31.079467058181763
---- Epoch 5 -----
Full acc: 0.9648457746630961
F1: 0.803190462189528
Time: 30.98850131034851
---- Epoch 6 -----
Full acc: 0.9648849181496199
F1: 0.8021042504545394
Time: 31.044257164001465
---- Epoch 7 -----
Full acc: 0.9648089932835177
F1: 0.8015683829882952
Time: 31.277174472808838
---- Epoch 8 -----
Full acc: 0.9646537691128196
F1: 0.801729227970698
Time: 30.68641209602356
---- Epoch 9 -----
Full acc: 0.9648619719678645
F1: 0.8021476764558283
Time: 30.289777994155884
---- Epoch 10 -----
Full acc: 0.9646611928775052
F1: 0.8011139454214714
Time: 30.53951358795166
========= layer2 =========
---- Epoch 1 -----
Full acc: 0.9565183353489979
F1: 0.742806031837832
Time: 32.79240322113037
---- Epoch 2 -----
Full acc: 0.9566040460867312
F1: 0.7425850226737862
Time: 31.076662302017212
---- Epoch 3 -----
Full acc: 0.9566671480865584
F1: 0.743180527219851
Time: 31.129472255706787
---- Epoch 4 -----
Full acc: 0.9566151817337595
F1: 0.7425656382374168
Time: 31.04031229019165
---- Epoch 5 -----
Full acc: 0.956889861027125
F1: 0.7450075683196499
Time: 30.90220594406128
---- Epoch 6 -----
Full acc: 0.9567022422468902
F1: 0.7433683129863814
Time: 30.534718990325928
---- Epoch 7 -----
Full acc: 0.9567920023108155
F1: 0.7442299086712089
Time: 30.55010485649109
---- Epoch 8 -----
Full acc: 0.9567400359580166
F1: 0.7438238121961647
Time: 30.59101891517639
---- Epoch 9 -----
Full acc: 0.9568301334657913
F1: 0.7446560950692835
Time: 30.761669397354126
---- Epoch 10 -----
Full acc: 0.9567990886316516
F1: 0.7443214612417035
Time: 30.6789710521698
========= x =========
---- Epoch 1 -----
Full acc: 0.9161782729353836
F1: 0.19125115567287898
Time: 32.65337610244751
---- Epoch 2 -----
Full acc: 0.9167205452012785
F1: 0.2467357606238439
Time: 30.280470609664917
---- Epoch 3 -----
Full acc: 0.9161782729353836
F1: 0.19125115567287898
Time: 30.641692638397217
---- Epoch 4 -----
Full acc: 0.9167205452012785
F1: 0.2467357606238439
Time: 30.507608890533447
---- Epoch 5 -----
Full acc: 0.9167205452012785
F1: 0.2467357606238439
Time: 30.981977224349976
---- Epoch 6 -----
Full acc: 0.9161782729353836
F1: 0.19125115567287898
Time: 30.171161890029907
---- Epoch 7 -----
Full acc: 0.9167205452012785
F1: 0.2467357606238439
Time: 30.22371006011963
---- Epoch 8 -----
Full acc: 0.9161782729353836
F1: 0.19125115567287898
Time: 30.285740613937378
---- Epoch 9 -----
Full acc: 0.9161782729353836
F1: 0.19125115567287898
Time: 30.45323371887207
---- Epoch 10 -----
Full acc: 0.9167205452012785
F1: 0.2467357606238439
Time: 29.990732431411743
=============== Seed: 1 ================
========= layer0 =========
---- Epoch 1 -----
Full acc: 0.9520458545697996
F1: 0.7138281380096718
Time: 32.6023313999176
---- Epoch 2 -----
Full acc: 0.9520900597140636
F1: 0.712867329576607
Time: 30.511695623397827
---- Epoch 3 -----
Full acc: 0.9518845564098134
F1: 0.7136986453578309
Time: 31.29904794692993
---- Epoch 4 -----
Full acc: 0.9521173926658604
F1: 0.7161278278823928
Time: 30.588260650634766
---- Epoch 5 -----
Full acc: 0.9520738624092951
F1: 0.7163998035724234
Time: 30.71204900741577
---- Epoch 6 -----
Full acc: 0.9521723960133034
F1: 0.7162769765489369
Time: 30.516979455947876
---- Epoch 7 -----
Full acc: 0.9521329150829302
F1: 0.7146721202922853
Time: 30.669116497039795
---- Epoch 8 -----
Full acc: 0.9518319151693159
F1: 0.7147110226881228
Time: 31.085883140563965
---- Epoch 9 -----
Full acc: 0.9519962503239461
F1: 0.7157544441896658
Time: 30.895221948623657
---- Epoch 10 -----
Full acc: 0.9517644263994471
F1: 0.712273213712185
Time: 30.946293115615845
========= layer1 =========
---- Epoch 1 -----
Full acc: 0.9648430751123013
F1: 0.8016902678742028
Time: 32.10146427154541
---- Epoch 2 -----
Full acc: 0.9647722119039391
F1: 0.8018800640671065
Time: 30.663613319396973
---- Epoch 3 -----
Full acc: 0.9647469036152384
F1: 0.8022138707642622
Time: 30.36528730392456
---- Epoch 4 -----
Full acc: 0.9648116928343123
F1: 0.8019140600270674
Time: 31.03142237663269
---- Epoch 5 -----
Full acc: 0.9647165336687975
F1: 0.8018450394499252
Time: 30.612913370132446
---- Epoch 6 -----
Full acc: 0.9648228284813407
F1: 0.8016870045785296
Time: 30.91913938522339
---- Epoch 7 -----
Full acc: 0.9648616345240152
F1: 0.8027704525342931
Time: 30.122113943099976
---- Epoch 8 -----
Full acc: 0.9649034775613338
F1: 0.8026695276183228
Time: 30.531036138534546
---- Epoch 9 -----
Full acc: 0.9646696289737388
F1: 0.8015929343055863
Time: 30.63096284866333
---- Epoch 10 -----
Full acc: 0.9647944831979959
F1: 0.8013714574101541
Time: 31.080384254455566
========= layer2 =========
---- Epoch 1 -----
Full acc: 0.9552239007429164
F1: 0.7355784331197187
Time: 32.870176553726196
---- Epoch 2 -----
Full acc: 0.9566948184822046
F1: 0.7433675510110745
Time: 30.986501693725586
---- Epoch 3 -----
Full acc: 0.9568085370594334
F1: 0.7447408320487144
Time: 31.26007580757141
---- Epoch 4 -----
Full acc: 0.9566678229742571
F1: 0.7431573527073496
Time: 30.99323010444641
---- Epoch 5 -----
Full acc: 0.9566566873272287
F1: 0.74249605838446
Time: 30.965970754623413
---- Epoch 6 -----
Full acc: 0.9567430729526607
F1: 0.7437760978574597
Time: 31.04641103744507
---- Epoch 7 -----
Full acc: 0.9567133778939184
F1: 0.7433839118455822
Time: 31.164341926574707
---- Epoch 8 -----
Full acc: 0.9567683812413614
F1: 0.7443246382728731
Time: 30.942285299301147
---- Epoch 9 -----
Full acc: 0.9567056166853836
F1: 0.7435945996454145
Time: 30.77519130706787
---- Epoch 10 -----
Full acc: 0.9566570247710781
F1: 0.7431620633224194
Time: 30.606633186340332
========= x =========
---- Epoch 1 -----
Full acc: 0.9167205452012785
F1: 0.2467357606238439
Time: 31.93698287010193
---- Epoch 2 -----
Full acc: 0.9167205452012785
F1: 0.2467357606238439
Time: 30.52006244659424
---- Epoch 3 -----
Full acc: 0.9167205452012785
F1: 0.2467357606238439
Time: 30.26364803314209
---- Epoch 4 -----
Full acc: 0.9161782729353836
F1: 0.19125115567287898
Time: 30.82171320915222
---- Epoch 5 -----
Full acc: 0.9167205452012785
F1: 0.2467357606238439
Time: 30.567775011062622
---- Epoch 6 -----
Full acc: 0.9161782729353836
F1: 0.19125115567287898
Time: 30.457329511642456
---- Epoch 7 -----
Full acc: 0.9167205452012785
F1: 0.2467357606238439
Time: 30.106621742248535
---- Epoch 8 -----
Full acc: 0.9167205452012785
F1: 0.2467357606238439
Time: 30.452391147613525
---- Epoch 9 -----
Full acc: 0.9167205452012785
F1: 0.2467357606238439
Time: 30.224767208099365
---- Epoch 10 -----
Full acc: 0.9161782729353836
F1: 0.19125115567287898
Time: 30.47537112236023
=============== Seed: 2 ================
========= layer0 =========
---- Epoch 1 -----
Full acc: 0.9520094106340705
F1: 0.712064269669081
Time: 32.56280875205994
---- Epoch 2 -----
Full acc: 0.9520299947088804
F1: 0.7137649828805201
Time: 31.549666166305542
---- Epoch 3 -----
Full acc: 0.9520978209225984
F1: 0.715523551190649
Time: 31.08423352241516
---- Epoch 4 -----
Full acc: 0.9521693590186593
F1: 0.7145711761806129
Time: 31.25028371810913
---- Epoch 5 -----
Full acc: 0.9520478792328957
F1: 0.7150457848960551
Time: 30.7436580657959
---- Epoch 6 -----
Full acc: 0.9520910720456116
F1: 0.7154600342380002
Time: 31.09771490097046
---- Epoch 7 -----
Full acc: 0.9518521618002764
F1: 0.715408497126332
Time: 31.03921937942505
---- Epoch 8 -----
Full acc: 0.9520488915644437
F1: 0.7146040550806437
Time: 30.621811628341675
---- Epoch 9 -----
Full acc: 0.9520819610616793
F1: 0.7146874758593894
Time: 30.525573253631592
---- Epoch 10 -----
Full acc: 0.9520455171259502
F1: 0.7144299979281762
Time: 30.745757579803467
========= layer1 =========
---- Epoch 1 -----
Full acc: 0.9647803105563234
F1: 0.8018034670999089
Time: 31.989381551742554
---- Epoch 2 -----
Full acc: 0.9648700706202488
F1: 0.8021529206427171
Time: 30.493311882019043
---- Epoch 3 -----
Full acc: 0.9648224910374914
F1: 0.8024991670088643
Time: 31.028343677520752
---- Epoch 4 -----
Full acc: 0.9649163004276089
F1: 0.8028884592553835
Time: 30.51629090309143
---- Epoch 5 -----
Full acc: 0.9648758071656877
F1: 0.8021629072558923
Time: 31.110750913619995
---- Epoch 6 -----
Full acc: 0.9647296939789219
F1: 0.8022787266030307
Time: 30.63525104522705
---- Epoch 7 -----
Full acc: 0.9647394798505529
F1: 0.8006075312340087
Time: 30.583234310150146
---- Epoch 8 -----
Full acc: 0.9648110179466137
F1: 0.8010966139920361
Time: 30.702770709991455
---- Epoch 9 -----
Full acc: 0.9648002197434347
F1: 0.8020131039170921
Time: 30.490043878555298
---- Epoch 10 -----
Full acc: 0.9648255280321355
F1: 0.802143892598098
Time: 30.53440499305725
========= layer2 =========
---- Epoch 1 -----
Full acc: 0.9560560372753973
F1: 0.7396123760609685
Time: 31.92074489593506
---- Epoch 2 -----
Full acc: 0.9568247343642018
F1: 0.7447980319887658
Time: 30.82804250717163
---- Epoch 3 -----
Full acc: 0.9567427355088113
F1: 0.7440651243268459
Time: 31.52252507209778
---- Epoch 4 -----
Full acc: 0.9568186603749136
F1: 0.7442053846475074
Time: 31.661129236221313
---- Epoch 5 -----
Full acc: 0.9568901984709745
F1: 0.7450749109662335
Time: 30.84943413734436
---- Epoch 6 -----
Full acc: 0.9568429563320664
F1: 0.7445064494377238
Time: 30.95199751853943
---- Epoch 7 -----
Full acc: 0.9567235012093988
F1: 0.7437030439193607
Time: 31.151463747024536
---- Epoch 8 -----
Full acc: 0.9566688353058052
F1: 0.7429526186887058
Time: 30.74148988723755
---- Epoch 9 -----
Full acc: 0.9567437478403593
F1: 0.7435555906574902
Time: 31.319677591323853
---- Epoch 10 -----
Full acc: 0.9567707433483068
F1: 0.7439485041895365
Time: 31.353257417678833
========= x =========
---- Epoch 1 -----
Full acc: 0.9167205452012785
F1: 0.2467357606238439
Time: 32.846452713012695
---- Epoch 2 -----
Full acc: 0.9161782729353836
F1: 0.19125115567287898
Time: 30.857343912124634
---- Epoch 3 -----
Full acc: 0.9161782729353836
F1: 0.19125115567287898
Time: 30.727462768554688
---- Epoch 4 -----
Full acc: 0.9167205452012785
F1: 0.2467357606238439
Time: 30.913349628448486
---- Epoch 5 -----
Full acc: 0.9167205452012785
F1: 0.2467357606238439
Time: 31.234219789505005
---- Epoch 6 -----
Full acc: 0.9167205452012785
F1: 0.2467357606238439
Time: 31.36392378807068
---- Epoch 7 -----
Full acc: 0.9167205452012785
F1: 0.2467357606238439
Time: 30.7945499420166
---- Epoch 8 -----
Full acc: 0.9167205452012785
F1: 0.2467357606238439
Time: 30.07741093635559
---- Epoch 9 -----
Full acc: 0.9167205452012785
F1: 0.2467357606238439
Time: 30.821181297302246
---- Epoch 10 -----
Full acc: 0.9167205452012785
F1: 0.2467357606238439
Time: 31.15514898300171
=============== Seed: 3 ================
========= layer0 =========
---- Epoch 1 -----
Full acc: 0.9521734083448514
F1: 0.7148553036500216
Time: 33.64786148071289
---- Epoch 2 -----
Full acc: 0.9519888265592605
F1: 0.715015557708419
Time: 31.88787341117859
---- Epoch 3 -----
Full acc: 0.9520721751900484
F1: 0.7165289309111528
Time: 31.575968503952026
---- Epoch 4 -----
Full acc: 0.9519945631046994
F1: 0.714725141752122
Time: 31.427122354507446
---- Epoch 5 -----
Full acc: 0.9519210003455425
F1: 0.7139238608504677
Time: 31.318108797073364
---- Epoch 6 -----
Full acc: 0.9520242581634416
F1: 0.7152203548383484
Time: 31.051866054534912
---- Epoch 7 -----
Full acc: 0.9520067110832757
F1: 0.7134592430669336
Time: 31.74013614654541
---- Epoch 8 -----
Full acc: 0.9520654263130615
F1: 0.7162341182483729
Time: 30.977150917053223
---- Epoch 9 -----
Full acc: 0.951981402794575
F1: 0.7145423697940352
Time: 31.079195499420166
---- Epoch 10 -----
Full acc: 0.9521558612646855
F1: 0.714196835499078
Time: 30.19793176651001
========= layer1 =========
---- Epoch 1 -----
Full acc: 0.9648582600855218
F1: 0.8030132371216064
Time: 33.125643730163574
---- Epoch 2 -----
Full acc: 0.9649200123099516
F1: 0.8020419836559233
Time: 31.464343070983887
---- Epoch 3 -----
Full acc: 0.9648619719678645
F1: 0.8030987027598844
Time: 31.218220233917236
---- Epoch 4 -----
Full acc: 0.9647813228878714
F1: 0.8016971049384694
Time: 30.84740447998047
---- Epoch 5 -----
Full acc: 0.9647755863424327
F1: 0.8014230192066242
Time: 30.704663038253784
---- Epoch 6 -----
Full acc: 0.9648636591871113
F1: 0.8024852910854949
Time: 30.41600728034973
---- Epoch 7 -----
Full acc: 0.9647725493477886
F1: 0.8013660302164158
Time: 30.894104480743408
---- Epoch 8 -----
Full acc: 0.964909551550622
F1: 0.8024290326884147
Time: 30.97582983970642
---- Epoch 9 -----
Full acc: 0.9647792982247754
F1: 0.8020479905335762
Time: 31.124887466430664
---- Epoch 10 -----
Full acc: 0.9649051647805805
F1: 0.8030839815618988
Time: 30.963693857192993
========= layer2 =========
---- Epoch 1 -----
Full acc: 0.955387561009848
F1: 0.7363649785435613
Time: 33.04580354690552
---- Epoch 2 -----
Full acc: 0.9567606200328266
F1: 0.7440702442459552
Time: 30.97741675376892
---- Epoch 3 -----
Full acc: 0.9567106783431237
F1: 0.7434571982617068
Time: 30.563922882080078
---- Epoch 4 -----
Full acc: 0.9567720931237043
F1: 0.7442487466887032
Time: 30.48962140083313
---- Epoch 5 -----
Full acc: 0.9567376738510712
F1: 0.7435353213030822
Time: 30.567260265350342
---- Epoch 6 -----
Full acc: 0.9567623072520732
F1: 0.744488010127308
Time: 30.43528962135315
---- Epoch 7 -----
Full acc: 0.9567042669099862
F1: 0.7436092728116347
Time: 30.88593363761902
---- Epoch 8 -----
Full acc: 0.9566853700544229
F1: 0.7433277350062006
Time: 30.68776512145996
---- Epoch 9 -----
Full acc: 0.9567008924714927
F1: 0.7430631032154469
Time: 31.035731315612793
---- Epoch 10 -----
Full acc: 0.9568028005139945
F1: 0.7448319145530367
Time: 31.270779132843018
========= x =========
---- Epoch 1 -----
Full acc: 0.9161782729353836
F1: 0.19125115567287898
Time: 32.81981635093689
---- Epoch 2 -----
Full acc: 0.9161782729353836
F1: 0.19125115567287898
Time: 30.320420265197754
---- Epoch 3 -----
Full acc: 0.9167205452012785
F1: 0.2467357606238439
Time: 30.591253519058228
---- Epoch 4 -----
Full acc: 0.9161782729353836
F1: 0.19125115567287898
Time: 30.068111658096313
---- Epoch 5 -----
Full acc: 0.9161782729353836
F1: 0.19125115567287898
Time: 30.149684190750122
---- Epoch 6 -----
Full acc: 0.9167205452012785
F1: 0.2467357606238439
Time: 30.353961944580078
---- Epoch 7 -----
Full acc: 0.9161782729353836
F1: 0.19125115567287898
Time: 30.699490070343018
---- Epoch 8 -----
Full acc: 0.9167205452012785
F1: 0.2467357606238439
Time: 30.549805879592896
---- Epoch 9 -----
Full acc: 0.9167205452012785
F1: 0.2467357606238439
Time: 30.81115412712097
---- Epoch 10 -----
Full acc: 0.9161782729353836
F1: 0.19125115567287898
Time: 30.721681118011475
=============== Seed: 4 ================
========= layer0 =========
---- Epoch 1 -----
Full acc: 0.9521528242700414
F1: 0.7151189522722257
Time: 32.7947723865509
---- Epoch 2 -----
Full acc: 0.9519439465272979
F1: 0.7147682091220519
Time: 31.160984992980957
---- Epoch 3 -----
Full acc: 0.9522510204302004
F1: 0.7154472046709329
Time: 31.036983489990234
---- Epoch 4 -----
Full acc: 0.9518896180675536
F1: 0.7133219515638791
Time: 30.627049684524536
---- Epoch 5 -----
Full acc: 0.9520542906660332
F1: 0.7155518972224575
Time: 31.3869731426239
---- Epoch 6 -----
Full acc: 0.9517414802176918
F1: 0.7139025989309876
Time: 31.05007004737854
---- Epoch 7 -----
Full acc: 0.9521541740454388
F1: 0.7152574819716978
Time: 30.77208948135376
---- Epoch 8 -----
Full acc: 0.9520357312543193
F1: 0.7136976429843812
Time: 31.232354164123535
---- Epoch 9 -----
Full acc: 0.9519544072866275
F1: 0.7133006278832884
Time: 31.161857843399048
---- Epoch 10 -----
Full acc: 0.9518781449766759
F1: 0.713604243341267
Time: 30.65034770965576
========= layer1 =========
---- Epoch 1 -----
Full acc: 0.9648680459571527
F1: 0.8020024647854989
Time: 33.27223205566406
---- Epoch 2 -----
Full acc: 0.964824178256738
F1: 0.8024468552225408
Time: 30.996018648147583
---- Epoch 3 -----
Full acc: 0.9647870594333103
F1: 0.8018465527792161
Time: 31.03205919265747
---- Epoch 4 -----
Full acc: 0.9648869428127159
F1: 0.8028586788571058
Time: 30.466036796569824
---- Epoch 5 -----
Full acc: 0.9648143923851071
F1: 0.8020012373224263
Time: 30.562124252319336
---- Epoch 6 -----
Full acc: 0.9646942623747409
F1: 0.8009847866567028
Time: 31.63450026512146
---- Epoch 7 -----
Full acc: 0.9648079809519696
F1: 0.8013537333964557
Time: 31.282677173614502
---- Epoch 8 -----
Full acc: 0.9648278901390809
F1: 0.8025203347253728
Time: 30.9140522480011
---- Epoch 9 -----
Full acc: 0.9646919002677954
F1: 0.801640537157619
Time: 31.190447568893433
---- Epoch 10 -----
Full acc: 0.9647222702142364
F1: 0.8011665550529333
Time: 31.464048147201538
========= layer2 =========
---- Epoch 1 -----
Full acc: 0.9559946224948168
F1: 0.7401749968738649
Time: 32.46613335609436
---- Epoch 2 -----
Full acc: 0.9566074205252246
F1: 0.7426985093646633
Time: 30.72360134124756
---- Epoch 3 -----
Full acc: 0.9567609574766759
F1: 0.743472169162955
Time: 31.295713424682617
---- Epoch 4 -----
Full acc: 0.956829796021942
F1: 0.7444358293130748
Time: 31.73987889289856
---- Epoch 5 -----
Full acc: 0.956742398064962
F1: 0.7437480936351684
Time: 31.130194425582886
---- Epoch 6 -----
Full acc: 0.9567022422468902
F1: 0.7435010721293761
Time: 30.514613389968872
---- Epoch 7 -----
Full acc: 0.9566401525786109
F1: 0.7424124928332277
Time: 31.126805305480957
---- Epoch 8 -----
Full acc: 0.9566975180329993
F1: 0.7437791304930135
Time: 30.669907331466675
---- Epoch 9 -----
Full acc: 0.9567785045568418
F1: 0.7440790689475856
Time: 31.16433811187744
---- Epoch 10 -----
Full acc: 0.9566496010063925
F1: 0.7426861507785697
Time: 30.931396007537842
========= x =========
---- Epoch 1 -----
Full acc: 0.9167205452012785
F1: 0.2467357606238439
Time: 33.27775716781616
---- Epoch 2 -----
Full acc: 0.9161782729353836
F1: 0.19125115567287898
Time: 31.2552592754364
---- Epoch 3 -----
Full acc: 0.9161782729353836
F1: 0.19125115567287898
Time: 31.448448419570923
---- Epoch 4 -----
Full acc: 0.9167205452012785
F1: 0.2467357606238439
Time: 31.51785969734192
---- Epoch 5 -----
Full acc: 0.9167205452012785
F1: 0.2467357606238439
Time: 31.503562927246094
---- Epoch 6 -----
Full acc: 0.9167205452012785
F1: 0.2467357606238439
Time: 30.649168491363525
---- Epoch 7 -----
Full acc: 0.9167205452012785
F1: 0.2467357606238439
Time: 31.199225902557373
---- Epoch 8 -----
Full acc: 0.9167205452012785
F1: 0.2467357606238439
Time: 31.4114408493042
---- Epoch 9 -----
Full acc: 0.9167205452012785
F1: 0.2467357606238439
Time: 31.207020044326782
---- Epoch 10 -----
Full acc: 0.9161782729353836
F1: 0.19125115567287898
Time: 30.94054126739502
