Loading rhel8/default-amp
  Loading requirement: dot rhel8/slurm singularity/current rhel8/global
    cuda/11.4 libpciaccess/0.16/gcc-9.4.0-6fonbj6
    libiconv/1.16/gcc-9.4.0-ahebbov libxml2/2.9.12/gcc-9.4.0-gnknt5e
    ncurses/6.2/gcc-9.4.0-aiirok7 hwloc/2.5.0/gcc-9.4.0-7sqomga
    libevent/2.1.12/gcc-9.4.0-hgny7cm numactl/2.0.14/gcc-9.4.0-52dwc6n
    cuda/11.4.0/gcc-9.4.0-3hnxhjt gdrcopy/2.2/gcc-9.4.0-e4igtfp
    knem/1.1.4/gcc-9.4.0-bpbxgva libnl/3.3.0/gcc-9.4.0-whwhrwb
    rdma-core/34.0/gcc-9.4.0-5eo5n2u ucx/1.11.1/gcc-9.4.0-lktqyl4
    openmpi/4.1.1/gcc-9.4.0-epagguv
Changed directory to /rds/user/tdb47/hpc-work/planning/thinker_private_planning/probing.

JobID: 58688706
======
Time: Sun Aug 11 10:48:40 BST 2024
Running on master node: gpu-q-1
Current directory: /rds/user/tdb47/hpc-work/planning/thinker_private_planning/probing

Nodes allocated:
================
gpu-q-1

numtasks=1, numnodes=1, mpi_tasks_per_node=1 (OMP_NUM_THREADS=1)

Executing command:
==================
python train_conv_probe.py --feature agent_onto --num_epochs 10 --weight_decay 0.001 --kernel 1 --model_name 250m 


test
=================================== FEATURE: agent_onto =========================================
!!!!
=============== Seed: 0 ================
========= layer0 =========
---- Epoch 1 -----
Full acc: 0.9671005974007826
F1: 0.9195704416542203
Time: 28.548336267471313
---- Epoch 2 -----
Full acc: 0.9672888135830072
F1: 0.9197069807526573
Time: 24.314218759536743
---- Epoch 3 -----
Full acc: 0.9673132685858021
F1: 0.9198510310680319
Time: 24.06924843788147
---- Epoch 4 -----
Full acc: 0.9673565015371716
F1: 0.9199430666268261
Time: 24.42393708229065
---- Epoch 5 -----
Full acc: 0.9672962374231414
F1: 0.9198822770469126
Time: 24.47337770462036
---- Epoch 6 -----
Full acc: 0.9673608685019564
F1: 0.919865379068997
Time: 23.571030855178833
---- Epoch 7 -----
Full acc: 0.9673512611794298
F1: 0.9198215038334208
Time: 23.22633147239685
---- Epoch 8 -----
Full acc: 0.9673119584963666
F1: 0.9198925093669033
Time: 23.316124200820923
---- Epoch 9 -----
Full acc: 0.9672927438513136
F1: 0.9197237701113944
Time: 23.45183777809143
---- Epoch 10 -----
Full acc: 0.9673682923420905
F1: 0.9199477202605416
Time: 23.5615496635437
========= layer1 =========
---- Epoch 1 -----
Full acc: 0.9721103794019005
F1: 0.9316237394582361
Time: 25.232521057128906
---- Epoch 2 -----
Full acc: 0.972314753353829
F1: 0.9322256586128266
Time: 23.523666381835938
---- Epoch 3 -----
Full acc: 0.972303835941867
F1: 0.9321608577711983
Time: 23.86751103401184
---- Epoch 4 -----
Full acc: 0.9723859348798212
F1: 0.9323892881811164
Time: 23.71009349822998
---- Epoch 5 -----
Full acc: 0.9723483789826719
F1: 0.9323404519042338
Time: 23.02206802368164
---- Epoch 6 -----
Full acc: 0.9723278542481834
F1: 0.9322986947356725
Time: 23.499738693237305
---- Epoch 7 -----
Full acc: 0.9724226173840134
F1: 0.9325846295090368
Time: 23.13824462890625
---- Epoch 8 -----
Full acc: 0.9723558028228061
F1: 0.9323604238545893
Time: 23.524089574813843
---- Epoch 9 -----
Full acc: 0.9723099496925657
F1: 0.9321646586087593
Time: 23.537792444229126
---- Epoch 10 -----
Full acc: 0.9722754506707658
F1: 0.9322399857408006
Time: 23.93543577194214
========= layer2 =========
---- Epoch 1 -----
Full acc: 0.9732174049748463
F1: 0.9331609955774877
Time: 25.597674131393433
---- Epoch 2 -----
Full acc: 0.9741702766908887
F1: 0.935531407021483
Time: 23.51127338409424
---- Epoch 3 -----
Full acc: 0.9742174399105645
F1: 0.9358087832372205
Time: 23.39439034461975
---- Epoch 4 -----
Full acc: 0.9740392677473448
F1: 0.9352278596037054
Time: 23.24592399597168
---- Epoch 5 -----
Full acc: 0.9742095793739519
F1: 0.935687263556116
Time: 23.139728784561157
---- Epoch 6 -----
Full acc: 0.9742335976802683
F1: 0.935693305359527
Time: 23.73294973373413
---- Epoch 7 -----
Full acc: 0.9739571688093908
F1: 0.935035055535463
Time: 23.738855361938477
---- Epoch 8 -----
Full acc: 0.9738095653996646
F1: 0.9347791098273942
Time: 24.044374227523804
---- Epoch 9 -----
Full acc: 0.9739969081889324
F1: 0.9351249290454446
Time: 23.6645929813385
---- Epoch 10 -----
Full acc: 0.9741951683901621
F1: 0.9356286854377752
Time: 23.722929000854492
========= x =========
---- Epoch 1 -----
Full acc: 0.8324771171045277
F1: 0.2952262322067653
Time: 25.238642692565918
---- Epoch 2 -----
Full acc: 0.8324771171045277
F1: 0.2952262322067653
Time: 23.71888279914856
---- Epoch 3 -----
Full acc: 0.8324771171045277
F1: 0.2952262322067653
Time: 23.521958351135254
---- Epoch 4 -----
Full acc: 0.8324771171045277
F1: 0.2952262322067653
Time: 22.786030530929565
---- Epoch 5 -----
Full acc: 0.8324771171045277
F1: 0.2952262322067653
Time: 22.77777123451233
---- Epoch 6 -----
Full acc: 0.8324771171045277
F1: 0.2952262322067653
Time: 22.727867364883423
---- Epoch 7 -----
Full acc: 0.8324771171045277
F1: 0.2952262322067653
Time: 23.734890460968018
---- Epoch 8 -----
Full acc: 0.8324771171045277
F1: 0.2952262322067653
Time: 23.3323814868927
---- Epoch 9 -----
Full acc: 0.8324771171045277
F1: 0.2952262322067653
Time: 22.965880870819092
---- Epoch 10 -----
Full acc: 0.8324771171045277
F1: 0.2952262322067653
Time: 23.128358602523804
=============== Seed: 1 ================
========= layer0 =========
---- Epoch 1 -----
Full acc: 0.9671460138345445
F1: 0.9194104546920141
Time: 25.59988284111023
---- Epoch 2 -----
Full acc: 0.9673014777808832
F1: 0.9197204254730605
Time: 23.148300409317017
---- Epoch 3 -----
Full acc: 0.9673861968977082
F1: 0.9199776700808013
Time: 22.9747257232666
---- Epoch 4 -----
Full acc: 0.9672643585802124
F1: 0.9199053763257038
Time: 23.052476167678833
---- Epoch 5 -----
Full acc: 0.967358685019564
F1: 0.919830879687329
Time: 24.146971702575684
---- Epoch 6 -----
Full acc: 0.9672826998323085
F1: 0.9197451383250171
Time: 23.038108110427856
---- Epoch 7 -----
Full acc: 0.9673010410844047
F1: 0.919632411499913
Time: 23.906941413879395
---- Epoch 8 -----
Full acc: 0.9673800831470095
F1: 0.9199377912018066
Time: 23.99966049194336
---- Epoch 9 -----
Full acc: 0.9673141419787591
F1: 0.9198104111044925
Time: 23.74166440963745
---- Epoch 10 -----
Full acc: 0.9673075915315819
F1: 0.9197492021872451
Time: 23.468245029449463
========= layer1 =========
---- Epoch 1 -----
Full acc: 0.9722269773616545
F1: 0.9319715811970383
Time: 24.960479736328125
---- Epoch 2 -----
Full acc: 0.9723099496925657
F1: 0.9320778970370847
Time: 23.780049800872803
---- Epoch 3 -----
Full acc: 0.9724130100614868
F1: 0.9323840064392107
Time: 23.933997631072998
---- Epoch 4 -----
Full acc: 0.9723592963946339
F1: 0.9324309176990536
Time: 24.14419674873352
---- Epoch 5 -----
Full acc: 0.9723313478200112
F1: 0.9323279199799203
Time: 23.850417375564575
---- Epoch 6 -----
Full acc: 0.9722833112073784
F1: 0.9321205315365899
Time: 23.72798466682434
---- Epoch 7 -----
Full acc: 0.9723012157629961
F1: 0.9322554529511408
Time: 23.753777265548706
---- Epoch 8 -----
Full acc: 0.9723405184460593
F1: 0.9323320641188361
Time: 23.57659077644348
---- Epoch 9 -----
Full acc: 0.9722924818334265
F1: 0.9321858540255832
Time: 23.188401699066162
---- Epoch 10 -----
Full acc: 0.9723313478200112
F1: 0.9321679512064039
Time: 23.935295581817627
========= layer2 =========
---- Epoch 1 -----
Full acc: 0.9723243606763555
F1: 0.9307324814658154
Time: 25.213127851486206
---- Epoch 2 -----
Full acc: 0.9742488820570151
F1: 0.9357641460927764
Time: 24.18615698814392
---- Epoch 3 -----
Full acc: 0.9741803207098938
F1: 0.9355610412681805
Time: 23.546635389328003
---- Epoch 4 -----
Full acc: 0.9743100195640022
F1: 0.9359440059931358
Time: 23.845929384231567
---- Epoch 5 -----
Full acc: 0.9742768306316378
F1: 0.9358558040565998
Time: 23.75208067893982
---- Epoch 6 -----
Full acc: 0.9739986549748463
F1: 0.9351723717432938
Time: 23.67176055908203
---- Epoch 7 -----
Full acc: 0.9741916748183342
F1: 0.9356245990085367
Time: 23.651126623153687
---- Epoch 8 -----
Full acc: 0.9742436416992734
F1: 0.935768426555149
Time: 24.01049280166626
---- Epoch 9 -----
Full acc: 0.9742034656232532
F1: 0.9356630500367036
Time: 23.754857301712036
---- Epoch 10 -----
Full acc: 0.974113069452208
F1: 0.9353531806488129
Time: 23.941810846328735
========= x =========
---- Epoch 1 -----
Full acc: 0.8324771171045277
F1: 0.2952262322067653
Time: 25.412463426589966
---- Epoch 2 -----
Full acc: 0.8324771171045277
F1: 0.2952262322067653
Time: 23.73229718208313
---- Epoch 3 -----
Full acc: 0.8324771171045277
F1: 0.2952262322067653
Time: 23.147592782974243
---- Epoch 4 -----
Full acc: 0.8324771171045277
F1: 0.2952262322067653
Time: 22.89345622062683
---- Epoch 5 -----
Full acc: 0.8324771171045277
F1: 0.2952262322067653
Time: 23.80875015258789
---- Epoch 6 -----
Full acc: 0.8324771171045277
F1: 0.2952262322067653
Time: 23.786065816879272
---- Epoch 7 -----
Full acc: 0.8324771171045277
F1: 0.2952262322067653
Time: 23.177610635757446
---- Epoch 8 -----
Full acc: 0.8324771171045277
F1: 0.2952262322067653
Time: 22.832366704940796
---- Epoch 9 -----
Full acc: 0.8324771171045277
F1: 0.2952262322067653
Time: 22.544095039367676
---- Epoch 10 -----
Full acc: 0.8324771171045277
F1: 0.2952262322067653
Time: 23.10290265083313
=============== Seed: 2 ================
========= layer0 =========
---- Epoch 1 -----
Full acc: 0.9671136982951369
F1: 0.9193014491169528
Time: 25.2959201335907
---- Epoch 2 -----
Full acc: 0.9673621785913918
F1: 0.9199815847796062
Time: 23.781700611114502
---- Epoch 3 -----
Full acc: 0.9673294263555059
F1: 0.9197673657918753
Time: 23.345458984375
---- Epoch 4 -----
Full acc: 0.9673381602850755
F1: 0.9198766327467426
Time: 23.73458743095398
---- Epoch 5 -----
Full acc: 0.9673241859977642
F1: 0.9198292977442917
Time: 24.11051630973816
---- Epoch 6 -----
Full acc: 0.9672796429569592
F1: 0.9199657760682428
Time: 23.772757530212402
---- Epoch 7 -----
Full acc: 0.9673333566238121
F1: 0.9199066341170928
Time: 23.92509126663208
---- Epoch 8 -----
Full acc: 0.9673123951928452
F1: 0.9198300034487707
Time: 24.02158522605896
---- Epoch 9 -----
Full acc: 0.967315888764673
F1: 0.9199647538652049
Time: 23.738622665405273
---- Epoch 10 -----
Full acc: 0.9672001641978759
F1: 0.9195724034690016
Time: 23.71182632446289
========= layer1 =========
---- Epoch 1 -----
Full acc: 0.972260166294019
F1: 0.932085420849718
Time: 25.507301807403564
---- Epoch 2 -----
Full acc: 0.9723313478200112
F1: 0.9320812764976711
Time: 22.810110807418823
---- Epoch 3 -----
Full acc: 0.9723758908608161
F1: 0.9323988847317468
Time: 23.488003969192505
---- Epoch 4 -----
Full acc: 0.9723523092509782
F1: 0.9322107760785233
Time: 23.514429092407227
---- Epoch 5 -----
Full acc: 0.9723562395192845
F1: 0.9323648889772143
Time: 24.14530086517334
---- Epoch 6 -----
Full acc: 0.9723461955002795
F1: 0.9321946241820792
Time: 24.731037855148315
---- Epoch 7 -----
Full acc: 0.9723540560368921
F1: 0.9323034906363517
Time: 24.149592638015747
---- Epoch 8 -----
Full acc: 0.9724151935438793
F1: 0.9323830616716746
Time: 24.118183612823486
---- Epoch 9 -----
Full acc: 0.972354929429849
F1: 0.9323459977749683
Time: 23.908993244171143
---- Epoch 10 -----
Full acc: 0.9723335313024036
F1: 0.9322288093348252
Time: 23.00232458114624
========= layer2 =========
---- Epoch 1 -----
Full acc: 0.9736562849357183
F1: 0.9342832709664417
Time: 25.126636505126953
---- Epoch 2 -----
Full acc: 0.974153245528228
F1: 0.9356058998821721
Time: 24.33079218864441
---- Epoch 3 -----
Full acc: 0.9740226732811627
F1: 0.935282636651051
Time: 24.605461359024048
---- Epoch 4 -----
Full acc: 0.9741619794577977
F1: 0.9355774748181934
Time: 23.767388343811035
---- Epoch 5 -----
Full acc: 0.9741584858859698
F1: 0.9355954118465261
Time: 23.964356422424316
---- Epoch 6 -----
Full acc: 0.9741375244550028
F1: 0.9355299783477917
Time: 23.571187496185303
---- Epoch 7 -----
Full acc: 0.974263293040805
F1: 0.9359000155532329
Time: 23.676792860031128
---- Epoch 8 -----
Full acc: 0.974144948295137
F1: 0.9355569729649713
Time: 23.757763624191284
---- Epoch 9 -----
Full acc: 0.9741073923979877
F1: 0.9354459403845024
Time: 23.624380588531494
---- Epoch 10 -----
Full acc: 0.9741558657070989
F1: 0.9355549336449178
Time: 23.7824227809906
========= x =========
---- Epoch 1 -----
Full acc: 0.8324771171045277
F1: 0.2952262322067653
Time: 25.008370637893677
---- Epoch 2 -----
Full acc: 0.8324771171045277
F1: 0.2952262322067653
Time: 23.085750341415405
---- Epoch 3 -----
Full acc: 0.8324771171045277
F1: 0.2952262322067653
Time: 22.881455898284912
---- Epoch 4 -----
Full acc: 0.8324771171045277
F1: 0.2952262322067653
Time: 23.323949337005615
---- Epoch 5 -----
Full acc: 0.8324771171045277
F1: 0.2952262322067653
Time: 23.49034285545349
---- Epoch 6 -----
Full acc: 0.8324771171045277
F1: 0.2952262322067653
Time: 23.650007963180542
---- Epoch 7 -----
Full acc: 0.8324771171045277
F1: 0.2952262322067653
Time: 23.43304419517517
---- Epoch 8 -----
Full acc: 0.8324771171045277
F1: 0.2952262322067653
Time: 23.106920957565308
---- Epoch 9 -----
Full acc: 0.8324771171045277
F1: 0.2952262322067653
Time: 22.88208031654358
---- Epoch 10 -----
Full acc: 0.8324771171045277
F1: 0.2952262322067653
Time: 22.862640619277954
=============== Seed: 3 ================
========= layer0 =========
---- Epoch 1 -----
Full acc: 0.9671394633873672
F1: 0.91941519039939
Time: 25.292175769805908
---- Epoch 2 -----
Full acc: 0.9672508209893795
F1: 0.9197888645856174
Time: 24.372830867767334
---- Epoch 3 -----
Full acc: 0.9673901271660146
F1: 0.920105194007622
Time: 24.41731905937195
---- Epoch 4 -----
Full acc: 0.9673403437674679
F1: 0.9197803258642697
Time: 24.132574796676636
---- Epoch 5 -----
Full acc: 0.9673390336780324
F1: 0.9199931108774324
Time: 24.10930848121643
---- Epoch 6 -----
Full acc: 0.9673193823365008
F1: 0.919805740347027
Time: 24.101272344589233
---- Epoch 7 -----
Full acc: 0.9673163254611514
F1: 0.9198756001862786
Time: 24.282317399978638
---- Epoch 8 -----
Full acc: 0.967253004471772
F1: 0.9196006407246107
Time: 23.872984647750854
---- Epoch 9 -----
Full acc: 0.9673237493012856
F1: 0.9198607689836136
Time: 23.923810482025146
---- Epoch 10 -----
Full acc: 0.9673377235885969
F1: 0.9198943548836233
Time: 23.746472597122192
========= layer1 =========
---- Epoch 1 -----
Full acc: 0.97219378842929
F1: 0.9318179384547512
Time: 25.314962148666382
---- Epoch 2 -----
Full acc: 0.9723427019284516
F1: 0.9323254762797765
Time: 23.0015926361084
---- Epoch 3 -----
Full acc: 0.9723082029066518
F1: 0.9320303640296437
Time: 23.48340392112732
---- Epoch 4 -----
Full acc: 0.9724090797931806
F1: 0.9324603272169456
Time: 23.72934603691101
---- Epoch 5 -----
Full acc: 0.9723291643376187
F1: 0.9323107951911224
Time: 23.895866632461548
---- Epoch 6 -----
Full acc: 0.972389428451649
F1: 0.9325177601694047
Time: 23.558903217315674
---- Epoch 7 -----
Full acc: 0.9721841811067635
F1: 0.9319501720048717
Time: 23.33650541305542
---- Epoch 8 -----
Full acc: 0.972356676215763
F1: 0.9323048394323963
Time: 23.420682668685913
---- Epoch 9 -----
Full acc: 0.972291171743991
F1: 0.9321310721410196
Time: 23.61981725692749
---- Epoch 10 -----
Full acc: 0.9723859348798212
F1: 0.9324378324205236
Time: 24.585445880889893
========= layer2 =========
---- Epoch 1 -----
Full acc: 0.9734964540245947
F1: 0.9338989604151804
Time: 25.47458553314209
---- Epoch 2 -----
Full acc: 0.9742100160704305
F1: 0.9356578733770655
Time: 23.728562831878662
---- Epoch 3 -----
Full acc: 0.9741436382057015
F1: 0.9355678040340176
Time: 23.792219400405884
---- Epoch 4 -----
Full acc: 0.9742846911682504
F1: 0.935827746440808
Time: 23.824827432632446
---- Epoch 5 -----
Full acc: 0.9741043355226383
F1: 0.9353598489596903
Time: 23.57445740699768
---- Epoch 6 -----
Full acc: 0.9742423316098379
F1: 0.9358001874304075
Time: 24.38683795928955
---- Epoch 7 -----
Full acc: 0.9741497519564002
F1: 0.9355772903826837
Time: 23.99887228012085
---- Epoch 8 -----
Full acc: 0.974219623392957
F1: 0.9357283377770617
Time: 23.25437068939209
---- Epoch 9 -----
Full acc: 0.9741597959754053
F1: 0.9354883726001112
Time: 23.305619955062866
---- Epoch 10 -----
Full acc: 0.9741169997205142
F1: 0.9353234265161948
Time: 23.23001503944397
========= x =========
---- Epoch 1 -----
Full acc: 0.8324771171045277
F1: 0.2952262322067653
Time: 25.09489393234253
---- Epoch 2 -----
Full acc: 0.8324771171045277
F1: 0.2952262322067653
Time: 23.31654167175293
---- Epoch 3 -----
Full acc: 0.8324771171045277
F1: 0.2952262322067653
Time: 22.817375898361206
---- Epoch 4 -----
Full acc: 0.8324771171045277
F1: 0.2952262322067653
Time: 23.410935640335083
---- Epoch 5 -----
Full acc: 0.8324771171045277
F1: 0.2952262322067653
Time: 23.352179050445557
---- Epoch 6 -----
Full acc: 0.8324771171045277
F1: 0.2952262322067653
Time: 23.6445050239563
---- Epoch 7 -----
Full acc: 0.8324771171045277
F1: 0.2952262322067653
Time: 23.471879243850708
---- Epoch 8 -----
Full acc: 0.8324771171045277
F1: 0.2952262322067653
Time: 23.074947834014893
---- Epoch 9 -----
Full acc: 0.8324771171045277
F1: 0.2952262322067653
Time: 22.94894051551819
---- Epoch 10 -----
Full acc: 0.8324771171045277
F1: 0.2952262322067653
Time: 22.625200986862183
=============== Seed: 4 ================
========= layer0 =========
---- Epoch 1 -----
Full acc: 0.9669001537171604
F1: 0.9189061379952282
Time: 25.692035913467407
---- Epoch 2 -----
Full acc: 0.9673123951928452
F1: 0.9197638321956574
Time: 22.38146471977234
---- Epoch 3 -----
Full acc: 0.9673643620737843
F1: 0.9200573792324405
Time: 21.77927851676941
---- Epoch 4 -----
Full acc: 0.9672875034935718
F1: 0.9196513135807289
Time: 21.927567958831787
---- Epoch 5 -----
Full acc: 0.9673032245667971
F1: 0.9198070820137073
Time: 23.1432945728302
---- Epoch 6 -----
Full acc: 0.9672399035774175
F1: 0.9196277622666819
Time: 23.392287969589233
---- Epoch 7 -----
Full acc: 0.9673010410844047
F1: 0.9197423282635026
Time: 23.278727769851685
---- Epoch 8 -----
Full acc: 0.9673538813583007
F1: 0.9199062750102049
Time: 22.910369396209717
---- Epoch 9 -----
Full acc: 0.9673294263555059
F1: 0.9198038322390459
Time: 23.984825611114502
---- Epoch 10 -----
Full acc: 0.9673220025153717
F1: 0.9199187522607462
Time: 23.85975956916809
========= layer1 =========
---- Epoch 1 -----
Full acc: 0.9722169333426495
F1: 0.931837539761703
Time: 25.115853309631348
---- Epoch 2 -----
Full acc: 0.9723627899664617
F1: 0.932330666278887
Time: 24.10449981689453
---- Epoch 3 -----
Full acc: 0.9723671569312465
F1: 0.9324645523483236
Time: 23.903541564941406
---- Epoch 4 -----
Full acc: 0.9723514358580212
F1: 0.9324054965574451
Time: 24.0742609500885
---- Epoch 5 -----
Full acc: 0.9723588596981554
F1: 0.9322228456639154
Time: 23.830848693847656
---- Epoch 6 -----
Full acc: 0.9723728339854667
F1: 0.9323564884908517
Time: 24.48177170753479
---- Epoch 7 -----
Full acc: 0.9724636668529905
F1: 0.9326144803633449
Time: 23.817429304122925
---- Epoch 8 -----
Full acc: 0.9723806945220794
F1: 0.9323036413846253
Time: 24.017600536346436
---- Epoch 9 -----
Full acc: 0.9722745772778089
F1: 0.9320232424428334
Time: 24.32763147354126
---- Epoch 10 -----
Full acc: 0.9723854981833426
F1: 0.9323926284604208
Time: 24.181278467178345
========= layer2 =========
---- Epoch 1 -----
Full acc: 0.9731514638065959
F1: 0.932982043447597
Time: 24.98961853981018
---- Epoch 2 -----
Full acc: 0.9742178766070431
F1: 0.9357455288295672
Time: 24.082870721817017
---- Epoch 3 -----
Full acc: 0.974262419647848
F1: 0.9358499766527308
Time: 24.46878719329834
---- Epoch 4 -----
Full acc: 0.973973763275573
F1: 0.935153167699971
Time: 23.668083429336548
---- Epoch 5 -----
Full acc: 0.9741318474007825
F1: 0.9355132291721099
Time: 24.288580179214478
---- Epoch 6 -----
Full acc: 0.9741558657070989
F1: 0.9355699481019149
Time: 24.248557806015015
---- Epoch 7 -----
Full acc: 0.9742375279485747
F1: 0.9357638132736348
Time: 23.502004384994507
---- Epoch 8 -----
Full acc: 0.9738824937115708
F1: 0.9349576785001561
Time: 23.873482704162598
---- Epoch 9 -----
Full acc: 0.9742563058971493
F1: 0.935806650078675
Time: 23.29695987701416
---- Epoch 10 -----
Full acc: 0.974113069452208
F1: 0.9355105770747548
Time: 22.80062437057495
========= x =========
---- Epoch 1 -----
Full acc: 0.8324771171045277
F1: 0.2952262322067653
Time: 25.310060262680054
---- Epoch 2 -----
Full acc: 0.8324771171045277
F1: 0.2952262322067653
Time: 22.934833526611328
---- Epoch 3 -----
Full acc: 0.8324771171045277
F1: 0.2952262322067653
Time: 23.485386610031128
---- Epoch 4 -----
Full acc: 0.8324771171045277
F1: 0.2952262322067653
Time: 23.73624610900879
---- Epoch 5 -----
Full acc: 0.8324771171045277
F1: 0.2952262322067653
Time: 23.508450031280518
---- Epoch 6 -----
Full acc: 0.8324771171045277
F1: 0.2952262322067653
Time: 22.835068464279175
---- Epoch 7 -----
Full acc: 0.8324771171045277
F1: 0.2952262322067653
Time: 23.13466739654541
---- Epoch 8 -----
Full acc: 0.8324771171045277
F1: 0.2952262322067653
Time: 23.55034375190735
---- Epoch 9 -----
Full acc: 0.8324771171045277
F1: 0.2952262322067653
Time: 23.071989059448242
---- Epoch 10 -----
Full acc: 0.8324771171045277
F1: 0.2952262322067653
Time: 23.07120966911316
