Loading rhel8/default-amp
  Loading requirement: dot rhel8/slurm singularity/current rhel8/global
    cuda/11.4 libpciaccess/0.16/gcc-9.4.0-6fonbj6
    libiconv/1.16/gcc-9.4.0-ahebbov libxml2/2.9.12/gcc-9.4.0-gnknt5e
    ncurses/6.2/gcc-9.4.0-aiirok7 hwloc/2.5.0/gcc-9.4.0-7sqomga
    libevent/2.1.12/gcc-9.4.0-hgny7cm numactl/2.0.14/gcc-9.4.0-52dwc6n
    cuda/11.4.0/gcc-9.4.0-3hnxhjt gdrcopy/2.2/gcc-9.4.0-e4igtfp
    knem/1.1.4/gcc-9.4.0-bpbxgva libnl/3.3.0/gcc-9.4.0-whwhrwb
    rdma-core/34.0/gcc-9.4.0-5eo5n2u ucx/1.11.1/gcc-9.4.0-lktqyl4
    openmpi/4.1.1/gcc-9.4.0-epagguv
Changed directory to /rds/user/tdb47/hpc-work/planning/thinker_private_planning/probing.

JobID: 58637467
======
Time: Sat Aug 10 08:37:24 BST 2024
Running on master node: gpu-q-3
Current directory: /rds/user/tdb47/hpc-work/planning/thinker_private_planning/probing

Nodes allocated:
================
gpu-q-3

numtasks=1, numnodes=1, mpi_tasks_per_node=1 (OMP_NUM_THREADS=1)

Executing command:
==================
python create_probe_dataset.py --env_name probing- --model_name 90m --num_episodes 5000 --pct_train 0.6 


Initializing env 0 with device cpu
Init. environment with obs space [91mBox(0, 1, (7, 8, 8), uint8)[0m and action space [91mDiscrete(5)[0m
Traceback (most recent call last):
  File "/rds/user/tdb47/hpc-work/planning/thinker_private_planning/probing/create_probe_dataset.py", line 814, in <module>
    ckp = torch.load(ckp_path, env.device)
  File "/rds/user/tdb47/hpc-work/planning/env/lib/python3.9/site-packages/torch/serialization.py", line 791, in load
    with _open_file_like(f, 'rb') as opened_file:
  File "/rds/user/tdb47/hpc-work/planning/env/lib/python3.9/site-packages/torch/serialization.py", line 271, in _open_file_like
    return _open_file(name_or_buffer, mode)
  File "/rds/user/tdb47/hpc-work/planning/env/lib/python3.9/site-packages/torch/serialization.py", line 252, in __init__
    super().__init__(open(name, mode))
FileNotFoundError: [Errno 2] No such file or directory: '/rds/user/tdb47/hpc-work/planning/thinker_private_planning/drc_mini/ckp_actor_realstep90m.tar'
