Loading rhel8/default-amp
  Loading requirement: dot rhel8/slurm singularity/current rhel8/global
    cuda/11.4 libpciaccess/0.16/gcc-9.4.0-6fonbj6
    libiconv/1.16/gcc-9.4.0-ahebbov libxml2/2.9.12/gcc-9.4.0-gnknt5e
    ncurses/6.2/gcc-9.4.0-aiirok7 hwloc/2.5.0/gcc-9.4.0-7sqomga
    libevent/2.1.12/gcc-9.4.0-hgny7cm numactl/2.0.14/gcc-9.4.0-52dwc6n
    cuda/11.4.0/gcc-9.4.0-3hnxhjt gdrcopy/2.2/gcc-9.4.0-e4igtfp
    knem/1.1.4/gcc-9.4.0-bpbxgva libnl/3.3.0/gcc-9.4.0-whwhrwb
    rdma-core/34.0/gcc-9.4.0-5eo5n2u ucx/1.11.1/gcc-9.4.0-lktqyl4
    openmpi/4.1.1/gcc-9.4.0-epagguv
Changed directory to /rds/user/tdb47/hpc-work/planning/thinker_private_planning/probing.

JobID: 58688752
======
Time: Sun Aug 11 11:43:34 BST 2024
Running on master node: gpu-q-29
Current directory: /rds/user/tdb47/hpc-work/planning/thinker_private_planning/probing

Nodes allocated:
================
gpu-q-29

numtasks=1, numnodes=1, mpi_tasks_per_node=1 (OMP_NUM_THREADS=1)

Executing command:
==================
python train_conv_probe.py --feature tracked_box_next_push_onto --num_epochs 10 --weight_decay 0.001 --kernel 3 --model_name 250m 


test
=================================== FEATURE: tracked_box_next_push_onto =========================================
!!!!
=============== Seed: 0 ================
========= layer0 =========
---- Epoch 1 -----
Full acc: 0.9865296604248184
F1: 0.9342047446983691
Time: 25.330193519592285
---- Epoch 2 -----
Full acc: 0.986772463666853
F1: 0.93543037181362
Time: 22.728296041488647
---- Epoch 3 -----
Full acc: 0.9866619794577977
F1: 0.9348978482591042
Time: 22.2033429145813
---- Epoch 4 -----
Full acc: 0.9868414617104527
F1: 0.9361850827442193
Time: 23.084073305130005
---- Epoch 5 -----
Full acc: 0.9866567391000559
F1: 0.9347543385001719
Time: 23.107117891311646
---- Epoch 6 -----
Full acc: 0.986760672861934
F1: 0.935189203402476
Time: 22.611011028289795
---- Epoch 7 -----
Full acc: 0.9867209334823924
F1: 0.9349797934440952
Time: 22.628329753875732
---- Epoch 8 -----
Full acc: 0.986867226802683
F1: 0.9361063838376112
Time: 22.334174394607544
---- Epoch 9 -----
Full acc: 0.9867541224147568
F1: 0.9355192557886413
Time: 22.382282972335815
---- Epoch 10 -----
Full acc: 0.9866707133873672
F1: 0.9348996824218692
Time: 22.61899757385254
========= layer1 =========
---- Epoch 1 -----
Full acc: 0.9912730575740637
F1: 0.9577569587716035
Time: 23.896294355392456
---- Epoch 2 -----
Full acc: 0.9913625803521521
F1: 0.9580084199709993
Time: 22.464651107788086
---- Epoch 3 -----
Full acc: 0.9913490427613192
F1: 0.9580301945314255
Time: 22.789286375045776
---- Epoch 4 -----
Full acc: 0.9914001362493012
F1: 0.9583610848572884
Time: 22.863799333572388
---- Epoch 5 -----
Full acc: 0.991396205980995
F1: 0.9584277581542955
Time: 22.860511779785156
---- Epoch 6 -----
Full acc: 0.9913940224986025
F1: 0.958289150353358
Time: 23.015764951705933
---- Epoch 7 -----
Full acc: 0.9911774210452767
F1: 0.9572154348871142
Time: 22.9131076335907
---- Epoch 8 -----
Full acc: 0.9913927124091672
F1: 0.9582685801154336
Time: 23.214218854904175
---- Epoch 9 -----
Full acc: 0.9913730610676356
F1: 0.9583133745381341
Time: 23.410574436187744
---- Epoch 10 -----
Full acc: 0.9913499161542761
F1: 0.9580294522724865
Time: 22.642006635665894
========= layer2 =========
---- Epoch 1 -----
Full acc: 0.9869746541363891
F1: 0.9360984649663107
Time: 24.259591579437256
---- Epoch 2 -----
Full acc: 0.9874327487423141
F1: 0.9386231695508814
Time: 22.429909229278564
---- Epoch 3 -----
Full acc: 0.9875550237562885
F1: 0.9392136034571756
Time: 22.55290389060974
---- Epoch 4 -----
Full acc: 0.9874903926774734
F1: 0.93900252541384
Time: 22.463006734848022
---- Epoch 5 -----
Full acc: 0.9874218313303521
F1: 0.9383525141207266
Time: 23.220269680023193
---- Epoch 6 -----
Full acc: 0.9874711780324203
F1: 0.9387565160590704
Time: 23.359663724899292
---- Epoch 7 -----
Full acc: 0.9875449797372834
F1: 0.9392561481825403
Time: 22.548011541366577
---- Epoch 8 -----
Full acc: 0.9873471562325321
F1: 0.9383474197584455
Time: 22.626811504364014
---- Epoch 9 -----
Full acc: 0.987467247764114
F1: 0.9388124076557512
Time: 22.967721939086914
---- Epoch 10 -----
Full acc: 0.9875170311626607
F1: 0.9390783211745726
Time: 23.133824348449707
========= x =========
---- Epoch 1 -----
Full acc: 0.9344112458077138
F1: 0.5884841427495033
Time: 24.12803339958191
---- Epoch 2 -----
Full acc: 0.9342313268585802
F1: 0.587565484813548
Time: 22.988959789276123
---- Epoch 3 -----
Full acc: 0.9342601488261598
F1: 0.592674367320654
Time: 22.726868391036987
---- Epoch 4 -----
Full acc: 0.934343121157071
F1: 0.6011761865982636
Time: 22.303971767425537
---- Epoch 5 -----
Full acc: 0.934311242314142
F1: 0.5935858640440939
Time: 22.9255588054657
---- Epoch 6 -----
Full acc: 0.9343033817775294
F1: 0.5989421713213261
Time: 22.721896648406982
---- Epoch 7 -----
Full acc: 0.9341535948854108
F1: 0.5868449534874163
Time: 22.450693607330322
---- Epoch 8 -----
Full acc: 0.9344854842090553
F1: 0.5955762828375409
Time: 23.444365739822388
---- Epoch 9 -----
Full acc: 0.9343361340134153
F1: 0.5973786030819488
Time: 22.88213062286377
---- Epoch 10 -----
Full acc: 0.9340086116545556
F1: 0.5880954782224718
Time: 23.162328481674194
=============== Seed: 1 ================
========= layer0 =========
---- Epoch 1 -----
Full acc: 0.9863296534376746
F1: 0.9327105375160679
Time: 24.383423566818237
---- Epoch 2 -----
Full acc: 0.9867401481274455
F1: 0.9352513690100479
Time: 22.35376477241516
---- Epoch 3 -----
Full acc: 0.9867750838457239
F1: 0.9355036567237289
Time: 22.106514930725098
---- Epoch 4 -----
Full acc: 0.986666783119061
F1: 0.9350706244125265
Time: 23.03123140335083
---- Epoch 5 -----
Full acc: 0.9866899280324204
F1: 0.9345954030733444
Time: 22.88389229774475
---- Epoch 6 -----
Full acc: 0.98686810019564
F1: 0.9359462366736604
Time: 22.559318780899048
---- Epoch 7 -----
Full acc: 0.9867567425936278
F1: 0.9354144837162548
Time: 23.045395851135254
---- Epoch 8 -----
Full acc: 0.9867017188373393
F1: 0.9350387821798231
Time: 22.306168794631958
---- Epoch 9 -----
Full acc: 0.986740584823924
F1: 0.9351598953606322
Time: 22.609548807144165
---- Epoch 10 -----
Full acc: 0.9866737702627166
F1: 0.9349508230268458
Time: 21.890916347503662
========= layer1 =========
---- Epoch 1 -----
Full acc: 0.991277861235327
F1: 0.9577697666797053
Time: 24.756734609603882
---- Epoch 2 -----
Full acc: 0.9913014428451649
F1: 0.9578161564607842
Time: 22.538169145584106
---- Epoch 3 -----
Full acc: 0.991320657490218
F1: 0.958024368042341
Time: 22.604860067367554
---- Epoch 4 -----
Full acc: 0.9913717509782001
F1: 0.9582424549835151
Time: 21.984395027160645
---- Epoch 5 -----
Full acc: 0.991330701509223
F1: 0.9578816051326224
Time: 21.37589168548584
---- Epoch 6 -----
Full acc: 0.9914202242873114
F1: 0.9584759070648234
Time: 21.899987936019897
---- Epoch 7 -----
Full acc: 0.9914027564281722
F1: 0.9583510511139459
Time: 22.45569682121277
---- Epoch 8 -----
Full acc: 0.9914014463387367
F1: 0.9584770854245923
Time: 21.815300464630127
---- Epoch 9 -----
Full acc: 0.9914202242873114
F1: 0.9584138548517169
Time: 21.461710214614868
---- Epoch 10 -----
Full acc: 0.9913438024035774
F1: 0.9579718257300122
Time: 21.96760320663452
========= layer2 =========
---- Epoch 1 -----
Full acc: 0.9871231309390721
F1: 0.9372949224772408
Time: 25.029760122299194
---- Epoch 2 -----
Full acc: 0.9873973763275573
F1: 0.9384295360720267
Time: 22.945480585098267
---- Epoch 3 -----
Full acc: 0.987489955980995
F1: 0.9389003470141216
Time: 23.38920783996582
---- Epoch 4 -----
Full acc: 0.9873921359698156
F1: 0.9383307807817429
Time: 22.526674509048462
---- Epoch 5 -----
Full acc: 0.9875126641978759
F1: 0.9391682462287291
Time: 23.005282163619995
---- Epoch 6 -----
Full acc: 0.9874759816936837
F1: 0.9388153922629067
Time: 22.74772047996521
---- Epoch 7 -----
Full acc: 0.9875283852711012
F1: 0.9390807613464989
Time: 22.607324838638306
---- Epoch 8 -----
Full acc: 0.9875419228619341
F1: 0.9392773217995436
Time: 22.031498193740845
---- Epoch 9 -----
Full acc: 0.9874532734768027
F1: 0.938778641244244
Time: 22.69577193260193
---- Epoch 10 -----
Full acc: 0.9874458496366685
F1: 0.9387051930441013
Time: 22.4137704372406
========= x =========
---- Epoch 1 -----
Full acc: 0.934408625628843
F1: 0.5895091841782341
Time: 23.604273557662964
---- Epoch 2 -----
Full acc: 0.934291154276132
F1: 0.5950088013479251
Time: 22.470070123672485
---- Epoch 3 -----
Full acc: 0.9343217230296255
F1: 0.5966476251776759
Time: 22.118346691131592
---- Epoch 4 -----
Full acc: 0.9342134223029626
F1: 0.5911890973628079
Time: 22.01183843612671
---- Epoch 5 -----
Full acc: 0.9340942041643376
F1: 0.5934808900812667
Time: 21.71569800376892
---- Epoch 6 -----
Full acc: 0.9343335138345444
F1: 0.5954343059310976
Time: 22.14806294441223
---- Epoch 7 -----
Full acc: 0.9344710732252655
F1: 0.5999978674514446
Time: 23.298148155212402
---- Epoch 8 -----
Full acc: 0.9343527284795975
F1: 0.5965318167300523
Time: 22.954447269439697
---- Epoch 9 -----
Full acc: 0.9340784830911123
F1: 0.5900802433096631
Time: 22.822966814041138
---- Epoch 10 -----
Full acc: 0.9341343802403578
F1: 0.589654506326841
Time: 23.540815353393555
=============== Seed: 2 ================
========= layer0 =========
---- Epoch 1 -----
Full acc: 0.9865624126607043
F1: 0.9343183482145716
Time: 24.737425327301025
---- Epoch 2 -----
Full acc: 0.9868205002794858
F1: 0.9357776690145341
Time: 23.022997856140137
---- Epoch 3 -----
Full acc: 0.9867152564281721
F1: 0.9349568638351098
Time: 22.8274564743042
---- Epoch 4 -----
Full acc: 0.9867279206260481
F1: 0.9352667541363505
Time: 22.654204845428467
---- Epoch 5 -----
Full acc: 0.9867750838457239
F1: 0.9355047555765684
Time: 23.7083523273468
---- Epoch 6 -----
Full acc: 0.9868104562604807
F1: 0.9357143617304315
Time: 23.542226314544678
---- Epoch 7 -----
Full acc: 0.9868340378703186
F1: 0.9357655866831146
Time: 23.44480013847351
---- Epoch 8 -----
Full acc: 0.9867768306316378
F1: 0.9354599438151955
Time: 23.560201406478882
---- Epoch 9 -----
Full acc: 0.9867820709893795
F1: 0.9354001528131709
Time: 23.4487144947052
---- Epoch 10 -----
Full acc: 0.986654992314142
F1: 0.9344990708251972
Time: 23.216492176055908
========= layer1 =========
---- Epoch 1 -----
Full acc: 0.991246855785355
F1: 0.957561411457826
Time: 23.802186965942383
---- Epoch 2 -----
Full acc: 0.991407123392957
F1: 0.9583445355914263
Time: 22.689021110534668
---- Epoch 3 -----
Full acc: 0.9913682574063722
F1: 0.9580747383648173
Time: 23.426473140716553
---- Epoch 4 -----
Full acc: 0.9913486060648407
F1: 0.9580180252726783
Time: 23.35717749595642
---- Epoch 5 -----
Full acc: 0.9913848518725545
F1: 0.9582824057822683
Time: 23.68013072013855
---- Epoch 6 -----
Full acc: 0.9913446757965344
F1: 0.9579806991061889
Time: 23.461074590682983
---- Epoch 7 -----
Full acc: 0.9913176006148686
F1: 0.9577719062749562
Time: 23.609808683395386
---- Epoch 8 -----
Full acc: 0.9913237143655673
F1: 0.9579449143573201
Time: 23.169450044631958
---- Epoch 9 -----
Full acc: 0.9913625803521521
F1: 0.9581341004197385
Time: 22.03491735458374
---- Epoch 10 -----
Full acc: 0.991417167411962
F1: 0.9585099555840778
Time: 22.79122543334961
========= layer2 =========
---- Epoch 1 -----
Full acc: 0.9869842614589156
F1: 0.9365363609069945
Time: 24.848191738128662
---- Epoch 2 -----
Full acc: 0.9874200845444382
F1: 0.9386485951173593
Time: 23.756749391555786
---- Epoch 3 -----
Full acc: 0.9875052403577418
F1: 0.9390393563892345
Time: 22.932722806930542
---- Epoch 4 -----
Full acc: 0.9874759816936837
F1: 0.9388294865806239
Time: 23.065826892852783
---- Epoch 5 -----
Full acc: 0.9875738017048631
F1: 0.9394142633579253
Time: 22.565208435058594
---- Epoch 6 -----
Full acc: 0.9872288114868641
F1: 0.9375839026441205
Time: 22.89026427268982
---- Epoch 7 -----
Full acc: 0.9873790350754611
F1: 0.9382540384520888
Time: 22.34565019607544
---- Epoch 8 -----
Full acc: 0.9874541468697596
F1: 0.9387421772551361
Time: 22.802037239074707
---- Epoch 9 -----
Full acc: 0.9875384292901062
F1: 0.9392551216770831
Time: 22.264756441116333
---- Epoch 10 -----
Full acc: 0.9873314351593069
F1: 0.9379088044929969
Time: 22.592891693115234
========= x =========
---- Epoch 1 -----
Full acc: 0.9342322002515372
F1: 0.5832016450199677
Time: 23.95905089378357
---- Epoch 2 -----
Full acc: 0.9344326439351593
F1: 0.5970889418432408
Time: 21.884411811828613
---- Epoch 3 -----
Full acc: 0.9343116790106205
F1: 0.5936269940970674
Time: 21.826883554458618
---- Epoch 4 -----
Full acc: 0.9344313338457239
F1: 0.5993975501796944
Time: 22.442586421966553
---- Epoch 5 -----
Full acc: 0.9342125489100056
F1: 0.5985781510634556
Time: 21.99359369277954
---- Epoch 6 -----
Full acc: 0.9341156022917831
F1: 0.5932875050545896
Time: 22.63360619544983
---- Epoch 7 -----
Full acc: 0.9342108021240917
F1: 0.594537566342624
Time: 22.481416702270508
---- Epoch 8 -----
Full acc: 0.9341815434600336
F1: 0.5906544086693193
Time: 21.854893445968628
---- Epoch 9 -----
Full acc: 0.934354038569033
F1: 0.5947594015365952
Time: 22.675577640533447
---- Epoch 10 -----
Full acc: 0.9340867803242034
F1: 0.5934142898703761
Time: 23.01273465156555
=============== Seed: 3 ================
========= layer0 =========
---- Epoch 1 -----
Full acc: 0.9863471212968139
F1: 0.9328438680076127
Time: 24.82441997528076
---- Epoch 2 -----
Full acc: 0.9867440783957518
F1: 0.9350012526525184
Time: 22.980380058288574
---- Epoch 3 -----
Full acc: 0.9866584858859698
F1: 0.9347361225339927
Time: 22.42825174331665
---- Epoch 4 -----
Full acc: 0.9867977920626048
F1: 0.9354259936434162
Time: 22.252008199691772
---- Epoch 5 -----
Full acc: 0.9867231169647848
F1: 0.9353285898131308
Time: 22.15280032157898
---- Epoch 6 -----
Full acc: 0.9867536857182784
F1: 0.9355756099322262
Time: 22.827990531921387
---- Epoch 7 -----
Full acc: 0.9867820709893795
F1: 0.9355207041851469
Time: 22.13941264152527
---- Epoch 8 -----
Full acc: 0.9866593592789268
F1: 0.9347905437856876
Time: 21.739660501480103
---- Epoch 9 -----
Full acc: 0.986666783119061
F1: 0.9351919068420806
Time: 22.711214065551758
---- Epoch 10 -----
Full acc: 0.9867244270542203
F1: 0.935055501909881
Time: 22.658267974853516
========= layer1 =========
---- Epoch 1 -----
Full acc: 0.9912944557015092
F1: 0.9579154255218086
Time: 24.711395978927612
---- Epoch 2 -----
Full acc: 0.9913905289267747
F1: 0.958343457820506
Time: 23.035132884979248
---- Epoch 3 -----
Full acc: 0.9913791748183343
F1: 0.9582378712970778
Time: 22.66020154953003
---- Epoch 4 -----
Full acc: 0.9912542796254891
F1: 0.9576718793922268
Time: 22.968607664108276
---- Epoch 5 -----
Full acc: 0.9914403123253214
F1: 0.9585393042150262
Time: 47.651968002319336
---- Epoch 6 -----
Full acc: 0.9913922757126886
F1: 0.9583089213535905
Time: 23.329025506973267
---- Epoch 7 -----
Full acc: 0.9914459893795416
F1: 0.9585498806520967
Time: 23.442940950393677
---- Epoch 8 -----
Full acc: 0.991438128842929
F1: 0.958603244850215
Time: 23.288749933242798
---- Epoch 9 -----
Full acc: 0.9913927124091672
F1: 0.9582487788138502
Time: 23.17241382598877
---- Epoch 10 -----
Full acc: 0.9914184775013974
F1: 0.958362908642488
Time: 22.78755521774292
========= layer2 =========
---- Epoch 1 -----
Full acc: 0.9869571862772498
F1: 0.9361629365861374
Time: 24.97888207435608
---- Epoch 2 -----
Full acc: 0.9875061137506987
F1: 0.9391209240171253
Time: 23.0813992023468
---- Epoch 3 -----
Full acc: 0.9874855890162102
F1: 0.9389467315185874
Time: 22.466668844223022
---- Epoch 4 -----
Full acc: 0.9874746716042482
F1: 0.9391063611157111
Time: 22.12701988220215
---- Epoch 5 -----
Full acc: 0.9874860257126886
F1: 0.9389526337541488
Time: 22.407097339630127
---- Epoch 6 -----
Full acc: 0.9873161507825601
F1: 0.9381943690803739
Time: 22.179686069488525
---- Epoch 7 -----
Full acc: 0.9875659411682505
F1: 0.939372581919304
Time: 22.338886260986328
---- Epoch 8 -----
Full acc: 0.9873593837339296
F1: 0.9381804824083685
Time: 23.05143642425537
---- Epoch 9 -----
Full acc: 0.9874436661542761
F1: 0.9387129571802802
Time: 22.907830715179443
---- Epoch 10 -----
Full acc: 0.9873034865846841
F1: 0.9379071148186591
Time: 22.611953735351562
========= x =========
---- Epoch 1 -----
Full acc: 0.9342715029346004
F1: 0.5870778887648248
Time: 24.18987536430359
---- Epoch 2 -----
Full acc: 0.9343824238401341
F1: 0.5936958349895489
Time: 22.461916208267212
---- Epoch 3 -----
Full acc: 0.9343177927613192
F1: 0.5954876379352542
Time: 22.397869110107422
---- Epoch 4 -----
Full acc: 0.9343584055338178
F1: 0.596331605661036
Time: 21.795228719711304
---- Epoch 5 -----
Full acc: 0.9344623392956959
F1: 0.6025255976311928
Time: 21.983585834503174
---- Epoch 6 -----
Full acc: 0.9341269564002236
F1: 0.5899953249181861
Time: 22.437391757965088
---- Epoch 7 -----
Full acc: 0.9342287066797094
F1: 0.5909588408631061
Time: 22.80919575691223
---- Epoch 8 -----
Full acc: 0.9340155987982113
F1: 0.5862443830454915
Time: 22.048763275146484
---- Epoch 9 -----
Full acc: 0.9342422442705423
F1: 0.5889386328892772
Time: 22.64041304588318
---- Epoch 10 -----
Full acc: 0.9341343802403578
F1: 0.5915060382908075
Time: 22.653387546539307
=============== Seed: 4 ================
========= layer0 =========
---- Epoch 1 -----
Full acc: 0.9864148092509782
F1: 0.9335154184645437
Time: 24.522046327590942
---- Epoch 2 -----
Full acc: 0.9867624196478479
F1: 0.9352802147006766
Time: 22.935824155807495
---- Epoch 3 -----
Full acc: 0.9867982287590833
F1: 0.935724810082983
Time: 23.90981435775757
---- Epoch 4 -----
Full acc: 0.9867960452766908
F1: 0.9356661687794956
Time: 23.10879135131836
---- Epoch 5 -----
Full acc: 0.9867523756288429
F1: 0.9352152018758889
Time: 22.58324885368347
---- Epoch 6 -----
Full acc: 0.9866995353549469
F1: 0.9348854610952549
Time: 23.278559923171997
---- Epoch 7 -----
Full acc: 0.9868030324203466
F1: 0.9354816671434733
Time: 23.62342071533203
---- Epoch 8 -----
Full acc: 0.9867357811626607
F1: 0.9349389744973803
Time: 23.838563203811646
---- Epoch 9 -----
Full acc: 0.986740584823924
F1: 0.9351199926493685
Time: 23.82799005508423
---- Epoch 10 -----
Full acc: 0.986665909726104
F1: 0.9347017159672204
Time: 23.225895643234253
========= layer1 =========
---- Epoch 1 -----
Full acc: 0.9913149804359978
F1: 0.9580308606543539
Time: 24.99844217300415
---- Epoch 2 -----
Full acc: 0.9914276481274455
F1: 0.9584448245495191
Time: 23.83485722541809
---- Epoch 3 -----
Full acc: 0.9912852850754611
F1: 0.9577527404829347
Time: 23.514989852905273
---- Epoch 4 -----
Full acc: 0.9913905289267747
F1: 0.9583221466578442
Time: 22.840991258621216
---- Epoch 5 -----
Full acc: 0.9913870353549469
F1: 0.9584054764822122
Time: 23.908485651016235
---- Epoch 6 -----
Full acc: 0.9912363750698714
F1: 0.9574152038841545
Time: 23.688399076461792
---- Epoch 7 -----
Full acc: 0.9913385620458357
F1: 0.9579631387975177
Time: 23.922916650772095
---- Epoch 8 -----
Full acc: 0.9913730610676356
F1: 0.9581647109648482
Time: 22.563287496566772
---- Epoch 9 -----
Full acc: 0.9914114903577418
F1: 0.9584019865182418
Time: 22.930521965026855
---- Epoch 10 -----
Full acc: 0.9913638904415875
F1: 0.9581819642804278
Time: 23.237205028533936
========= layer2 =========
