Loading rhel8/default-amp
  Loading requirement: dot rhel8/slurm singularity/current rhel8/global
    cuda/11.4 libpciaccess/0.16/gcc-9.4.0-6fonbj6
    libiconv/1.16/gcc-9.4.0-ahebbov libxml2/2.9.12/gcc-9.4.0-gnknt5e
    ncurses/6.2/gcc-9.4.0-aiirok7 hwloc/2.5.0/gcc-9.4.0-7sqomga
    libevent/2.1.12/gcc-9.4.0-hgny7cm numactl/2.0.14/gcc-9.4.0-52dwc6n
    cuda/11.4.0/gcc-9.4.0-3hnxhjt gdrcopy/2.2/gcc-9.4.0-e4igtfp
    knem/1.1.4/gcc-9.4.0-bpbxgva libnl/3.3.0/gcc-9.4.0-whwhrwb
    rdma-core/34.0/gcc-9.4.0-5eo5n2u ucx/1.11.1/gcc-9.4.0-lktqyl4
    openmpi/4.1.1/gcc-9.4.0-epagguv
Changed directory to /rds/user/tdb47/hpc-work/planning/thinker_private_planning/probing.

JobID: 58705853
======
Time: Sun Aug 11 19:58:21 BST 2024
Running on master node: gpu-q-16
Current directory: /rds/user/tdb47/hpc-work/planning/thinker_private_planning/probing

Nodes allocated:
================
gpu-q-16

numtasks=1, numnodes=1, mpi_tasks_per_node=1 (OMP_NUM_THREADS=1)

Executing command:
==================
python train_conv_probe.py --feature agent_onto_after --num_epochs 10 --weight_decay 0.001 --kernel 1 --model_name 30m 


test
=================================== FEATURE: agent_onto_after =========================================
!!!!
=============== Seed: 0 ================
========= layer0 =========
---- Epoch 1 -----
Full acc: 0.8837238494299423
F1: 0.6339219032737804
Time: 33.16588592529297
---- Epoch 2 -----
Full acc: 0.883628587621605
F1: 0.6342777299286295
Time: 31.306989669799805
---- Epoch 3 -----
Full acc: 0.8835663407360127
F1: 0.6342400477508203
Time: 28.932470560073853
---- Epoch 4 -----
Full acc: 0.8837001199542193
F1: 0.6358336932994687
Time: 27.755352020263672
---- Epoch 5 -----
Full acc: 0.8837173152264823
F1: 0.63457405730542
Time: 28.23955202102661
---- Epoch 6 -----
Full acc: 0.8832630161332923
F1: 0.6325826530328739
Time: 28.207480907440186
---- Epoch 7 -----
Full acc: 0.8839535782673769
F1: 0.636397314845811
Time: 28.42229676246643
---- Epoch 8 -----
Full acc: 0.8838215185763966
F1: 0.6377999885419124
Time: 29.25004506111145
---- Epoch 9 -----
Full acc: 0.8838356186996522
F1: 0.6348736659243164
Time: 30.748396635055542
---- Epoch 10 -----
Full acc: 0.8834631691024343
F1: 0.6342422283535265
Time: 30.812714338302612
========= layer1 =========
---- Epoch 1 -----
Full acc: 0.9041146910903729
F1: 0.7092655113760065
Time: 32.561846017837524
---- Epoch 2 -----
Full acc: 0.9035806059338821
F1: 0.7047946540912546
Time: 30.286173105239868
---- Epoch 3 -----
Full acc: 0.9040263073909407
F1: 0.7087056513288806
Time: 29.310009717941284
---- Epoch 4 -----
Full acc: 0.9039303577717128
F1: 0.707988820796916
Time: 29.742502689361572
---- Epoch 5 -----
Full acc: 0.9038409423559449
F1: 0.7079165159682304
Time: 30.179867029190063
---- Epoch 6 -----
Full acc: 0.9041576792710305
F1: 0.7099268049513551
Time: 30.387646198272705
---- Epoch 7 -----
Full acc: 0.9038289056653608
F1: 0.7075205999660191
Time: 30.61626696586609
---- Epoch 8 -----
Full acc: 0.9038966550380773
F1: 0.7082858506219697
Time: 30.720725536346436
---- Epoch 9 -----
Full acc: 0.9041057495487961
F1: 0.7091702594769345
Time: 31.030366897583008
---- Epoch 10 -----
Full acc: 0.904043846568649
F1: 0.7083302720110437
Time: 30.91673445701599
========= layer2 =========
---- Epoch 1 -----
Full acc: 0.9055044129946735
F1: 0.6990974125911428
Time: 32.36001920700073
---- Epoch 2 -----
Full acc: 0.9057802251617731
F1: 0.7002691128858032
Time: 29.786797285079956
---- Epoch 3 -----
Full acc: 0.9057822885944447
F1: 0.7000563856704588
Time: 30.429035663604736
---- Epoch 4 -----
Full acc: 0.9056605460668222
F1: 0.7000299574528427
Time: 30.597451210021973
---- Epoch 5 -----
Full acc: 0.9058435037637012
F1: 0.6999963640908792
Time: 29.75285053253174
---- Epoch 6 -----
Full acc: 0.9059160678126513
F1: 0.7005104437047373
Time: 29.317543745040894
---- Epoch 7 -----
Full acc: 0.905739300413787
F1: 0.6997657298487983
Time: 28.536723613739014
---- Epoch 8 -----
Full acc: 0.9055745697055069
F1: 0.6990931734042335
Time: 28.87265133857727
---- Epoch 9 -----
Full acc: 0.9057932935686931
F1: 0.7000303279969643
Time: 30.212436199188232
---- Epoch 10 -----
Full acc: 0.9058775504027821
F1: 0.7004047537602366
Time: 30.141385078430176
========= x =========
---- Epoch 1 -----
Full acc: 0.8267792979926927
F1: 0.22339643606438447
Time: 32.56718611717224
---- Epoch 2 -----
Full acc: 0.8267792979926927
F1: 0.22339643606438447
Time: 31.015374183654785
---- Epoch 3 -----
Full acc: 0.8267792979926927
F1: 0.22339643606438447
Time: 30.695662021636963
---- Epoch 4 -----
Full acc: 0.8267792979926927
F1: 0.22339643606438447
Time: 30.18129563331604
---- Epoch 5 -----
Full acc: 0.8267792979926927
F1: 0.22339643606438447
Time: 30.550213098526
---- Epoch 6 -----
Full acc: 0.8267792979926927
F1: 0.22339643606438447
Time: 30.451120376586914
---- Epoch 7 -----
Full acc: 0.8267792979926927
F1: 0.22339643606438447
Time: 30.060428619384766
---- Epoch 8 -----
Full acc: 0.8267792979926927
F1: 0.22339643606438447
Time: 30.260395050048828
---- Epoch 9 -----
Full acc: 0.8267792979926927
F1: 0.22339643606438447
Time: 30.188488960266113
---- Epoch 10 -----
Full acc: 0.8267792979926927
F1: 0.22339643606438447
Time: 29.033368349075317
=============== Seed: 1 ================
========= layer0 =========
---- Epoch 1 -----
Full acc: 0.8838153282783818
F1: 0.6352318727797702
Time: 31.957780122756958
---- Epoch 2 -----
Full acc: 0.8837778425848484
F1: 0.6351144923428378
Time: 30.73451256752014
---- Epoch 3 -----
Full acc: 0.8835938531716335
F1: 0.6342515929726769
Time: 30.9285786151886
---- Epoch 4 -----
Full acc: 0.8833868220935863
F1: 0.633516178459382
Time: 31.133771419525146
---- Epoch 5 -----
Full acc: 0.8837847206937536
F1: 0.635782675181717
Time: 30.26006054878235
---- Epoch 6 -----
Full acc: 0.8832698942421975
F1: 0.6336913834368207
Time: 30.096123933792114
---- Epoch 7 -----
Full acc: 0.8836481902319848
F1: 0.634663725068571
Time: 30.457335948944092
---- Epoch 8 -----
Full acc: 0.8837785303957388
F1: 0.6361529218696621
Time: 30.374692678451538
---- Epoch 9 -----
Full acc: 0.8831220149007352
F1: 0.6320707759515207
Time: 29.8215913772583
---- Epoch 10 -----
Full acc: 0.8835814725756042
F1: 0.6339122588408532
Time: 30.169713735580444
========= layer1 =========
---- Epoch 1 -----
Full acc: 0.9038966550380773
F1: 0.7067520978218906
Time: 32.25698518753052
---- Epoch 2 -----
Full acc: 0.903905596579654
F1: 0.7078664803458644
Time: 31.169752836227417
---- Epoch 3 -----
Full acc: 0.9038196202183387
F1: 0.706995179214006
Time: 30.484331130981445
---- Epoch 4 -----
Full acc: 0.9038017371351851
F1: 0.7081354437123131
Time: 31.264772176742554
---- Epoch 5 -----
Full acc: 0.9038753329004711
F1: 0.7085226677475391
Time: 30.504797220230103
---- Epoch 6 -----
Full acc: 0.9039255430954791
F1: 0.707399785321892
Time: 30.414824724197388
---- Epoch 7 -----
Full acc: 0.9038839305366025
F1: 0.7085356634342774
Time: 29.804957151412964
---- Epoch 8 -----
Full acc: 0.9038663913588942
F1: 0.707316809352257
Time: 30.595487594604492
---- Epoch 9 -----
Full acc: 0.904020117092926
F1: 0.7091699331416738
Time: 30.68373417854309
---- Epoch 10 -----
Full acc: 0.9040084243077872
F1: 0.7076660775555675
Time: 30.260672330856323
========= layer2 =========
---- Epoch 1 -----
Full acc: 0.9050298234802131
F1: 0.6984722288487685
Time: 33.08675765991211
---- Epoch 2 -----
Full acc: 0.9058424720473655
F1: 0.7005372971455495
Time: 30.142870664596558
---- Epoch 3 -----
Full acc: 0.9058400647092486
F1: 0.6999971623676835
Time: 30.28175687789917
---- Epoch 4 -----
Full acc: 0.9058610429414096
F1: 0.7003006674944989
Time: 30.801520824432373
---- Epoch 5 -----
Full acc: 0.905852445305278
F1: 0.7001766674224266
Time: 30.005882501602173
---- Epoch 6 -----
Full acc: 0.9059796903200247
F1: 0.7007314465510492
Time: 30.021010160446167
---- Epoch 7 -----
Full acc: 0.9058521013998327
F1: 0.7007366352922089
Time: 30.36880922317505
---- Epoch 8 -----
Full acc: 0.9060722008847999
F1: 0.7008143669725386
Time: 30.52113628387451
---- Epoch 9 -----
Full acc: 0.9057451468063564
F1: 0.6997954628770916
Time: 29.080458641052246
---- Epoch 10 -----
Full acc: 0.9058177108553066
F1: 0.6996709842702271
Time: 29.28434920310974
========= x =========
---- Epoch 1 -----
Full acc: 0.8267792979926927
F1: 0.22339643606438447
Time: 32.386120080947876
---- Epoch 2 -----
Full acc: 0.8267792979926927
F1: 0.22339643606438447
Time: 30.405447959899902
---- Epoch 3 -----
Full acc: 0.8267792979926927
F1: 0.22339643606438447
Time: 30.405510902404785
---- Epoch 4 -----
Full acc: 0.8267792979926927
F1: 0.22339643606438447
Time: 28.305787563323975
---- Epoch 5 -----
Full acc: 0.8267792979926927
F1: 0.22339643606438447
Time: 30.62905502319336
---- Epoch 6 -----
Full acc: 0.8267792979926927
F1: 0.22339643606438447
Time: 30.50810194015503
---- Epoch 7 -----
Full acc: 0.8267792979926927
F1: 0.22339643606438447
Time: 29.14985466003418
---- Epoch 8 -----
Full acc: 0.8267792979926927
F1: 0.22339643606438447
Time: 29.75920534133911
---- Epoch 9 -----
Full acc: 0.8267792979926927
F1: 0.22339643606438447
Time: 29.79827308654785
---- Epoch 10 -----
Full acc: 0.8267792979926927
F1: 0.22339643606438447
Time: 29.841594219207764
=============== Seed: 2 ================
========= layer0 =========
---- Epoch 1 -----
Full acc: 0.883619302174583
F1: 0.6343425029572995
Time: 32.59922504425049
---- Epoch 2 -----
Full acc: 0.8835371087731655
F1: 0.6333253237662477
Time: 30.934968948364258
---- Epoch 3 -----
Full acc: 0.8838854849892152
F1: 0.6366831765269515
Time: 29.80301833152771
---- Epoch 4 -----
Full acc: 0.8837902231808777
F1: 0.6361216377572556
Time: 29.85919952392578
---- Epoch 5 -----
Full acc: 0.8836770782893868
F1: 0.6349005251076137
Time: 28.97127389907837
---- Epoch 6 -----
Full acc: 0.8835928214552978
F1: 0.6360365166118194
Time: 30.235166788101196
---- Epoch 7 -----
Full acc: 0.8835976361315314
F1: 0.6345102511766407
Time: 29.38912272453308
---- Epoch 8 -----
Full acc: 0.8836203338909187
F1: 0.6336489095667561
Time: 30.03213357925415
---- Epoch 9 -----
Full acc: 0.884072225645992
F1: 0.636875819895333
Time: 29.89874768257141
---- Epoch 10 -----
Full acc: 0.8836137996874587
F1: 0.6340735804714932
Time: 29.430567741394043
========= layer1 =========
---- Epoch 1 -----
Full acc: 0.9042625704318352
F1: 0.709111299962488
Time: 32.399527072906494
---- Epoch 2 -----
Full acc: 0.903864671831668
F1: 0.7071551525860222
Time: 30.370206356048584
---- Epoch 3 -----
Full acc: 0.90397265814148
F1: 0.7074879943594203
Time: 30.342954635620117
---- Epoch 4 -----
Full acc: 0.9036879044328037
F1: 0.7058194831493221
Time: 30.058687448501587
---- Epoch 5 -----
Full acc: 0.9040380001760796
F1: 0.7088426296878974
Time: 30.199146509170532
---- Epoch 6 -----
Full acc: 0.9039224479464718
F1: 0.7079012392372896
Time: 30.617756843566895
---- Epoch 7 -----
Full acc: 0.9039836631157283
F1: 0.7077149236450742
Time: 30.7367262840271
---- Epoch 8 -----
Full acc: 0.9038619205881058
F1: 0.7073289865762579
Time: 30.803715705871582
---- Epoch 9 -----
Full acc: 0.9039843509266189
F1: 0.7083986802371677
Time: 31.071099281311035
---- Epoch 10 -----
Full acc: 0.9039320772989391
F1: 0.7086402300941679
Time: 31.0357666015625
========= layer2 =========
---- Epoch 1 -----
Full acc: 0.9053396822863935
F1: 0.6984950859872163
Time: 32.59010910987854
---- Epoch 2 -----
Full acc: 0.9058620746577453
F1: 0.700542279976244
Time: 30.9164879322052
---- Epoch 3 -----
Full acc: 0.9058015472993793
F1: 0.6998194250321758
Time: 30.392489671707153
---- Epoch 4 -----
Full acc: 0.905897153013162
F1: 0.7002021359358215
Time: 30.701755046844482
---- Epoch 5 -----
Full acc: 0.9056770535281947
F1: 0.6999467756687586
Time: 30.396846294403076
---- Epoch 6 -----
Full acc: 0.9058476306290443
F1: 0.7000078110260872
Time: 31.2149498462677
---- Epoch 7 -----
Full acc: 0.9055329571466303
F1: 0.6992236778458566
Time: 32.18782019615173
---- Epoch 8 -----
Full acc: 0.9058183986661971
F1: 0.7002304093590861
Time: 30.554179191589355
---- Epoch 9 -----
Full acc: 0.9058662015230884
F1: 0.7006124467643785
Time: 31.458613872528076
---- Epoch 10 -----
Full acc: 0.9056099919663688
F1: 0.6997861570086328
Time: 30.136512517929077
========= x =========
---- Epoch 1 -----
Full acc: 0.8267792979926927
F1: 0.22339643606438447
Time: 32.340200662612915
---- Epoch 2 -----
Full acc: 0.8267792979926927
F1: 0.22339643606438447
Time: 30.50218152999878
---- Epoch 3 -----
Full acc: 0.8267792979926927
F1: 0.22339643606438447
Time: 29.257354259490967
---- Epoch 4 -----
Full acc: 0.8267792979926927
F1: 0.22339643606438447
Time: 30.26714777946472
---- Epoch 5 -----
Full acc: 0.8267792979926927
F1: 0.22339643606438447
Time: 30.707353830337524
---- Epoch 6 -----
Full acc: 0.8267792979926927
F1: 0.22339643606438447
Time: 29.979281663894653
---- Epoch 7 -----
Full acc: 0.8267792979926927
F1: 0.22339643606438447
Time: 30.10570788383484
---- Epoch 8 -----
Full acc: 0.8267792979926927
F1: 0.22339643606438447
Time: 30.392669916152954
---- Epoch 9 -----
Full acc: 0.8267792979926927
F1: 0.22339643606438447
Time: 28.798216104507446
---- Epoch 10 -----
Full acc: 0.8267792979926927
F1: 0.22339643606438447
Time: 28.827527046203613
=============== Seed: 3 ================
========= layer0 =========
---- Epoch 1 -----
Full acc: 0.8835976361315314
F1: 0.6340272732598773
Time: 30.967960357666016
---- Epoch 2 -----
Full acc: 0.8834999669850773
F1: 0.6331948405933124
Time: 30.65045189857483
---- Epoch 3 -----
Full acc: 0.8836433755557512
F1: 0.6350060634411933
Time: 30.109037160873413
---- Epoch 4 -----
Full acc: 0.883607609389444
F1: 0.6343140400131609
Time: 30.94162607192993
---- Epoch 5 -----
Full acc: 0.8837045907250077
F1: 0.6354675885296042
Time: 31.2755069732666
---- Epoch 6 -----
Full acc: 0.8838201429546155
F1: 0.6363331399035047
Time: 30.343958139419556
---- Epoch 7 -----
Full acc: 0.8839738686886472
F1: 0.636012470965136
Time: 31.295371294021606
---- Epoch 8 -----
Full acc: 0.8838559091209227
F1: 0.6357841405954575
Time: 31.409807920455933
---- Epoch 9 -----
Full acc: 0.8837080297794603
F1: 0.6347407223719754
Time: 30.49271059036255
---- Epoch 10 -----
Full acc: 0.8835818164810494
F1: 0.6352091957056487
Time: 29.93298864364624
========= layer1 =========
---- Epoch 1 -----
Full acc: 0.9039386115023991
F1: 0.7091778368531801
Time: 32.572184324264526
---- Epoch 2 -----
Full acc: 0.9037439610203812
F1: 0.7066590260435566
Time: 30.43726134300232
---- Epoch 3 -----
Full acc: 0.9036865288110226
F1: 0.7068026681368628
Time: 30.08530831336975
---- Epoch 4 -----
Full acc: 0.9039860704538452
F1: 0.7079643118539307
Time: 30.84720230102539
---- Epoch 5 -----
Full acc: 0.9039987949553198
F1: 0.7073905776738144
Time: 30.39002513885498
---- Epoch 6 -----
Full acc: 0.9037807589030241
F1: 0.7073062584307668
Time: 30.865338563919067
---- Epoch 7 -----
Full acc: 0.9038756768059163
F1: 0.7082517343354755
Time: 31.065694093704224
---- Epoch 8 -----
Full acc: 0.9037800710921337
F1: 0.7072656942700188
Time: 28.351202249526978
---- Epoch 9 -----
Full acc: 0.9038216836510102
F1: 0.7063751323417036
Time: 30.023886680603027
---- Epoch 10 -----
Full acc: 0.903958214112779
F1: 0.7083036455199615
Time: 30.643723726272583
========= layer2 =========
---- Epoch 1 -----
Full acc: 0.9050023110445922
F1: 0.6978746063881792
Time: 32.373663902282715
---- Epoch 2 -----
Full acc: 0.9059597438041995
F1: 0.7010033905643771
Time: 31.471606969833374
---- Epoch 3 -----
Full acc: 0.9058417842364749
F1: 0.7000096176224053
Time: 30.11093020439148
---- Epoch 4 -----
Full acc: 0.9056859950697715
F1: 0.6998991138620297
Time: 30.09778881072998
---- Epoch 5 -----
Full acc: 0.9057678445657437
F1: 0.7005548710666061
Time: 29.664680242538452
---- Epoch 6 -----
Full acc: 0.9057963887177004
F1: 0.7001041722241533
Time: 29.069460153579712
---- Epoch 7 -----
Full acc: 0.9057929496632477
F1: 0.7001170937120432
Time: 29.752025604248047
---- Epoch 8 -----
Full acc: 0.905737924792006
F1: 0.6997495494400812
Time: 29.680285453796387
---- Epoch 9 -----
Full acc: 0.9058204620988687
F1: 0.7003583196467866
Time: 28.92784070968628
---- Epoch 10 -----
Full acc: 0.9058091132191751
F1: 0.7001051541371223
Time: 28.930131196975708
========= x =========
---- Epoch 1 -----
Full acc: 0.8267792979926927
F1: 0.22339643606438447
Time: 31.175455331802368
---- Epoch 2 -----
Full acc: 0.8267792979926927
F1: 0.22339643606438447
Time: 29.926525354385376
---- Epoch 3 -----
Full acc: 0.8267792979926927
F1: 0.22339643606438447
Time: 29.398741245269775
---- Epoch 4 -----
Full acc: 0.8267792979926927
F1: 0.22339643606438447
Time: 28.528563499450684
---- Epoch 5 -----
Full acc: 0.8267792979926927
F1: 0.22339643606438447
Time: 28.445881366729736
---- Epoch 6 -----
Full acc: 0.8267792979926927
F1: 0.22339643606438447
Time: 28.50557017326355
---- Epoch 7 -----
Full acc: 0.8267792979926927
F1: 0.22339643606438447
Time: 30.20966410636902
---- Epoch 8 -----
Full acc: 0.8267792979926927
F1: 0.22339643606438447
Time: 27.34224224090576
---- Epoch 9 -----
Full acc: 0.8267792979926927
F1: 0.22339643606438447
Time: 28.66065549850464
---- Epoch 10 -----
Full acc: 0.8267792979926927
F1: 0.22339643606438447
Time: 28.620803594589233
=============== Seed: 4 ================
========= layer0 =========
---- Epoch 1 -----
Full acc: 0.8836368413522913
F1: 0.635028280507513
Time: 32.672542095184326
---- Epoch 2 -----
Full acc: 0.8838328674560901
F1: 0.6360076601062785
Time: 31.49740481376648
---- Epoch 3 -----
Full acc: 0.8835539601399832
F1: 0.6352893164324026
Time: 30.41826033592224
---- Epoch 4 -----
Full acc: 0.8835254159880266
F1: 0.6361804452550603
Time: 29.710967540740967
---- Epoch 5 -----
Full acc: 0.8832313768323282
F1: 0.6320199499890494
Time: 31.022263288497925
---- Epoch 6 -----
Full acc: 0.8836502536646564
F1: 0.6363514345672568
Time: 30.61652708053589
---- Epoch 7 -----
Full acc: 0.8835095963375446
F1: 0.6326993622829804
Time: 30.654487133026123
---- Epoch 8 -----
Full acc: 0.8835357331513845
F1: 0.6345360628084858
Time: 31.00063705444336
---- Epoch 9 -----
Full acc: 0.8837960695734473
F1: 0.6353234486546102
Time: 30.69218873977661
---- Epoch 10 -----
Full acc: 0.8833899172425936
F1: 0.633259765210612
Time: 31.126062393188477
========= layer1 =========
---- Epoch 1 -----
Full acc: 0.9041119398468107
F1: 0.7082614792334072
Time: 33.013142824172974
---- Epoch 2 -----
Full acc: 0.9039007819034204
F1: 0.7081190002813151
Time: 30.41978430747986
---- Epoch 3 -----
Full acc: 0.9040840835057447
F1: 0.7083099174161192
Time: 30.555606603622437
---- Epoch 4 -----
Full acc: 0.9040507246775542
F1: 0.7082531773679821
Time: 29.929353713989258
---- Epoch 5 -----
Full acc: 0.9037890126337105
F1: 0.7077904458726991
Time: 30.09738779067993
---- Epoch 6 -----
Full acc: 0.9037927955936083
F1: 0.7066030074423304
Time: 30.573448419570923
---- Epoch 7 -----
Full acc: 0.9039657800325748
F1: 0.7077553589806087
Time: 30.73294997215271
---- Epoch 8 -----
Full acc: 0.9038870256856099
F1: 0.7076865832918109
Time: 30.46522831916809
---- Epoch 9 -----
Full acc: 0.9038498838975216
F1: 0.7082524954091418
Time: 30.228651523590088
---- Epoch 10 -----
Full acc: 0.9040328415944007
F1: 0.7078001853119792
Time: 30.68516707420349
========= layer2 =========
---- Epoch 1 -----
Full acc: 0.9055198887397103
F1: 0.6994773053822934
Time: 32.511244773864746
---- Epoch 2 -----
Full acc: 0.9058335305057886
F1: 0.7000216867038761
Time: 29.89876127243042
---- Epoch 3 -----
Full acc: 0.9059397972883744
F1: 0.7009130304299246
Time: 30.709826707839966
---- Epoch 4 -----
Full acc: 0.9057554639697143
F1: 0.6998593558234572
Time: 30.7111759185791
---- Epoch 5 -----
Full acc: 0.9059508022626227
F1: 0.7004086119005821
Time: 29.908359050750732
---- Epoch 6 -----
Full acc: 0.905905062838403
F1: 0.7003574760241151
Time: 30.241981506347656
---- Epoch 7 -----
Full acc: 0.9056928731786767
F1: 0.6995600957958266
Time: 29.24554467201233
---- Epoch 8 -----
Full acc: 0.9056849633534357
F1: 0.7000094276172957
Time: 27.612939596176147
---- Epoch 9 -----
Full acc: 0.90586826495576
F1: 0.7008385794043687
Time: 27.51555609703064
---- Epoch 10 -----
Full acc: 0.906006514944755
F1: 0.7007391148413473
Time: 30.100531816482544
========= x =========
---- Epoch 1 -----
Full acc: 0.8267792979926927
F1: 0.22339643606438447
Time: 32.59110736846924
---- Epoch 2 -----
Full acc: 0.8267792979926927
F1: 0.22339643606438447
Time: 30.87647557258606
---- Epoch 3 -----
Full acc: 0.8267792979926927
F1: 0.22339643606438447
Time: 28.278738498687744
---- Epoch 4 -----
Full acc: 0.8267792979926927
F1: 0.22339643606438447
Time: 29.765328407287598
---- Epoch 5 -----
Full acc: 0.8267792979926927
F1: 0.22339643606438447
Time: 29.185093879699707
---- Epoch 6 -----
Full acc: 0.8267792979926927
F1: 0.22339643606438447
Time: 27.33060073852539
---- Epoch 7 -----
Full acc: 0.8267792979926927
F1: 0.22339643606438447
Time: 28.340981006622314
---- Epoch 8 -----
Full acc: 0.8267792979926927
F1: 0.22339643606438447
Time: 29.571762084960938
---- Epoch 9 -----
Full acc: 0.8267792979926927
F1: 0.22339643606438447
Time: 29.819220542907715
---- Epoch 10 -----
Full acc: 0.8267792979926927
F1: 0.22339643606438447
Time: 29.105034828186035
