Loading rhel8/default-amp
  Loading requirement: dot rhel8/slurm singularity/current rhel8/global
    cuda/11.4 libpciaccess/0.16/gcc-9.4.0-6fonbj6
    libiconv/1.16/gcc-9.4.0-ahebbov libxml2/2.9.12/gcc-9.4.0-gnknt5e
    ncurses/6.2/gcc-9.4.0-aiirok7 hwloc/2.5.0/gcc-9.4.0-7sqomga
    libevent/2.1.12/gcc-9.4.0-hgny7cm numactl/2.0.14/gcc-9.4.0-52dwc6n
    cuda/11.4.0/gcc-9.4.0-3hnxhjt gdrcopy/2.2/gcc-9.4.0-e4igtfp
    knem/1.1.4/gcc-9.4.0-bpbxgva libnl/3.3.0/gcc-9.4.0-whwhrwb
    rdma-core/34.0/gcc-9.4.0-5eo5n2u ucx/1.11.1/gcc-9.4.0-lktqyl4
    openmpi/4.1.1/gcc-9.4.0-epagguv
Changed directory to /rds/user/tdb47/hpc-work/planning/thinker_private_planning/probing.

JobID: 58688676
======
Time: Sun Aug 11 10:16:33 BST 2024
Running on master node: gpu-q-29
Current directory: /rds/user/tdb47/hpc-work/planning/thinker_private_planning/probing

Nodes allocated:
================
gpu-q-29

numtasks=1, numnodes=1, mpi_tasks_per_node=1 (OMP_NUM_THREADS=1)

Executing command:
==================
python train_conv_probe.py --feature agent_onto_after --num_epochs 10 --weight_decay 0.001 --kernel 1 --model_name 250m 


test
=================================== FEATURE: agent_onto_after =========================================
!!!!
=============== Seed: 0 ================
========= layer0 =========
---- Epoch 1 -----
Full acc: 0.9334959299888206
F1: 0.8000422986269722
Time: 28.182074069976807
---- Epoch 2 -----
Full acc: 0.9343584055338178
F1: 0.8023597956080444
Time: 23.499802350997925
---- Epoch 3 -----
Full acc: 0.934374126607043
F1: 0.8024831711845761
Time: 23.24695324897766
---- Epoch 4 -----
Full acc: 0.9343811137506988
F1: 0.8027365107533008
Time: 22.79813861846924
---- Epoch 5 -----
Full acc: 0.9342867873113471
F1: 0.8023547413662249
Time: 24.043230533599854
---- Epoch 6 -----
Full acc: 0.9342177892677473
F1: 0.8021548220737191
Time: 23.7520170211792
---- Epoch 7 -----
Full acc: 0.9343627724986026
F1: 0.8026222899347882
Time: 23.600793600082397
---- Epoch 8 -----
Full acc: 0.9344544787590833
F1: 0.8027323691217632
Time: 23.43246603012085
---- Epoch 9 -----
Full acc: 0.9343029450810508
F1: 0.8024191852405596
Time: 23.39124846458435
---- Epoch 10 -----
Full acc: 0.9342929010620459
F1: 0.8023613208295937
Time: 23.296355485916138
========= layer1 =========
---- Epoch 1 -----
Full acc: 0.9498510865008385
F1: 0.8542732821958573
Time: 25.229449033737183
---- Epoch 2 -----
Full acc: 0.9501724951089995
F1: 0.8557213869642897
Time: 24.18425989151001
---- Epoch 3 -----
Full acc: 0.9502799224427054
F1: 0.8559929719095386
Time: 24.05826425552368
---- Epoch 4 -----
Full acc: 0.9502419298490777
F1: 0.8559215245707174
Time: 24.14576506614685
---- Epoch 5 -----
Full acc: 0.9502580876187814
F1: 0.856035148508008
Time: 23.923476696014404
---- Epoch 6 -----
Full acc: 0.950311364589156
F1: 0.8561131675825054
Time: 23.58046793937683
---- Epoch 7 -----
Full acc: 0.9503781791503634
F1: 0.8562843797797159
Time: 22.859308004379272
---- Epoch 8 -----
Full acc: 0.9502471702068195
F1: 0.8560903400385262
Time: 22.894201040267944
---- Epoch 9 -----
Full acc: 0.9502384362772499
F1: 0.8559290006147032
Time: 22.922732830047607
---- Epoch 10 -----
Full acc: 0.9501218383174959
F1: 0.855625725217952
Time: 22.950223445892334
========= layer2 =========
---- Epoch 1 -----
Full acc: 0.9505978374790386
F1: 0.849559890184367
Time: 24.90524983406067
---- Epoch 2 -----
Full acc: 0.9514044158747904
F1: 0.851445780711957
Time: 23.65263795852661
---- Epoch 3 -----
Full acc: 0.9512620528228061
F1: 0.8512702706069174
Time: 23.9040744304657
---- Epoch 4 -----
Full acc: 0.9515044193683622
F1: 0.8517309089321712
Time: 23.513115882873535
---- Epoch 5 -----
Full acc: 0.9512463317495807
F1: 0.8512792847796689
Time: 22.744633197784424
---- Epoch 6 -----
Full acc: 0.9512065923700391
F1: 0.8512577467218492
Time: 22.77923345565796
---- Epoch 7 -----
Full acc: 0.9512362877305758
F1: 0.8512767752605652
Time: 22.378196001052856
---- Epoch 8 -----
Full acc: 0.9515974357182784
F1: 0.8518883161114961
Time: 22.103545665740967
---- Epoch 9 -----
Full acc: 0.9514000489100056
F1: 0.8516475212737837
Time: 22.265599727630615
---- Epoch 10 -----
Full acc: 0.9514035424818335
F1: 0.8516532873279047
Time: 22.56285786628723
========= x =========
---- Epoch 1 -----
Full acc: 0.8073723099496926
F1: 0.22623695223195806
Time: 25.13240623474121
---- Epoch 2 -----
Full acc: 0.8073723099496926
F1: 0.22623695223195806
Time: 23.07433533668518
---- Epoch 3 -----
Full acc: 0.8073723099496926
F1: 0.22623695223195806
Time: 22.65854001045227
---- Epoch 4 -----
Full acc: 0.8073723099496926
F1: 0.22623695223195806
Time: 22.60927128791809
---- Epoch 5 -----
Full acc: 0.8073723099496926
F1: 0.22623695223195806
Time: 22.70076298713684
---- Epoch 6 -----
Full acc: 0.8073723099496926
F1: 0.22623695223195806
Time: 22.23020577430725
---- Epoch 7 -----
Full acc: 0.8073723099496926
F1: 0.22623695223195806
Time: 22.512155532836914
---- Epoch 8 -----
Full acc: 0.8073723099496926
F1: 0.22623695223195806
Time: 22.07390809059143
---- Epoch 9 -----
Full acc: 0.8073723099496926
F1: 0.22623695223195806
Time: 22.64969253540039
---- Epoch 10 -----
Full acc: 0.8073723099496926
F1: 0.22623695223195806
Time: 22.474948167800903
=============== Seed: 1 ================
========= layer0 =========
---- Epoch 1 -----
Full acc: 0.933433482392398
F1: 0.8000195386928747
Time: 25.699793100357056
---- Epoch 2 -----
Full acc: 0.9342597121296814
F1: 0.8022365624318777
Time: 23.514995098114014
---- Epoch 3 -----
Full acc: 0.9343496716042482
F1: 0.8024607437431419
Time: 23.58177089691162
---- Epoch 4 -----
Full acc: 0.9343605890162102
F1: 0.8025285758127623
Time: 23.359537839889526
---- Epoch 5 -----
Full acc: 0.9343356973169369
F1: 0.8023742804450468
Time: 23.759326696395874
---- Epoch 6 -----
Full acc: 0.9344854842090553
F1: 0.8029012700617958
Time: 23.783097743988037
---- Epoch 7 -----
Full acc: 0.9342627690050307
F1: 0.802382534173859
Time: 23.266226530075073
---- Epoch 8 -----
Full acc: 0.9343570954443824
F1: 0.8024795362801628
Time: 23.487756490707397
---- Epoch 9 -----
Full acc: 0.9343592789267747
F1: 0.8025200236179486
Time: 24.412365674972534
---- Epoch 10 -----
Full acc: 0.9343876641978759
F1: 0.8025516646733607
Time: 23.273295402526855
========= layer1 =========
---- Epoch 1 -----
Full acc: 0.9497497729178311
F1: 0.8540204802207534
Time: 25.514140605926514
---- Epoch 2 -----
Full acc: 0.9502445500279486
F1: 0.8559690304650731
Time: 22.815747261047363
---- Epoch 3 -----
Full acc: 0.9502388729737283
F1: 0.855833282005022
Time: 23.052958965301514
---- Epoch 4 -----
Full acc: 0.9502838527110118
F1: 0.8559570143683018
Time: 22.89835810661316
---- Epoch 5 -----
Full acc: 0.9502096143096702
F1: 0.8558118863139036
Time: 22.8403103351593
---- Epoch 6 -----
Full acc: 0.9502628912800447
F1: 0.8559563284376551
Time: 22.841325759887695
---- Epoch 7 -----
Full acc: 0.950193019843488
F1: 0.8557939949545335
Time: 22.830965280532837
---- Epoch 8 -----
Full acc: 0.9501973868082728
F1: 0.8558913810766449
Time: 23.09522581100464
---- Epoch 9 -----
Full acc: 0.9502746820849637
F1: 0.8560653010223275
Time: 22.99492573738098
---- Epoch 10 -----
Full acc: 0.9502262087758524
F1: 0.855944701638206
Time: 23.95303964614868
========= layer2 =========
---- Epoch 1 -----
Full acc: 0.9497375454164337
F1: 0.8477097133157191
Time: 24.327402114868164
---- Epoch 2 -----
Full acc: 0.9513039756847401
F1: 0.8513256417195354
Time: 23.998525619506836
---- Epoch 3 -----
Full acc: 0.951530621157071
F1: 0.851794479115983
Time: 23.60899043083191
---- Epoch 4 -----
Full acc: 0.9514585662381219
F1: 0.8516786259925582
Time: 23.668214559555054
---- Epoch 5 -----
Full acc: 0.9514694836500839
F1: 0.8517773679806044
Time: 23.75022602081299
---- Epoch 6 -----
Full acc: 0.9513589994410285
F1: 0.8515074084382241
Time: 23.3064284324646
---- Epoch 7 -----
Full acc: 0.9515716706260481
F1: 0.8518752369096683
Time: 22.975824117660522
---- Epoch 8 -----
Full acc: 0.9514376048071548
F1: 0.8517073277492908
Time: 23.285709857940674
---- Epoch 9 -----
Full acc: 0.951432364449413
F1: 0.8516475482962109
Time: 24.09028673171997
---- Epoch 10 -----
Full acc: 0.9513934984628284
F1: 0.8515204197421002
Time: 23.657569408416748
========= x =========
---- Epoch 1 -----
Full acc: 0.8073723099496926
F1: 0.22623695223195806
Time: 24.676297903060913
---- Epoch 2 -----
Full acc: 0.8073723099496926
F1: 0.22623695223195806
Time: 22.80404305458069
---- Epoch 3 -----
Full acc: 0.8073723099496926
F1: 0.22623695223195806
Time: 22.719831943511963
---- Epoch 4 -----
Full acc: 0.8073723099496926
F1: 0.22623695223195806
Time: 22.743906021118164
---- Epoch 5 -----
Full acc: 0.8073723099496926
F1: 0.22623695223195806
Time: 22.76723003387451
---- Epoch 6 -----
Full acc: 0.8073723099496926
F1: 0.22623695223195806
Time: 23.25118923187256
---- Epoch 7 -----
Full acc: 0.8073723099496926
F1: 0.22623695223195806
Time: 22.8321053981781
---- Epoch 8 -----
Full acc: 0.8073723099496926
F1: 0.22623695223195806
Time: 22.44318723678589
---- Epoch 9 -----
Full acc: 0.8073723099496926
F1: 0.22623695223195806
Time: 21.27343773841858
---- Epoch 10 -----
Full acc: 0.8073723099496926
F1: 0.22623695223195806
Time: 21.528362274169922
=============== Seed: 2 ================
========= layer0 =========
---- Epoch 1 -----
Full acc: 0.9335365427613191
F1: 0.8002719121859834
Time: 25.322067737579346
---- Epoch 2 -----
Full acc: 0.9343553486584684
F1: 0.8025415408126755
Time: 23.193241119384766
---- Epoch 3 -----
Full acc: 0.9343518550866405
F1: 0.802532312282516
Time: 23.927361965179443
---- Epoch 4 -----
Full acc: 0.934364082588038
F1: 0.8025943999003481
Time: 23.60253405570984
---- Epoch 5 -----
Full acc: 0.9342282699832308
F1: 0.8020852066651816
Time: 23.525004148483276
---- Epoch 6 -----
Full acc: 0.934374126607043
F1: 0.802721918915811
Time: 23.813856840133667
---- Epoch 7 -----
Full acc: 0.9343505449972052
F1: 0.8024514248781618
Time: 23.776684045791626
---- Epoch 8 -----
Full acc: 0.9342278332867524
F1: 0.8021007037494552
Time: 23.725510120391846
---- Epoch 9 -----
Full acc: 0.9343933412520962
F1: 0.8026764984280396
Time: 23.416967391967773
---- Epoch 10 -----
Full acc: 0.9343632091950811
F1: 0.80250385062569
Time: 23.3927583694458
========= layer1 =========
---- Epoch 1 -----
Full acc: 0.9498759782001118
F1: 0.8545213925285193
Time: 24.559749364852905
---- Epoch 2 -----
Full acc: 0.9502803591391839
F1: 0.8560069993298951
Time: 23.1519775390625
---- Epoch 3 -----
Full acc: 0.9502524105645612
F1: 0.8560908541990152
Time: 23.73018503189087
---- Epoch 4 -----
Full acc: 0.9502528472610396
F1: 0.8559858992553269
Time: 23.446838855743408
---- Epoch 5 -----
Full acc: 0.9502061207378424
F1: 0.855896003221841
Time: 23.720093250274658
---- Epoch 6 -----
Full acc: 0.9501794822526551
F1: 0.855768536890675
Time: 22.743033170700073
---- Epoch 7 -----
Full acc: 0.9501585208216881
F1: 0.8557812036151382
Time: 23.5357186794281
---- Epoch 8 -----
Full acc: 0.9501834125209614
F1: 0.8558715360874725
Time: 23.99012541770935
---- Epoch 9 -----
Full acc: 0.9503166049468977
F1: 0.8561964879208179
Time: 23.495593786239624
---- Epoch 10 -----
Full acc: 0.9502650747624372
F1: 0.8560101396170401
Time: 22.765795707702637
========= layer2 =========
---- Epoch 1 -----
Full acc: 0.9500397393795417
F1: 0.848251317895001
Time: 24.803598880767822
---- Epoch 2 -----
Full acc: 0.9514852047233091
F1: 0.851726070742042
Time: 23.647544622421265
---- Epoch 3 -----
Full acc: 0.951369480156512
F1: 0.8514863961505915
Time: 23.449772119522095
---- Epoch 4 -----
Full acc: 0.9515183936556736
F1: 0.8518774195366001
Time: 23.67987632751465
---- Epoch 5 -----
Full acc: 0.951359436137507
F1: 0.8513731980638907
Time: 23.52354645729065
---- Epoch 6 -----
Full acc: 0.9515690504471772
F1: 0.8518809652271017
Time: 23.806981086730957
---- Epoch 7 -----
Full acc: 0.9514183901621017
F1: 0.8514970582930464
Time: 24.10679030418396
---- Epoch 8 -----
Full acc: 0.9514428451648966
F1: 0.8517002992736398
Time: 23.151244401931763
---- Epoch 9 -----
Full acc: 0.9514790909726104
F1: 0.8517424578458469
Time: 23.787702560424805
---- Epoch 10 -----
Full acc: 0.951381270961431
F1: 0.8515112765303554
Time: 24.496782302856445
========= x =========
---- Epoch 1 -----
Full acc: 0.8073723099496926
F1: 0.22623695223195806
Time: 24.834542274475098
---- Epoch 2 -----
Full acc: 0.8073723099496926
F1: 0.22623695223195806
Time: 23.301178693771362
---- Epoch 3 -----
Full acc: 0.8073723099496926
F1: 0.22623695223195806
Time: 24.172907829284668
---- Epoch 4 -----
Full acc: 0.8073723099496926
F1: 0.22623695223195806
Time: 23.80119800567627
---- Epoch 5 -----
Full acc: 0.8073723099496926
F1: 0.22623695223195806
Time: 23.110661268234253
---- Epoch 6 -----
Full acc: 0.8073723099496926
F1: 0.22623695223195806
Time: 22.643056631088257
---- Epoch 7 -----
Full acc: 0.8073723099496926
F1: 0.22623695223195806
Time: 23.570942163467407
---- Epoch 8 -----
Full acc: 0.8073723099496926
F1: 0.22623695223195806
Time: 23.320576429367065
---- Epoch 9 -----
Full acc: 0.8073723099496926
F1: 0.22623695223195806
Time: 22.999165058135986
---- Epoch 10 -----
Full acc: 0.8073723099496926
F1: 0.22623695223195806
Time: 23.166316032409668
=============== Seed: 3 ================
========= layer0 =========
---- Epoch 1 -----
Full acc: 0.9332133873672442
F1: 0.7992477444582573
Time: 25.69403100013733
---- Epoch 2 -----
Full acc: 0.9343924678591392
F1: 0.8026646624840016
Time: 24.07038450241089
---- Epoch 3 -----
Full acc: 0.9342522882895472
F1: 0.8020503745643035
Time: 24.238811492919922
---- Epoch 4 -----
Full acc: 0.9342273965902739
F1: 0.8020373905462185
Time: 23.767905950546265
---- Epoch 5 -----
Full acc: 0.9343514183901621
F1: 0.8024603752426576
Time: 22.887603044509888
---- Epoch 6 -----
Full acc: 0.9342946478479598
F1: 0.8022313831810297
Time: 23.430402755737305
---- Epoch 7 -----
Full acc: 0.9343837339295696
F1: 0.8026281465137337
Time: 23.676262855529785
---- Epoch 8 -----
Full acc: 0.9343479248183343
F1: 0.8025714915139355
Time: 23.669507265090942
---- Epoch 9 -----
Full acc: 0.9343806770542202
F1: 0.8025794399266747
Time: 23.165499687194824
---- Epoch 10 -----
Full acc: 0.9342867873113471
F1: 0.8022955126040487
Time: 23.618813276290894
========= layer1 =========
---- Epoch 1 -----
Full acc: 0.9498091636389044
F1: 0.8542277150436568
Time: 24.35771083831787
---- Epoch 2 -----
Full acc: 0.9502410564561208
F1: 0.8559924039768925
Time: 22.86512279510498
---- Epoch 3 -----
Full acc: 0.9502790490497485
F1: 0.8560712714261476
Time: 24.04497528076172
---- Epoch 4 -----
Full acc: 0.9501855960033538
F1: 0.8558114258296088
Time: 23.76710295677185
---- Epoch 5 -----
Full acc: 0.9503135480715483
F1: 0.8560680333413833
Time: 23.89707899093628
---- Epoch 6 -----
Full acc: 0.9501755519843488
F1: 0.8557867229234819
Time: 24.511467695236206
---- Epoch 7 -----
Full acc: 0.9503266489659027
F1: 0.8561864563691234
Time: 24.496765851974487
---- Epoch 8 -----
Full acc: 0.9502585243152599
F1: 0.8560624412668029
Time: 23.77820062637329
---- Epoch 9 -----
Full acc: 0.9502336326159866
F1: 0.8559516701600591
Time: 23.803101539611816
---- Epoch 10 -----
Full acc: 0.9503065609278927
F1: 0.8561239214117936
Time: 23.895101308822632
========= layer2 =========
---- Epoch 1 -----
Full acc: 0.9498707378423701
F1: 0.8477641692635354
Time: 24.9598286151886
---- Epoch 2 -----
Full acc: 0.9513865113191727
F1: 0.8513872614150497
Time: 23.588305234909058
---- Epoch 3 -----
Full acc: 0.9513825810508664
F1: 0.8514196867488577
Time: 23.949027061462402
---- Epoch 4 -----
Full acc: 0.9514362947177194
F1: 0.8515506555052739
Time: 23.20660662651062
---- Epoch 5 -----
Full acc: 0.9513437150642817
F1: 0.8514151604358009
Time: 23.569830417633057
---- Epoch 6 -----
Full acc: 0.9512982986305198
F1: 0.8514333376027781
Time: 23.19076108932495
---- Epoch 7 -----
Full acc: 0.9513668599776411
F1: 0.8516200615678395
Time: 23.950533866882324
---- Epoch 8 -----
Full acc: 0.9515022358859698
F1: 0.8517527518544787
Time: 23.706711053848267
---- Epoch 9 -----
Full acc: 0.9512485152319732
F1: 0.851191020061866
Time: 23.151681900024414
---- Epoch 10 -----
Full acc: 0.9514611864169927
F1: 0.8516910037816215
Time: 23.43303346633911
========= x =========
---- Epoch 1 -----
Full acc: 0.8073723099496926
F1: 0.22623695223195806
Time: 25.430959939956665
---- Epoch 2 -----
Full acc: 0.8073723099496926
F1: 0.22623695223195806
Time: 22.91792607307434
---- Epoch 3 -----
Full acc: 0.8073723099496926
F1: 0.22623695223195806
Time: 23.275891065597534
---- Epoch 4 -----
Full acc: 0.8073723099496926
F1: 0.22623695223195806
Time: 23.767553329467773
---- Epoch 5 -----
Full acc: 0.8073723099496926
F1: 0.22623695223195806
Time: 23.50703740119934
---- Epoch 6 -----
Full acc: 0.8073723099496926
F1: 0.22623695223195806
Time: 23.724533081054688
---- Epoch 7 -----
Full acc: 0.8073723099496926
F1: 0.22623695223195806
Time: 23.761298894882202
---- Epoch 8 -----
Full acc: 0.8073723099496926
F1: 0.22623695223195806
Time: 23.74674105644226
---- Epoch 9 -----
Full acc: 0.8073723099496926
F1: 0.22623695223195806
Time: 23.213204860687256
---- Epoch 10 -----
Full acc: 0.8073723099496926
F1: 0.22623695223195806
Time: 23.222474813461304
=============== Seed: 4 ================
========= layer0 =========
---- Epoch 1 -----
Full acc: 0.9334815190050307
F1: 0.8003365076652486
Time: 25.685290098190308
---- Epoch 2 -----
Full acc: 0.934267572666294
F1: 0.8022715239336933
Time: 23.851402044296265
---- Epoch 3 -----
Full acc: 0.9342715029346004
F1: 0.8021963222958852
Time: 23.575186014175415
---- Epoch 4 -----
Full acc: 0.9342623323085523
F1: 0.8022895417803566
Time: 23.842164039611816
---- Epoch 5 -----
Full acc: 0.9342907175796534
F1: 0.802319993626203
Time: 23.726094245910645
---- Epoch 6 -----
Full acc: 0.9343618991056456
F1: 0.8025711106592504
Time: 22.888137340545654
---- Epoch 7 -----
Full acc: 0.9343662660704304
F1: 0.8026710345564588
Time: 24.081692457199097
---- Epoch 8 -----
Full acc: 0.9343728165176076
F1: 0.8025104771145474
Time: 24.53588318824768
---- Epoch 9 -----
Full acc: 0.9343457413359418
F1: 0.8025206730446699
Time: 24.470433950424194
---- Epoch 10 -----
Full acc: 0.9343400642817217
F1: 0.8025078239732746
Time: 24.1264865398407
========= layer1 =========
---- Epoch 1 -----
Full acc: 0.9498021764952488
F1: 0.8543210177000142
Time: 24.921398878097534
---- Epoch 2 -----
Full acc: 0.9502432399385131
F1: 0.8559749046562388
Time: 23.890926122665405
---- Epoch 3 -----
Full acc: 0.950246733510341
F1: 0.8559780052945408
Time: 23.720094442367554
---- Epoch 4 -----
Full acc: 0.950237562884293
F1: 0.8558768102179337
Time: 24.003973722457886
---- Epoch 5 -----
Full acc: 0.9502144179709335
F1: 0.8558865675353893
Time: 23.255276203155518
---- Epoch 6 -----
Full acc: 0.950171185019564
F1: 0.8558259143402779
Time: 23.803094148635864
---- Epoch 7 -----
Full acc: 0.9501934565399665
F1: 0.8558697250690012
Time: 23.089979648590088
---- Epoch 8 -----
Full acc: 0.9502742453884852
F1: 0.8560600983390578
Time: 22.906118869781494
---- Epoch 9 -----
Full acc: 0.9501672547512577
F1: 0.8558338911599848
Time: 23.315115928649902
---- Epoch 10 -----
Full acc: 0.9502545940469536
F1: 0.8560622706512369
Time: 23.399778842926025
========= layer2 =========
---- Epoch 1 -----
Full acc: 0.9500519668809391
F1: 0.8481709171249427
Time: 25.198406219482422
---- Epoch 2 -----
Full acc: 0.9515699238401342
F1: 0.8518816423255988
Time: 23.9453604221344
---- Epoch 3 -----
Full acc: 0.9515323679429849
F1: 0.8517867914215657
Time: 23.924249410629272
---- Epoch 4 -----
Full acc: 0.9512982986305198
F1: 0.8513248989089707
Time: 23.94520378112793
---- Epoch 5 -----
Full acc: 0.9514699203465623
F1: 0.8516007168156904
Time: 23.807073831558228
---- Epoch 6 -----
Full acc: 0.9512371611235327
F1: 0.851220145104066
Time: 23.590293407440186
---- Epoch 7 -----
Full acc: 0.9512524455002794
F1: 0.8513137289587188
Time: 24.446601390838623
---- Epoch 8 -----
Full acc: 0.9512655463946339
F1: 0.8512690449904561
Time: 24.24764895439148
---- Epoch 9 -----
Full acc: 0.9511991685299049
F1: 0.8511855359736501
Time: 23.03514266014099
---- Epoch 10 -----
Full acc: 0.9514633698993852
F1: 0.8516905629847411
Time: 23.296422004699707
========= x =========
---- Epoch 1 -----
Full acc: 0.8073723099496926
F1: 0.22623695223195806
Time: 24.619563102722168
---- Epoch 2 -----
Full acc: 0.8073723099496926
F1: 0.22623695223195806
Time: 24.009461879730225
---- Epoch 3 -----
Full acc: 0.8073723099496926
F1: 0.22623695223195806
Time: 23.797394514083862
---- Epoch 4 -----
Full acc: 0.8073723099496926
F1: 0.22623695223195806
Time: 23.105050325393677
---- Epoch 5 -----
Full acc: 0.8073723099496926
F1: 0.22623695223195806
Time: 22.382368087768555
---- Epoch 6 -----
Full acc: 0.8073723099496926
F1: 0.22623695223195806
Time: 22.757801294326782
---- Epoch 7 -----
Full acc: 0.8073723099496926
F1: 0.22623695223195806
Time: 22.790325164794922
---- Epoch 8 -----
Full acc: 0.8073723099496926
F1: 0.22623695223195806
Time: 23.615737676620483
---- Epoch 9 -----
Full acc: 0.8073723099496926
F1: 0.22623695223195806
Time: 23.271832704544067
---- Epoch 10 -----
Full acc: 0.8073723099496926
F1: 0.22623695223195806
Time: 23.17833709716797
