Loading rhel8/default-amp
  Loading requirement: dot rhel8/slurm singularity/current rhel8/global
    cuda/11.4 libpciaccess/0.16/gcc-9.4.0-6fonbj6
    libiconv/1.16/gcc-9.4.0-ahebbov libxml2/2.9.12/gcc-9.4.0-gnknt5e
    ncurses/6.2/gcc-9.4.0-aiirok7 hwloc/2.5.0/gcc-9.4.0-7sqomga
    libevent/2.1.12/gcc-9.4.0-hgny7cm numactl/2.0.14/gcc-9.4.0-52dwc6n
    cuda/11.4.0/gcc-9.4.0-3hnxhjt gdrcopy/2.2/gcc-9.4.0-e4igtfp
    knem/1.1.4/gcc-9.4.0-bpbxgva libnl/3.3.0/gcc-9.4.0-whwhrwb
    rdma-core/34.0/gcc-9.4.0-5eo5n2u ucx/1.11.1/gcc-9.4.0-lktqyl4
    openmpi/4.1.1/gcc-9.4.0-epagguv
Changed directory to /rds/user/tdb47/hpc-work/planning/thinker_private_planning/probing.

JobID: 58640742
======
Time: Sat Aug 10 10:19:16 BST 2024
Running on master node: gpu-q-29
Current directory: /rds/user/tdb47/hpc-work/planning/thinker_private_planning/probing

Nodes allocated:
================
gpu-q-29

numtasks=1, numnodes=1, mpi_tasks_per_node=1 (OMP_NUM_THREADS=1)

Executing command:
==================
python train_conv_probe.py --feature agent_from --num_epochs 10 --weight_decay 0.001 --kernel 1 --model_name 250m 


test
=================================== FEATURE: agent_from =========================================
=============== Seed: 0 ================
========= layer0 =========
---- Epoch 1 -----
Full acc: 0.9615269872526372
F1: 0.9099206700736482
Time: 28.80659508705139
---- Epoch 2 -----
Full acc: 0.9614578404631356
F1: 0.9097724611860525
Time: 24.327414751052856
---- Epoch 3 -----
Full acc: 0.9615983084694815
F1: 0.9100947994204722
Time: 24.02647614479065
---- Epoch 4 -----
Full acc: 0.9615591687773108
F1: 0.910039986525284
Time: 24.373666763305664
---- Epoch 5 -----
Full acc: 0.9613412911575607
F1: 0.9094631177344086
Time: 24.099773406982422
---- Epoch 6 -----
Full acc: 0.9617183368588048
F1: 0.910579561303797
Time: 24.148847579956055
---- Epoch 7 -----
Full acc: 0.9613913029864455
F1: 0.9094695065430891
Time: 24.35676097869873
---- Epoch 8 -----
Full acc: 0.9615865665618303
F1: 0.9102098322927447
Time: 24.644285917282104
---- Epoch 9 -----
Full acc: 0.9614313124495533
F1: 0.9096909593203528
Time: 24.20792055130005
---- Epoch 10 -----
Full acc: 0.9613873890172284
F1: 0.9094212582761189
Time: 25.10504984855652
========= layer1 =========
---- Epoch 1 -----
Full acc: 0.9632182568398786
F1: 0.9140030503304525
Time: 26.115559577941895
---- Epoch 2 -----
Full acc: 0.9631586775306855
F1: 0.9138084526015166
Time: 24.826440572738647
---- Epoch 3 -----
Full acc: 0.9631421518828801
F1: 0.913709036151325
Time: 24.13412356376648
---- Epoch 4 -----
Full acc: 0.9633643783573158
F1: 0.9143929093322114
Time: 23.064371824264526
---- Epoch 5 -----
Full acc: 0.9632434801970553
F1: 0.9140665668922436
Time: 23.49267554283142
---- Epoch 6 -----
Full acc: 0.9632717477525119
F1: 0.9141294235471752
Time: 24.33150053024292
---- Epoch 7 -----
Full acc: 0.9630864865429041
F1: 0.9136167081718161
Time: 23.503163814544678
---- Epoch 8 -----
Full acc: 0.963303494391717
F1: 0.9143055030852537
Time: 22.67147445678711
---- Epoch 9 -----
Full acc: 0.96329653622422
F1: 0.9142342071353953
Time: 23.330522060394287
---- Epoch 10 -----
Full acc: 0.9633117572156197
F1: 0.9142339532410707
Time: 24.2010018825531
========= layer2 =========
---- Epoch 1 -----
Full acc: 0.9605732834200785
F1: 0.9054139210342914
Time: 25.47122859954834
---- Epoch 2 -----
Full acc: 0.9611503764368616
F1: 0.9069772527295162
Time: 24.188095092773438
---- Epoch 3 -----
Full acc: 0.9611273275070278
F1: 0.9071071075232164
Time: 23.51819896697998
---- Epoch 4 -----
Full acc: 0.9610290433911325
F1: 0.9066759422801346
Time: 24.31744074821472
---- Epoch 5 -----
Full acc: 0.960956852403351
F1: 0.9065347977721098
Time: 23.48439931869507
---- Epoch 6 -----
Full acc: 0.9610129526287957
F1: 0.9066287553312815
Time: 23.096935749053955
---- Epoch 7 -----
Full acc: 0.9610955808678227
F1: 0.9068648630077801
Time: 24.213088035583496
---- Epoch 8 -----
Full acc: 0.960891184697598
F1: 0.906300045324067
Time: 23.984699726104736
---- Epoch 9 -----
Full acc: 0.9610268689637897
F1: 0.9067529870321756
Time: 23.88383436203003
---- Epoch 10 -----
Full acc: 0.9610786203345487
F1: 0.9067700032292676
Time: 23.8897545337677
========= x =========
---- Epoch 1 -----
Full acc: 0.8348061454535334
F1: 0.37121801514283725
Time: 25.694972276687622
---- Epoch 2 -----
Full acc: 0.8348061454535334
F1: 0.37121801514283725
Time: 24.41601824760437
---- Epoch 3 -----
Full acc: 0.8348061454535334
F1: 0.37121801514283725
Time: 23.868637084960938
---- Epoch 4 -----
Full acc: 0.8348061454535334
F1: 0.37121801514283725
Time: 22.605406761169434
---- Epoch 5 -----
Full acc: 0.8348061454535334
F1: 0.37121801514283725
Time: 24.074721574783325
---- Epoch 6 -----
Full acc: 0.8348061454535334
F1: 0.37121801514283725
Time: 24.231011390686035
---- Epoch 7 -----
Full acc: 0.8348061454535334
F1: 0.37121801514283725
Time: 23.61226201057434
---- Epoch 8 -----
Full acc: 0.8348061454535334
F1: 0.37121801514283725
Time: 23.949188947677612
---- Epoch 9 -----
Full acc: 0.8348061454535334
F1: 0.37121801514283725
Time: 24.48731803894043
---- Epoch 10 -----
Full acc: 0.8348061454535334
F1: 0.37121801514283725
Time: 23.846303462982178
=============== Seed: 1 ================
========= layer0 =========
---- Epoch 1 -----
Full acc: 0.961481324278438
F1: 0.9098285386180062
Time: 25.67975354194641
---- Epoch 2 -----
Full acc: 0.9614591451195413
F1: 0.9097096073183479
Time: 23.473164796829224
---- Epoch 3 -----
Full acc: 0.961850542041248
F1: 0.9111223909812373
Time: 23.923991918563843
---- Epoch 4 -----
Full acc: 0.9614808893929695
F1: 0.9099354408356797
Time: 23.902459621429443
---- Epoch 5 -----
Full acc: 0.9616474505274291
F1: 0.9103603475404237
Time: 23.698514938354492
---- Epoch 6 -----
Full acc: 0.9615017638954605
F1: 0.9098884051494667
Time: 23.96326780319214
---- Epoch 7 -----
Full acc: 0.9615543850371566
F1: 0.909995540704813
Time: 23.93187117576599
---- Epoch 8 -----
Full acc: 0.9615643874029336
F1: 0.9101341465026636
Time: 24.744260787963867
---- Epoch 9 -----
Full acc: 0.9618270582259456
F1: 0.9110081725636666
Time: 24.236011028289795
---- Epoch 10 -----
Full acc: 0.961246486125414
F1: 0.9090450712333298
Time: 24.426992416381836
========= layer1 =========
---- Epoch 1 -----
Full acc: 0.9632521779064266
F1: 0.9141040185088051
Time: 26.7114737033844
---- Epoch 2 -----
Full acc: 0.9633304572907679
F1: 0.914463499895514
Time: 24.454511404037476
---- Epoch 3 -----
Full acc: 0.962948192963901
F1: 0.9130763478170378
Time: 24.613007068634033
---- Epoch 4 -----
Full acc: 0.963141282111943
F1: 0.913731944575917
Time: 24.086814880371094
---- Epoch 5 -----
Full acc: 0.9633348061454535
F1: 0.9144041795857369
Time: 24.35629391670227
---- Epoch 6 -----
Full acc: 0.9632730524089176
F1: 0.9141594431524338
Time: 23.771886348724365
---- Epoch 7 -----
Full acc: 0.9632056451612904
F1: 0.9139886933970943
Time: 24.067705392837524
---- Epoch 8 -----
Full acc: 0.9634004738512065
F1: 0.9145185159604237
Time: 24.132412433624268
---- Epoch 9 -----
Full acc: 0.9633608992735673
F1: 0.9144671787468451
Time: 23.44053339958191
---- Epoch 10 -----
Full acc: 0.963189119513485
F1: 0.9139969254497774
Time: 23.35168981552124
========= layer2 =========
---- Epoch 1 -----
Full acc: 0.960403678087339
F1: 0.9051054418720023
Time: 26.023542881011963
---- Epoch 2 -----
Full acc: 0.9611129762865652
F1: 0.9070844966951346
Time: 24.444252490997314
---- Epoch 3 -----
Full acc: 0.9610499178936235
F1: 0.906745936715846
Time: 24.46330237388611
---- Epoch 4 -----
Full acc: 0.9611412438420218
F1: 0.9071351515390867
Time: 24.535788774490356
---- Epoch 5 -----
Full acc: 0.9610360015586296
F1: 0.906778038588956
Time: 24.518277168273926
---- Epoch 6 -----
Full acc: 0.9613386818447494
F1: 0.9076217750751288
Time: 24.4799063205719
---- Epoch 7 -----
Full acc: 0.9613325934481894
F1: 0.9076024266911081
Time: 24.47082829475403
---- Epoch 8 -----
Full acc: 0.9612308302485457
F1: 0.9072515033604528
Time: 24.77941608428955
---- Epoch 9 -----
Full acc: 0.9610886227003257
F1: 0.9068672096593718
Time: 23.416882514953613
---- Epoch 10 -----
Full acc: 0.9611164553703136
F1: 0.9069675248394242
Time: 24.007423162460327
========= x =========
---- Epoch 1 -----
Full acc: 0.8348061454535334
F1: 0.37121801514283725
Time: 25.8277370929718
---- Epoch 2 -----
Full acc: 0.8348061454535334
F1: 0.37121801514283725
Time: 24.293402671813965
---- Epoch 3 -----
Full acc: 0.8348061454535334
F1: 0.37121801514283725
Time: 23.718026638031006
---- Epoch 4 -----
Full acc: 0.8348061454535334
F1: 0.37121801514283725
Time: 23.752394914627075
---- Epoch 5 -----
Full acc: 0.8348061454535334
F1: 0.37121801514283725
Time: 23.912313222885132
---- Epoch 6 -----
Full acc: 0.8348061454535334
F1: 0.37121801514283725
Time: 23.708430528640747
---- Epoch 7 -----
Full acc: 0.8348061454535334
F1: 0.37121801514283725
Time: 23.41838526725769
---- Epoch 8 -----
Full acc: 0.8348061454535334
F1: 0.37121801514283725
Time: 24.473551750183105
---- Epoch 9 -----
Full acc: 0.8348061454535334
F1: 0.37121801514283725
Time: 23.764769792556763
---- Epoch 10 -----
Full acc: 0.8348061454535334
F1: 0.37121801514283725
Time: 23.38420534133911
=============== Seed: 2 ================
========= layer0 =========
---- Epoch 1 -----
Full acc: 0.9614300077931476
F1: 0.9096163919524042
Time: 26.137497901916504
---- Epoch 2 -----
Full acc: 0.9615730851123048
F1: 0.9101078673037853
Time: 24.60359263420105
---- Epoch 3 -----
Full acc: 0.9615661269448078
F1: 0.910101101548108
Time: 23.45475935935974
---- Epoch 4 -----
Full acc: 0.9615622129755907
F1: 0.9101459647724524
Time: 23.86418104171753
---- Epoch 5 -----
Full acc: 0.9617366020484845
F1: 0.9107163695957705
Time: 23.492010593414307
---- Epoch 6 -----
Full acc: 0.9615543850371566
F1: 0.9100354753555168
Time: 23.78271245956421
---- Epoch 7 -----
Full acc: 0.9617409509031701
F1: 0.9106385572151937
Time: 23.143495559692383
---- Epoch 8 -----
Full acc: 0.9615791735088647
F1: 0.9101224756376333
Time: 23.93285346031189
---- Epoch 9 -----
Full acc: 0.9615191593142031
F1: 0.9099853815893478
Time: 24.275542497634888
---- Epoch 10 -----
Full acc: 0.9615309012218543
F1: 0.909872110462652
Time: 23.785295724868774
========= layer1 =========
---- Epoch 1 -----
Full acc: 0.9630851818864984
F1: 0.9136378250129211
Time: 26.51151204109192
---- Epoch 2 -----
Full acc: 0.9633013199643742
F1: 0.9142269939959811
Time: 24.228389501571655
---- Epoch 3 -----
Full acc: 0.9632591360739235
F1: 0.9141038675830656
Time: 23.44242548942566
---- Epoch 4 -----
Full acc: 0.9633478527095104
F1: 0.9143166785614799
Time: 23.689594745635986
---- Epoch 5 -----
Full acc: 0.9633608992735673
F1: 0.9144124375744129
Time: 24.552175760269165
---- Epoch 6 -----
Full acc: 0.9633435038548248
F1: 0.9143886748069708
Time: 24.05210304260254
---- Epoch 7 -----
Full acc: 0.9632256498928442
F1: 0.913993838467774
Time: 23.705987453460693
---- Epoch 8 -----
Full acc: 0.9632495685936152
F1: 0.9140764329914937
Time: 24.194641590118408
---- Epoch 9 -----
Full acc: 0.963355245762476
F1: 0.914428178997771
Time: 23.935516119003296
---- Epoch 10 -----
Full acc: 0.9632804454618832
F1: 0.9143114623832039
Time: 24.57811665534973
========= layer2 =========
---- Epoch 1 -----
Full acc: 0.9610360015586296
F1: 0.9068067401705846
Time: 25.52424144744873
---- Epoch 2 -----
Full acc: 0.9609612012580366
F1: 0.9065901362313894
Time: 24.490580320358276
---- Epoch 3 -----
Full acc: 0.9610677481978346
F1: 0.9067865877974904
Time: 24.514400720596313
---- Epoch 4 -----
Full acc: 0.9612034324640263
F1: 0.9072532142883134
Time: 23.382538318634033
---- Epoch 5 -----
Full acc: 0.9609964269809903
F1: 0.9066321596290563
Time: 23.774506330490112
---- Epoch 6 -----
Full acc: 0.9612373535305742
F1: 0.907365701416437
Time: 23.6551833152771
---- Epoch 7 -----
Full acc: 0.9609607663725681
F1: 0.9065611907673892
Time: 23.97753095626831
---- Epoch 8 -----
Full acc: 0.9611334159035876
F1: 0.9070436012647695
Time: 23.347769498825073
---- Epoch 9 -----
Full acc: 0.96108427384564
F1: 0.9069172589767087
Time: 23.560637712478638
---- Epoch 10 -----
Full acc: 0.9609864246152133
F1: 0.906575439473465
Time: 23.95574140548706
========= x =========
---- Epoch 1 -----
Full acc: 0.8348061454535334
F1: 0.37121801514283725
Time: 25.117405891418457
---- Epoch 2 -----
Full acc: 0.8348061454535334
F1: 0.37121801514283725
Time: 23.89619517326355
---- Epoch 3 -----
Full acc: 0.8348061454535334
F1: 0.37121801514283725
Time: 23.061657667160034
---- Epoch 4 -----
Full acc: 0.8348061454535334
F1: 0.37121801514283725
Time: 23.427494049072266
---- Epoch 5 -----
Full acc: 0.8348061454535334
F1: 0.37121801514283725
Time: 24.054226875305176
---- Epoch 6 -----
Full acc: 0.8348061454535334
F1: 0.37121801514283725
Time: 23.570000171661377
---- Epoch 7 -----
Full acc: 0.8348061454535334
F1: 0.37121801514283725
Time: 23.80568218231201
---- Epoch 8 -----
Full acc: 0.8348061454535334
F1: 0.37121801514283725
Time: 23.652673721313477
---- Epoch 9 -----
Full acc: 0.8348061454535334
F1: 0.37121801514283725
Time: 23.616899490356445
---- Epoch 10 -----
Full acc: 0.8348061454535334
F1: 0.37121801514283725
Time: 23.46151065826416
=============== Seed: 3 ================
========= layer0 =========
---- Epoch 1 -----
Full acc: 0.9614861080185922
F1: 0.9097860090437079
Time: 26.26038694381714
---- Epoch 2 -----
Full acc: 0.9614173961145592
F1: 0.9095683143046152
Time: 24.330782651901245
---- Epoch 3 -----
Full acc: 0.9615739548832419
F1: 0.9101809920253724
Time: 24.56360125541687
---- Epoch 4 -----
Full acc: 0.961325200395224
F1: 0.9092939737727591
Time: 23.588994026184082
---- Epoch 5 -----
Full acc: 0.9614478380973587
F1: 0.9096532950676156
Time: 24.302013635635376
---- Epoch 6 -----
Full acc: 0.9615291616799799
F1: 0.9099601415199964
Time: 24.785070419311523
---- Epoch 7 -----
Full acc: 0.9616431016727435
F1: 0.9103915341335105
Time: 24.30899477005005
---- Epoch 8 -----
Full acc: 0.9615696060285563
F1: 0.9100708186324544
Time: 23.488037824630737
---- Epoch 9 -----
Full acc: 0.9612430070416655
F1: 0.9089227498952489
Time: 23.7485613822937
---- Epoch 10 -----
Full acc: 0.9615374245038827
F1: 0.9100851843831681
Time: 23.677587747573853
========= layer1 =========
---- Epoch 1 -----
Full acc: 0.9632660942414206
F1: 0.9141278180812649
Time: 26.684378147125244
---- Epoch 2 -----
Full acc: 0.963362203929973
F1: 0.9143866973022465
Time: 23.882986068725586
---- Epoch 3 -----
Full acc: 0.9632673988978263
F1: 0.9140691048598034
Time: 23.662391662597656
---- Epoch 4 -----
Full acc: 0.9631369332572574
F1: 0.9137635474094474
Time: 24.549206018447876
---- Epoch 5 -----
Full acc: 0.9632369569150269
F1: 0.9141503848431024
Time: 25.017847061157227
---- Epoch 6 -----
Full acc: 0.9632252150073757
F1: 0.913995708023555
Time: 24.45776867866516
---- Epoch 7 -----
Full acc: 0.9633091479028083
F1: 0.9141104981487269
Time: 24.867384910583496
---- Epoch 8 -----
Full acc: 0.9631769427203651
F1: 0.9137834653807109
Time: 24.428170204162598
---- Epoch 9 -----
Full acc: 0.9632774012636032
F1: 0.9141659432679191
Time: 24.82943344116211
---- Epoch 10 -----
Full acc: 0.9631391076846002
F1: 0.9137655636065447
Time: 24.638890504837036
========= layer2 =========
---- Epoch 1 -----
Full acc: 0.9610864482729828
F1: 0.9069842867062791
Time: 25.853712558746338
---- Epoch 2 -----
Full acc: 0.9611395043001475
F1: 0.9071221138715022
Time: 25.010327339172363
---- Epoch 3 -----
Full acc: 0.9610051246903616
F1: 0.9066070898495477
Time: 24.679933547973633
---- Epoch 4 -----
Full acc: 0.9609868595006819
F1: 0.9065970049487168
Time: 24.467913150787354
---- Epoch 5 -----
Full acc: 0.9610612249158061
F1: 0.9067640768146216
Time: 24.35438871383667
---- Epoch 6 -----
Full acc: 0.9610412201842523
F1: 0.9068318201200171
Time: 24.117512702941895
---- Epoch 7 -----
Full acc: 0.961109062317348
F1: 0.9070219105901532
Time: 24.21419620513916
---- Epoch 8 -----
Full acc: 0.9609033614907178
F1: 0.9063631714513963
Time: 23.94825839996338
---- Epoch 9 -----
Full acc: 0.9612460512399454
F1: 0.9073545205126259
Time: 24.566036224365234
---- Epoch 10 -----
Full acc: 0.9612077813187119
F1: 0.9071367520922625
Time: 24.17082190513611
========= x =========
---- Epoch 1 -----
Full acc: 0.8348061454535334
F1: 0.37121801514283725
Time: 25.057548999786377
---- Epoch 2 -----
Full acc: 0.8348061454535334
F1: 0.37121801514283725
Time: 23.939414501190186
---- Epoch 3 -----
Full acc: 0.8348061454535334
F1: 0.37121801514283725
Time: 23.511024951934814
---- Epoch 4 -----
Full acc: 0.8348061454535334
F1: 0.37121801514283725
Time: 23.638250589370728
---- Epoch 5 -----
Full acc: 0.8348061454535334
F1: 0.37121801514283725
Time: 23.615625858306885
---- Epoch 6 -----
Full acc: 0.8348061454535334
F1: 0.37121801514283725
Time: 24.354304552078247
---- Epoch 7 -----
Full acc: 0.8348061454535334
F1: 0.37121801514283725
Time: 24.785166263580322
---- Epoch 8 -----
Full acc: 0.8348061454535334
F1: 0.37121801514283725
Time: 23.851905584335327
---- Epoch 9 -----
Full acc: 0.8348061454535334
F1: 0.37121801514283725
Time: 23.64921522140503
---- Epoch 10 -----
Full acc: 0.8348061454535334
F1: 0.37121801514283725
Time: 23.30422830581665
=============== Seed: 4 ================
========= layer0 =========
---- Epoch 1 -----
Full acc: 0.9612986723816416
F1: 0.9091195032781193
Time: 25.91244649887085
---- Epoch 2 -----
Full acc: 0.9614613195468842
F1: 0.9097353930398326
Time: 25.27191734313965
---- Epoch 3 -----
Full acc: 0.9614708870271925
F1: 0.9098108997328817
Time: 24.037657737731934
---- Epoch 4 -----
Full acc: 0.9616517993821148
F1: 0.9104567942354403
Time: 22.96923327445984
---- Epoch 5 -----
Full acc: 0.9616809367085084
F1: 0.9105875691423457
Time: 23.130472898483276
---- Epoch 6 -----
Full acc: 0.9617379067048902
F1: 0.9106747265376736
Time: 24.411845207214355
---- Epoch 7 -----
Full acc: 0.9614652335161012
F1: 0.9097806752729468
Time: 24.622097492218018
---- Epoch 8 -----
Full acc: 0.9614434892426731
F1: 0.9097870824959935
Time: 24.396024465560913
---- Epoch 9 -----
Full acc: 0.9618192302875115
F1: 0.9109308660386833
Time: 24.240362882614136
---- Epoch 10 -----
Full acc: 0.9616239667121267
F1: 0.9102682475442843
Time: 23.563661336898804
========= layer1 =========
---- Epoch 1 -----
Full acc: 0.9632991455370313
F1: 0.9141701788358583
Time: 25.41581082344055
---- Epoch 2 -----
Full acc: 0.9631247564641376
F1: 0.9136419327471771
Time: 24.873042345046997
---- Epoch 3 -----
Full acc: 0.9633248037796766
F1: 0.9143123641650859
Time: 24.644830465316772
---- Epoch 4 -----
Full acc: 0.9633961249965209
F1: 0.9146680103125497
Time: 24.572837352752686
---- Epoch 5 -----
Full acc: 0.9633974296529266
F1: 0.9144536236715644
Time: 24.379108428955078
---- Epoch 6 -----
Full acc: 0.963324368894208
F1: 0.9143271039810154
Time: 23.671588897705078
---- Epoch 7 -----
Full acc: 0.9631773776058338
F1: 0.9138633320990116
Time: 23.6114444732666
---- Epoch 8 -----
Full acc: 0.9632852292020373
F1: 0.914209878098846
Time: 23.91915011405945
---- Epoch 9 -----
Full acc: 0.9630099467004369
F1: 0.9133052494676942
Time: 24.053213596343994
---- Epoch 10 -----
Full acc: 0.9634639671296168
F1: 0.9148235752138459
Time: 24.89486265182495
========= layer2 =========
---- Epoch 1 -----
Full acc: 0.960759849286092
F1: 0.9059098943153439
Time: 25.831005334854126
---- Epoch 2 -----
Full acc: 0.9613721680258287
F1: 0.9077431061541641
Time: 23.660215139389038
---- Epoch 3 -----
Full acc: 0.9611821230760667
F1: 0.9072592543336506
Time: 24.22810196876526
---- Epoch 4 -----
Full acc: 0.9612090859751176
F1: 0.9072019941615013
Time: 24.572747945785522
---- Epoch 5 -----
Full acc: 0.961070357510646
F1: 0.9068580067652987
Time: 24.984252452850342
---- Epoch 6 -----
Full acc: 0.9609133638564947
F1: 0.906318922998028
Time: 23.99039936065674
---- Epoch 7 -----
Full acc: 0.9609698989674079
F1: 0.906532751237232
Time: 24.52113628387451
---- Epoch 8 -----
Full acc: 0.9610373062150352
F1: 0.9067298232829295
Time: 24.58128833770752
---- Epoch 9 -----
Full acc: 0.9610729668234573
F1: 0.9069575747496219
Time: 23.917338132858276
---- Epoch 10 -----
Full acc: 0.9611660323137299
F1: 0.9071558908083324
Time: 23.566002130508423
========= x =========
---- Epoch 1 -----
Full acc: 0.8348061454535334
F1: 0.37121801514283725
Time: 25.379133224487305
---- Epoch 2 -----
Full acc: 0.8348061454535334
F1: 0.37121801514283725
Time: 24.21924352645874
---- Epoch 3 -----
Full acc: 0.8348061454535334
F1: 0.37121801514283725
Time: 24.088850736618042
---- Epoch 4 -----
Full acc: 0.8348061454535334
F1: 0.37121801514283725
Time: 23.919764757156372
---- Epoch 5 -----
Full acc: 0.8348061454535334
F1: 0.37121801514283725
Time: 23.66102647781372
---- Epoch 6 -----
Full acc: 0.8348061454535334
F1: 0.37121801514283725
Time: 23.575037717819214
---- Epoch 7 -----
Full acc: 0.8348061454535334
F1: 0.37121801514283725
Time: 23.94071125984192
---- Epoch 8 -----
Full acc: 0.8348061454535334
F1: 0.37121801514283725
Time: 23.87489080429077
---- Epoch 9 -----
Full acc: 0.8348061454535334
F1: 0.37121801514283725
Time: 23.727164030075073
---- Epoch 10 -----
Full acc: 0.8348061454535334
F1: 0.37121801514283725
Time: 23.670737743377686
