Changed directory to /rds/user/tdb47/hpc-work/planning/thinker_private_planning/probing.

JobID: 58451088
======
Time: Thu Aug  8 10:38:37 BST 2024
Running on master node: gpu-q-40
Current directory: /rds/user/tdb47/hpc-work/planning/thinker_private_planning/probing

Nodes allocated:
================
gpu-q-40

numtasks=1, numnodes=1, mpi_tasks_per_node=1 (OMP_NUM_THREADS=1)

Executing command:
==================
python3 train_conv_probe.py --feature tracked_box_next_push_onto --num_epochs 10 --weight_decay 0.001 --kernel 3 --model_name 250m 


test
=================================== FEATURE: tracked_box_next_push_onto =========================================
=============== Seed: 0 ================
========= layer0 =========
---- Epoch 1 -----
Full acc: 0.9871717484483287
F1: 0.9395074134077067
Time: 30.752970457077026
---- Epoch 2 -----
Full acc: 0.9873200443931086
F1: 0.940191628017649
Time: 23.863959550857544
---- Epoch 3 -----
Full acc: 0.9871626158534889
F1: 0.9392421894135397
Time: 23.775946855545044
---- Epoch 4 -----
Full acc: 0.9872026253165966
F1: 0.9395892140459645
Time: 23.242300510406494
---- Epoch 5 -----
Full acc: 0.987156527456929
F1: 0.9394521519672464
Time: 23.6446852684021
---- Epoch 6 -----
Full acc: 0.9873617933980907
F1: 0.9405927842954477
Time: 23.542606115341187
---- Epoch 7 -----
Full acc: 0.9870447618915082
F1: 0.9387825558026082
Time: 23.266040802001953
---- Epoch 8 -----
Full acc: 0.9873413537810682
F1: 0.9402366062079359
Time: 23.452862977981567
---- Epoch 9 -----
Full acc: 0.9873461375212224
F1: 0.9403156825943817
Time: 23.700501918792725
---- Epoch 10 -----
Full acc: 0.9872826442428122
F1: 0.9399015588232272
Time: 23.438910007476807
========= layer1 =========
---- Epoch 1 -----
Full acc: 0.9924351672743467
F1: 0.9645987622286397
Time: 25.161062955856323
---- Epoch 2 -----
Full acc: 0.9922551246903616
F1: 0.9636830438621713
Time: 23.932388305664062
---- Epoch 3 -----
Full acc: 0.99218902209914
F1: 0.9633280588025114
Time: 23.564751148223877
---- Epoch 4 -----
Full acc: 0.9921237892788555
F1: 0.9629720496322965
Time: 24.47945809364319
---- Epoch 5 -----
Full acc: 0.9923325343037658
F1: 0.9640794323120083
Time: 24.554545164108276
---- Epoch 6 -----
Full acc: 0.9922929597261265
F1: 0.9639111646906933
Time: 24.180111169815063
---- Epoch 7 -----
Full acc: 0.9922729549945726
F1: 0.9637461742501531
Time: 24.22493815422058
---- Epoch 8 -----
Full acc: 0.9923977671240503
F1: 0.9644900819647155
Time: 24.03488564491272
---- Epoch 9 -----
Full acc: 0.99218597790086
F1: 0.9633509562039031
Time: 23.912116765975952
---- Epoch 10 -----
Full acc: 0.9924660441426146
F1: 0.9648424974733842
Time: 24.39618945121765
========= layer2 =========
