Loading rhel8/default-amp
  Loading requirement: dot rhel8/slurm singularity/current rhel8/global
    cuda/11.4 libpciaccess/0.16/gcc-9.4.0-6fonbj6
    libiconv/1.16/gcc-9.4.0-ahebbov libxml2/2.9.12/gcc-9.4.0-gnknt5e
    ncurses/6.2/gcc-9.4.0-aiirok7 hwloc/2.5.0/gcc-9.4.0-7sqomga
    libevent/2.1.12/gcc-9.4.0-hgny7cm numactl/2.0.14/gcc-9.4.0-52dwc6n
    cuda/11.4.0/gcc-9.4.0-3hnxhjt gdrcopy/2.2/gcc-9.4.0-e4igtfp
    knem/1.1.4/gcc-9.4.0-bpbxgva libnl/3.3.0/gcc-9.4.0-whwhrwb
    rdma-core/34.0/gcc-9.4.0-5eo5n2u ucx/1.11.1/gcc-9.4.0-lktqyl4
    openmpi/4.1.1/gcc-9.4.0-epagguv
Changed directory to /rds/user/tdb47/hpc-work/planning/thinker_private_planning/probing.

JobID: 58688750
======
Time: Sun Aug 11 11:43:34 BST 2024
Running on master node: gpu-q-22
Current directory: /rds/user/tdb47/hpc-work/planning/thinker_private_planning/probing

Nodes allocated:
================
gpu-q-22

numtasks=1, numnodes=1, mpi_tasks_per_node=1 (OMP_NUM_THREADS=1)

Executing command:
==================
python train_conv_probe.py --feature agent_from --num_epochs 10 --weight_decay 0.001 --kernel 3 --model_name 250m 


test
=================================== FEATURE: agent_from =========================================
!!!!
=============== Seed: 0 ================
========= layer0 =========
---- Epoch 1 -----
Full acc: 0.9704452557294578
F1: 0.9272914401619231
Time: 26.727417469024658
---- Epoch 2 -----
Full acc: 0.9703832448295137
F1: 0.9269458136568888
Time: 23.40382981300354
---- Epoch 3 -----
Full acc: 0.970429971352711
F1: 0.9271335180651583
Time: 23.79895305633545
---- Epoch 4 -----
Full acc: 0.9704775712688652
F1: 0.927346900174529
Time: 23.708295106887817
---- Epoch 5 -----
Full acc: 0.9704801914477361
F1: 0.9274688675580963
Time: 23.908573627471924
---- Epoch 6 -----
Full acc: 0.9705976628004471
F1: 0.9277692013083914
Time: 23.399555444717407
---- Epoch 7 -----
Full acc: 0.9705461326159865
F1: 0.927695822251381
Time: 23.8553466796875
---- Epoch 8 -----
Full acc: 0.9706090169088877
F1: 0.927677609104693
Time: 23.7423415184021
---- Epoch 9 -----
Full acc: 0.9706160040525433
F1: 0.9274972227041111
Time: 22.334505319595337
---- Epoch 10 -----
Full acc: 0.9703775677752935
F1: 0.9269399163125838
Time: 37.365877866744995
========= layer1 =========
---- Epoch 1 -----
Full acc: 0.9704526795695919
F1: 0.9273958946987768
Time: 24.927454233169556
---- Epoch 2 -----
Full acc: 0.9707256148686417
F1: 0.9280768199130948
Time: 24.07582187652588
---- Epoch 3 -----
Full acc: 0.9703116266070431
F1: 0.9269645780782007
Time: 24.209718942642212
---- Epoch 4 -----
Full acc: 0.9706308517328116
F1: 0.9276965303408379
Time: 23.429981470108032
---- Epoch 5 -----
Full acc: 0.9705941692286193
F1: 0.9274098700671494
Time: 23.951886653900146
---- Epoch 6 -----
Full acc: 0.9706129471771939
F1: 0.9277845146751087
Time: 23.596591472625732
---- Epoch 7 -----
Full acc: 0.9703631567915036
F1: 0.92690996267202
Time: 23.257838249206543
---- Epoch 8 -----
Full acc: 0.9702928486584684
F1: 0.927182091335218
Time: 22.917412042617798
---- Epoch 9 -----
Full acc: 0.9705352152040246
F1: 0.9274984204214788
Time: 23.167178630828857
---- Epoch 10 -----
Full acc: 0.9704989693963108
F1: 0.9273157447943957
Time: 23.62375259399414
========= layer2 =========
---- Epoch 1 -----
Full acc: 0.9726051565120178
F1: 0.9323813342646368
Time: 25.211581468582153
---- Epoch 2 -----
Full acc: 0.9725470758803801
F1: 0.9324664749465823
Time: 23.300116777420044
---- Epoch 3 -----
Full acc: 0.9727051600055897
F1: 0.9327912445711373
Time: 23.593247175216675
---- Epoch 4 -----
Full acc: 0.9724186871157071
F1: 0.9320892144223459
Time: 23.119712591171265
---- Epoch 5 -----
Full acc: 0.9718383174958077
F1: 0.9306191217005674
Time: 24.284913778305054
---- Epoch 6 -----
Full acc: 0.972612580352152
F1: 0.9325178591219521
Time: 23.449604272842407
---- Epoch 7 -----
Full acc: 0.9723322212129681
F1: 0.9315878186861777
Time: 23.13794231414795
---- Epoch 8 -----
Full acc: 0.9726702242873113
F1: 0.9327610380819872
Time: 23.253803491592407
---- Epoch 9 -----
Full acc: 0.9723868082727781
F1: 0.9319903199784888
Time: 23.831111192703247
---- Epoch 10 -----
Full acc: 0.972475894354388
F1: 0.9321655200916112
Time: 23.67248034477234
========= x =========
---- Epoch 1 -----
Full acc: 0.9006607217719397
F1: 0.736414230542388
Time: 25.185592651367188
---- Epoch 2 -----
Full acc: 0.9013384747065399
F1: 0.7406426105753281
Time: 22.983052492141724
---- Epoch 3 -----
Full acc: 0.901155498882057
F1: 0.7405354223839296
Time: 22.558308124542236
---- Epoch 4 -----
Full acc: 0.9011214365567356
F1: 0.7415770347510089
Time: 22.389081478118896
---- Epoch 5 -----
Full acc: 0.9009611689491336
F1: 0.7417838344345149
Time: 22.733654737472534
---- Epoch 6 -----
Full acc: 0.9011694731693684
F1: 0.7414316692906548
Time: 22.40808606147766
---- Epoch 7 -----
Full acc: 0.9013952452487423
F1: 0.7396441448557127
Time: 22.287659645080566
---- Epoch 8 -----
Full acc: 0.9015227606204583
F1: 0.7412696209081636
Time: 23.59184193611145
---- Epoch 9 -----
Full acc: 0.9012327941587479
F1: 0.7419125509085079
Time: 23.394803047180176
---- Epoch 10 -----
Full acc: 0.9012118327277809
F1: 0.7399042248015223
Time: 24.062347412109375
=============== Seed: 1 ================
========= layer0 =========
---- Epoch 1 -----
Full acc: 0.9702937220514254
F1: 0.9268989351584689
Time: 24.619236946105957
---- Epoch 2 -----
Full acc: 0.9706684076299609
F1: 0.9280786383908255
Time: 23.067352294921875
---- Epoch 3 -----
Full acc: 0.9704238576020123
F1: 0.9274651741373456
Time: 23.02389693260193
---- Epoch 4 -----
Full acc: 0.9704889253773058
F1: 0.9274501594254243
Time: 22.86644172668457
---- Epoch 5 -----
Full acc: 0.9704234209055338
F1: 0.9271100817708479
Time: 23.101449012756348
---- Epoch 6 -----
Full acc: 0.9705627270821688
F1: 0.9276187715087968
Time: 23.080451488494873
---- Epoch 7 -----
Full acc: 0.9705775747624371
F1: 0.9275019234183582
Time: 23.75507616996765
---- Epoch 8 -----
Full acc: 0.9704373951928452
F1: 0.927141384201769
Time: 23.94713282585144
---- Epoch 9 -----
Full acc: 0.9705203675237563
F1: 0.92738963667928
Time: 24.194971561431885
---- Epoch 10 -----
Full acc: 0.9705426390441587
F1: 0.927570467262023
Time: 23.73979163169861
========= layer1 =========
---- Epoch 1 -----
Full acc: 0.9702435019564002
F1: 0.9267861325585743
Time: 25.764890432357788
---- Epoch 2 -----
Full acc: 0.9703967824203465
F1: 0.9272229325758137
Time: 23.39503264427185
---- Epoch 3 -----
Full acc: 0.9704033328675238
F1: 0.9271762559393462
Time: 23.100009441375732
---- Epoch 4 -----
Full acc: 0.9701456819452208
F1: 0.9268214359114887
Time: 22.815152406692505
---- Epoch 5 -----
Full acc: 0.970399839295696
F1: 0.9272851714616129
Time: 23.383243799209595
---- Epoch 6 -----
Full acc: 0.9706168774455003
F1: 0.9281323599310002
Time: 23.371826648712158
---- Epoch 7 -----
Full acc: 0.9705229877026271
F1: 0.9275079043233212
Time: 23.486687421798706
---- Epoch 8 -----
Full acc: 0.9704238576020123
F1: 0.9274291108627564
Time: 22.93701696395874
---- Epoch 9 -----
Full acc: 0.97044176215763
F1: 0.9269945293894315
Time: 22.99413228034973
---- Epoch 10 -----
Full acc: 0.9707151341531582
F1: 0.9277980671501662
Time: 22.912421941757202
========= layer2 =========
---- Epoch 1 -----
Full acc: 0.9727095269703745
F1: 0.9328782145538479
Time: 25.805974006652832
---- Epoch 2 -----
Full acc: 0.9725291713247625
F1: 0.9321030294918898
Time: 23.863450050354004
---- Epoch 3 -----
Full acc: 0.9715566482671883
F1: 0.9302587044113915
Time: 23.934351682662964
---- Epoch 4 -----
Full acc: 0.9723440120178871
F1: 0.9319019077788603
Time: 23.59973168373108
---- Epoch 5 -----
Full acc: 0.9724182504192286
F1: 0.9321023753418531
Time: 23.036330223083496
---- Epoch 6 -----
Full acc: 0.9723942321129122
F1: 0.9320311937199683
Time: 22.26989769935608
---- Epoch 7 -----
Full acc: 0.9728051634991616
F1: 0.9329381890704992
Time: 23.172385692596436
---- Epoch 8 -----
Full acc: 0.9725108300726663
F1: 0.9321499711129698
Time: 22.238075494766235
---- Epoch 9 -----
Full acc: 0.9726479527669089
F1: 0.9323311682418679
Time: 22.306106328964233
---- Epoch 10 -----
Full acc: 0.9725448923979877
F1: 0.9323024906050458
Time: 22.792577028274536
========= x =========
---- Epoch 1 -----
Full acc: 0.9009742698434879
F1: 0.7393159199833538
Time: 24.938886642456055
---- Epoch 2 -----
Full acc: 0.9009694661822247
F1: 0.7412294715317272
Time: 23.277496576309204
---- Epoch 3 -----
Full acc: 0.9011035320011179
F1: 0.7418175433876265
Time: 23.254681825637817
---- Epoch 4 -----
Full acc: 0.9011161961989939
F1: 0.7416700702080229
Time: 22.962398052215576
---- Epoch 5 -----
Full acc: 0.9013083426495249
F1: 0.7411111340220358
Time: 23.54743719100952
---- Epoch 6 -----
Full acc: 0.9012581225544998
F1: 0.7404546242399686
Time: 23.918692588806152
---- Epoch 7 -----
Full acc: 0.9012022254052543
F1: 0.7419263213729617
Time: 22.352166652679443
---- Epoch 8 -----
Full acc: 0.9011939281721633
F1: 0.7413189124917111
Time: 22.73593759536743
---- Epoch 9 -----
Full acc: 0.9015358615148128
F1: 0.7414618484947513
Time: 22.72820472717285
---- Epoch 10 -----
Full acc: 0.9012633629122415
F1: 0.7417082970150669
Time: 22.316141366958618
=============== Seed: 2 ================
========= layer0 =========
---- Epoch 1 -----
Full acc: 0.9702146799888206
F1: 0.9264314405657161
Time: 24.744691371917725
---- Epoch 2 -----
Full acc: 0.9704797547512577
F1: 0.9274064942080049
Time: 22.656789302825928
---- Epoch 3 -----
Full acc: 0.9703474357182784
F1: 0.9268278489960947
Time: 22.532907724380493
---- Epoch 4 -----
Full acc: 0.9705020262716602
F1: 0.9274215904329046
Time: 23.63245153427124
---- Epoch 5 -----
Full acc: 0.9706260480715484
F1: 0.9279532484447567
Time: 24.37660574913025
---- Epoch 6 -----
Full acc: 0.970633908608161
F1: 0.9275837709077281
Time: 23.805822134017944
---- Epoch 7 -----
Full acc: 0.970505519843488
F1: 0.9275904583221657
Time: 23.82039999961853
---- Epoch 8 -----
Full acc: 0.9704068264393516
F1: 0.9270878612467991
Time: 23.64751696586609
---- Epoch 9 -----
Full acc: 0.9706705911123533
F1: 0.9279770253981735
Time: 22.99529504776001
---- Epoch 10 -----
Full acc: 0.9703924154555618
F1: 0.9270514918620327
Time: 23.257148027420044
========= layer1 =========
---- Epoch 1 -----
Full acc: 0.9704050796534377
F1: 0.9269973134321927
Time: 25.811490058898926
---- Epoch 2 -----
Full acc: 0.9706417691447736
F1: 0.9277278366297358
Time: 23.573750257492065
---- Epoch 3 -----
Full acc: 0.9702255974007825
F1: 0.9266017812102024
Time: 23.279728174209595
---- Epoch 4 -----
Full acc: 0.9705125069871436
F1: 0.9270955022576166
Time: 22.923885345458984
---- Epoch 5 -----
Full acc: 0.9705487527948574
F1: 0.9276344520998466
Time: 23.524381399154663
---- Epoch 6 -----
Full acc: 0.9704758244829513
F1: 0.9273919169702385
Time: 23.092050790786743
---- Epoch 7 -----
Full acc: 0.970549189491336
F1: 0.9272769621956664
Time: 23.61730647087097
---- Epoch 8 -----
Full acc: 0.9704662171604248
F1: 0.9272883265671231
Time: 23.091052293777466
---- Epoch 9 -----
Full acc: 0.9706225544997206
F1: 0.9274944008415443
Time: 24.008803129196167
---- Epoch 10 -----
Full acc: 0.9703889218837339
F1: 0.9271975116573955
Time: 23.212159633636475
========= layer2 =========
---- Epoch 1 -----
Full acc: 0.9723719605925097
F1: 0.9319156721156227
Time: 26.151937246322632
---- Epoch 2 -----
Full acc: 0.9725248043599777
F1: 0.9322649199981913
Time: 23.833336353302002
---- Epoch 3 -----
Full acc: 0.9724693439072107
F1: 0.9320567273464048
Time: 23.8462131023407
---- Epoch 4 -----
Full acc: 0.9725204373951929
F1: 0.932216206666997
Time: 23.41616153717041
---- Epoch 5 -----
Full acc: 0.9726051565120178
F1: 0.9323820631166855
Time: 23.00737762451172
---- Epoch 6 -----
Full acc: 0.9721680233370598
F1: 0.9312459613083904
Time: 23.483537912368774
---- Epoch 7 -----
Full acc: 0.9726200041922862
F1: 0.9324318207780395
Time: 22.68347477912903
---- Epoch 8 -----
Full acc: 0.9723025258524315
F1: 0.9317375838817825
Time: 23.521819829940796
---- Epoch 9 -----
Full acc: 0.9726082133873672
F1: 0.9326343848705796
Time: 24.21514630317688
---- Epoch 10 -----
Full acc: 0.9725138869480157
F1: 0.9322390993778455
Time: 24.338873147964478
========= x =========
---- Epoch 1 -----
Full acc: 0.9006816832029066
F1: 0.7365266339435799
Time: 25.03382444381714
---- Epoch 2 -----
Full acc: 0.9011751502235886
F1: 0.7415176944805191
Time: 23.548121452331543
---- Epoch 3 -----
Full acc: 0.9011729667411962
F1: 0.7411711153250544
Time: 23.64543843269348
---- Epoch 4 -----
Full acc: 0.9012004786193404
F1: 0.7414658227240575
Time: 22.895487785339355
---- Epoch 5 -----
Full acc: 0.9011358475405254
F1: 0.7409948071055362
Time: 22.59769630432129
---- Epoch 6 -----
Full acc: 0.9010266734209056
F1: 0.7415007807180325
Time: 31.728893518447876
---- Epoch 7 -----
Full acc: 0.9011760236165456
F1: 0.741321426979277
Time: 23.225074291229248
---- Epoch 8 -----
Full acc: 0.901285634432644
F1: 0.7408942522833144
Time: 23.04785943031311
---- Epoch 9 -----
Full acc: 0.9009528717160424
F1: 0.7417654358939326
Time: 22.852210998535156
---- Epoch 10 -----
Full acc: 0.9011830107602012
F1: 0.7416663146610528
Time: 23.116844177246094
=============== Seed: 3 ================
========= layer0 =========
---- Epoch 1 -----
Full acc: 0.9702854248183342
F1: 0.9267499741637673
Time: 25.677399396896362
---- Epoch 2 -----
Full acc: 0.970440888764673
F1: 0.9272064026705038
Time: 23.444212913513184
---- Epoch 3 -----
Full acc: 0.9705028996646171
F1: 0.9272575719067291
Time: 23.775407552719116
---- Epoch 4 -----
Full acc: 0.9704378318893236
F1: 0.9270563388628784
Time: 23.802882432937622
---- Epoch 5 -----
Full acc: 0.9704221108160984
F1: 0.9271835735963989
Time: 24.03942322731018
---- Epoch 6 -----
Full acc: 0.970739589155953
F1: 0.9280367227087508
Time: 23.988566398620605
---- Epoch 7 -----
Full acc: 0.9705387087758525
F1: 0.9274820812032144
Time: 23.866870164871216
---- Epoch 8 -----
Full acc: 0.9706714645053103
F1: 0.9279692829104014
Time: 23.183603763580322
---- Epoch 9 -----
Full acc: 0.9703605366126328
F1: 0.9273490184324892
Time: 23.492183446884155
---- Epoch 10 -----
Full acc: 0.9704430722470654
F1: 0.9269835105264009
Time: 24.212698936462402
========= layer1 =========
---- Epoch 1 -----
Full acc: 0.9702474322247066
F1: 0.9268029596396176
Time: 24.750473976135254
---- Epoch 2 -----
Full acc: 0.9705028996646171
F1: 0.9272985981952194
Time: 23.28032398223877
---- Epoch 3 -----
Full acc: 0.9702998358021241
F1: 0.9266749108112217
Time: 24.22729182243347
---- Epoch 4 -----
Full acc: 0.9705116335941867
F1: 0.9274859000957891
Time: 24.231863498687744
---- Epoch 5 -----
Full acc: 0.9707526900503074
F1: 0.9281667692743314
Time: 24.608743906021118
---- Epoch 6 -----
Full acc: 0.9705701509223029
F1: 0.9275420284619453
Time: 24.062774181365967
---- Epoch 7 -----
Full acc: 0.9704229842090554
F1: 0.9275420306290018
Time: 23.1881320476532
---- Epoch 8 -----
Full acc: 0.9707483230855226
F1: 0.9279988133089976
Time: 23.01766800880432
---- Epoch 9 -----
Full acc: 0.9705487527948574
F1: 0.9277566214081037
Time: 23.092817068099976
---- Epoch 10 -----
Full acc: 0.970622991196199
F1: 0.9278102038604387
Time: 23.169872283935547
========= layer2 =========
---- Epoch 1 -----
Full acc: 0.9724706539966461
F1: 0.9322058687521105
Time: 25.34706473350525
---- Epoch 2 -----
Full acc: 0.9724772044438234
F1: 0.9319463085798941
Time: 24.333062648773193
---- Epoch 3 -----
Full acc: 0.9726405289267748
F1: 0.9326078982497695
Time: 24.100847482681274
---- Epoch 4 -----
Full acc: 0.972677211430967
F1: 0.9327198216672563
Time: 23.745710134506226
---- Epoch 5 -----
Full acc: 0.9722872414756848
F1: 0.9317898447912636
Time: 23.542797327041626
---- Epoch 6 -----
Full acc: 0.9723907385410844
F1: 0.9320373529579333
Time: 24.215667247772217
---- Epoch 7 -----
Full acc: 0.9723632266629402
F1: 0.9317366457912211
Time: 23.929447889328003
---- Epoch 8 -----
Full acc: 0.972632668390162
F1: 0.9323899930846169
Time: 23.823406457901
---- Epoch 9 -----
Full acc: 0.9723418285354947
F1: 0.9318310732341035
Time: 23.947571754455566
---- Epoch 10 -----
Full acc: 0.9724492558692007
F1: 0.9324528184719684
Time: 23.78608775138855
========= x =========
---- Epoch 1 -----
Full acc: 0.9009240497484629
F1: 0.7392493632827943
Time: 24.994869470596313
---- Epoch 2 -----
Full acc: 0.9011410878982672
F1: 0.7414232861706879
Time: 22.808093786239624
---- Epoch 3 -----
Full acc: 0.901317513275573
F1: 0.7416569396222058
Time: 22.922987699508667
---- Epoch 4 -----
Full acc: 0.9011659795975405
F1: 0.7413048944974053
Time: 23.756235599517822
---- Epoch 5 -----
Full acc: 0.901038027529346
F1: 0.7421005013116041
Time: 22.575827836990356
---- Epoch 6 -----
Full acc: 0.9011367209334824
F1: 0.7414112731430451
Time: 22.818243741989136
---- Epoch 7 -----
Full acc: 0.9012332308552263
F1: 0.7415571385801686
Time: 22.84975504875183
---- Epoch 8 -----
Full acc: 0.9011279870039128
F1: 0.7394953728899561
Time: 23.628918886184692
---- Epoch 9 -----
Full acc: 0.901402232392398
F1: 0.7409404721063036
Time: 22.670382022857666
---- Epoch 10 -----
Full acc: 0.901207465762996
F1: 0.7415892307428709
Time: 22.88916015625
=============== Seed: 4 ================
========= layer0 =========
---- Epoch 1 -----
Full acc: 0.970364466880939
F1: 0.926892013741884
Time: 25.294575929641724
---- Epoch 2 -----
Full acc: 0.9705077033258804
F1: 0.9275679409174906
Time: 23.94790005683899
---- Epoch 3 -----
Full acc: 0.9705518096702068
F1: 0.9274199277148374
Time: 23.97345805168152
---- Epoch 4 -----
Full acc: 0.9704404520681945
F1: 0.9273121863687664
Time: 24.102452754974365
---- Epoch 5 -----
Full acc: 0.970525607881498
F1: 0.9275897805614383
Time: 24.115289211273193
---- Epoch 6 -----
Full acc: 0.9704771345723868
F1: 0.927341686988353
Time: 23.271835565567017
---- Epoch 7 -----
Full acc: 0.9702317111514813
F1: 0.9268276450603535
Time: 23.976290225982666
---- Epoch 8 -----
Full acc: 0.9705443858300726
F1: 0.9275568715772606
Time: 23.585290908813477
---- Epoch 9 -----
Full acc: 0.9701434984628284
F1: 0.9261060210909492
Time: 23.433229684829712
---- Epoch 10 -----
Full acc: 0.9704212374231415
F1: 0.9270287595007622
Time: 23.59906768798828
========= layer1 =========
