Loading rhel8/default-amp
  Loading requirement: dot rhel8/slurm singularity/current rhel8/global
    cuda/11.4 libpciaccess/0.16/gcc-9.4.0-6fonbj6
    libiconv/1.16/gcc-9.4.0-ahebbov libxml2/2.9.12/gcc-9.4.0-gnknt5e
    ncurses/6.2/gcc-9.4.0-aiirok7 hwloc/2.5.0/gcc-9.4.0-7sqomga
    libevent/2.1.12/gcc-9.4.0-hgny7cm numactl/2.0.14/gcc-9.4.0-52dwc6n
    cuda/11.4.0/gcc-9.4.0-3hnxhjt gdrcopy/2.2/gcc-9.4.0-e4igtfp
    knem/1.1.4/gcc-9.4.0-bpbxgva libnl/3.3.0/gcc-9.4.0-whwhrwb
    rdma-core/34.0/gcc-9.4.0-5eo5n2u ucx/1.11.1/gcc-9.4.0-lktqyl4
    openmpi/4.1.1/gcc-9.4.0-epagguv
Changed directory to /rds/user/tdb47/hpc-work/planning/thinker_private_planning/probing.

JobID: 58705858
======
Time: Sun Aug 11 20:30:14 BST 2024
Running on master node: gpu-q-4
Current directory: /rds/user/tdb47/hpc-work/planning/thinker_private_planning/probing

Nodes allocated:
================
gpu-q-4

numtasks=1, numnodes=1, mpi_tasks_per_node=1 (OMP_NUM_THREADS=1)

Executing command:
==================
python train_conv_probe.py --feature tracked_box_next_push_onto_with --num_epochs 10 --weight_decay 0.001 --kernel 1 --model_name 30m 


test
=================================== FEATURE: tracked_box_next_push_onto_with =========================================
!!!!
=============== Seed: 0 ================
========= layer0 =========
---- Epoch 1 -----
Full acc: 0.9516644335739755
F1: 0.7094946999309893
Time: 32.417367696762085
---- Epoch 2 -----
Full acc: 0.9516998558348373
F1: 0.7101150876491575
Time: 29.244789123535156
---- Epoch 3 -----
Full acc: 0.951773107694678
F1: 0.7105375318950861
Time: 29.211866855621338
---- Epoch 4 -----
Full acc: 0.9517593514768675
F1: 0.7115175703577301
Time: 29.191859483718872
---- Epoch 5 -----
Full acc: 0.9515609180349518
F1: 0.7092998354938977
Time: 29.85981059074402
---- Epoch 6 -----
Full acc: 0.9514831954043228
F1: 0.7092706590920087
Time: 29.118898391723633
---- Epoch 7 -----
Full acc: 0.9517373415283709
F1: 0.7110786619785106
Time: 35.98165011405945
---- Epoch 8 -----
Full acc: 0.9517314951358014
F1: 0.7123199795004348
Time: 30.228699922561646
---- Epoch 9 -----
Full acc: 0.9518181593080072
F1: 0.7112620466711339
Time: 30.482633113861084
---- Epoch 10 -----
Full acc: 0.9515358129374477
F1: 0.7087652710218799
Time: 29.914419174194336
========= layer1 =========
---- Epoch 1 -----
Full acc: 0.9655179766254347
F1: 0.8036767339784747
Time: 31.139776945114136
---- Epoch 2 -----
Full acc: 0.9652916868424528
F1: 0.80142472855107
Time: 29.273257970809937
---- Epoch 3 -----
Full acc: 0.9653621874587314
F1: 0.8032942684193143
Time: 29.52719020843506
---- Epoch 4 -----
Full acc: 0.965297189329577
F1: 0.8025389131140687
Time: 30.028858423233032
---- Epoch 5 -----
Full acc: 0.9653522142008187
F1: 0.8024289128647754
Time: 29.63680863380432
---- Epoch 6 -----
Full acc: 0.9654478199146014
F1: 0.8039008203132919
Time: 29.181884765625
---- Epoch 7 -----
Full acc: 0.9653463678082493
F1: 0.8030982584147
Time: 29.500298023223877
---- Epoch 8 -----
Full acc: 0.9654584809834045
F1: 0.8036377118934214
Time: 29.743715524673462
---- Epoch 9 -----
Full acc: 0.9654357832240172
F1: 0.8037926239496898
Time: 29.728387594223022
---- Epoch 10 -----
Full acc: 0.9653859169344544
F1: 0.8026766037874925
Time: 29.632789611816406
========= layer2 =========
---- Epoch 1 -----
Full acc: 0.9576483883215213
F1: 0.7469889815000844
Time: 30.973533153533936
---- Epoch 2 -----
Full acc: 0.9581542732315006
F1: 0.7500619908690626
Time: 29.053398370742798
---- Epoch 3 -----
Full acc: 0.9580418161509002
F1: 0.7494688011770178
Time: 29.601911306381226
---- Epoch 4 -----
Full acc: 0.9581594318131795
F1: 0.750495224331103
Time: 29.653443336486816
---- Epoch 5 -----
Full acc: 0.9581370779592375
F1: 0.750152475156057
Time: 30.18794298171997
---- Epoch 6 -----
Full acc: 0.9581463634062596
F1: 0.7504394834886825
Time: 30.234487771987915
---- Epoch 7 -----
Full acc: 0.9580308111766519
F1: 0.7493210909055767
Time: 29.63414239883423
---- Epoch 8 -----
Full acc: 0.957959966654928
F1: 0.7488438020456407
Time: 30.43889594078064
---- Epoch 9 -----
Full acc: 0.9580882433860105
F1: 0.7498811091915419
Time: 31.07564401626587
---- Epoch 10 -----
Full acc: 0.9581195387815292
F1: 0.7502780401329384
Time: 30.424751043319702
========= x =========
---- Epoch 1 -----
Full acc: 0.9191251320596909
F1: 0.24886379237714523
Time: 30.927332401275635
---- Epoch 2 -----
Full acc: 0.9191251320596909
F1: 0.24886379237714523
Time: 28.950257539749146
---- Epoch 3 -----
Full acc: 0.9191251320596909
F1: 0.24886379237714523
Time: 28.66714310646057
---- Epoch 4 -----
Full acc: 0.9191251320596909
F1: 0.24886379237714523
Time: 28.511926651000977
---- Epoch 5 -----
Full acc: 0.9191251320596909
F1: 0.24886379237714523
Time: 28.181323289871216
---- Epoch 6 -----
Full acc: 0.9191251320596909
F1: 0.24886379237714523
Time: 29.103910446166992
---- Epoch 7 -----
Full acc: 0.9191251320596909
F1: 0.24886379237714523
Time: 28.452687978744507
---- Epoch 8 -----
Full acc: 0.9191251320596909
F1: 0.24886379237714523
Time: 29.588425159454346
---- Epoch 9 -----
Full acc: 0.9191251320596909
F1: 0.24886379237714523
Time: 30.31948733329773
---- Epoch 10 -----
Full acc: 0.9191251320596909
F1: 0.24886379237714523
Time: 30.403793811798096
=============== Seed: 1 ================
========= layer0 =========
---- Epoch 1 -----
Full acc: 0.9516950411586037
F1: 0.7090521236980358
Time: 31.667733430862427
---- Epoch 2 -----
Full acc: 0.9517397488664876
F1: 0.7104210226664308
Time: 29.394675970077515
---- Epoch 3 -----
Full acc: 0.9516922899150416
F1: 0.7107296386051695
Time: 30.34234094619751
---- Epoch 4 -----
Full acc: 0.9514739099573007
F1: 0.7086222514972574
Time: 30.294607400894165
---- Epoch 5 -----
Full acc: 0.9516180063388652
F1: 0.7104804266911916
Time: 29.601335525512695
---- Epoch 6 -----
Full acc: 0.9514632488884976
F1: 0.7091314666930878
Time: 29.154808044433594
---- Epoch 7 -----
Full acc: 0.9517500660298455
F1: 0.7106415418848531
Time: 29.5749614238739
---- Epoch 8 -----
Full acc: 0.9518236617951314
F1: 0.711832098691248
Time: 29.659692764282227
---- Epoch 9 -----
Full acc: 0.9512751326099397
F1: 0.7057142593467695
Time: 29.483115196228027
---- Epoch 10 -----
Full acc: 0.9517758589382401
F1: 0.7115111040861493
Time: 29.964526414871216
========= layer1 =========
---- Epoch 1 -----
Full acc: 0.965443349143813
F1: 0.8029568319213698
Time: 31.28451132774353
---- Epoch 2 -----
Full acc: 0.9652366619712109
F1: 0.8019959933371774
Time: 29.39399266242981
---- Epoch 3 -----
Full acc: 0.9652744915701897
F1: 0.8018598150798144
Time: 29.207433938980103
---- Epoch 4 -----
Full acc: 0.9653518702953735
F1: 0.8034714012476762
Time: 29.247602462768555
---- Epoch 5 -----
Full acc: 0.965343272659242
F1: 0.8031940941270623
Time: 29.319294214248657
---- Epoch 6 -----
Full acc: 0.9653614996478408
F1: 0.8020139642512671
Time: 29.508188009262085
---- Epoch 7 -----
Full acc: 0.9652713964211824
F1: 0.8022722998768126
Time: 29.316260814666748
---- Epoch 8 -----
Full acc: 0.9653298603468767
F1: 0.8020065555371307
Time: 29.225029945373535
---- Epoch 9 -----
Full acc: 0.9653680338513008
F1: 0.8029238492944122
Time: 28.435054779052734
---- Epoch 10 -----
Full acc: 0.965335362834001
F1: 0.8024860143521394
Time: 29.203661918640137
========= layer2 =========
---- Epoch 1 -----
Full acc: 0.9565368859224369
F1: 0.7412762215864118
Time: 32.24437212944031
---- Epoch 2 -----
Full acc: 0.9580700163974116
F1: 0.7498075501786838
Time: 29.554075002670288
---- Epoch 3 -----
Full acc: 0.9580211818241845
F1: 0.7494754822939066
Time: 30.37911605834961
---- Epoch 4 -----
Full acc: 0.9581580561913985
F1: 0.7500868746949984
Time: 29.520984172821045
---- Epoch 5 -----
Full acc: 0.9581013117929305
F1: 0.7501627864120921
Time: 30.422528743743896
---- Epoch 6 -----
Full acc: 0.9579971084430162
F1: 0.7489255740765092
Time: 30.09857749938965
---- Epoch 7 -----
Full acc: 0.9581535854206101
F1: 0.7509577470863246
Time: 30.273935317993164
---- Epoch 8 -----
Full acc: 0.9581700928819826
F1: 0.7502672248401849
Time: 29.328223943710327
---- Epoch 9 -----
Full acc: 0.9580906507241274
F1: 0.7498820728715474
Time: 29.546104431152344
---- Epoch 10 -----
Full acc: 0.957998140159352
F1: 0.7489694908946135
Time: 29.377798557281494
========= x =========
---- Epoch 1 -----
Full acc: 0.9191251320596909
F1: 0.24886379237714523
Time: 31.25139093399048
---- Epoch 2 -----
Full acc: 0.9191251320596909
F1: 0.24886379237714523
Time: 29.068835020065308
---- Epoch 3 -----
Full acc: 0.9191251320596909
F1: 0.24886379237714523
Time: 29.346620798110962
---- Epoch 4 -----
Full acc: 0.9191251320596909
F1: 0.24886379237714523
Time: 28.513120651245117
---- Epoch 5 -----
Full acc: 0.9191251320596909
F1: 0.24886379237714523
Time: 28.811981916427612
---- Epoch 6 -----
Full acc: 0.9191251320596909
F1: 0.24886379237714523
Time: 29.292359590530396
---- Epoch 7 -----
Full acc: 0.9191251320596909
F1: 0.24886379237714523
Time: 29.56038999557495
---- Epoch 8 -----
Full acc: 0.9191251320596909
F1: 0.24886379237714523
Time: 29.22141718864441
---- Epoch 9 -----
Full acc: 0.9191251320596909
F1: 0.24886379237714523
Time: 28.71965265274048
---- Epoch 10 -----
Full acc: 0.9191251320596909
F1: 0.24886379237714523
Time: 28.44119644165039
=============== Seed: 2 ================
========= layer0 =========
---- Epoch 1 -----
Full acc: 0.9518326033367082
F1: 0.7104652349844083
Time: 32.264530420303345
---- Epoch 2 -----
Full acc: 0.9518714646520228
F1: 0.7106087405553756
Time: 29.83860754966736
---- Epoch 3 -----
Full acc: 0.9518136885372188
F1: 0.7116333226282192
Time: 29.42698335647583
---- Epoch 4 -----
Full acc: 0.951749378218955
F1: 0.7110227742348542
Time: 29.2291362285614
---- Epoch 5 -----
Full acc: 0.9516860996170269
F1: 0.7105327516557601
Time: 29.0864520072937
---- Epoch 6 -----
Full acc: 0.9515660766166307
F1: 0.7094269418192589
Time: 29.159260988235474
---- Epoch 7 -----
Full acc: 0.9514838832152133
F1: 0.708438565953724
Time: 29.613261938095093
---- Epoch 8 -----
Full acc: 0.9515561033587181
F1: 0.7090319238846698
Time: 29.884769916534424
---- Epoch 9 -----
Full acc: 0.9519701655148127
F1: 0.7116780279588689
Time: 29.35998821258545
---- Epoch 10 -----
Full acc: 0.951546817911696
F1: 0.7089694529820875
Time: 29.381312608718872
========= layer1 =========
---- Epoch 1 -----
Full acc: 0.9654890885680327
F1: 0.8041502066045112
Time: 31.576175451278687
---- Epoch 2 -----
Full acc: 0.9653277969142052
F1: 0.8021479210179077
Time: 29.539679050445557
---- Epoch 3 -----
Full acc: 0.9654237465334331
F1: 0.8023291193904086
Time: 29.73897361755371
---- Epoch 4 -----
Full acc: 0.965292030747898
F1: 0.8016363413263956
Time: 29.163464069366455
---- Epoch 5 -----
Full acc: 0.9653298603468767
F1: 0.8024706293229344
Time: 29.476693630218506
---- Epoch 6 -----
Full acc: 0.9653164480345116
F1: 0.8029974418582719
Time: 29.37008261680603
---- Epoch 7 -----
Full acc: 0.9653374262666725
F1: 0.8028849296289688
Time: 29.352166652679443
---- Epoch 8 -----
Full acc: 0.9653656265131839
F1: 0.8027196090691693
Time: 29.803395748138428
---- Epoch 9 -----
Full acc: 0.9653532459171545
F1: 0.8033296083627072
Time: 30.112183809280396
---- Epoch 10 -----
Full acc: 0.965384197407228
F1: 0.8028264914417711
Time: 29.78050994873047
========= layer2 =========
---- Epoch 1 -----
Full acc: 0.957263558128274
F1: 0.7453243706964756
Time: 31.11289119720459
---- Epoch 2 -----
Full acc: 0.9581917589250342
F1: 0.7504734266691029
Time: 30.710789918899536
---- Epoch 3 -----
Full acc: 0.9581821295725668
F1: 0.7508092609510437
Time: 29.876447439193726
---- Epoch 4 -----
Full acc: 0.9581085338072809
F1: 0.7497634587235493
Time: 29.222135305404663
---- Epoch 5 -----
Full acc: 0.9580517894088127
F1: 0.7498940019618988
Time: 29.47395610809326
---- Epoch 6 -----
Full acc: 0.9580892751023462
F1: 0.7493548481430574
Time: 29.09931755065918
---- Epoch 7 -----
Full acc: 0.9579867912796584
F1: 0.7489154774767451
Time: 29.20349955558777
---- Epoch 8 -----
Full acc: 0.9581174753488577
F1: 0.7505062606852674
Time: 29.087578535079956
---- Epoch 9 -----
Full acc: 0.958040096623674
F1: 0.7494458353349471
Time: 29.14009737968445
---- Epoch 10 -----
Full acc: 0.9581477390280406
F1: 0.7502309424674429
Time: 29.514158964157104
========= x =========
---- Epoch 1 -----
Full acc: 0.9191251320596909
F1: 0.24886379237714523
Time: 31.18735647201538
---- Epoch 2 -----
Full acc: 0.9191251320596909
F1: 0.24886379237714523
Time: 27.981065034866333
---- Epoch 3 -----
Full acc: 0.9191251320596909
F1: 0.24886379237714523
Time: 26.636801958084106
---- Epoch 4 -----
Full acc: 0.9191251320596909
F1: 0.24886379237714523
Time: 28.79713463783264
---- Epoch 5 -----
Full acc: 0.9191251320596909
F1: 0.24886379237714523
Time: 28.405327558517456
---- Epoch 6 -----
Full acc: 0.9191251320596909
F1: 0.24886379237714523
Time: 27.7633113861084
---- Epoch 7 -----
Full acc: 0.9191251320596909
F1: 0.24886379237714523
Time: 28.810247898101807
---- Epoch 8 -----
Full acc: 0.9191251320596909
F1: 0.24886379237714523
Time: 27.838374853134155
---- Epoch 9 -----
Full acc: 0.9191251320596909
F1: 0.24886379237714523
Time: 29.080639123916626
---- Epoch 10 -----
Full acc: 0.9191251320596909
F1: 0.24886379237714523
Time: 29.43775486946106
=============== Seed: 3 ================
========= layer0 =========
---- Epoch 1 -----
Full acc: 0.9516905703878152
F1: 0.709126847127524
Time: 32.04764175415039
---- Epoch 2 -----
Full acc: 0.951491449135009
F1: 0.7082624856348089
Time: 29.08647632598877
---- Epoch 3 -----
Full acc: 0.9516279795967777
F1: 0.7090367747063281
Time: 29.635032653808594
---- Epoch 4 -----
Full acc: 0.9516702799665449
F1: 0.7091767063803198
Time: 29.411362171173096
---- Epoch 5 -----
Full acc: 0.9517459391645023
F1: 0.711333074480163
Time: 29.81656002998352
---- Epoch 6 -----
Full acc: 0.9516713116828807
F1: 0.7106463501204564
Time: 28.82519841194153
---- Epoch 7 -----
Full acc: 0.9518006201302989
F1: 0.71015286640901
Time: 29.659284114837646
---- Epoch 8 -----
Full acc: 0.9516977924021658
F1: 0.7114591385400206
Time: 29.317887783050537
---- Epoch 9 -----
Full acc: 0.9517930542105032
F1: 0.7115271999466402
Time: 28.392895460128784
---- Epoch 10 -----
Full acc: 0.9515825840780032
F1: 0.7096155192429532
Time: 29.586233139038086
========= layer1 =========
---- Epoch 1 -----
Full acc: 0.9653735363384249
F1: 0.8032953966583876
Time: 31.810295820236206
---- Epoch 2 -----
Full acc: 0.965282745300876
F1: 0.8018324175087438
Time: 29.70454740524292
---- Epoch 3 -----
Full acc: 0.9653780071092134
F1: 0.8021500254363714
Time: 30.29648733139038
---- Epoch 4 -----
Full acc: 0.9652425083637804
F1: 0.8022130835240965
Time: 30.377028703689575
---- Epoch 5 -----
Full acc: 0.9653033796275917
F1: 0.801670641084878
Time: 29.662513494491577
---- Epoch 6 -----
Full acc: 0.9653401775102346
F1: 0.8029971778956027
Time: 29.95554804801941
---- Epoch 7 -----
Full acc: 0.9653415531320156
F1: 0.8028856344585364
Time: 30.000537395477295
---- Epoch 8 -----
Full acc: 0.9654581370779592
F1: 0.803278904786028
Time: 30.41167950630188
---- Epoch 9 -----
Full acc: 0.9651881713034292
F1: 0.8011008238122705
Time: 30.122358083724976
---- Epoch 10 -----
Full acc: 0.9652768989083066
F1: 0.8024318597780974
Time: 29.544984817504883
========= layer2 =========
---- Epoch 1 -----
Full acc: 0.9565537372892547
F1: 0.7413971518870444
Time: 31.2703115940094
---- Epoch 2 -----
Full acc: 0.9580700163974116
F1: 0.7502964217116659
Time: 29.4399516582489
---- Epoch 3 -----
Full acc: 0.9579671886692785
F1: 0.7484932288316923
Time: 29.194450616836548
---- Epoch 4 -----
Full acc: 0.958112660672624
F1: 0.7502589784283137
Time: 29.160964727401733
---- Epoch 5 -----
Full acc: 0.958128480323106
F1: 0.7508139550032246
Time: 29.090133666992188
---- Epoch 6 -----
Full acc: 0.9580170549588414
F1: 0.7491447563663487
Time: 28.37952494621277
---- Epoch 7 -----
Full acc: 0.9580466308271338
F1: 0.7499046506701939
Time: 29.513839960098267
---- Epoch 8 -----
Full acc: 0.9580387210018928
F1: 0.7492250809046658
Time: 30.507649183273315
---- Epoch 9 -----
Full acc: 0.9580796457498789
F1: 0.7496446022782297
Time: 30.018582344055176
---- Epoch 10 -----
Full acc: 0.9580390649073381
F1: 0.7494105501719378
Time: 29.69601821899414
========= x =========
---- Epoch 1 -----
Full acc: 0.9191251320596909
F1: 0.24886379237714523
Time: 31.464609146118164
---- Epoch 2 -----
Full acc: 0.9191251320596909
F1: 0.24886379237714523
Time: 29.355154514312744
---- Epoch 3 -----
Full acc: 0.9191251320596909
F1: 0.24886379237714523
Time: 29.681880950927734
---- Epoch 4 -----
Full acc: 0.9191251320596909
F1: 0.24886379237714523
Time: 28.221182107925415
---- Epoch 5 -----
Full acc: 0.9191251320596909
F1: 0.24886379237714523
Time: 28.3732852935791
---- Epoch 6 -----
Full acc: 0.9191251320596909
F1: 0.24886379237714523
Time: 28.129379749298096
---- Epoch 7 -----
Full acc: 0.9191251320596909
F1: 0.24886379237714523
Time: 28.560675144195557
---- Epoch 8 -----
Full acc: 0.9191251320596909
F1: 0.24886379237714523
Time: 27.69049096107483
---- Epoch 9 -----
Full acc: 0.9191251320596909
F1: 0.24886379237714523
Time: 28.838216304779053
---- Epoch 10 -----
Full acc: 0.9191251320596909
F1: 0.24886379237714523
Time: 29.075757265090942
=============== Seed: 4 ================
========= layer0 =========
---- Epoch 1 -----
Full acc: 0.9516781897917859
F1: 0.7104251790913713
Time: 31.148062229156494
---- Epoch 2 -----
Full acc: 0.951757288044196
F1: 0.7119381081955976
Time: 29.69083261489868
---- Epoch 3 -----
Full acc: 0.951544066668134
F1: 0.7099215990264707
Time: 28.592315912246704
---- Epoch 4 -----
Full acc: 0.9515120834617247
F1: 0.7100707235054445
Time: 28.8907253742218
---- Epoch 5 -----
Full acc: 0.9517081095655237
F1: 0.7097293679197685
Time: 28.616730213165283
---- Epoch 6 -----
Full acc: 0.9515650449002949
F1: 0.7100756535536167
Time: 28.92605233192444
---- Epoch 7 -----
Full acc: 0.9518920989787384
F1: 0.7109434361689585
Time: 29.574111700057983
---- Epoch 8 -----
Full acc: 0.9516953850640489
F1: 0.7103291396389408
Time: 28.843750715255737
---- Epoch 9 -----
Full acc: 0.9517084534709689
F1: 0.7101238243361091
Time: 29.11728811264038
---- Epoch 10 -----
Full acc: 0.9517545368006339
F1: 0.709386878972359
Time: 28.834258794784546
========= layer1 =========
---- Epoch 1 -----
Full acc: 0.9654031122067175
F1: 0.8031721227027235
Time: 31.247165203094482
---- Epoch 2 -----
Full acc: 0.9654110220319585
F1: 0.8032619279741839
Time: 30.01882243156433
---- Epoch 3 -----
Full acc: 0.965489432473478
F1: 0.803770343170083
Time: 29.206227779388428
---- Epoch 4 -----
Full acc: 0.9654409418056962
F1: 0.8034049710277816
Time: 28.68632745742798
---- Epoch 5 -----
Full acc: 0.965319543183519
F1: 0.8028718539215582
Time: 29.101834774017334
---- Epoch 6 -----
Full acc: 0.96532745300876
F1: 0.802192103648921
Time: 28.669475555419922
---- Epoch 7 -----
Full acc: 0.9654106781265132
F1: 0.8024593481746253
Time: 28.561909437179565
---- Epoch 8 -----
Full acc: 0.9653422409429062
F1: 0.8024232781831031
Time: 28.37405824661255
---- Epoch 9 -----
Full acc: 0.9653305481577673
F1: 0.8029890521290796
Time: 28.660840272903442
---- Epoch 10 -----
Full acc: 0.9654137732755206
F1: 0.8028044611457457
Time: 28.826829195022583
========= layer2 =========
---- Epoch 1 -----
Full acc: 0.9572590873574855
F1: 0.7453318142705587
Time: 31.82402539253235
---- Epoch 2 -----
Full acc: 0.9580170549588414
F1: 0.7496344725260412
Time: 30.107783317565918
---- Epoch 3 -----
Full acc: 0.9581167875379671
F1: 0.7502888498125203
Time: 30.51022720336914
---- Epoch 4 -----
Full acc: 0.957961342276709
F1: 0.7491800194197091
Time: 29.251127004623413
---- Epoch 5 -----
Full acc: 0.9579775058326363
F1: 0.7489467253508687
Time: 29.285680532455444
---- Epoch 6 -----
Full acc: 0.9579922937667826
F1: 0.749020578517859
Time: 28.33704924583435
---- Epoch 7 -----
Full acc: 0.9579162906633798
F1: 0.7480456031599848
Time: 28.056073427200317
---- Epoch 8 -----
Full acc: 0.9580603870449443
F1: 0.7500327553725754
Time: 28.114524126052856
---- Epoch 9 -----
Full acc: 0.958090306818682
F1: 0.7502623795563764
Time: 29.15521740913391
---- Epoch 10 -----
Full acc: 0.9581773148963332
F1: 0.7506668909121436
Time: 28.814814805984497
========= x =========
---- Epoch 1 -----
Full acc: 0.9191251320596909
F1: 0.24886379237714523
Time: 31.138545274734497
---- Epoch 2 -----
Full acc: 0.9191251320596909
F1: 0.24886379237714523
Time: 29.214247226715088
---- Epoch 3 -----
Full acc: 0.9191251320596909
F1: 0.24886379237714523
Time: 28.810452461242676
---- Epoch 4 -----
Full acc: 0.9191251320596909
F1: 0.24886379237714523
Time: 28.850613355636597
---- Epoch 5 -----
Full acc: 0.9191251320596909
F1: 0.24886379237714523
Time: 28.54624342918396
---- Epoch 6 -----
Full acc: 0.9191251320596909
F1: 0.24886379237714523
Time: 28.99077582359314
---- Epoch 7 -----
Full acc: 0.9191251320596909
F1: 0.24886379237714523
Time: 28.715092182159424
---- Epoch 8 -----
Full acc: 0.9191251320596909
F1: 0.24886379237714523
Time: 28.695162057876587
---- Epoch 9 -----
Full acc: 0.9191251320596909
F1: 0.24886379237714523
Time: 28.295079231262207
---- Epoch 10 -----
Full acc: 0.9191251320596909
F1: 0.24886379237714523
Time: 27.898892164230347
