Loading rhel8/default-amp
  Loading requirement: dot rhel8/slurm singularity/current rhel8/global
    cuda/11.4 libpciaccess/0.16/gcc-9.4.0-6fonbj6
    libiconv/1.16/gcc-9.4.0-ahebbov libxml2/2.9.12/gcc-9.4.0-gnknt5e
    ncurses/6.2/gcc-9.4.0-aiirok7 hwloc/2.5.0/gcc-9.4.0-7sqomga
    libevent/2.1.12/gcc-9.4.0-hgny7cm numactl/2.0.14/gcc-9.4.0-52dwc6n
    cuda/11.4.0/gcc-9.4.0-3hnxhjt gdrcopy/2.2/gcc-9.4.0-e4igtfp
    knem/1.1.4/gcc-9.4.0-bpbxgva libnl/3.3.0/gcc-9.4.0-whwhrwb
    rdma-core/34.0/gcc-9.4.0-5eo5n2u ucx/1.11.1/gcc-9.4.0-lktqyl4
    openmpi/4.1.1/gcc-9.4.0-epagguv
Changed directory to /rds/user/tdb47/hpc-work/planning/thinker_private_planning/probing.

JobID: 58650541
======
Time: Sat Aug 10 14:43:14 BST 2024
Running on master node: gpu-q-52
Current directory: /rds/user/tdb47/hpc-work/planning/thinker_private_planning/probing

Nodes allocated:
================
gpu-q-52

numtasks=1, numnodes=1, mpi_tasks_per_node=1 (OMP_NUM_THREADS=1)

Executing command:
==================
python train_conv_probe.py --feature agent_onto_with --num_epochs 10 --weight_decay 0.001 --kernel 1 --model_name 250m 


test
=================================== FEATURE: agent_onto_with =========================================
=============== Seed: 0 ================
========= layer0 =========
---- Epoch 1 -----
Full acc: 0.8856407776447994
F1: 0.6388351595170914
Time: 29.54734992980957
---- Epoch 2 -----
Full acc: 0.8863479014166828
F1: 0.6412989029588578
Time: 23.703097105026245
---- Epoch 3 -----
Full acc: 0.8865275091151994
F1: 0.6421995906606789
Time: 24.191834926605225
---- Epoch 4 -----
Full acc: 0.8861243702858416
F1: 0.6407336420510614
Time: 23.784998416900635
---- Epoch 5 -----
Full acc: 0.8863305059979404
F1: 0.6415378210270577
Time: 23.133525848388672
---- Epoch 6 -----
Full acc: 0.8862326567675137
F1: 0.6410637975433013
Time: 23.043434619903564
---- Epoch 7 -----
Full acc: 0.8863639921790197
F1: 0.6413026388012176
Time: 23.72027897834778
---- Epoch 8 -----
Full acc: 0.8862526614990676
F1: 0.6410601962145533
Time: 23.86543107032776
---- Epoch 9 -----
Full acc: 0.8862239590581424
F1: 0.6410982750565877
Time: 23.540343046188354
---- Epoch 10 -----
Full acc: 0.8861613355506693
F1: 0.6409828270535696
Time: 23.152369499206543
========= layer1 =========
---- Epoch 1 -----
Full acc: 0.8786186819839127
F1: 0.6062350430384814
Time: 26.082879781723022
---- Epoch 2 -----
Full acc: 0.878434290545242
F1: 0.6057732261997462
Time: 24.296549558639526
---- Epoch 3 -----
Full acc: 0.8785556235909711
F1: 0.6062335124416094
Time: 24.602594137191772
---- Epoch 4 -----
Full acc: 0.8783673181830833
F1: 0.6054022240751683
Time: 23.891014099121094
---- Epoch 5 -----
Full acc: 0.878385583372763
F1: 0.60556776418877
Time: 23.864714860916138
---- Epoch 6 -----
Full acc: 0.8787082683904367
F1: 0.6069159147376398
Time: 23.825978994369507
---- Epoch 7 -----
Full acc: 0.8783542716190265
F1: 0.6055657751475835
Time: 23.61893630027771
---- Epoch 8 -----
Full acc: 0.8778754627181385
F1: 0.6031299223054407
Time: 23.51863718032837
---- Epoch 9 -----
Full acc: 0.8786399913718723
F1: 0.6064655430389478
Time: 23.799470901489258
---- Epoch 10 -----
Full acc: 0.8784564697041387
F1: 0.605922118040656
Time: 24.049683094024658
========= layer2 =========
---- Epoch 1 -----
Full acc: 0.9152521291992541
F1: 0.7383187625998678
Time: 26.006033182144165
---- Epoch 2 -----
Full acc: 0.9155152349077347
F1: 0.7393559681295455
Time: 25.0663104057312
---- Epoch 3 -----
Full acc: 0.9153530226279607
F1: 0.7387339354251299
Time: 23.928853034973145
---- Epoch 4 -----
Full acc: 0.9155034930000835
F1: 0.7393618984460726
Time: 24.21798610687256
---- Epoch 5 -----
Full acc: 0.9153665040774861
F1: 0.738899626711746
Time: 24.186780214309692
---- Epoch 6 -----
Full acc: 0.9155704653622422
F1: 0.7399540926947383
Time: 24.844254732131958
---- Epoch 7 -----
Full acc: 0.9154895766650895
F1: 0.7392379780045288
Time: 24.227461338043213
---- Epoch 8 -----
Full acc: 0.9156996263464054
F1: 0.73990312672254
Time: 24.805710554122925
---- Epoch 9 -----
Full acc: 0.9155204535333574
F1: 0.7394409872736964
Time: 25.220354557037354
---- Epoch 10 -----
Full acc: 0.915303010799076
F1: 0.7385485677411141
Time: 24.148324251174927
========= x =========
---- Epoch 1 -----
Full acc: 0.7986936910295305
F1: 0.23092917325928478
Time: 25.78976321220398
---- Epoch 2 -----
Full acc: 0.7986806444654736
F1: 0.23083390293596323
Time: 24.078689098358154
---- Epoch 3 -----
Full acc: 0.7986858630910963
F1: 0.23087815535512765
Time: 23.435815811157227
---- Epoch 4 -----
Full acc: 0.7986936910295305
F1: 0.23092917325928478
Time: 24.204150676727295
---- Epoch 5 -----
Full acc: 0.7986806444654736
F1: 0.23083390293596323
Time: 23.450421810150146
---- Epoch 6 -----
Full acc: 0.7984031875365304
F1: 0.24253081280518604
Time: 23.968298196792603
---- Epoch 7 -----
Full acc: 0.7984084061621531
F1: 0.24257506522435043
Time: 23.929925203323364
---- Epoch 8 -----
Full acc: 0.7986858630910963
F1: 0.23087815535512765
Time: 23.83818507194519
---- Epoch 9 -----
Full acc: 0.7985684440145843
F1: 0.24329835180048048
Time: 23.565359592437744
---- Epoch 10 -----
Full acc: 0.7984084061621531
F1: 0.24257506522435043
Time: 23.488223552703857
=============== Seed: 1 ================
========= layer0 =========
---- Epoch 1 -----
Full acc: 0.8857216663419522
F1: 0.6389241727065492
Time: 26.438674688339233
---- Epoch 2 -----
Full acc: 0.8863357246235631
F1: 0.6414171195654275
Time: 24.483147144317627
---- Epoch 3 -----
Full acc: 0.886459232096635
F1: 0.6417563654409868
Time: 24.12138032913208
---- Epoch 4 -----
Full acc: 0.8863748643157338
F1: 0.6412295179821557
Time: 24.59041714668274
---- Epoch 5 -----
Full acc: 0.8864231366027443
F1: 0.6413695471907984
Time: 24.17118239402771
---- Epoch 6 -----
Full acc: 0.8861034957833505
F1: 0.6406795263245346
Time: 24.54224944114685
---- Epoch 7 -----
Full acc: 0.8861648146344179
F1: 0.6404966712810207
Time: 24.16626477241516
---- Epoch 8 -----
Full acc: 0.8864435762197668
F1: 0.6414856944650114
Time: 23.946221828460693
---- Epoch 9 -----
Full acc: 0.8862248288290796
F1: 0.6411930197855205
Time: 24.151723861694336
---- Epoch 10 -----
Full acc: 0.886379648055888
F1: 0.6412806110800304
Time: 23.65781879425049
========= layer1 =========
---- Epoch 1 -----
Full acc: 0.8786939171699741
F1: 0.6067113066366121
Time: 25.510950803756714
---- Epoch 2 -----
Full acc: 0.878706963734031
F1: 0.6065175084533181
Time: 24.50372886657715
---- Epoch 3 -----
Full acc: 0.8784221137521222
F1: 0.605828108221081
Time: 24.494990587234497
---- Epoch 4 -----
Full acc: 0.8782872992568677
F1: 0.6053872408439914
Time: 24.451241731643677
---- Epoch 5 -----
Full acc: 0.8784408138272705
F1: 0.6057737888923584
Time: 24.197874069213867
---- Epoch 6 -----
Full acc: 0.8784199393247795
F1: 0.60546275784253
Time: 24.392751693725586
---- Epoch 7 -----
Full acc: 0.8782920829970219
F1: 0.6052880008574246
Time: 23.101292848587036
---- Epoch 8 -----
Full acc: 0.8785021326783379
F1: 0.6058765920885284
Time: 23.711415767669678
---- Epoch 9 -----
Full acc: 0.8787534964791672
F1: 0.6072268328195263
Time: 24.09147596359253
---- Epoch 10 -----
Full acc: 0.8784282021486821
F1: 0.605777754688717
Time: 23.80095887184143
========= layer2 =========
---- Epoch 1 -----
Full acc: 0.9149507535695399
F1: 0.7370084815730602
Time: 25.473690509796143
---- Epoch 2 -----
Full acc: 0.9153486737732751
F1: 0.7386151370908266
Time: 24.125670433044434
---- Epoch 3 -----
Full acc: 0.9155926445211389
F1: 0.7393777458323354
Time: 23.9153835773468
---- Epoch 4 -----
Full acc: 0.9154256485012108
F1: 0.7392038033944572
Time: 23.438645839691162
---- Epoch 5 -----
Full acc: 0.9153195364468814
F1: 0.7390457219049604
Time: 23.995821952819824
---- Epoch 6 -----
Full acc: 0.9156139539090985
F1: 0.7396752224728692
Time: 23.93066120147705
---- Epoch 7 -----
Full acc: 0.9156235213894068
F1: 0.7394273975266821
Time: 24.508768320083618
---- Epoch 8 -----
Full acc: 0.915486097581341
F1: 0.7392222598023241
Time: 24.390336513519287
---- Epoch 9 -----
Full acc: 0.9153038805700131
F1: 0.7387886452153563
Time: 24.43911385536194
---- Epoch 10 -----
Full acc: 0.915293008433299
F1: 0.7387894158181508
Time: 24.733696937561035
========= x =========
---- Epoch 1 -----
Full acc: 0.7984162341005873
F1: 0.24135987787640167
Time: 25.128457069396973
---- Epoch 2 -----
Full acc: 0.7986858630910963
F1: 0.23087815535512765
Time: 24.298369646072388
---- Epoch 3 -----
Full acc: 0.7986806444654736
F1: 0.23083390293596323
Time: 24.07854413986206
---- Epoch 4 -----
Full acc: 0.7986301977511203
F1: 0.2428711232342578
Time: 23.88636541366577
---- Epoch 5 -----
Full acc: 0.7984162341005873
F1: 0.24135987787640167
Time: 23.37777614593506
---- Epoch 6 -----
Full acc: 0.7986806444654736
F1: 0.23083390293596323
Time: 23.36802864074707
---- Epoch 7 -----
Full acc: 0.7983579594477999
F1: 0.24186624573637644
Time: 23.958709955215454
---- Epoch 8 -----
Full acc: 0.7986806444654736
F1: 0.23083390293596323
Time: 23.423192024230957
---- Epoch 9 -----
Full acc: 0.7986858630910963
F1: 0.23087815535512765
Time: 24.174959897994995
---- Epoch 10 -----
Full acc: 0.7986806444654736
F1: 0.23083390293596323
Time: 23.440000534057617
=============== Seed: 2 ================
========= layer0 =========
---- Epoch 1 -----
Full acc: 0.8853137437724401
F1: 0.637519894160876
Time: 25.65629291534424
---- Epoch 2 -----
Full acc: 0.8863370292799688
F1: 0.6413654777189992
Time: 24.312763452529907
---- Epoch 3 -----
Full acc: 0.8865566464415932
F1: 0.6420131618392814
Time: 24.542391300201416
---- Epoch 4 -----
Full acc: 0.8862004752428401
F1: 0.6409577608850994
Time: 23.57737421989441
---- Epoch 5 -----
Full acc: 0.8865066346127084
F1: 0.6420267406666931
Time: 24.500584602355957
---- Epoch 6 -----
Full acc: 0.8862670127195302
F1: 0.6408758191451464
Time: 23.872060537338257
---- Epoch 7 -----
Full acc: 0.8861878635642517
F1: 0.6408284126233557
Time: 25.03040337562561
---- Epoch 8 -----
Full acc: 0.8863383339363745
F1: 0.6411202147513733
Time: 23.671886444091797
---- Epoch 9 -----
Full acc: 0.8864861949956859
F1: 0.6421103689472336
Time: 23.881879568099976
---- Epoch 10 -----
Full acc: 0.8860913189902307
F1: 0.6403189292012679
Time: 24.64378571510315
========= layer1 =========
---- Epoch 1 -----
Full acc: 0.8787426243424532
F1: 0.6072360467290087
Time: 24.792718648910522
---- Epoch 2 -----
Full acc: 0.8786208564112555
F1: 0.6064838314927911
Time: 24.422043323516846
---- Epoch 3 -----
Full acc: 0.8783773205488603
F1: 0.6056682309756956
Time: 24.681016445159912
---- Epoch 4 -----
Full acc: 0.8784934349689666
F1: 0.6057318213560358
Time: 24.097501754760742
---- Epoch 5 -----
Full acc: 0.8779237350051491
F1: 0.6034754769234548
Time: 24.365439653396606
---- Epoch 6 -----
Full acc: 0.8783277436054441
F1: 0.6048915018294345
Time: 23.428048849105835
---- Epoch 7 -----
Full acc: 0.8784921303125609
F1: 0.6057116494332423
Time: 23.46936559677124
---- Epoch 8 -----
Full acc: 0.8789104901333185
F1: 0.6078941625186033
Time: 24.322356939315796
---- Epoch 9 -----
Full acc: 0.8785273560355145
F1: 0.6061236447156905
Time: 23.78944969177246
---- Epoch 10 -----
Full acc: 0.878603460992513
F1: 0.6062258141366388
Time: 24.11349129676819
========= layer2 =========
---- Epoch 1 -----
Full acc: 0.9155356745247571
F1: 0.7390103227000823
Time: 26.47825002670288
---- Epoch 2 -----
Full acc: 0.9156596168832977
F1: 0.7398320264906918
Time: 24.253638982772827
---- Epoch 3 -----
Full acc: 0.9152751781290879
F1: 0.7385323875050246
Time: 24.857051372528076
---- Epoch 4 -----
Full acc: 0.9154965348325865
F1: 0.7397342854508108
Time: 24.828978061676025
---- Epoch 5 -----
Full acc: 0.9153043154554816
F1: 0.7384635251819579
Time: 23.996838331222534
---- Epoch 6 -----
Full acc: 0.9151403636338334
F1: 0.7379923577704347
Time: 24.158315420150757
---- Epoch 7 -----
Full acc: 0.9153525877424922
F1: 0.7388265813789621
Time: 24.578569173812866
---- Epoch 8 -----
Full acc: 0.915438260179799
F1: 0.7391390991414276
Time: 24.114457845687866
---- Epoch 9 -----
Full acc: 0.9153508482006179
F1: 0.7389813214616825
Time: 24.699753046035767
---- Epoch 10 -----
Full acc: 0.9153004014862646
F1: 0.7387614334393005
Time: 24.461491107940674
========= x =========
---- Epoch 1 -----
Full acc: 0.7986806444654736
F1: 0.23083390293596323
Time: 24.891619205474854
---- Epoch 2 -----
Full acc: 0.7986858630910963
F1: 0.23087815535512765
Time: 23.46515130996704
---- Epoch 3 -----
Full acc: 0.7986806444654736
F1: 0.23083390293596323
Time: 24.007802486419678
---- Epoch 4 -----
Full acc: 0.7984031875365304
F1: 0.24253081280518604
Time: 24.2735435962677
---- Epoch 5 -----
Full acc: 0.7986806444654736
F1: 0.23083390293596323
Time: 24.239378213882446
---- Epoch 6 -----
Full acc: 0.7984031875365304
F1: 0.24253081280518604
Time: 23.21740698814392
---- Epoch 7 -----
Full acc: 0.7984162341005873
F1: 0.24135987787640167
Time: 23.57318353652954
---- Epoch 8 -----
Full acc: 0.7986858630910963
F1: 0.23087815535512765
Time: 23.178294897079468
---- Epoch 9 -----
Full acc: 0.7986806444654736
F1: 0.23083390293596323
Time: 23.59796380996704
---- Epoch 10 -----
Full acc: 0.7986936910295305
F1: 0.23092917325928478
Time: 23.865620613098145
=============== Seed: 3 ================
========= layer0 =========
---- Epoch 1 -----
Full acc: 0.8856868755044671
F1: 0.6389099302044052
Time: 25.98013734817505
---- Epoch 2 -----
Full acc: 0.8861422005900526
F1: 0.6404596628025041
Time: 24.279789209365845
---- Epoch 3 -----
Full acc: 0.8863235478304434
F1: 0.6412698072809357
Time: 24.3375346660614
---- Epoch 4 -----
Full acc: 0.8862991942442039
F1: 0.6412712559598834
Time: 24.313023805618286
---- Epoch 5 -----
Full acc: 0.8863287664560662
F1: 0.6414309368889893
Time: 24.530486822128296
---- Epoch 6 -----
Full acc: 0.8863100663809179
F1: 0.6411815508099138
Time: 24.337573766708374
---- Epoch 7 -----
Full acc: 0.8862557056973476
F1: 0.6410094559696548
Time: 23.714585065841675
---- Epoch 8 -----
Full acc: 0.8863609479807398
F1: 0.6413980068592774
Time: 24.399895191192627
---- Epoch 9 -----
Full acc: 0.8865309881989479
F1: 0.6421159264868805
Time: 24.65417790412903
---- Epoch 10 -----
Full acc: 0.8864714088897548
F1: 0.6419184528195839
Time: 24.310213088989258
========= layer1 =========
---- Epoch 1 -----
Full acc: 0.878144656823179
F1: 0.6045014757250865
Time: 26.017725706100464
---- Epoch 2 -----
Full acc: 0.8787439289988589
F1: 0.6071470385948718
Time: 24.854983806610107
---- Epoch 3 -----
Full acc: 0.8782964318517076
F1: 0.605243824021034
Time: 24.20060443878174
---- Epoch 4 -----
Full acc: 0.878147701021459
F1: 0.6047669221574022
Time: 24.185874938964844
---- Epoch 5 -----
Full acc: 0.8782707736090624
F1: 0.6050297785372499
Time: 24.287821292877197
---- Epoch 6 -----
Full acc: 0.8786782612931059
F1: 0.6070846396743619
Time: 24.824138641357422
---- Epoch 7 -----
Full acc: 0.8785156141278633
F1: 0.6060071857716972
Time: 24.475472450256348
---- Epoch 8 -----
Full acc: 0.8786808706059173
F1: 0.6068553826645706
Time: 24.99130415916443
---- Epoch 9 -----
Full acc: 0.8782620758996911
F1: 0.6050064334239955
Time: 24.722285509109497
---- Epoch 10 -----
Full acc: 0.878620421525787
F1: 0.6063140895423611
Time: 24.422033309936523
========= layer2 =========
---- Epoch 1 -----
Full acc: 0.9148763881544156
F1: 0.7371018012935291
Time: 25.793512105941772
---- Epoch 2 -----
Full acc: 0.9155752491023964
F1: 0.7392999697653769
Time: 25.124532222747803
---- Epoch 3 -----
Full acc: 0.9154613091096329
F1: 0.7395172896851612
Time: 25.187166213989258
---- Epoch 4 -----
Full acc: 0.9154913162069638
F1: 0.7391948154267214
Time: 25.40115761756897
---- Epoch 5 -----
Full acc: 0.9154760952155641
F1: 0.7395330084262194
Time: 24.051629304885864
---- Epoch 6 -----
Full acc: 0.9153334527818754
F1: 0.7391091619512726
Time: 25.200445413589478
---- Epoch 7 -----
Full acc: 0.9150699121879262
F1: 0.738113601256768
Time: 24.49783706665039
---- Epoch 8 -----
Full acc: 0.9154673975061928
F1: 0.7392161839885951
Time: 24.059505224227905
---- Epoch 9 -----
Full acc: 0.9155865561245791
F1: 0.739672124750664
Time: 24.3698832988739
---- Epoch 10 -----
Full acc: 0.9155134953658605
F1: 0.7392409523655556
Time: 23.6475191116333
========= x =========
---- Epoch 1 -----
Full acc: 0.7984162341005873
F1: 0.24135987787640167
Time: 25.747387409210205
---- Epoch 2 -----
Full acc: 0.7983531757076456
F1: 0.2290150576876095
Time: 24.149007558822632
---- Epoch 3 -----
Full acc: 0.7986806444654736
F1: 0.23083390293596323
Time: 23.78314995765686
---- Epoch 4 -----
Full acc: 0.7986936910295305
F1: 0.23092917325928478
Time: 24.0632746219635
---- Epoch 5 -----
Full acc: 0.7984031875365304
F1: 0.24253081280518604
Time: 24.009204387664795
---- Epoch 6 -----
Full acc: 0.7986806444654736
F1: 0.23083390293596323
Time: 24.159178256988525
---- Epoch 7 -----
Full acc: 0.7985736626402071
F1: 0.24259052211961815
Time: 24.04261589050293
---- Epoch 8 -----
Full acc: 0.7984031875365304
F1: 0.24253081280518604
Time: 23.675459384918213
---- Epoch 9 -----
Full acc: 0.7986806444654736
F1: 0.23083390293596323
Time: 23.879878282546997
---- Epoch 10 -----
Full acc: 0.7986858630910963
F1: 0.23087815535512765
Time: 23.853434324264526
=============== Seed: 4 ================
========= layer0 =========
---- Epoch 1 -----
Full acc: 0.8854776955940883
F1: 0.6381941459720177
Time: 26.068559169769287
---- Epoch 2 -----
Full acc: 0.8863413781346544
F1: 0.6412218440163512
Time: 24.28930902481079
---- Epoch 3 -----
Full acc: 0.8863731247738595
F1: 0.6415507157503897
Time: 23.73706555366516
---- Epoch 4 -----
Full acc: 0.8862026496701828
F1: 0.640934110539849
Time: 23.49446439743042
---- Epoch 5 -----
Full acc: 0.8863548595841799
F1: 0.6414656478031363
Time: 23.352646827697754
---- Epoch 6 -----
Full acc: 0.8861500285284868
F1: 0.64069386595371
Time: 24.373838424682617
---- Epoch 7 -----
Full acc: 0.8864153086643102
F1: 0.6415246363629439
Time: 22.490180015563965
---- Epoch 8 -----
Full acc: 0.88620351944112
F1: 0.6407319932067294
Time: 23.31336808204651
---- Epoch 9 -----
Full acc: 0.8865127230092683
F1: 0.6422267570605424
Time: 23.653188228607178
---- Epoch 10 -----
Full acc: 0.8863018035570153
F1: 0.6411360443801616
Time: 24.21233558654785
========= layer1 =========
---- Epoch 1 -----
Full acc: 0.8783055644465474
F1: 0.6048722488893056
Time: 25.792848110198975
---- Epoch 2 -----
Full acc: 0.8781463963650533
F1: 0.6048082302721891
Time: 24.210400581359863
---- Epoch 3 -----
Full acc: 0.8787643686158814
F1: 0.6072800174337775
Time: 24.732117176055908
---- Epoch 4 -----
Full acc: 0.8782655549834396
F1: 0.6051367038420692
Time: 24.813157558441162
---- Epoch 5 -----
Full acc: 0.878530835119263
F1: 0.6063998618492408
Time: 24.367107629776
---- Epoch 6 -----
Full acc: 0.8785882400011134
F1: 0.6064605479952732
Time: 24.134819507598877
---- Epoch 7 -----
Full acc: 0.8785338793175429
F1: 0.6059124341594764
Time: 24.32915234565735
---- Epoch 8 -----
Full acc: 0.8785508398508168
F1: 0.6063730391778926
Time: 24.48541235923767
---- Epoch 9 -----
Full acc: 0.8783142621559186
F1: 0.605120107631318
Time: 24.433929920196533
---- Epoch 10 -----
Full acc: 0.8785090908458348
F1: 0.6061272557228097
Time: 24.296420097351074
========= layer2 =========
---- Epoch 1 -----
Full acc: 0.9152277756130146
F1: 0.7384177715091592
Time: 25.911606788635254
---- Epoch 2 -----
Full acc: 0.9154673975061928
F1: 0.7391838767871751
Time: 24.396580934524536
---- Epoch 3 -----
Full acc: 0.9154960999471179
F1: 0.7392679732905751
Time: 24.683017253875732
---- Epoch 4 -----
Full acc: 0.9152873549222077
F1: 0.7387359188295728
Time: 24.96407914161682
---- Epoch 5 -----
Full acc: 0.915262131565031
F1: 0.7384693897102043
Time: 23.78417468070984
---- Epoch 6 -----
Full acc: 0.9152421268334772
F1: 0.7387522043796675
Time: 24.2927348613739
---- Epoch 7 -----
Full acc: 0.9153247550725041
F1: 0.7388156536461927
Time: 24.320892095565796
---- Epoch 8 -----
Full acc: 0.9154634835369757
F1: 0.7392678511445341
Time: 24.160077333450317
---- Epoch 9 -----
Full acc: 0.9155608978819338
F1: 0.7397165958512709
Time: 24.527565240859985
---- Epoch 10 -----
Full acc: 0.9154656579643186
F1: 0.739353227579348
Time: 24.444005727767944
========= x =========
---- Epoch 1 -----
Full acc: 0.7983579594477999
F1: 0.24186624573637644
Time: 25.623473167419434
---- Epoch 2 -----
Full acc: 0.7986858630910963
F1: 0.23087815535512765
Time: 24.047726154327393
---- Epoch 3 -----
Full acc: 0.7984084061621531
F1: 0.24257506522435043
Time: 23.81568956375122
---- Epoch 4 -----
Full acc: 0.7986806444654736
F1: 0.23083390293596323
Time: 23.15773105621338
---- Epoch 5 -----
Full acc: 0.7985684440145843
F1: 0.24329835180048048
Time: 23.78287959098816
---- Epoch 6 -----
Full acc: 0.7986806444654736
F1: 0.23083390293596323
Time: 24.115676641464233
---- Epoch 7 -----
Full acc: 0.7986858630910963
F1: 0.23087815535512765
Time: 23.409390211105347
---- Epoch 8 -----
Full acc: 0.7984084061621531
F1: 0.24257506522435043
Time: 23.59819006919861
---- Epoch 9 -----
Full acc: 0.7986858630910963
F1: 0.23087815535512765
Time: 24.024393558502197
---- Epoch 10 -----
Full acc: 0.7986936910295305
F1: 0.23092917325928478
Time: 23.195427417755127
