Loading rhel8/default-amp
  Loading requirement: dot rhel8/slurm singularity/current rhel8/global
    cuda/11.4 libpciaccess/0.16/gcc-9.4.0-6fonbj6
    libiconv/1.16/gcc-9.4.0-ahebbov libxml2/2.9.12/gcc-9.4.0-gnknt5e
    ncurses/6.2/gcc-9.4.0-aiirok7 hwloc/2.5.0/gcc-9.4.0-7sqomga
    libevent/2.1.12/gcc-9.4.0-hgny7cm numactl/2.0.14/gcc-9.4.0-52dwc6n
    cuda/11.4.0/gcc-9.4.0-3hnxhjt gdrcopy/2.2/gcc-9.4.0-e4igtfp
    knem/1.1.4/gcc-9.4.0-bpbxgva libnl/3.3.0/gcc-9.4.0-whwhrwb
    rdma-core/34.0/gcc-9.4.0-5eo5n2u ucx/1.11.1/gcc-9.4.0-lktqyl4
    openmpi/4.1.1/gcc-9.4.0-epagguv
Changed directory to /rds/user/tdb47/hpc-work/planning/thinker_private_planning/probing.

JobID: 58705854
======
Time: Sun Aug 11 20:03:50 BST 2024
Running on master node: gpu-q-5
Current directory: /rds/user/tdb47/hpc-work/planning/thinker_private_planning/probing

Nodes allocated:
================
gpu-q-5

numtasks=1, numnodes=1, mpi_tasks_per_node=1 (OMP_NUM_THREADS=1)

Executing command:
==================
python train_conv_probe.py --feature agent_onto_after --num_epochs 10 --weight_decay 0.001 --kernel 1 --model_name 40m 


test
=================================== FEATURE: agent_onto_after =========================================
!!!!
=============== Seed: 0 ================
========= layer0 =========
---- Epoch 1 -----
Full acc: 0.899912944284342
F1: 0.6876125372860395
Time: 30.839541912078857
---- Epoch 2 -----
Full acc: 0.8995178164024976
F1: 0.6865411097533582
Time: 28.018358945846558
---- Epoch 3 -----
Full acc: 0.9002555385446686
F1: 0.6897372653612275
Time: 27.314457416534424
---- Epoch 4 -----
Full acc: 0.8994975534341979
F1: 0.6866842700465041
Time: 27.41495418548584
---- Epoch 5 -----
Full acc: 0.8998138808837656
F1: 0.6879527159547406
Time: 27.64178705215454
---- Epoch 6 -----
Full acc: 0.8996832973102786
F1: 0.68740787223803
Time: 27.946759700775146
---- Epoch 7 -----
Full acc: 0.8996240093659942
F1: 0.6870611428228197
Time: 33.04025173187256
---- Epoch 8 -----
Full acc: 0.899774855907781
F1: 0.6879488919632799
Time: 27.721546173095703
---- Epoch 9 -----
Full acc: 0.899380478506244
F1: 0.6861676584640322
Time: 28.469805240631104
---- Epoch 10 -----
Full acc: 0.8992802893852065
F1: 0.6855178641034627
Time: 27.745086669921875
========= layer1 =========
---- Epoch 1 -----
Full acc: 0.9184362992315082
F1: 0.7610125062039791
Time: 29.637193202972412
---- Epoch 2 -----
Full acc: 0.9185841438520653
F1: 0.7619683795901876
Time: 28.63358759880066
---- Epoch 3 -----
Full acc: 0.9182272904658981
F1: 0.7607739983529701
Time: 27.226129293441772
---- Epoch 4 -----
Full acc: 0.9184317963496638
F1: 0.7611019305366068
Time: 26.898061513900757
---- Epoch 5 -----
Full acc: 0.918086950648415
F1: 0.7598715487416244
Time: 27.49702739715576
---- Epoch 6 -----
Full acc: 0.9181346061479346
F1: 0.7599860439385987
Time: 28.27506422996521
---- Epoch 7 -----
Full acc: 0.9184711965658021
F1: 0.7614018091758472
Time: 26.710081815719604
---- Epoch 8 -----
Full acc: 0.9179980187319885
F1: 0.7596592690995089
Time: 27.516398191452026
---- Epoch 9 -----
Full acc: 0.9183803884486071
F1: 0.7610461376318103
Time: 27.485499620437622
---- Epoch 10 -----
Full acc: 0.9182865784101825
F1: 0.7608148884187561
Time: 27.3364474773407
========= layer2 =========
---- Epoch 1 -----
Full acc: 0.9168903097982709
F1: 0.7457363244854632
Time: 30.39687442779541
---- Epoch 2 -----
Full acc: 0.9166539085014409
F1: 0.7455892122625283
Time: 27.561113834381104
---- Epoch 3 -----
Full acc: 0.9165608489433237
F1: 0.7452722460279473
Time: 28.520646333694458
---- Epoch 4 -----
Full acc: 0.9166865543948127
F1: 0.7455006721308115
Time: 26.348905086517334
---- Epoch 5 -----
Full acc: 0.9169833693563881
F1: 0.7465552990000149
Time: 27.844932556152344
---- Epoch 6 -----
Full acc: 0.9166542837415946
F1: 0.745425010528695
Time: 27.79753613471985
---- Epoch 7 -----
Full acc: 0.9167709834293948
F1: 0.7456371601795395
Time: 28.02595090866089
---- Epoch 8 -----
Full acc: 0.916671169548511
F1: 0.7456890580193216
Time: 27.489991188049316
---- Epoch 9 -----
Full acc: 0.9167338346541787
F1: 0.745675757989267
Time: 27.793650150299072
---- Epoch 10 -----
Full acc: 0.9167833663544669
F1: 0.7457187610141951
Time: 28.038381099700928
========= x =========
---- Epoch 1 -----
Full acc: 0.8140377341498559
F1: 0.22218985784749684
Time: 30.0885169506073
---- Epoch 2 -----
Full acc: 0.8140377341498559
F1: 0.22218985784749684
Time: 27.37925910949707
---- Epoch 3 -----
Full acc: 0.8140377341498559
F1: 0.22218985784749684
Time: 28.478757858276367
---- Epoch 4 -----
Full acc: 0.8140377341498559
F1: 0.22218985784749684
Time: 26.105718851089478
---- Epoch 5 -----
Full acc: 0.8140377341498559
F1: 0.22218985784749684
Time: 27.9733624458313
---- Epoch 6 -----
Full acc: 0.8140377341498559
F1: 0.22218985784749684
Time: 27.724879264831543
---- Epoch 7 -----
Full acc: 0.8140377341498559
F1: 0.22218985784749684
Time: 25.931653261184692
---- Epoch 8 -----
Full acc: 0.8140377341498559
F1: 0.22218985784749684
Time: 27.59419322013855
---- Epoch 9 -----
Full acc: 0.8140377341498559
F1: 0.22218985784749684
Time: 27.658786296844482
---- Epoch 10 -----
Full acc: 0.8140377341498559
F1: 0.22218985784749684
Time: 27.794692516326904
=============== Seed: 1 ================
========= layer0 =========
---- Epoch 1 -----
Full acc: 0.899813505643612
F1: 0.6879718310723038
Time: 30.151926517486572
---- Epoch 2 -----
Full acc: 0.899735080451489
F1: 0.6875645825585653
Time: 28.034295797348022
---- Epoch 3 -----
Full acc: 0.8991725954610951
F1: 0.6848835524476836
Time: 27.314927101135254
---- Epoch 4 -----
Full acc: 0.8995264469260327
F1: 0.6870029130002699
Time: 27.39181923866272
---- Epoch 5 -----
Full acc: 0.900261167146974
F1: 0.6896458843890759
Time: 28.468894720077515
---- Epoch 6 -----
Full acc: 0.8997759816282421
F1: 0.6873757258647761
Time: 28.08343243598938
---- Epoch 7 -----
Full acc: 0.8998945575168108
F1: 0.688450951221247
Time: 26.949988842010498
---- Epoch 8 -----
Full acc: 0.9001174501681076
F1: 0.6892460308819605
Time: 25.497905492782593
---- Epoch 9 -----
Full acc: 0.9002622928674352
F1: 0.6898237449479877
Time: 27.093883991241455
---- Epoch 10 -----
Full acc: 0.8992750360230548
F1: 0.6854829818941258
Time: 27.169806957244873
========= layer1 =========
---- Epoch 1 -----
Full acc: 0.9184633165225744
F1: 0.7607084063611803
Time: 29.419740438461304
---- Epoch 2 -----
Full acc: 0.9186205421469741
F1: 0.7616883666162862
Time: 27.906832456588745
---- Epoch 3 -----
Full acc: 0.9184580631604227
F1: 0.7614751711869492
Time: 28.787721872329712
---- Epoch 4 -----
Full acc: 0.9182865784101825
F1: 0.7609983323568476
Time: 31.428481817245483
---- Epoch 5 -----
Full acc: 0.9184655679634967
F1: 0.7609150071901168
Time: 27.260109901428223
---- Epoch 6 -----
Full acc: 0.9183803884486071
F1: 0.7613239716013435
Time: 26.873277187347412
---- Epoch 7 -----
Full acc: 0.9183087175792507
F1: 0.7607141828616344
Time: 27.92891216278076
---- Epoch 8 -----
Full acc: 0.9181698787223823
F1: 0.7603791261182319
Time: 25.664088249206543
---- Epoch 9 -----
Full acc: 0.9183248529058597
F1: 0.7608991375018697
Time: 27.57178235054016
---- Epoch 10 -----
Full acc: 0.9181361071085494
F1: 0.7598011049624187
Time: 27.52298927307129
========= layer2 =========
---- Epoch 1 -----
Full acc: 0.9154730277377522
F1: 0.7421706637253518
Time: 29.829729318618774
---- Epoch 2 -----
Full acc: 0.9164685398655139
F1: 0.7447256811780335
Time: 27.65889263153076
---- Epoch 3 -----
Full acc: 0.9166644152257445
F1: 0.7454065816780785
Time: 28.04674005508423
---- Epoch 4 -----
Full acc: 0.9169105727665706
F1: 0.7459662273275643
Time: 27.155734539031982
---- Epoch 5 -----
Full acc: 0.9171717399135446
F1: 0.7467799364417196
Time: 28.08582854270935
---- Epoch 6 -----
Full acc: 0.9167522214217099
F1: 0.7456756447635822
Time: 26.645008087158203
---- Epoch 7 -----
Full acc: 0.9170287734149856
F1: 0.7464093913456276
Time: 28.693347454071045
---- Epoch 8 -----
Full acc: 0.9166231388088376
F1: 0.7452244426677236
Time: 29.018996953964233
---- Epoch 9 -----
Full acc: 0.9168332732949087
F1: 0.7458760769988446
Time: 26.90580701828003
---- Epoch 10 -----
Full acc: 0.9167676062680116
F1: 0.7458412629739293
Time: 28.170515537261963
========= x =========
---- Epoch 1 -----
Full acc: 0.8140377341498559
F1: 0.22218985784749684
Time: 29.43332815170288
---- Epoch 2 -----
Full acc: 0.8140377341498559
F1: 0.22218985784749684
Time: 28.208983182907104
---- Epoch 3 -----
Full acc: 0.813250105067243
F1: 0.21937081167171618
Time: 28.00865626335144
---- Epoch 4 -----
Full acc: 0.8140377341498559
F1: 0.22218985784749684
Time: 26.670743465423584
---- Epoch 5 -----
Full acc: 0.8140377341498559
F1: 0.22218985784749684
Time: 27.72792387008667
---- Epoch 6 -----
Full acc: 0.8140377341498559
F1: 0.22218985784749684
Time: 27.664963483810425
---- Epoch 7 -----
Full acc: 0.8140377341498559
F1: 0.22218985784749684
Time: 32.08059096336365
---- Epoch 8 -----
Full acc: 0.813250105067243
F1: 0.21937081167171618
Time: 27.306650638580322
---- Epoch 9 -----
Full acc: 0.8140377341498559
F1: 0.22218985784749684
Time: 26.870879411697388
---- Epoch 10 -----
Full acc: 0.813250105067243
F1: 0.21937081167171618
Time: 25.105267763137817
=============== Seed: 2 ================
========= layer0 =========
---- Epoch 1 -----
Full acc: 0.8996022454370798
F1: 0.6867960434702539
Time: 30.242897510528564
---- Epoch 2 -----
Full acc: 0.8997564691402498
F1: 0.6875586272998168
Time: 28.00272035598755
---- Epoch 3 -----
Full acc: 0.8994375150096061
F1: 0.6862436331277261
Time: 27.555511713027954
---- Epoch 4 -----
Full acc: 0.8994150006003843
F1: 0.6859694260273076
Time: 28.258859872817993
---- Epoch 5 -----
Full acc: 0.9000030019212296
F1: 0.6890122308173062
Time: 27.327985763549805
---- Epoch 6 -----
Full acc: 0.8994799171469741
F1: 0.6864076847896973
Time: 28.25709104537964
---- Epoch 7 -----
Full acc: 0.8994697856628242
F1: 0.6866681942183037
Time: 27.900474071502686
---- Epoch 8 -----
Full acc: 0.9002101344860711
F1: 0.6899325331830087
Time: 28.065227031707764
---- Epoch 9 -----
Full acc: 0.8999200738472622
F1: 0.6886343257441476
Time: 28.01286745071411
---- Epoch 10 -----
Full acc: 0.8992483939721422
F1: 0.6852191019074011
Time: 28.527937412261963
========= layer1 =========
---- Epoch 1 -----
Full acc: 0.9182344200288185
F1: 0.7606408603341641
Time: 30.33705496788025
---- Epoch 2 -----
Full acc: 0.9178614313160423
F1: 0.7592599432033806
Time: 28.339491844177246
---- Epoch 3 -----
Full acc: 0.9183548721181556
F1: 0.7608914315890938
Time: 28.741862058639526
---- Epoch 4 -----
Full acc: 0.9182862031700288
F1: 0.7605575744771664
Time: 28.44820237159729
---- Epoch 5 -----
Full acc: 0.9183574987992315
F1: 0.7609796277040475
Time: 27.674554347991943
---- Epoch 6 -----
Full acc: 0.9182254142651297
F1: 0.7602602494143984
Time: 28.923069953918457
---- Epoch 7 -----
Full acc: 0.9181428614313161
F1: 0.7602058431473451
Time: 28.658746004104614
---- Epoch 8 -----
Full acc: 0.9185364883525456
F1: 0.7618127190246468
Time: 27.079119443893433
---- Epoch 9 -----
Full acc: 0.9182179094620557
F1: 0.7607544007190528
Time: 27.701517343521118
---- Epoch 10 -----
Full acc: 0.9182190351825168
F1: 0.7605892221794436
Time: 27.777788877487183
========= layer2 =========
---- Epoch 1 -----
Full acc: 0.9163882384726225
F1: 0.74473769236032
Time: 29.38927912712097
---- Epoch 2 -----
Full acc: 0.9166261407300672
F1: 0.7451717705128764
Time: 35.624669551849365
---- Epoch 3 -----
Full acc: 0.9167724843900096
F1: 0.7455764811771604
Time: 28.083727836608887
---- Epoch 4 -----
Full acc: 0.916918828049952
F1: 0.7463151948116218
Time: 28.148473978042603
---- Epoch 5 -----
Full acc: 0.91676948246878
F1: 0.7458029800228292
Time: 28.07382082939148
---- Epoch 6 -----
Full acc: 0.916966108309318
F1: 0.7460309914803215
Time: 27.476067066192627
---- Epoch 7 -----
Full acc: 0.916915075648415
F1: 0.745995410081135
Time: 27.436307191848755
---- Epoch 8 -----
Full acc: 0.916469665585975
F1: 0.7446748773647998
Time: 28.13765048980713
---- Epoch 9 -----
Full acc: 0.9166644152257445
F1: 0.7453104415115546
Time: 27.086560487747192
---- Epoch 10 -----
Full acc: 0.9168193894092219
F1: 0.7458949496141705
Time: 34.40242886543274
========= x =========
---- Epoch 1 -----
Full acc: 0.813250105067243
F1: 0.21937081167171618
Time: 29.37099289894104
---- Epoch 2 -----
Full acc: 0.8140377341498559
F1: 0.22218985784749684
Time: 27.490392923355103
---- Epoch 3 -----
Full acc: 0.8140377341498559
F1: 0.22218985784749684
Time: 28.33981728553772
---- Epoch 4 -----
Full acc: 0.8140377341498559
F1: 0.22218985784749684
Time: 27.150079488754272
---- Epoch 5 -----
Full acc: 0.8140377341498559
F1: 0.22218985784749684
Time: 28.309205770492554
---- Epoch 6 -----
Full acc: 0.8140377341498559
F1: 0.22218985784749684
Time: 26.1571843624115
---- Epoch 7 -----
Full acc: 0.813250105067243
F1: 0.21937081167171618
Time: 26.463586568832397
---- Epoch 8 -----
Full acc: 0.8140377341498559
F1: 0.22218985784749684
Time: 28.26232886314392
---- Epoch 9 -----
Full acc: 0.8140377341498559
F1: 0.22218985784749684
Time: 27.70274019241333
---- Epoch 10 -----
Full acc: 0.8140377341498559
F1: 0.22218985784749684
Time: 28.293328046798706
=============== Seed: 3 ================
========= layer0 =========
---- Epoch 1 -----
Full acc: 0.8998378962536023
F1: 0.6878949195304358
Time: 30.03241991996765
---- Epoch 2 -----
Full acc: 0.8997118155619597
F1: 0.6873857321773895
Time: 27.848156690597534
---- Epoch 3 -----
Full acc: 0.899609375
F1: 0.6869820731455987
Time: 28.27240252494812
---- Epoch 4 -----
Full acc: 0.8994480217339097
F1: 0.6862385858174498
Time: 27.498664140701294
---- Epoch 5 -----
Full acc: 0.8994502731748318
F1: 0.6863088198203038
Time: 28.160696744918823
---- Epoch 6 -----
Full acc: 0.8999643521853986
F1: 0.6887409669528926
Time: 27.42125177383423
---- Epoch 7 -----
Full acc: 0.8990975474303554
F1: 0.6850653156968307
Time: 28.097533226013184
---- Epoch 8 -----
Full acc: 0.8998105037223824
F1: 0.687602151601809
Time: 28.224737644195557
---- Epoch 9 -----
Full acc: 0.8998525306195966
F1: 0.6883676059842269
Time: 28.018237113952637
---- Epoch 10 -----
Full acc: 0.8999572226224783
F1: 0.6885265107958967
Time: 26.816022157669067
========= layer1 =========
---- Epoch 1 -----
Full acc: 0.9182693173631123
F1: 0.760588909302639
Time: 30.47014617919922
---- Epoch 2 -----
Full acc: 0.9185766390489913
F1: 0.7613970925666294
Time: 27.732956171035767
---- Epoch 3 -----
Full acc: 0.9185207282660903
F1: 0.7613047278665058
Time: 28.100367307662964
---- Epoch 4 -----
Full acc: 0.9185841438520653
F1: 0.7614710319579387
Time: 28.154789686203003
---- Epoch 5 -----
Full acc: 0.9182438010326609
F1: 0.7607399654114723
Time: 29.08897638320923
---- Epoch 6 -----
Full acc: 0.9183128452209414
F1: 0.7606396776102328
Time: 32.993030309677124
---- Epoch 7 -----
Full acc: 0.9183297310278579
F1: 0.7604827553413775
Time: 27.5104923248291
---- Epoch 8 -----
Full acc: 0.9183818894092219
F1: 0.7611437080875844
Time: 27.508334636688232
---- Epoch 9 -----
Full acc: 0.9182888298511047
F1: 0.7607546364507954
Time: 27.182227849960327
---- Epoch 10 -----
Full acc: 0.9182149075408261
F1: 0.7602256963021257
Time: 27.5067241191864
========= layer2 =========
---- Epoch 1 -----
Full acc: 0.9157139319164265
F1: 0.7430087671936223
Time: 29.71148657798767
---- Epoch 2 -----
Full acc: 0.9167826158741594
F1: 0.7456688934185729
Time: 27.456262826919556
---- Epoch 3 -----
Full acc: 0.9167267050912584
F1: 0.7452835160769691
Time: 27.842469215393066
---- Epoch 4 -----
Full acc: 0.9166963106388089
F1: 0.745451231555277
Time: 27.065859079360962
---- Epoch 5 -----
Full acc: 0.9167267050912584
F1: 0.7454796023972707
Time: 27.761759996414185
---- Epoch 6 -----
Full acc: 0.9165968719980788
F1: 0.7450998419730351
Time: 27.909504652023315
---- Epoch 7 -----
Full acc: 0.9170400306195965
F1: 0.746604492853802
Time: 27.675473928451538
---- Epoch 8 -----
Full acc: 0.9167743605907781
F1: 0.7459938820435681
Time: 26.478740215301514
---- Epoch 9 -----
Full acc: 0.9168013778818443
F1: 0.7458335515015596
Time: 25.609562397003174
---- Epoch 10 -----
Full acc: 0.9167612271853987
F1: 0.7457301416152788
Time: 27.807141542434692
========= x =========
---- Epoch 1 -----
Full acc: 0.8140377341498559
F1: 0.22218985784749684
Time: 28.99714970588684
---- Epoch 2 -----
Full acc: 0.8140377341498559
F1: 0.22218985784749684
Time: 28.325601816177368
---- Epoch 3 -----
Full acc: 0.8140377341498559
F1: 0.22218985784749684
Time: 27.071099042892456
---- Epoch 4 -----
Full acc: 0.8140377341498559
F1: 0.22218985784749684
Time: 28.377665042877197
---- Epoch 5 -----
Full acc: 0.8140377341498559
F1: 0.22218985784749684
Time: 27.006892681121826
---- Epoch 6 -----
Full acc: 0.813250105067243
F1: 0.21937081167171618
Time: 27.323056936264038
---- Epoch 7 -----
Full acc: 0.8140377341498559
F1: 0.22218985784749684
Time: 28.18593740463257
---- Epoch 8 -----
Full acc: 0.8140377341498559
F1: 0.22218985784749684
Time: 27.05859899520874
---- Epoch 9 -----
Full acc: 0.8140377341498559
F1: 0.22218985784749684
Time: 27.687129735946655
---- Epoch 10 -----
Full acc: 0.8140377341498559
F1: 0.22218985784749684
Time: 26.29018783569336
=============== Seed: 4 ================
========= layer0 =========
---- Epoch 1 -----
Full acc: 0.8996671619836696
F1: 0.6871207854695318
Time: 30.223022937774658
---- Epoch 2 -----
Full acc: 0.8994251320845341
F1: 0.6864924527560581
Time: 27.955521821975708
---- Epoch 3 -----
Full acc: 0.8993373258885687
F1: 0.6863881543808633
Time: 28.55750823020935
---- Epoch 4 -----
Full acc: 0.8998487782180595
F1: 0.6875971681958882
Time: 27.489747285842896
---- Epoch 5 -----
Full acc: 0.9000052533621518
F1: 0.6892097143785803
Time: 27.00228238105774
---- Epoch 6 -----
Full acc: 0.899739958573487
F1: 0.6873982793783442
Time: 27.749791383743286
---- Epoch 7 -----
Full acc: 0.8995110620797311
F1: 0.686821491973473
Time: 27.882524013519287
---- Epoch 8 -----
Full acc: 0.8993530859750241
F1: 0.6859385726397803
Time: 27.28061580657959
---- Epoch 9 -----
Full acc: 0.8989815982228626
F1: 0.6843386649317299
Time: 27.994338035583496
---- Epoch 10 -----
Full acc: 0.8996097502401537
F1: 0.6867819673850465
Time: 27.515431880950928
========= layer1 =========
---- Epoch 1 -----
Full acc: 0.918438925912584
F1: 0.7610496467757704
Time: 30.813369035720825
---- Epoch 2 -----
Full acc: 0.918212656099904
F1: 0.7606221532078399
Time: 28.733476400375366
---- Epoch 3 -----
Full acc: 0.9185713856868396
F1: 0.7617192617384638
Time: 28.423414945602417
---- Epoch 4 -----
Full acc: 0.9185203530259366
F1: 0.7616849609986028
Time: 27.711365222930908
---- Epoch 5 -----
Full acc: 0.9180689391210375
F1: 0.7597712968878073
Time: 27.997724533081055
---- Epoch 6 -----
Full acc: 0.9180422970701249
F1: 0.7597060389656297
Time: 29.735193967819214
---- Epoch 7 -----
Full acc: 0.9181316042267051
F1: 0.7599228152318273
Time: 43.15138339996338
---- Epoch 8 -----
Full acc: 0.9182666906820365
F1: 0.7607421248862717
Time: 25.302669286727905
---- Epoch 9 -----
Full acc: 0.9180711905619596
F1: 0.7601588328597957
Time: 25.562610626220703
---- Epoch 10 -----
Full acc: 0.9183931466138329
F1: 0.7612146130993118
Time: 27.41718888282776
========= layer2 =========
---- Epoch 1 -----
Full acc: 0.916094050192123
F1: 0.7436951344605817
Time: 29.706091165542603
---- Epoch 2 -----
Full acc: 0.9167837415946205
F1: 0.7457839944985194
Time: 27.540117263793945
---- Epoch 3 -----
Full acc: 0.9168051302833814
F1: 0.7457856000325361
Time: 26.230021715164185
---- Epoch 4 -----
Full acc: 0.916829145653218
F1: 0.745982545984006
Time: 28.429916858673096
---- Epoch 5 -----
Full acc: 0.9169687349903939
F1: 0.7464291099164222
Time: 28.30897331237793
---- Epoch 6 -----
Full acc: 0.9168190141690682
F1: 0.7459071443607285
Time: 25.58760666847229
---- Epoch 7 -----
Full acc: 0.916691057276657
F1: 0.7453609289954862
Time: 28.0458025932312
---- Epoch 8 -----
Full acc: 0.9167101945244956
F1: 0.7458519871709385
Time: 26.550278902053833
---- Epoch 9 -----
Full acc: 0.9169041936839577
F1: 0.7460077436421743
Time: 27.259063959121704
---- Epoch 10 -----
Full acc: 0.9165420869356388
F1: 0.7449702927551535
Time: 27.254299879074097
========= x =========
---- Epoch 1 -----
Full acc: 0.8140377341498559
F1: 0.22218985784749684
Time: 29.97798466682434
---- Epoch 2 -----
Full acc: 0.8140377341498559
F1: 0.22218985784749684
Time: 27.89828324317932
---- Epoch 3 -----
Full acc: 0.8140377341498559
F1: 0.22218985784749684
Time: 27.62815570831299
---- Epoch 4 -----
Full acc: 0.8140377341498559
F1: 0.22218985784749684
Time: 27.248750925064087
---- Epoch 5 -----
Full acc: 0.8140377341498559
F1: 0.22218985784749684
Time: 31.869570016860962
---- Epoch 6 -----
Full acc: 0.8140377341498559
F1: 0.22218985784749684
Time: 27.179699420928955
---- Epoch 7 -----
Full acc: 0.813250105067243
F1: 0.21937081167171618
Time: 27.252166032791138
---- Epoch 8 -----
Full acc: 0.8140377341498559
F1: 0.22218985784749684
Time: 26.08330726623535
---- Epoch 9 -----
Full acc: 0.8140377341498559
F1: 0.22218985784749684
Time: 27.009791612625122
---- Epoch 10 -----
Full acc: 0.8140377341498559
F1: 0.22218985784749684
Time: 27.63188672065735
