Loading rhel8/default-amp
  Loading requirement: dot rhel8/slurm singularity/current rhel8/global
    cuda/11.4 libpciaccess/0.16/gcc-9.4.0-6fonbj6
    libiconv/1.16/gcc-9.4.0-ahebbov libxml2/2.9.12/gcc-9.4.0-gnknt5e
    ncurses/6.2/gcc-9.4.0-aiirok7 hwloc/2.5.0/gcc-9.4.0-7sqomga
    libevent/2.1.12/gcc-9.4.0-hgny7cm numactl/2.0.14/gcc-9.4.0-52dwc6n
    cuda/11.4.0/gcc-9.4.0-3hnxhjt gdrcopy/2.2/gcc-9.4.0-e4igtfp
    knem/1.1.4/gcc-9.4.0-bpbxgva libnl/3.3.0/gcc-9.4.0-whwhrwb
    rdma-core/34.0/gcc-9.4.0-5eo5n2u ucx/1.11.1/gcc-9.4.0-lktqyl4
    openmpi/4.1.1/gcc-9.4.0-epagguv
Changed directory to /rds/user/tdb47/hpc-work/planning/thinker_private_planning/probing.

JobID: 58688751
======
Time: Sun Aug 11 11:43:34 BST 2024
Running on master node: gpu-q-22
Current directory: /rds/user/tdb47/hpc-work/planning/thinker_private_planning/probing

Nodes allocated:
================
gpu-q-22

numtasks=1, numnodes=1, mpi_tasks_per_node=1 (OMP_NUM_THREADS=1)

Executing command:
==================
python train_conv_probe.py --feature tracked_box_next_push_onto --num_epochs 10 --weight_decay 0.001 --kernel 1 --model_name 250m 


test
=================================== FEATURE: tracked_box_next_push_onto =========================================
!!!!
=============== Seed: 0 ================
========= layer0 =========
---- Epoch 1 -----
Full acc: 0.9606003703186138
F1: 0.8029657130377812
Time: 27.025139093399048
---- Epoch 2 -----
Full acc: 0.9610204723309111
F1: 0.8069920513419306
Time: 23.90083336830139
---- Epoch 3 -----
Full acc: 0.9603361689491335
F1: 0.8024808683039064
Time: 23.74241828918457
---- Epoch 4 -----
Full acc: 0.9606418564840693
F1: 0.8044581468359264
Time: 23.237536907196045
---- Epoch 5 -----
Full acc: 0.9605296254891
F1: 0.8037630323110125
Time: 23.55654811859131
---- Epoch 6 -----
Full acc: 0.960283765371716
F1: 0.8026687785456241
Time: 23.360681295394897
---- Epoch 7 -----
Full acc: 0.9604383559250979
F1: 0.8032891894063261
Time: 23.43011784553528
---- Epoch 8 -----
Full acc: 0.9606256987143655
F1: 0.8039844864169189
Time: 23.35274314880371
---- Epoch 9 -----
Full acc: 0.9603396625209615
F1: 0.8028789283024438
Time: 23.455766677856445
---- Epoch 10 -----
Full acc: 0.9610191622414757
F1: 0.8065174087296169
Time: 38.160314321517944
========= layer1 =========
---- Epoch 1 -----
Full acc: 0.983529992314142
F1: 0.9205188455580962
Time: 25.817654609680176
---- Epoch 2 -----
Full acc: 0.9836941901900503
F1: 0.92119564643883
Time: 24.120950937271118
---- Epoch 3 -----
Full acc: 0.9836483370598099
F1: 0.920901758818385
Time: 23.9954035282135
---- Epoch 4 -----
Full acc: 0.983636546254891
F1: 0.9209417533288182
Time: 23.206235885620117
---- Epoch 5 -----
Full acc: 0.9836404765231973
F1: 0.9208145561539828
Time: 23.39833927154541
---- Epoch 6 -----
Full acc: 0.9836094710732253
F1: 0.9207557686582762
Time: 23.376574516296387
---- Epoch 7 -----
Full acc: 0.9835745353549469
F1: 0.9206615719188412
Time: 22.958040952682495
---- Epoch 8 -----
Full acc: 0.9836867663499161
F1: 0.9212005130109014
Time: 23.10144352912903
---- Epoch 9 -----
Full acc: 0.9836269389323644
F1: 0.9208318640503224
Time: 23.50987720489502
---- Epoch 10 -----
Full acc: 0.9835775922302963
F1: 0.9208278069011979
Time: 23.71251606941223
========= layer2 =========
---- Epoch 1 -----
Full acc: 0.9797390301844606
F1: 0.8994534477004494
Time: 24.891390323638916
---- Epoch 2 -----
Full acc: 0.9804198399944103
F1: 0.90363623468425
Time: 23.617806434631348
---- Epoch 3 -----
Full acc: 0.9804163464225825
F1: 0.9034717453866834
Time: 24.820877075195312
---- Epoch 4 -----
Full acc: 0.9804119794577977
F1: 0.9035092059380936
Time: 24.145787000656128
---- Epoch 5 -----
Full acc: 0.9804006253493572
F1: 0.9032605720173214
Time: 23.57176399230957
---- Epoch 6 -----
Full acc: 0.9804346876746786
F1: 0.9033728802227451
Time: 23.9376699924469
---- Epoch 7 -----
Full acc: 0.9803988785634432
F1: 0.9033810705683049
Time: 23.288596630096436
---- Epoch 8 -----
Full acc: 0.9804543390162102
F1: 0.9037197336040889
Time: 23.89175534248352
---- Epoch 9 -----
Full acc: 0.9803635061486864
F1: 0.9032298329129615
Time: 23.906805276870728
---- Epoch 10 -----
Full acc: 0.9803971317775293
F1: 0.9033466614129487
Time: 23.776667833328247
========= x =========
---- Epoch 1 -----
Full acc: 0.9303316273057574
F1: 0.5000015670493401
Time: 25.748286962509155
---- Epoch 2 -----
Full acc: 0.9303316273057574
F1: 0.5000015670493401
Time: 23.910053491592407
---- Epoch 3 -----
Full acc: 0.9303316273057574
F1: 0.5000015670493401
Time: 23.141053438186646
---- Epoch 4 -----
Full acc: 0.9303316273057574
F1: 0.5000015670493401
Time: 23.249095678329468
---- Epoch 5 -----
Full acc: 0.9303316273057574
F1: 0.5000015670493401
Time: 22.90988254547119
---- Epoch 6 -----
Full acc: 0.9303316273057574
F1: 0.5000015670493401
Time: 23.208116054534912
---- Epoch 7 -----
Full acc: 0.9303316273057574
F1: 0.5000015670493401
Time: 23.075412273406982
---- Epoch 8 -----
Full acc: 0.9303316273057574
F1: 0.5000015670493401
Time: 23.21404457092285
---- Epoch 9 -----
Full acc: 0.9303316273057574
F1: 0.5000015670493401
Time: 23.06623101234436
---- Epoch 10 -----
Full acc: 0.9303316273057574
F1: 0.5000015670493401
Time: 22.6870858669281
=============== Seed: 1 ================
========= layer0 =========
---- Epoch 1 -----
Full acc: 0.9608776725824483
F1: 0.8051461072504431
Time: 25.8518385887146
---- Epoch 2 -----
Full acc: 0.9604737283398547
F1: 0.8035115749986975
Time: 24.082376956939697
---- Epoch 3 -----
Full acc: 0.9608366231134712
F1: 0.8056105274337971
Time: 24.281710386276245
---- Epoch 4 -----
Full acc: 0.9610174154555617
F1: 0.80594931948463
Time: 23.817333936691284
---- Epoch 5 -----
Full acc: 0.9606095409446618
F1: 0.80348580080827
Time: 23.38270139694214
---- Epoch 6 -----
Full acc: 0.9608431735606484
F1: 0.8055659158130296
Time: 23.412395477294922
---- Epoch 7 -----
Full acc: 0.9605584474566797
F1: 0.8032021754572513
Time: 22.374783992767334
---- Epoch 8 -----
Full acc: 0.9601470793739519
F1: 0.8015828151498021
Time: 23.28160810470581
---- Epoch 9 -----
Full acc: 0.9601894389323644
F1: 0.8019336686474097
Time: 23.748040676116943
---- Epoch 10 -----
Full acc: 0.960712601313583
F1: 0.804669774349243
Time: 23.608518838882446
========= layer1 =========
---- Epoch 1 -----
Full acc: 0.9834911263275573
F1: 0.9201227190899179
Time: 25.12486505508423
---- Epoch 2 -----
Full acc: 0.9835863261598659
F1: 0.9206919252875988
Time: 24.062896251678467
---- Epoch 3 -----
Full acc: 0.9836221352711012
F1: 0.9207525800207923
Time: 23.719125270843506
---- Epoch 4 -----
Full acc: 0.9836099077697037
F1: 0.9208349328619821
Time: 23.7311954498291
---- Epoch 5 -----
Full acc: 0.983572788569033
F1: 0.9206601634590035
Time: 23.65306544303894
---- Epoch 6 -----
Full acc: 0.983604667411962
F1: 0.9208560298160109
Time: 23.79873538017273
---- Epoch 7 -----
Full acc: 0.9836295591112353
F1: 0.9209160047677816
Time: 23.784411907196045
---- Epoch 8 -----
Full acc: 0.9836120912520961
F1: 0.9208473157016636
Time: 23.776257276535034
---- Epoch 9 -----
Full acc: 0.9836688617942985
F1: 0.9211231779363409
Time: 23.881714344024658
---- Epoch 10 -----
Full acc: 0.9836644948295137
F1: 0.9209774151775246
Time: 23.566936016082764
========= layer2 =========
---- Epoch 1 -----
Full acc: 0.9797137017887088
F1: 0.8994419454414
Time: 24.59877324104309
---- Epoch 2 -----
Full acc: 0.980425080352152
F1: 0.9036636814765623
Time: 23.659138917922974
---- Epoch 3 -----
Full acc: 0.9805111095584125
F1: 0.904006401294025
Time: 23.46482563018799
---- Epoch 4 -----
Full acc: 0.9803840308831749
F1: 0.9033582258137388
Time: 23.475874423980713
---- Epoch 5 -----
Full acc: 0.9804228968697597
F1: 0.9034909454141515
Time: 23.57261037826538
---- Epoch 6 -----
Full acc: 0.9804233335662381
F1: 0.9034966299487873
Time: 23.169519662857056
---- Epoch 7 -----
Full acc: 0.9804560858021241
F1: 0.9037767734666936
Time: 23.529123783111572
---- Epoch 8 -----
Full acc: 0.9804364344605925
F1: 0.903793994291936
Time: 24.25696039199829
---- Epoch 9 -----
Full acc: 0.9804263904415875
F1: 0.9033446186358441
Time: 24.359577178955078
---- Epoch 10 -----
Full acc: 0.9804080491894913
F1: 0.9033915458989211
Time: 23.18984889984131
========= x =========
---- Epoch 1 -----
Full acc: 0.9303316273057574
F1: 0.5000015670493401
Time: 24.445599794387817
---- Epoch 2 -----
Full acc: 0.9303316273057574
F1: 0.5000015670493401
Time: 23.4681556224823
---- Epoch 3 -----
Full acc: 0.9303316273057574
F1: 0.5000015670493401
Time: 23.217694997787476
---- Epoch 4 -----
Full acc: 0.9303316273057574
F1: 0.5000015670493401
Time: 22.486583948135376
---- Epoch 5 -----
Full acc: 0.9303316273057574
F1: 0.5000015670493401
Time: 22.521515130996704
---- Epoch 6 -----
Full acc: 0.9303316273057574
F1: 0.5000015670493401
Time: 23.324031829833984
---- Epoch 7 -----
Full acc: 0.9303316273057574
F1: 0.5000015670493401
Time: 23.86596393585205
---- Epoch 8 -----
Full acc: 0.9303316273057574
F1: 0.5000015670493401
Time: 24.03584909439087
---- Epoch 9 -----
Full acc: 0.9303316273057574
F1: 0.5000015670493401
Time: 23.731390714645386
---- Epoch 10 -----
Full acc: 0.9303316273057574
F1: 0.5000015670493401
Time: 23.035036087036133
=============== Seed: 2 ================
========= layer0 =========
---- Epoch 1 -----
Full acc: 0.9602898791224147
F1: 0.8027804587106219
Time: 24.75716543197632
---- Epoch 2 -----
Full acc: 0.9606099776411403
F1: 0.8039198636569163
Time: 23.63261365890503
---- Epoch 3 -----
Full acc: 0.960486829234209
F1: 0.8025979352654222
Time: 23.297842025756836
---- Epoch 4 -----
Full acc: 0.9598208671045276
F1: 0.7998694900323012
Time: 23.446428298950195
---- Epoch 5 -----
Full acc: 0.9604824622694242
F1: 0.8040688006651424
Time: 23.381052017211914
---- Epoch 6 -----
Full acc: 0.9608069277529346
F1: 0.804870147517638
Time: 23.278720140457153
---- Epoch 7 -----
Full acc: 0.9603955596702068
F1: 0.8029026390195878
Time: 23.331074953079224
---- Epoch 8 -----
Full acc: 0.9607082343487983
F1: 0.8044187558011386
Time: 22.87938952445984
---- Epoch 9 -----
Full acc: 0.9609213422302962
F1: 0.8058197441656089
Time: 23.410232543945312
---- Epoch 10 -----
Full acc: 0.9606405463946339
F1: 0.804054994173609
Time: 23.539749145507812
========= layer1 =========
---- Epoch 1 -----
Full acc: 0.9835723518725545
F1: 0.9204733797862265
Time: 24.78846311569214
---- Epoch 2 -----
Full acc: 0.9836950635830073
F1: 0.9212035260773128
Time: 23.614420890808105
---- Epoch 3 -----
Full acc: 0.9836400398267189
F1: 0.9209502929837925
Time: 23.73930048942566
---- Epoch 4 -----
Full acc: 0.9835841426774734
F1: 0.9206909137708051
Time: 23.50596857070923
---- Epoch 5 -----
Full acc: 0.9836487737562885
F1: 0.9208200725334912
Time: 23.478962659835815
---- Epoch 6 -----
Full acc: 0.9836173316098379
F1: 0.9208639467405818
Time: 23.683741092681885
---- Epoch 7 -----
Full acc: 0.9836238820570151
F1: 0.9208433246647979
Time: 24.40533471107483
---- Epoch 8 -----
Full acc: 0.9836810892956959
F1: 0.9211190127897428
Time: 23.842387199401855
---- Epoch 9 -----
Full acc: 0.9836500838457238
F1: 0.9209676397948199
Time: 23.862462282180786
---- Epoch 10 -----
Full acc: 0.9836203884851873
F1: 0.9207909919498577
Time: 23.593446016311646
========= layer2 =========
---- Epoch 1 -----
Full acc: 0.9798442740357741
F1: 0.9002392701288428
Time: 25.341850996017456
---- Epoch 2 -----
Full acc: 0.9804128528507546
F1: 0.9034694857000201
Time: 23.225502014160156
---- Epoch 3 -----
Full acc: 0.98052333705981
F1: 0.9042338926131264
Time: 23.30053448677063
---- Epoch 4 -----
Full acc: 0.9804704967859139
F1: 0.9038537198877745
Time: 23.491484880447388
---- Epoch 5 -----
Full acc: 0.9804801041084404
F1: 0.9039984364496239
Time: 23.36448311805725
---- Epoch 6 -----
Full acc: 0.9804905848239239
F1: 0.9040231848190136
Time: 23.110322952270508
---- Epoch 7 -----
Full acc: 0.9804980086640581
F1: 0.9039282333706221
Time: 22.909261465072632
---- Epoch 8 -----
Full acc: 0.9804975719675797
F1: 0.9040542601850639
Time: 22.7225923538208
---- Epoch 9 -----
Full acc: 0.9803918914197876
F1: 0.903427287098474
Time: 22.541173934936523
---- Epoch 10 -----
Full acc: 0.9803918914197876
F1: 0.9034816758991159
Time: 23.374537706375122
========= x =========
---- Epoch 1 -----
Full acc: 0.9303316273057574
F1: 0.5000015670493401
Time: 24.29547381401062
---- Epoch 2 -----
Full acc: 0.9303316273057574
F1: 0.5000015670493401
Time: 23.091002702713013
---- Epoch 3 -----
Full acc: 0.9303316273057574
F1: 0.5000015670493401
Time: 23.054919481277466
---- Epoch 4 -----
Full acc: 0.9303316273057574
F1: 0.5000015670493401
Time: 22.720223903656006
---- Epoch 5 -----
Full acc: 0.9303316273057574
F1: 0.5000015670493401
Time: 30.689801692962646
---- Epoch 6 -----
Full acc: 0.9303316273057574
F1: 0.5000015670493401
Time: 22.668292760849
---- Epoch 7 -----
Full acc: 0.9303316273057574
F1: 0.5000015670493401
Time: 23.10100769996643
---- Epoch 8 -----
Full acc: 0.9303316273057574
F1: 0.5000015670493401
Time: 23.03253746032715
---- Epoch 9 -----
Full acc: 0.9303316273057574
F1: 0.5000015670493401
Time: 23.976996183395386
---- Epoch 10 -----
Full acc: 0.9303316273057574
F1: 0.5000015670493401
Time: 23.90386390686035
=============== Seed: 3 ================
========= layer0 =========
---- Epoch 1 -----
Full acc: 0.9607130380100615
F1: 0.8038555624839206
Time: 25.63896679878235
---- Epoch 2 -----
Full acc: 0.960722645332588
F1: 0.8046963893304149
Time: 24.1043860912323
---- Epoch 3 -----
Full acc: 0.9607794158747904
F1: 0.8057009839129795
Time: 24.536648750305176
---- Epoch 4 -----
Full acc: 0.9609527843767468
F1: 0.8066021105816753
Time: 24.33506178855896
---- Epoch 5 -----
Full acc: 0.9606339959474567
F1: 0.8034613648800971
Time: 23.44878053665161
---- Epoch 6 -----
Full acc: 0.9609370633035215
F1: 0.8057123619422031
Time: 23.58556318283081
---- Epoch 7 -----
Full acc: 0.960435735746227
F1: 0.8028412070777742
Time: 23.390929222106934
---- Epoch 8 -----
Full acc: 0.9606064840693125
F1: 0.8045830101945765
Time: 23.64851474761963
---- Epoch 9 -----
Full acc: 0.9606872729178312
F1: 0.8052407150599165
Time: 23.210997581481934
---- Epoch 10 -----
Full acc: 0.9604453430687535
F1: 0.8029388280802978
Time: 23.990437507629395
========= layer1 =========
---- Epoch 1 -----
Full acc: 0.9834937465064282
F1: 0.9200752770024528
Time: 25.692444562911987
---- Epoch 2 -----
Full acc: 0.983614711430967
F1: 0.9208466148695544
Time: 23.612398147583008
---- Epoch 3 -----
Full acc: 0.9836085976802683
F1: 0.9208664944921731
Time: 24.33724021911621
---- Epoch 4 -----
Full acc: 0.9836723553661263
F1: 0.9210594656222618
Time: 24.501018047332764
---- Epoch 5 -----
Full acc: 0.9835976802683063
F1: 0.9207143309480084
Time: 24.549599170684814
---- Epoch 6 -----
Full acc: 0.9836823993851314
F1: 0.9211554692775152
Time: 24.09212899208069
---- Epoch 7 -----
Full acc: 0.983583705980995
F1: 0.920642426494182
Time: 23.257481575012207
---- Epoch 8 -----
Full acc: 0.9836120912520961
F1: 0.9210537941596595
Time: 23.25814175605774
---- Epoch 9 -----
Full acc: 0.9835941866964785
F1: 0.9208711586663015
Time: 23.387521982192993
---- Epoch 10 -----
Full acc: 0.9835583775852431
F1: 0.9206359244175751
Time: 23.602572679519653
========= layer2 =========
---- Epoch 1 -----
Full acc: 0.9798036612632756
F1: 0.9000630980266741
Time: 25.52228307723999
---- Epoch 2 -----
Full acc: 0.9803958216880939
F1: 0.9033990652355417
Time: 24.482981204986572
---- Epoch 3 -----
Full acc: 0.9805010655394075
F1: 0.9039699420821603
Time: 24.36908268928528
---- Epoch 4 -----
Full acc: 0.9804801041084404
F1: 0.9038840734281899
Time: 24.003785133361816
---- Epoch 5 -----
Full acc: 0.9805477920626048
F1: 0.904164407611081
Time: 24.40041971206665
---- Epoch 6 -----
Full acc: 0.9804783573225265
F1: 0.90387092473405
Time: 23.71150517463684
---- Epoch 7 -----
Full acc: 0.9804988820570151
F1: 0.903918480459236
Time: 23.94136667251587
---- Epoch 8 -----
Full acc: 0.9804739903577417
F1: 0.9040384421404151
Time: 24.37897276878357
---- Epoch 9 -----
Full acc: 0.9804242069591951
F1: 0.9036133956888673
Time: 24.326521635055542
---- Epoch 10 -----
Full acc: 0.9804573958915596
F1: 0.9035873328435607
Time: 24.159242391586304
========= x =========
---- Epoch 1 -----
Full acc: 0.9303316273057574
F1: 0.5000015670493401
Time: 24.190073490142822
---- Epoch 2 -----
Full acc: 0.9303316273057574
F1: 0.5000015670493401
Time: 23.170019388198853
---- Epoch 3 -----
Full acc: 0.9303316273057574
F1: 0.5000015670493401
Time: 22.889118671417236
---- Epoch 4 -----
Full acc: 0.9303316273057574
F1: 0.5000015670493401
Time: 23.142489194869995
---- Epoch 5 -----
Full acc: 0.9303316273057574
F1: 0.5000015670493401
Time: 23.620007276535034
---- Epoch 6 -----
Full acc: 0.9303316273057574
F1: 0.5000015670493401
Time: 23.224358320236206
---- Epoch 7 -----
Full acc: 0.9303316273057574
F1: 0.5000015670493401
Time: 23.670722246170044
---- Epoch 8 -----
Full acc: 0.9303316273057574
F1: 0.5000015670493401
Time: 22.818609476089478
---- Epoch 9 -----
Full acc: 0.9303316273057574
F1: 0.5000015670493401
Time: 22.731104373931885
---- Epoch 10 -----
Full acc: 0.9303316273057574
F1: 0.5000015670493401
Time: 23.230963945388794
=============== Seed: 4 ================
========= layer0 =========
---- Epoch 1 -----
Full acc: 0.9608658817775293
F1: 0.8049775193359826
Time: 25.151878118515015
---- Epoch 2 -----
Full acc: 0.9608475405254332
F1: 0.805055815753654
Time: 24.227124214172363
---- Epoch 3 -----
Full acc: 0.9601549399105646
F1: 0.8022453889334402
Time: 22.88987398147583
---- Epoch 4 -----
Full acc: 0.9604859558412521
F1: 0.803825323799654
Time: 23.392000675201416
---- Epoch 5 -----
Full acc: 0.9604352990497484
F1: 0.8032641645458573
Time: 23.991081476211548
---- Epoch 6 -----
Full acc: 0.9605767887087758
F1: 0.8028314208211208
Time: 24.37235689163208
---- Epoch 7 -----
Full acc: 0.9607794158747904
F1: 0.8051318547319728
Time: 24.164753913879395
---- Epoch 8 -----
Full acc: 0.960627008803801
F1: 0.8041719427726217
Time: 23.566713094711304
---- Epoch 9 -----
Full acc: 0.9605086640581331
F1: 0.8040417260761973
Time: 23.700827836990356
---- Epoch 10 -----
Full acc: 0.9610217824203465
F1: 0.8068368965614254
Time: 23.19362187385559
========= layer1 =========
