Changed directory to /rds/user/tdb47/hpc-work/planning/thinker_private_planning/probing.

JobID: 58451041
======
Time: Thu Aug  8 10:38:42 BST 2024
Running on master node: gpu-q-34
Current directory: /rds/user/tdb47/hpc-work/planning/thinker_private_planning/probing

Nodes allocated:
================
gpu-q-34

numtasks=1, numnodes=1, mpi_tasks_per_node=1 (OMP_NUM_THREADS=1)

Executing command:
==================
python3 train_conv_probe.py --feature agent_onto --num_epochs 10 --weight_decay 0.001 --kernel 3 --model_name 250m 


test
=================================== FEATURE: agent_onto =========================================
=============== Seed: 0 ================
========= layer0 =========
---- Epoch 1 -----
Full acc: 0.9808837394583763
F1: 0.9546496092440226
Time: 26.437405586242676
---- Epoch 2 -----
Full acc: 0.9808872185421248
F1: 0.9547618483936745
Time: 29.168654680252075
---- Epoch 3 -----
Full acc: 0.9806845619137744
F1: 0.9539792914582705
Time: 24.50674605369568
---- Epoch 4 -----
Full acc: 0.9808454695371427
F1: 0.954517150684592
Time: 23.920865535736084
---- Epoch 5 -----
Full acc: 0.9808071996159091
F1: 0.9543318656643056
Time: 24.285434007644653
---- Epoch 6 -----
Full acc: 0.9810159446408194
F1: 0.9551060873607382
Time: 23.87855315208435
---- Epoch 7 -----
Full acc: 0.9808815650310334
F1: 0.9546586246800154
Time: 23.590466737747192
---- Epoch 8 -----
Full acc: 0.981082047232041
F1: 0.9552333114135966
Time: 28.995080947875977
---- Epoch 9 -----
Full acc: 0.9811146636421832
F1: 0.9553685032734149
Time: 24.610937356948853
---- Epoch 10 -----
Full acc: 0.9808198112944975
F1: 0.9543060327143278
Time: 25.142742156982422
========= layer1 =========
---- Epoch 1 -----
Full acc: 0.9823401708925937
F1: 0.9583033847695638
Time: 31.939842224121094
---- Epoch 2 -----
Full acc: 0.9822197076178018
F1: 0.9580358929881914
Time: 23.367974042892456
---- Epoch 3 -----
Full acc: 0.9818717992429514
F1: 0.9569036372151593
Time: 23.61623191833496
---- Epoch 4 -----
Full acc: 0.9818322246653122
F1: 0.9570988750983288
Time: 23.702343225479126
---- Epoch 5 -----
Full acc: 0.9821662167051686
F1: 0.9578898943139856
Time: 24.470020532608032
---- Epoch 6 -----
Full acc: 0.9823071195969829
F1: 0.9582954906563611
Time: 23.879405975341797
---- Epoch 7 -----
Full acc: 0.9823105986807315
F1: 0.9581220181653828
Time: 23.850080251693726
---- Epoch 8 -----
Full acc: 0.9822879846363661
F1: 0.9582059165185554
Time: 24.256303310394287
---- Epoch 9 -----
Full acc: 0.9822018773135907
F1: 0.9578999993827885
Time: 32.860607624053955
---- Epoch 10 -----
Full acc: 0.9820848931225472
F1: 0.957868371772883
Time: 23.789260625839233
========= layer2 =========
---- Epoch 1 -----
Full acc: 0.9820822838097358
F1: 0.9574092202665168
Time: 25.149205684661865
---- Epoch 2 -----
Full acc: 0.9825702253054636
F1: 0.958650793732674
Time: 23.667314291000366
---- Epoch 3 -----
Full acc: 0.9824584597400429
F1: 0.9583604316739858
Time: 23.922037601470947
---- Epoch 4 -----
Full acc: 0.9824123618803752
F1: 0.9582390212470674
Time: 24.167712926864624
---- Epoch 5 -----
Full acc: 0.9826441558351192
F1: 0.9588621719379588
Time: 24.36006760597229
---- Epoch 6 -----
Full acc: 0.9823636547078961
F1: 0.9581152373201354
Time: 23.455655813217163
---- Epoch 7 -----
Full acc: 0.9824597643964486
F1: 0.9582743220469614
Time: 24.266608238220215
---- Epoch 8 -----
Full acc: 0.982294073032926
F1: 0.9578885744547049
Time: 28.583282470703125
---- Epoch 9 -----
Full acc: 0.9823171219627599
F1: 0.9580264449603553
Time: 36.19025468826294
---- Epoch 10 -----
Full acc: 0.9824810737844082
F1: 0.9584138546157277
Time: 24.089168787002563
========= x =========
---- Epoch 1 -----
Full acc: 0.8943889337304127
F1: 0.7272173809507763
Time: 26.510886430740356
---- Epoch 2 -----
Full acc: 0.8951247599432214
F1: 0.7329041890302387
Time: 31.753410577774048
---- Epoch 3 -----
Full acc: 0.8945668018870551
F1: 0.7280997973413246
Time: 24.1459538936615
---- Epoch 4 -----
Full acc: 0.8946755232541957
F1: 0.727207807932959
Time: 28.551096439361572
---- Epoch 5 -----
Full acc: 0.8947729375991539
F1: 0.729505695175897
Time: 25.140668630599976
---- Epoch 6 -----
Full acc: 0.8943267451084083
F1: 0.7261724591412766
Time: 23.177878379821777
---- Epoch 7 -----
Full acc: 0.8944689526566284
F1: 0.7272972462712733
Time: 23.67011833190918
---- Epoch 8 -----
Full acc: 0.8947024861532467
F1: 0.7298681622484601
Time: 23.62959361076355
---- Epoch 9 -----
Full acc: 0.894832516908347
F1: 0.7297968906776195
Time: 23.209874153137207
---- Epoch 10 -----
Full acc: 0.8950403921623201
F1: 0.7310755640337663
Time: 23.876883506774902
=============== Seed: 1 ================
========= layer0 =========
---- Epoch 1 -----
Full acc: 0.980557575356954
F1: 0.9536548375426189
Time: 25.478238582611084
---- Epoch 2 -----
Full acc: 0.9809489722786607
F1: 0.9547704865732142
Time: 24.03379201889038
---- Epoch 3 -----
Full acc: 0.9808298136602744
F1: 0.9544257600272943
Time: 24.171345949172974
---- Epoch 4 -----
Full acc: 0.9810137702134766
F1: 0.9550125302952863
Time: 24.26662588119507
---- Epoch 5 -----
Full acc: 0.9811672847838793
F1: 0.9553208940979835
Time: 28.58092713356018
---- Epoch 6 -----
Full acc: 0.9809180954103928
F1: 0.954623110588975
Time: 34.352989196777344
---- Epoch 7 -----
Full acc: 0.980678908402683
F1: 0.953971592262984
Time: 23.984734296798706
---- Epoch 8 -----
Full acc: 0.9807167434384481
F1: 0.9540779497312989
Time: 33.77950429916382
---- Epoch 9 -----
Full acc: 0.980809374043252
F1: 0.9543211103382027
Time: 23.852904558181763
---- Epoch 10 -----
Full acc: 0.9812451292827521
F1: 0.9556819326237126
Time: 23.762266397476196
========= layer1 =========
---- Epoch 1 -----
Full acc: 0.9820566255670906
F1: 0.9576492131334655
Time: 45.2004177570343
---- Epoch 2 -----
Full acc: 0.9822227518160818
F1: 0.9580912973674552
Time: 24.53130340576172
---- Epoch 3 -----
Full acc: 0.9823610453950847
F1: 0.9584731723998124
Time: 24.13283920288086
---- Epoch 4 -----
Full acc: 0.9821253374711236
F1: 0.9578594892531548
Time: 34.32131767272949
---- Epoch 5 -----
Full acc: 0.9821440375462718
F1: 0.957647687431083
Time: 24.174628973007202
---- Epoch 6 -----
Full acc: 0.9822401472348242
F1: 0.9582081426477932
Time: 24.10928440093994
---- Epoch 7 -----
Full acc: 0.9821062025105068
F1: 0.957523991212857
Time: 24.42189645767212
---- Epoch 8 -----
Full acc: 0.9817948245150158
F1: 0.9569161417809066
Time: 23.693300008773804
---- Epoch 9 -----
Full acc: 0.9821540399120487
F1: 0.9580176334942269
Time: 23.72894310951233
---- Epoch 10 -----
Full acc: 0.9820718465584903
F1: 0.9574568867212856
Time: 23.92049264907837
========= layer2 =========
---- Epoch 1 -----
Full acc: 0.9821231630437808
F1: 0.9575709533349641
Time: 25.936174392700195
---- Epoch 2 -----
Full acc: 0.9822858102090234
F1: 0.9580051816943708
Time: 27.12853765487671
---- Epoch 3 -----
Full acc: 0.9822853753235548
F1: 0.9579605055390084
Time: 26.110472440719604
---- Epoch 4 -----
Full acc: 0.9823188615046341
F1: 0.9580278878087103
Time: 24.29141640663147
---- Epoch 5 -----
Full acc: 0.9824588946255114
F1: 0.9583260579147428
Time: 24.067105293273926
---- Epoch 6 -----
Full acc: 0.9820153114475771
F1: 0.9570462172523497
Time: 24.607266426086426
---- Epoch 7 -----
Full acc: 0.9823284289849425
F1: 0.9579893616471354
Time: 33.60541343688965
---- Epoch 8 -----
Full acc: 0.982255368226224
F1: 0.9578459195680764
Time: 24.435144186019897
---- Epoch 9 -----
Full acc: 0.9825463066046926
F1: 0.9586076732673268
Time: 30.116403579711914
---- Epoch 10 -----
Full acc: 0.982324949901194
F1: 0.9580606115640565
Time: 24.011821031570435
========= x =========
---- Epoch 1 -----
Full acc: 0.8946820465362242
F1: 0.7307634154693136
Time: 26.49495792388916
---- Epoch 2 -----
Full acc: 0.8948329517938156
F1: 0.7314987425817877
Time: 26.99594759941101
---- Epoch 3 -----
Full acc: 0.8947111838626179
F1: 0.7278617249313492
Time: 23.57495903968811
---- Epoch 4 -----
Full acc: 0.8947646747752512
F1: 0.7304195928843892
Time: 23.188594102859497
---- Epoch 5 -----
Full acc: 0.8952865373375268
F1: 0.7339497387937665
Time: 24.5691237449646
---- Epoch 6 -----
Full acc: 0.8951365018508726
F1: 0.7306739044236321
Time: 23.933025121688843
---- Epoch 7 -----
Full acc: 0.8948938357594144
F1: 0.7310539757078713
Time: 23.95299768447876
---- Epoch 8 -----
Full acc: 0.8949951640735896
F1: 0.7308691183977921
Time: 29.291900634765625
---- Epoch 9 -----
Full acc: 0.8952752303153442
F1: 0.7326763008732063
Time: 34.20521140098572
---- Epoch 10 -----
Full acc: 0.8947564119513485
F1: 0.7295750693653698
Time: 24.573025226593018
=============== Seed: 2 ================
========= layer0 =========
---- Epoch 1 -----
Full acc: 0.9805088681844749
F1: 0.9535855977515127
Time: 26.99736738204956
---- Epoch 2 -----
Full acc: 0.9805188705502519
F1: 0.953576291948291
Time: 24.385351181030273
---- Epoch 3 -----
Full acc: 0.9806167197806785
F1: 0.953817460276343
Time: 27.630059003829956
---- Epoch 4 -----
Full acc: 0.9806197639789584
F1: 0.9538660620930257
Time: 24.84716558456421
---- Epoch 5 -----
Full acc: 0.9809641932700603
F1: 0.9547682819965941
Time: 24.376688718795776
---- Epoch 6 -----
Full acc: 0.9807837158006067
F1: 0.9542844077416578
Time: 28.31347680091858
---- Epoch 7 -----
Full acc: 0.9809194000667985
F1: 0.9546615191775315
Time: 24.735324144363403
---- Epoch 8 -----
Full acc: 0.9807036968743912
F1: 0.9540540176717707
Time: 25.035253286361694
---- Epoch 9 -----
Full acc: 0.9808859138857191
F1: 0.9546242917788533
Time: 27.07572364807129
---- Epoch 10 -----
Full acc: 0.9807123945837625
F1: 0.9541728620598084
Time: 23.619362592697144
========= layer1 =========
---- Epoch 1 -----
Full acc: 0.9823145126499485
F1: 0.9583265443731561
Time: 25.794378995895386
---- Epoch 2 -----
Full acc: 0.9821222932728436
F1: 0.9576911637117002
Time: 24.39487600326538
---- Epoch 3 -----
Full acc: 0.9822558031116925
F1: 0.9581566014980843
Time: 24.327223777770996
---- Epoch 4 -----
Full acc: 0.9821492561718945
F1: 0.9577541906686029
Time: 24.372737884521484
---- Epoch 5 -----
Full acc: 0.9820996792284784
F1: 0.9576758911651083
Time: 28.551210165023804
---- Epoch 6 -----
Full acc: 0.9821375142642433
F1: 0.9577423636045639
Time: 24.953092098236084
---- Epoch 7 -----
Full acc: 0.9821183793036266
F1: 0.9577333618414019
Time: 24.87971544265747
---- Epoch 8 -----
Full acc: 0.9821992680007793
F1: 0.9579002367674557
Time: 37.02074098587036
---- Epoch 9 -----
Full acc: 0.982365829135239
F1: 0.9583664886631874
Time: 24.31811237335205
---- Epoch 10 -----
Full acc: 0.9816713170419439
F1: 0.9563521653037722
Time: 23.848494052886963
========= layer2 =========
---- Epoch 1 -----
Full acc: 0.9821905702914081
F1: 0.9578083241810887
Time: 30.974169492721558
---- Epoch 2 -----
Full acc: 0.9822571077680982
F1: 0.9579156166802654
Time: 24.027547121047974
---- Epoch 3 -----
Full acc: 0.9824436736341117
F1: 0.9583889075567887
Time: 25.66070318222046
---- Epoch 4 -----
Full acc: 0.982355826769462
F1: 0.9580841787714115
Time: 26.25788378715515
---- Epoch 5 -----
Full acc: 0.9825062971415848
F1: 0.9584765585484034
Time: 24.112641096115112
---- Epoch 6 -----
Full acc: 0.9822140541067105
F1: 0.9576668205502962
Time: 27.563982486724854
---- Epoch 7 -----
Full acc: 0.9824936854629964
F1: 0.9584032983895551
Time: 25.670045852661133
---- Epoch 8 -----
Full acc: 0.9825206483620473
F1: 0.9585003846094279
Time: 24.17551589012146
---- Epoch 9 -----
Full acc: 0.9824610690528542
F1: 0.958392912042224
Time: 24.047271490097046
---- Epoch 10 -----
Full acc: 0.9822805915834006
F1: 0.9577735701619932
Time: 25.37042737007141
========= x =========
---- Epoch 1 -----
Full acc: 0.8941397443569261
F1: 0.7269133209703277
Time: 25.0897274017334
---- Epoch 2 -----
Full acc: 0.8951112784936959
F1: 0.7327653737442231
Time: 23.895694255828857
---- Epoch 3 -----
Full acc: 0.8947790259957138
F1: 0.729088264570893
Time: 28.44137215614319
---- Epoch 4 -----
Full acc: 0.8950260409418576
F1: 0.7322889575281011
Time: 24.315004587173462
---- Epoch 5 -----
Full acc: 0.8950386526204459
F1: 0.7337517926089354
Time: 23.771507263183594
---- Epoch 6 -----
Full acc: 0.8948807891953575
F1: 0.7326840197868479
Time: 29.383390426635742
---- Epoch 7 -----
Full acc: 0.8948277331681929
F1: 0.7302592907788762
Time: 24.014645099639893
---- Epoch 8 -----
Full acc: 0.8948947055303516
F1: 0.7305242336969308
Time: 23.92928147315979
---- Epoch 9 -----
Full acc: 0.8952930606195553
F1: 0.7331634728236114
Time: 30.092495441436768
---- Epoch 10 -----
Full acc: 0.894990815218904
F1: 0.7302795457744198
Time: 24.183327198028564
=============== Seed: 3 ================
========= layer0 =========
---- Epoch 1 -----
Full acc: 0.9807089155000139
F1: 0.9541006641895367
Time: 25.347949743270874
---- Epoch 2 -----
Full acc: 0.9809115721283643
F1: 0.9547269413532717
Time: 28.718478202819824
---- Epoch 3 -----
Full acc: 0.9810259470065963
F1: 0.9550532397105606
Time: 24.25518250465393
---- Epoch 4 -----
Full acc: 0.9806410733669181
F1: 0.9539896165267354
Time: 24.231904983520508
---- Epoch 5 -----
Full acc: 0.9801492179019733
F1: 0.9524925636280752
Time: 24.814507722854614
---- Epoch 6 -----
Full acc: 0.980820246179966
F1: 0.9544805719576048
Time: 24.23724913597107
---- Epoch 7 -----
Full acc: 0.9805867126833477
F1: 0.9537825044416007
Time: 23.676838874816895
---- Epoch 8 -----
Full acc: 0.9808367718277714
F1: 0.9543628456705031
Time: 24.241089820861816
---- Epoch 9 -----
Full acc: 0.980854167246514
F1: 0.9544946659789616
Time: 24.019068717956543
---- Epoch 10 -----
Full acc: 0.9806458571070723
F1: 0.9540153874449526
Time: 30.99135994911194
========= layer1 =========
---- Epoch 1 -----
Full acc: 0.9822049215118707
F1: 0.9579859025499649
Time: 34.1271014213562
---- Epoch 2 -----
Full acc: 0.9819922625177433
F1: 0.9573785678260064
Time: 24.474811792373657
---- Epoch 3 -----
Full acc: 0.9821609980795458
F1: 0.9577971381891659
Time: 28.515162706375122
---- Epoch 4 -----
Full acc: 0.9820988094575412
F1: 0.9578470376799127
Time: 25.034600257873535
---- Epoch 5 -----
Full acc: 0.9815912981157282
F1: 0.9566152294585974
Time: 23.543835401535034
---- Epoch 6 -----
Full acc: 0.9818039571098556
F1: 0.9571875425274913
Time: 26.791677236557007
---- Epoch 7 -----
Full acc: 0.9822579775390353
F1: 0.957998783110563
Time: 25.616793632507324
---- Epoch 8 -----
Full acc: 0.9821205537309694
F1: 0.9577255083416879
Time: 24.43471622467041
---- Epoch 9 -----
Full acc: 0.9821662167051686
F1: 0.9579951406785842
Time: 25.80779218673706
---- Epoch 10 -----
Full acc: 0.9821923098332823
F1: 0.957860549167152
Time: 23.571216821670532
========= layer2 =========
---- Epoch 1 -----
Full acc: 0.9822323192963901
F1: 0.9579147747406241
Time: 25.673516273498535
---- Epoch 2 -----
Full acc: 0.982273198530435
F1: 0.9578084664606187
Time: 23.796537160873413
---- Epoch 3 -----
Full acc: 0.9822310146399844
F1: 0.9578219663537818
Time: 23.024328231811523
---- Epoch 4 -----
Full acc: 0.9825154297364246
F1: 0.9585591082864261
Time: 24.06630563735962
---- Epoch 5 -----
Full acc: 0.9822936381474575
F1: 0.9578404013523378
Time: 23.343369007110596
---- Epoch 6 -----
Full acc: 0.9822379728074814
F1: 0.9578643194566093
Time: 24.258431673049927
---- Epoch 7 -----
Full acc: 0.9824862924100309
F1: 0.9583584080404504
Time: 29.658915042877197
---- Epoch 8 -----
Full acc: 0.982511080881739
F1: 0.9586288841680769
Time: 31.66150212287903
---- Epoch 9 -----
Full acc: 0.9824193200478722
F1: 0.9583062601459993
Time: 23.343645095825195
---- Epoch 10 -----
Full acc: 0.982376701271953
F1: 0.9581632463437749
Time: 24.42255139350891
========= x =========
---- Epoch 1 -----
Full acc: 0.894028413676974
F1: 0.7251658803586151
Time: 31.751981258392334
---- Epoch 2 -----
Full acc: 0.8944315525063319
F1: 0.7255865270049988
Time: 24.368470907211304
---- Epoch 3 -----
Full acc: 0.8942754286231178
F1: 0.7257409289716737
Time: 24.680083513259888
---- Epoch 4 -----
Full acc: 0.8948625240056779
F1: 0.7319308135583071
Time: 27.650577306747437
---- Epoch 5 -----
Full acc: 0.8946442115004593
F1: 0.7277993818040043
Time: 24.654006719589233
---- Epoch 6 -----
Full acc: 0.8949168846892482
F1: 0.7296166826307638
Time: 23.22417950630188
---- Epoch 7 -----
Full acc: 0.8949938594171839
F1: 0.7314557468138752
Time: 28.787961721420288
---- Epoch 8 -----
Full acc: 0.8949638523198531
F1: 0.7290888044399977
Time: 23.62142515182495
---- Epoch 9 -----
Full acc: 0.8947268397394862
F1: 0.7290521958803389
Time: 24.631484031677246
---- Epoch 10 -----
Full acc: 0.8944954806702107
F1: 0.7270986763437074
Time: 24.881762266159058
=============== Seed: 4 ================
========= layer0 =========
---- Epoch 1 -----
Full acc: 0.9808306834312116
F1: 0.9545346242987415
Time: 26.414619207382202
---- Epoch 2 -----
Full acc: 0.9806771688608088
F1: 0.9539952827355992
Time: 24.352094173431396
---- Epoch 3 -----
Full acc: 0.980954625789752
F1: 0.9548550835192294
Time: 23.667470693588257
---- Epoch 4 -----
Full acc: 0.9807589273288987
F1: 0.9542338167449366
Time: 30.535539865493774
---- Epoch 5 -----
Full acc: 0.9808811301455649
F1: 0.9546390199560247
Time: 36.64283800125122
---- Epoch 6 -----
Full acc: 0.9807241364914137
F1: 0.9541840493841454
Time: 24.812474012374878
---- Epoch 7 -----
Full acc: 0.9808411206824571
F1: 0.9544851099000439
Time: 24.21735715866089
---- Epoch 8 -----
Full acc: 0.9806793432881517
F1: 0.9539661898569571
Time: 30.961232662200928
---- Epoch 9 -----
Full acc: 0.9809294024325753
F1: 0.9546292598440187
Time: 24.681967973709106
---- Epoch 10 -----
Full acc: 0.9811120543293718
F1: 0.9553625202210908
Time: 24.28469443321228
========= layer1 =========
---- Epoch 1 -----
Full acc: 0.9822153587631162
F1: 0.9579597824332645
Time: 33.07409310340881
---- Epoch 2 -----
Full acc: 0.9823510430293078
F1: 0.9583499678257273
Time: 24.826518058776855
---- Epoch 3 -----
Full acc: 0.9822905939491775
F1: 0.9582835635888305
Time: 27.874287843704224
---- Epoch 4 -----
Full acc: 0.9824375852375519
F1: 0.9585668292502755
Time: 25.371269702911377
---- Epoch 5 -----
Full acc: 0.9822231867015503
F1: 0.9581085138806477
Time: 24.438772678375244
---- Epoch 6 -----
Full acc: 0.9822423216621671
F1: 0.9580602519897577
Time: 24.054712057113647
---- Epoch 7 -----
Full acc: 0.9823014660858916
F1: 0.9583411385479332
Time: 24.76545476913452
---- Epoch 8 -----
Full acc: 0.9821396886915862
F1: 0.957732766188683
Time: 23.872748613357544
---- Epoch 9 -----
Full acc: 0.9818909342035681
F1: 0.9573332486303215
Time: 23.17765974998474
---- Epoch 10 -----
Full acc: 0.982334952266971
F1: 0.958269895767199
Time: 23.73958945274353
========= layer2 =========
---- Epoch 1 -----
Full acc: 0.9820757605277074
F1: 0.9573696970699941
Time: 31.63967514038086
---- Epoch 2 -----
Full acc: 0.9822249262434245
F1: 0.9576805639968483
Time: 25.505256175994873
---- Epoch 3 -----
Full acc: 0.9819574716802583
F1: 0.9570189233596682
Time: 25.06168842315674
---- Epoch 4 -----
Full acc: 0.9820879373208272
F1: 0.9573894907595156
Time: 36.01386618614197
---- Epoch 5 -----
Full acc: 0.9825463066046926
F1: 0.9586402628292063
Time: 30.941972732543945
---- Epoch 6 -----
Full acc: 0.982273198530435
F1: 0.9579628449383603
Time: 23.72026777267456
---- Epoch 7 -----
Full acc: 0.9822518891424754
F1: 0.9576806977484525
Time: 31.795063972473145
---- Epoch 8 -----
Full acc: 0.9821405584625233
F1: 0.9576055885841586
Time: 25.26056718826294
---- Epoch 9 -----
Full acc: 0.9823397360071252
F1: 0.9580655787474713
Time: 24.69948434829712
---- Epoch 10 -----
Full acc: 0.982324949901194
F1: 0.9580477110130049
Time: 30.46406888961792
========= x =========
---- Epoch 1 -----
Full acc: 0.8946776976815386
F1: 0.7306630663733643
Time: 25.47801446914673
---- Epoch 2 -----
Full acc: 0.8946037671518828
F1: 0.7276694916206516
Time: 23.81026268005371
---- Epoch 3 -----
Full acc: 0.8952730558880013
F1: 0.7331923299788716
Time: 28.957969188690186
---- Epoch 4 -----
Full acc: 0.8943863244176014
F1: 0.7256544195062877
Time: 23.430242776870728
---- Epoch 5 -----
Full acc: 0.8951934718472543
F1: 0.7331211573557292
Time: 23.71843433380127
---- Epoch 6 -----
Full acc: 0.8947303188232347
F1: 0.7286693800139665
Time: 23.39260745048523
---- Epoch 7 -----
Full acc: 0.8949534150686075
F1: 0.7318929214403527
Time: 23.85377860069275
---- Epoch 8 -----
Full acc: 0.89504648055888
F1: 0.732624870930145
Time: 23.405261278152466
---- Epoch 9 -----
Full acc: 0.8946076811210999
F1: 0.7280032772717835
Time: 23.59602189064026
---- Epoch 10 -----
Full acc: 0.894990815218904
F1: 0.7325689831233069
Time: 24.741815090179443
