Loading rhel8/default-amp
  Loading requirement: dot rhel8/slurm singularity/current rhel8/global
    cuda/11.4 libpciaccess/0.16/gcc-9.4.0-6fonbj6
    libiconv/1.16/gcc-9.4.0-ahebbov libxml2/2.9.12/gcc-9.4.0-gnknt5e
    ncurses/6.2/gcc-9.4.0-aiirok7 hwloc/2.5.0/gcc-9.4.0-7sqomga
    libevent/2.1.12/gcc-9.4.0-hgny7cm numactl/2.0.14/gcc-9.4.0-52dwc6n
    cuda/11.4.0/gcc-9.4.0-3hnxhjt gdrcopy/2.2/gcc-9.4.0-e4igtfp
    knem/1.1.4/gcc-9.4.0-bpbxgva libnl/3.3.0/gcc-9.4.0-whwhrwb
    rdma-core/34.0/gcc-9.4.0-5eo5n2u ucx/1.11.1/gcc-9.4.0-lktqyl4
    openmpi/4.1.1/gcc-9.4.0-epagguv
Changed directory to /rds/user/tdb47/hpc-work/planning/thinker_private_planning/probing.

JobID: 58688677
======
Time: Sun Aug 11 10:16:33 BST 2024
Running on master node: gpu-q-29
Current directory: /rds/user/tdb47/hpc-work/planning/thinker_private_planning/probing

Nodes allocated:
================
gpu-q-29

numtasks=1, numnodes=1, mpi_tasks_per_node=1 (OMP_NUM_THREADS=1)

Executing command:
==================
python train_conv_probe.py --feature agent_onto_after --num_epochs 10 --weight_decay 0.001 --kernel 3 --model_name 250m 


test
=================================== FEATURE: agent_onto_after =========================================
!!!!
=============== Seed: 0 ================
========= layer0 =========
---- Epoch 1 -----
Full acc: 0.9606265721073225
F1: 0.8843529943980414
Time: 28.90390157699585
---- Epoch 2 -----
Full acc: 0.9607549608719955
F1: 0.8847178443215323
Time: 23.17873501777649
---- Epoch 3 -----
Full acc: 0.9607222086361096
F1: 0.8847474303961793
Time: 23.833239316940308
---- Epoch 4 -----
Full acc: 0.9606436032699832
F1: 0.8845530945742656
Time: 23.47148847579956
---- Epoch 5 -----
Full acc: 0.9608894633873672
F1: 0.885253933842514
Time: 23.2038357257843
---- Epoch 6 -----
Full acc: 0.9604409761039687
F1: 0.8842113379549094
Time: 23.75855565071106
---- Epoch 7 -----
Full acc: 0.9607409865846842
F1: 0.8848412031014343
Time: 23.494585275650024
---- Epoch 8 -----
Full acc: 0.9607693718557854
F1: 0.8848816858768729
Time: 23.04785442352295
---- Epoch 9 -----
Full acc: 0.9608846597261039
F1: 0.8852130086970641
Time: 23.40646004676819
---- Epoch 10 -----
Full acc: 0.9607222086361096
F1: 0.8846782967294968
Time: 23.552210569381714
========= layer1 =========
---- Epoch 1 -----
Full acc: 0.9622157105925098
F1: 0.8877030359720838
Time: 24.83572554588318
---- Epoch 2 -----
Full acc: 0.9626956400223589
F1: 0.8890216314794372
Time: 23.560667514801025
---- Epoch 3 -----
Full acc: 0.9624030533817776
F1: 0.8885206592868112
Time: 23.422908306121826
---- Epoch 4 -----
Full acc: 0.9622126537171605
F1: 0.8881858885547051
Time: 23.35775852203369
---- Epoch 5 -----
Full acc: 0.962359820430408
F1: 0.8883024633192397
Time: 23.62435221672058
---- Epoch 6 -----
Full acc: 0.9627414931525993
F1: 0.8890370839852512
Time: 23.122503995895386
---- Epoch 7 -----
Full acc: 0.9629087479038569
F1: 0.8894248036163506
Time: 23.39040970802307
---- Epoch 8 -----
Full acc: 0.9627934600335383
F1: 0.8893286917261491
Time: 23.375605821609497
---- Epoch 9 -----
Full acc: 0.9627690050307435
F1: 0.8890777115070684
Time: 23.003390550613403
---- Epoch 10 -----
Full acc: 0.962297809530464
F1: 0.8883288639174631
Time: 22.961448907852173
========= layer2 =========
---- Epoch 1 -----
Full acc: 0.9646123008664058
F1: 0.8955118069930338
Time: 25.470354080200195
---- Epoch 2 -----
Full acc: 0.9651354632476243
F1: 0.896662440350191
Time: 23.637135982513428
---- Epoch 3 -----
Full acc: 0.9647533538289548
F1: 0.8959309918292039
Time: 23.52056360244751
---- Epoch 4 -----
Full acc: 0.9649533608160984
F1: 0.8961880790553607
Time: 23.508289337158203
---- Epoch 5 -----
Full acc: 0.9646035669368362
F1: 0.8955297098194427
Time: 24.33376407623291
---- Epoch 6 -----
Full acc: 0.9649992139463387
F1: 0.8963089056622865
Time: 24.20343780517578
---- Epoch 7 -----
Full acc: 0.9649206085802124
F1: 0.8962390625601513
Time: 23.1147723197937
---- Epoch 8 -----
Full acc: 0.9648031372275014
F1: 0.8959507663447275
Time: 23.648603439331055
---- Epoch 9 -----
Full acc: 0.9649856763555059
F1: 0.8962536866643177
Time: 23.302883625030518
---- Epoch 10 -----
Full acc: 0.9644978863890442
F1: 0.8954835386703209
Time: 23.62526035308838
========= x =========
---- Epoch 1 -----
Full acc: 0.8337762891280045
F1: 0.4547310182452269
Time: 25.107531547546387
---- Epoch 2 -----
Full acc: 0.8339845933482393
F1: 0.4597317750706414
Time: 23.508946418762207
---- Epoch 3 -----
Full acc: 0.8344033852711011
F1: 0.4636943934371627
Time: 22.48858880996704
---- Epoch 4 -----
Full acc: 0.8347592929010621
F1: 0.4620039421382236
Time: 22.746392726898193
---- Epoch 5 -----
Full acc: 0.8345435648406931
F1: 0.46138018458464
Time: 23.96069097518921
---- Epoch 6 -----
Full acc: 0.8347815644214645
F1: 0.4661264144484737
Time: 24.071556568145752
---- Epoch 7 -----
Full acc: 0.8346501187814421
F1: 0.46228746168367535
Time: 22.25589370727539
---- Epoch 8 -----
Full acc: 0.8341706260480716
F1: 0.46105046681639344
Time: 22.341215133666992
---- Epoch 9 -----
Full acc: 0.8344902878703186
F1: 0.46375807754839454
Time: 22.889377117156982
---- Epoch 10 -----
Full acc: 0.8345330841252097
F1: 0.4619062915328417
Time: 22.153428077697754
=============== Seed: 1 ================
========= layer0 =========
---- Epoch 1 -----
Full acc: 0.9605929464784796
F1: 0.8841957970070334
Time: 24.659849405288696
---- Epoch 2 -----
Full acc: 0.9607296324762438
F1: 0.8848112979143237
Time: 23.374398231506348
---- Epoch 3 -----
Full acc: 0.9607658782839575
F1: 0.884890080240093
Time: 23.613219499588013
---- Epoch 4 -----
Full acc: 0.9606195849636668
F1: 0.8844166044469344
Time: 23.58618688583374
---- Epoch 5 -----
Full acc: 0.9606514638065958
F1: 0.8846752585862934
Time: 23.75356149673462
---- Epoch 6 -----
Full acc: 0.9607156581889323
F1: 0.8846443001943246
Time: 23.43972897529602
---- Epoch 7 -----
Full acc: 0.9607003738121855
F1: 0.8846378363745112
Time: 22.994186878204346
---- Epoch 8 -----
Full acc: 0.9606636913079933
F1: 0.8846784935920715
Time: 23.524319648742676
---- Epoch 9 -----
Full acc: 0.960746226942426
F1: 0.8848524968073537
Time: 23.47736668586731
---- Epoch 10 -----
Full acc: 0.9608073644494131
F1: 0.8848927225274604
Time: 22.935574769973755
========= layer1 =========
---- Epoch 1 -----
Full acc: 0.9623995598099497
F1: 0.8881946464627128
Time: 24.975518226623535
---- Epoch 2 -----
Full acc: 0.9621401621017328
F1: 0.8880634872757527
Time: 23.87753915786743
---- Epoch 3 -----
Full acc: 0.9628873497764114
F1: 0.889504937934432
Time: 23.60029411315918
---- Epoch 4 -----
Full acc: 0.9627960802124091
F1: 0.8893510221042085
Time: 23.32891082763672
---- Epoch 5 -----
Full acc: 0.9627035005589715
F1: 0.8890929117562971
Time: 22.34043836593628
---- Epoch 6 -----
Full acc: 0.9627227152040246
F1: 0.8891102665724061
Time: 23.03810405731201
---- Epoch 7 -----
Full acc: 0.9627720619060928
F1: 0.8890983465354131
Time: 22.031711101531982
---- Epoch 8 -----
Full acc: 0.9627393096702068
F1: 0.8891410476640018
Time: 23.43633198738098
---- Epoch 9 -----
Full acc: 0.9628615846841811
F1: 0.889393628481626
Time: 22.770581245422363
---- Epoch 10 -----
Full acc: 0.9626825391280045
F1: 0.888902622497703
Time: 23.28272581100464
========= layer2 =========
---- Epoch 1 -----
Full acc: 0.9643166573504751
F1: 0.8948352408346686
Time: 25.733381748199463
---- Epoch 2 -----
Full acc: 0.9648363261598658
F1: 0.896078476389356
Time: 23.821722984313965
---- Epoch 3 -----
Full acc: 0.964737196059251
F1: 0.8958132782406896
Time: 23.93885636329651
---- Epoch 4 -----
Full acc: 0.9649970304639464
F1: 0.8962200347619909
Time: 23.92098355293274
---- Epoch 5 -----
Full acc: 0.9650607881498043
F1: 0.8963510138986173
Time: 23.968486070632935
---- Epoch 6 -----
Full acc: 0.9650354597540526
F1: 0.8963580333324647
Time: 23.821324110031128
---- Epoch 7 -----
Full acc: 0.9649651516210174
F1: 0.8962182493951817
Time: 23.401952743530273
---- Epoch 8 -----
Full acc: 0.9651153752096143
F1: 0.8966138839320139
Time: 23.815083503723145
---- Epoch 9 -----
Full acc: 0.9646336989938513
F1: 0.8956346826639632
Time: 23.37308430671692
---- Epoch 10 -----
Full acc: 0.9647319557015093
F1: 0.8959352383951614
Time: 23.165555238723755
========= x =========
---- Epoch 1 -----
Full acc: 0.8345418180547792
F1: 0.45699951068644057
Time: 25.461079359054565
---- Epoch 2 -----
Full acc: 0.8347086361095584
F1: 0.46320304762366016
Time: 22.40789532661438
---- Epoch 3 -----
Full acc: 0.834535267607602
F1: 0.4636764888311397
Time: 22.94733166694641
---- Epoch 4 -----
Full acc: 0.8340824133594187
F1: 0.4613055121701194
Time: 22.786991119384766
---- Epoch 5 -----
Full acc: 0.834609942705422
F1: 0.46290146147899713
Time: 22.803499937057495
---- Epoch 6 -----
Full acc: 0.834706452627166
F1: 0.46540182840361544
Time: 23.695720195770264
---- Epoch 7 -----
Full acc: 0.8342142956959195
F1: 0.4615991186046792
Time: 23.335611820220947
---- Epoch 8 -----
Full acc: 0.8343169193683622
F1: 0.459902918324429
Time: 23.481618404388428
---- Epoch 9 -----
Full acc: 0.8343771834823924
F1: 0.4624656433989635
Time: 22.90609908103943
---- Epoch 10 -----
Full acc: 0.8347103828954723
F1: 0.46430807067000285
Time: 23.114887475967407
=============== Seed: 2 ================
========= layer0 =========
---- Epoch 1 -----
Full acc: 0.9603750349357183
F1: 0.8836940843995151
Time: 25.1959228515625
---- Epoch 2 -----
Full acc: 0.9606772288988261
F1: 0.8845257199678278
Time: 23.52273154258728
---- Epoch 3 -----
Full acc: 0.960756270961431
F1: 0.8848241006438855
Time: 23.211055755615234
---- Epoch 4 -----
Full acc: 0.9605387961151481
F1: 0.8842608031318482
Time: 23.265499114990234
---- Epoch 5 -----
Full acc: 0.9605654346003354
F1: 0.8844662672866619
Time: 23.435834169387817
---- Epoch 6 -----
Full acc: 0.9608689386528787
F1: 0.8850218939541046
Time: 23.375074863433838
---- Epoch 7 -----
Full acc: 0.9607553975684741
F1: 0.8848211434016017
Time: 23.35017418861389
---- Epoch 8 -----
Full acc: 0.960689893096702
F1: 0.8845566205383962
Time: 23.323486328125
---- Epoch 9 -----
Full acc: 0.9606802857741755
F1: 0.884627124000751
Time: 23.97504186630249
---- Epoch 10 -----
Full acc: 0.9606082308552264
F1: 0.8845181420740034
Time: 24.511794805526733
========= layer1 =========
---- Epoch 1 -----
Full acc: 0.9626834125209615
F1: 0.8887844367741419
Time: 24.84395980834961
---- Epoch 2 -----
Full acc: 0.9623799084684181
F1: 0.8883501355213778
Time: 23.586557388305664
---- Epoch 3 -----
Full acc: 0.9627729352990497
F1: 0.889196946101586
Time: 24.05587148666382
---- Epoch 4 -----
Full acc: 0.9629096212968139
F1: 0.8894865702188891
Time: 24.118638277053833
---- Epoch 5 -----
Full acc: 0.9626781721632197
F1: 0.88907750003664
Time: 23.562965869903564
---- Epoch 6 -----
Full acc: 0.9626510969815539
F1: 0.8891426201965942
Time: 23.425626754760742
---- Epoch 7 -----
Full acc: 0.9626834125209615
F1: 0.8890477049024043
Time: 23.41413927078247
---- Epoch 8 -----
Full acc: 0.9624991266070431
F1: 0.8887769069411501
Time: 23.126514196395874
---- Epoch 9 -----
Full acc: 0.9622995563163779
F1: 0.888278844189751
Time: 23.823371648788452
---- Epoch 10 -----
Full acc: 0.9626314456400223
F1: 0.8889956983744458
Time: 24.241169214248657
========= layer2 =========
---- Epoch 1 -----
Full acc: 0.9647406896310788
F1: 0.8954719116898788
Time: 24.640398025512695
---- Epoch 2 -----
Full acc: 0.9647123043599777
F1: 0.8958193840395928
Time: 23.35876727104187
---- Epoch 3 -----
Full acc: 0.9649642782280604
F1: 0.89617505910117
Time: 24.083256244659424
---- Epoch 4 -----
Full acc: 0.9642856519005031
F1: 0.8950583235300856
Time: 24.335596084594727
---- Epoch 5 -----
Full acc: 0.9646778053381777
F1: 0.8957559023689093
Time: 24.363138914108276
---- Epoch 6 -----
Full acc: 0.9648830526830632
F1: 0.8960196036342264
Time: 23.629879236221313
---- Epoch 7 -----
Full acc: 0.9648559775013974
F1: 0.8960883110501221
Time: 23.230733394622803
---- Epoch 8 -----
Full acc: 0.9647821757965344
F1: 0.895822718087666
Time: 23.432629823684692
---- Epoch 9 -----
Full acc: 0.9648258454443823
F1: 0.8959641281234567
Time: 24.021047115325928
---- Epoch 10 -----
Full acc: 0.9648655848239239
F1: 0.8960001369258717
Time: 23.385314464569092
========= x =========
---- Epoch 1 -----
Full acc: 0.8346942251257686
F1: 0.4624276692403774
Time: 24.299838542938232
---- Epoch 2 -----
Full acc: 0.8345444382336501
F1: 0.4631565052777561
Time: 23.496499061584473
---- Epoch 3 -----
Full acc: 0.8344483650083846
F1: 0.4626868011297701
Time: 23.229840993881226
---- Epoch 4 -----
Full acc: 0.8342570919508105
F1: 0.46177079325660336
Time: 23.003605127334595
---- Epoch 5 -----
Full acc: 0.8347475020961431
F1: 0.46503934276963477
Time: 22.63787817955017
---- Epoch 6 -----
Full acc: 0.8346885480715484
F1: 0.4651863663084601
Time: 22.214006662368774
---- Epoch 7 -----
Full acc: 0.8341588352431526
F1: 0.4613361329892542
Time: 22.254287004470825
---- Epoch 8 -----
Full acc: 0.8342313268585803
F1: 0.4624153331946605
Time: 21.958743572235107
---- Epoch 9 -----
Full acc: 0.8342745598099497
F1: 0.46310069827694467
Time: 21.101516485214233
---- Epoch 10 -----
Full acc: 0.8345081924259363
F1: 0.46001641756659045
Time: 21.541023015975952
=============== Seed: 3 ================
========= layer0 =========
---- Epoch 1 -----
Full acc: 0.9604204513694802
F1: 0.8838000610541185
Time: 24.31008243560791
---- Epoch 2 -----
Full acc: 0.9606165280883175
F1: 0.8844217978478144
Time: 22.674152374267578
---- Epoch 3 -----
Full acc: 0.9607305058692007
F1: 0.884755726152066
Time: 24.065717935562134
---- Epoch 4 -----
Full acc: 0.9606366161263276
F1: 0.8844805782674554
Time: 23.566102027893066
---- Epoch 5 -----
Full acc: 0.9607357462269425
F1: 0.8848802776027658
Time: 22.856900691986084
---- Epoch 6 -----
Full acc: 0.9607754856064841
F1: 0.8847990451577047
Time: 23.52224087715149
---- Epoch 7 -----
Full acc: 0.960669805058692
F1: 0.8846518998333762
Time: 23.661532640457153
---- Epoch 8 -----
Full acc: 0.9607702452487423
F1: 0.884879672187609
Time: 23.890299558639526
---- Epoch 9 -----
Full acc: 0.9606868362213528
F1: 0.8845438159516105
Time: 23.845593452453613
---- Epoch 10 -----
Full acc: 0.9607575810508664
F1: 0.8848255220015033
Time: 24.056514501571655
========= layer1 =========
---- Epoch 1 -----
Full acc: 0.9621816482671883
F1: 0.8878132804086997
Time: 25.007484197616577
---- Epoch 2 -----
Full acc: 0.9626021869759642
F1: 0.8888626620770388
Time: 23.67292809486389
---- Epoch 3 -----
Full acc: 0.9625213981274455
F1: 0.8887776357167396
Time: 23.356234788894653
---- Epoch 4 -----
Full acc: 0.9627061207378423
F1: 0.8891605902794166
Time: 23.739948272705078
---- Epoch 5 -----
Full acc: 0.9627166014533258
F1: 0.8891659178491998
Time: 23.20597267150879
---- Epoch 6 -----
Full acc: 0.9625148476802683
F1: 0.888680686968469
Time: 23.293394327163696
---- Epoch 7 -----
Full acc: 0.962927089155953
F1: 0.8894813030677184
Time: 23.334978342056274
---- Epoch 8 -----
Full acc: 0.9625908328675238
F1: 0.888928902324505
Time: 23.63403582572937
---- Epoch 9 -----
Full acc: 0.9628253388764673
F1: 0.8893861820214225
Time: 23.78686785697937
---- Epoch 10 -----
Full acc: 0.9625951998323086
F1: 0.8888665286741461
Time: 23.748172283172607
========= layer2 =========
---- Epoch 1 -----
Full acc: 0.9643441692286193
F1: 0.8947352361913044
Time: 25.730172872543335
---- Epoch 2 -----
Full acc: 0.9650751991335942
F1: 0.8964618258359686
Time: 23.545867681503296
---- Epoch 3 -----
Full acc: 0.9649110012576858
F1: 0.8960450713653048
Time: 23.274548053741455
---- Epoch 4 -----
Full acc: 0.9650839330631638
F1: 0.8964668775000746
Time: 23.659321308135986
---- Epoch 5 -----
Full acc: 0.9652328465623253
F1: 0.8968054264056196
Time: 23.685768127441406
---- Epoch 6 -----
Full acc: 0.9648380729457797
F1: 0.8959398853422071
Time: 23.370256423950195
---- Epoch 7 -----
Full acc: 0.9649865497484629
F1: 0.8962286936029578
Time: 23.56688165664673
---- Epoch 8 -----
Full acc: 0.9643170940469536
F1: 0.8953130609063639
Time: 23.596273183822632
---- Epoch 9 -----
Full acc: 0.9647778088317496
F1: 0.8958363460560216
Time: 22.920708417892456
---- Epoch 10 -----
Full acc: 0.9641415420626048
F1: 0.8948780253105966
Time: 23.72639513015747
========= x =========
---- Epoch 1 -----
Full acc: 0.8344680163499162
F1: 0.45830249709859583
Time: 25.434820652008057
---- Epoch 2 -----
Full acc: 0.8343483615148127
F1: 0.4619285503068543
Time: 23.584491729736328
---- Epoch 3 -----
Full acc: 0.8345448749301285
F1: 0.46212504775414515
Time: 23.93328070640564
---- Epoch 4 -----
Full acc: 0.8339444172722191
F1: 0.45472849204025534
Time: 23.810874700546265
---- Epoch 5 -----
Full acc: 0.8347221737003913
F1: 0.4650883137081836
Time: 23.36017870903015
---- Epoch 6 -----
Full acc: 0.834428713666853
F1: 0.4631041592228103
Time: 23.3287091255188
---- Epoch 7 -----
Full acc: 0.8343164826718837
F1: 0.4623856882017658
Time: 22.982741832733154
---- Epoch 8 -----
Full acc: 0.8344610292062605
F1: 0.4629284597428566
Time: 23.56912660598755
---- Epoch 9 -----
Full acc: 0.8345247868921185
F1: 0.46321392511245635
Time: 22.865484714508057
---- Epoch 10 -----
Full acc: 0.8343597156232532
F1: 0.46286756135267887
Time: 22.360443353652954
=============== Seed: 4 ================
========= layer0 =========
---- Epoch 1 -----
Full acc: 0.9604680512856344
F1: 0.8839172697033686
Time: 25.708616733551025
---- Epoch 2 -----
Full acc: 0.9604942530743432
F1: 0.8841955903748768
Time: 23.693722009658813
---- Epoch 3 -----
Full acc: 0.9607353095304639
F1: 0.8847085967409054
Time: 23.52690577507019
---- Epoch 4 -----
Full acc: 0.9604942530743432
F1: 0.8843108737254539
Time: 23.407569646835327
---- Epoch 5 -----
Full acc: 0.9608147882895473
F1: 0.885104623243269
Time: 23.572160005569458
---- Epoch 6 -----
Full acc: 0.9608645716880939
F1: 0.885075478998057
Time: 22.992456912994385
---- Epoch 7 -----
Full acc: 0.9607750489100055
F1: 0.8849599725386881
Time: 22.2944118976593
---- Epoch 8 -----
Full acc: 0.9606846527389603
F1: 0.8845941640968252
Time: 22.7249014377594
---- Epoch 9 -----
Full acc: 0.9608130415036333
F1: 0.8848466416931163
Time: 22.444538116455078
---- Epoch 10 -----
Full acc: 0.9606519005030744
F1: 0.884480228001965
Time: 23.38038730621338
========= layer1 =========
---- Epoch 1 -----
Full acc: 0.9623323085522638
F1: 0.8881787832058878
Time: 26.011407375335693
---- Epoch 2 -----
Full acc: 0.9625563338457239
F1: 0.8888127451730508
Time: 24.219313383102417
---- Epoch 3 -----
Full acc: 0.9625759851872554
F1: 0.8888509132510984
Time: 22.886234998703003
---- Epoch 4 -----
Full acc: 0.9624790385690329
F1: 0.8888750477153813
Time: 23.173773765563965
---- Epoch 5 -----
Full acc: 0.9628371296813862
F1: 0.8893029634904162
Time: 23.91657543182373
---- Epoch 6 -----
Full acc: 0.9625323155394074
F1: 0.8887828253860184
Time: 23.678494453430176
---- Epoch 7 -----
Full acc: 0.9627729352990497
F1: 0.8891506877065485
Time: 23.805156230926514
---- Epoch 8 -----
Full acc: 0.9627672582448296
F1: 0.8893814307666472
Time: 23.574007749557495
---- Epoch 9 -----
Full acc: 0.9626585208216881
F1: 0.8890918521328794
Time: 22.91378664970398
---- Epoch 10 -----
Full acc: 0.9628624580771381
F1: 0.8894148003638789
Time: 22.63030481338501
========= layer2 =========
---- Epoch 1 -----
Full acc: 0.9645913394354388
F1: 0.8953890380633517
Time: 25.873790979385376
---- Epoch 2 -----
Full acc: 0.9646917796254891
F1: 0.8957600330631875
Time: 23.776445627212524
---- Epoch 3 -----
Full acc: 0.9649594745667971
F1: 0.8963140124152673
Time: 23.96310257911682
---- Epoch 4 -----
Full acc: 0.9650000873392957
F1: 0.8962781356049895
Time: 23.359335899353027
---- Epoch 5 -----
Full acc: 0.9650354597540526
F1: 0.8964509110851017
Time: 23.08126211166382
---- Epoch 6 -----
Full acc: 0.9645529101453326
F1: 0.8955138865661325
Time: 23.555541276931763
---- Epoch 7 -----
Full acc: 0.9646970199832309
F1: 0.8958633866408443
Time: 23.516546726226807
---- Epoch 8 -----
Full acc: 0.9638581260480715
F1: 0.8941763490718714
Time: 24.00240206718445
---- Epoch 9 -----
Full acc: 0.9648542307154835
F1: 0.8960383517860324
Time: 23.9880154132843
---- Epoch 10 -----
Full acc: 0.9649965937674678
F1: 0.8962152223657569
Time: 24.323832750320435
========= x =========
---- Epoch 1 -----
Full acc: 0.8345138694801565
F1: 0.45915174271066234
Time: 24.45439100265503
---- Epoch 2 -----
Full acc: 0.8342741231134713
F1: 0.45922368722666934
Time: 23.613253355026245
---- Epoch 3 -----
Full acc: 0.8345400712688653
F1: 0.46076852090361325
Time: 22.61795139312744
---- Epoch 4 -----
Full acc: 0.834428713666853
F1: 0.4632810086319733
Time: 22.359687328338623
---- Epoch 5 -----
Full acc: 0.8344077522358859
F1: 0.463626956394213
Time: 21.84704327583313
---- Epoch 6 -----
Full acc: 0.8343317670486305
F1: 0.46223376220782664
Time: 22.735875606536865
---- Epoch 7 -----
Full acc: 0.8344710732252655
F1: 0.46440188847038544
Time: 22.71140456199646
---- Epoch 8 -----
Full acc: 0.8342815469536053
F1: 0.4624617978244155
Time: 22.601141929626465
---- Epoch 9 -----
Full acc: 0.8342963946338736
F1: 0.46303037569243893
Time: 23.17231512069702
---- Epoch 10 -----
Full acc: 0.8345221667132476
F1: 0.46188683254962193
Time: 22.648108959197998
