Loading rhel8/default-amp
  Loading requirement: dot rhel8/slurm singularity/current rhel8/global
    cuda/11.4 libpciaccess/0.16/gcc-9.4.0-6fonbj6
    libiconv/1.16/gcc-9.4.0-ahebbov libxml2/2.9.12/gcc-9.4.0-gnknt5e
    ncurses/6.2/gcc-9.4.0-aiirok7 hwloc/2.5.0/gcc-9.4.0-7sqomga
    libevent/2.1.12/gcc-9.4.0-hgny7cm numactl/2.0.14/gcc-9.4.0-52dwc6n
    cuda/11.4.0/gcc-9.4.0-3hnxhjt gdrcopy/2.2/gcc-9.4.0-e4igtfp
    knem/1.1.4/gcc-9.4.0-bpbxgva libnl/3.3.0/gcc-9.4.0-whwhrwb
    rdma-core/34.0/gcc-9.4.0-5eo5n2u ucx/1.11.1/gcc-9.4.0-lktqyl4
    openmpi/4.1.1/gcc-9.4.0-epagguv
Changed directory to /rds/user/tdb47/hpc-work/planning/thinker_private_planning/probing.

JobID: 58688709
======
Time: Sun Aug 11 11:20:19 BST 2024
Running on master node: gpu-q-48
Current directory: /rds/user/tdb47/hpc-work/planning/thinker_private_planning/probing

Nodes allocated:
================
gpu-q-48

numtasks=1, numnodes=1, mpi_tasks_per_node=1 (OMP_NUM_THREADS=1)

Executing command:
==================
python train_conv_probe.py --feature tracked_box_next_push_from --num_epochs 10 --weight_decay 0.001 --kernel 1 --model_name 250m 


test
=================================== FEATURE: tracked_box_next_push_from =========================================
!!!!
=============== Seed: 0 ================
========= layer0 =========
---- Epoch 1 -----
Full acc: 0.9778870004192286
F1: 0.8901476282934343
Time: 28.180892944335938
---- Epoch 2 -----
Full acc: 0.9779145122973728
F1: 0.8906314200571777
Time: 23.498219966888428
---- Epoch 3 -----
Full acc: 0.9778459509502515
F1: 0.8901814686775494
Time: 22.753172636032104
---- Epoch 4 -----
Full acc: 0.9779118921185019
F1: 0.8905588035467775
Time: 22.672151565551758
---- Epoch 5 -----
Full acc: 0.9778568683622135
F1: 0.8902025490782003
Time: 23.58185648918152
---- Epoch 6 -----
Full acc: 0.9777677822806037
F1: 0.8896303233694945
Time: 22.932770013809204
---- Epoch 7 -----
Full acc: 0.9778402738960313
F1: 0.8901768632102014
Time: 23.100992918014526
---- Epoch 8 -----
Full acc: 0.9779044682783679
F1: 0.8906287490515913
Time: 23.240231037139893
---- Epoch 9 -----
Full acc: 0.9778097051425377
F1: 0.889784922914082
Time: 23.692555904388428
---- Epoch 10 -----
Full acc: 0.9779280498882057
F1: 0.8904081371573289
Time: 22.841059923171997
========= layer1 =========
---- Epoch 1 -----
Full acc: 0.986397341391839
F1: 0.9332404599376319
Time: 24.93997836112976
---- Epoch 2 -----
Full acc: 0.9865925447177194
F1: 0.9342741296706214
Time: 23.08853840827942
---- Epoch 3 -----
Full acc: 0.9865475649804359
F1: 0.9340661927908376
Time: 23.194440603256226
---- Epoch 4 -----
Full acc: 0.9865571723029626
F1: 0.9342273103129988
Time: 22.697763442993164
---- Epoch 5 -----
Full acc: 0.9865912346282839
F1: 0.9342289872270787
Time: 23.43053650856018
---- Epoch 6 -----
Full acc: 0.9865733300726663
F1: 0.9340325009976871
Time: 23.533302068710327
---- Epoch 7 -----
Full acc: 0.9865689631078814
F1: 0.9341466861368882
Time: 21.990164279937744
---- Epoch 8 -----
Full acc: 0.9866156896310788
F1: 0.9344261944342818
Time: 24.45367956161499
---- Epoch 9 -----
Full acc: 0.9865593557853549
F1: 0.9339442846718462
Time: 57.48536968231201
---- Epoch 10 -----
Full acc: 0.9865899245388485
F1: 0.9343753606277808
Time: 22.57998490333557
========= layer2 =========
---- Epoch 1 -----
Full acc: 0.9793874895192846
F1: 0.8969358723254661
Time: 25.5148663520813
---- Epoch 2 -----
Full acc: 0.9826269039966462
F1: 0.9141710624251642
Time: 24.44071364402771
---- Epoch 3 -----
Full acc: 0.9827456854387926
F1: 0.9146905207611373
Time: 23.663424015045166
---- Epoch 4 -----
Full acc: 0.9825753738121856
F1: 0.9137061107086086
Time: 22.98378300666809
---- Epoch 5 -----
Full acc: 0.9825867279206261
F1: 0.9137220367441348
Time: 23.307077646255493
---- Epoch 6 -----
Full acc: 0.9826670800726663
F1: 0.9140833515523702
Time: 23.285184860229492
---- Epoch 7 -----
Full acc: 0.9826723204304081
F1: 0.9142140594765802
Time: 24.27223777770996
---- Epoch 8 -----
Full acc: 0.9827649000838458
F1: 0.9148950392996151
Time: 23.414113998413086
---- Epoch 9 -----
Full acc: 0.9826784341811068
F1: 0.9142669407357935
Time: 23.310790061950684
---- Epoch 10 -----
Full acc: 0.9826308342649525
F1: 0.9139716569767442
Time: 24.101336002349854
========= x =========
---- Epoch 1 -----
Full acc: 0.9318133384572387
F1: 0.5071835271244429
Time: 24.876011848449707
---- Epoch 2 -----
Full acc: 0.9318133384572387
F1: 0.5071835271244429
Time: 22.915985107421875
---- Epoch 3 -----
Full acc: 0.9318133384572387
F1: 0.5071835271244429
Time: 22.825227737426758
---- Epoch 4 -----
Full acc: 0.9318133384572387
F1: 0.5071835271244429
Time: 23.09037208557129
---- Epoch 5 -----
Full acc: 0.9318133384572387
F1: 0.5071835271244429
Time: 22.98354434967041
---- Epoch 6 -----
Full acc: 0.9318133384572387
F1: 0.5071835271244429
Time: 23.253098487854004
---- Epoch 7 -----
Full acc: 0.9318133384572387
F1: 0.5071835271244429
Time: 22.866263151168823
---- Epoch 8 -----
Full acc: 0.9318133384572387
F1: 0.5071835271244429
Time: 22.306737184524536
---- Epoch 9 -----
Full acc: 0.9318133384572387
F1: 0.5071835271244429
Time: 22.896684885025024
---- Epoch 10 -----
Full acc: 0.9318133384572387
F1: 0.5071835271244429
Time: 22.73001480102539
=============== Seed: 1 ================
========= layer0 =========
---- Epoch 1 -----
Full acc: 0.9779031581889324
F1: 0.8903133223791171
Time: 25.11817979812622
---- Epoch 2 -----
Full acc: 0.9778092684460592
F1: 0.8898369938712818
Time: 23.49477767944336
---- Epoch 3 -----
Full acc: 0.97786647568474
F1: 0.8901169420752991
Time: 24.05660319328308
---- Epoch 4 -----
Full acc: 0.9778712793460034
F1: 0.8903976553797571
Time: 23.493303298950195
---- Epoch 5 -----
Full acc: 0.977825426215763
F1: 0.8899694467919131
Time: 23.596909761428833
---- Epoch 6 -----
Full acc: 0.9778586151481274
F1: 0.8901046024197709
Time: 25.234291315078735
---- Epoch 7 -----
Full acc: 0.9777520612073785
F1: 0.8894751228994285
Time: 51.46778321266174
---- Epoch 8 -----
Full acc: 0.9778804499720515
F1: 0.8901520244627096
Time: 23.705974578857422
---- Epoch 9 -----
Full acc: 0.977879139882616
F1: 0.8902809094630685
Time: 23.517791748046875
---- Epoch 10 -----
Full acc: 0.9778049014812744
F1: 0.8897928561051397
Time: 23.72692584991455
========= layer1 =========
---- Epoch 1 -----
Full acc: 0.9864702697037451
F1: 0.9335187307145953
Time: 24.692420721054077
---- Epoch 2 -----
Full acc: 0.9865833740916713
F1: 0.9341774592666389
Time: 23.96551823616028
---- Epoch 3 -----
Full acc: 0.9866165630240358
F1: 0.9342602861083642
Time: 23.770713806152344
---- Epoch 4 -----
Full acc: 0.9865842474846283
F1: 0.9342907071005221
Time: 24.073342323303223
---- Epoch 5 -----
Full acc: 0.9865960382895472
F1: 0.9342507186708766
Time: 24.407190322875977
---- Epoch 6 -----
Full acc: 0.98656939980436
F1: 0.9340311665469053
Time: 23.813537120819092
---- Epoch 7 -----
Full acc: 0.9865921080212409
F1: 0.9343410042064699
Time: 23.22678804397583
---- Epoch 8 -----
Full acc: 0.9865759502515372
F1: 0.9341682585641228
Time: 24.332818508148193
---- Epoch 9 -----
Full acc: 0.9866274804359978
F1: 0.9344021387533364
Time: 24.178279638290405
---- Epoch 10 -----
Full acc: 0.9865755135550587
F1: 0.9342979578315185
Time: 23.962635278701782
========= layer2 =========
---- Epoch 1 -----
Full acc: 0.978188757685858
F1: 0.8905000350778729
Time: 25.321337699890137
---- Epoch 2 -----
Full acc: 0.9825290839854668
F1: 0.9136985976318724
Time: 23.291250705718994
---- Epoch 3 -----
Full acc: 0.9826434984628284
F1: 0.9141804660964797
Time: 23.78215265274048
---- Epoch 4 -----
Full acc: 0.982705072666294
F1: 0.9144821510317248
Time: 23.227892875671387
---- Epoch 5 -----
Full acc: 0.9826845479318055
F1: 0.9143031280190366
Time: 23.453521251678467
---- Epoch 6 -----
Full acc: 0.9826932818613751
F1: 0.9143848415522243
Time: 23.32430076599121
---- Epoch 7 -----
Full acc: 0.9825958985466742
F1: 0.9140017435286604
Time: 22.169820547103882
---- Epoch 8 -----
Full acc: 0.982684111235327
F1: 0.9144302398853661
Time: 22.72608184814453
---- Epoch 9 -----
Full acc: 0.9826779974846283
F1: 0.9141673807483576
Time: 23.683979272842407
---- Epoch 10 -----
Full acc: 0.9827011423979877
F1: 0.9143315621357313
Time: 23.151275396347046
========= x =========
---- Epoch 1 -----
Full acc: 0.9318133384572387
F1: 0.5071835271244429
Time: 24.2162983417511
---- Epoch 2 -----
Full acc: 0.9318133384572387
F1: 0.5071835271244429
Time: 23.22043490409851
---- Epoch 3 -----
Full acc: 0.9318133384572387
F1: 0.5071835271244429
Time: 22.599145889282227
---- Epoch 4 -----
Full acc: 0.9318133384572387
F1: 0.5071835271244429
Time: 22.384692430496216
---- Epoch 5 -----
Full acc: 0.9318133384572387
F1: 0.5071835271244429
Time: 23.216187477111816
---- Epoch 6 -----
Full acc: 0.9318133384572387
F1: 0.5071835271244429
Time: 23.644656896591187
---- Epoch 7 -----
Full acc: 0.9318133384572387
F1: 0.5071835271244429
Time: 40.43467903137207
---- Epoch 8 -----
Full acc: 0.9318133384572387
F1: 0.5071835271244429
Time: 26.045151948928833
---- Epoch 9 -----
Full acc: 0.9318133384572387
F1: 0.5071835271244429
Time: 22.324294567108154
---- Epoch 10 -----
Full acc: 0.9318133384572387
F1: 0.5071835271244429
Time: 23.304069757461548
=============== Seed: 2 ================
========= layer0 =========
---- Epoch 1 -----
Full acc: 0.9778559949692566
F1: 0.8902452750145018
Time: 24.74713945388794
---- Epoch 2 -----
Full acc: 0.9777223658468418
F1: 0.8896722651637377
Time: 23.51123070716858
---- Epoch 3 -----
Full acc: 0.9777830666573505
F1: 0.8898220477181523
Time: 23.234023809432983
---- Epoch 4 -----
Full acc: 0.977793547372834
F1: 0.8899888584810757
Time: 23.618936777114868
---- Epoch 5 -----
Full acc: 0.9778293564840693
F1: 0.8902702340529921
Time: 23.508159637451172
---- Epoch 6 -----
Full acc: 0.9778289197875908
F1: 0.8899271528922036
Time: 23.04500126838684
---- Epoch 7 -----
Full acc: 0.9778638555058692
F1: 0.8901706049825149
Time: 23.096319675445557
---- Epoch 8 -----
Full acc: 0.9778686591671325
F1: 0.8901394528108423
Time: 23.09341597557068
---- Epoch 9 -----
Full acc: 0.9778345968418111
F1: 0.8901960190459296
Time: 23.442590475082397
---- Epoch 10 -----
Full acc: 0.9778000978200112
F1: 0.8897663747977952
Time: 23.734803438186646
========= layer1 =========
---- Epoch 1 -----
Full acc: 0.9864161193404136
F1: 0.9331591365224529
Time: 24.660817861557007
---- Epoch 2 -----
Full acc: 0.9865907979318055
F1: 0.9342633149649116
Time: 23.4216148853302
---- Epoch 3 -----
Full acc: 0.986612196059251
F1: 0.9343829661544784
Time: 23.33235502243042
---- Epoch 4 -----
Full acc: 0.9866069557015092
F1: 0.9343960366812339
Time: 23.75068187713623
---- Epoch 5 -----
Full acc: 0.9865781337339296
F1: 0.9341548533882347
Time: 23.439820528030396
---- Epoch 6 -----
Full acc: 0.9865807539128004
F1: 0.9342525017170219
Time: 23.83399271965027
---- Epoch 7 -----
Full acc: 0.9865838107881498
F1: 0.93429826474878
Time: 23.193682193756104
---- Epoch 8 -----
Full acc: 0.9865702731973169
F1: 0.9340730720666451
Time: 23.385141611099243
---- Epoch 9 -----
Full acc: 0.9865890511458916
F1: 0.934262351228701
Time: 24.279083013534546
---- Epoch 10 -----
Full acc: 0.9865859942705422
F1: 0.9341364101266583
Time: 23.672852277755737
========= layer2 =========
---- Epoch 1 -----
Full acc: 0.9804700600894355
F1: 0.9027097346826896
Time: 24.176059246063232
---- Epoch 2 -----
Full acc: 0.9825613995248742
F1: 0.9136111213269097
Time: 22.530972719192505
---- Epoch 3 -----
Full acc: 0.9827544193683622
F1: 0.9148880684671404
Time: 23.26197123527527
---- Epoch 4 -----
Full acc: 0.9826876048071548
F1: 0.9144589491854569
Time: 23.180867195129395
---- Epoch 5 -----
Full acc: 0.9826260306036892
F1: 0.9139357649517275
Time: 23.176478147506714
---- Epoch 6 -----
Full acc: 0.9827007057015092
F1: 0.9145384333268612
Time: 23.326467990875244
---- Epoch 7 -----
Full acc: 0.9827076928451649
F1: 0.9144141612812587
Time: 22.747678756713867
---- Epoch 8 -----
Full acc: 0.9826871681106764
F1: 0.914565370583076
Time: 27.985674619674683
---- Epoch 9 -----
Full acc: 0.9826758140022359
F1: 0.914232468040671
Time: 39.535550355911255
---- Epoch 10 -----
Full acc: 0.9825924049748462
F1: 0.9140208444774214
Time: 22.566651344299316
========= x =========
---- Epoch 1 -----
Full acc: 0.9318133384572387
F1: 0.5071835271244429
Time: 24.482496738433838
---- Epoch 2 -----
Full acc: 0.9318133384572387
F1: 0.5071835271244429
Time: 23.117600679397583
---- Epoch 3 -----
Full acc: 0.9318133384572387
F1: 0.5071835271244429
Time: 22.88652014732361
---- Epoch 4 -----
Full acc: 0.9318133384572387
F1: 0.5071835271244429
Time: 22.21528148651123
---- Epoch 5 -----
Full acc: 0.9318133384572387
F1: 0.5071835271244429
Time: 22.501628398895264
---- Epoch 6 -----
Full acc: 0.9318133384572387
F1: 0.5071835271244429
Time: 22.6820228099823
---- Epoch 7 -----
Full acc: 0.9318133384572387
F1: 0.5071835271244429
Time: 22.19387912750244
---- Epoch 8 -----
Full acc: 0.9318133384572387
F1: 0.5071835271244429
Time: 22.102020740509033
---- Epoch 9 -----
Full acc: 0.9318133384572387
F1: 0.5071835271244429
Time: 23.08763551712036
---- Epoch 10 -----
Full acc: 0.9318133384572387
F1: 0.5071835271244429
Time: 23.040295124053955
=============== Seed: 3 ================
========= layer0 =========
---- Epoch 1 -----
Full acc: 0.9779092719396311
F1: 0.8904462626638888
Time: 25.00654435157776
---- Epoch 2 -----
Full acc: 0.9778000978200112
F1: 0.8897563345217339
Time: 23.8861985206604
---- Epoch 3 -----
Full acc: 0.9777647254052544
F1: 0.8898713287378797
Time: 24.068164110183716
---- Epoch 4 -----
Full acc: 0.9777913638904416
F1: 0.8898930020481599
Time: 23.834632635116577
---- Epoch 5 -----
Full acc: 0.9779092719396311
F1: 0.8904177840936169
Time: 24.018649101257324
---- Epoch 6 -----
Full acc: 0.9778079583566238
F1: 0.8898288182038919
Time: 24.044307708740234
---- Epoch 7 -----
Full acc: 0.9778201858580212
F1: 0.8895879166268119
Time: 23.737555742263794
---- Epoch 8 -----
Full acc: 0.9777979143376188
F1: 0.8898641959529571
Time: 23.86066436767578
---- Epoch 9 -----
Full acc: 0.9778271730016769
F1: 0.8899857428248275
Time: 24.038211345672607
---- Epoch 10 -----
Full acc: 0.9777800097820011
F1: 0.889780870107702
Time: 23.411704778671265
========= layer1 =========
---- Epoch 1 -----
Full acc: 0.9864305303242035
F1: 0.9332187107104095
Time: 24.696605682373047
---- Epoch 2 -----
Full acc: 0.9865462548910006
F1: 0.9339844603773908
Time: 23.51589798927307
---- Epoch 3 -----
Full acc: 0.9866100125768585
F1: 0.9344420022749237
Time: 23.37967586517334
---- Epoch 4 -----
Full acc: 0.98656939980436
F1: 0.9340167302077008
Time: 23.339226722717285
---- Epoch 5 -----
Full acc: 0.9865951648965903
F1: 0.9342782511882841
Time: 23.512748956680298
---- Epoch 6 -----
Full acc: 0.9865907979318055
F1: 0.9344057079381355
Time: 23.767690896987915
---- Epoch 7 -----
Full acc: 0.9865759502515372
F1: 0.9342288254902884
Time: 22.92824101448059
---- Epoch 8 -----
Full acc: 0.9865397044438233
F1: 0.9342017346679561
Time: 22.80573558807373
---- Epoch 9 -----
Full acc: 0.9865995318613751
F1: 0.9343805866100985
Time: 22.8038387298584
---- Epoch 10 -----
Full acc: 0.9865829373951929
F1: 0.934201678152747
Time: 29.28274154663086
========= layer2 =========
---- Epoch 1 -----
Full acc: 0.9799032280603689
F1: 0.8997110317865035
Time: 44.28450655937195
---- Epoch 2 -----
Full acc: 0.9825902214924539
F1: 0.9137986581244446
Time: 23.508184909820557
---- Epoch 3 -----
Full acc: 0.9826976488261598
F1: 0.9144142100795137
Time: 23.219881057739258
---- Epoch 4 -----
Full acc: 0.9827181735606484
F1: 0.9145624276757802
Time: 22.983301877975464
---- Epoch 5 -----
Full acc: 0.9826456819452208
F1: 0.9141024200032855
Time: 23.025155544281006
---- Epoch 6 -----
Full acc: 0.9827531092789268
F1: 0.9147881246224217
Time: 23.257509231567383
---- Epoch 7 -----
Full acc: 0.9827583496366685
F1: 0.9147352781113136
Time: 23.327191829681396
---- Epoch 8 -----
Full acc: 0.9827234139183901
F1: 0.9146399350985605
Time: 23.052502393722534
---- Epoch 9 -----
Full acc: 0.9827181735606484
F1: 0.914625832729281
Time: 23.299082279205322
---- Epoch 10 -----
Full acc: 0.9825172931805478
F1: 0.913280248154438
Time: 23.117966175079346
========= x =========
---- Epoch 1 -----
Full acc: 0.9318133384572387
F1: 0.5071835271244429
Time: 24.706692695617676
---- Epoch 2 -----
Full acc: 0.9318133384572387
F1: 0.5071835271244429
Time: 23.33550500869751
---- Epoch 3 -----
Full acc: 0.9318133384572387
F1: 0.5071835271244429
Time: 23.325997829437256
---- Epoch 4 -----
Full acc: 0.9318133384572387
F1: 0.5071835271244429
Time: 22.898083925247192
---- Epoch 5 -----
Full acc: 0.9318133384572387
F1: 0.5071835271244429
Time: 22.62724757194519
---- Epoch 6 -----
Full acc: 0.9318133384572387
F1: 0.5071835271244429
Time: 21.96576237678528
---- Epoch 7 -----
Full acc: 0.9318133384572387
F1: 0.5071835271244429
Time: 22.22315764427185
---- Epoch 8 -----
Full acc: 0.9318133384572387
F1: 0.5071835271244429
Time: 23.104193449020386
---- Epoch 9 -----
Full acc: 0.9318133384572387
F1: 0.5071835271244429
Time: 22.670395374298096
---- Epoch 10 -----
Full acc: 0.9318133384572387
F1: 0.5071835271244429
Time: 22.505377769470215
=============== Seed: 4 ================
========= layer0 =========
---- Epoch 1 -----
Full acc: 0.9779389673001677
F1: 0.8905129105386579
Time: 24.966662645339966
---- Epoch 2 -----
Full acc: 0.9778171289826719
F1: 0.8901465592000121
Time: 23.88510227203369
---- Epoch 3 -----
Full acc: 0.9778699692565679
F1: 0.8901595283509623
Time: 23.6402370929718
---- Epoch 4 -----
Full acc: 0.9777428905813303
F1: 0.8895017203363924
Time: 23.901493072509766
---- Epoch 5 -----
Full acc: 0.9779079618501957
F1: 0.8904371555112781
Time: 23.552402019500732
---- Epoch 6 -----
Full acc: 0.977814508803801
F1: 0.8895843792856879
Time: 23.783423900604248
---- Epoch 7 -----
Full acc: 0.9777551180827277
F1: 0.8894555350357313
Time: 23.50290584564209
---- Epoch 8 -----
Full acc: 0.9778677857741755
F1: 0.8905148594846004
Time: 23.277154684066772
---- Epoch 9 -----
Full acc: 0.977868222470654
F1: 0.89015228690454
Time: 23.11945605278015
---- Epoch 10 -----
Full acc: 0.9779009747065399
F1: 0.8903626125784556
Time: 23.50336217880249
========= layer1 =========
---- Epoch 1 -----
Full acc: 0.9864995283678032
F1: 0.9336110723374099
Time: 53.74880361557007
---- Epoch 2 -----
Full acc: 0.9865562989100056
F1: 0.9340460402986513
Time: 23.43259882926941
---- Epoch 3 -----
Full acc: 0.9865838107881498
F1: 0.9343617134921482
Time: 22.71372652053833
---- Epoch 4 -----
Full acc: 0.9865868676634991
F1: 0.9342906102854502
Time: 23.096519708633423
---- Epoch 5 -----
Full acc: 0.9865650328395752
F1: 0.9340023554498201
Time: 22.813093662261963
---- Epoch 6 -----
Full acc: 0.9865868676634991
F1: 0.9341632853410156
Time: 22.860833168029785
---- Epoch 7 -----
Full acc: 0.9865977850754611
F1: 0.9343023504730916
Time: 23.284074306488037
---- Epoch 8 -----
Full acc: 0.9865925447177194
F1: 0.934213853188599
Time: 22.964076042175293
---- Epoch 9 -----
Full acc: 0.9865449448015651
F1: 0.9338594069650374
Time: 23.44628095626831
---- Epoch 10 -----
Full acc: 0.98658948784237
F1: 0.934225772941945
Time: 22.835483074188232
========= layer2 =========
---- Epoch 1 -----
Full acc: 0.9794674049748463
F1: 0.8973006976510521
Time: 24.808502674102783
---- Epoch 2 -----
Full acc: 0.9825592160424819
F1: 0.9136826544021025
Time: 22.836204051971436
---- Epoch 3 -----
Full acc: 0.9826736305198435
F1: 0.9142763311410521
Time: 23.28957986831665
---- Epoch 4 -----
Full acc: 0.9827072561486864
F1: 0.9145038398676935
Time: 23.265776872634888
---- Epoch 5 -----
Full acc: 0.9825919682783678
F1: 0.9139795387699525
Time: 22.635234594345093
---- Epoch 6 -----
Full acc: 0.9827194836500839
F1: 0.9145609728186825
Time: 23.57699465751648
---- Epoch 7 -----
Full acc: 0.9826338911403019
F1: 0.9142081725199502
Time: 23.78007197380066
---- Epoch 8 -----
Full acc: 0.9827330212409167
F1: 0.9147300864344495
Time: 23.644451141357422
---- Epoch 9 -----
Full acc: 0.9826373847121297
F1: 0.9141257605439415
Time: 23.604168176651
---- Epoch 10 -----
Full acc: 0.9827111864169927
F1: 0.914540799806589
Time: 24.701635122299194
========= x =========
---- Epoch 1 -----
Full acc: 0.9318133384572387
F1: 0.5071835271244429
Time: 25.39462423324585
---- Epoch 2 -----
Full acc: 0.9318133384572387
F1: 0.5071835271244429
Time: 23.71760082244873
---- Epoch 3 -----
Full acc: 0.9318133384572387
F1: 0.5071835271244429
Time: 23.634759426116943
---- Epoch 4 -----
Full acc: 0.9318133384572387
F1: 0.5071835271244429
Time: 24.898226976394653
---- Epoch 5 -----
Full acc: 0.9318133384572387
F1: 0.5071835271244429
Time: 35.33086347579956
---- Epoch 6 -----
Full acc: 0.9318133384572387
F1: 0.5071835271244429
Time: 22.738189935684204
---- Epoch 7 -----
Full acc: 0.9318133384572387
F1: 0.5071835271244429
Time: 22.528454780578613
---- Epoch 8 -----
Full acc: 0.9318133384572387
F1: 0.5071835271244429
Time: 22.720710515975952
---- Epoch 9 -----
Full acc: 0.9318133384572387
F1: 0.5071835271244429
Time: 21.621084213256836
---- Epoch 10 -----
Full acc: 0.9318133384572387
F1: 0.5071835271244429
Time: 22.401485681533813
