Changed directory to /rds/user/tdb47/hpc-work/planning/thinker_private_planning/probing.

JobID: 58451153
======
Time: Thu Aug  8 11:09:36 BST 2024
Running on master node: gpu-q-64
Current directory: /rds/user/tdb47/hpc-work/planning/thinker_private_planning/probing

Nodes allocated:
================
gpu-q-64

numtasks=1, numnodes=1, mpi_tasks_per_node=1 (OMP_NUM_THREADS=1)

Executing command:
==================
python3 train_conv_probe.py --feature agent_onto_with --num_epochs 10 --weight_decay 0.001 --kernel 3 --model_name 250m 


test
=================================== FEATURE: agent_onto_with =========================================
=============== Seed: 0 ================
========= layer0 =========
---- Epoch 1 -----
Full acc: 0.9481768731386901
F1: 0.8474679707137052
Time: 30.640658378601074
---- Epoch 2 -----
Full acc: 0.9485186931169807
F1: 0.8482253179523722
Time: 24.085479497909546
---- Epoch 3 -----
Full acc: 0.9484325857942052
F1: 0.8480532625519167
Time: 23.740793466567993
---- Epoch 4 -----
Full acc: 0.9482899433605165
F1: 0.8476862095340936
Time: 23.546994924545288
---- Epoch 5 -----
Full acc: 0.9485369583066604
F1: 0.8484785431672638
Time: 23.688929796218872
---- Epoch 6 -----
Full acc: 0.9483156016031618
F1: 0.8479314777549846
Time: 23.772159337997437
---- Epoch 7 -----
Full acc: 0.9481512148960449
F1: 0.8474136517675405
Time: 23.62986159324646
---- Epoch 8 -----
Full acc: 0.9482908131314537
F1: 0.8478487326084514
Time: 23.684155702590942
---- Epoch 9 -----
Full acc: 0.9484212787720226
F1: 0.8481577765300138
Time: 23.500146865844727
---- Epoch 10 -----
Full acc: 0.9483969251857831
F1: 0.8480514496751468
Time: 23.344961404800415
========= layer1 =========
---- Epoch 1 -----
Full acc: 0.9477824320187036
F1: 0.8479991112941603
Time: 25.519876718521118
---- Epoch 2 -----
Full acc: 0.9480111817751677
F1: 0.8486312410386176
Time: 24.086906909942627
---- Epoch 3 -----
Full acc: 0.9479407303292605
F1: 0.8485291881269845
Time: 24.182913780212402
---- Epoch 4 -----
Full acc: 0.9479755211667455
F1: 0.8482689120240007
Time: 23.504509925842285
---- Epoch 5 -----
Full acc: 0.9478533183500794
F1: 0.8481966695274459
Time: 23.189698457717896
---- Epoch 6 -----
Full acc: 0.9476493570653233
F1: 0.8478757677849866
Time: 23.24086833000183
---- Epoch 7 -----
Full acc: 0.9478467950680509
F1: 0.848182028165167
Time: 23.4403178691864
---- Epoch 8 -----
Full acc: 0.9479489931531632
F1: 0.8484482313109927
Time: 23.91377902030945
---- Epoch 9 -----
Full acc: 0.9480164004007905
F1: 0.8486034894649324
Time: 23.93498992919922
---- Epoch 10 -----
Full acc: 0.9479376861309805
F1: 0.8484551681049839
Time: 23.322264909744263
========= layer2 =========
---- Epoch 1 -----
Full acc: 0.9532058886971527
F1: 0.864350203184397
Time: 25.303365230560303
---- Epoch 2 -----
Full acc: 0.953308086782265
F1: 0.8649372956467234
Time: 23.286375761032104
---- Epoch 3 -----
Full acc: 0.9534437710484567
F1: 0.865499154149374
Time: 24.182555675506592
---- Epoch 4 -----
Full acc: 0.9533480962453729
F1: 0.8652070282177338
Time: 23.930638313293457
---- Epoch 5 -----
Full acc: 0.9534024569289432
F1: 0.8653455475928803
Time: 23.783721446990967
---- Epoch 6 -----
Full acc: 0.9533659265495839
F1: 0.865249002952776
Time: 23.933799505233765
---- Epoch 7 -----
Full acc: 0.9535433598207576
F1: 0.8659989744118484
Time: 23.93853211402893
---- Epoch 8 -----
Full acc: 0.9534155034930001
F1: 0.8652431918893401
Time: 24.085378408432007
---- Epoch 9 -----
Full acc: 0.953255465640569
F1: 0.8652177360227107
Time: 23.922752380371094
---- Epoch 10 -----
Full acc: 0.9535864134821453
F1: 0.8658196114824566
Time: 22.976588249206543
========= x =========
---- Epoch 1 -----
Full acc: 0.8227376388154416
F1: 0.42552705747594227
Time: 25.28401279449463
---- Epoch 2 -----
Full acc: 0.818805404408695
F1: 0.40096338240151363
Time: 23.84753704071045
---- Epoch 3 -----
Full acc: 0.8189654422611261
F1: 0.4094859328286116
Time: 23.88174557685852
---- Epoch 4 -----
Full acc: 0.8189210839433327
F1: 0.4158859863151214
Time: 23.584508419036865
---- Epoch 5 -----
Full acc: 0.8188945559297504
F1: 0.41438696127377195
Time: 23.762197971343994
---- Epoch 6 -----
Full acc: 0.8188976001280303
F1: 0.40763522431156385
Time: 24.07526922225952
---- Epoch 7 -----
Full acc: 0.818329639706087
F1: 0.4044276089613533
Time: 23.870103359222412
---- Epoch 8 -----
Full acc: 0.8187819205933925
F1: 0.40821667545436646
Time: 23.364983320236206
---- Epoch 9 -----
Full acc: 0.8194025021570319
F1: 0.41625300711783036
Time: 23.034727096557617
---- Epoch 10 -----
Full acc: 0.8183766073366918
F1: 0.4050429863921899
Time: 22.99286723136902
=============== Seed: 1 ================
========= layer0 =========
---- Epoch 1 -----
Full acc: 0.9483364761056529
F1: 0.8475676053904266
Time: 25.40838074684143
---- Epoch 2 -----
Full acc: 0.9480977239834117
F1: 0.8475158883283351
Time: 24.381608247756958
---- Epoch 3 -----
Full acc: 0.9485321745665062
F1: 0.8482360664872652
Time: 24.434833526611328
---- Epoch 4 -----
Full acc: 0.9485234768571349
F1: 0.8483740025624332
Time: 24.560384035110474
---- Epoch 5 -----
Full acc: 0.9484695510590331
F1: 0.8482868840318977
Time: 24.438268661499023
---- Epoch 6 -----
Full acc: 0.9484999930418325
F1: 0.8482309012059075
Time: 24.25446391105652
---- Epoch 7 -----
Full acc: 0.9482673293161513
F1: 0.8474945067707577
Time: 23.807060956954956
---- Epoch 8 -----
Full acc: 0.9483803995379777
F1: 0.8477892562151051
Time: 23.68343949317932
---- Epoch 9 -----
Full acc: 0.94855217929806
F1: 0.8484834800097959
Time: 23.349140167236328
---- Epoch 10 -----
Full acc: 0.9483990996131259
F1: 0.8481135098608027
Time: 23.644243717193604
========= layer1 =========
---- Epoch 1 -----
Full acc: 0.9477306806479445
F1: 0.8478198360056695
Time: 25.61692786216736
---- Epoch 2 -----
Full acc: 0.9477680807982409
F1: 0.8479159465986583
Time: 24.272781372070312
---- Epoch 3 -----
Full acc: 0.9479776955940883
F1: 0.8485523363531169
Time: 23.936830282211304
---- Epoch 4 -----
Full acc: 0.9479002859806841
F1: 0.8481834697591125
Time: 24.45687174797058
---- Epoch 5 -----
Full acc: 0.9479085488045869
F1: 0.8483547010086742
Time: 24.159305572509766
---- Epoch 6 -----
Full acc: 0.9478415764424282
F1: 0.8479644463411484
Time: 23.80791664123535
---- Epoch 7 -----
Full acc: 0.9475545520331765
F1: 0.847655815937754
Time: 24.20321798324585
---- Epoch 8 -----
Full acc: 0.9477632970580868
F1: 0.8479739672774432
Time: 23.251201629638672
---- Epoch 9 -----
Full acc: 0.9479598652898773
F1: 0.8484604882972313
Time: 23.60645627975464
---- Epoch 10 -----
Full acc: 0.9481851359625929
F1: 0.8491114054345065
Time: 24.24745774269104
========= layer2 =========
---- Epoch 1 -----
Full acc: 0.9529545248963233
F1: 0.8642202827969164
Time: 25.36078381538391
---- Epoch 2 -----
Full acc: 0.9534328989117427
F1: 0.8654568944283785
Time: 24.13607907295227
---- Epoch 3 -----
Full acc: 0.9532637284644716
F1: 0.865176826137622
Time: 24.122577905654907
---- Epoch 4 -----
Full acc: 0.953435508224554
F1: 0.8655814824500305
Time: 23.981605768203735
---- Epoch 5 -----
Full acc: 0.9534137639511259
F1: 0.8653676631671349
Time: 24.2922842502594
---- Epoch 6 -----
Full acc: 0.9535624947813743
F1: 0.8656315182191628
Time: 23.661725997924805
---- Epoch 7 -----
Full acc: 0.953390715021292
F1: 0.865106378468502
Time: 23.87877321243286
---- Epoch 8 -----
Full acc: 0.9534911735645301
F1: 0.865613042762688
Time: 23.762335300445557
---- Epoch 9 -----
Full acc: 0.9534502943304851
F1: 0.8655908594360968
Time: 23.538004636764526
---- Epoch 10 -----
Full acc: 0.9532750354866543
F1: 0.865224608622961
Time: 23.540407419204712
========= x =========
---- Epoch 1 -----
Full acc: 0.8218774353586239
F1: 0.41698891377849884
Time: 25.294100284576416
---- Epoch 2 -----
Full acc: 0.8191424406468313
F1: 0.4043714702556698
Time: 24.172960996627808
---- Epoch 3 -----
Full acc: 0.8190772078265468
F1: 0.4115775102683469
Time: 24.18498706817627
---- Epoch 4 -----
Full acc: 0.8188175812018147
F1: 0.408277474721635
Time: 23.54929280281067
---- Epoch 5 -----
Full acc: 0.8192446387319435
F1: 0.41140876670736903
Time: 23.8874249458313
---- Epoch 6 -----
Full acc: 0.8191589662946367
F1: 0.4112277118493191
Time: 24.314530849456787
---- Epoch 7 -----
Full acc: 0.818922823485207
F1: 0.40752431739815576
Time: 23.789429903030396
---- Epoch 8 -----
Full acc: 0.8196464729048958
F1: 0.4102339758677819
Time: 23.74004626274109
---- Epoch 9 -----
Full acc: 0.8193085668958223
F1: 0.4141957472803009
Time: 23.392765522003174
---- Epoch 10 -----
Full acc: 0.8186001384675332
F1: 0.40095354990233234
Time: 23.713682651519775
=============== Seed: 2 ================
========= layer0 =========
---- Epoch 1 -----
Full acc: 0.9483577854936124
F1: 0.8476763211638374
Time: 25.664392709732056
---- Epoch 2 -----
Full acc: 0.9485539188399343
F1: 0.8484710394756192
Time: 24.476068258285522
---- Epoch 3 -----
Full acc: 0.9481860057335301
F1: 0.8476668360559106
Time: 24.250577449798584
---- Epoch 4 -----
Full acc: 0.9483121225194133
F1: 0.8477776913306642
Time: 23.625855684280396
---- Epoch 5 -----
Full acc: 0.9483169062595674
F1: 0.8478592015193268
Time: 24.166207313537598
---- Epoch 6 -----
Full acc: 0.9483329970219043
F1: 0.847750055453378
Time: 24.43814969062805
---- Epoch 7 -----
Full acc: 0.9482638502324028
F1: 0.8476425923998139
Time: 24.20707082748413
---- Epoch 8 -----
Full acc: 0.9484695510590331
F1: 0.8483282043206855
Time: 24.086315631866455
---- Epoch 9 -----
Full acc: 0.9483373458765899
F1: 0.8479036277178722
Time: 23.855013847351074
---- Epoch 10 -----
Full acc: 0.9484260625121768
F1: 0.8483667943605422
Time: 24.51643967628479
========= layer1 =========
---- Epoch 1 -----
Full acc: 0.9477032828634251
F1: 0.8479405178991204
Time: 25.668109893798828
---- Epoch 2 -----
Full acc: 0.9477211131676362
F1: 0.8480045304755531
Time: 23.8487708568573
---- Epoch 3 -----
Full acc: 0.9480281423084417
F1: 0.848583283891292
Time: 23.49405550956726
---- Epoch 4 -----
Full acc: 0.9480190097136019
F1: 0.8487765702621985
Time: 23.150445222854614
---- Epoch 5 -----
Full acc: 0.9480542354365554
F1: 0.8487534142009157
Time: 24.154863834381104
---- Epoch 6 -----
Full acc: 0.9478441857552395
F1: 0.848063698907561
Time: 24.08190655708313
---- Epoch 7 -----
Full acc: 0.9478589718611706
F1: 0.8482077939457093
Time: 23.68632459640503
---- Epoch 8 -----
Full acc: 0.9478215717108742
F1: 0.848377067297403
Time: 23.675912141799927
---- Epoch 9 -----
Full acc: 0.9477463365248128
F1: 0.8479628225604611
Time: 23.550219774246216
---- Epoch 10 -----
Full acc: 0.9475936917253472
F1: 0.8475318944527599
Time: 23.307972192764282
========= layer2 =========
---- Epoch 1 -----
Full acc: 0.9531328279384341
F1: 0.864344061219869
Time: 25.483819484710693
---- Epoch 2 -----
Full acc: 0.9535464040190376
F1: 0.8655877816102848
Time: 23.634824514389038
---- Epoch 3 -----
Full acc: 0.9534620362381363
F1: 0.8653659232467603
Time: 23.462621450424194
---- Epoch 4 -----
Full acc: 0.9532828634250884
F1: 0.8650918289976396
Time: 23.934650659561157
---- Epoch 5 -----
Full acc: 0.9532271980851124
F1: 0.8650962841563263
Time: 23.35750102996826
---- Epoch 6 -----
Full acc: 0.9533681009769267
F1: 0.8653118930209498
Time: 23.264374494552612
---- Epoch 7 -----
Full acc: 0.9534515989868908
F1: 0.8655509795244534
Time: 23.96331787109375
---- Epoch 8 -----
Full acc: 0.9533393985360016
F1: 0.8651781847016442
Time: 23.66969919204712
---- Epoch 9 -----
Full acc: 0.9531832746527874
F1: 0.8648537316272499
Time: 24.026984930038452
---- Epoch 10 -----
Full acc: 0.9533307008266303
F1: 0.8651721074975768
Time: 23.91515612602234
========= x =========
---- Epoch 1 -----
Full acc: 0.821570841103287
F1: 0.41589056173046235
Time: 25.481526374816895
---- Epoch 2 -----
Full acc: 0.8192337665952295
F1: 0.4081834005146871
Time: 23.26699447631836
---- Epoch 3 -----
Full acc: 0.8192759504856801
F1: 0.4078721487794833
Time: 23.548228979110718
---- Epoch 4 -----
Full acc: 0.8194816513123104
F1: 0.41068972702873874
Time: 23.500113487243652
---- Epoch 5 -----
Full acc: 0.8195220956608867
F1: 0.41440051766791236
Time: 23.506673097610474
---- Epoch 6 -----
Full acc: 0.8186905946449943
F1: 0.40606741721717976
Time: 23.50209927558899
---- Epoch 7 -----
Full acc: 0.8182848465028251
F1: 0.40389972886354836
Time: 23.96846032142639
---- Epoch 8 -----
Full acc: 0.8186788527373431
F1: 0.4044237013965392
Time: 24.1650812625885
---- Epoch 9 -----
Full acc: 0.818553605722397
F1: 0.403551650794158
Time: 24.409113883972168
---- Epoch 10 -----
Full acc: 0.8194116347518717
F1: 0.41310482788461184
Time: 24.14597225189209
=============== Seed: 3 ================
========= layer0 =========
---- Epoch 1 -----
Full acc: 0.9484364997634223
F1: 0.8478469212397386
Time: 25.231114864349365
---- Epoch 2 -----
Full acc: 0.9486909077625316
F1: 0.8487377263002767
Time: 24.227191925048828
---- Epoch 3 -----
Full acc: 0.9482564571794372
F1: 0.8475246792170787
Time: 23.875598907470703
---- Epoch 4 -----
Full acc: 0.948420843886554
F1: 0.8481120960412112
Time: 22.932236433029175
---- Epoch 5 -----
Full acc: 0.9485182582315121
F1: 0.8481382481299466
Time: 23.77283000946045
---- Epoch 6 -----
Full acc: 0.9485143442622951
F1: 0.8481392280458995
Time: 23.393447637557983
---- Epoch 7 -----
Full acc: 0.9486748170001948
F1: 0.8485670968039877
Time: 23.575185775756836
---- Epoch 8 -----
Full acc: 0.9482651548888085
F1: 0.847924877566056
Time: 23.168824911117554
---- Epoch 9 -----
Full acc: 0.9486187167747502
F1: 0.848557758063615
Time: 22.798439502716064
---- Epoch 10 -----
Full acc: 0.9482695037434942
F1: 0.847585137187442
Time: 22.81735134124756
========= layer1 =========
---- Epoch 1 -----
Full acc: 0.9475084541735088
F1: 0.8474078309970606
Time: 24.581791400909424
---- Epoch 2 -----
Full acc: 0.9477763436221437
F1: 0.8481320261159485
Time: 22.992250204086304
---- Epoch 3 -----
Full acc: 0.9477254620223218
F1: 0.8478195720876993
Time: 22.997329235076904
---- Epoch 4 -----
Full acc: 0.9480816332210749
F1: 0.84885219110135
Time: 22.985168933868408
---- Epoch 5 -----
Full acc: 0.9479168116284895
F1: 0.8484142900089792
Time: 22.505056381225586
---- Epoch 6 -----
Full acc: 0.9478320089621197
F1: 0.8481197909025482
Time: 23.34397554397583
---- Epoch 7 -----
Full acc: 0.9479333372762949
F1: 0.8485519389854849
Time: 23.11506152153015
---- Epoch 8 -----
Full acc: 0.9479081139191182
F1: 0.8481757052611263
Time: 23.59131932258606
---- Epoch 9 -----
Full acc: 0.9478141786579086
F1: 0.8481270001779091
Time: 22.903252363204956
---- Epoch 10 -----
Full acc: 0.9479442094130089
F1: 0.8485021372245424
Time: 23.040327310562134
========= layer2 =========
---- Epoch 1 -----
Full acc: 0.9532598144952545
F1: 0.8645091157430738
Time: 25.044822216033936
---- Epoch 2 -----
Full acc: 0.9534789967714102
F1: 0.8655424434923733
Time: 24.34683632850647
---- Epoch 3 -----
Full acc: 0.9533293961702246
F1: 0.865030829971119
Time: 24.077247381210327
---- Epoch 4 -----
Full acc: 0.9533467915889672
F1: 0.8651844470055277
Time: 24.069825649261475
---- Epoch 5 -----
Full acc: 0.9534255058587771
F1: 0.86546751741252
Time: 23.649354457855225
---- Epoch 6 -----
Full acc: 0.9532980844164881
F1: 0.8650653610135434
Time: 23.473049879074097
---- Epoch 7 -----
Full acc: 0.9533602730384926
F1: 0.865311293818339
Time: 23.85111975669861
---- Epoch 8 -----
Full acc: 0.9535377063096663
F1: 0.8655692551211365
Time: 23.27608036994934
---- Epoch 9 -----
Full acc: 0.9533802777700465
F1: 0.8655368352589408
Time: 22.777676343917847
---- Epoch 10 -----
Full acc: 0.9535572761557516
F1: 0.8656837180703402
Time: 22.93143057823181
========= x =========
---- Epoch 1 -----
Full acc: 0.8221931622088007
F1: 0.42010934963675683
Time: 24.572571516036987
---- Epoch 2 -----
Full acc: 0.8190663356898328
F1: 0.4090708178721979
Time: 23.68842315673828
---- Epoch 3 -----
Full acc: 0.8187140784602966
F1: 0.40310549251488237
Time: 23.561084747314453
---- Epoch 4 -----
Full acc: 0.8187214715132622
F1: 0.40481293535387886
Time: 23.438606023788452
---- Epoch 5 -----
Full acc: 0.8185583894625511
F1: 0.4020121366038916
Time: 23.969398260116577
---- Epoch 6 -----
Full acc: 0.8194185929193688
F1: 0.41504771586094885
Time: 22.552820682525635
---- Epoch 7 -----
Full acc: 0.8190419821035932
F1: 0.40912276037212775
Time: 23.320033311843872
---- Epoch 8 -----
Full acc: 0.8185005496952322
F1: 0.4046622830922324
Time: 22.87078857421875
---- Epoch 9 -----
Full acc: 0.8188488929555512
F1: 0.40790715910707187
Time: 23.384514093399048
---- Epoch 10 -----
Full acc: 0.8186484107545436
F1: 0.408701234472321
Time: 22.992684602737427
=============== Seed: 4 ================
========= layer0 =========
---- Epoch 1 -----
Full acc: 0.9483138620612875
F1: 0.8475880174190349
Time: 24.302255153656006
---- Epoch 2 -----
Full acc: 0.9484765092265302
F1: 0.8480782181685782
Time: 23.194567680358887
---- Epoch 3 -----
Full acc: 0.9481316450499596
F1: 0.8475087012591167
Time: 24.2722110748291
---- Epoch 4 -----
Full acc: 0.9484286718249881
F1: 0.848133967599054
Time: 23.9227397441864
---- Epoch 5 -----
Full acc: 0.9485056465529238
F1: 0.8481322036265283
Time: 23.876863718032837
---- Epoch 6 -----
Full acc: 0.948102507723566
F1: 0.8475240559811785
Time: 23.87496566772461
---- Epoch 7 -----
Full acc: 0.9482521083247516
F1: 0.8474575794295298
Time: 24.381731510162354
---- Epoch 8 -----
Full acc: 0.9483686576303265
F1: 0.8477964076762504
Time: 24.265319347381592
---- Epoch 9 -----
Full acc: 0.948410841520777
F1: 0.8482679361596344
Time: 24.090599060058594
---- Epoch 10 -----
Full acc: 0.9483190806869103
F1: 0.8476648567454097
Time: 24.274106979370117
========= layer1 =========
---- Epoch 1 -----
Full acc: 0.9477672110273039
F1: 0.8482084538330124
Time: 25.43048644065857
---- Epoch 2 -----
Full acc: 0.9477545993487155
F1: 0.847985793724957
Time: 23.65713381767273
---- Epoch 3 -----
Full acc: 0.9478076553758802
F1: 0.8480003216889587
Time: 24.169312477111816
---- Epoch 4 -----
Full acc: 0.9480111817751677
F1: 0.8487159196324445
Time: 24.18213939666748
---- Epoch 5 -----
Full acc: 0.9479429047566033
F1: 0.8483266189631568
Time: 24.118916034698486
---- Epoch 6 -----
Full acc: 0.947951167580506
F1: 0.8484999415700434
Time: 24.074477910995483
---- Epoch 7 -----
Full acc: 0.9478228763672799
F1: 0.8483043432387081
Time: 23.784619092941284
---- Epoch 8 -----
Full acc: 0.9479146372011467
F1: 0.8484410535113434
Time: 23.387118816375732
---- Epoch 9 -----
Full acc: 0.9479028952934955
F1: 0.8483519052684511
Time: 23.44851851463318
---- Epoch 10 -----
Full acc: 0.9478720184252275
F1: 0.8482465833016561
Time: 24.265573263168335
========= layer2 =========
---- Epoch 1 -----
Full acc: 0.9532206748030838
F1: 0.8646577896699359
Time: 24.737385988235474
---- Epoch 2 -----
Full acc: 0.9534098499819088
F1: 0.865274221742084
Time: 23.479721307754517
---- Epoch 3 -----
Full acc: 0.9531950165604386
F1: 0.86507665657582
Time: 23.572903633117676
---- Epoch 4 -----
Full acc: 0.9533441822761558
F1: 0.8655727542118654
Time: 23.545297861099243
---- Epoch 5 -----
Full acc: 0.9533728847170809
F1: 0.8653213616370419
Time: 24.196893215179443
---- Epoch 6 -----
Full acc: 0.9534363779954911
F1: 0.8656550906766187
Time: 23.904815912246704
---- Epoch 7 -----
Full acc: 0.953583804169334
F1: 0.865873430945992
Time: 23.99709129333496
---- Epoch 8 -----
Full acc: 0.9533872359375435
F1: 0.8655013782189765
Time: 24.117329597473145
---- Epoch 9 -----
Full acc: 0.9534689944056334
F1: 0.8653935396532877
Time: 24.21986198425293
---- Epoch 10 -----
Full acc: 0.9535764111163684
F1: 0.8656230482046879
Time: 23.94425654411316
========= x =========
---- Epoch 1 -----
Full acc: 0.8217543627710207
F1: 0.4183888305570296
Time: 24.993460655212402
---- Epoch 2 -----
Full acc: 0.8202940173675861
F1: 0.41525504618342246
Time: 23.315497875213623
---- Epoch 3 -----
Full acc: 0.8195947215341368
F1: 0.41604002457046996
Time: 23.469175577163696
---- Epoch 4 -----
Full acc: 0.8194594721534136
F1: 0.4149150343776812
Time: 23.095309257507324
---- Epoch 5 -----
Full acc: 0.8189606585209719
F1: 0.4069771999645341
Time: 23.679263830184937
---- Epoch 6 -----
Full acc: 0.8185501266386485
F1: 0.40160108144476603
Time: 23.46674132347107
---- Epoch 7 -----
Full acc: 0.8187493041832503
F1: 0.4064244151183831
Time: 23.26930284500122
---- Epoch 8 -----
Full acc: 0.8183270303932756
F1: 0.4039979451360297
Time: 23.015978813171387
---- Epoch 9 -----
Full acc: 0.8189793585961201
F1: 0.4070388812906035
Time: 22.844255208969116
---- Epoch 10 -----
Full acc: 0.8188245393693117
F1: 0.4081359819071258
Time: 22.92060875892639
