Loading rhel8/default-amp
  Loading requirement: dot rhel8/slurm singularity/current rhel8/global
    cuda/11.4 libpciaccess/0.16/gcc-9.4.0-6fonbj6
    libiconv/1.16/gcc-9.4.0-ahebbov libxml2/2.9.12/gcc-9.4.0-gnknt5e
    ncurses/6.2/gcc-9.4.0-aiirok7 hwloc/2.5.0/gcc-9.4.0-7sqomga
    libevent/2.1.12/gcc-9.4.0-hgny7cm numactl/2.0.14/gcc-9.4.0-52dwc6n
    cuda/11.4.0/gcc-9.4.0-3hnxhjt gdrcopy/2.2/gcc-9.4.0-e4igtfp
    knem/1.1.4/gcc-9.4.0-bpbxgva libnl/3.3.0/gcc-9.4.0-whwhrwb
    rdma-core/34.0/gcc-9.4.0-5eo5n2u ucx/1.11.1/gcc-9.4.0-lktqyl4
    openmpi/4.1.1/gcc-9.4.0-epagguv
Changed directory to /rds/user/tdb47/hpc-work/planning/thinker_private_planning/probing.

JobID: 58688682
======
Time: Sun Aug 11 10:24:44 BST 2024
Running on master node: gpu-q-14
Current directory: /rds/user/tdb47/hpc-work/planning/thinker_private_planning/probing

Nodes allocated:
================
gpu-q-14

numtasks=1, numnodes=1, mpi_tasks_per_node=1 (OMP_NUM_THREADS=1)

Executing command:
==================
python train_conv_probe.py --feature tracked_box_next_push_onto_after --num_epochs 10 --weight_decay 0.001 --kernel 3 --model_name 250m 


test
=================================== FEATURE: tracked_box_next_push_onto_after =========================================
!!!!
=============== Seed: 0 ================
========= layer0 =========
---- Epoch 1 -----
Full acc: 0.9869707238680827
F1: 0.9392479818340345
Time: 27.630987405776978
---- Epoch 2 -----
Full acc: 0.9872816517607602
F1: 0.9407213759676687
Time: 23.4987313747406
---- Epoch 3 -----
Full acc: 0.9873270681945221
F1: 0.9410299979194734
Time: 23.364580154418945
---- Epoch 4 -----
Full acc: 0.9873100370318614
F1: 0.9408502500830265
Time: 22.996634006500244
---- Epoch 5 -----
Full acc: 0.9872938792621576
F1: 0.9406985939914669
Time: 23.693092107772827
---- Epoch 6 -----
Full acc: 0.9872554499720514
F1: 0.9406410199858952
Time: 22.79148030281067
---- Epoch 7 -----
Full acc: 0.9874196478479598
F1: 0.9411793992219707
Time: 22.979649305343628
---- Epoch 8 -----
Full acc: 0.9873008664058133
F1: 0.9408057406358286
Time: 22.241122484207153
---- Epoch 9 -----
Full acc: 0.987361567216322
F1: 0.9411380477064615
Time: 22.85633397102356
---- Epoch 10 -----
Full acc: 0.9873248847121296
F1: 0.9409038648386698
Time: 22.748526573181152
========= layer1 =========
---- Epoch 1 -----
Full acc: 0.9895607706819453
F1: 0.9511048692094197
Time: 24.44423484802246
---- Epoch 2 -----
Full acc: 0.9897869794577977
F1: 0.9521055777385079
Time: 23.22952961921692
---- Epoch 3 -----
Full acc: 0.9896891594466182
F1: 0.9518095322804445
Time: 23.0320143699646
---- Epoch 4 -----
Full acc: 0.9896847924818334
F1: 0.9516948566157432
Time: 23.309242486953735
---- Epoch 5 -----
Full acc: 0.9897310823085522
F1: 0.9518803600912438
Time: 23.648022413253784
---- Epoch 6 -----
Full acc: 0.9897385061486864
F1: 0.951854996217326
Time: 22.655997276306152
---- Epoch 7 -----
Full acc: 0.9897393795416434
F1: 0.9519073935681608
Time: 22.721725940704346
---- Epoch 8 -----
Full acc: 0.9897393795416434
F1: 0.9519347706305021
Time: 23.173033237457275
---- Epoch 9 -----
Full acc: 0.989726278647289
F1: 0.9518418309886849
Time: 23.13369917869568
---- Epoch 10 -----
Full acc: 0.9895965797931805
F1: 0.9513649360915958
Time: 23.637688875198364
========= layer2 =========
---- Epoch 1 -----
Full acc: 0.9863755065679151
F1: 0.9358407985586311
Time: 24.73097062110901
---- Epoch 2 -----
Full acc: 0.9871340483510341
F1: 0.9392073471018423
Time: 23.479483366012573
---- Epoch 3 -----
Full acc: 0.9873196443543879
F1: 0.9399727451161757
Time: 22.65296959877014
---- Epoch 4 -----
Full acc: 0.9870580631637786
F1: 0.9390126478211057
Time: 22.45842933654785
---- Epoch 5 -----
Full acc: 0.987137541922862
F1: 0.9392488303443722
Time: 23.478435039520264
---- Epoch 6 -----
Full acc: 0.9873222645332588
F1: 0.9399851252381385
Time: 23.465450525283813
---- Epoch 7 -----
Full acc: 0.9872261913079933
F1: 0.9395929969126868
Time: 23.464104413986206
---- Epoch 8 -----
Full acc: 0.9872999930128563
F1: 0.9398865619566212
Time: 23.586768865585327
---- Epoch 9 -----
Full acc: 0.9872414756847401
F1: 0.9395998804749126
Time: 23.54834008216858
---- Epoch 10 -----
Full acc: 0.987144965762996
F1: 0.9393616607331943
Time: 23.094632148742676
========= x =========
---- Epoch 1 -----
Full acc: 0.9194150887367244
F1: 0.4788370449944089
Time: 24.809360027313232
---- Epoch 2 -----
Full acc: 0.9200417481833426
F1: 0.4893048449552193
Time: 23.578320503234863
---- Epoch 3 -----
Full acc: 0.9197028717160425
F1: 0.49054025115440697
Time: 22.415377140045166
---- Epoch 4 -----
Full acc: 0.9198439246785914
F1: 0.4899859213859331
Time: 22.46125864982605
---- Epoch 5 -----
Full acc: 0.9199609593348239
F1: 0.4918263774851569
Time: 22.74193286895752
---- Epoch 6 -----
Full acc: 0.919865322806037
F1: 0.4932484763824978
Time: 22.587550163269043
---- Epoch 7 -----
Full acc: 0.919787154136389
F1: 0.49070222643038097
Time: 22.291921138763428
---- Epoch 8 -----
Full acc: 0.9199544088876467
F1: 0.49199619449331466
Time: 22.530877828598022
---- Epoch 9 -----
Full acc: 0.9197185927892677
F1: 0.4915975460269446
Time: 23.23621416091919
---- Epoch 10 -----
Full acc: 0.9198085522638345
F1: 0.4918867877121681
Time: 23.074892044067383
=============== Seed: 1 ================
========= layer0 =========
---- Epoch 1 -----
Full acc: 0.9870419053940749
F1: 0.939694397640662
Time: 25.22227931022644
---- Epoch 2 -----
Full acc: 0.9871764079094466
F1: 0.9403641137494446
Time: 23.26642680168152
---- Epoch 3 -----
Full acc: 0.987329688373393
F1: 0.9409815296337986
Time: 23.2228000164032
---- Epoch 4 -----
Full acc: 0.9873519598937954
F1: 0.9410560736247542
Time: 23.2527756690979
---- Epoch 5 -----
Full acc: 0.9872995563163779
F1: 0.9408533079399671
Time: 23.208431243896484
---- Epoch 6 -----
Full acc: 0.9873838387367244
F1: 0.9411032966471591
Time: 24.126601457595825
---- Epoch 7 -----
Full acc: 0.9873445360536612
F1: 0.940881651793607
Time: 22.590887308120728
---- Epoch 8 -----
Full acc: 0.987427071688094
F1: 0.9413532092085658
Time: 23.03685426712036
---- Epoch 9 -----
Full acc: 0.987262437115707
F1: 0.9406692000052441
Time: 23.27605962753296
---- Epoch 10 -----
Full acc: 0.9873624406092789
F1: 0.9410101605396083
Time: 23.086835861206055
========= layer1 =========
---- Epoch 1 -----
Full acc: 0.989672564980436
F1: 0.9516058913580097
Time: 24.0973699092865
---- Epoch 2 -----
Full acc: 0.9896319522079374
F1: 0.9515930955244285
Time: 22.581263780593872
---- Epoch 3 -----
Full acc: 0.989736322666294
F1: 0.9519738842714494
Time: 22.920572757720947
---- Epoch 4 -----
Full acc: 0.9898297757126886
F1: 0.9523402108026391
Time: 22.71024227142334
---- Epoch 5 -----
Full acc: 0.9897184181106764
F1: 0.9518179855375358
Time: 23.08973002433777
---- Epoch 6 -----
Full acc: 0.9897140511458915
F1: 0.9518073779388885
Time: 23.56648302078247
---- Epoch 7 -----
Full acc: 0.9897555373113471
F1: 0.9520194567609954
Time: 22.96126127243042
---- Epoch 8 -----
Full acc: 0.9897660180268306
F1: 0.9521144134558993
Time: 21.792595624923706
---- Epoch 9 -----
Full acc: 0.9897555373113471
F1: 0.9520409126528767
Time: 22.72869062423706
---- Epoch 10 -----
Full acc: 0.9896996401621018
F1: 0.951714058361777
Time: 22.348713874816895
========= layer2 =========
---- Epoch 1 -----
Full acc: 0.9862484278926775
F1: 0.9352373379984602
Time: 24.26968550682068
---- Epoch 2 -----
Full acc: 0.9868938652878703
F1: 0.9380659911569044
Time: 23.113691806793213
---- Epoch 3 -----
Full acc: 0.9871733510340973
F1: 0.9392838775470761
Time: 23.566171646118164
---- Epoch 4 -----
Full acc: 0.9871283712968139
F1: 0.9392286425352132
Time: 23.044602155685425
---- Epoch 5 -----
Full acc: 0.9872951893515931
F1: 0.9398418560100129
Time: 22.863375186920166
---- Epoch 6 -----
Full acc: 0.9873047966741196
F1: 0.939876756833511
Time: 22.844541549682617
---- Epoch 7 -----
Full acc: 0.9872061032699833
F1: 0.9394191145462603
Time: 23.333350658416748
---- Epoch 8 -----
Full acc: 0.9871689840693124
F1: 0.9393983257908299
Time: 22.763937950134277
---- Epoch 9 -----
Full acc: 0.9872873288149804
F1: 0.9398765553548676
Time: 22.712463855743408
---- Epoch 10 -----
Full acc: 0.9872392922023476
F1: 0.9396180825777712
Time: 23.292171239852905
========= x =========
---- Epoch 1 -----
Full acc: 0.9191941203186138
F1: 0.477661783054828
Time: 24.07154941558838
---- Epoch 2 -----
Full acc: 0.9198273302124091
F1: 0.4889086069351129
Time: 23.086886167526245
---- Epoch 3 -----
Full acc: 0.9198902145053103
F1: 0.4908655211168793
Time: 23.302178621292114
---- Epoch 4 -----
Full acc: 0.9197849706539967
F1: 0.4915920170460918
Time: 22.954256057739258
---- Epoch 5 -----
Full acc: 0.9196797268026831
F1: 0.4898821411079841
Time: 22.784093856811523
---- Epoch 6 -----
Full acc: 0.9198373742314142
F1: 0.49229032597430394
Time: 22.41524338722229
---- Epoch 7 -----
Full acc: 0.9199579024594746
F1: 0.49299760345573523
Time: 22.743626594543457
---- Epoch 8 -----
Full acc: 0.91988453745109
F1: 0.489774647854024
Time: 23.080014944076538
---- Epoch 9 -----
Full acc: 0.9197299468977083
F1: 0.4897849640161233
Time: 23.1057186126709
---- Epoch 10 -----
Full acc: 0.9199277704024594
F1: 0.4922439220062279
Time: 22.878738403320312
=============== Seed: 2 ================
========= layer0 =========
---- Epoch 1 -----
Full acc: 0.9869458321688094
F1: 0.9393054877153613
Time: 24.63701820373535
---- Epoch 2 -----
Full acc: 0.9873366755170486
F1: 0.9410444922724694
Time: 22.55627942085266
---- Epoch 3 -----
Full acc: 0.9873506498043599
F1: 0.9410280102763705
Time: 22.65638256072998
---- Epoch 4 -----
Full acc: 0.9872947526551146
F1: 0.9407928344835336
Time: 22.771559953689575
---- Epoch 5 -----
Full acc: 0.9872895122973728
F1: 0.9407131054553318
Time: 23.10580587387085
---- Epoch 6 -----
Full acc: 0.9873668075740637
F1: 0.9410597047045941
Time: 23.719202518463135
---- Epoch 7 -----
Full acc: 0.9873637506987144
F1: 0.9410556942238115
Time: 23.312073230743408
---- Epoch 8 -----
Full acc: 0.9872829618501956
F1: 0.9406157479397198
Time: 23.469933032989502
---- Epoch 9 -----
Full acc: 0.9873240113191727
F1: 0.9407177137320678
Time: 23.276769638061523
---- Epoch 10 -----
Full acc: 0.987339732392398
F1: 0.9408969962919302
Time: 23.346344470977783
========= layer1 =========
---- Epoch 1 -----
Full acc: 0.9897280254332029
F1: 0.9518488619843385
Time: 24.751733541488647
---- Epoch 2 -----
Full acc: 0.9896730016769145
F1: 0.9516745439527258
Time: 23.62412452697754
---- Epoch 3 -----
Full acc: 0.9898354527669089
F1: 0.9523697485109975
Time: 24.080568313598633
---- Epoch 4 -----
Full acc: 0.9896992034656232
F1: 0.9517999015885931
Time: 24.072986125946045
---- Epoch 5 -----
Full acc: 0.9897057539128005
F1: 0.9517799625361437
Time: 23.300825357437134
---- Epoch 6 -----
Full acc: 0.9897315190050308
F1: 0.9519072577186218
Time: 23.43220067024231
---- Epoch 7 -----
Full acc: 0.9897655813303522
F1: 0.9521328966054481
Time: 23.47121548652649
---- Epoch 8 -----
Full acc: 0.9896214714924538
F1: 0.9514900222599385
Time: 23.6951003074646
---- Epoch 9 -----
Full acc: 0.9897057539128005
F1: 0.9518371135703806
Time: 23.26876211166382
---- Epoch 10 -----
Full acc: 0.9897507336500838
F1: 0.9520488603804358
Time: 23.103199005126953
========= layer2 =========
---- Epoch 1 -----
Full acc: 0.9863658992453885
F1: 0.9355307295418257
Time: 24.606357097625732
---- Epoch 2 -----
Full acc: 0.987062866825042
F1: 0.9388264387640811
Time: 23.70737648010254
---- Epoch 3 -----
Full acc: 0.9870991126327557
F1: 0.9391045718320374
Time: 23.173383712768555
---- Epoch 4 -----
Full acc: 0.9872419123812186
F1: 0.9396599714801587
Time: 23.06972861289978
---- Epoch 5 -----
Full acc: 0.9871471492453885
F1: 0.9393211494248022
Time: 23.6865291595459
---- Epoch 6 -----
Full acc: 0.9871908188932365
F1: 0.9394501375237251
Time: 23.800174474716187
---- Epoch 7 -----
Full acc: 0.9872026096981554
F1: 0.9395834802650833
Time: 24.217811346054077
---- Epoch 8 -----
Full acc: 0.987253266489659
F1: 0.9397679146789141
Time: 24.065415143966675
---- Epoch 9 -----
Full acc: 0.9872183307713807
F1: 0.9395665467446666
Time: 23.32493782043457
---- Epoch 10 -----
Full acc: 0.9873082902459475
F1: 0.9399398589241216
Time: 23.486116409301758
========= x =========
---- Epoch 1 -----
Full acc: 0.9192714155953047
F1: 0.4803996076615002
Time: 24.077792406082153
---- Epoch 2 -----
Full acc: 0.9197836605645612
F1: 0.4878112551752515
Time: 22.964251041412354
---- Epoch 3 -----
Full acc: 0.9198111724427054
F1: 0.49045800445902765
Time: 23.25495481491089
---- Epoch 4 -----
Full acc: 0.9197548385969816
F1: 0.48972157292909885
Time: 22.555514812469482
---- Epoch 5 -----
Full acc: 0.9198849741475684
F1: 0.4937699780146982
Time: 22.75248646736145
---- Epoch 6 -----
Full acc: 0.9198268935159307
F1: 0.49066763502412253
Time: 22.477705478668213
---- Epoch 7 -----
Full acc: 0.9198578989659028
F1: 0.4929693631451636
Time: 22.702210187911987
---- Epoch 8 -----
Full acc: 0.9198391210173281
F1: 0.49284744141525394
Time: 23.14951229095459
---- Epoch 9 -----
Full acc: 0.9198565888764673
F1: 0.4928176005341854
Time: 22.44468331336975
---- Epoch 10 -----
Full acc: 0.9199631428172164
F1: 0.491485073834815
Time: 22.369406700134277
=============== Seed: 3 ================
========= layer0 =========
---- Epoch 1 -----
Full acc: 0.9869860082448295
F1: 0.93930294012407
Time: 24.85983681678772
---- Epoch 2 -----
Full acc: 0.9872519564002236
F1: 0.9405522176195529
Time: 23.5655620098114
---- Epoch 3 -----
Full acc: 0.9872148371995528
F1: 0.9404827522352888
Time: 23.09352946281433
---- Epoch 4 -----
Full acc: 0.9873567635550587
F1: 0.9411163069171555
Time: 23.43740200996399
---- Epoch 5 -----
Full acc: 0.9873227012297373
F1: 0.9409768430492458
Time: 23.247879028320312
---- Epoch 6 -----
Full acc: 0.987458077138066
F1: 0.9414974924044806
Time: 23.904786586761475
---- Epoch 7 -----
Full acc: 0.9872986829234209
F1: 0.9407291824935948
Time: 23.425873041152954
---- Epoch 8 -----
Full acc: 0.9873375489100056
F1: 0.9409159913193232
Time: 23.196815490722656
---- Epoch 9 -----
Full acc: 0.9872654939910565
F1: 0.9407174147957098
Time: 23.163854122161865
---- Epoch 10 -----
Full acc: 0.9873427892677473
F1: 0.9409359836373719
Time: 23.24821972846985
========= layer1 =========
---- Epoch 1 -----
Full acc: 0.989617104527669
F1: 0.9515342798049549
Time: 24.95983076095581
---- Epoch 2 -----
Full acc: 0.9895612073784237
F1: 0.9512683514837068
Time: 23.494470596313477
---- Epoch 3 -----
Full acc: 0.9898175482112912
F1: 0.9522616107637987
Time: 23.658950567245483
---- Epoch 4 -----
Full acc: 0.9897799923141419
F1: 0.9521354192629573
Time: 23.125648736953735
---- Epoch 5 -----
Full acc: 0.9897616510620458
F1: 0.9521071673140475
Time: 23.288366556167603
---- Epoch 6 -----
Full acc: 0.9897716950810509
F1: 0.9521652031684706
Time: 23.29198908805847
---- Epoch 7 -----
Full acc: 0.9897175447177194
F1: 0.9518887133429164
Time: 22.41978430747986
---- Epoch 8 -----
Full acc: 0.9897332657909447
F1: 0.95189271653436
Time: 23.312910318374634
---- Epoch 9 -----
Full acc: 0.9897114309670206
F1: 0.9518850973275035
Time: 23.08207082748413
---- Epoch 10 -----
Full acc: 0.9897922198155394
F1: 0.952034392772328
Time: 23.06127619743347
========= layer2 =========
---- Epoch 1 -----
Full acc: 0.9863759432643935
F1: 0.9357595334098827
Time: 25.114022254943848
---- Epoch 2 -----
Full acc: 0.9870161403018446
F1: 0.9385615709112072
Time: 23.83076500892639
---- Epoch 3 -----
Full acc: 0.9871742244270543
F1: 0.9393682374901211
Time: 23.317792654037476
---- Epoch 4 -----
Full acc: 0.9871750978200112
F1: 0.9394366748196286
Time: 22.665642738342285
---- Epoch 5 -----
Full acc: 0.9873183342649525
F1: 0.9399605270651487
Time: 22.8000431060791
---- Epoch 6 -----
Full acc: 0.9871117768306317
F1: 0.9391791220646482
Time: 22.880075693130493
---- Epoch 7 -----
Full acc: 0.9870318613750698
F1: 0.938819847688977
Time: 23.059657335281372
---- Epoch 8 -----
Full acc: 0.9872419123812186
F1: 0.9396129640595519
Time: 22.62441873550415
---- Epoch 9 -----
Full acc: 0.9872471527389604
F1: 0.9397382687201332
Time: 22.50679874420166
---- Epoch 10 -----
Full acc: 0.9872283747903857
F1: 0.939570959250986
Time: 23.000932693481445
========= x =========
---- Epoch 1 -----
Full acc: 0.9195600719675796
F1: 0.4807976095670957
Time: 24.846986532211304
---- Epoch 2 -----
Full acc: 0.9198421778926775
F1: 0.4891545783719393
Time: 22.972668647766113
---- Epoch 3 -----
Full acc: 0.9198264568194522
F1: 0.49036015386276316
Time: 23.63901996612549
---- Epoch 4 -----
Full acc: 0.9198325705701509
F1: 0.4890050789737028
Time: 22.80626106262207
---- Epoch 5 -----
Full acc: 0.9199033153996646
F1: 0.4930688074346958
Time: 23.14892554283142
---- Epoch 6 -----
Full acc: 0.9200858545276691
F1: 0.49513542041687353
Time: 22.887358903884888
---- Epoch 7 -----
Full acc: 0.9198050586920067
F1: 0.4939898178618337
Time: 22.987632989883423
---- Epoch 8 -----
Full acc: 0.9199731868362213
F1: 0.49338224822173904
Time: 22.858354091644287
---- Epoch 9 -----
Full acc: 0.9198705631637787
F1: 0.4925946505404083
Time: 22.38549256324768
---- Epoch 10 -----
Full acc: 0.9198015651201789
F1: 0.4918106787914616
Time: 22.943074464797974
=============== Seed: 4 ================
========= layer0 =========
---- Epoch 1 -----
Full acc: 0.9870606833426495
F1: 0.9397916862838869
Time: 25.019225358963013
---- Epoch 2 -----
Full acc: 0.9872296848798211
F1: 0.9404414273866673
Time: 23.722734212875366
---- Epoch 3 -----
Full acc: 0.9873454094466182
F1: 0.9409823406907807
Time: 23.509409427642822
---- Epoch 4 -----
Full acc: 0.9872934425656792
F1: 0.9407702173991647
Time: 23.12308669090271
---- Epoch 5 -----
Full acc: 0.9873593837339296
F1: 0.9411009828897221
Time: 23.185511112213135
---- Epoch 6 -----
Full acc: 0.9873467195360537
F1: 0.9410508495555925
Time: 23.538454055786133
---- Epoch 7 -----
Full acc: 0.9874502166014534
F1: 0.9413937516086438
Time: 22.90362548828125
---- Epoch 8 -----
Full acc: 0.9873506498043599
F1: 0.9409793083871204
Time: 23.378132104873657
---- Epoch 9 -----
Full acc: 0.9872602536333147
F1: 0.940776666455554
Time: 23.84937071800232
---- Epoch 10 -----
Full acc: 0.9874419193683622
F1: 0.9413936134841402
Time: 23.746185302734375
========= layer1 =========
---- Epoch 1 -----
Full acc: 0.9896332622973728
F1: 0.9513598164679898
Time: 25.217448949813843
---- Epoch 2 -----
Full acc: 0.9897751886528787
F1: 0.9521596107040027
Time: 24.154705047607422
---- Epoch 3 -----
Full acc: 0.9898005170486305
F1: 0.9522944248502195
Time: 23.59595251083374
---- Epoch 4 -----
Full acc: 0.9896136109558412
F1: 0.9514585441310777
Time: 22.261201858520508
---- Epoch 5 -----
Full acc: 0.9897284621296814
F1: 0.9519486283571199
Time: 22.40645456314087
---- Epoch 6 -----
Full acc: 0.9897673281162661
F1: 0.9520548188635205
Time: 22.762527465820312
---- Epoch 7 -----
Full acc: 0.9897607776690889
F1: 0.9519883106752731
Time: 22.68067240715027
---- Epoch 8 -----
Full acc: 0.989758157490218
F1: 0.9521432571865962
Time: 23.35593318939209
---- Epoch 9 -----
Full acc: 0.989671691587479
F1: 0.9516119290279643
Time: 23.271439790725708
---- Epoch 10 -----
Full acc: 0.9896769319452208
F1: 0.9515708230884083
Time: 23.280627250671387
========= layer2 =========
---- Epoch 1 -----
Full acc: 0.9861702592230296
F1: 0.9350880501422825
Time: 24.758241415023804
---- Epoch 2 -----
Full acc: 0.9871519529066518
F1: 0.9392398605500579
Time: 23.888725519180298
---- Epoch 3 -----
Full acc: 0.9872353619340414
F1: 0.9396063931771298
Time: 23.045660734176636
---- Epoch 4 -----
Full acc: 0.9870550062884292
F1: 0.9388762894622836
Time: 23.339116096496582
---- Epoch 5 -----
Full acc: 0.9872707343487982
F1: 0.9397736848893284
Time: 23.895490169525146
---- Epoch 6 -----
Full acc: 0.9872672407769704
F1: 0.9398107896959587
Time: 23.531649589538574
---- Epoch 7 -----
Full acc: 0.9872628738121856
F1: 0.9397465787845306
Time: 22.531745195388794
---- Epoch 8 -----
Full acc: 0.9870868851313583
F1: 0.9390866493882563
Time: 23.057548999786377
---- Epoch 9 -----
Full acc: 0.9872951893515931
F1: 0.9398554894319725
Time: 23.749146223068237
---- Epoch 10 -----
Full acc: 0.9871550097820011
F1: 0.9394212819327334
Time: 23.80794668197632
========= x =========
---- Epoch 1 -----
Full acc: 0.9190281756567915
F1: 0.475323655162504
Time: 24.924779415130615
---- Epoch 2 -----
Full acc: 0.9200120528228061
F1: 0.4911209841469155
Time: 22.623482704162598
---- Epoch 3 -----
Full acc: 0.9197993816377865
F1: 0.4879259852163999
Time: 23.166515350341797
---- Epoch 4 -----
Full acc: 0.9199015686137507
F1: 0.49187489990345795
Time: 22.90466833114624
---- Epoch 5 -----
Full acc: 0.9199111759362772
F1: 0.4927743788007032
Time: 22.82286763191223
---- Epoch 6 -----
Full acc: 0.919905498882057
F1: 0.49126728435135397
Time: 22.476482152938843
---- Epoch 7 -----
Full acc: 0.9196740497484628
F1: 0.49280058897596496
Time: 22.83992600440979
---- Epoch 8 -----
Full acc: 0.9199657629960872
F1: 0.4924035132658009
Time: 22.46573567390442
---- Epoch 9 -----
Full acc: 0.9198648861095584
F1: 0.4917424718851122
Time: 21.772570610046387
---- Epoch 10 -----
Full acc: 0.9198858475405254
F1: 0.49201130254543746
Time: 22.569620847702026
