Loading rhel8/default-amp
  Loading requirement: dot rhel8/slurm singularity/current rhel8/global
    cuda/11.4 libpciaccess/0.16/gcc-9.4.0-6fonbj6
    libiconv/1.16/gcc-9.4.0-ahebbov libxml2/2.9.12/gcc-9.4.0-gnknt5e
    ncurses/6.2/gcc-9.4.0-aiirok7 hwloc/2.5.0/gcc-9.4.0-7sqomga
    libevent/2.1.12/gcc-9.4.0-hgny7cm numactl/2.0.14/gcc-9.4.0-52dwc6n
    cuda/11.4.0/gcc-9.4.0-3hnxhjt gdrcopy/2.2/gcc-9.4.0-e4igtfp
    knem/1.1.4/gcc-9.4.0-bpbxgva libnl/3.3.0/gcc-9.4.0-whwhrwb
    rdma-core/34.0/gcc-9.4.0-5eo5n2u ucx/1.11.1/gcc-9.4.0-lktqyl4
    openmpi/4.1.1/gcc-9.4.0-epagguv
Changed directory to /rds/user/tdb47/hpc-work/planning/thinker_private_planning/probing.

JobID: 58606150
======
Time: Fri Aug  9 22:07:01 BST 2024
Running on master node: gpu-q-60
Current directory: /rds/user/tdb47/hpc-work/planning/thinker_private_planning/probing

Nodes allocated:
================
gpu-q-60

numtasks=1, numnodes=1, mpi_tasks_per_node=1 (OMP_NUM_THREADS=1)

Executing command:
==================
python train_conv_probe.py --feature agent_onto_after --num_epochs 10 --weight_decay 0.001 --kernel 1 --model_name 50m 


test
=================================== FEATURE: agent_onto_after =========================================
=============== Seed: 0 ================
========= layer0 =========
---- Epoch 1 -----
Full acc: 0.8948565427729326
F1: 0.7003007906611857
Time: 31.54291009902954
---- Epoch 2 -----
Full acc: 0.8944632093590704
F1: 0.6995566637627969
Time: 27.744879961013794
---- Epoch 3 -----
Full acc: 0.8946878095330129
F1: 0.7006559362857685
Time: 27.66728973388672
---- Epoch 4 -----
Full acc: 0.8945719233928442
F1: 0.6991135431456181
Time: 27.51611590385437
---- Epoch 5 -----
Full acc: 0.8943990378808011
F1: 0.6984466843347388
Time: 27.660024166107178
---- Epoch 6 -----
Full acc: 0.8945304006716112
F1: 0.6986231220627049
Time: 26.856098413467407
---- Epoch 7 -----
Full acc: 0.8943261843790012
F1: 0.6988137337068191
Time: 26.47167706489563
---- Epoch 8 -----
Full acc: 0.8943450583431981
F1: 0.6982043023876912
Time: 27.903848886489868
---- Epoch 9 -----
Full acc: 0.8944877455125263
F1: 0.6991039250777191
Time: 26.537249088287354
---- Epoch 10 -----
Full acc: 0.8946496841253352
F1: 0.6995386988774964
Time: 28.228916883468628
========= layer1 =========
---- Epoch 1 -----
Full acc: 0.9187075713284855
F1: 0.7802329451195128
Time: 29.15194821357727
---- Epoch 2 -----
Full acc: 0.9185075073079989
F1: 0.7795975053760161
Time: 27.608969688415527
---- Epoch 3 -----
Full acc: 0.9185614868456019
F1: 0.7797553628055012
Time: 27.053640842437744
---- Epoch 4 -----
Full acc: 0.918477686444568
F1: 0.7794671844619183
Time: 28.06830859184265
---- Epoch 5 -----
Full acc: 0.9188396890778634
F1: 0.7808069964627335
Time: 27.312535762786865
---- Epoch 6 -----
Full acc: 0.9185988572947117
F1: 0.7793453437225377
Time: 26.829561233520508
---- Epoch 7 -----
Full acc: 0.9186196186553282
F1: 0.779939562452317
Time: 25.399272203445435
---- Epoch 8 -----
Full acc: 0.9183942635228178
F1: 0.7790113230475295
Time: 27.267646074295044
---- Epoch 9 -----
Full acc: 0.9187272002512502
F1: 0.7801453681772105
Time: 27.499248027801514
---- Epoch 10 -----
Full acc: 0.9183821841857319
F1: 0.7794152955126901
Time: 27.095539093017578
========= layer2 =========
---- Epoch 1 -----
Full acc: 0.9175411603411204
F1: 0.7679264589844804
Time: 28.538285493850708
---- Epoch 2 -----
Full acc: 0.9173494008648805
F1: 0.7680930319058058
Time: 27.2873215675354
---- Epoch 3 -----
Full acc: 0.9176464770613388
F1: 0.7684033632100579
Time: 27.368091821670532
---- Epoch 4 -----
Full acc: 0.9176234508250187
F1: 0.7683944936621289
Time: 26.711882829666138
---- Epoch 5 -----
Full acc: 0.9174886907206532
F1: 0.767930898746306
Time: 27.038330793380737
---- Epoch 6 -----
Full acc: 0.917735562172348
F1: 0.7686126153462982
Time: 26.58562397956848
---- Epoch 7 -----
Full acc: 0.9175758884352426
F1: 0.7682310683857148
Time: 27.867099285125732
---- Epoch 8 -----
Full acc: 0.9175132268741092
F1: 0.7681316512001606
Time: 27.02275514602661
---- Epoch 9 -----
Full acc: 0.9176846024690165
F1: 0.7685275675765582
Time: 26.603679895401
---- Epoch 10 -----
Full acc: 0.9178703222767135
F1: 0.7689973598327045
Time: 27.224132537841797
========= x =========
---- Epoch 1 -----
Full acc: 0.7997691336699442
F1: 0.21813753111602846
Time: 29.13115406036377
---- Epoch 2 -----
Full acc: 0.7997691336699442
F1: 0.21813753111602846
Time: 26.665388822555542
---- Epoch 3 -----
Full acc: 0.7997691336699442
F1: 0.21813753111602846
Time: 27.869746685028076
---- Epoch 4 -----
Full acc: 0.7997691336699442
F1: 0.21813753111602846
Time: 25.840654134750366
---- Epoch 5 -----
Full acc: 0.7997691336699442
F1: 0.21813753111602846
Time: 26.571815490722656
---- Epoch 6 -----
Full acc: 0.7997691336699442
F1: 0.21813753111602846
Time: 26.94138813018799
---- Epoch 7 -----
Full acc: 0.7997691336699442
F1: 0.21813753111602846
Time: 26.85455846786499
---- Epoch 8 -----
Full acc: 0.7997691336699442
F1: 0.21813753111602846
Time: 26.664931774139404
---- Epoch 9 -----
Full acc: 0.7997691336699442
F1: 0.21813753111602846
Time: 26.87341570854187
---- Epoch 10 -----
Full acc: 0.7997691336699442
F1: 0.21813753111602846
Time: 27.068393230438232
=============== Seed: 1 ================
========= layer0 =========
---- Epoch 1 -----
Full acc: 0.8945122816659822
F1: 0.6985436616633158
Time: 28.674498319625854
---- Epoch 2 -----
Full acc: 0.8944371632884788
F1: 0.6986595784731461
Time: 26.70272707939148
---- Epoch 3 -----
Full acc: 0.8945220961273646
F1: 0.6996055934811043
Time: 27.429112672805786
---- Epoch 4 -----
Full acc: 0.8944424479984538
F1: 0.6990030131396974
Time: 26.581995248794556
---- Epoch 5 -----
Full acc: 0.8942850391370522
F1: 0.6979727443555717
Time: 27.484631776809692
---- Epoch 6 -----
Full acc: 0.8945047320803035
F1: 0.6986500961624998
Time: 27.75022792816162
---- Epoch 7 -----
Full acc: 0.8945035996424516
F1: 0.6987406118948177
Time: 27.241392850875854
---- Epoch 8 -----
Full acc: 0.8941147959799967
F1: 0.6972876333566187
Time: 27.00355863571167
---- Epoch 9 -----
Full acc: 0.8945764531442515
F1: 0.6990671103131026
Time: 27.06638503074646
---- Epoch 10 -----
Full acc: 0.8943661971830986
F1: 0.6987276151386166
Time: 27.458812475204468
========= layer1 =========
---- Epoch 1 -----
Full acc: 0.9185278911893315
F1: 0.7795786198042612
Time: 28.593902349472046
---- Epoch 2 -----
Full acc: 0.9188917812190467
F1: 0.7807865045180529
Time: 27.024256467819214
---- Epoch 3 -----
Full acc: 0.9186332079095499
F1: 0.7795303968292004
Time: 27.81048321723938
---- Epoch 4 -----
Full acc: 0.9183248073345734
F1: 0.7794514062634176
Time: 27.617263793945312
---- Epoch 5 -----
Full acc: 0.9185460101949605
F1: 0.7797200021889774
Time: 26.810447216033936
---- Epoch 6 -----
Full acc: 0.9185826256855024
F1: 0.7796385155291989
Time: 27.77143692970276
---- Epoch 7 -----
Full acc: 0.9186064068803904
F1: 0.7798625534306527
Time: 27.683571100234985
---- Epoch 8 -----
Full acc: 0.9185875329161935
F1: 0.779994330257702
Time: 27.195207834243774
---- Epoch 9 -----
Full acc: 0.9185260037929118
F1: 0.7799925915763961
Time: 27.343225717544556
---- Epoch 10 -----
Full acc: 0.9184259717826686
F1: 0.7792120325390008
Time: 27.13335347175598
========= layer2 =========
---- Epoch 1 -----
Full acc: 0.9167929964003575
F1: 0.7665485987196863
Time: 29.278245449066162
---- Epoch 2 -----
Full acc: 0.9174871808035175
F1: 0.7679143720557767
Time: 27.191795825958252
---- Epoch 3 -----
Full acc: 0.9176978142439542
F1: 0.768567147535316
Time: 27.741215467453003
---- Epoch 4 -----
Full acc: 0.9177540586572609
F1: 0.7685487776662248
Time: 27.02898335456848
---- Epoch 5 -----
Full acc: 0.9176687483390912
F1: 0.7683313711779591
Time: 27.764570713043213
---- Epoch 6 -----
Full acc: 0.9177604758050878
F1: 0.768886240609811
Time: 26.6444890499115
---- Epoch 7 -----
Full acc: 0.917478498779987
F1: 0.7682675794727881
Time: 28.0443594455719
---- Epoch 8 -----
Full acc: 0.917771045225038
F1: 0.7686026038688568
Time: 26.575388193130493
---- Epoch 9 -----
Full acc: 0.9176555365641533
F1: 0.7686661766764036
Time: 27.85464072227478
---- Epoch 10 -----
Full acc: 0.9177321648587925
F1: 0.7686669759150735
Time: 27.158985376358032
========= x =========
---- Epoch 1 -----
Full acc: 0.7997691336699442
F1: 0.21813753111602846
Time: 28.859593868255615
---- Epoch 2 -----
Full acc: 0.7997691336699442
F1: 0.21813753111602846
Time: 26.094600915908813
---- Epoch 3 -----
Full acc: 0.7997691336699442
F1: 0.21813753111602846
Time: 27.563337326049805
---- Epoch 4 -----
Full acc: 0.7997691336699442
F1: 0.21813753111602846
Time: 27.127232789993286
---- Epoch 5 -----
Full acc: 0.7997691336699442
F1: 0.21813753111602846
Time: 26.075969696044922
---- Epoch 6 -----
Full acc: 0.7997691336699442
F1: 0.21813753111602846
Time: 26.67972421646118
---- Epoch 7 -----
Full acc: 0.7997691336699442
F1: 0.21813753111602846
Time: 26.069957494735718
---- Epoch 8 -----
Full acc: 0.7997691336699442
F1: 0.21813753111602846
Time: 27.232028245925903
---- Epoch 9 -----
Full acc: 0.7997691336699442
F1: 0.21813753111602846
Time: 26.26944661140442
---- Epoch 10 -----
Full acc: 0.7997691336699442
F1: 0.21813753111602846
Time: 26.77287530899048
=============== Seed: 2 ================
========= layer0 =========
---- Epoch 1 -----
Full acc: 0.8946579886695818
F1: 0.6997161096024067
Time: 29.418667316436768
---- Epoch 2 -----
Full acc: 0.894705173580074
F1: 0.7003844983951785
Time: 27.247790575027466
---- Epoch 3 -----
Full acc: 0.8944315010992197
F1: 0.6987612497026865
Time: 26.843636512756348
---- Epoch 4 -----
Full acc: 0.8945466322808204
F1: 0.6995164984201667
Time: 27.8545503616333
---- Epoch 5 -----
Full acc: 0.8948757942164134
F1: 0.7007819056211989
Time: 27.44054102897644
---- Epoch 6 -----
Full acc: 0.8947183853550117
F1: 0.7003287714408466
Time: 27.141812801361084
---- Epoch 7 -----
Full acc: 0.8946553463145942
F1: 0.6996278859847439
Time: 26.748294591903687
---- Epoch 8 -----
Full acc: 0.8942729597999661
F1: 0.698533213977333
Time: 26.765068531036377
---- Epoch 9 -----
Full acc: 0.8946893194501486
F1: 0.70023612711119
Time: 26.778709411621094
---- Epoch 10 -----
Full acc: 0.8945741882685478
F1: 0.6996229698220242
Time: 27.235336303710938
========= layer1 =========
---- Epoch 1 -----
Full acc: 0.9185875329161935
F1: 0.779741501048
Time: 29.651009559631348
---- Epoch 2 -----
Full acc: 0.9185290236271834
F1: 0.7797662167409788
Time: 28.066869258880615
---- Epoch 3 -----
Full acc: 0.9181938220230473
F1: 0.7787175838221048
Time: 27.25366187095642
---- Epoch 4 -----
Full acc: 0.9184214420312613
F1: 0.779460431752399
Time: 27.820326328277588
---- Epoch 5 -----
Full acc: 0.9184746666102964
F1: 0.7794256293849281
Time: 27.096471309661865
---- Epoch 6 -----
Full acc: 0.9186165988210567
F1: 0.7799232293026206
Time: 27.490415334701538
---- Epoch 7 -----
Full acc: 0.9186162213417728
F1: 0.7801655576323855
Time: 26.793667793273926
---- Epoch 8 -----
Full acc: 0.9183829391442998
F1: 0.7792065946851248
Time: 27.63949680328369
---- Epoch 9 -----
Full acc: 0.9186554791873022
F1: 0.7803599095380267
Time: 27.63703417778015
---- Epoch 10 -----
Full acc: 0.9186196186553282
F1: 0.7801539603711685
Time: 27.37667179107666
========= layer2 =========
---- Epoch 1 -----
Full acc: 0.9172229453047617
F1: 0.7676200917500988
Time: 29.464667558670044
---- Epoch 2 -----
Full acc: 0.9178084156741478
F1: 0.7686854700673942
Time: 27.986300230026245
---- Epoch 3 -----
Full acc: 0.9178235148455053
F1: 0.7689186082804895
Time: 27.949875831604004
---- Epoch 4 -----
Full acc: 0.9176766754040538
F1: 0.7685830577033409
Time: 27.66111421585083
---- Epoch 5 -----
Full acc: 0.9174615122122098
F1: 0.7679355209384983
Time: 27.55731511116028
---- Epoch 6 -----
Full acc: 0.917592497523736
F1: 0.7684852801306811
Time: 27.519320487976074
---- Epoch 7 -----
Full acc: 0.9177378270480516
F1: 0.7688370673883773
Time: 26.822959661483765
---- Epoch 8 -----
Full acc: 0.9174860483656657
F1: 0.768093931812782
Time: 27.66665267944336
---- Epoch 9 -----
Full acc: 0.9177680253907665
F1: 0.7686188746972807
Time: 27.3695285320282
---- Epoch 10 -----
Full acc: 0.9174645320464813
F1: 0.7679598672812048
Time: 27.53241801261902
========= x =========
---- Epoch 1 -----
Full acc: 0.7997691336699442
F1: 0.21813753111602846
Time: 28.06391477584839
---- Epoch 2 -----
Full acc: 0.7997691336699442
F1: 0.21813753111602846
Time: 26.51001787185669
---- Epoch 3 -----
Full acc: 0.7997691336699442
F1: 0.21813753111602846
Time: 27.548871517181396
---- Epoch 4 -----
Full acc: 0.7997691336699442
F1: 0.21813753111602846
Time: 27.36794877052307
---- Epoch 5 -----
Full acc: 0.7997691336699442
F1: 0.21813753111602846
Time: 25.263813734054565
---- Epoch 6 -----
Full acc: 0.7997691336699442
F1: 0.21813753111602846
Time: 26.375854969024658
---- Epoch 7 -----
Full acc: 0.7997691336699442
F1: 0.21813753111602846
Time: 26.405545473098755
---- Epoch 8 -----
Full acc: 0.7997691336699442
F1: 0.21813753111602846
Time: 27.481492280960083
---- Epoch 9 -----
Full acc: 0.7997691336699442
F1: 0.21813753111602846
Time: 27.054561614990234
---- Epoch 10 -----
Full acc: 0.7997691336699442
F1: 0.21813753111602846
Time: 27.406793117523193
=============== Seed: 3 ================
========= layer0 =========
---- Epoch 1 -----
Full acc: 0.8945394601744256
F1: 0.6985429071972035
Time: 29.215322732925415
---- Epoch 2 -----
Full acc: 0.8945738107892639
F1: 0.6994516371904768
Time: 27.26503586769104
---- Epoch 3 -----
Full acc: 0.8948595626072041
F1: 0.7006234884138208
Time: 28.358309745788574
---- Epoch 4 -----
Full acc: 0.8947214051892832
F1: 0.7002067473397654
Time: 27.508283615112305
---- Epoch 5 -----
Full acc: 0.8945507845529438
F1: 0.6990836947914046
Time: 27.95817518234253
---- Epoch 6 -----
Full acc: 0.894585512647066
F1: 0.6994128962274262
Time: 29.522568702697754
---- Epoch 7 -----
Full acc: 0.8944798184475636
F1: 0.6989624164223938
Time: 28.053313493728638
---- Epoch 8 -----
Full acc: 0.8947319746092335
F1: 0.6997703268173862
Time: 27.33500599861145
---- Epoch 9 -----
Full acc: 0.8946640283381248
F1: 0.6997465633696357
Time: 27.64629602432251
---- Epoch 10 -----
Full acc: 0.8944888779503781
F1: 0.6990331101464741
Time: 26.84292960166931
========= layer1 =========
---- Epoch 1 -----
Full acc: 0.9185735661826879
F1: 0.7796065381867983
Time: 29.166728973388672
---- Epoch 2 -----
Full acc: 0.9184973153673326
F1: 0.779607021528703
Time: 26.756603956222534
---- Epoch 3 -----
Full acc: 0.9186656711279685
F1: 0.7801870777981292
Time: 26.54199481010437
---- Epoch 4 -----
Full acc: 0.9186452872466359
F1: 0.7798810704361433
Time: 26.77076554298401
---- Epoch 5 -----
Full acc: 0.9186600089387095
F1: 0.7802294246258618
Time: 27.197538375854492
---- Epoch 6 -----
Full acc: 0.918919714686058
F1: 0.7810559707924262
Time: 27.82884955406189
---- Epoch 7 -----
Full acc: 0.9185660165970092
F1: 0.7794696838468733
Time: 26.570945501327515
---- Epoch 8 -----
Full acc: 0.9187060614113497
F1: 0.7802361317991627
Time: 26.916943073272705
---- Epoch 9 -----
Full acc: 0.9185380831299979
F1: 0.7796852100526387
Time: 26.97698998451233
---- Epoch 10 -----
Full acc: 0.9187743851617424
F1: 0.7803265643483083
Time: 27.247233152389526
========= layer2 =========
---- Epoch 1 -----
Full acc: 0.9168594327543305
F1: 0.7667997984497118
Time: 29.315024375915527
---- Epoch 2 -----
Full acc: 0.9177246152731138
F1: 0.7690744150996347
Time: 27.678463459014893
---- Epoch 3 -----
Full acc: 0.9176661059841036
F1: 0.7685156609884799
Time: 27.222583293914795
---- Epoch 4 -----
Full acc: 0.9175807956659339
F1: 0.7681371835551486
Time: 27.076268196105957
---- Epoch 5 -----
Full acc: 0.9178220049283695
F1: 0.7688905973976683
Time: 27.782212495803833
---- Epoch 6 -----
Full acc: 0.9176476094991907
F1: 0.7685428451754497
Time: 27.747804164886475
---- Epoch 7 -----
Full acc: 0.9176830925518807
F1: 0.7687016841474222
Time: 27.49136734008789
---- Epoch 8 -----
Full acc: 0.9176585563984249
F1: 0.7687098332095292
Time: 27.452352285385132
---- Epoch 9 -----
Full acc: 0.9177215954388424
F1: 0.7687105360998538
Time: 28.2765793800354
---- Epoch 10 -----
Full acc: 0.9175532396782065
F1: 0.7682575414195959
Time: 28.12584400177002
========= x =========
---- Epoch 1 -----
Full acc: 0.7997691336699442
F1: 0.21813753111602846
Time: 28.747304916381836
---- Epoch 2 -----
Full acc: 0.7997691336699442
F1: 0.21813753111602846
Time: 26.994162559509277
---- Epoch 3 -----
Full acc: 0.7997691336699442
F1: 0.21813753111602846
Time: 26.84147882461548
---- Epoch 4 -----
Full acc: 0.7997691336699442
F1: 0.21813753111602846
Time: 26.928875207901
---- Epoch 5 -----
Full acc: 0.7997691336699442
F1: 0.21813753111602846
Time: 27.458677053451538
---- Epoch 6 -----
Full acc: 0.7997691336699442
F1: 0.21813753111602846
Time: 26.558223485946655
---- Epoch 7 -----
Full acc: 0.7997691336699442
F1: 0.21813753111602846
Time: 26.976215362548828
---- Epoch 8 -----
Full acc: 0.7997691336699442
F1: 0.21813753111602846
Time: 26.644579648971558
---- Epoch 9 -----
Full acc: 0.7997691336699442
F1: 0.21813753111602846
Time: 26.783227920532227
---- Epoch 10 -----
Full acc: 0.7997691336699442
F1: 0.21813753111602846
Time: 27.50046968460083
=============== Seed: 4 ================
========= layer0 =========
---- Epoch 1 -----
Full acc: 0.8943552502838644
F1: 0.6984945164481317
Time: 28.899420976638794
---- Epoch 2 -----
Full acc: 0.8945704134757084
F1: 0.6991992006250964
Time: 27.592042684555054
---- Epoch 3 -----
Full acc: 0.8944783085304279
F1: 0.6988713588710793
Time: 27.946938514709473
---- Epoch 4 -----
Full acc: 0.8943141050419153
F1: 0.6983522888982496
Time: 27.148505687713623
---- Epoch 5 -----
Full acc: 0.8942933436812988
F1: 0.69810934110788
Time: 27.424078464508057
---- Epoch 6 -----
Full acc: 0.8948312516609088
F1: 0.7003224742209417
Time: 27.655765533447266
---- Epoch 7 -----
Full acc: 0.8947331070470853
F1: 0.6997850950907433
Time: 26.8296639919281
---- Epoch 8 -----
Full acc: 0.8945217186480806
F1: 0.6995187544306645
Time: 27.797006130218506
---- Epoch 9 -----
Full acc: 0.894417534365714
F1: 0.6988540850115326
Time: 27.97336435317993
---- Epoch 10 -----
Full acc: 0.8944669841519097
F1: 0.698987961312695
Time: 27.727257013320923
========= layer1 =========
---- Epoch 1 -----
Full acc: 0.9187222930205591
F1: 0.7799699409142299
Time: 29.54481792449951
---- Epoch 2 -----
Full acc: 0.9184754215688643
F1: 0.7796388987915698
Time: 27.668952703475952
---- Epoch 3 -----
Full acc: 0.9185139244558259
F1: 0.7798878052196925
Time: 27.49324941635132
---- Epoch 4 -----
Full acc: 0.9185494075085159
F1: 0.7802072194473351
Time: 26.452674388885498
---- Epoch 5 -----
Full acc: 0.9187456967361631
F1: 0.7803168228170488
Time: 27.344876050949097
---- Epoch 6 -----
Full acc: 0.9185660165970092
F1: 0.7798424884781862
Time: 27.176801681518555
---- Epoch 7 -----
Full acc: 0.9185271362307637
F1: 0.7797573342315769
Time: 27.984100341796875
---- Epoch 8 -----
Full acc: 0.9185977248568599
F1: 0.7795502852395494
Time: 27.137811183929443
---- Epoch 9 -----
Full acc: 0.9183066883289445
F1: 0.7789555575261413
Time: 27.192018032073975
---- Epoch 10 -----
Full acc: 0.9183410389437827
F1: 0.7797108661508434
Time: 27.038673877716064
========= layer2 =========
---- Epoch 1 -----
Full acc: 0.9172942888894258
F1: 0.7676464736568611
Time: 29.62577509880066
---- Epoch 2 -----
Full acc: 0.9177967138163458
F1: 0.7687364140657881
Time: 27.836464643478394
---- Epoch 3 -----
Full acc: 0.9173852613968545
F1: 0.7678474973431657
Time: 27.232742071151733
---- Epoch 4 -----
Full acc: 0.9174856708863818
F1: 0.7680829612463216
Time: 27.279651165008545
---- Epoch 5 -----
Full acc: 0.9176679933805233
F1: 0.7686803221466814
Time: 27.498499631881714
---- Epoch 6 -----
Full acc: 0.9173841289590027
F1: 0.7680807270687946
Time: 27.439029932022095
---- Epoch 7 -----
Full acc: 0.9175985371922789
F1: 0.7682368715876962
Time: 27.682846784591675
---- Epoch 8 -----
Full acc: 0.9176102390500809
F1: 0.7682928524384817
Time: 26.939677238464355
---- Epoch 9 -----
Full acc: 0.9176026894644022
F1: 0.76822219750327
Time: 27.362138271331787
---- Epoch 10 -----
Full acc: 0.9174615122122098
F1: 0.7681377543132457
Time: 27.28045153617859
========= x =========
---- Epoch 1 -----
Full acc: 0.7997691336699442
F1: 0.21813753111602846
Time: 28.391662120819092
---- Epoch 2 -----
Full acc: 0.7997691336699442
F1: 0.21813753111602846
Time: 26.81044888496399
---- Epoch 3 -----
Full acc: 0.7997691336699442
F1: 0.21813753111602846
Time: 27.30071711540222
---- Epoch 4 -----
Full acc: 0.7997691336699442
F1: 0.21813753111602846
Time: 26.367546558380127
---- Epoch 5 -----
Full acc: 0.7997691336699442
F1: 0.21813753111602846
Time: 26.39151358604431
---- Epoch 6 -----
Full acc: 0.7997691336699442
F1: 0.21813753111602846
Time: 27.47871446609497
---- Epoch 7 -----
Full acc: 0.7997691336699442
F1: 0.21813753111602846
Time: 27.172759532928467
---- Epoch 8 -----
Full acc: 0.7997691336699442
F1: 0.21813753111602846
Time: 26.879623413085938
---- Epoch 9 -----
Full acc: 0.7997691336699442
F1: 0.21813753111602846
Time: 27.803324937820435
---- Epoch 10 -----
Full acc: 0.7997691336699442
F1: 0.21813753111602846
Time: 27.33491849899292
