Loading rhel8/default-amp
  Loading requirement: dot rhel8/slurm singularity/current rhel8/global
    cuda/11.4 libpciaccess/0.16/gcc-9.4.0-6fonbj6
    libiconv/1.16/gcc-9.4.0-ahebbov libxml2/2.9.12/gcc-9.4.0-gnknt5e
    ncurses/6.2/gcc-9.4.0-aiirok7 hwloc/2.5.0/gcc-9.4.0-7sqomga
    libevent/2.1.12/gcc-9.4.0-hgny7cm numactl/2.0.14/gcc-9.4.0-52dwc6n
    cuda/11.4.0/gcc-9.4.0-3hnxhjt gdrcopy/2.2/gcc-9.4.0-e4igtfp
    knem/1.1.4/gcc-9.4.0-bpbxgva libnl/3.3.0/gcc-9.4.0-whwhrwb
    rdma-core/34.0/gcc-9.4.0-5eo5n2u ucx/1.11.1/gcc-9.4.0-lktqyl4
    openmpi/4.1.1/gcc-9.4.0-epagguv
Changed directory to /rds/user/tdb47/hpc-work/planning/thinker_private_planning/probing.

JobID: 58705860
======
Time: Sun Aug 11 21:34:08 BST 2024
Running on master node: gpu-q-29
Current directory: /rds/user/tdb47/hpc-work/planning/thinker_private_planning/probing

Nodes allocated:
================
gpu-q-29

numtasks=1, numnodes=1, mpi_tasks_per_node=1 (OMP_NUM_THREADS=1)

Executing command:
==================
python train_conv_probe.py --feature tracked_box_next_push_onto_with --num_epochs 10 --weight_decay 0.001 --kernel 1 --model_name 50m 


test
=================================== FEATURE: tracked_box_next_push_onto_with =========================================
!!!!
=============== Seed: 0 ================
========= layer0 =========
---- Epoch 1 -----
Full acc: 0.9550894119397803
F1: 0.7578827949647365
Time: 34.70249557495117
---- Epoch 2 -----
Full acc: 0.955531588705077
F1: 0.7598052174157452
Time: 27.555902242660522
---- Epoch 3 -----
Full acc: 0.9555885562637962
F1: 0.7605298264403009
Time: 26.600947380065918
---- Epoch 4 -----
Full acc: 0.9555625914581215
F1: 0.7592911136022368
Time: 26.528279304504395
---- Epoch 5 -----
Full acc: 0.9555025236240978
F1: 0.7595525368055956
Time: 27.348487854003906
---- Epoch 6 -----
Full acc: 0.955698228502691
F1: 0.7616200332179044
Time: 27.22681450843811
---- Epoch 7 -----
Full acc: 0.9555114369155981
F1: 0.759385283713805
Time: 25.219824075698853
---- Epoch 8 -----
Full acc: 0.9556389357374935
F1: 0.761095526862668
Time: 27.246256351470947
---- Epoch 9 -----
Full acc: 0.9557613966120192
F1: 0.7620628079147279
Time: 25.792498350143433
---- Epoch 10 -----
Full acc: 0.9555459274783601
F1: 0.7608470578291302
Time: 26.595566272735596
========= layer1 =========
---- Epoch 1 -----
Full acc: 0.9700203378059972
F1: 0.8517257963717574
Time: 28.748044967651367
---- Epoch 2 -----
Full acc: 0.9699087278950371
F1: 0.8512035191018323
Time: 27.427151679992676
---- Epoch 3 -----
Full acc: 0.9699897225873657
F1: 0.8520889706211809
Time: 27.17522406578064
---- Epoch 4 -----
Full acc: 0.9700114245144968
F1: 0.8517718352303782
Time: 26.98187756538391
---- Epoch 5 -----
Full acc: 0.9699532943525385
F1: 0.8515746802962916
Time: 26.81483817100525
---- Epoch 6 -----
Full acc: 0.9699470938019296
F1: 0.8516199579538544
Time: 26.822495222091675
---- Epoch 7 -----
Full acc: 0.9699753838140827
F1: 0.8517740911073035
Time: 26.75090765953064
---- Epoch 8 -----
Full acc: 0.9699203539274287
F1: 0.8514832274617611
Time: 26.85832405090332
---- Epoch 9 -----
Full acc: 0.9700059990327141
F1: 0.8520239718881093
Time: 27.448096752166748
---- Epoch 10 -----
Full acc: 0.9700215004092363
F1: 0.8518675468392634
Time: 26.65412187576294
========= layer2 =========
---- Epoch 1 -----
Full acc: 0.9615903017187927
F1: 0.7978480991416543
Time: 29.251127004623413
---- Epoch 2 -----
Full acc: 0.962140600585332
F1: 0.8001614429805557
Time: 27.22852921485901
---- Epoch 3 -----
Full acc: 0.9621727659416156
F1: 0.800623689550066
Time: 27.422441959381104
---- Epoch 4 -----
Full acc: 0.9621677279942459
F1: 0.8006602001317183
Time: 26.07142448425293
---- Epoch 5 -----
Full acc: 0.9621572645650934
F1: 0.8002447632300781
Time: 27.130388975143433
---- Epoch 6 -----
Full acc: 0.9621874922493118
F1: 0.8006823192858858
Time: 27.77650499343872
---- Epoch 7 -----
Full acc: 0.962196405540812
F1: 0.800857313170034
Time: 27.139691591262817
---- Epoch 8 -----
Full acc: 0.9621657903221806
F1: 0.800163023371157
Time: 27.473604202270508
---- Epoch 9 -----
Full acc: 0.9621847795084203
F1: 0.8009507040860641
Time: 26.862140893936157
---- Epoch 10 -----
Full acc: 0.9622231454153128
F1: 0.8008481051758821
Time: 26.83426570892334
========= x =========
---- Epoch 1 -----
Full acc: 0.9093653891465562
F1: 0.2506702923594042
Time: 29.08734107017517
---- Epoch 2 -----
Full acc: 0.9093653891465562
F1: 0.2506702923594042
Time: 27.110148429870605
---- Epoch 3 -----
Full acc: 0.9093653891465562
F1: 0.2506702923594042
Time: 25.84829878807068
---- Epoch 4 -----
Full acc: 0.9093653891465562
F1: 0.2506702923594042
Time: 25.52466654777527
---- Epoch 5 -----
Full acc: 0.9093653891465562
F1: 0.2506702923594042
Time: 26.598150491714478
---- Epoch 6 -----
Full acc: 0.9093653891465562
F1: 0.2506702923594042
Time: 25.335028409957886
---- Epoch 7 -----
Full acc: 0.9093653891465562
F1: 0.2506702923594042
Time: 25.592617988586426
---- Epoch 8 -----
Full acc: 0.9093653891465562
F1: 0.2506702923594042
Time: 26.605223417282104
---- Epoch 9 -----
Full acc: 0.9093653891465562
F1: 0.2506702923594042
Time: 25.91244888305664
---- Epoch 10 -----
Full acc: 0.9093653891465562
F1: 0.2506702923594042
Time: 36.053911209106445
=============== Seed: 1 ================
========= layer0 =========
---- Epoch 1 -----
Full acc: 0.9550277939681043
F1: 0.7576088992228771
Time: 28.8232741355896
---- Epoch 2 -----
Full acc: 0.9555796429722959
F1: 0.759576931462763
Time: 27.471354961395264
---- Epoch 3 -----
Full acc: 0.9555846809196656
F1: 0.7616116319668331
Time: 26.020079374313354
---- Epoch 4 -----
Full acc: 0.9554467186686177
F1: 0.7591573150589366
Time: 27.149473428726196
---- Epoch 5 -----
Full acc: 0.9554606699074878
F1: 0.759856232637413
Time: 26.653744220733643
---- Epoch 6 -----
Full acc: 0.9556641254743421
F1: 0.761543483677491
Time: 27.071640253067017
---- Epoch 7 -----
Full acc: 0.9556261471018627
F1: 0.7613838569739575
Time: 26.50804615020752
---- Epoch 8 -----
Full acc: 0.9555071740370545
F1: 0.7599867267229949
Time: 26.74908137321472
---- Epoch 9 -----
Full acc: 0.9554877973164017
F1: 0.7600096584597188
Time: 27.111992120742798
---- Epoch 10 -----
Full acc: 0.9556276972395149
F1: 0.7600682718279453
Time: 27.035083293914795
========= layer1 =========
---- Epoch 1 -----
Full acc: 0.9700028987574096
F1: 0.8519569998548141
Time: 29.58855700492859
---- Epoch 2 -----
Full acc: 0.9700695546764553
F1: 0.8526895907171175
Time: 27.194555282592773
---- Epoch 3 -----
Full acc: 0.969942443388973
F1: 0.8516822544742094
Time: 26.502008199691772
---- Epoch 4 -----
Full acc: 0.9700455275428458
F1: 0.8526155439350216
Time: 26.83876132965088
---- Epoch 5 -----
Full acc: 0.9700114245144968
F1: 0.8520357145008859
Time: 27.066144227981567
---- Epoch 6 -----
Full acc: 0.9699513566804733
F1: 0.851737005691475
Time: 27.232744693756104
---- Epoch 7 -----
Full acc: 0.9700311887695627
F1: 0.8523911921648324
Time: 26.98648691177368
---- Epoch 8 -----
Full acc: 0.9699420558545598
F1: 0.8517274513846246
Time: 26.92129397392273
---- Epoch 9 -----
Full acc: 0.9699622076440388
F1: 0.8515474668805754
Time: 26.32855772972107
---- Epoch 10 -----
Full acc: 0.9699261669436245
F1: 0.8514717973074826
Time: 26.55222463607788
========= layer2 =========
---- Epoch 1 -----
Full acc: 0.9599800962325454
F1: 0.7901702821182586
Time: 28.797250032424927
---- Epoch 2 -----
Full acc: 0.962078595079243
F1: 0.7999313791180056
Time: 27.52649712562561
---- Epoch 3 -----
Full acc: 0.96210611002257
F1: 0.8001064387158356
Time: 27.087440490722656
---- Epoch 4 -----
Full acc: 0.9621278119497011
F1: 0.8003996847765178
Time: 27.268336534500122
---- Epoch 5 -----
Full acc: 0.9621332374314839
F1: 0.8002176314765294
Time: 27.521125316619873
---- Epoch 6 -----
Full acc: 0.9621150233140703
F1: 0.8006705690880352
Time: 27.332499742507935
---- Epoch 7 -----
Full acc: 0.962210356779682
F1: 0.8008207507719574
Time: 27.954326629638672
---- Epoch 8 -----
Full acc: 0.9621561019618542
F1: 0.8006207714319231
Time: 27.973573684692383
---- Epoch 9 -----
Full acc: 0.9621646277189414
F1: 0.8008199979188728
Time: 28.213447332382202
---- Epoch 10 -----
Full acc: 0.9621847795084203
F1: 0.8007086791543836
Time: 26.576841354370117
========= x =========
---- Epoch 1 -----
Full acc: 0.9093653891465562
F1: 0.2506702923594042
Time: 28.835921049118042
---- Epoch 2 -----
Full acc: 0.9093653891465562
F1: 0.2506702923594042
Time: 27.192896366119385
---- Epoch 3 -----
Full acc: 0.9093653891465562
F1: 0.2506702923594042
Time: 27.092344999313354
---- Epoch 4 -----
Full acc: 0.9083775639276768
F1: 0.24640346193298174
Time: 26.8497953414917
---- Epoch 5 -----
Full acc: 0.9093653891465562
F1: 0.2506702923594042
Time: 27.151838064193726
---- Epoch 6 -----
Full acc: 0.9093653891465562
F1: 0.2506702923594042
Time: 25.91830825805664
---- Epoch 7 -----
Full acc: 0.9093653891465562
F1: 0.2506702923594042
Time: 25.744088888168335
---- Epoch 8 -----
Full acc: 0.9093653891465562
F1: 0.2506702923594042
Time: 26.2008273601532
---- Epoch 9 -----
Full acc: 0.9093653891465562
F1: 0.2506702923594042
Time: 26.010310888290405
---- Epoch 10 -----
Full acc: 0.9093653891465562
F1: 0.2506702923594042
Time: 26.588939428329468
=============== Seed: 2 ================
========= layer0 =========
---- Epoch 1 -----
Full acc: 0.9549460242069496
F1: 0.7563479511233208
Time: 29.277804374694824
---- Epoch 2 -----
Full acc: 0.9554765588184231
F1: 0.7603099305517651
Time: 27.16268229484558
---- Epoch 3 -----
Full acc: 0.9555490277536646
F1: 0.7608392731415159
Time: 27.147952556610107
---- Epoch 4 -----
Full acc: 0.9556618002678637
F1: 0.7614491792631523
Time: 26.38837218284607
---- Epoch 5 -----
Full acc: 0.9554614449763139
F1: 0.7611788741038691
Time: 26.785649061203003
---- Epoch 6 -----
Full acc: 0.9556176213447755
F1: 0.7605742037505893
Time: 27.220245361328125
---- Epoch 7 -----
Full acc: 0.9557358193407575
F1: 0.7625941160582966
Time: 27.778427124023438
---- Epoch 8 -----
Full acc: 0.9555614288548823
F1: 0.7606837143473385
Time: 26.471737384796143
---- Epoch 9 -----
Full acc: 0.9556428110816241
F1: 0.7612749315683367
Time: 26.933647632598877
---- Epoch 10 -----
Full acc: 0.9556121958629926
F1: 0.7608911725970774
Time: 27.226271629333496
========= layer1 =========
---- Epoch 1 -----
Full acc: 0.9700443649396067
F1: 0.8523008136667072
Time: 28.774629592895508
---- Epoch 2 -----
Full acc: 0.969963370247278
F1: 0.8518041796615858
Time: 26.763092756271362
---- Epoch 3 -----
Full acc: 0.9700556034375852
F1: 0.8526177809687546
Time: 27.22854232788086
---- Epoch 4 -----
Full acc: 0.9699265544780377
F1: 0.8517071031465946
Time: 26.065187454223633
---- Epoch 5 -----
Full acc: 0.9699257794092115
F1: 0.8515557264869731
Time: 25.75257110595703
---- Epoch 6 -----
Full acc: 0.9699451561298643
F1: 0.8514639252931889
Time: 26.399709463119507
---- Epoch 7 -----
Full acc: 0.9699226791339071
F1: 0.8517241166128103
Time: 27.18630599975586
---- Epoch 8 -----
Full acc: 0.9698866384334929
F1: 0.8511895438944986
Time: 27.375987768173218
---- Epoch 9 -----
Full acc: 0.9699897225873657
F1: 0.8518421773573989
Time: 27.137159824371338
---- Epoch 10 -----
Full acc: 0.9700300261663236
F1: 0.8523116628726715
Time: 26.021970987319946
========= layer2 =========
---- Epoch 1 -----
Full acc: 0.9608396475607034
F1: 0.7950780311779282
Time: 28.889862537384033
---- Epoch 2 -----
Full acc: 0.9620483673950246
F1: 0.7996985489252728
Time: 26.89473557472229
---- Epoch 3 -----
Full acc: 0.9620929338525261
F1: 0.8002057647550211
Time: 25.99249005317688
---- Epoch 4 -----
Full acc: 0.9621530016865497
F1: 0.8003478236513548
Time: 26.376622438430786
---- Epoch 5 -----
Full acc: 0.9621991182817035
F1: 0.8007505506825305
Time: 26.68752884864807
---- Epoch 6 -----
Full acc: 0.9621549393586151
F1: 0.8007874006046215
Time: 27.58614730834961
---- Epoch 7 -----
Full acc: 0.9621227740023314
F1: 0.8006069107711304
Time: 25.763163328170776
---- Epoch 8 -----
Full acc: 0.9621812916987028
F1: 0.8005665737679258
Time: 27.217318773269653
---- Epoch 9 -----
Full acc: 0.9622394218606612
F1: 0.8012113387471829
Time: 27.82926034927368
---- Epoch 10 -----
Full acc: 0.9620747197351125
F1: 0.8000323600896182
Time: 26.46562886238098
========= x =========
---- Epoch 1 -----
Full acc: 0.9093653891465562
F1: 0.2506702923594042
Time: 28.22503638267517
---- Epoch 2 -----
Full acc: 0.9093653891465562
F1: 0.2506702923594042
Time: 26.73157525062561
---- Epoch 3 -----
Full acc: 0.9093653891465562
F1: 0.2506702923594042
Time: 26.0948269367218
---- Epoch 4 -----
Full acc: 0.9093653891465562
F1: 0.2506702923594042
Time: 26.51708483695984
---- Epoch 5 -----
Full acc: 0.9093653891465562
F1: 0.2506702923594042
Time: 26.372880935668945
---- Epoch 6 -----
Full acc: 0.9083775639276768
F1: 0.24640346193298174
Time: 27.115818977355957
---- Epoch 7 -----
Full acc: 0.9083775639276768
F1: 0.24640346193298174
Time: 27.41166591644287
---- Epoch 8 -----
Full acc: 0.9093653891465562
F1: 0.2506702923594042
Time: 27.392645359039307
---- Epoch 9 -----
Full acc: 0.9093653891465562
F1: 0.2506702923594042
Time: 27.26168465614319
---- Epoch 10 -----
Full acc: 0.9093653891465562
F1: 0.2506702923594042
Time: 26.428330183029175
=============== Seed: 3 ================
========= layer0 =========
---- Epoch 1 -----
Full acc: 0.9548348018304026
F1: 0.7557711909069
Time: 27.975815296173096
---- Epoch 2 -----
Full acc: 0.9554854721099234
F1: 0.7607399669822514
Time: 26.06904888153076
---- Epoch 3 -----
Full acc: 0.955497098142315
F1: 0.7600120858777865
Time: 26.556370735168457
---- Epoch 4 -----
Full acc: 0.9554781089560753
F1: 0.7593494109756235
Time: 26.309553861618042
---- Epoch 5 -----
Full acc: 0.9555951443488182
F1: 0.7605136145688436
Time: 26.89765453338623
---- Epoch 6 -----
Full acc: 0.9556443612192763
F1: 0.7616700711992437
Time: 26.07735300064087
---- Epoch 7 -----
Full acc: 0.9555978570897096
F1: 0.760251643765469
Time: 25.66733431816101
---- Epoch 8 -----
Full acc: 0.9556269221706888
F1: 0.7614410608778688
Time: 27.382424116134644
---- Epoch 9 -----
Full acc: 0.9555943692799921
F1: 0.7606560804147373
Time: 27.35073971748352
---- Epoch 10 -----
Full acc: 0.9556753639723208
F1: 0.7615275146234624
Time: 26.123663902282715
========= layer1 =========
---- Epoch 1 -----
Full acc: 0.969984684639996
F1: 0.8518673799695808
Time: 28.82191252708435
---- Epoch 2 -----
Full acc: 0.9699033024132543
F1: 0.8514075894128981
Time: 27.515697240829468
---- Epoch 3 -----
Full acc: 0.9700218879436494
F1: 0.8520520561332156
Time: 26.987709760665894
---- Epoch 4 -----
Full acc: 0.969928879684516
F1: 0.8513912750410426
Time: 27.739296197891235
---- Epoch 5 -----
Full acc: 0.9700129746521491
F1: 0.8517219510256263
Time: 27.286476850509644
---- Epoch 6 -----
Full acc: 0.969998635878866
F1: 0.851691684074682
Time: 26.96993327140808
---- Epoch 7 -----
Full acc: 0.9699718960043652
F1: 0.851906084225577
Time: 28.081739902496338
---- Epoch 8 -----
Full acc: 0.9700563785064114
F1: 0.8525878072328789
Time: 27.10690426826477
---- Epoch 9 -----
Full acc: 0.9699877849153005
F1: 0.8519459887882125
Time: 27.626814126968384
---- Epoch 10 -----
Full acc: 0.9699757713484958
F1: 0.8517768262010017
Time: 26.968398332595825
========= layer2 =========
---- Epoch 1 -----
Full acc: 0.9602908988318163
F1: 0.7920877604046316
Time: 29.107975959777832
---- Epoch 2 -----
Full acc: 0.9621351751035492
F1: 0.8003819217423047
Time: 27.083462715148926
---- Epoch 3 -----
Full acc: 0.9622595736501401
F1: 0.801097342564872
Time: 27.30570077896118
---- Epoch 4 -----
Full acc: 0.9620452671197203
F1: 0.8000289521975266
Time: 26.72522282600403
---- Epoch 5 -----
Full acc: 0.9621460260671147
F1: 0.8006901935855323
Time: 26.899742126464844
---- Epoch 6 -----
Full acc: 0.9621014596096134
F1: 0.8003795515229306
Time: 27.515549659729004
---- Epoch 7 -----
Full acc: 0.9621227740023314
F1: 0.800471534092216
Time: 26.921505451202393
---- Epoch 8 -----
Full acc: 0.9621762537513331
F1: 0.8006760341944064
Time: 26.988404989242554
---- Epoch 9 -----
Full acc: 0.962189429921377
F1: 0.8008481711390744
Time: 26.02057123184204
---- Epoch 10 -----
Full acc: 0.9622746874922493
F1: 0.8011707118776201
Time: 27.261165142059326
========= x =========
---- Epoch 1 -----
Full acc: 0.9093653891465562
F1: 0.2506702923594042
Time: 28.096076011657715
---- Epoch 2 -----
Full acc: 0.9093653891465562
F1: 0.2506702923594042
Time: 26.953965187072754
---- Epoch 3 -----
Full acc: 0.9093653891465562
F1: 0.2506702923594042
Time: 26.544286966323853
---- Epoch 4 -----
Full acc: 0.9093653891465562
F1: 0.2506702923594042
Time: 26.883509635925293
---- Epoch 5 -----
Full acc: 0.9093653891465562
F1: 0.2506702923594042
Time: 26.227854013442993
---- Epoch 6 -----
Full acc: 0.9093653891465562
F1: 0.2506702923594042
Time: 25.509437799453735
---- Epoch 7 -----
Full acc: 0.9093653891465562
F1: 0.2506702923594042
Time: 25.939855813980103
---- Epoch 8 -----
Full acc: 0.9093653891465562
F1: 0.2506702923594042
Time: 25.349229335784912
---- Epoch 9 -----
Full acc: 0.9093653891465562
F1: 0.2506702923594042
Time: 27.17844867706299
---- Epoch 10 -----
Full acc: 0.9093653891465562
F1: 0.2506702923594042
Time: 27.086693286895752
=============== Seed: 4 ================
========= layer0 =========
---- Epoch 1 -----
Full acc: 0.9551146016766289
F1: 0.7579982634604233
Time: 28.833932876586914
---- Epoch 2 -----
Full acc: 0.9556238218953843
F1: 0.7615217818902424
Time: 27.747838020324707
---- Epoch 3 -----
Full acc: 0.9556106457253404
F1: 0.7615518672971582
Time: 27.55597233772278
---- Epoch 4 -----
Full acc: 0.9557017163124085
F1: 0.7618920581937676
Time: 27.253164529800415
---- Epoch 5 -----
Full acc: 0.9556125833974057
F1: 0.7612155888366473
Time: 27.358187675476074
---- Epoch 6 -----
Full acc: 0.9556835021949949
F1: 0.76157176039832
Time: 26.03750491142273
---- Epoch 7 -----
Full acc: 0.9553916887819638
F1: 0.758945267426205
Time: 26.593897819519043
---- Epoch 8 -----
Full acc: 0.9555389518589251
F1: 0.7604925312452888
Time: 26.227864265441895
---- Epoch 9 -----
Full acc: 0.9555684044743173
F1: 0.760562489594113
Time: 28.194989681243896
---- Epoch 10 -----
Full acc: 0.955524225551229
F1: 0.7599875470186327
Time: 26.998929738998413
========= layer1 =========
---- Epoch 1 -----
Full acc: 0.9699067902229718
F1: 0.8515456598889385
Time: 28.80006241798401
---- Epoch 2 -----
Full acc: 0.969949806542821
F1: 0.8515746291140806
Time: 27.201764345169067
---- Epoch 3 -----
Full acc: 0.9699463187331036
F1: 0.8512276662772631
Time: 27.52043843269348
---- Epoch 4 -----
Full acc: 0.9701121834618914
F1: 0.8527733673667969
Time: 27.861793279647827
---- Epoch 5 -----
Full acc: 0.9699436059922121
F1: 0.8515251758551574
Time: 26.55698275566101
---- Epoch 6 -----
Full acc: 0.9699990234132791
F1: 0.852020696133675
Time: 27.422077178955078
---- Epoch 7 -----
Full acc: 0.9699455436642774
F1: 0.8519199532054685
Time: 26.769778966903687
---- Epoch 8 -----
Full acc: 0.9699257794092115
F1: 0.8514803015204597
Time: 26.774264335632324
---- Epoch 9 -----
Full acc: 0.9700246006845408
F1: 0.852139813819413
Time: 26.47140598297119
---- Epoch 10 -----
Full acc: 0.969971120935539
F1: 0.8518184987818745
Time: 27.079074382781982
========= layer2 =========
---- Epoch 1 -----
Full acc: 0.9609140541680101
F1: 0.7948001054005764
Time: 28.32562494277954
---- Epoch 2 -----
Full acc: 0.9621173485205486
F1: 0.8001329963226453
Time: 26.623843669891357
---- Epoch 3 -----
Full acc: 0.9621770288201592
F1: 0.8008040660292395
Time: 27.61627197265625
---- Epoch 4 -----
Full acc: 0.9620983593343089
F1: 0.8001113808132525
Time: 26.097679376602173
---- Epoch 5 -----
Full acc: 0.9620898335772217
F1: 0.8000671558834249
Time: 26.499165534973145
---- Epoch 6 -----
Full acc: 0.9621150233140703
F1: 0.8001246420784826
Time: 26.8381986618042
---- Epoch 7 -----
Full acc: 0.9621150233140703
F1: 0.800109956708026
Time: 27.692439794540405
---- Epoch 8 -----
Full acc: 0.9622126819861604
F1: 0.8006366403430301
Time: 27.82299780845642
---- Epoch 9 -----
Full acc: 0.9621770288201592
F1: 0.800663100786106
Time: 26.600003004074097
---- Epoch 10 -----
Full acc: 0.9621809041642898
F1: 0.8006893933182828
Time: 26.401169538497925
========= x =========
---- Epoch 1 -----
Full acc: 0.9093653891465562
F1: 0.2506702923594042
Time: 29.02106022834778
---- Epoch 2 -----
Full acc: 0.9093653891465562
F1: 0.2506702923594042
Time: 26.16316032409668
---- Epoch 3 -----
Full acc: 0.9093653891465562
F1: 0.2506702923594042
Time: 26.219619750976562
---- Epoch 4 -----
Full acc: 0.9093653891465562
F1: 0.2506702923594042
Time: 25.35888910293579
---- Epoch 5 -----
Full acc: 0.9093653891465562
F1: 0.2506702923594042
Time: 26.314412593841553
---- Epoch 6 -----
Full acc: 0.9093653891465562
F1: 0.2506702923594042
Time: 26.184927225112915
---- Epoch 7 -----
Full acc: 0.9093653891465562
F1: 0.2506702923594042
Time: 26.283579349517822
---- Epoch 8 -----
Full acc: 0.9093653891465562
F1: 0.2506702923594042
Time: 25.94800901412964
---- Epoch 9 -----
Full acc: 0.9093653891465562
F1: 0.2506702923594042
Time: 25.928224563598633
---- Epoch 10 -----
Full acc: 0.9093653891465562
F1: 0.2506702923594042
Time: 26.02191400527954
