Changed directory to /rds/user/tdb47/hpc-work/planning/thinker_private_planning/probing.

JobID: 58451493
======
Time: Thu Aug  8 11:31:53 BST 2024
Running on master node: gpu-q-22
Current directory: /rds/user/tdb47/hpc-work/planning/thinker_private_planning/probing

Nodes allocated:
================
gpu-q-22

numtasks=1, numnodes=1, mpi_tasks_per_node=1 (OMP_NUM_THREADS=1)

Executing command:
==================
python3 train_conv_probe.py --feature tracked_box_next_push_onto --num_epochs 10 --weight_decay 0.001 --kernel 1 --model_name 250m 


test
=================================== FEATURE: tracked_box_next_push_onto =========================================
=============== Seed: 0 ================
========= layer0 =========
---- Epoch 1 -----
Full acc: 0.9592020895376994
F1: 0.8029540198741013
Time: 30.311977863311768
---- Epoch 2 -----
Full acc: 0.9588137368142726
F1: 0.8006592351861519
Time: 23.35342502593994
---- Epoch 3 -----
Full acc: 0.9588711416961229
F1: 0.8016385052938906
Time: 24.723780393600464
---- Epoch 4 -----
Full acc: 0.9581087874697319
F1: 0.7971486633043076
Time: 38.93535399436951
---- Epoch 5 -----
Full acc: 0.9582001134181302
F1: 0.7974783028270063
Time: 23.988951206207275
---- Epoch 6 -----
Full acc: 0.9587932971972501
F1: 0.8010490002372639
Time: 24.235763788223267
---- Epoch 7 -----
Full acc: 0.9585584590442261
F1: 0.7995042995074555
Time: 24.0845468044281
---- Epoch 8 -----
Full acc: 0.9586506547635615
F1: 0.8010845256350981
Time: 23.298073053359985
---- Epoch 9 -----
Full acc: 0.9584423446241198
F1: 0.7984510511929268
Time: 24.267457008361816
---- Epoch 10 -----
Full acc: 0.9579765822872888
F1: 0.796324048605183
Time: 23.810500144958496
========= layer1 =========
---- Epoch 1 -----
Full acc: 0.9840931942163712
F1: 0.9255683055327756
Time: 26.00939154624939
---- Epoch 2 -----
Full acc: 0.9842053946672604
F1: 0.926037931041505
Time: 24.336971044540405
---- Epoch 3 -----
Full acc: 0.9841584270366557
F1: 0.9259214820990981
Time: 24.70854878425598
---- Epoch 4 -----
Full acc: 0.9842110481783517
F1: 0.9263256153736886
Time: 23.684473276138306
---- Epoch 5 -----
Full acc: 0.9842162668039746
F1: 0.9260766485799482
Time: 24.1109402179718
---- Epoch 6 -----
Full acc: 0.984222790086003
F1: 0.9260648845394315
Time: 24.288712978363037
---- Epoch 7 -----
Full acc: 0.9841801713100837
F1: 0.9259065384012172
Time: 23.62389588356018
---- Epoch 8 -----
Full acc: 0.984140161846976
F1: 0.9255836446853185
Time: 38.83599257469177
---- Epoch 9 -----
Full acc: 0.9841893039049237
F1: 0.9259277369615622
Time: 24.424305200576782
---- Epoch 10 -----
Full acc: 0.9841323339085418
F1: 0.9257278717423121
Time: 24.341127395629883
========= layer2 =========
---- Epoch 1 -----
Full acc: 0.9792968423835898
F1: 0.9002543612264653
Time: 25.674837589263916
---- Epoch 2 -----
Full acc: 0.9800961618748086
F1: 0.9049016144783594
Time: 24.28739309310913
---- Epoch 3 -----
Full acc: 0.9800217964596843
F1: 0.9047906239313582
Time: 24.41646456718445
---- Epoch 4 -----
Full acc: 0.980067894319352
F1: 0.904830427352557
Time: 23.613529682159424
---- Epoch 5 -----
Full acc: 0.9800165778340616
F1: 0.9044023874958131
Time: 22.345381259918213
---- Epoch 6 -----
Full acc: 0.9799022029558295
F1: 0.9039888644201604
Time: 22.669032335281372
---- Epoch 7 -----
Full acc: 0.9799469961590915
F1: 0.9041763731616539
Time: 22.10530376434326
---- Epoch 8 -----
Full acc: 0.9799878753931365
F1: 0.9046479389806487
Time: 24.13835072517395
---- Epoch 9 -----
Full acc: 0.9800396267638954
F1: 0.9046711113880408
Time: 23.71818447113037
---- Epoch 10 -----
Full acc: 0.9800644152356035
F1: 0.9047366703865105
Time: 44.33231782913208
========= x =========
---- Epoch 1 -----
Full acc: 0.9277803097776169
F1: 0.49922501191129554
Time: 25.32706642150879
---- Epoch 2 -----
Full acc: 0.9277803097776169
F1: 0.49922501191129554
Time: 24.190362453460693
---- Epoch 3 -----
Full acc: 0.9277803097776169
F1: 0.49922501191129554
Time: 23.91120171546936
---- Epoch 4 -----
Full acc: 0.9277803097776169
F1: 0.49922501191129554
Time: 23.16105008125305
---- Epoch 5 -----
Full acc: 0.9277803097776169
F1: 0.49922501191129554
Time: 22.624154090881348
---- Epoch 6 -----
Full acc: 0.9277803097776169
F1: 0.49922501191129554
Time: 22.476595640182495
---- Epoch 7 -----
Full acc: 0.9277803097776169
F1: 0.49922501191129554
Time: 23.143510103225708
---- Epoch 8 -----
Full acc: 0.9277803097776169
F1: 0.49922501191129554
Time: 24.066426515579224
---- Epoch 9 -----
Full acc: 0.9277803097776169
F1: 0.49922501191129554
Time: 23.007302045822144
---- Epoch 10 -----
Full acc: 0.9277803097776169
F1: 0.49922501191129554
Time: 23.77634572982788
=============== Seed: 1 ================
========= layer0 =========
---- Epoch 1 -----
Full acc: 0.9589455071112472
F1: 0.8008883808141803
Time: 25.437556743621826
---- Epoch 2 -----
Full acc: 0.9585841172868713
F1: 0.7998512029860282
Time: 24.140645265579224
---- Epoch 3 -----
Full acc: 0.9584406050822455
F1: 0.7997804297542824
Time: 40.258200883865356
---- Epoch 4 -----
Full acc: 0.9584553911881767
F1: 0.799488699331699
Time: 23.45493197441101
---- Epoch 5 -----
Full acc: 0.9586854456010465
F1: 0.7998575843696739
Time: 23.26094627380371
---- Epoch 6 -----
Full acc: 0.9583510186757216
F1: 0.7971137916862625
Time: 24.850764989852905
---- Epoch 7 -----
Full acc: 0.9586950130813549
F1: 0.8012688130195615
Time: 23.386400938034058
---- Epoch 8 -----
Full acc: 0.9584575656155195
F1: 0.7987434766761545
Time: 24.568323612213135
---- Epoch 9 -----
Full acc: 0.9588624439867517
F1: 0.801956276876824
Time: 24.184962272644043
---- Epoch 10 -----
Full acc: 0.9584258189763144
F1: 0.7978421951920962
Time: 24.33073902130127
========= layer1 =========
---- Epoch 1 -----
Full acc: 0.9841379874196332
F1: 0.9258142855399485
Time: 25.602851390838623
---- Epoch 2 -----
Full acc: 0.984233662222717
F1: 0.9262899362808684
Time: 24.264268159866333
---- Epoch 3 -----
Full acc: 0.9841684294024325
F1: 0.9258287320959231
Time: 23.963995695114136
---- Epoch 4 -----
Full acc: 0.9842288784825628
F1: 0.9261950940547009
Time: 24.233577251434326
---- Epoch 5 -----
Full acc: 0.9842206156586601
F1: 0.9262127393042636
Time: 42.360027551651
---- Epoch 6 -----
Full acc: 0.9842232249714715
F1: 0.926260930366805
Time: 24.12088108062744
---- Epoch 7 -----
Full acc: 0.9842162668039746
F1: 0.9260064179147078
Time: 24.117568254470825
---- Epoch 8 -----
Full acc: 0.9841975667288263
F1: 0.9261504630711669
Time: 24.432663679122925
---- Epoch 9 -----
Full acc: 0.9842332273372485
F1: 0.9262937475222867
Time: 23.789408206939697
---- Epoch 10 -----
Full acc: 0.9842184412313173
F1: 0.9262543107565188
Time: 24.24317479133606
========= layer2 =========
---- Epoch 1 -----
Full acc: 0.9792555282640764
F1: 0.9001300166865216
Time: 25.406811952590942
---- Epoch 2 -----
Full acc: 0.9799369937933146
F1: 0.904094496046034
Time: 24.088849782943726
---- Epoch 3 -----
Full acc: 0.9799356891369089
F1: 0.9040860662127748
Time: 22.62160587310791
---- Epoch 4 -----
Full acc: 0.9799452566172173
F1: 0.9042038941641548
Time: 24.059190273284912
---- Epoch 5 -----
Full acc: 0.9799204681455091
F1: 0.903865613405346
Time: 24.057443380355835
---- Epoch 6 -----
Full acc: 0.9801131224080826
F1: 0.9050826419692098
Time: 24.372319221496582
---- Epoch 7 -----
Full acc: 0.980057022182638
F1: 0.9047905758075299
Time: 24.75899600982666
---- Epoch 8 -----
Full acc: 0.9799752637145481
F1: 0.9041343443302146
Time: 40.96210074424744
---- Epoch 9 -----
Full acc: 0.9799909195914164
F1: 0.9043172649003868
Time: 23.722564458847046
---- Epoch 10 -----
Full acc: 0.9799035076122352
F1: 0.903937819741276
Time: 23.362427234649658
========= x =========
---- Epoch 1 -----
Full acc: 0.9277803097776169
F1: 0.49922501191129554
Time: 25.433521270751953
---- Epoch 2 -----
Full acc: 0.9277803097776169
F1: 0.49922501191129554
Time: 23.779738426208496
---- Epoch 3 -----
Full acc: 0.9277803097776169
F1: 0.49922501191129554
Time: 23.79910182952881
---- Epoch 4 -----
Full acc: 0.9277803097776169
F1: 0.49922501191129554
Time: 23.142486572265625
---- Epoch 5 -----
Full acc: 0.9277803097776169
F1: 0.49922501191129554
Time: 23.162086725234985
---- Epoch 6 -----
Full acc: 0.9277803097776169
F1: 0.49922501191129554
Time: 23.29329252243042
---- Epoch 7 -----
Full acc: 0.9277803097776169
F1: 0.49922501191129554
Time: 24.088398456573486
---- Epoch 8 -----
Full acc: 0.9277803097776169
F1: 0.49922501191129554
Time: 23.399168252944946
---- Epoch 9 -----
Full acc: 0.9277803097776169
F1: 0.49922501191129554
Time: 22.11675524711609
---- Epoch 10 -----
Full acc: 0.9277803097776169
F1: 0.49922501191129554
Time: 23.83215022087097
=============== Seed: 2 ================
========= layer0 =========
---- Epoch 1 -----
Full acc: 0.9590824960338445
F1: 0.8013420098053706
Time: 34.799777030944824
---- Epoch 2 -----
Full acc: 0.9585410636254836
F1: 0.7996090260334009
Time: 24.417083740234375
---- Epoch 3 -----
Full acc: 0.9584140770686632
F1: 0.7994791175193916
Time: 23.798530340194702
---- Epoch 4 -----
Full acc: 0.9586984921651034
F1: 0.7999317453596324
Time: 23.905902862548828
---- Epoch 5 -----
Full acc: 0.9586397826268473
F1: 0.8005494505494506
Time: 23.987932920455933
---- Epoch 6 -----
Full acc: 0.9583879839405495
F1: 0.7983571008604358
Time: 24.969240188598633
---- Epoch 7 -----
Full acc: 0.9586358686576303
F1: 0.8001227233659826
Time: 24.24671983718872
---- Epoch 8 -----
Full acc: 0.9587802506331933
F1: 0.801350555500831
Time: 24.151997089385986
---- Epoch 9 -----
Full acc: 0.9585310612597067
F1: 0.7994734274322437
Time: 24.29271960258484
---- Epoch 10 -----
Full acc: 0.9582305554009296
F1: 0.7969532523375945
Time: 24.580780029296875
========= layer1 =========
---- Epoch 1 -----
Full acc: 0.984140161846976
F1: 0.9256343278255957
Time: 26.546104669570923
---- Epoch 2 -----
Full acc: 0.9842253993988144
F1: 0.9262169534413985
Time: 24.695557117462158
---- Epoch 3 -----
Full acc: 0.9841588619221242
F1: 0.9258068852579222
Time: 24.151253700256348
---- Epoch 4 -----
Full acc: 0.9841410316179131
F1: 0.9258666710034945
Time: 23.828582525253296
---- Epoch 5 -----
Full acc: 0.9841940876450778
F1: 0.926188508193492
Time: 40.07621693611145
---- Epoch 6 -----
Full acc: 0.9841853899357065
F1: 0.9261109767817993
Time: 24.63260269165039
---- Epoch 7 -----
Full acc: 0.9842375761919341
F1: 0.9260549084892515
Time: 24.482794046401978
---- Epoch 8 -----
Full acc: 0.984208873751009
F1: 0.9260978672566191
Time: 23.834118127822876
---- Epoch 9 -----
Full acc: 0.9842467087867739
F1: 0.9264343912722074
Time: 23.975289583206177
---- Epoch 10 -----
Full acc: 0.9842206156586601
F1: 0.9261388387895271
Time: 24.0167293548584
========= layer2 =========
---- Epoch 1 -----
Full acc: 0.979442963901027
F1: 0.9011968413087917
Time: 26.2080717086792
---- Epoch 2 -----
Full acc: 0.9799852660803251
F1: 0.9044787457270412
Time: 25.15070104598999
---- Epoch 3 -----
Full acc: 0.9799543892120571
F1: 0.9041174537270091
Time: 23.898207187652588
---- Epoch 4 -----
Full acc: 0.980119645690111
F1: 0.9050398627342636
Time: 23.93592858314514
---- Epoch 5 -----
Full acc: 0.9799291658548804
F1: 0.9039424553866903
Time: 24.62967562675476
---- Epoch 6 -----
Full acc: 0.9799691753179882
F1: 0.9041351349101293
Time: 40.99935269355774
---- Epoch 7 -----
Full acc: 0.979981352111108
F1: 0.9042121516058281
Time: 24.783392190933228
---- Epoch 8 -----
Full acc: 0.9799765683709538
F1: 0.9043848446147297
Time: 23.484782934188843
---- Epoch 9 -----
Full acc: 0.9799861358512623
F1: 0.9045007356313253
Time: 23.49320673942566
---- Epoch 10 -----
Full acc: 0.979936558907846
F1: 0.9041173328677927
Time: 23.898529291152954
========= x =========
---- Epoch 1 -----
Full acc: 0.9277803097776169
F1: 0.49922501191129554
Time: 25.754918098449707
---- Epoch 2 -----
Full acc: 0.9277803097776169
F1: 0.49922501191129554
Time: 23.476571559906006
---- Epoch 3 -----
Full acc: 0.9277803097776169
F1: 0.49922501191129554
Time: 23.88649868965149
---- Epoch 4 -----
Full acc: 0.9277803097776169
F1: 0.49922501191129554
Time: 23.29873561859131
---- Epoch 5 -----
Full acc: 0.9277803097776169
F1: 0.49922501191129554
Time: 23.43594527244568
---- Epoch 6 -----
Full acc: 0.9277803097776169
F1: 0.49922501191129554
Time: 23.71225118637085
---- Epoch 7 -----
Full acc: 0.9277803097776169
F1: 0.49922501191129554
Time: 22.96688675880432
---- Epoch 8 -----
Full acc: 0.9277803097776169
F1: 0.49922501191129554
Time: 23.70094919204712
---- Epoch 9 -----
Full acc: 0.9277803097776169
F1: 0.49922501191129554
Time: 23.2274649143219
---- Epoch 10 -----
Full acc: 0.9277803097776169
F1: 0.49922501191129554
Time: 29.29426860809326
=============== Seed: 3 ================
========= layer0 =========
---- Epoch 1 -----
Full acc: 0.9584366911130284
F1: 0.797983491687716
Time: 25.691306352615356
---- Epoch 2 -----
Full acc: 0.9584784401180105
F1: 0.8001281162927499
Time: 38.2943799495697
---- Epoch 3 -----
Full acc: 0.958619343009825
F1: 0.801069570144024
Time: 24.755436420440674
---- Epoch 4 -----
Full acc: 0.9579918032786885
F1: 0.795564886497835
Time: 24.57578706741333
---- Epoch 5 -----
Full acc: 0.9580792152578697
F1: 0.7965100937495382
Time: 25.06969904899597
---- Epoch 6 -----
Full acc: 0.9584445190514627
F1: 0.7993094337482751
Time: 22.879892110824585
---- Epoch 7 -----
Full acc: 0.9583144882963622
F1: 0.7997902950907329
Time: 24.533316612243652
---- Epoch 8 -----
Full acc: 0.9582292507445239
F1: 0.7979281587794482
Time: 24.414424180984497
---- Epoch 9 -----
Full acc: 0.9585793335467171
F1: 0.7994517005914643
Time: 23.81733798980713
---- Epoch 10 -----
Full acc: 0.9584288631745943
F1: 0.7981741060023521
Time: 23.86409640312195
========= layer1 =========
---- Epoch 1 -----
Full acc: 0.9840479661276407
F1: 0.9253821821251665
Time: 25.136504888534546
---- Epoch 2 -----
Full acc: 0.9841662549750898
F1: 0.9258096264704504
Time: 23.52236032485962
---- Epoch 3 -----
Full acc: 0.9841671247460269
F1: 0.9258052354313779
Time: 24.561681985855103
---- Epoch 4 -----
Full acc: 0.9841305943666676
F1: 0.9256370805864912
Time: 41.881617307662964
---- Epoch 5 -----
Full acc: 0.9842432297030254
F1: 0.926433084807433
Time: 23.479618072509766
---- Epoch 6 -----
Full acc: 0.984133203679479
F1: 0.9258358081833686
Time: 24.92595911026001
---- Epoch 7 -----
Full acc: 0.984209743521946
F1: 0.9260643182803932
Time: 22.563177585601807
---- Epoch 8 -----
Full acc: 0.9841549479529071
F1: 0.9256806235198848
Time: 23.428139448165894
---- Epoch 9 -----
Full acc: 0.9842627995491108
F1: 0.9263649257178438
Time: 23.582417011260986
---- Epoch 10 -----
Full acc: 0.9841710387152439
F1: 0.9256934974154615
Time: 23.913439989089966
========= layer2 =========
---- Epoch 1 -----
Full acc: 0.9795708202287845
F1: 0.9019507165428945
Time: 25.717730045318604
---- Epoch 2 -----
Full acc: 0.9800113592084388
F1: 0.904466462559159
Time: 23.53267765045166
---- Epoch 3 -----
Full acc: 0.9798752400567786
F1: 0.9037448727442154
Time: 23.88065814971924
---- Epoch 4 -----
Full acc: 0.9798843726516184
F1: 0.9038627412264749
Time: 23.834911584854126
---- Epoch 5 -----
Full acc: 0.9799474310445601
F1: 0.9041264507865748
Time: 23.609426975250244
---- Epoch 6 -----
Full acc: 0.980033103481867
F1: 0.904642531512016
Time: 24.397815942764282
---- Epoch 7 -----
Full acc: 0.980012228979376
F1: 0.9046066354645551
Time: 24.473812580108643
---- Epoch 8 -----
Full acc: 0.9798178351749284
F1: 0.9032541849944756
Time: 42.19904136657715
---- Epoch 9 -----
Full acc: 0.9800087498956275
F1: 0.9045710169417636
Time: 23.94325351715088
---- Epoch 10 -----
Full acc: 0.980108773553397
F1: 0.9049683878970212
Time: 24.562575101852417
========= x =========
---- Epoch 1 -----
Full acc: 0.9277803097776169
F1: 0.49922501191129554
Time: 25.620442390441895
---- Epoch 2 -----
Full acc: 0.9277803097776169
F1: 0.49922501191129554
Time: 24.203510284423828
---- Epoch 3 -----
Full acc: 0.9277803097776169
F1: 0.49922501191129554
Time: 23.279789447784424
---- Epoch 4 -----
Full acc: 0.9277803097776169
F1: 0.49922501191129554
Time: 23.41025161743164
---- Epoch 5 -----
Full acc: 0.9277803097776169
F1: 0.49922501191129554
Time: 23.785845518112183
---- Epoch 6 -----
Full acc: 0.9277803097776169
F1: 0.49922501191129554
Time: 24.020122289657593
---- Epoch 7 -----
Full acc: 0.9277803097776169
F1: 0.49922501191129554
Time: 23.54222321510315
---- Epoch 8 -----
Full acc: 0.9277803097776169
F1: 0.49922501191129554
Time: 24.086379051208496
---- Epoch 9 -----
Full acc: 0.9277803097776169
F1: 0.49922501191129554
Time: 44.211814641952515
---- Epoch 10 -----
Full acc: 0.9277803097776169
F1: 0.49922501191129554
Time: 23.881614923477173
=============== Seed: 4 ================
========= layer0 =========
---- Epoch 1 -----
Full acc: 0.9590755378663475
F1: 0.802093804810956
Time: 26.42880392074585
---- Epoch 2 -----
Full acc: 0.958785469258816
F1: 0.8004934456357218
Time: 24.55146098136902
---- Epoch 3 -----
Full acc: 0.9587780762058504
F1: 0.8020003007971124
Time: 23.979668140411377
---- Epoch 4 -----
Full acc: 0.9585049681315929
F1: 0.7994400396848752
Time: 24.482393741607666
---- Epoch 5 -----
Full acc: 0.9586897944557321
F1: 0.800191834013096
Time: 24.67171025276184
---- Epoch 6 -----
Full acc: 0.9589063674190765
F1: 0.8022468100779979
Time: 23.774765014648438
---- Epoch 7 -----
Full acc: 0.9587371969718055
F1: 0.8006588539806462
Time: 24.521787881851196
---- Epoch 8 -----
Full acc: 0.9587776413203819
F1: 0.8002528738054346
Time: 24.40818762779236
---- Epoch 9 -----
Full acc: 0.9579696241197918
F1: 0.7961244512698055
Time: 24.78183913230896
---- Epoch 10 -----
Full acc: 0.9584901820256617
F1: 0.7997860469018753
Time: 24.12754511833191
========= layer1 =========
---- Epoch 1 -----
Full acc: 0.9841014570402739
F1: 0.9256392002115412
Time: 25.677738666534424
---- Epoch 2 -----
Full acc: 0.9841314641376048
F1: 0.9256959702857189
Time: 24.52804684638977
---- Epoch 3 -----
Full acc: 0.9842123528347574
F1: 0.9262339551791473
Time: 23.115293264389038
---- Epoch 4 -----
Full acc: 0.9842093086364775
F1: 0.9261967868873785
Time: 23.722564697265625
---- Epoch 5 -----
Full acc: 0.984184955050238
F1: 0.925997224336303
Time: 40.76874494552612
---- Epoch 6 -----
Full acc: 0.9842371413064656
F1: 0.9262465204863993
Time: 23.48653244972229
---- Epoch 7 -----
Full acc: 0.9841292897102619
F1: 0.9256486944616488
Time: 23.956709384918213
---- Epoch 8 -----
Full acc: 0.9841871294775808
F1: 0.9260277205324393
Time: 24.883352279663086
---- Epoch 9 -----
Full acc: 0.9841510339836901
F1: 0.9255518648804344
Time: 24.01382827758789
---- Epoch 10 -----
Full acc: 0.9842419250466197
F1: 0.9264528281206551
Time: 24.08277726173401
========= layer2 =========
---- Epoch 1 -----
Full acc: 0.9792920586434357
F1: 0.9004259661610976
Time: 25.529497146606445
---- Epoch 2 -----
Full acc: 0.9800526733279523
F1: 0.9047619047619048
Time: 25.16829800605774
---- Epoch 3 -----
Full acc: 0.9799561287539313
F1: 0.9042285714285714
Time: 24.12794280052185
---- Epoch 4 -----
Full acc: 0.9799870056221993
F1: 0.904357223763652
Time: 24.181827306747437
---- Epoch 5 -----
Full acc: 0.9799939637896964
F1: 0.9043706021141034
Time: 23.90551233291626
---- Epoch 6 -----
Full acc: 0.979981352111108
F1: 0.9043566430079287
Time: 24.650002002716064
---- Epoch 7 -----
Full acc: 0.9801061642405856
F1: 0.9051045830679775
Time: 24.535180807113647
---- Epoch 8 -----
Full acc: 0.9799830916529823
F1: 0.9043959422071933
Time: 24.710570096969604
---- Epoch 9 -----
Full acc: 0.9799726544017368
F1: 0.9043397339492991
Time: 24.046351432800293
---- Epoch 10 -----
Full acc: 0.9800209266887473
F1: 0.9044959119568765
Time: 24.390390872955322
========= x =========
---- Epoch 1 -----
Full acc: 0.9277803097776169
F1: 0.49922501191129554
Time: 25.805742979049683
---- Epoch 2 -----
Full acc: 0.9277803097776169
F1: 0.49922501191129554
Time: 24.09226894378662
---- Epoch 3 -----
Full acc: 0.9277803097776169
F1: 0.49922501191129554
Time: 23.393290281295776
---- Epoch 4 -----
Full acc: 0.9277803097776169
F1: 0.49922501191129554
Time: 23.72498321533203
---- Epoch 5 -----
Full acc: 0.9277803097776169
F1: 0.49922501191129554
Time: 23.830135107040405
---- Epoch 6 -----
Full acc: 0.9277803097776169
F1: 0.49922501191129554
Time: 23.646875381469727
---- Epoch 7 -----
Full acc: 0.9277803097776169
F1: 0.49922501191129554
Time: 22.92855477333069
---- Epoch 8 -----
Full acc: 0.9277803097776169
F1: 0.49922501191129554
Time: 22.78527045249939
---- Epoch 9 -----
Full acc: 0.9277803097776169
F1: 0.49922501191129554
Time: 43.779980182647705
---- Epoch 10 -----
Full acc: 0.9277803097776169
F1: 0.49922501191129554
Time: 23.732658863067627
