Loading rhel8/default-amp
  Loading requirement: dot rhel8/slurm singularity/current rhel8/global
    cuda/11.4 libpciaccess/0.16/gcc-9.4.0-6fonbj6
    libiconv/1.16/gcc-9.4.0-ahebbov libxml2/2.9.12/gcc-9.4.0-gnknt5e
    ncurses/6.2/gcc-9.4.0-aiirok7 hwloc/2.5.0/gcc-9.4.0-7sqomga
    libevent/2.1.12/gcc-9.4.0-hgny7cm numactl/2.0.14/gcc-9.4.0-52dwc6n
    cuda/11.4.0/gcc-9.4.0-3hnxhjt gdrcopy/2.2/gcc-9.4.0-e4igtfp
    knem/1.1.4/gcc-9.4.0-bpbxgva libnl/3.3.0/gcc-9.4.0-whwhrwb
    rdma-core/34.0/gcc-9.4.0-5eo5n2u ucx/1.11.1/gcc-9.4.0-lktqyl4
    openmpi/4.1.1/gcc-9.4.0-epagguv
Changed directory to /rds/user/tdb47/hpc-work/planning/thinker_private_planning/probing.

JobID: 58639613
======
Time: Sat Aug 10 09:47:05 BST 2024
Running on master node: gpu-q-14
Current directory: /rds/user/tdb47/hpc-work/planning/thinker_private_planning/probing

Nodes allocated:
================
gpu-q-14

numtasks=1, numnodes=1, mpi_tasks_per_node=1 (OMP_NUM_THREADS=1)

Executing command:
==================
python train_conv_probe.py --feature tracked_box_next_push_from --num_epochs 10 --weight_decay 0.001 --kernel 1 --model_name 250m 


test
=================================== FEATURE: tracked_box_next_push_from =========================================
=============== Seed: 0 ================
========= layer0 =========
---- Epoch 1 -----
Full acc: 0.9778451946895266
F1: 0.8932783636462667
Time: 30.129014253616333
---- Epoch 2 -----
Full acc: 0.9777112499652092
F1: 0.8928428060080955
Time: 24.02532935142517
---- Epoch 3 -----
Full acc: 0.9777534338556598
F1: 0.8935603546392954
Time: 23.93950080871582
---- Epoch 4 -----
Full acc: 0.977803010799076
F1: 0.8933555365653383
Time: 23.975379467010498
---- Epoch 5 -----
Full acc: 0.9776634125636672
F1: 0.8925035893529119
Time: 24.34420108795166
---- Epoch 6 -----
Full acc: 0.977696463859278
F1: 0.8929427285555639
Time: 24.46418857574463
---- Epoch 7 -----
Full acc: 0.977762131565031
F1: 0.8934156798906122
Time: 24.57129693031311
---- Epoch 8 -----
Full acc: 0.9777769176709622
F1: 0.8938291201702026
Time: 23.965097188949585
---- Epoch 9 -----
Full acc: 0.9777060313395864
F1: 0.8927154313649985
Time: 24.278430938720703
---- Epoch 10 -----
Full acc: 0.9776247077569651
F1: 0.8923297137009607
Time: 24.12110686302185
========= layer1 =========
---- Epoch 1 -----
Full acc: 0.9860714882128643
F1: 0.9338341018394566
Time: 25.89950466156006
---- Epoch 2 -----
Full acc: 0.9861123674469092
F1: 0.9339679992721468
Time: 24.19353151321411
---- Epoch 3 -----
Full acc: 0.9861762956107879
F1: 0.9343597770623693
Time: 24.29114270210266
---- Epoch 4 -----
Full acc: 0.98629067048902
F1: 0.935026175852261
Time: 24.587348699569702
---- Epoch 5 -----
Full acc: 0.986100625539258
F1: 0.9337912833441399
Time: 24.63310956954956
---- Epoch 6 -----
Full acc: 0.9861271535528403
F1: 0.9340922708208508
Time: 24.80733036994934
---- Epoch 7 -----
Full acc: 0.9861362861476801
F1: 0.9340504980502085
Time: 24.44683051109314
---- Epoch 8 -----
Full acc: 0.9860901882880124
F1: 0.933734702629687
Time: 23.69318199157715
---- Epoch 9 -----
Full acc: 0.9861862979765649
F1: 0.9343859997025432
Time: 24.2412850856781
---- Epoch 10 -----
Full acc: 0.9861380256895544
F1: 0.9341013072233237
Time: 24.392066717147827
========= layer2 =========
---- Epoch 1 -----
Full acc: 0.980437112082162
F1: 0.9049823838049291
Time: 25.777021169662476
---- Epoch 2 -----
Full acc: 0.9836161248573576
F1: 0.9212677739975089
Time: 24.4830322265625
---- Epoch 3 -----
Full acc: 0.9837418067577722
F1: 0.9220299533451934
Time: 24.505048751831055
---- Epoch 4 -----
Full acc: 0.9837309346210582
F1: 0.9219203299340883
Time: 24.451698541641235
---- Epoch 5 -----
Full acc: 0.9836422179854714
F1: 0.9213695010494101
Time: 24.500845432281494
---- Epoch 6 -----
Full acc: 0.9835926410420551
F1: 0.9212105770957677
Time: 24.802178144454956
---- Epoch 7 -----
Full acc: 0.9836426528709399
F1: 0.9214518860694201
Time: 24.38513469696045
---- Epoch 8 -----
Full acc: 0.9836887507306076
F1: 0.9217836668898023
Time: 24.925137519836426
---- Epoch 9 -----
Full acc: 0.9836378691307858
F1: 0.9213173447322522
Time: 24.50172758102417
---- Epoch 10 -----
Full acc: 0.9836422179854714
F1: 0.9213908638352832
Time: 24.021459579467773
========= x =========
---- Epoch 1 -----
Full acc: 0.9291080151131398
F1: 0.5044097930543859
Time: 25.89076042175293
---- Epoch 2 -----
Full acc: 0.9291080151131398
F1: 0.5044097930543859
Time: 23.756994009017944
---- Epoch 3 -----
Full acc: 0.9291080151131398
F1: 0.5044097930543859
Time: 23.495504140853882
---- Epoch 4 -----
Full acc: 0.9291080151131398
F1: 0.5044097930543859
Time: 24.411410808563232
---- Epoch 5 -----
Full acc: 0.9291080151131398
F1: 0.5044097930543859
Time: 23.821202754974365
---- Epoch 6 -----
Full acc: 0.9291080151131398
F1: 0.5044097930543859
Time: 22.980602025985718
---- Epoch 7 -----
Full acc: 0.9291080151131398
F1: 0.5044097930543859
Time: 23.768877267837524
---- Epoch 8 -----
Full acc: 0.9291080151131398
F1: 0.5044097930543859
Time: 23.870305061340332
---- Epoch 9 -----
Full acc: 0.9291080151131398
F1: 0.5044097930543859
Time: 23.794644594192505
---- Epoch 10 -----
Full acc: 0.9291080151131398
F1: 0.5044097930543859
Time: 23.683141708374023
=============== Seed: 1 ================
========= layer0 =========
---- Epoch 1 -----
Full acc: 0.9777038569122436
F1: 0.8925333651945526
Time: 25.86705207824707
---- Epoch 2 -----
Full acc: 0.9776338403518049
F1: 0.8925241261707828
Time: 24.81742525100708
---- Epoch 3 -----
Full acc: 0.9778891181218514
F1: 0.8942108625134465
Time: 24.289814710617065
---- Epoch 4 -----
Full acc: 0.9777877898076762
F1: 0.8932433731716392
Time: 24.264676809310913
---- Epoch 5 -----
Full acc: 0.9777016824849007
F1: 0.8928183216829995
Time: 24.894495248794556
---- Epoch 6 -----
Full acc: 0.9776403636338334
F1: 0.8923171653747798
Time: 24.85707998275757
---- Epoch 7 -----
Full acc: 0.9776177495894681
F1: 0.89241555477051
Time: 24.894460678100586
---- Epoch 8 -----
Full acc: 0.9777473454590999
F1: 0.8931059623262703
Time: 24.60393261909485
---- Epoch 9 -----
Full acc: 0.9776977685156837
F1: 0.8931129855540063
Time: 24.56327247619629
---- Epoch 10 -----
Full acc: 0.9776821126388154
F1: 0.8923432580015146
Time: 23.475911855697632
========= layer1 =========
---- Epoch 1 -----
Full acc: 0.9860880138606697
F1: 0.9338330499675267
Time: 25.941569328308105
---- Epoch 2 -----
Full acc: 0.9861854282056277
F1: 0.9343910841601745
Time: 24.268325090408325
---- Epoch 3 -----
Full acc: 0.9860897534025439
F1: 0.9337901055682053
Time: 23.762248754501343
---- Epoch 4 -----
Full acc: 0.9861806444654736
F1: 0.93437392222018
Time: 24.138140201568604
---- Epoch 5 -----
Full acc: 0.9862354400345125
F1: 0.9347467987770308
Time: 24.42667579650879
---- Epoch 6 -----
Full acc: 0.9862176097303015
F1: 0.9346038925664857
Time: 24.436065196990967
---- Epoch 7 -----
Full acc: 0.9861023650811322
F1: 0.9338045061075011
Time: 24.463388681411743
---- Epoch 8 -----
Full acc: 0.9862406586601352
F1: 0.9347978856041793
Time: 24.510931491851807
---- Epoch 9 -----
Full acc: 0.9862463121712266
F1: 0.9347713097713097
Time: 24.18613839149475
---- Epoch 10 -----
Full acc: 0.9861428094297086
F1: 0.9341032046721705
Time: 24.6732497215271
========= layer2 =========
