Loading rhel8/default-amp
  Loading requirement: dot rhel8/slurm singularity/current rhel8/global
    cuda/11.4 libpciaccess/0.16/gcc-9.4.0-6fonbj6
    libiconv/1.16/gcc-9.4.0-ahebbov libxml2/2.9.12/gcc-9.4.0-gnknt5e
    ncurses/6.2/gcc-9.4.0-aiirok7 hwloc/2.5.0/gcc-9.4.0-7sqomga
    libevent/2.1.12/gcc-9.4.0-hgny7cm numactl/2.0.14/gcc-9.4.0-52dwc6n
    cuda/11.4.0/gcc-9.4.0-3hnxhjt gdrcopy/2.2/gcc-9.4.0-e4igtfp
    knem/1.1.4/gcc-9.4.0-bpbxgva libnl/3.3.0/gcc-9.4.0-whwhrwb
    rdma-core/34.0/gcc-9.4.0-5eo5n2u ucx/1.11.1/gcc-9.4.0-lktqyl4
    openmpi/4.1.1/gcc-9.4.0-epagguv
Changed directory to /rds/user/tdb47/hpc-work/planning/thinker_private_planning/probing.

JobID: 58688675
======
Time: Sun Aug 11 10:16:33 BST 2024
Running on master node: gpu-q-22
Current directory: /rds/user/tdb47/hpc-work/planning/thinker_private_planning/probing

Nodes allocated:
================
gpu-q-22

numtasks=1, numnodes=1, mpi_tasks_per_node=1 (OMP_NUM_THREADS=1)

Executing command:
==================
python train_conv_probe.py --feature agent_onto_with --num_epochs 10 --weight_decay 0.001 --kernel 3 --model_name 250m 


test
=================================== FEATURE: agent_onto_with =========================================
!!!!
=============== Seed: 0 ================
========= layer0 =========
---- Epoch 1 -----
Full acc: 0.9466627655114589
F1: 0.8398265408426357
Time: 29.08083963394165
---- Epoch 2 -----
Full acc: 0.9468614624091671
F1: 0.8402894203983683
Time: 23.88988494873047
---- Epoch 3 -----
Full acc: 0.9467479213247625
F1: 0.8400936051844667
Time: 24.16974663734436
---- Epoch 4 -----
Full acc: 0.9467802368641699
F1: 0.840252941454011
Time: 23.663900136947632
---- Epoch 5 -----
Full acc: 0.9467396240916713
F1: 0.8400474868173194
Time: 23.394115447998047
---- Epoch 6 -----
Full acc: 0.9466741196198993
F1: 0.8401040079044488
Time: 23.66525888442993
---- Epoch 7 -----
Full acc: 0.946618222470654
F1: 0.839750782108952
Time: 23.117672443389893
---- Epoch 8 -----
Full acc: 0.9466675691727222
F1: 0.8397893558361563
Time: 23.493573904037476
---- Epoch 9 -----
Full acc: 0.9467749965064282
F1: 0.8401769255620654
Time: 23.585063219070435
---- Epoch 10 -----
Full acc: 0.9466972645332588
F1: 0.8398935875953841
Time: 23.645503759384155
========= layer1 =========
---- Epoch 1 -----
Full acc: 0.9472850579932923
F1: 0.8420556795773736
Time: 25.30277919769287
---- Epoch 2 -----
Full acc: 0.9474916154276132
F1: 0.8427980664164775
Time: 23.80718207359314
---- Epoch 3 -----
Full acc: 0.9475802648127446
F1: 0.8429627504433403
Time: 23.969337940216064
---- Epoch 4 -----
Full acc: 0.9474055862213527
F1: 0.8426239341098132
Time: 23.769848823547363
---- Epoch 5 -----
Full acc: 0.9473496890721074
F1: 0.8424743806502866
Time: 24.04809808731079
---- Epoch 6 -----
Full acc: 0.947686382057015
F1: 0.843327556928724
Time: 23.47139859199524
---- Epoch 7 -----
Full acc: 0.9477125838457239
F1: 0.8432662608827929
Time: 23.7828848361969
---- Epoch 8 -----
Full acc: 0.9476007895472331
F1: 0.8429898332837048
Time: 24.172779321670532
---- Epoch 9 -----
Full acc: 0.94765625
F1: 0.8429023369984318
Time: 23.096617937088013
---- Epoch 10 -----
Full acc: 0.9474544962269424
F1: 0.8428195963944975
Time: 23.080530643463135
========= layer2 =========
---- Epoch 1 -----
Full acc: 0.9514755974007826
F1: 0.855646514173291
Time: 25.88674235343933
---- Epoch 2 -----
Full acc: 0.9518253912800447
F1: 0.8565328167416671
Time: 24.24266505241394
---- Epoch 3 -----
Full acc: 0.9515240707098938
F1: 0.8559345625887248
Time: 23.446942806243896
---- Epoch 4 -----
Full acc: 0.9518214610117384
F1: 0.8566347812283743
Time: 24.123435258865356
---- Epoch 5 -----
Full acc: 0.9512895647009503
F1: 0.8553210687483329
Time: 24.015737533569336
---- Epoch 6 -----
Full acc: 0.9519935194242594
F1: 0.8569905200664166
Time: 24.414294481277466
---- Epoch 7 -----
Full acc: 0.9517162171604249
F1: 0.8564434296370237
Time: 23.66970944404602
---- Epoch 8 -----
Full acc: 0.9517804115427613
F1: 0.8565466100913106
Time: 24.43250322341919
---- Epoch 9 -----
Full acc: 0.9517808482392398
F1: 0.8561649576899985
Time: 24.36012291908264
---- Epoch 10 -----
Full acc: 0.9514284341811068
F1: 0.8556869462685122
Time: 23.691192150115967
========= x =========
---- Epoch 1 -----
Full acc: 0.8285280708496366
F1: 0.4174041660395513
Time: 25.202810525894165
---- Epoch 2 -----
Full acc: 0.8267048630519843
F1: 0.4110255477245043
Time: 23.633309364318848
---- Epoch 3 -----
Full acc: 0.8271476732811627
F1: 0.4185090581609612
Time: 22.86398458480835
---- Epoch 4 -----
Full acc: 0.8268149105645612
F1: 0.4078764788019872
Time: 22.22804594039917
---- Epoch 5 -----
Full acc: 0.8264157699832309
F1: 0.40666215380174664
Time: 21.90424609184265
---- Epoch 6 -----
Full acc: 0.8269070535215204
F1: 0.41982352943351503
Time: 23.436420679092407
---- Epoch 7 -----
Full acc: 0.826798316098379
F1: 0.4096617851090629
Time: 22.78768539428711
---- Epoch 8 -----
Full acc: 0.8268157839575182
F1: 0.4124960186710247
Time: 23.289689540863037
---- Epoch 9 -----
Full acc: 0.8264725405254332
F1: 0.41459535542289616
Time: 23.014592170715332
---- Epoch 10 -----
Full acc: 0.8268791049468978
F1: 0.4113414342564047
Time: 22.143125295639038
=============== Seed: 1 ================
========= layer0 =========
---- Epoch 1 -----
Full acc: 0.9465177822806037
F1: 0.8393100217968508
Time: 25.891401767730713
---- Epoch 2 -----
Full acc: 0.9465487877305757
F1: 0.8394738510247727
Time: 24.33041739463806
---- Epoch 3 -----
Full acc: 0.9468051285634432
F1: 0.8401633449313802
Time: 23.867438793182373
---- Epoch 4 -----
Full acc: 0.9465758629122415
F1: 0.8395981572451566
Time: 23.75359606742859
---- Epoch 5 -----
Full acc: 0.9466042481833427
F1: 0.8398524747488315
Time: 24.287338972091675
---- Epoch 6 -----
Full acc: 0.9467789267747345
F1: 0.8400132123873906
Time: 23.506001710891724
---- Epoch 7 -----
Full acc: 0.9466225894354388
F1: 0.8396097973718936
Time: 23.6214382648468
---- Epoch 8 -----
Full acc: 0.9465867803242035
F1: 0.8395996037653471
Time: 24.116479873657227
---- Epoch 9 -----
Full acc: 0.9467317635550587
F1: 0.8399839282631782
Time: 23.79137873649597
---- Epoch 10 -----
Full acc: 0.946522585941867
F1: 0.8392117903781593
Time: 23.097919702529907
========= layer1 =========
---- Epoch 1 -----
Full acc: 0.9473763275572946
F1: 0.8427242797517238
Time: 25.583540201187134
---- Epoch 2 -----
Full acc: 0.9472125663778648
F1: 0.8421685717787992
Time: 23.82847547531128
---- Epoch 3 -----
Full acc: 0.9477558167970933
F1: 0.8433243744501947
Time: 23.24189043045044
---- Epoch 4 -----
Full acc: 0.9476466426774734
F1: 0.8433055704749355
Time: 23.279303073883057
---- Epoch 5 -----
Full acc: 0.9474885585522639
F1: 0.8426202093560307
Time: 23.21799349784851
---- Epoch 6 -----
Full acc: 0.9476946792901062
F1: 0.8431053867195949
Time: 23.133759260177612
---- Epoch 7 -----
Full acc: 0.9476890022358859
F1: 0.8430882124915732
Time: 23.473634719848633
---- Epoch 8 -----
Full acc: 0.9477326718837339
F1: 0.8434000753347208
Time: 23.13180899620056
---- Epoch 9 -----
Full acc: 0.9475898721352711
F1: 0.8426649626642895
Time: 24.03415298461914
---- Epoch 10 -----
Full acc: 0.9476514463387368
F1: 0.8429628642429956
Time: 23.391714572906494
========= layer2 =========
---- Epoch 1 -----
Full acc: 0.9515013624930129
F1: 0.8555250868301529
Time: 25.56093740463257
---- Epoch 2 -----
Full acc: 0.9515865183063164
F1: 0.8559955142162071
Time: 23.995150327682495
---- Epoch 3 -----
Full acc: 0.9516546429569592
F1: 0.8561219038913711
Time: 23.83011245727539
---- Epoch 4 -----
Full acc: 0.951839365567356
F1: 0.8565401884529142
Time: 23.854471445083618
---- Epoch 5 -----
Full acc: 0.9518708077138066
F1: 0.8564784018973526
Time: 23.477877616882324
---- Epoch 6 -----
Full acc: 0.9518961361095584
F1: 0.8566974881967411
Time: 22.882418394088745
---- Epoch 7 -----
Full acc: 0.9519018131637786
F1: 0.8567038750059573
Time: 22.984434843063354
---- Epoch 8 -----
Full acc: 0.9517917656512018
F1: 0.8563841396255599
Time: 23.09070920944214
---- Epoch 9 -----
Full acc: 0.9515441587479039
F1: 0.855840890912862
Time: 23.36270761489868
---- Epoch 10 -----
Full acc: 0.9513764673001677
F1: 0.8556786836612862
Time: 33.016191244125366
========= x =========
---- Epoch 1 -----
Full acc: 0.8286542761319172
F1: 0.4190068759700664
Time: 24.886704206466675
---- Epoch 2 -----
Full acc: 0.8267677473448855
F1: 0.4119833615318604
Time: 23.81694746017456
---- Epoch 3 -----
Full acc: 0.8268079234209056
F1: 0.4121381795177614
Time: 23.252458095550537
---- Epoch 4 -----
Full acc: 0.8269162241475685
F1: 0.4122163185961062
Time: 23.017441987991333
---- Epoch 5 -----
Full acc: 0.8266061696478479
F1: 0.4104983256368703
Time: 23.378089666366577
---- Epoch 6 -----
Full acc: 0.826765563862493
F1: 0.4168297063827334
Time: 23.426095008850098
---- Epoch 7 -----
Full acc: 0.8266970025153717
F1: 0.4112606111329259
Time: 23.25016188621521
---- Epoch 8 -----
Full acc: 0.826572544019005
F1: 0.4065024501119791
Time: 22.45583438873291
---- Epoch 9 -----
Full acc: 0.8266869584963666
F1: 0.4106588958847948
Time: 21.858379364013672
---- Epoch 10 -----
Full acc: 0.8270350055897149
F1: 0.4129800949507342
Time: 23.291320323944092
=============== Seed: 2 ================
========= layer0 =========
---- Epoch 1 -----
Full acc: 0.946147463666853
F1: 0.8383353339829505
Time: 25.635724306106567
---- Epoch 2 -----
Full acc: 0.9467361305198435
F1: 0.8399779644675739
Time: 23.701054096221924
---- Epoch 3 -----
Full acc: 0.9467068718557854
F1: 0.8400550456163918
Time: 23.884122371673584
---- Epoch 4 -----
Full acc: 0.9465557748742314
F1: 0.8394491960455189
Time: 24.27082586288452
---- Epoch 5 -----
Full acc: 0.9465915839854667
F1: 0.8397117663431624
Time: 24.4697105884552
---- Epoch 6 -----
Full acc: 0.9467282699832309
F1: 0.8400143842284573
Time: 24.298287391662598
---- Epoch 7 -----
Full acc: 0.9466697526551145
F1: 0.8400809774300176
Time: 24.548763513565063
---- Epoch 8 -----
Full acc: 0.9466073050586921
F1: 0.8395594248738023
Time: 23.770217895507812
---- Epoch 9 -----
Full acc: 0.9467815469536054
F1: 0.8402213766448703
Time: 24.40723991394043
---- Epoch 10 -----
Full acc: 0.9466169123812186
F1: 0.8396444089101905
Time: 23.91724991798401
========= layer1 =========
---- Epoch 1 -----
Full acc: 0.9473549294298491
F1: 0.8424629430084909
Time: 24.73599362373352
---- Epoch 2 -----
Full acc: 0.9471771939631078
F1: 0.8421744551235111
Time: 23.88046360015869
---- Epoch 3 -----
Full acc: 0.9475710941866965
F1: 0.8429828061236153
Time: 24.268606185913086
---- Epoch 4 -----
Full acc: 0.9478619340413639
F1: 0.843513175264184
Time: 23.621964693069458
---- Epoch 5 -----
Full acc: 0.9476239344605926
F1: 0.8429564520921508
Time: 23.489397525787354
---- Epoch 6 -----
Full acc: 0.9475527529346003
F1: 0.8430467072387495
Time: 23.979352951049805
---- Epoch 7 -----
Full acc: 0.9474461989938513
F1: 0.8423984850841745
Time: 23.341883420944214
---- Epoch 8 -----
Full acc: 0.9475466391839016
F1: 0.8429365250834213
Time: 23.18856143951416
---- Epoch 9 -----
Full acc: 0.947495982392398
F1: 0.8429241589786777
Time: 23.667749404907227
---- Epoch 10 -----
Full acc: 0.9474405219396311
F1: 0.8426299401224661
Time: 23.208953142166138
========= layer2 =========
---- Epoch 1 -----
Full acc: 0.9516149035774175
F1: 0.8557155817943991
Time: 25.766672611236572
---- Epoch 2 -----
Full acc: 0.9516764777808832
F1: 0.8560402469920684
Time: 24.45806336402893
---- Epoch 3 -----
Full acc: 0.9519009397708217
F1: 0.8567516499718663
Time: 23.35591959953308
---- Epoch 4 -----
Full acc: 0.9511681630799329
F1: 0.8551826432801531
Time: 23.852548599243164
---- Epoch 5 -----
Full acc: 0.9516555163499162
F1: 0.8562802574817032
Time: 23.819381952285767
---- Epoch 6 -----
Full acc: 0.9518004995807714
F1: 0.8563658740720147
Time: 23.753687143325806
---- Epoch 7 -----
Full acc: 0.9518598903018446
F1: 0.8568637696381369
Time: 23.479053020477295
---- Epoch 8 -----
Full acc: 0.9517681840413639
F1: 0.8564647303997871
Time: 23.817956924438477
---- Epoch 9 -----
Full acc: 0.9516288778647289
F1: 0.8558539580022957
Time: 24.258410692214966
---- Epoch 10 -----
Full acc: 0.9518572701229737
F1: 0.85667691078845
Time: 24.153484344482422
========= x =========
---- Epoch 1 -----
Full acc: 0.8290420626048072
F1: 0.4237071058473988
Time: 25.61797833442688
---- Epoch 2 -----
Full acc: 0.8272450565958636
F1: 0.4137670756005562
Time: 23.67332911491394
---- Epoch 3 -----
Full acc: 0.8269053067356065
F1: 0.4124798416347679
Time: 23.77945327758789
---- Epoch 4 -----
Full acc: 0.8268096702068195
F1: 0.41178091001259504
Time: 23.085209846496582
---- Epoch 5 -----
Full acc: 0.826636301704863
F1: 0.4139030038457263
Time: 23.298877954483032
---- Epoch 6 -----
Full acc: 0.8263362912241475
F1: 0.41589425639575345
Time: 23.32648992538452
---- Epoch 7 -----
Full acc: 0.8267472226103969
F1: 0.4131582658327364
Time: 22.940781831741333
---- Epoch 8 -----
Full acc: 0.8267315015371716
F1: 0.4146543149589214
Time: 22.997127294540405
---- Epoch 9 -----
Full acc: 0.8264511423979877
F1: 0.41287327603240087
Time: 23.545456886291504
---- Epoch 10 -----
Full acc: 0.826553329373952
F1: 0.4055015244823476
Time: 23.274428844451904
=============== Seed: 3 ================
========= layer0 =========
---- Epoch 1 -----
Full acc: 0.9465186556735606
F1: 0.8393991059295244
Time: 25.789108276367188
---- Epoch 2 -----
Full acc: 0.9466977012297373
F1: 0.8397645008535356
Time: 23.762256622314453
---- Epoch 3 -----
Full acc: 0.946715605785355
F1: 0.8400438869933552
Time: 23.633354425430298
---- Epoch 4 -----
Full acc: 0.9464605750419228
F1: 0.839352477167839
Time: 23.929924249649048
---- Epoch 5 -----
Full acc: 0.9465374336221353
F1: 0.8396331683293287
Time: 23.797008514404297
---- Epoch 6 -----
Full acc: 0.9467046883733929
F1: 0.8398717363327728
Time: 23.74560809135437
---- Epoch 7 -----
Full acc: 0.9465859069312466
F1: 0.8397998173040119
Time: 23.73967432975769
---- Epoch 8 -----
Full acc: 0.9466583985466741
F1: 0.8398588905238826
Time: 23.345250606536865
---- Epoch 9 -----
Full acc: 0.9467802368641699
F1: 0.8400782253005223
Time: 23.17938542366028
---- Epoch 10 -----
Full acc: 0.9466260830072666
F1: 0.8398906816842446
Time: 23.523809909820557
========= layer1 =========
---- Epoch 1 -----
Full acc: 0.947325670765791
F1: 0.8420919477792242
Time: 25.124764442443848
---- Epoch 2 -----
Full acc: 0.9473719605925098
F1: 0.8424128095352567
Time: 24.106669187545776
---- Epoch 3 -----
Full acc: 0.9475020961430967
F1: 0.8430869787726415
Time: 23.629218339920044
---- Epoch 4 -----
Full acc: 0.9477086535774175
F1: 0.8433372042981266
Time: 23.671672582626343
---- Epoch 5 -----
Full acc: 0.9475719675796535
F1: 0.8430840207980985
Time: 23.51953363418579
---- Epoch 6 -----
Full acc: 0.9475859418669648
F1: 0.8428937667029308
Time: 23.785398721694946
---- Epoch 7 -----
Full acc: 0.9476339784795975
F1: 0.8431036752692187
Time: 23.44410467147827
---- Epoch 8 -----
Full acc: 0.9475226208775852
F1: 0.8427677705496386
Time: 23.19756317138672
---- Epoch 9 -----
Full acc: 0.9477160774175517
F1: 0.8431173701205162
Time: 23.130518198013306
---- Epoch 10 -----
Full acc: 0.9474165036333148
F1: 0.8427690808275736
Time: 23.504583835601807
========= layer2 =========
---- Epoch 1 -----
Full acc: 0.9514153332867524
F1: 0.8552061680643309
Time: 25.325896501541138
---- Epoch 2 -----
Full acc: 0.9516747309949692
F1: 0.8561658841481927
Time: 23.593221187591553
---- Epoch 3 -----
Full acc: 0.9518267013694801
F1: 0.8565792577296805
Time: 23.88371181488037
---- Epoch 4 -----
Full acc: 0.9518546499441028
F1: 0.8565147354448884
Time: 23.234559059143066
---- Epoch 5 -----
Full acc: 0.9520127340693124
F1: 0.856944245066054
Time: 23.222195148468018
---- Epoch 6 -----
Full acc: 0.9517411088596982
F1: 0.8563171372531315
Time: 23.530681610107422
---- Epoch 7 -----
Full acc: 0.9518633838736724
F1: 0.856544181441163
Time: 23.144662618637085
---- Epoch 8 -----
Full acc: 0.9512389079094467
F1: 0.8553533179693387
Time: 24.06745934486389
---- Epoch 9 -----
Full acc: 0.9517367418949133
F1: 0.8562540706002899
Time: 23.481553554534912
---- Epoch 10 -----
Full acc: 0.9511406512017887
F1: 0.8552803447610444
Time: 23.305551052093506
========= x =========
---- Epoch 1 -----
Full acc: 0.8283149629681387
F1: 0.4170240831641257
Time: 25.495033979415894
---- Epoch 2 -----
Full acc: 0.826604422861934
F1: 0.41061154837408964
Time: 23.948652267456055
---- Epoch 3 -----
Full acc: 0.8264000489100056
F1: 0.40831719979000775
Time: 23.33215570449829
---- Epoch 4 -----
Full acc: 0.8262039721911683
F1: 0.40106716339966636
Time: 24.12364411354065
---- Epoch 5 -----
Full acc: 0.8269005030743433
F1: 0.41553007135882075
Time: 23.27521586418152
---- Epoch 6 -----
Full acc: 0.8266358650083846
F1: 0.4138294184363088
Time: 23.568758487701416
---- Epoch 7 -----
Full acc: 0.826648092509782
F1: 0.4117926456706414
Time: 23.537052392959595
---- Epoch 8 -----
Full acc: 0.8269908992453885
F1: 0.412941517815449
Time: 22.61383819580078
---- Epoch 9 -----
Full acc: 0.8268441692286194
F1: 0.4123471385384356
Time: 22.207953929901123
---- Epoch 10 -----
Full acc: 0.8267135969815539
F1: 0.4126986270138458
Time: 20.553264617919922
=============== Seed: 4 ================
========= layer0 =========
---- Epoch 1 -----
Full acc: 0.9464016210173282
F1: 0.8389946104712639
Time: 25.721689224243164
---- Epoch 2 -----
Full acc: 0.9466252096143096
F1: 0.8396521516309935
Time: 24.32702612876892
---- Epoch 3 -----
Full acc: 0.946788534097261
F1: 0.8401936926860293
Time: 23.482975721359253
---- Epoch 4 -----
Full acc: 0.9464177787870318
F1: 0.8395393329487056
Time: 23.80455183982849
---- Epoch 5 -----
Full acc: 0.9467383140022358
F1: 0.8400539822258732
Time: 22.68814468383789
---- Epoch 6 -----
Full acc: 0.9467278332867524
F1: 0.8399738548872037
Time: 22.655481338500977
---- Epoch 7 -----
Full acc: 0.946609051844606
F1: 0.8400514304989478
Time: 23.013964653015137
---- Epoch 8 -----
Full acc: 0.9466518480994969
F1: 0.839921264541951
Time: 23.308846712112427
---- Epoch 9 -----
Full acc: 0.9468806770542202
F1: 0.8404212310120803
Time: 23.70755624771118
---- Epoch 10 -----
Full acc: 0.9466701893515931
F1: 0.8398626649638812
Time: 24.11040735244751
========= layer1 =========
---- Epoch 1 -----
Full acc: 0.947259292901062
F1: 0.8424718945968724
Time: 25.47304058074951
---- Epoch 2 -----
Full acc: 0.9472885515651202
F1: 0.8426307799433799
Time: 23.64846920967102
---- Epoch 3 -----
Full acc: 0.9475750244550027
F1: 0.842889120665576
Time: 24.383010625839233
---- Epoch 4 -----
Full acc: 0.9473933587199553
F1: 0.8425409646278599
Time: 22.96548843383789
---- Epoch 5 -----
Full acc: 0.9476523197316937
F1: 0.8428421952811151
Time: 23.90680456161499
---- Epoch 6 -----
Full acc: 0.9473627899664617
F1: 0.8426250303209729
Time: 30.732293367385864
---- Epoch 7 -----
Full acc: 0.9477662975125769
F1: 0.8432725339235251
Time: 23.47840118408203
---- Epoch 8 -----
Full acc: 0.9476038464225824
F1: 0.8430389909166826
Time: 23.60787296295166
---- Epoch 9 -----
Full acc: 0.9476178207098938
F1: 0.8431388775385793
Time: 22.94753909111023
---- Epoch 10 -----
Full acc: 0.9476156372275014
F1: 0.8431453741537542
Time: 23.12491273880005
========= layer2 =========
---- Epoch 1 -----
Full acc: 0.9516424154555617
F1: 0.8558998123706753
Time: 25.69368577003479
---- Epoch 2 -----
Full acc: 0.9516288778647289
F1: 0.8560392713763711
Time: 23.972919464111328
---- Epoch 3 -----
Full acc: 0.9518275747624371
F1: 0.8565351556240985
Time: 22.914477586746216
---- Epoch 4 -----
Full acc: 0.9517598868082727
F1: 0.8564110988327837
Time: 24.2890727519989
---- Epoch 5 -----
Full acc: 0.9518157839575182
F1: 0.8565393460378476
Time: 23.10720133781433
---- Epoch 6 -----
Full acc: 0.9514817111514813
F1: 0.8558102643233765
Time: 23.2219078540802
---- Epoch 7 -----
Full acc: 0.9515017991894913
F1: 0.8559422699231451
Time: 23.204760313034058
---- Epoch 8 -----
Full acc: 0.950599147568474
F1: 0.8540336578590934
Time: 23.638526678085327
---- Epoch 9 -----
Full acc: 0.9518524664617104
F1: 0.8566139545552591
Time: 23.78337788581848
---- Epoch 10 -----
Full acc: 0.95191578745109
F1: 0.8567692089701895
Time: 23.771263360977173
========= x =========
---- Epoch 1 -----
Full acc: 0.8289088701788708
F1: 0.42073425578756074
Time: 25.681334972381592
---- Epoch 2 -----
Full acc: 0.8272411263275573
F1: 0.4113572980370761
Time: 23.412144899368286
---- Epoch 3 -----
Full acc: 0.8268118536892118
F1: 0.40779925938586653
Time: 23.3621346950531
---- Epoch 4 -----
Full acc: 0.826862073784237
F1: 0.4153317269532999
Time: 24.07292938232422
---- Epoch 5 -----
Full acc: 0.8270904660424818
F1: 0.4182066345472438
Time: 22.98840045928955
---- Epoch 6 -----
Full acc: 0.826647219116825
F1: 0.41217353080084485
Time: 22.568989276885986
---- Epoch 7 -----
Full acc: 0.8268904590553382
F1: 0.4194720556107366
Time: 23.058151483535767
---- Epoch 8 -----
Full acc: 0.8265284376746785
F1: 0.41233356551694006
Time: 22.82069206237793
---- Epoch 9 -----
Full acc: 0.8268349986025713
F1: 0.41426937503307404
Time: 22.43195152282715
---- Epoch 10 -----
Full acc: 0.8268843453046395
F1: 0.4099958518824433
Time: 23.435052633285522
