Loading rhel8/default-amp
  Loading requirement: dot rhel8/slurm singularity/current rhel8/global
    cuda/11.4 libpciaccess/0.16/gcc-9.4.0-6fonbj6
    libiconv/1.16/gcc-9.4.0-ahebbov libxml2/2.9.12/gcc-9.4.0-gnknt5e
    ncurses/6.2/gcc-9.4.0-aiirok7 hwloc/2.5.0/gcc-9.4.0-7sqomga
    libevent/2.1.12/gcc-9.4.0-hgny7cm numactl/2.0.14/gcc-9.4.0-52dwc6n
    cuda/11.4.0/gcc-9.4.0-3hnxhjt gdrcopy/2.2/gcc-9.4.0-e4igtfp
    knem/1.1.4/gcc-9.4.0-bpbxgva libnl/3.3.0/gcc-9.4.0-whwhrwb
    rdma-core/34.0/gcc-9.4.0-5eo5n2u ucx/1.11.1/gcc-9.4.0-lktqyl4
    openmpi/4.1.1/gcc-9.4.0-epagguv
Changed directory to /rds/user/tdb47/hpc-work/planning/thinker_private_planning/probing.

JobID: 58705856
======
Time: Sun Aug 11 20:09:47 BST 2024
Running on master node: gpu-q-12
Current directory: /rds/user/tdb47/hpc-work/planning/thinker_private_planning/probing

Nodes allocated:
================
gpu-q-12

numtasks=1, numnodes=1, mpi_tasks_per_node=1 (OMP_NUM_THREADS=1)

Executing command:
==================
python train_conv_probe.py --feature tracked_box_next_push_onto_with --num_epochs 10 --weight_decay 0.001 --kernel 1 --model_name 10m 


test
=================================== FEATURE: tracked_box_next_push_onto_with =========================================
!!!!
=============== Seed: 0 ================
========= layer0 =========
---- Epoch 1 -----
Full acc: 0.967498268321834
F1: 0.3600512187934766
Time: 98.42175126075745
---- Epoch 2 -----
Full acc: 0.9672184834573804
F1: 0.3611042473144813
Time: 61.40698838233948
---- Epoch 3 -----
Full acc: 0.9668249511055577
F1: 0.3630271015548902
Time: 59.60637593269348
---- Epoch 4 -----
Full acc: 0.9671152618569022
F1: 0.3596583831727338
Time: 60.43559455871582
---- Epoch 5 -----
Full acc: 0.967146160428098
F1: 0.3596212065605452
Time: 63.54651498794556
---- Epoch 6 -----
Full acc: 0.9670463342750041
F1: 0.35995828557310894
Time: 61.29661774635315
---- Epoch 7 -----
Full acc: 0.9668426074319553
F1: 0.3619009019767136
Time: 61.07437014579773
---- Epoch 8 -----
Full acc: 0.9676916390503613
F1: 0.3601168708888808
Time: 60.24057650566101
---- Epoch 9 -----
Full acc: 0.9668639987504754
F1: 0.36293656469322677
Time: 61.758219480514526
---- Epoch 10 -----
Full acc: 0.9670150961590699
F1: 0.36170116107750766
Time: 60.41837501525879
========= layer1 =========
---- Epoch 1 -----
Full acc: 0.9706176658336503
F1: 0.42726710155264813
Time: 65.376699924469
---- Epoch 2 -----
Full acc: 0.9706438107785081
F1: 0.42812272811745145
Time: 62.68476057052612
---- Epoch 3 -----
Full acc: 0.9706090074428206
F1: 0.4259123149459625
Time: 61.574657678604126
---- Epoch 4 -----
Full acc: 0.9708118854240235
F1: 0.4245457453125435
Time: 62.769659757614136
---- Epoch 5 -----
Full acc: 0.9706592600641061
F1: 0.42795008511039345
Time: 60.62259340286255
---- Epoch 6 -----
Full acc: 0.970792701146303
F1: 0.42535508967218716
Time: 58.77344751358032
---- Epoch 7 -----
Full acc: 0.9706049329059597
F1: 0.42857107398948135
Time: 61.23860692977905
---- Epoch 8 -----
Full acc: 0.9704572309447492
F1: 0.4286999118826313
Time: 62.11091375350952
---- Epoch 9 -----
Full acc: 0.9707862497962731
F1: 0.42722507345476773
Time: 58.84715795516968
---- Epoch 10 -----
Full acc: 0.9705984815559298
F1: 0.4268686779206952
Time: 61.68878984451294
========= layer2 =========
---- Epoch 1 -----
Full acc: 0.9717671945455533
F1: 0.4388710930554833
Time: 63.553324937820435
---- Epoch 2 -----
Full acc: 0.971653107513446
F1: 0.43738211575086555
Time: 61.61851954460144
---- Epoch 3 -----
Full acc: 0.9717626106915848
F1: 0.4333396241913632
Time: 60.86254835128784
---- Epoch 4 -----
Full acc: 0.9716848549464877
F1: 0.43638338930370424
Time: 60.75933384895325
---- Epoch 5 -----
Full acc: 0.9716225484869886
F1: 0.4327917978483877
Time: 64.05770754814148
---- Epoch 6 -----
Full acc: 0.9716626147661216
F1: 0.43534973365176954
Time: 61.51174998283386
---- Epoch 7 -----
Full acc: 0.9717222048677133
F1: 0.4339524634148214
Time: 59.235785245895386
---- Epoch 8 -----
Full acc: 0.9716643124898137
F1: 0.43586839690223467
Time: 62.32654786109924
---- Epoch 9 -----
Full acc: 0.9717831531482588
F1: 0.43448458452508565
Time: 61.8206787109375
---- Epoch 10 -----
Full acc: 0.9717052276307926
F1: 0.43564321644651605
Time: 61.64641356468201
========= x =========
---- Epoch 1 -----
Full acc: 0.9739937591677079
F1: 0.1973651141791596
Time: 66.56458950042725
---- Epoch 2 -----
Full acc: 0.9739937591677079
F1: 0.1973651141791596
Time: 60.95219421386719
---- Epoch 3 -----
Full acc: 0.9739937591677079
F1: 0.1973651141791596
Time: 59.73623442649841
---- Epoch 4 -----
Full acc: 0.9739937591677079
F1: 0.1973651141791596
Time: 61.47681260108948
---- Epoch 5 -----
Full acc: 0.9739937591677079
F1: 0.1973651141791596
Time: 60.524110078811646
---- Epoch 6 -----
Full acc: 0.9739937591677079
F1: 0.1973651141791596
Time: 60.255441665649414
---- Epoch 7 -----
Full acc: 0.9739937591677079
F1: 0.1973651141791596
Time: 60.02240061759949
---- Epoch 8 -----
Full acc: 0.9739937591677079
F1: 0.1973651141791596
Time: 59.607760429382324
---- Epoch 9 -----
Full acc: 0.9739937591677079
F1: 0.1973651141791596
Time: 60.0152862071991
---- Epoch 10 -----
Full acc: 0.9739937591677079
F1: 0.1973651141791596
Time: 61.49465894699097
=============== Seed: 1 ================
========= layer0 =========
---- Epoch 1 -----
Full acc: 0.9669044045743467
F1: 0.3624817843958784
Time: 66.18204379081726
---- Epoch 2 -----
Full acc: 0.9672391956864237
F1: 0.35998648265175276
Time: 59.487581729888916
---- Epoch 3 -----
Full acc: 0.9674514111479329
F1: 0.35974943733302844
Time: 60.75888919830322
---- Epoch 4 -----
Full acc: 0.9671188270766556
F1: 0.3582357801935611
Time: 62.10582685470581
---- Epoch 5 -----
Full acc: 0.9669346240560657
F1: 0.35993302955373874
Time: 61.34344553947449
---- Epoch 6 -----
Full acc: 0.9669451499429564
F1: 0.36227235374412725
Time: 63.006714820861816
---- Epoch 7 -----
Full acc: 0.9672307070679633
F1: 0.36033507933919984
Time: 63.33693218231201
---- Epoch 8 -----
Full acc: 0.967205920302059
F1: 0.3578068824158405
Time: 61.36033749580383
---- Epoch 9 -----
Full acc: 0.9672332536535014
F1: 0.3602115323121683
Time: 62.34689712524414
---- Epoch 10 -----
Full acc: 0.967024094094638
F1: 0.36002468079345035
Time: 63.045928955078125
========= layer1 =========
---- Epoch 1 -----
Full acc: 0.9705713179768566
F1: 0.4268550069259066
Time: 67.86026573181152
---- Epoch 2 -----
Full acc: 0.9706920261313631
F1: 0.426020709482642
Time: 63.03461956977844
---- Epoch 3 -----
Full acc: 0.9708595914597707
F1: 0.423279116220819
Time: 62.36581468582153
---- Epoch 4 -----
Full acc: 0.9708872643559515
F1: 0.4238630252704997
Time: 62.604722023010254
---- Epoch 5 -----
Full acc: 0.9706528087140762
F1: 0.4274487893992953
Time: 63.421746492385864
---- Epoch 6 -----
Full acc: 0.9707760634541207
F1: 0.42540452158631614
Time: 60.746601581573486
---- Epoch 7 -----
Full acc: 0.9706051026783289
F1: 0.4290514457020679
Time: 62.132097005844116
---- Epoch 8 -----
Full acc: 0.9708482167110338
F1: 0.424567497062299
Time: 62.03244590759277
---- Epoch 9 -----
Full acc: 0.9707645189330146
F1: 0.42554116763281186
Time: 61.426334381103516
---- Epoch 10 -----
Full acc: 0.9708341256043896
F1: 0.42645743550669285
Time: 62.54694437980652
========= layer2 =========
---- Epoch 1 -----
Full acc: 0.9716928342478405
F1: 0.43535904657321467
Time: 66.56776881217957
---- Epoch 2 -----
Full acc: 0.971676026783289
F1: 0.43609192627258186
Time: 61.39586138725281
---- Epoch 3 -----
Full acc: 0.9717578570652469
F1: 0.43814322131052813
Time: 61.20467710494995
---- Epoch 4 -----
Full acc: 0.9717140557939914
F1: 0.4361041468778891
Time: 61.50852918624878
---- Epoch 5 -----
Full acc: 0.9716257741620036
F1: 0.4362416569337803
Time: 61.98016953468323
---- Epoch 6 -----
Full acc: 0.9716505609279079
F1: 0.43423162185722886
Time: 62.27479076385498
---- Epoch 7 -----
Full acc: 0.9716232275764655
F1: 0.43738190718505177
Time: 61.45197868347168
---- Epoch 8 -----
Full acc: 0.9716463166186777
F1: 0.43563338332335794
Time: 63.719324350357056
---- Epoch 9 -----
Full acc: 0.9715554884011517
F1: 0.43702034760771336
Time: 61.403655767440796
---- Epoch 10 -----
Full acc: 0.9717230537295594
F1: 0.43483609782507343
Time: 62.41891360282898
========= x =========
---- Epoch 1 -----
Full acc: 0.9739937591677079
F1: 0.1973651141791596
Time: 66.541428565979
---- Epoch 2 -----
Full acc: 0.9739937591677079
F1: 0.1973651141791596
Time: 61.96284890174866
---- Epoch 3 -----
Full acc: 0.9739937591677079
F1: 0.1973651141791596
Time: 62.11454200744629
---- Epoch 4 -----
Full acc: 0.9739937591677079
F1: 0.1973651141791596
Time: 61.57848262786865
---- Epoch 5 -----
Full acc: 0.9739937591677079
F1: 0.1973651141791596
Time: 58.538928747177124
---- Epoch 6 -----
Full acc: 0.9739937591677079
F1: 0.1973651141791596
Time: 59.614386558532715
---- Epoch 7 -----
Full acc: 0.9739937591677079
F1: 0.1973651141791596
Time: 61.41448760032654
---- Epoch 8 -----
Full acc: 0.9739937591677079
F1: 0.1973651141791596
Time: 60.20203256607056
---- Epoch 9 -----
Full acc: 0.9739937591677079
F1: 0.1973651141791596
Time: 58.9697322845459
---- Epoch 10 -----
Full acc: 0.9739937591677079
F1: 0.1973651141791596
Time: 61.67147421836853
=============== Seed: 2 ================
========= layer0 =========
---- Epoch 1 -----
Full acc: 0.9667505908078449
F1: 0.3630727058033459
Time: 67.60234260559082
---- Epoch 2 -----
Full acc: 0.9671137339055794
F1: 0.36207750375953357
Time: 62.979427337646484
---- Epoch 3 -----
Full acc: 0.967043787689466
F1: 0.3618345285904659
Time: 62.71945858001709
---- Epoch 4 -----
Full acc: 0.9669505826587711
F1: 0.3602200686570041
Time: 62.14719009399414
---- Epoch 5 -----
Full acc: 0.967252607703591
F1: 0.363118951865047
Time: 63.23624086380005
---- Epoch 6 -----
Full acc: 0.9667979572988536
F1: 0.3620183282915609
Time: 62.5394823551178
---- Epoch 7 -----
Full acc: 0.9669308890639431
F1: 0.36234107029818724
Time: 61.1363091468811
---- Epoch 8 -----
Full acc: 0.9670203591025154
F1: 0.36126837221436625
Time: 62.16046452522278
---- Epoch 9 -----
Full acc: 0.9667842057369479
F1: 0.3626695914104867
Time: 59.66685605049133
---- Epoch 10 -----
Full acc: 0.9667853941435324
F1: 0.36210716996107245
Time: 61.883357763290405
========= layer1 =========
---- Epoch 1 -----
Full acc: 0.9705292144292932
F1: 0.42761259019321846
Time: 67.3637444972992
---- Epoch 2 -----
Full acc: 0.9707008542945619
F1: 0.4269152804548235
Time: 61.49179530143738
---- Epoch 3 -----
Full acc: 0.9710578855870049
F1: 0.42263345394618446
Time: 61.05395865440369
---- Epoch 4 -----
Full acc: 0.9706113842559896
F1: 0.4285894592797659
Time: 61.415871381759644
---- Epoch 5 -----
Full acc: 0.9707775914054436
F1: 0.4251835656881708
Time: 61.75103998184204
---- Epoch 6 -----
Full acc: 0.9706747093497039
F1: 0.4270533019868573
Time: 61.692466497421265
---- Epoch 7 -----
Full acc: 0.9707171524420057
F1: 0.42482633496021294
Time: 63.44976854324341
---- Epoch 8 -----
Full acc: 0.9707090033682838
F1: 0.4250258180127144
Time: 61.40889644622803
---- Epoch 9 -----
Full acc: 0.9705828624979628
F1: 0.4276780067036537
Time: 59.66701817512512
---- Epoch 10 -----
Full acc: 0.970517500135818
F1: 0.4260921558253011
Time: 59.99756836891174
========= layer2 =========
---- Epoch 1 -----
Full acc: 0.9717172814690064
F1: 0.43601106337782963
Time: 64.14593482017517
---- Epoch 2 -----
Full acc: 0.9716317161949258
F1: 0.43591385186191456
Time: 60.700082540512085
---- Epoch 3 -----
Full acc: 0.9717609129678927
F1: 0.43683491725900936
Time: 62.91503572463989
---- Epoch 4 -----
Full acc: 0.9717563291139241
F1: 0.43660263838077135
Time: 60.51631760597229
---- Epoch 5 -----
Full acc: 0.9716914760688868
F1: 0.4328288611248069
Time: 61.98463177680969
---- Epoch 6 -----
Full acc: 0.9716919853859944
F1: 0.43324651794577074
Time: 62.97786736488342
---- Epoch 7 -----
Full acc: 0.9717249212256207
F1: 0.43734599192662893
Time: 62.0773491859436
---- Epoch 8 -----
Full acc: 0.9716996251426088
F1: 0.4370291324199539
Time: 61.90903115272522
---- Epoch 9 -----
Full acc: 0.9717261096322052
F1: 0.4345286529449533
Time: 61.761545181274414
---- Epoch 10 -----
Full acc: 0.9715972524039768
F1: 0.43626836770337085
Time: 61.94645714759827
========= x =========
---- Epoch 1 -----
Full acc: 0.9739937591677079
F1: 0.1973651141791596
Time: 66.22872257232666
---- Epoch 2 -----
Full acc: 0.9739937591677079
F1: 0.1973651141791596
Time: 60.65149521827698
---- Epoch 3 -----
Full acc: 0.9739937591677079
F1: 0.1973651141791596
Time: 59.65098786354065
---- Epoch 4 -----
Full acc: 0.9739937591677079
F1: 0.1973651141791596
Time: 61.13787245750427
---- Epoch 5 -----
Full acc: 0.9739937591677079
F1: 0.1973651141791596
Time: 60.262927293777466
---- Epoch 6 -----
Full acc: 0.9739937591677079
F1: 0.1973651141791596
Time: 57.94380044937134
---- Epoch 7 -----
Full acc: 0.9739937591677079
F1: 0.1973651141791596
Time: 61.01517629623413
---- Epoch 8 -----
Full acc: 0.9739937591677079
F1: 0.1973651141791596
Time: 58.55126333236694
---- Epoch 9 -----
Full acc: 0.9739937591677079
F1: 0.1973651141791596
Time: 61.468360900878906
---- Epoch 10 -----
Full acc: 0.9739937591677079
F1: 0.1973651141791596
Time: 61.86571288108826
=============== Seed: 3 ================
========= layer0 =========
---- Epoch 1 -----
Full acc: 0.9672770549247569
F1: 0.3578510192058465
Time: 66.51630449295044
---- Epoch 2 -----
Full acc: 0.9666471994349976
F1: 0.36322740688283495
Time: 62.00830435752869
---- Epoch 3 -----
Full acc: 0.9662825283859401
F1: 0.36401431000390827
Time: 57.64647650718689
---- Epoch 4 -----
Full acc: 0.9665107024501548
F1: 0.3619399227878081
Time: 62.60202383995056
---- Epoch 5 -----
Full acc: 0.9667780939316565
F1: 0.36067667846180096
Time: 62.28695631027222
---- Epoch 6 -----
Full acc: 0.966889973922964
F1: 0.3609568108888665
Time: 61.88694620132446
---- Epoch 7 -----
Full acc: 0.966868582604444
F1: 0.35809803386222827
Time: 61.57347917556763
---- Epoch 8 -----
Full acc: 0.9669999864182105
F1: 0.36055025600687896
Time: 62.079057693481445
---- Epoch 9 -----
Full acc: 0.9666436342152442
F1: 0.36102926008147695
Time: 62.540239334106445
---- Epoch 10 -----
Full acc: 0.9669420940403107
F1: 0.36251250033635746
Time: 59.98282814025879
========= layer1 =========
---- Epoch 1 -----
Full acc: 0.9704266719182919
F1: 0.4281366338063449
Time: 64.61244177818298
---- Epoch 2 -----
Full acc: 0.9706529784864454
F1: 0.42642830672188287
Time: 60.54064965248108
---- Epoch 3 -----
Full acc: 0.9708079806595317
F1: 0.42490515440830834
Time: 61.79063534736633
---- Epoch 4 -----
Full acc: 0.9706509412180149
F1: 0.42720328912204736
Time: 61.88049340248108
---- Epoch 5 -----
Full acc: 0.9706971193024393
F1: 0.424035332070554
Time: 61.3468062877655
---- Epoch 6 -----
Full acc: 0.9704304069104145
F1: 0.4263457377395688
Time: 61.41692399978638
---- Epoch 7 -----
Full acc: 0.9705682620742109
F1: 0.42670684274989235
Time: 61.988479137420654
---- Epoch 8 -----
Full acc: 0.9708670614440159
F1: 0.42437898795459483
Time: 62.77800273895264
---- Epoch 9 -----
Full acc: 0.9706329453468789
F1: 0.42680493490910454
Time: 63.30102896690369
---- Epoch 10 -----
Full acc: 0.9704551936763188
F1: 0.42960067387852396
Time: 63.17135715484619
========= layer2 =========
---- Epoch 1 -----
Full acc: 0.9717176210137448
F1: 0.43696606529558235
Time: 67.33996343612671
---- Epoch 2 -----
Full acc: 0.9717559895691856
F1: 0.43429620697785226
Time: 62.231353759765625
---- Epoch 3 -----
Full acc: 0.971750556853371
F1: 0.437113479921208
Time: 63.04757118225098
---- Epoch 4 -----
Full acc: 0.9716896085728256
F1: 0.4358572807084963
Time: 62.484143018722534
---- Epoch 5 -----
Full acc: 0.9716475050252621
F1: 0.43615319974033673
Time: 63.18187999725342
---- Epoch 6 -----
Full acc: 0.9718126935405009
F1: 0.43649731859967494
Time: 62.36230731010437
---- Epoch 7 -----
Full acc: 0.9717724574889988
F1: 0.4364104463004386
Time: 62.428006649017334
---- Epoch 8 -----
Full acc: 0.971731712120389
F1: 0.43619635340242474
Time: 61.52302575111389
---- Epoch 9 -----
Full acc: 0.9717242421361438
F1: 0.43505181729544473
Time: 61.92231750488281
---- Epoch 10 -----
Full acc: 0.9717744947574293
F1: 0.43675352859714456
Time: 61.832483768463135
========= x =========
---- Epoch 1 -----
Full acc: 0.9739937591677079
F1: 0.1973651141791596
Time: 66.45298790931702
---- Epoch 2 -----
Full acc: 0.9739937591677079
F1: 0.1973651141791596
Time: 62.26068115234375
---- Epoch 3 -----
Full acc: 0.9739937591677079
F1: 0.1973651141791596
Time: 62.34531784057617
---- Epoch 4 -----
Full acc: 0.9739937591677079
F1: 0.1973651141791596
Time: 61.89906859397888
---- Epoch 5 -----
Full acc: 0.9739937591677079
F1: 0.1973651141791596
Time: 61.32474231719971
---- Epoch 6 -----
Full acc: 0.9739937591677079
F1: 0.1973651141791596
Time: 61.84000325202942
---- Epoch 7 -----
Full acc: 0.9739937591677079
F1: 0.1973651141791596
Time: 61.90661811828613
---- Epoch 8 -----
Full acc: 0.9739937591677079
F1: 0.1973651141791596
Time: 62.07158637046814
---- Epoch 9 -----
Full acc: 0.9739937591677079
F1: 0.1973651141791596
Time: 61.90026593208313
---- Epoch 10 -----
Full acc: 0.9739937591677079
F1: 0.1973651141791596
Time: 61.19877052307129
=============== Seed: 4 ================
========= layer0 =========
---- Epoch 1 -----
Full acc: 0.9671254481990547
F1: 0.3592665067766048
Time: 66.33809447288513
---- Epoch 2 -----
Full acc: 0.967071630358016
F1: 0.36073599668406225
Time: 60.967350482940674
---- Epoch 3 -----
Full acc: 0.9671234109306243
F1: 0.361142261409891
Time: 61.87411427497864
---- Epoch 4 -----
Full acc: 0.9668836923453035
F1: 0.3613313425773419
Time: 60.05903100967407
---- Epoch 5 -----
Full acc: 0.9670587276579562
F1: 0.3619585876534441
Time: 62.43059778213501
---- Epoch 6 -----
Full acc: 0.9673101605367523
F1: 0.36102487972919817
Time: 60.245055198669434
---- Epoch 7 -----
Full acc: 0.9662263337317325
F1: 0.3603240480090562
Time: 60.06560778617859
---- Epoch 8 -----
Full acc: 0.9672414027272234
F1: 0.3588294457547643
Time: 62.99610209465027
---- Epoch 9 -----
Full acc: 0.9674862144836204
F1: 0.36011679658346296
Time: 60.52838492393494
---- Epoch 10 -----
Full acc: 0.9672062598467974
F1: 0.3596572850108728
Time: 62.76630878448486
========= layer1 =========
---- Epoch 1 -----
Full acc: 0.9705543407399359
F1: 0.425896376879201
Time: 67.60651659965515
---- Epoch 2 -----
Full acc: 0.9705825229532243
F1: 0.42838474977514973
Time: 61.87082266807556
---- Epoch 3 -----
Full acc: 0.9705759018308252
F1: 0.42701637879141663
Time: 60.96498227119446
---- Epoch 4 -----
Full acc: 0.9706466969087847
F1: 0.4273944239070583
Time: 61.103041648864746
---- Epoch 5 -----
Full acc: 0.9705949163361764
F1: 0.4252289651032314
Time: 62.62070155143738
---- Epoch 6 -----
Full acc: 0.9708271649372522
F1: 0.42326196698135304
Time: 62.875702142715454
---- Epoch 7 -----
Full acc: 0.9706904981800402
F1: 0.4252284798237664
Time: 61.044034481048584
---- Epoch 8 -----
Full acc: 0.9706090074428206
F1: 0.42670015464421196
Time: 62.87871694564819
---- Epoch 9 -----
Full acc: 0.9706514505351225
F1: 0.42737145659376524
Time: 62.72907042503357
---- Epoch 10 -----
Full acc: 0.9707511069158472
F1: 0.4245403975054062
Time: 60.59331178665161
========= layer2 =========
---- Epoch 1 -----
Full acc: 0.9716807804096268
F1: 0.4345411358200991
Time: 63.647512435913086
---- Epoch 2 -----
Full acc: 0.9717987722062259
F1: 0.43481445526111695
Time: 63.25907015800476
---- Epoch 3 -----
Full acc: 0.9716790826859347
F1: 0.43552976266205395
Time: 63.01690435409546
---- Epoch 4 -----
Full acc: 0.9716829874504265
F1: 0.4386645649982987
Time: 62.34491324424744
---- Epoch 5 -----
Full acc: 0.971760403650785
F1: 0.43468426918833175
Time: 63.01348400115967
---- Epoch 6 -----
Full acc: 0.9716953808333786
F1: 0.43662378347996167
Time: 61.53432893753052
---- Epoch 7 -----
Full acc: 0.9716700847503668
F1: 0.43569690835539604
Time: 61.76560950279236
---- Epoch 8 -----
Full acc: 0.9716312068778182
F1: 0.435587204516525
Time: 61.766294956207275
---- Epoch 9 -----
Full acc: 0.9718079399141631
F1: 0.4359950833407744
Time: 59.96425461769104
---- Epoch 10 -----
Full acc: 0.9716748383767045
F1: 0.4369103249692734
Time: 60.67086482048035
========= x =========
---- Epoch 1 -----
Full acc: 0.9739937591677079
F1: 0.1973651141791596
Time: 66.14335608482361
---- Epoch 2 -----
Full acc: 0.9739937591677079
F1: 0.1973651141791596
Time: 61.03217935562134
---- Epoch 3 -----
Full acc: 0.9739937591677079
F1: 0.1973651141791596
Time: 61.699873208999634
---- Epoch 4 -----
Full acc: 0.9739937591677079
F1: 0.1973651141791596
Time: 62.263792276382446
---- Epoch 5 -----
Full acc: 0.9739937591677079
F1: 0.1973651141791596
Time: 61.68114900588989
---- Epoch 6 -----
Full acc: 0.9739937591677079
F1: 0.1973651141791596
Time: 60.95950770378113
---- Epoch 7 -----
Full acc: 0.9739937591677079
F1: 0.1973651141791596
Time: 62.430450677871704
---- Epoch 8 -----
Full acc: 0.9739937591677079
F1: 0.1973651141791596
Time: 61.918536901474
---- Epoch 9 -----
Full acc: 0.9739937591677079
F1: 0.1973651141791596
Time: 62.329771518707275
---- Epoch 10 -----
Full acc: 0.9739937591677079
F1: 0.1973651141791596
Time: 61.26868963241577
