Changed directory to /rds/user/tdb47/hpc-work/planning/thinker_private_planning/probing.

JobID: 58451181
======
Time: Thu Aug  8 11:09:36 BST 2024
Running on master node: gpu-q-64
Current directory: /rds/user/tdb47/hpc-work/planning/thinker_private_planning/probing

Nodes allocated:
================
gpu-q-64

numtasks=1, numnodes=1, mpi_tasks_per_node=1 (OMP_NUM_THREADS=1)

Executing command:
==================
python3 train_conv_probe.py --feature agent_onto_after --num_epochs 10 --weight_decay 0.001 --kernel 3 --model_name 250m 


test
=================================== FEATURE: agent_onto_after =========================================
=============== Seed: 0 ================
========= layer0 =========
---- Epoch 1 -----
Full acc: 0.9630299514319909
F1: 0.8932547514032887
Time: 30.55884289741516
---- Epoch 2 -----
Full acc: 0.9634391786579086
F1: 0.8940619265937432
Time: 24.06716775894165
---- Epoch 3 -----
Full acc: 0.9632360871440897
F1: 0.8938775640329375
Time: 23.108508348464966
---- Epoch 4 -----
Full acc: 0.9631756380639594
F1: 0.8937684954533548
Time: 23.11562752723694
---- Epoch 5 -----
Full acc: 0.9633456782821677
F1: 0.8940807437413637
Time: 24.145358085632324
---- Epoch 6 -----
Full acc: 0.9630743097497843
F1: 0.8933728677964939
Time: 24.145628929138184
---- Epoch 7 -----
Full acc: 0.9630195141807454
F1: 0.8935361330072098
Time: 23.65262794494629
---- Epoch 8 -----
Full acc: 0.9631538937905313
F1: 0.8937807408649435
Time: 23.42355179786682
---- Epoch 9 -----
Full acc: 0.9633200200395224
F1: 0.8940797729833261
Time: 23.28205370903015
---- Epoch 10 -----
Full acc: 0.9633487224804476
F1: 0.8941497587295324
Time: 23.140814065933228
========= layer1 =========
---- Epoch 1 -----
Full acc: 0.9642663308191155
F1: 0.8954596476323321
Time: 25.15319323539734
---- Epoch 2 -----
Full acc: 0.9644572455398146
F1: 0.8961916290758353
Time: 23.86747980117798
---- Epoch 3 -----
Full acc: 0.9643902731776559
F1: 0.8961116357741045
Time: 23.645397186279297
---- Epoch 4 -----
Full acc: 0.964528566756659
F1: 0.8964428426950397
Time: 23.446919202804565
---- Epoch 5 -----
Full acc: 0.9646551184280108
F1: 0.8967378927266907
Time: 22.9989230632782
---- Epoch 6 -----
Full acc: 0.9641697862450945
F1: 0.8957136725096895
Time: 23.643806219100952
---- Epoch 7 -----
Full acc: 0.9644546362270032
F1: 0.8961308121253578
Time: 24.18626308441162
---- Epoch 8 -----
Full acc: 0.9645246527874419
F1: 0.8964610372019116
Time: 24.168784618377686
---- Epoch 9 -----
Full acc: 0.9645233481310362
F1: 0.896369010668028
Time: 23.249616146087646
---- Epoch 10 -----
Full acc: 0.9644533315705975
F1: 0.8961293578944209
Time: 22.909446001052856
========= layer2 =========
---- Epoch 1 -----
Full acc: 0.9664755489994156
F1: 0.9031767265265612
Time: 24.392749547958374
---- Epoch 2 -----
Full acc: 0.9665264305992374
F1: 0.9033053876428289
Time: 23.389464616775513
---- Epoch 3 -----
Full acc: 0.9667403942497704
F1: 0.9039038795410719
Time: 22.67655873298645
---- Epoch 4 -----
Full acc: 0.9666142774638871
F1: 0.9037353958657853
Time: 22.536327600479126
---- Epoch 5 -----
Full acc: 0.9666286286843497
F1: 0.9036643115640614
Time: 22.29193615913391
---- Epoch 6 -----
Full acc: 0.9666077541818586
F1: 0.9036903100529212
Time: 22.916339635849
---- Epoch 7 -----
Full acc: 0.9669086949261042
F1: 0.9041351595766495
Time: 23.60095739364624
---- Epoch 8 -----
Full acc: 0.9668051921845863
F1: 0.9039792232830546
Time: 23.860671997070312
---- Epoch 9 -----
Full acc: 0.9665003374711236
F1: 0.9034583153898751
Time: 23.105247259140015
---- Epoch 10 -----
Full acc: 0.9668495505023796
F1: 0.9040553489605723
Time: 23.239445447921753
========= x =========
---- Epoch 1 -----
Full acc: 0.8285020457012441
F1: 0.46333713521515796
Time: 25.338747262954712
---- Epoch 2 -----
Full acc: 0.8274261390520192
F1: 0.4565136936057673
Time: 23.624911069869995
---- Epoch 3 -----
Full acc: 0.8278049242951376
F1: 0.46169302558555164
Time: 23.62118625640869
---- Epoch 4 -----
Full acc: 0.8283963685323833
F1: 0.4653056730307331
Time: 22.81197190284729
---- Epoch 5 -----
Full acc: 0.8285542319574717
F1: 0.4663943656885528
Time: 23.181283473968506
---- Epoch 6 -----
Full acc: 0.8282306771688608
F1: 0.46353332948249093
Time: 23.281952619552612
---- Epoch 7 -----
Full acc: 0.8274883276740238
F1: 0.4595826645352702
Time: 22.744715690612793
---- Epoch 8 -----
Full acc: 0.8283076518967964
F1: 0.4635250788065515
Time: 22.82144045829773
---- Epoch 9 -----
Full acc: 0.8285059596704611
F1: 0.4657593455774943
Time: 23.710574626922607
---- Epoch 10 -----
Full acc: 0.8278897269615074
F1: 0.46154129368392843
Time: 23.276219606399536
=============== Seed: 1 ================
========= layer0 =========
---- Epoch 1 -----
Full acc: 0.9630760492916586
F1: 0.8933404846186391
Time: 24.815577030181885
---- Epoch 2 -----
Full acc: 0.9629255789195358
F1: 0.8932671478745782
Time: 23.518227577209473
---- Epoch 3 -----
Full acc: 0.9634904951431991
F1: 0.8943487016859235
Time: 22.86262536048889
---- Epoch 4 -----
Full acc: 0.9633504620223218
F1: 0.8939636393937237
Time: 22.858641147613525
---- Epoch 5 -----
Full acc: 0.9634261320938518
F1: 0.8941517317573847
Time: 23.981194257736206
---- Epoch 6 -----
Full acc: 0.9634596182749311
F1: 0.8944385787471875
Time: 23.63286852836609
---- Epoch 7 -----
Full acc: 0.963331327061705
F1: 0.8941448377960441
Time: 23.603227138519287
---- Epoch 8 -----
Full acc: 0.9630851818864984
F1: 0.8936146319207928
Time: 23.57550358772278
---- Epoch 9 -----
Full acc: 0.9633665527846587
F1: 0.8940415204748161
Time: 23.542643785476685
---- Epoch 10 -----
Full acc: 0.9632817501182889
F1: 0.8940489816780263
Time: 22.532614946365356
========= layer1 =========
---- Epoch 1 -----
Full acc: 0.964221102730385
F1: 0.8953700008934907
Time: 25.210538387298584
---- Epoch 2 -----
Full acc: 0.9643228659300287
F1: 0.8958769238906233
Time: 23.500802278518677
---- Epoch 3 -----
Full acc: 0.9644863828662084
F1: 0.89627565042344
Time: 22.269668102264404
---- Epoch 4 -----
Full acc: 0.9646229369033371
F1: 0.8965561383972019
Time: 24.178937196731567
---- Epoch 5 -----
Full acc: 0.96440114531437
F1: 0.8963274580855399
Time: 23.493377447128296
---- Epoch 6 -----
Full acc: 0.9645407435497787
F1: 0.8961999644105696
Time: 23.999952793121338
---- Epoch 7 -----
Full acc: 0.9642071863953909
F1: 0.8956940135970667
Time: 23.191596508026123
---- Epoch 8 -----
Full acc: 0.9644533315705975
F1: 0.8963537211014879
Time: 23.588542699813843
---- Epoch 9 -----
Full acc: 0.9645933646914748
F1: 0.8966024612763747
Time: 23.845157384872437
---- Epoch 10 -----
Full acc: 0.9645572691975841
F1: 0.896359860220725
Time: 24.012245655059814
========= layer2 =========
---- Epoch 1 -----
Full acc: 0.9659180258287178
F1: 0.902026960717647
Time: 25.352216720581055
---- Epoch 2 -----
Full acc: 0.966817368977706
F1: 0.904026231321609
Time: 23.33357858657837
---- Epoch 3 -----
Full acc: 0.9666286286843497
F1: 0.90373373947881
Time: 23.925894737243652
---- Epoch 4 -----
Full acc: 0.9666334124245038
F1: 0.9037332217934525
Time: 23.82353639602661
---- Epoch 5 -----
Full acc: 0.966820413175986
F1: 0.9040020938534601
Time: 23.798372983932495
---- Epoch 6 -----
Full acc: 0.9669426159926522
F1: 0.9042325603854054
Time: 23.931519508361816
---- Epoch 7 -----
Full acc: 0.9668852111108018
F1: 0.9040961230762614
Time: 23.664252519607544
---- Epoch 8 -----
Full acc: 0.9667143011216566
F1: 0.9038776736175483
Time: 23.75515341758728
---- Epoch 9 -----
Full acc: 0.9667082127250968
F1: 0.9038248187849893
Time: 23.42073702812195
---- Epoch 10 -----
Full acc: 0.9665964471596761
F1: 0.9035783327635929
Time: 23.37090253829956
========= x =========
---- Epoch 1 -----
Full acc: 0.8278671129171421
F1: 0.4571194119040067
Time: 25.266706943511963
---- Epoch 2 -----
Full acc: 0.8277757869687439
F1: 0.4601494932247281
Time: 23.65401315689087
---- Epoch 3 -----
Full acc: 0.8281650094631078
F1: 0.4631667809153542
Time: 23.301530122756958
---- Epoch 4 -----
Full acc: 0.8282580749533803
F1: 0.4638236037644952
Time: 22.734027862548828
---- Epoch 5 -----
Full acc: 0.8284816060842216
F1: 0.4639031519552804
Time: 23.047195196151733
---- Epoch 6 -----
Full acc: 0.8282541609841632
F1: 0.46465106889820823
Time: 23.70590043067932
---- Epoch 7 -----
Full acc: 0.8279036432965015
F1: 0.4619322691355858
Time: 23.210549354553223
---- Epoch 8 -----
Full acc: 0.8279571342091346
F1: 0.46100913326581
Time: 23.276926517486572
---- Epoch 9 -----
Full acc: 0.8278701571154221
F1: 0.4621733350961508
Time: 22.399216175079346
---- Epoch 10 -----
Full acc: 0.8278766803974505
F1: 0.4602173793622494
Time: 23.430088758468628
=============== Seed: 2 ================
========= layer0 =========
---- Epoch 1 -----
Full acc: 0.9630921400539953
F1: 0.8933418327924887
Time: 25.893762826919556
---- Epoch 2 -----
Full acc: 0.9631986869937933
F1: 0.893745386044648
Time: 22.791260480880737
---- Epoch 3 -----
Full acc: 0.9630634376130702
F1: 0.8936883530928471
Time: 24.004115104675293
---- Epoch 4 -----
Full acc: 0.9631030121907095
F1: 0.8937121910026965
Time: 24.546899557113647
---- Epoch 5 -----
Full acc: 0.9631665054691196
F1: 0.8935926964653398
Time: 23.970800161361694
---- Epoch 6 -----
Full acc: 0.96322086615269
F1: 0.8938394865819591
Time: 24.11154842376709
---- Epoch 7 -----
Full acc: 0.9631743334075538
F1: 0.8935396887215676
Time: 24.68757653236389
---- Epoch 8 -----
Full acc: 0.9633065385899969
F1: 0.8939668909494003
Time: 24.335879802703857
---- Epoch 9 -----
Full acc: 0.9633435038548248
F1: 0.8941016245162331
Time: 24.270792484283447
---- Epoch 10 -----
Full acc: 0.9633569853043502
F1: 0.8943853043857783
Time: 24.46160912513733
========= layer1 =========
---- Epoch 1 -----
Full acc: 0.9641415186896379
F1: 0.8952155289123853
Time: 25.470043897628784
---- Epoch 2 -----
Full acc: 0.9642028375407052
F1: 0.8955246977450478
Time: 23.372062921524048
---- Epoch 3 -----
Full acc: 0.9646364183528626
F1: 0.8966281344235176
Time: 24.136387825012207
---- Epoch 4 -----
Full acc: 0.9645903204931949
F1: 0.8964452381632256
Time: 24.146684885025024
---- Epoch 5 -----
Full acc: 0.9646185880486515
F1: 0.8965258650235665
Time: 23.6684992313385
---- Epoch 6 -----
Full acc: 0.964349393943611
F1: 0.8959951806984524
Time: 23.847087144851685
---- Epoch 7 -----
Full acc: 0.9644111476801469
F1: 0.8961595538987497
Time: 23.834847450256348
---- Epoch 8 -----
Full acc: 0.9642845960087951
F1: 0.8959809006577372
Time: 24.27270483970642
---- Epoch 9 -----
Full acc: 0.9644185407331125
F1: 0.8962663425616941
Time: 24.180675745010376
---- Epoch 10 -----
Full acc: 0.9642037073116424
F1: 0.8957138901117186
Time: 23.748162031173706
========= layer2 =========
---- Epoch 1 -----
Full acc: 0.966272022600128
F1: 0.9028175982343007
Time: 25.20382785797119
---- Epoch 2 -----
Full acc: 0.9669139135517271
F1: 0.9041021272467201
Time: 23.01011896133423
---- Epoch 3 -----
Full acc: 0.9668673808065907
F1: 0.9040738908836449
Time: 23.909799575805664
---- Epoch 4 -----
Full acc: 0.9665660051768766
F1: 0.9036524884845282
Time: 23.021084547042847
---- Epoch 5 -----
Full acc: 0.9666251496006012
F1: 0.9036417100469588
Time: 23.87661838531494
---- Epoch 6 -----
Full acc: 0.9667512663864845
F1: 0.9039610439411476
Time: 24.12950301170349
---- Epoch 7 -----
Full acc: 0.9667673571488213
F1: 0.9038618936215798
Time: 23.608564376831055
---- Epoch 8 -----
Full acc: 0.9665520888418826
F1: 0.903335163228304
Time: 24.560200929641724
---- Epoch 9 -----
Full acc: 0.9664594582370787
F1: 0.9033797097442606
Time: 24.492679595947266
---- Epoch 10 -----
Full acc: 0.9666151472348242
F1: 0.9036560052238725
Time: 24.49212145805359
========= x =========
---- Epoch 1 -----
Full acc: 0.8278697222299535
F1: 0.4584376103817987
Time: 24.544734716415405
---- Epoch 2 -----
Full acc: 0.827890161846976
F1: 0.46164639737982205
Time: 23.650322914123535
---- Epoch 3 -----
Full acc: 0.8279701807731916
F1: 0.4619311097208009
Time: 23.91544771194458
---- Epoch 4 -----
Full acc: 0.827720991399705
F1: 0.46095757295355105
Time: 23.66406559944153
---- Epoch 5 -----
Full acc: 0.8281632699212336
F1: 0.4638632132706027
Time: 23.074496507644653
---- Epoch 6 -----
Full acc: 0.8281576164101422
F1: 0.4628125812354294
Time: 23.773324251174927
---- Epoch 7 -----
Full acc: 0.827893206045256
F1: 0.46092746887837865
Time: 23.097321271896362
---- Epoch 8 -----
Full acc: 0.8281089092376631
F1: 0.4621026886754963
Time: 23.656980991363525
---- Epoch 9 -----
Full acc: 0.8279458271869521
F1: 0.46169354502327026
Time: 22.011025428771973
---- Epoch 10 -----
Full acc: 0.8281619652648279
F1: 0.4637611193299168
Time: 24.122881650924683
=============== Seed: 3 ================
========= layer0 =========
---- Epoch 1 -----
Full acc: 0.9631952079100448
F1: 0.8935368704825372
Time: 25.87612223625183
---- Epoch 2 -----
Full acc: 0.963376120264967
F1: 0.8941143638777724
Time: 23.56728506088257
---- Epoch 3 -----
Full acc: 0.9633261084360822
F1: 0.893999259696453
Time: 23.45529580116272
---- Epoch 4 -----
Full acc: 0.9632386964569011
F1: 0.893904879027683
Time: 23.706538200378418
---- Epoch 5 -----
Full acc: 0.9634487461382171
F1: 0.8940616494896677
Time: 23.407824277877808
---- Epoch 6 -----
Full acc: 0.9633826435469954
F1: 0.894231773208802
Time: 23.29301428794861
---- Epoch 7 -----
Full acc: 0.9634317856049431
F1: 0.8941543771206124
Time: 22.50877618789673
---- Epoch 8 -----
Full acc: 0.9632217359236271
F1: 0.893964408643669
Time: 22.77132248878479
---- Epoch 9 -----
Full acc: 0.963365248128253
F1: 0.8940478716507652
Time: 23.523290395736694
---- Epoch 10 -----
Full acc: 0.9631147540983607
F1: 0.8935993708326212
Time: 23.498156309127808
========= layer1 =========
---- Epoch 1 -----
Full acc: 0.9640832440368504
F1: 0.8951936879234548
Time: 26.183957815170288
---- Epoch 2 -----
Full acc: 0.9644159314203011
F1: 0.8960448947799161
Time: 23.653534650802612
---- Epoch 3 -----
Full acc: 0.9643520032564223
F1: 0.8959920526941572
Time: 23.79300546646118
---- Epoch 4 -----
Full acc: 0.9645503110300871
F1: 0.89650702222071
Time: 24.374545335769653
---- Epoch 5 -----
Full acc: 0.9643746173007877
F1: 0.8959748315023612
Time: 23.68538522720337
---- Epoch 6 -----
Full acc: 0.9644359361518551
F1: 0.8962116404392436
Time: 23.255342960357666
---- Epoch 7 -----
Full acc: 0.9643850545520332
F1: 0.8962084402479913
Time: 23.18810510635376
---- Epoch 8 -----
Full acc: 0.9645024736285451
F1: 0.8963646745496698
Time: 24.01379156112671
---- Epoch 9 -----
Full acc: 0.9644054941690556
F1: 0.8962704401722259
Time: 23.349753618240356
---- Epoch 10 -----
Full acc: 0.9644833386679285
F1: 0.8964308330066352
Time: 23.441982746124268
========= layer2 =========
---- Epoch 1 -----
Full acc: 0.9664081417517882
F1: 0.9028647672057314
Time: 25.68589758872986
---- Epoch 2 -----
Full acc: 0.9667403942497704
F1: 0.9038205240812976
Time: 23.483741998672485
---- Epoch 3 -----
Full acc: 0.9667382198224276
F1: 0.9037995461117724
Time: 24.499249696731567
---- Epoch 4 -----
Full acc: 0.9666729870021431
F1: 0.9037747485207296
Time: 24.15487813949585
---- Epoch 5 -----
Full acc: 0.9667412640207075
F1: 0.9038596765560059
Time: 23.923171281814575
---- Epoch 6 -----
Full acc: 0.9665403469342314
F1: 0.9035789344945753
Time: 23.710502862930298
---- Epoch 7 -----
Full acc: 0.966692991733697
F1: 0.903826758900707
Time: 23.47633695602417
---- Epoch 8 -----
Full acc: 0.9669082600406357
F1: 0.9042237751487695
Time: 23.10511040687561
---- Epoch 9 -----
Full acc: 0.9666586357816805
F1: 0.903732599158876
Time: 24.748515605926514
---- Epoch 10 -----
Full acc: 0.9669356578251551
F1: 0.9041484004029284
Time: 23.996788501739502
========= x =========
---- Epoch 1 -----
Full acc: 0.8290482618497592
F1: 0.4648411610783114
Time: 24.190462589263916
---- Epoch 2 -----
Full acc: 0.8281071696957889
F1: 0.46282892098778783
Time: 23.08880090713501
---- Epoch 3 -----
Full acc: 0.828039327562693
F1: 0.4609893525243175
Time: 23.448602437973022
---- Epoch 4 -----
Full acc: 0.8278157964318517
F1: 0.460450773888253
Time: 23.016169548034668
---- Epoch 5 -----
Full acc: 0.827300022266136
F1: 0.4578342910658404
Time: 23.14842391014099
---- Epoch 6 -----
Full acc: 0.828597720504328
F1: 0.4655582336844116
Time: 23.454752206802368
---- Epoch 7 -----
Full acc: 0.828073248629241
F1: 0.46252596096967835
Time: 23.027263879776
---- Epoch 8 -----
Full acc: 0.8280932533607949
F1: 0.4628473736161829
Time: 23.814682483673096
---- Epoch 9 -----
Full acc: 0.8281136929778173
F1: 0.4622249779557892
Time: 23.222142696380615
---- Epoch 10 -----
Full acc: 0.8283307008266303
F1: 0.4648744355028026
Time: 22.801796197891235
=============== Seed: 4 ================
========= layer0 =========
---- Epoch 1 -----
Full acc: 0.9629534115895237
F1: 0.8931975600122872
Time: 24.584556341171265
---- Epoch 2 -----
Full acc: 0.9634304809485373
F1: 0.8941804841146561
Time: 23.99396538734436
---- Epoch 3 -----
Full acc: 0.9630956191377439
F1: 0.8938650217173805
Time: 23.975887775421143
---- Epoch 4 -----
Full acc: 0.9631538937905313
F1: 0.8937770786514205
Time: 23.578940391540527
---- Epoch 5 -----
Full acc: 0.9633865575162125
F1: 0.89413035591874
Time: 23.630561351776123
---- Epoch 6 -----
Full acc: 0.9629847233432604
F1: 0.8933776545933452
Time: 23.839234590530396
---- Epoch 7 -----
Full acc: 0.9631043168471152
F1: 0.8936256681369128
Time: 23.560669422149658
---- Epoch 8 -----
Full acc: 0.9632065149322274
F1: 0.8935838649125417
Time: 22.685088634490967
---- Epoch 9 -----
Full acc: 0.9632104289014445
F1: 0.8938065518715191
Time: 23.165387392044067
---- Epoch 10 -----
Full acc: 0.9632726175234491
F1: 0.8937785326968146
Time: 22.87746000289917
========= layer1 =========
---- Epoch 1 -----
Full acc: 0.9641654373904088
F1: 0.8953160607333505
Time: 25.54228711128235
---- Epoch 2 -----
Full acc: 0.9643463497453311
F1: 0.8959640738118759
Time: 24.89553165435791
---- Epoch 3 -----
Full acc: 0.9645103015669794
F1: 0.8964257684543192
Time: 24.154176712036133
---- Epoch 4 -----
Full acc: 0.9644563757688775
F1: 0.8962463126119078
Time: 23.813021183013916
---- Epoch 5 -----
Full acc: 0.9645216085891619
F1: 0.8961911512437226
Time: 24.55784559249878
---- Epoch 6 -----
Full acc: 0.9645216085891619
F1: 0.896568434053304
Time: 24.231307983398438
---- Epoch 7 -----
Full acc: 0.964317647304406
F1: 0.8960034248797697
Time: 23.659945011138916
---- Epoch 8 -----
Full acc: 0.9646603370536335
F1: 0.8967869484641288
Time: 23.5686674118042
---- Epoch 9 -----
Full acc: 0.9644694223329344
F1: 0.8962340388698017
Time: 23.36252737045288
---- Epoch 10 -----
Full acc: 0.9644646385927802
F1: 0.8962261720823287
Time: 23.179744958877563
========= layer2 =========
---- Epoch 1 -----
Full acc: 0.9662315782515517
F1: 0.9024675568956633
Time: 25.2212815284729
---- Epoch 2 -----
Full acc: 0.9666769009713602
F1: 0.903804688795854
Time: 24.01012659072876
---- Epoch 3 -----
Full acc: 0.9666499380723093
F1: 0.9038331069978307
Time: 23.970705032348633
---- Epoch 4 -----
Full acc: 0.9665668749478138
F1: 0.9037233546376884
Time: 23.727619171142578
---- Epoch 5 -----
Full acc: 0.9668625970664366
F1: 0.9041506694540878
Time: 23.292133808135986
---- Epoch 6 -----
Full acc: 0.9666025355562359
F1: 0.9035507523083727
Time: 23.876678466796875
---- Epoch 7 -----
Full acc: 0.9667764897436611
F1: 0.9039930007752478
Time: 24.507835388183594
---- Epoch 8 -----
Full acc: 0.9666903824208857
F1: 0.9037176064174132
Time: 24.276469945907593
---- Epoch 9 -----
Full acc: 0.966734740738679
F1: 0.9038410362193865
Time: 24.38158392906189
---- Epoch 10 -----
Full acc: 0.9669334833978124
F1: 0.9042156862315522
Time: 23.816078186035156
========= x =========
---- Epoch 1 -----
Full acc: 0.8288590866709343
F1: 0.46312579259149284
Time: 25.472666025161743
---- Epoch 2 -----
Full acc: 0.8280027971833338
F1: 0.46298066237856206
Time: 23.02080535888672
---- Epoch 3 -----
Full acc: 0.8281854490801303
F1: 0.46410514035352257
Time: 21.848918914794922
---- Epoch 4 -----
Full acc: 0.8283298310556931
F1: 0.46493619299355193
Time: 23.023584365844727
---- Epoch 5 -----
Full acc: 0.8279814877953742
F1: 0.4618492326897825
Time: 23.09736466407776
---- Epoch 6 -----
Full acc: 0.8274870230176181
F1: 0.4586296803084708
Time: 23.135533809661865
---- Epoch 7 -----
Full acc: 0.8279192991733697
F1: 0.4617528017680518
Time: 22.41241431236267
---- Epoch 8 -----
Full acc: 0.8278358011634056
F1: 0.4609771348956649
Time: 22.185786724090576
---- Epoch 9 -----
Full acc: 0.8280580276378413
F1: 0.4624252425625909
Time: 22.568233251571655
---- Epoch 10 -----
Full acc: 0.828449424559548
F1: 0.46451259844815873
Time: 23.107383251190186
