Loading rhel8/default-amp
  Loading requirement: dot rhel8/slurm singularity/current rhel8/global
    cuda/11.4 libpciaccess/0.16/gcc-9.4.0-6fonbj6
    libiconv/1.16/gcc-9.4.0-ahebbov libxml2/2.9.12/gcc-9.4.0-gnknt5e
    ncurses/6.2/gcc-9.4.0-aiirok7 hwloc/2.5.0/gcc-9.4.0-7sqomga
    libevent/2.1.12/gcc-9.4.0-hgny7cm numactl/2.0.14/gcc-9.4.0-52dwc6n
    cuda/11.4.0/gcc-9.4.0-3hnxhjt gdrcopy/2.2/gcc-9.4.0-e4igtfp
    knem/1.1.4/gcc-9.4.0-bpbxgva libnl/3.3.0/gcc-9.4.0-whwhrwb
    rdma-core/34.0/gcc-9.4.0-5eo5n2u ucx/1.11.1/gcc-9.4.0-lktqyl4
    openmpi/4.1.1/gcc-9.4.0-epagguv
Changed directory to /rds/user/tdb47/hpc-work/planning/thinker_private_planning/probing.

JobID: 58688678
======
Time: Sun Aug 11 10:16:33 BST 2024
Running on master node: gpu-q-29
Current directory: /rds/user/tdb47/hpc-work/planning/thinker_private_planning/probing

Nodes allocated:
================
gpu-q-29

numtasks=1, numnodes=1, mpi_tasks_per_node=1 (OMP_NUM_THREADS=1)

Executing command:
==================
python train_conv_probe.py --feature tracked_box_next_push_onto_with --num_epochs 10 --weight_decay 0.001 --kernel 1 --model_name 250m 


test
=================================== FEATURE: tracked_box_next_push_onto_with =========================================
!!!!
=============== Seed: 0 ================
========= layer0 =========
---- Epoch 1 -----
Full acc: 0.9740327173001677
F1: 0.8625505240987303
Time: 27.45670771598816
---- Epoch 2 -----
Full acc: 0.974935368921185
F1: 0.8669624072119341
Time: 23.549490690231323
---- Epoch 3 -----
Full acc: 0.9750187779485746
F1: 0.8674931600337313
Time: 23.302604913711548
---- Epoch 4 -----
Full acc: 0.9750724916154276
F1: 0.8677677300416846
Time: 23.00791835784912
---- Epoch 5 -----
Full acc: 0.9750502200950252
F1: 0.8675143646263311
Time: 23.071646690368652
---- Epoch 6 -----
Full acc: 0.9751296988541085
F1: 0.8680753241664763
Time: 23.56741690635681
---- Epoch 7 -----
Full acc: 0.974967247764114
F1: 0.8672465509648954
Time: 22.81851315498352
---- Epoch 8 -----
Full acc: 0.9750283852711011
F1: 0.8674748662149033
Time: 22.983297109603882
---- Epoch 9 -----
Full acc: 0.9750628842929011
F1: 0.8677533913162636
Time: 23.749616384506226
---- Epoch 10 -----
Full acc: 0.975041922861934
F1: 0.8676380028245536
Time: 23.259796142578125
========= layer1 =========
---- Epoch 1 -----
Full acc: 0.9860733126048071
F1: 0.9320973510918054
Time: 25.10388946533203
---- Epoch 2 -----
Full acc: 0.9866536822247065
F1: 0.934523137521931
Time: 23.705235958099365
---- Epoch 3 -----
Full acc: 0.9866711500838458
F1: 0.9346253424300596
Time: 23.695180654525757
---- Epoch 4 -----
Full acc: 0.9866794473169368
F1: 0.9346502631980229
Time: 23.373663902282715
---- Epoch 5 -----
Full acc: 0.9866903647288988
F1: 0.9348349242835828
Time: 22.92454195022583
---- Epoch 6 -----
Full acc: 0.9866777005310229
F1: 0.9345469463031243
Time: 23.366125106811523
---- Epoch 7 -----
Full acc: 0.986707832588038
F1: 0.9347868315912015
Time: 22.585036039352417
---- Epoch 8 -----
Full acc: 0.9867244270542203
F1: 0.9348485170576637
Time: 22.690202713012695
---- Epoch 9 -----
Full acc: 0.9867039023197317
F1: 0.9348022001014756
Time: 23.302396297454834
---- Epoch 10 -----
Full acc: 0.9867392747344885
F1: 0.9349101842923038
Time: 23.500301361083984
========= layer2 =========
---- Epoch 1 -----
Full acc: 0.9743187534935718
F1: 0.8650901152620911
Time: 25.52859663963318
---- Epoch 2 -----
Full acc: 0.9761253668250419
F1: 0.8728094696082614
Time: 23.972116947174072
---- Epoch 3 -----
Full acc: 0.9762266804080492
F1: 0.8731907921724084
Time: 24.047823667526245
---- Epoch 4 -----
Full acc: 0.9763402214924539
F1: 0.8738018620371812
Time: 23.861088275909424
---- Epoch 5 -----
Full acc: 0.976186504332029
F1: 0.873018482882344
Time: 23.969942569732666
---- Epoch 6 -----
Full acc: 0.9761703465623254
F1: 0.8731404050717121
Time: 23.931172847747803
---- Epoch 7 -----
Full acc: 0.9762991720234768
F1: 0.8734816211358079
Time: 22.341444492340088
---- Epoch 8 -----
Full acc: 0.9762624895192845
F1: 0.873306508581333
Time: 22.144882678985596
---- Epoch 9 -----
Full acc: 0.9762205666573505
F1: 0.8733548068462695
Time: 23.33197832107544
---- Epoch 10 -----
Full acc: 0.9762087758524315
F1: 0.8732702926054101
Time: 22.024025678634644
========= x =========
---- Epoch 1 -----
Full acc: 0.9067085313024036
F1: 0.25425798686771073
Time: 24.812176942825317
---- Epoch 2 -----
Full acc: 0.9067085313024036
F1: 0.25425798686771073
Time: 22.892943382263184
---- Epoch 3 -----
Full acc: 0.9067085313024036
F1: 0.25425798686771073
Time: 22.85494875907898
---- Epoch 4 -----
Full acc: 0.9067085313024036
F1: 0.25425798686771073
Time: 22.451736211776733
---- Epoch 5 -----
Full acc: 0.9067085313024036
F1: 0.25425798686771073
Time: 22.5137460231781
---- Epoch 6 -----
Full acc: 0.9067085313024036
F1: 0.25425798686771073
Time: 22.46562886238098
---- Epoch 7 -----
Full acc: 0.9067085313024036
F1: 0.25425798686771073
Time: 23.208027601242065
---- Epoch 8 -----
Full acc: 0.9067085313024036
F1: 0.25425798686771073
Time: 22.6250479221344
---- Epoch 9 -----
Full acc: 0.9067085313024036
F1: 0.25425798686771073
Time: 22.65094232559204
---- Epoch 10 -----
Full acc: 0.9067085313024036
F1: 0.25425798686771073
Time: 22.448235988616943
=============== Seed: 1 ================
========= layer0 =========
---- Epoch 1 -----
Full acc: 0.9740073889044158
F1: 0.8623877300667655
Time: 25.12110924720764
---- Epoch 2 -----
Full acc: 0.9749008698993852
F1: 0.8667428279869872
Time: 23.50960612297058
---- Epoch 3 -----
Full acc: 0.9749192111514813
F1: 0.8669517057361634
Time: 23.76325798034668
---- Epoch 4 -----
Full acc: 0.9750777319731694
F1: 0.8679437766607002
Time: 23.69577670097351
---- Epoch 5 -----
Full acc: 0.9750716182224707
F1: 0.8678280111724925
Time: 23.762560844421387
---- Epoch 6 -----
Full acc: 0.9750842824203466
F1: 0.8678010706858723
Time: 23.652994871139526
---- Epoch 7 -----
Full acc: 0.9750860292062605
F1: 0.8679174433870769
Time: 23.32599639892578
---- Epoch 8 -----
Full acc: 0.9749593872275014
F1: 0.8670509058686159
Time: 23.529202461242676
---- Epoch 9 -----
Full acc: 0.9750414861654556
F1: 0.8674688238983256
Time: 24.043660402297974
---- Epoch 10 -----
Full acc: 0.9750781686696478
F1: 0.8680072827713268
Time: 23.448697566986084
========= layer1 =========
---- Epoch 1 -----
Full acc: 0.9860165420626048
F1: 0.9317633989551212
Time: 25.43456721305847
---- Epoch 2 -----
Full acc: 0.9865776970374511
F1: 0.9342957711392845
Time: 23.35769534111023
---- Epoch 3 -----
Full acc: 0.9866436382057016
F1: 0.9345353841641046
Time: 23.54833221435547
---- Epoch 4 -----
Full acc: 0.9867235536612633
F1: 0.9348142476272183
Time: 22.79789423942566
---- Epoch 5 -----
Full acc: 0.9866410180268307
F1: 0.9344359456137621
Time: 22.91030764579773
---- Epoch 6 -----
Full acc: 0.9866611060648407
F1: 0.9346070868481663
Time: 22.665242195129395
---- Epoch 7 -----
Full acc: 0.9866811941028507
F1: 0.9346732173876167
Time: 22.69818902015686
---- Epoch 8 -----
Full acc: 0.9866589225824483
F1: 0.9344967522482704
Time: 23.43885564804077
---- Epoch 9 -----
Full acc: 0.98669866196199
F1: 0.9347361395957767
Time: 23.623472213745117
---- Epoch 10 -----
Full acc: 0.9866864344605926
F1: 0.9346346342036078
Time: 23.508863925933838
========= layer2 =========
---- Epoch 1 -----
Full acc: 0.9730274420067077
F1: 0.8589597183208237
Time: 25.419415950775146
---- Epoch 2 -----
Full acc: 0.9759995982392398
F1: 0.8722782196550364
Time: 24.432406187057495
---- Epoch 3 -----
Full acc: 0.9762742803242035
F1: 0.8733420459655449
Time: 24.59613823890686
---- Epoch 4 -----
Full acc: 0.9762262437115707
F1: 0.8732280452637365
Time: 23.769569873809814
---- Epoch 5 -----
Full acc: 0.9763563792621577
F1: 0.8736904266168789
Time: 23.525537967681885
---- Epoch 6 -----
Full acc: 0.9762013520122974
F1: 0.8731267936528437
Time: 23.383862495422363
---- Epoch 7 -----
Full acc: 0.9763131463107881
F1: 0.8735238069453809
Time: 23.618334770202637
---- Epoch 8 -----
Full acc: 0.9763231903297932
F1: 0.8736799825700967
Time: 23.30262589454651
---- Epoch 9 -----
Full acc: 0.9762616161263276
F1: 0.873435777771302
Time: 23.38072371482849
---- Epoch 10 -----
Full acc: 0.9763065958636109
F1: 0.8735649103902302
Time: 23.5673246383667
========= x =========
---- Epoch 1 -----
Full acc: 0.9067085313024036
F1: 0.25425798686771073
Time: 24.89775276184082
---- Epoch 2 -----
Full acc: 0.9067085313024036
F1: 0.25425798686771073
Time: 23.88616394996643
---- Epoch 3 -----
Full acc: 0.9067085313024036
F1: 0.25425798686771073
Time: 23.836504459381104
---- Epoch 4 -----
Full acc: 0.9067085313024036
F1: 0.25425798686771073
Time: 23.151795148849487
---- Epoch 5 -----
Full acc: 0.9067085313024036
F1: 0.25425798686771073
Time: 22.78006935119629
---- Epoch 6 -----
Full acc: 0.9067085313024036
F1: 0.25425798686771073
Time: 23.55305027961731
---- Epoch 7 -----
Full acc: 0.9067085313024036
F1: 0.25425798686771073
Time: 22.750837802886963
---- Epoch 8 -----
Full acc: 0.9067085313024036
F1: 0.25425798686771073
Time: 22.913562536239624
---- Epoch 9 -----
Full acc: 0.9067085313024036
F1: 0.25425798686771073
Time: 23.00860095024109
---- Epoch 10 -----
Full acc: 0.9067085313024036
F1: 0.25425798686771073
Time: 22.539061784744263
=============== Seed: 2 ================
========= layer0 =========
---- Epoch 1 -----
Full acc: 0.974016559530464
F1: 0.8622085691967962
Time: 24.736767768859863
---- Epoch 2 -----
Full acc: 0.9749462863331471
F1: 0.8670405291952432
Time: 23.428050756454468
---- Epoch 3 -----
Full acc: 0.9750161577697037
F1: 0.8674769112671624
Time: 23.17972230911255
---- Epoch 4 -----
Full acc: 0.9750056770542203
F1: 0.8673587782863347
Time: 23.603750467300415
---- Epoch 5 -----
Full acc: 0.9750615742034656
F1: 0.8677617548533618
Time: 24.107820987701416
---- Epoch 6 -----
Full acc: 0.9750021834823924
F1: 0.8676325040393943
Time: 24.041846990585327
---- Epoch 7 -----
Full acc: 0.9750589540245947
F1: 0.8676448842055879
Time: 24.08605647087097
---- Epoch 8 -----
Full acc: 0.9750497833985466
F1: 0.8674302449337187
Time: 23.992098093032837
---- Epoch 9 -----
Full acc: 0.9751117942984908
F1: 0.8681240629103524
Time: 23.032488346099854
---- Epoch 10 -----
Full acc: 0.9750174678591392
F1: 0.8674595986614688
Time: 23.560542345046997
========= layer1 =========
---- Epoch 1 -----
Full acc: 0.9859912136668529
F1: 0.9315986052407508
Time: 25.398364543914795
---- Epoch 2 -----
Full acc: 0.9866925482112913
F1: 0.9347471255513156
Time: 23.196443557739258
---- Epoch 3 -----
Full acc: 0.9866584858859698
F1: 0.9345531074399265
Time: 23.03723430633545
---- Epoch 4 -----
Full acc: 0.9866960417831191
F1: 0.9347669088987137
Time: 22.848342180252075
---- Epoch 5 -----
Full acc: 0.9867052124091671
F1: 0.9347716935346966
Time: 23.308521270751953
---- Epoch 6 -----
Full acc: 0.9866698399944103
F1: 0.9345539028179513
Time: 23.2027268409729
---- Epoch 7 -----
Full acc: 0.9867244270542203
F1: 0.9348447431348668
Time: 23.284287214279175
---- Epoch 8 -----
Full acc: 0.9866287905254332
F1: 0.9344153951563678
Time: 23.587435483932495
---- Epoch 9 -----
Full acc: 0.9866689666014533
F1: 0.9346290054687921
Time: 22.97909903526306
---- Epoch 10 -----
Full acc: 0.9866711500838458
F1: 0.9345669002122303
Time: 22.68085789680481
========= layer2 =========
---- Epoch 1 -----
Full acc: 0.9738562919228619
F1: 0.8637287444863093
Time: 25.352168321609497
---- Epoch 2 -----
Full acc: 0.976026236724427
F1: 0.8722974442132096
Time: 23.170094966888428
---- Epoch 3 -----
Full acc: 0.9763127096143097
F1: 0.8736630767188232
Time: 23.172663927078247
---- Epoch 4 -----
Full acc: 0.9763013555058692
F1: 0.8735698061576255
Time: 23.871206760406494
---- Epoch 5 -----
Full acc: 0.9762432748742315
F1: 0.873317910742762
Time: 23.346208810806274
---- Epoch 6 -----
Full acc: 0.9762279904974847
F1: 0.8732172553721493
Time: 23.174099445343018
---- Epoch 7 -----
Full acc: 0.9762223134432644
F1: 0.8732645779695651
Time: 23.27308225631714
---- Epoch 8 -----
Full acc: 0.9763009188093907
F1: 0.8735740899841836
Time: 22.38309621810913
---- Epoch 9 -----
Full acc: 0.976252008803801
F1: 0.8735347478719888
Time: 23.25596261024475
---- Epoch 10 -----
Full acc: 0.9763218802403577
F1: 0.8735301248057844
Time: 23.192567586898804
========= x =========
---- Epoch 1 -----
Full acc: 0.9067085313024036
F1: 0.25425798686771073
Time: 25.486368417739868
---- Epoch 2 -----
Full acc: 0.9067085313024036
F1: 0.25425798686771073
Time: 23.077694416046143
---- Epoch 3 -----
Full acc: 0.9067085313024036
F1: 0.25425798686771073
Time: 23.426966667175293
---- Epoch 4 -----
Full acc: 0.9067085313024036
F1: 0.25425798686771073
Time: 22.95691752433777
---- Epoch 5 -----
Full acc: 0.9067085313024036
F1: 0.25425798686771073
Time: 23.8521089553833
---- Epoch 6 -----
Full acc: 0.9067085313024036
F1: 0.25425798686771073
Time: 23.661770582199097
---- Epoch 7 -----
Full acc: 0.9067085313024036
F1: 0.25425798686771073
Time: 23.18445897102356
---- Epoch 8 -----
Full acc: 0.9067085313024036
F1: 0.25425798686771073
Time: 23.494434118270874
---- Epoch 9 -----
Full acc: 0.9067085313024036
F1: 0.25425798686771073
Time: 23.415203332901
---- Epoch 10 -----
Full acc: 0.9067085313024036
F1: 0.25425798686771073
Time: 22.402872562408447
=============== Seed: 3 ================
========= layer0 =========
---- Epoch 1 -----
Full acc: 0.9738344570989379
F1: 0.8615829526079981
Time: 24.81080174446106
---- Epoch 2 -----
Full acc: 0.974924451509223
F1: 0.8671587579636139
Time: 23.455878019332886
---- Epoch 3 -----
Full acc: 0.9749091671324762
F1: 0.8666307550391542
Time: 22.69819927215576
---- Epoch 4 -----
Full acc: 0.9750956365287871
F1: 0.8678945386175265
Time: 22.80112886428833
---- Epoch 5 -----
Full acc: 0.9749384257965343
F1: 0.8669141021651094
Time: 23.664417505264282
---- Epoch 6 -----
Full acc: 0.9750454164337619
F1: 0.8676560586966147
Time: 23.14923357963562
---- Epoch 7 -----
Full acc: 0.9750812255449972
F1: 0.8676881563952044
Time: 23.03141951560974
---- Epoch 8 -----
Full acc: 0.9751227117104527
F1: 0.8682971307292247
Time: 22.974064111709595
---- Epoch 9 -----
Full acc: 0.9750231449133594
F1: 0.8675823790378452
Time: 23.39328694343567
---- Epoch 10 -----
Full acc: 0.9750873392956959
F1: 0.86774993103351
Time: 23.47696304321289
========= layer1 =========
---- Epoch 1 -----
Full acc: 0.9860693823365009
F1: 0.9319222617274079
Time: 25.642013788223267
---- Epoch 2 -----
Full acc: 0.986666783119061
F1: 0.9346319425558723
Time: 23.40022921562195
---- Epoch 3 -----
Full acc: 0.9867087059809949
F1: 0.9348335167289477
Time: 23.1204354763031
---- Epoch 4 -----
Full acc: 0.9866698399944103
F1: 0.9346429500507109
Time: 23.6440110206604
---- Epoch 5 -----
Full acc: 0.98671875
F1: 0.9348569339926689
Time: 23.036559581756592
---- Epoch 6 -----
Full acc: 0.9866829408887646
F1: 0.9346436694667937
Time: 23.914194107055664
---- Epoch 7 -----
Full acc: 0.9867183133035216
F1: 0.9348045988862703
Time: 23.996387243270874
---- Epoch 8 -----
Full acc: 0.9866628528507546
F1: 0.934626402445077
Time: 23.8211190700531
---- Epoch 9 -----
Full acc: 0.9866846876746785
F1: 0.9347055348446303
Time: 23.90730571746826
---- Epoch 10 -----
Full acc: 0.9866755170486305
F1: 0.9346581594362073
Time: 23.059568166732788
========= layer2 =========
---- Epoch 1 -----
Full acc: 0.9731313757685858
F1: 0.8596790620489931
Time: 25.504104614257812
---- Epoch 2 -----
Full acc: 0.9760004716321967
F1: 0.8721972628470741
Time: 23.295783281326294
---- Epoch 3 -----
Full acc: 0.9762921848798212
F1: 0.8734958999943887
Time: 23.351446628570557
---- Epoch 4 -----
Full acc: 0.9762659830911123
F1: 0.873348724316511
Time: 22.69386601448059
---- Epoch 5 -----
Full acc: 0.9762262437115707
F1: 0.8732286270828317
Time: 23.200228929519653
---- Epoch 6 -----
Full acc: 0.9762231868362213
F1: 0.8733698354774845
Time: 22.882578134536743
---- Epoch 7 -----
Full acc: 0.976284761039687
F1: 0.8736136046433355
Time: 23.076847076416016
---- Epoch 8 -----
Full acc: 0.9763454618501957
F1: 0.8737930930043329
Time: 23.866206407546997
---- Epoch 9 -----
Full acc: 0.9763249371157071
F1: 0.8735630673761661
Time: 24.20410656929016
---- Epoch 10 -----
Full acc: 0.9763603095304639
F1: 0.8738774598485168
Time: 24.098719596862793
========= x =========
---- Epoch 1 -----
Full acc: 0.9067085313024036
F1: 0.25425798686771073
Time: 24.100579261779785
---- Epoch 2 -----
Full acc: 0.9067085313024036
F1: 0.25425798686771073
Time: 22.675684452056885
---- Epoch 3 -----
Full acc: 0.9067085313024036
F1: 0.25425798686771073
Time: 22.76577591896057
---- Epoch 4 -----
Full acc: 0.9067085313024036
F1: 0.25425798686771073
Time: 22.643635988235474
---- Epoch 5 -----
Full acc: 0.9067085313024036
F1: 0.25425798686771073
Time: 22.900294542312622
---- Epoch 6 -----
Full acc: 0.9067085313024036
F1: 0.25425798686771073
Time: 22.688639640808105
---- Epoch 7 -----
Full acc: 0.9067085313024036
F1: 0.25425798686771073
Time: 23.37375497817993
---- Epoch 8 -----
Full acc: 0.9067085313024036
F1: 0.25425798686771073
Time: 23.15613031387329
---- Epoch 9 -----
Full acc: 0.9067085313024036
F1: 0.25425798686771073
Time: 22.95271873474121
---- Epoch 10 -----
Full acc: 0.9067085313024036
F1: 0.25425798686771073
Time: 23.472744703292847
=============== Seed: 4 ================
========= layer0 =========
---- Epoch 1 -----
Full acc: 0.9738781267467859
F1: 0.8618387878815892
Time: 24.889463663101196
---- Epoch 2 -----
Full acc: 0.9749454129401901
F1: 0.8671068904176181
Time: 23.610114574432373
---- Epoch 3 -----
Full acc: 0.9748986864169927
F1: 0.8666532158211571
Time: 24.02061104774475
---- Epoch 4 -----
Full acc: 0.9750244550027949
F1: 0.8674748099432014
Time: 23.80750036239624
---- Epoch 5 -----
Full acc: 0.9749532734768027
F1: 0.8672690421828729
Time: 23.54656958580017
---- Epoch 6 -----
Full acc: 0.9750563338457239
F1: 0.8677006307165908
Time: 23.08705973625183
---- Epoch 7 -----
Full acc: 0.9750034935718278
F1: 0.8674422614503386
Time: 23.33279776573181
---- Epoch 8 -----
Full acc: 0.9750253283957518
F1: 0.8675053970280718
Time: 23.858357906341553
---- Epoch 9 -----
Full acc: 0.9750305687534936
F1: 0.8676090589767869
Time: 23.15989065170288
---- Epoch 10 -----
Full acc: 0.9750860292062605
F1: 0.8677047342236444
Time: 22.682284355163574
========= layer1 =========
---- Epoch 1 -----
Full acc: 0.9860025677752935
F1: 0.9317982558010888
Time: 25.149746417999268
---- Epoch 2 -----
Full acc: 0.9866497519564003
F1: 0.934585419208689
Time: 23.499462842941284
---- Epoch 3 -----
Full acc: 0.9866794473169368
F1: 0.9346847051958201
Time: 23.269700288772583
---- Epoch 4 -----
Full acc: 0.9867410215204024
F1: 0.9349069446681844
Time: 22.853790044784546
---- Epoch 5 -----
Full acc: 0.9867292307154835
F1: 0.9349356765820349
Time: 23.50113606452942
---- Epoch 6 -----
Full acc: 0.9866829408887646
F1: 0.9346382775311971
Time: 23.152759075164795
---- Epoch 7 -----
Full acc: 0.9866934216042482
F1: 0.9347523720037613
Time: 22.802605152130127
---- Epoch 8 -----
Full acc: 0.9867283573225265
F1: 0.9348766189169441
Time: 23.31376314163208
---- Epoch 9 -----
Full acc: 0.986706085802124
F1: 0.9348466708779734
Time: 23.410417556762695
---- Epoch 10 -----
Full acc: 0.9866816307993292
F1: 0.934744695743351
Time: 23.246903896331787
========= layer2 =========
---- Epoch 1 -----
Full acc: 0.9736820500279486
F1: 0.8622661127363098
Time: 24.98831558227539
---- Epoch 2 -----
Full acc: 0.9761380310229179
F1: 0.8727131900712781
Time: 22.81038188934326
---- Epoch 3 -----
Full acc: 0.9762681665735048
F1: 0.8732947060449966
Time: 23.500564575195312
---- Epoch 4 -----
Full acc: 0.9763074692565679
F1: 0.8736015556011101
Time: 23.482663869857788
---- Epoch 5 -----
Full acc: 0.9761585557574064
F1: 0.8731281571732452
Time: 23.496575593948364
---- Epoch 6 -----
Full acc: 0.9762389079094467
F1: 0.8732858393422026
Time: 23.389532566070557
---- Epoch 7 -----
Full acc: 0.9762297372833986
F1: 0.8732062255525788
Time: 23.45786690711975
---- Epoch 8 -----
Full acc: 0.9762664197875909
F1: 0.8733056636242578
Time: 22.838849544525146
---- Epoch 9 -----
Full acc: 0.9763214435438793
F1: 0.8736002485862228
Time: 23.123608589172363
---- Epoch 10 -----
Full acc: 0.9763581260480716
F1: 0.8738654977757878
Time: 23.566706657409668
========= x =========
---- Epoch 1 -----
Full acc: 0.9067085313024036
F1: 0.25425798686771073
Time: 24.617887020111084
---- Epoch 2 -----
Full acc: 0.9067085313024036
F1: 0.25425798686771073
Time: 23.185659646987915
---- Epoch 3 -----
Full acc: 0.9067085313024036
F1: 0.25425798686771073
Time: 22.499711990356445
---- Epoch 4 -----
Full acc: 0.9067085313024036
F1: 0.25425798686771073
Time: 23.528382539749146
---- Epoch 5 -----
Full acc: 0.9067085313024036
F1: 0.25425798686771073
Time: 23.25043749809265
---- Epoch 6 -----
Full acc: 0.9067085313024036
F1: 0.25425798686771073
Time: 23.223556756973267
---- Epoch 7 -----
Full acc: 0.9067085313024036
F1: 0.25425798686771073
Time: 22.787234783172607
---- Epoch 8 -----
Full acc: 0.9067085313024036
F1: 0.25425798686771073
Time: 23.3538019657135
---- Epoch 9 -----
Full acc: 0.9067085313024036
F1: 0.25425798686771073
Time: 23.124180793762207
---- Epoch 10 -----
Full acc: 0.9067085313024036
F1: 0.25425798686771073
Time: 23.34864354133606
