Loading rhel8/default-amp
  Loading requirement: dot rhel8/slurm singularity/current rhel8/global
    cuda/11.4 libpciaccess/0.16/gcc-9.4.0-6fonbj6
    libiconv/1.16/gcc-9.4.0-ahebbov libxml2/2.9.12/gcc-9.4.0-gnknt5e
    ncurses/6.2/gcc-9.4.0-aiirok7 hwloc/2.5.0/gcc-9.4.0-7sqomga
    libevent/2.1.12/gcc-9.4.0-hgny7cm numactl/2.0.14/gcc-9.4.0-52dwc6n
    cuda/11.4.0/gcc-9.4.0-3hnxhjt gdrcopy/2.2/gcc-9.4.0-e4igtfp
    knem/1.1.4/gcc-9.4.0-bpbxgva libnl/3.3.0/gcc-9.4.0-whwhrwb
    rdma-core/34.0/gcc-9.4.0-5eo5n2u ucx/1.11.1/gcc-9.4.0-lktqyl4
    openmpi/4.1.1/gcc-9.4.0-epagguv
Changed directory to /rds/user/tdb47/hpc-work/planning/thinker_private_planning/probing.

JobID: 58705851
======
Time: Sun Aug 11 19:58:21 BST 2024
Running on master node: gpu-q-4
Current directory: /rds/user/tdb47/hpc-work/planning/thinker_private_planning/probing

Nodes allocated:
================
gpu-q-4

numtasks=1, numnodes=1, mpi_tasks_per_node=1 (OMP_NUM_THREADS=1)

Executing command:
==================
python train_conv_probe.py --feature agent_onto_after --num_epochs 10 --weight_decay 0.001 --kernel 1 --model_name 10m 


test
=================================== FEATURE: agent_onto_after =========================================
!!!!
=============== Seed: 0 ================
========= layer0 =========
---- Epoch 1 -----
Full acc: 0.9090398693431847
F1: 0.3000027553909557
Time: 65.91612601280212
---- Epoch 2 -----
Full acc: 0.9089380059216602
F1: 0.29898663886683574
Time: 61.11905884742737
---- Epoch 3 -----
Full acc: 0.9080027299396969
F1: 0.30255531596518176
Time: 62.53687906265259
---- Epoch 4 -----
Full acc: 0.9081400757863856
F1: 0.301759380933622
Time: 60.8253231048584
---- Epoch 5 -----
Full acc: 0.9080882952137773
F1: 0.2993128174446825
Time: 61.69651174545288
---- Epoch 6 -----
Full acc: 0.9087865689683272
F1: 0.2988536370740822
Time: 62.951823472976685
---- Epoch 7 -----
Full acc: 0.908333616287282
F1: 0.29873603340942206
Time: 62.67627310752869
---- Epoch 8 -----
Full acc: 0.9086746889770196
F1: 0.29914624549982716
Time: 62.65525817871094
---- Epoch 9 -----
Full acc: 0.9081502621285381
F1: 0.3013367034475115
Time: 61.109750270843506
---- Epoch 10 -----
Full acc: 0.9084390449285598
F1: 0.29968964818280075
Time: 62.85825562477112
========= layer1 =========
---- Epoch 1 -----
Full acc: 0.914456626555115
F1: 0.35563620624396386
Time: 63.29310870170593
---- Epoch 2 -----
Full acc: 0.9136948579344815
F1: 0.35896138183037807
Time: 62.53300070762634
---- Epoch 3 -----
Full acc: 0.9141557899168794
F1: 0.3550009915972982
Time: 62.19583320617676
---- Epoch 4 -----
Full acc: 0.9148282582713099
F1: 0.35278669251119205
Time: 63.22506904602051
---- Epoch 5 -----
Full acc: 0.9139160713315586
F1: 0.35699854966623323
Time: 61.53582835197449
---- Epoch 6 -----
Full acc: 0.9147206225892324
F1: 0.35354723902844687
Time: 61.2394642829895
---- Epoch 7 -----
Full acc: 0.9142549369804965
F1: 0.3556230260951827
Time: 61.20544672012329
---- Epoch 8 -----
Full acc: 0.9135486839245939
F1: 0.35851075353601386
Time: 60.21900177001953
---- Epoch 9 -----
Full acc: 0.9144491565708698
F1: 0.3546535380164665
Time: 59.76244330406189
---- Epoch 10 -----
Full acc: 0.9145454175042104
F1: 0.3549949370086577
Time: 60.019346952438354
========= layer2 =========
---- Epoch 1 -----
Full acc: 0.9165748764057152
F1: 0.360084736902644
Time: 65.2560498714447
---- Epoch 2 -----
Full acc: 0.9167733403053187
F1: 0.36034995575190304
Time: 62.20057988166809
---- Epoch 3 -----
Full acc: 0.9162501018634215
F1: 0.35898678361562036
Time: 61.55343675613403
---- Epoch 4 -----
Full acc: 0.9167466860433531
F1: 0.36159098377855403
Time: 59.886836528778076
---- Epoch 5 -----
Full acc: 0.9168594148965068
F1: 0.35998636625589364
Time: 61.12344408035278
---- Epoch 6 -----
Full acc: 0.9167770752974412
F1: 0.3584550742579954
Time: 61.53507685661316
---- Epoch 7 -----
Full acc: 0.9168937089150867
F1: 0.3590314133085434
Time: 62.840927839279175
---- Epoch 8 -----
Full acc: 0.9165879488781442
F1: 0.35860600023214767
Time: 60.57258605957031
---- Epoch 9 -----
Full acc: 0.9168977834519476
F1: 0.3583719080503346
Time: 61.82880091667175
---- Epoch 10 -----
Full acc: 0.9159562258923236
F1: 0.3606159977429248
Time: 62.07407069206238
========= x =========
---- Epoch 1 -----
Full acc: 0.9231173941978595
F1: 0.192004377264321
Time: 73.26073026657104
---- Epoch 2 -----
Full acc: 0.9231173941978595
F1: 0.192004377264321
Time: 61.20331382751465
---- Epoch 3 -----
Full acc: 0.9231173941978595
F1: 0.192004377264321
Time: 59.492406368255615
---- Epoch 4 -----
Full acc: 0.9231173941978595
F1: 0.192004377264321
Time: 60.242982387542725
---- Epoch 5 -----
Full acc: 0.9231173941978595
F1: 0.192004377264321
Time: 59.61731147766113
---- Epoch 6 -----
Full acc: 0.9231173941978595
F1: 0.192004377264321
Time: 60.28373312950134
---- Epoch 7 -----
Full acc: 0.9231173941978595
F1: 0.192004377264321
Time: 58.94280457496643
---- Epoch 8 -----
Full acc: 0.9231173941978595
F1: 0.192004377264321
Time: 60.62015652656555
---- Epoch 9 -----
Full acc: 0.9231173941978595
F1: 0.192004377264321
Time: 60.82895231246948
---- Epoch 10 -----
Full acc: 0.9231173941978595
F1: 0.192004377264321
Time: 61.12801551818848
=============== Seed: 1 ================
========= layer0 =========
---- Epoch 1 -----
Full acc: 0.9081208915086652
F1: 0.30048327244836726
Time: 65.17254638671875
---- Epoch 2 -----
Full acc: 0.9085293638289781
F1: 0.29886429494962696
Time: 61.01099133491516
---- Epoch 3 -----
Full acc: 0.9094425694029445
F1: 0.29617336259742844
Time: 60.555869340896606
---- Epoch 4 -----
Full acc: 0.907850613896887
F1: 0.29972005468106555
Time: 60.91325926780701
---- Epoch 5 -----
Full acc: 0.9084134093008095
F1: 0.29773030606398987
Time: 61.90819215774536
---- Epoch 6 -----
Full acc: 0.908595575052969
F1: 0.30107758091933245
Time: 60.97399544715881
---- Epoch 7 -----
Full acc: 0.9088948837398816
F1: 0.2967672277822606
Time: 60.571572065353394
---- Epoch 8 -----
Full acc: 0.9090154221220188
F1: 0.29738401156470723
Time: 60.58520030975342
---- Epoch 9 -----
Full acc: 0.9086125522898897
F1: 0.3005638593335514
Time: 61.15494084358215
---- Epoch 10 -----
Full acc: 0.9088884323898517
F1: 0.2983032629172584
Time: 60.5254168510437
========= layer1 =========
---- Epoch 1 -----
Full acc: 0.9149652645732602
F1: 0.3514336937512822
Time: 65.47660422325134
---- Epoch 2 -----
Full acc: 0.9139902618569022
F1: 0.3550074282158725
Time: 62.15565729141235
---- Epoch 3 -----
Full acc: 0.9152686477970338
F1: 0.3493699156401731
Time: 59.99637031555176
---- Epoch 4 -----
Full acc: 0.9143187713913186
F1: 0.35409581714449534
Time: 60.74176597595215
---- Epoch 5 -----
Full acc: 0.9137681995979791
F1: 0.35747645720752635
Time: 62.55925726890564
---- Epoch 6 -----
Full acc: 0.9145713926766991
F1: 0.35337564739575855
Time: 61.10190391540527
---- Epoch 7 -----
Full acc: 0.9144381213668713
F1: 0.35614377982282386
Time: 60.05259299278259
---- Epoch 8 -----
Full acc: 0.9143033221057206
F1: 0.3562135868826363
Time: 60.5114004611969
---- Epoch 9 -----
Full acc: 0.9147757986092248
F1: 0.3522335236278665
Time: 60.468914270401
---- Epoch 10 -----
Full acc: 0.9147836081382082
F1: 0.35301624093923845
Time: 60.08977174758911
========= layer2 =========
---- Epoch 1 -----
Full acc: 0.9159794847069049
F1: 0.3602687192863346
Time: 64.30019617080688
---- Epoch 2 -----
Full acc: 0.9166314106046612
F1: 0.3601701405846792
Time: 60.58916449546814
---- Epoch 3 -----
Full acc: 0.9166040772532189
F1: 0.3615472744049235
Time: 63.28191781044006
---- Epoch 4 -----
Full acc: 0.916753986255229
F1: 0.3593468375124941
Time: 63.71007943153381
---- Epoch 5 -----
Full acc: 0.9169612783180312
F1: 0.36014847681072093
Time: 62.845526933670044
---- Epoch 6 -----
Full acc: 0.9164254767208128
F1: 0.3606418138712911
Time: 62.56989860534668
---- Epoch 7 -----
Full acc: 0.9161918699407834
F1: 0.36195101449632094
Time: 61.216389894485474
---- Epoch 8 -----
Full acc: 0.9167862430053784
F1: 0.36130904502662936
Time: 61.494179248809814
---- Epoch 9 -----
Full acc: 0.91675806079209
F1: 0.3635131319511674
Time: 61.07967257499695
---- Epoch 10 -----
Full acc: 0.9166585741837344
F1: 0.3583684277568522
Time: 62.27958679199219
========= x =========
---- Epoch 1 -----
Full acc: 0.9231173941978595
F1: 0.192004377264321
Time: 63.50292372703552
---- Epoch 2 -----
Full acc: 0.9231173941978595
F1: 0.192004377264321
Time: 62.738940477371216
---- Epoch 3 -----
Full acc: 0.9231173941978595
F1: 0.192004377264321
Time: 60.25687336921692
---- Epoch 4 -----
Full acc: 0.9231173941978595
F1: 0.192004377264321
Time: 58.995304584503174
---- Epoch 5 -----
Full acc: 0.9231173941978595
F1: 0.192004377264321
Time: 59.43120551109314
---- Epoch 6 -----
Full acc: 0.9231173941978595
F1: 0.192004377264321
Time: 59.62777781486511
---- Epoch 7 -----
Full acc: 0.9231173941978595
F1: 0.192004377264321
Time: 60.40099811553955
---- Epoch 8 -----
Full acc: 0.9231173941978595
F1: 0.192004377264321
Time: 59.93425965309143
---- Epoch 9 -----
Full acc: 0.9231173941978595
F1: 0.192004377264321
Time: 58.479148626327515
---- Epoch 10 -----
Full acc: 0.9231173941978595
F1: 0.192004377264321
Time: 58.90167450904846
=============== Seed: 2 ================
========= layer0 =========
---- Epoch 1 -----
Full acc: 0.9077261707502581
F1: 0.29819685852132316
Time: 64.38603591918945
---- Epoch 2 -----
Full acc: 0.9083375210517738
F1: 0.3011166344619118
Time: 61.315590620040894
---- Epoch 3 -----
Full acc: 0.9085091609170425
F1: 0.29823966782809946
Time: 62.38367581367493
---- Epoch 4 -----
Full acc: 0.9085015211604281
F1: 0.3010574740304113
Time: 62.3472740650177
---- Epoch 5 -----
Full acc: 0.9083346349214972
F1: 0.30269696881468533
Time: 61.96314549446106
---- Epoch 6 -----
Full acc: 0.9085166309012875
F1: 0.30157191805151023
Time: 61.60570168495178
---- Epoch 7 -----
Full acc: 0.9085539808225132
F1: 0.2993474733414872
Time: 61.147390365600586
---- Epoch 8 -----
Full acc: 0.9084254631390232
F1: 0.29812640252848427
Time: 61.04338335990906
---- Epoch 9 -----
Full acc: 0.9076582618025751
F1: 0.30001184127721237
Time: 59.57809853553772
---- Epoch 10 -----
Full acc: 0.9080638479926115
F1: 0.3030613549520877
Time: 61.74260139465332
========= layer1 =========
---- Epoch 1 -----
Full acc: 0.9141620714945401
F1: 0.3580942924179528
Time: 64.15336561203003
---- Epoch 2 -----
Full acc: 0.9147319973379693
F1: 0.3538494939369326
Time: 58.970134258270264
---- Epoch 3 -----
Full acc: 0.9157039441516814
F1: 0.3478735178933885
Time: 59.31157684326172
---- Epoch 4 -----
Full acc: 0.9140866925626121
F1: 0.3589344142522508
Time: 59.610886335372925
---- Epoch 5 -----
Full acc: 0.9144376120497637
F1: 0.35314194717300396
Time: 60.19377064704895
---- Epoch 6 -----
Full acc: 0.9143415208887923
F1: 0.3554553340574704
Time: 60.98483943939209
---- Epoch 7 -----
Full acc: 0.9148671361438583
F1: 0.3522201205495914
Time: 59.46779918670654
---- Epoch 8 -----
Full acc: 0.9144413470418863
F1: 0.3544393935035502
Time: 60.827558279037476
---- Epoch 9 -----
Full acc: 0.9134099798989515
F1: 0.35941755154442545
Time: 60.14780592918396
---- Epoch 10 -----
Full acc: 0.9142537485739121
F1: 0.35520785635139224
Time: 60.05341053009033
========= layer2 =========
---- Epoch 1 -----
Full acc: 0.916882503938719
F1: 0.35983107634875305
Time: 65.15398836135864
---- Epoch 2 -----
Full acc: 0.9166090006519259
F1: 0.3597030700175181
Time: 61.4525830745697
---- Epoch 3 -----
Full acc: 0.916906272070408
F1: 0.36043681470322403
Time: 60.401254177093506
---- Epoch 4 -----
Full acc: 0.9170787607975227
F1: 0.35993137065148806
Time: 60.519798278808594
---- Epoch 5 -----
Full acc: 0.9168490587819851
F1: 0.3590786013218029
Time: 60.1079683303833
---- Epoch 6 -----
Full acc: 0.9164220812734286
F1: 0.3581587281178033
Time: 59.788538217544556
---- Epoch 7 -----
Full acc: 0.917316442114413
F1: 0.3601518889908996
Time: 60.047553300857544
---- Epoch 8 -----
Full acc: 0.9164794643342207
F1: 0.3610796407034994
Time: 60.46623611450195
---- Epoch 9 -----
Full acc: 0.9167848848264247
F1: 0.3591802491145145
Time: 62.05441761016846
---- Epoch 10 -----
Full acc: 0.9165052697343402
F1: 0.3604325737453542
Time: 59.33792519569397
========= x =========
---- Epoch 1 -----
Full acc: 0.9231173941978595
F1: 0.192004377264321
Time: 63.57041335105896
---- Epoch 2 -----
Full acc: 0.9231173941978595
F1: 0.192004377264321
Time: 60.587563276290894
---- Epoch 3 -----
Full acc: 0.9231173941978595
F1: 0.192004377264321
Time: 61.083407163619995
---- Epoch 4 -----
Full acc: 0.9231173941978595
F1: 0.192004377264321
Time: 60.90821623802185
---- Epoch 5 -----
Full acc: 0.9231173941978595
F1: 0.192004377264321
Time: 60.349449157714844
---- Epoch 6 -----
Full acc: 0.9231173941978595
F1: 0.192004377264321
Time: 60.731744050979614
---- Epoch 7 -----
Full acc: 0.9231173941978595
F1: 0.192004377264321
Time: 59.01110768318176
---- Epoch 8 -----
Full acc: 0.9231173941978595
F1: 0.192004377264321
Time: 60.126121520996094
---- Epoch 9 -----
Full acc: 0.9231173941978595
F1: 0.192004377264321
Time: 59.88623023033142
---- Epoch 10 -----
Full acc: 0.9231173941978595
F1: 0.192004377264321
Time: 58.68977189064026
=============== Seed: 3 ================
========= layer0 =========
---- Epoch 1 -----
Full acc: 0.9085040677459663
F1: 0.2993518298354254
Time: 65.00818514823914
---- Epoch 2 -----
Full acc: 0.9076363611669473
F1: 0.3027100892805238
Time: 60.14430236816406
---- Epoch 3 -----
Full acc: 0.9071323070027707
F1: 0.30415884654104186
Time: 60.69937610626221
---- Epoch 4 -----
Full acc: 0.9085794466778943
F1: 0.30130556165131206
Time: 59.37040710449219
---- Epoch 5 -----
Full acc: 0.9084797902971695
F1: 0.299145059608596
Time: 61.505112409591675
---- Epoch 6 -----
Full acc: 0.9080745436518716
F1: 0.30438957890364327
Time: 60.40548491477966
---- Epoch 7 -----
Full acc: 0.9085976123213995
F1: 0.29866989403614747
Time: 60.9365029335022
---- Epoch 8 -----
Full acc: 0.9084195211061009
F1: 0.29997523797827585
Time: 60.64129066467285
---- Epoch 9 -----
Full acc: 0.9079647009289944
F1: 0.3026982720647788
Time: 60.49483323097229
---- Epoch 10 -----
Full acc: 0.9079001874286956
F1: 0.30229878297312035
Time: 60.53695368766785
========= layer1 =========
---- Epoch 1 -----
Full acc: 0.9138868704840549
F1: 0.35740150612890215
Time: 65.41587352752686
---- Epoch 2 -----
Full acc: 0.9143141875373499
F1: 0.35365139032188925
Time: 60.887736320495605
---- Epoch 3 -----
Full acc: 0.9147937944803607
F1: 0.3519967220991097
Time: 60.47816205024719
---- Epoch 4 -----
Full acc: 0.9145201214211984
F1: 0.3527919432352796
Time: 60.983625411987305
---- Epoch 5 -----
Full acc: 0.9149212935296355
F1: 0.35192127859227856
Time: 61.64894104003906
---- Epoch 6 -----
Full acc: 0.9143004359754441
F1: 0.355450666024717
Time: 61.16062307357788
---- Epoch 7 -----
Full acc: 0.9144700385722823
F1: 0.3556035318565104
Time: 60.2470805644989
---- Epoch 8 -----
Full acc: 0.9146647674797631
F1: 0.35306713616632546
Time: 60.61874794960022
---- Epoch 9 -----
Full acc: 0.9140474751453251
F1: 0.3561932987625593
Time: 60.745460748672485
---- Epoch 10 -----
Full acc: 0.9129981121312544
F1: 0.3617690913045707
Time: 61.667399883270264
========= layer2 =========
---- Epoch 1 -----
Full acc: 0.9164188555984136
F1: 0.3605357948957607
Time: 66.3864266872406
---- Epoch 2 -----
Full acc: 0.9172529472483294
F1: 0.3562172691398084
Time: 64.04552817344666
---- Epoch 3 -----
Full acc: 0.9165134188080621
F1: 0.3592610404887506
Time: 62.98311686515808
---- Epoch 4 -----
Full acc: 0.9167658703210735
F1: 0.36107059443611045
Time: 62.96128797531128
---- Epoch 5 -----
Full acc: 0.9171176386700711
F1: 0.3596614847185981
Time: 61.6716730594635
---- Epoch 6 -----
Full acc: 0.9167920152659315
F1: 0.3593130715328726
Time: 62.714468240737915
---- Epoch 7 -----
Full acc: 0.9172867319498017
F1: 0.359119538798587
Time: 62.91786575317383
---- Epoch 8 -----
Full acc: 0.916932417015266
F1: 0.3589616617803377
Time: 61.997437953948975
---- Epoch 9 -----
Full acc: 0.9168426074319552
F1: 0.3588661521682026
Time: 63.20309376716614
---- Epoch 10 -----
Full acc: 0.9174371502689195
F1: 0.3593515055481856
Time: 61.64282965660095
========= x =========
---- Epoch 1 -----
Full acc: 0.9231173941978595
F1: 0.192004377264321
Time: 64.09356117248535
---- Epoch 2 -----
Full acc: 0.9231173941978595
F1: 0.192004377264321
Time: 61.887434244155884
---- Epoch 3 -----
Full acc: 0.9231173941978595
F1: 0.192004377264321
Time: 59.78104305267334
---- Epoch 4 -----
Full acc: 0.9231173941978595
F1: 0.192004377264321
Time: 60.4210901260376
---- Epoch 5 -----
Full acc: 0.9231173941978595
F1: 0.192004377264321
Time: 60.734419107437134
---- Epoch 6 -----
Full acc: 0.9231173941978595
F1: 0.192004377264321
Time: 58.789276361465454
---- Epoch 7 -----
Full acc: 0.9231173941978595
F1: 0.192004377264321
Time: 59.90071415901184
---- Epoch 8 -----
Full acc: 0.9231173941978595
F1: 0.192004377264321
Time: 61.12826609611511
---- Epoch 9 -----
Full acc: 0.9231173941978595
F1: 0.192004377264321
Time: 60.72124886512756
---- Epoch 10 -----
Full acc: 0.9231173941978595
F1: 0.192004377264321
Time: 58.2659215927124
=============== Seed: 4 ================
========= layer0 =========
---- Epoch 1 -----
Full acc: 0.90868317759548
F1: 0.2964531115624934
Time: 63.707831621170044
---- Epoch 2 -----
Full acc: 0.9077178519041669
F1: 0.3025070508970057
Time: 60.561614751815796
---- Epoch 3 -----
Full acc: 0.9082536535013853
F1: 0.2986875873034951
Time: 61.06716012954712
---- Epoch 4 -----
Full acc: 0.907761313630684
F1: 0.30202663736863905
Time: 60.8891167640686
---- Epoch 5 -----
Full acc: 0.9084665480523714
F1: 0.2985099983165561
Time: 59.69377303123474
---- Epoch 6 -----
Full acc: 0.9087600844787309
F1: 0.29849420201598403
Time: 60.04441595077515
---- Epoch 7 -----
Full acc: 0.9072589571901993
F1: 0.30018609666912055
Time: 61.638683795928955
---- Epoch 8 -----
Full acc: 0.908584200304232
F1: 0.2978967553867521
Time: 62.784833908081055
---- Epoch 9 -----
Full acc: 0.9095379814744391
F1: 0.2957406061753971
Time: 61.56384205818176
---- Epoch 10 -----
Full acc: 0.9088004903026022
F1: 0.29853850950285665
Time: 62.474029779434204
========= layer1 =========
---- Epoch 1 -----
Full acc: 0.9141656367142935
F1: 0.355495210764269
Time: 64.39148545265198
---- Epoch 2 -----
Full acc: 0.9138108124626501
F1: 0.3590349259385106
Time: 60.71318459510803
---- Epoch 3 -----
Full acc: 0.9140804109849514
F1: 0.35554722449285425
Time: 62.089534521102905
---- Epoch 4 -----
Full acc: 0.9142595208344652
F1: 0.35630781129902195
Time: 61.48224425315857
---- Epoch 5 -----
Full acc: 0.9143067175531048
F1: 0.35521890260921796
Time: 61.96995425224304
---- Epoch 6 -----
Full acc: 0.9149131444559135
F1: 0.35215841282544347
Time: 62.094233989715576
---- Epoch 7 -----
Full acc: 0.9143202993426414
F1: 0.3547842739212787
Time: 61.84083414077759
---- Epoch 8 -----
Full acc: 0.9134125264844896
F1: 0.3596168102292564
Time: 63.13940978050232
---- Epoch 9 -----
Full acc: 0.9140145393056989
F1: 0.3550308430426716
Time: 62.031033754348755
---- Epoch 10 -----
Full acc: 0.914127607703591
F1: 0.3554873035452978
Time: 60.95874857902527
========= layer2 =========
---- Epoch 1 -----
Full acc: 0.9169877628076275
F1: 0.35885371145470946
Time: 65.24968719482422
---- Epoch 2 -----
Full acc: 0.9169098372901614
F1: 0.3583494164114381
Time: 62.19904279708862
---- Epoch 3 -----
Full acc: 0.9163789590916499
F1: 0.3597780226177265
Time: 61.29785442352295
---- Epoch 4 -----
Full acc: 0.9164159694681371
F1: 0.3620466591391252
Time: 61.23201036453247
---- Epoch 5 -----
Full acc: 0.916626317433585
F1: 0.3593816519313364
Time: 62.173877000808716
---- Epoch 6 -----
Full acc: 0.9166894727549302
F1: 0.3595660954535951
Time: 63.188204526901245
---- Epoch 7 -----
Full acc: 0.9169359822350193
F1: 0.3598656744478537
Time: 62.937657594680786
---- Epoch 8 -----
Full acc: 0.9168308931384799
F1: 0.35868459468079766
Time: 63.042794704437256
---- Epoch 9 -----
Full acc: 0.917073328081708
F1: 0.35986783578602266
Time: 62.62588977813721
---- Epoch 10 -----
Full acc: 0.916169459988048
F1: 0.3604923900607265
Time: 62.327826738357544
========= x =========
---- Epoch 1 -----
Full acc: 0.9231173941978595
F1: 0.192004377264321
Time: 63.54606509208679
---- Epoch 2 -----
Full acc: 0.9231173941978595
F1: 0.192004377264321
Time: 60.82248115539551
---- Epoch 3 -----
Full acc: 0.9231173941978595
F1: 0.192004377264321
Time: 60.098456382751465
---- Epoch 4 -----
Full acc: 0.9231173941978595
F1: 0.192004377264321
Time: 59.26293683052063
---- Epoch 5 -----
Full acc: 0.9231173941978595
F1: 0.192004377264321
Time: 59.469725608825684
---- Epoch 6 -----
Full acc: 0.9231173941978595
F1: 0.192004377264321
Time: 60.12505841255188
---- Epoch 7 -----
Full acc: 0.9231173941978595
F1: 0.192004377264321
Time: 59.889771461486816
---- Epoch 8 -----
Full acc: 0.9231173941978595
F1: 0.192004377264321
Time: 58.75740885734558
---- Epoch 9 -----
Full acc: 0.9231173941978595
F1: 0.192004377264321
Time: 58.61592507362366
---- Epoch 10 -----
Full acc: 0.9231173941978595
F1: 0.192004377264321
Time: 60.5146746635437
