Loading rhel8/default-amp
  Loading requirement: dot rhel8/slurm singularity/current rhel8/global
    cuda/11.4 libpciaccess/0.16/gcc-9.4.0-6fonbj6
    libiconv/1.16/gcc-9.4.0-ahebbov libxml2/2.9.12/gcc-9.4.0-gnknt5e
    ncurses/6.2/gcc-9.4.0-aiirok7 hwloc/2.5.0/gcc-9.4.0-7sqomga
    libevent/2.1.12/gcc-9.4.0-hgny7cm numactl/2.0.14/gcc-9.4.0-52dwc6n
    cuda/11.4.0/gcc-9.4.0-3hnxhjt gdrcopy/2.2/gcc-9.4.0-e4igtfp
    knem/1.1.4/gcc-9.4.0-bpbxgva libnl/3.3.0/gcc-9.4.0-whwhrwb
    rdma-core/34.0/gcc-9.4.0-5eo5n2u ucx/1.11.1/gcc-9.4.0-lktqyl4
    openmpi/4.1.1/gcc-9.4.0-epagguv
Changed directory to /rds/user/tdb47/hpc-work/planning/thinker_private_planning/probing.

JobID: 58688680
======
Time: Sun Aug 11 10:16:33 BST 2024
Running on master node: gpu-q-35
Current directory: /rds/user/tdb47/hpc-work/planning/thinker_private_planning/probing

Nodes allocated:
================
gpu-q-35

numtasks=1, numnodes=1, mpi_tasks_per_node=1 (OMP_NUM_THREADS=1)

Executing command:
==================
python train_conv_probe.py --feature tracked_box_next_push_onto_with --num_epochs 10 --weight_decay 0.001 --kernel 3 --model_name 250m 


test
=================================== FEATURE: tracked_box_next_push_onto_with =========================================
!!!!
=============== Seed: 0 ================
========= layer0 =========
---- Epoch 1 -----
Full acc: 0.9874275083845724
F1: 0.9360882811043216
Time: 28.612752199172974
---- Epoch 2 -----
Full acc: 0.9875502200950251
F1: 0.9366813433292822
Time: 23.34139084815979
---- Epoch 3 -----
Full acc: 0.9875694347400783
F1: 0.9368481360855159
Time: 23.822368144989014
---- Epoch 4 -----
Full acc: 0.9876148511738402
F1: 0.9371921437901714
Time: 23.20993137359619
---- Epoch 5 -----
Full acc: 0.9874851523197317
F1: 0.9364033511909783
Time: 22.652134895324707
---- Epoch 6 -----
Full acc: 0.9875707448295137
F1: 0.9369736811415905
Time: 22.864179849624634
---- Epoch 7 -----
Full acc: 0.9876244584963667
F1: 0.9370353813077626
Time: 23.693715810775757
---- Epoch 8 -----
Full acc: 0.9875799154555618
F1: 0.9368985925889793
Time: 23.730650186538696
---- Epoch 9 -----
Full acc: 0.9876685648406931
F1: 0.9373358632179078
Time: 23.363152980804443
---- Epoch 10 -----
Full acc: 0.9876004401900503
F1: 0.9369077461513079
Time: 23.50187397003174
========= layer1 =========
---- Epoch 1 -----
Full acc: 0.9892192740357741
F1: 0.945935051880137
Time: 24.730132579803467
---- Epoch 2 -----
Full acc: 0.9895406826439351
F1: 0.9474281174050463
Time: 23.937697887420654
---- Epoch 3 -----
Full acc: 0.9893965728060369
F1: 0.9468488879394894
Time: 23.67947745323181
---- Epoch 4 -----
Full acc: 0.9895747449692566
F1: 0.9475362091131305
Time: 23.705036640167236
---- Epoch 5 -----
Full acc: 0.9895166643376188
F1: 0.9473173340824349
Time: 23.11790657043457
---- Epoch 6 -----
Full acc: 0.9894223378982672
F1: 0.9467914228898525
Time: 23.555724382400513
---- Epoch 7 -----
Full acc: 0.9895140441587479
F1: 0.9473753148272236
Time: 23.491533041000366
---- Epoch 8 -----
Full acc: 0.9894441727221912
F1: 0.9468733559529315
Time: 23.276288509368896
---- Epoch 9 -----
Full acc: 0.9895136074622695
F1: 0.9471682570455051
Time: 23.454942226409912
---- Epoch 10 -----
Full acc: 0.9892769179709335
F1: 0.946239156746125
Time: 23.7656888961792
========= layer2 =========
---- Epoch 1 -----
Full acc: 0.987212217020682
F1: 0.9365449336071846
Time: 24.697819709777832
---- Epoch 2 -----
Full acc: 0.9878209719116825
F1: 0.9390275169687566
Time: 23.471166133880615
---- Epoch 3 -----
Full acc: 0.9878777424538848
F1: 0.939209607623623
Time: 22.601664543151855
---- Epoch 4 -----
Full acc: 0.987779485746227
F1: 0.9388860969518198
Time: 23.237094402313232
---- Epoch 5 -----
Full acc: 0.9876537171604248
F1: 0.9382397235354052
Time: 23.25568675994873
---- Epoch 6 -----
Full acc: 0.9878183517328116
F1: 0.9388747954143002
Time: 22.843270540237427
---- Epoch 7 -----
Full acc: 0.987896957098938
F1: 0.9392873595857256
Time: 23.33509874343872
---- Epoch 8 -----
Full acc: 0.9878406232532141
F1: 0.93905192842976
Time: 23.14105725288391
---- Epoch 9 -----
Full acc: 0.9878122379821129
F1: 0.9388308924658905
Time: 23.033226251602173
---- Epoch 10 -----
Full acc: 0.9877934600335383
F1: 0.9389536399292673
Time: 23.214592218399048
========= x =========
---- Epoch 1 -----
Full acc: 0.9225143236444941
F1: 0.5097618110898805
Time: 23.57407546043396
---- Epoch 2 -----
Full acc: 0.9222741405813304
F1: 0.5154213514457215
Time: 22.265348434448242
---- Epoch 3 -----
Full acc: 0.9224780778367804
F1: 0.5232568543775166
Time: 22.374279499053955
---- Epoch 4 -----
Full acc: 0.9224724007825601
F1: 0.5212471292584734
Time: 22.66715669631958
---- Epoch 5 -----
Full acc: 0.9225440190050307
F1: 0.521874612079751
Time: 23.524901628494263
---- Epoch 6 -----
Full acc: 0.9224213072945779
F1: 0.5251562913251366
Time: 22.257214069366455
---- Epoch 7 -----
Full acc: 0.9224278577417552
F1: 0.52276755958843
Time: 23.246753215789795
---- Epoch 8 -----
Full acc: 0.9224924888205701
F1: 0.522526888638588
Time: 22.562206268310547
---- Epoch 9 -----
Full acc: 0.9223518725544997
F1: 0.5221544689824313
Time: 23.258167266845703
---- Epoch 10 -----
Full acc: 0.9225086465902739
F1: 0.5231958185859782
Time: 23.38544249534607
=============== Seed: 1 ================
========= layer0 =========
---- Epoch 1 -----
Full acc: 0.9875615742034656
F1: 0.9366704261759313
Time: 24.202945709228516
---- Epoch 2 -----
Full acc: 0.9875873392956959
F1: 0.937001504429092
Time: 23.579819440841675
---- Epoch 3 -----
Full acc: 0.9875786053661263
F1: 0.9368617797702431
Time: 22.99486804008484
---- Epoch 4 -----
Full acc: 0.9875694347400783
F1: 0.936931948818082
Time: 23.202451467514038
---- Epoch 5 -----
Full acc: 0.9875934530463947
F1: 0.9370227414105692
Time: 23.07374334335327
---- Epoch 6 -----
Full acc: 0.9876056805477921
F1: 0.9371572616353726
Time: 23.15685272216797
---- Epoch 7 -----
Full acc: 0.9875768585802124
F1: 0.9368394866534228
Time: 23.446709156036377
---- Epoch 8 -----
Full acc: 0.9876087374231414
F1: 0.9369535505037918
Time: 23.371455430984497
---- Epoch 9 -----
Full acc: 0.9875781686696479
F1: 0.9368714703866697
Time: 23.390666723251343
---- Epoch 10 -----
Full acc: 0.9876244584963667
F1: 0.9371524090442449
Time: 23.43392825126648
========= layer1 =========
---- Epoch 1 -----
Full acc: 0.989319277529346
F1: 0.9463572523835369
Time: 24.83953070640564
---- Epoch 2 -----
Full acc: 0.9894319452207937
F1: 0.9468397056111917
Time: 22.600929021835327
---- Epoch 3 -----
Full acc: 0.9895323854108441
F1: 0.9473867994594523
Time: 23.08626365661621
---- Epoch 4 -----
Full acc: 0.9895708147009502
F1: 0.9475703012749124
Time: 22.757141590118408
---- Epoch 5 -----
Full acc: 0.9895616440749022
F1: 0.9473761428458752
Time: 23.467984676361084
---- Epoch 6 -----
Full acc: 0.989617977920626
F1: 0.947754601960942
Time: 23.057194471359253
---- Epoch 7 -----
Full acc: 0.9895721247903857
F1: 0.9474659366569543
Time: 23.360904216766357
---- Epoch 8 -----
Full acc: 0.9894812919228619
F1: 0.9472044622869706
Time: 23.682836771011353
---- Epoch 9 -----
Full acc: 0.9895909027389603
F1: 0.9477034258506691
Time: 23.849796295166016
---- Epoch 10 -----
Full acc: 0.9894402424538848
F1: 0.9468807686881991
Time: 23.6876118183136
========= layer2 =========
---- Epoch 1 -----
Full acc: 0.9871619969256568
F1: 0.9361926924726832
Time: 24.43817687034607
---- Epoch 2 -----
Full acc: 0.9876497868921185
F1: 0.9382703763611969
Time: 23.400569677352905
---- Epoch 3 -----
Full acc: 0.9877925866405813
F1: 0.9388436850019246
Time: 23.368736743927002
---- Epoch 4 -----
Full acc: 0.9878152948574622
F1: 0.9389459408770815
Time: 23.40532898902893
---- Epoch 5 -----
Full acc: 0.987788656372275
F1: 0.9387966589720556
Time: 23.283340215682983
---- Epoch 6 -----
Full acc: 0.9878345095025154
F1: 0.9388846353909838
Time: 23.49939203262329
---- Epoch 7 -----
Full acc: 0.9878048141419787
F1: 0.9388957843865355
Time: 23.132744789123535
---- Epoch 8 -----
Full acc: 0.9878074343208496
F1: 0.9389592596716554
Time: 23.327532529830933
---- Epoch 9 -----
Full acc: 0.9878773057574064
F1: 0.9391384209459206
Time: 23.25326657295227
---- Epoch 10 -----
Full acc: 0.9878240287870319
F1: 0.9390792422072891
Time: 23.282734155654907
========= x =========
---- Epoch 1 -----
Full acc: 0.9224662870318614
F1: 0.5082238635580999
Time: 24.78768014907837
---- Epoch 2 -----
Full acc: 0.9225894354387926
F1: 0.5199044478266328
Time: 23.38862419128418
---- Epoch 3 -----
Full acc: 0.9224038394354388
F1: 0.5212568057885386
Time: 23.01758050918579
---- Epoch 4 -----
Full acc: 0.922549696059251
F1: 0.5213279881366528
Time: 22.587379455566406
---- Epoch 5 -----
Full acc: 0.922376764253773
F1: 0.5222900609088603
Time: 22.751765966415405
---- Epoch 6 -----
Full acc: 0.9223693404136389
F1: 0.5250988730220159
Time: 23.467843294143677
---- Epoch 7 -----
Full acc: 0.9223413918390162
F1: 0.5210091075603722
Time: 22.969549655914307
---- Epoch 8 -----
Full acc: 0.9227750314421465
F1: 0.5227414275965852
Time: 23.052894115447998
---- Epoch 9 -----
Full acc: 0.9224872484628284
F1: 0.5232869590873183
Time: 23.53551411628723
---- Epoch 10 -----
Full acc: 0.922495108999441
F1: 0.5217475703261358
Time: 22.996411085128784
=============== Seed: 2 ================
========= layer0 =========
---- Epoch 1 -----
Full acc: 0.9875096073225266
F1: 0.9364657369071197
Time: 24.00392985343933
---- Epoch 2 -----
Full acc: 0.9875794787590833
F1: 0.9370083153554447
Time: 23.152825832366943
---- Epoch 3 -----
Full acc: 0.98757467509782
F1: 0.9369715311507321
Time: 22.68251085281372
---- Epoch 4 -----
Full acc: 0.9875982567076579
F1: 0.9371029780876349
Time: 23.578550100326538
---- Epoch 5 -----
Full acc: 0.9875384292901062
F1: 0.9367436706109494
Time: 22.655338525772095
---- Epoch 6 -----
Full acc: 0.9875899594745668
F1: 0.937016806635946
Time: 22.478862762451172
---- Epoch 7 -----
Full acc: 0.987552840273896
F1: 0.936739319005029
Time: 23.214679956436157
---- Epoch 8 -----
Full acc: 0.9875768585802124
F1: 0.9369190021859615
Time: 22.658259630203247
---- Epoch 9 -----
Full acc: 0.9875659411682505
F1: 0.9368276660417983
Time: 22.270974159240723
---- Epoch 10 -----
Full acc: 0.9876161612632756
F1: 0.9372107066056241
Time: 22.96663808822632
========= layer1 =========
---- Epoch 1 -----
Full acc: 0.9894144773616546
F1: 0.9469181641630844
Time: 24.876184225082397
---- Epoch 2 -----
Full acc: 0.9895681945220793
F1: 0.9474449996976283
Time: 23.589191913604736
---- Epoch 3 -----
Full acc: 0.9895904660424818
F1: 0.947489580756544
Time: 23.815956592559814
---- Epoch 4 -----
Full acc: 0.9895363156791503
F1: 0.9473815935353267
Time: 23.445104360580444
---- Epoch 5 -----
Full acc: 0.9894690644214645
F1: 0.9471180304075183
Time: 22.814987897872925
---- Epoch 6 -----
Full acc: 0.9895363156791503
F1: 0.9474198298134182
Time: 22.811892986297607
---- Epoch 7 -----
Full acc: 0.9894524699552822
F1: 0.9470092383825992
Time: 23.17574644088745
---- Epoch 8 -----
Full acc: 0.9894664442425937
F1: 0.947253137352859
Time: 23.18755793571472
---- Epoch 9 -----
Full acc: 0.989457710313024
F1: 0.9469866831194294
Time: 23.19134211540222
---- Epoch 10 -----
Full acc: 0.9895629541643376
F1: 0.947473372944627
Time: 23.21886944770813
========= layer2 =========
---- Epoch 1 -----
Full acc: 0.9871668005869201
F1: 0.9361418484639257
Time: 24.56337881088257
---- Epoch 2 -----
Full acc: 0.9877855994969257
F1: 0.9389263715799505
Time: 23.075220346450806
---- Epoch 3 -----
Full acc: 0.9878196618222471
F1: 0.9388800642500856
Time: 22.58952808380127
---- Epoch 4 -----
Full acc: 0.987875122275014
F1: 0.9391470498681554
Time: 23.24340534210205
---- Epoch 5 -----
Full acc: 0.987735816098379
F1: 0.938670588595649
Time: 23.560211658477783
---- Epoch 6 -----
Full acc: 0.9878174783398547
F1: 0.9389418886422692
Time: 23.573744535446167
---- Epoch 7 -----
Full acc: 0.987823155394075
F1: 0.9390167260015346
Time: 22.52663540840149
---- Epoch 8 -----
Full acc: 0.987863331470095
F1: 0.9390774992267416
Time: 23.406442403793335
---- Epoch 9 -----
Full acc: 0.9878209719116825
F1: 0.938956016731691
Time: 23.687302112579346
---- Epoch 10 -----
Full acc: 0.9878480470933483
F1: 0.9391085679599366
Time: 22.494253635406494
========= x =========
---- Epoch 1 -----
Full acc: 0.9225588666852991
F1: 0.5100731060888716
Time: 24.40084433555603
---- Epoch 2 -----
Full acc: 0.9225776446338737
F1: 0.5193232246246057
Time: 23.316532611846924
---- Epoch 3 -----
Full acc: 0.9224239274734488
F1: 0.5196915672997864
Time: 23.34114980697632
---- Epoch 4 -----
Full acc: 0.9227680442984908
F1: 0.5213690251847101
Time: 23.41377282142639
---- Epoch 5 -----
Full acc: 0.922035267607602
F1: 0.524785768751785
Time: 22.720277786254883
---- Epoch 6 -----
Full acc: 0.9222758873672443
F1: 0.5194328440539373
Time: 22.875426292419434
---- Epoch 7 -----
Full acc: 0.9223924853269984
F1: 0.52252097705096
Time: 22.936962366104126
---- Epoch 8 -----
Full acc: 0.9224344081889324
F1: 0.5226145373565936
Time: 23.446810007095337
---- Epoch 9 -----
Full acc: 0.9223453221073226
F1: 0.5235882614576536
Time: 23.24434518814087
---- Epoch 10 -----
Full acc: 0.9227601837618782
F1: 0.5224721680595477
Time: 23.577232599258423
=============== Seed: 3 ================
========= layer0 =========
---- Epoch 1 -----
Full acc: 0.9874078570430408
F1: 0.9360200772135778
Time: 24.407737493515015
---- Epoch 2 -----
Full acc: 0.98757467509782
F1: 0.9369372246274394
Time: 23.683009386062622
---- Epoch 3 -----
Full acc: 0.9875615742034656
F1: 0.9369106270728775
Time: 23.622382879257202
---- Epoch 4 -----
Full acc: 0.987520961430967
F1: 0.9367135046302126
Time: 23.604992151260376
---- Epoch 5 -----
Full acc: 0.9876109209055338
F1: 0.9370559021796481
Time: 23.839951515197754
---- Epoch 6 -----
Full acc: 0.9875449797372834
F1: 0.9367680742640797
Time: 23.622501373291016
---- Epoch 7 -----
Full acc: 0.9876026236724427
F1: 0.9368619906626694
Time: 22.65718650817871
---- Epoch 8 -----
Full acc: 0.9875685613471213
F1: 0.9369825799458003
Time: 23.027070999145508
---- Epoch 9 -----
Full acc: 0.9874611340134153
F1: 0.9362183764334702
Time: 22.927824020385742
---- Epoch 10 -----
Full acc: 0.9875672512576859
F1: 0.9368589703594074
Time: 23.419917821884155
========= layer1 =========
---- Epoch 1 -----
Full acc: 0.9892900188652879
F1: 0.9465960448706433
Time: 24.911512851715088
---- Epoch 2 -----
Full acc: 0.9893655673560648
F1: 0.9466122875290877
Time: 23.624687671661377
---- Epoch 3 -----
Full acc: 0.9895804220234768
F1: 0.9476697657795816
Time: 23.02370858192444
---- Epoch 4 -----
Full acc: 0.9895437395192845
F1: 0.9473631793484989
Time: 23.39305567741394
---- Epoch 5 -----
Full acc: 0.989597016489659
F1: 0.9477225423542809
Time: 23.303758144378662
---- Epoch 6 -----
Full acc: 0.9895088038010061
F1: 0.9472779414159651
Time: 23.667439937591553
---- Epoch 7 -----
Full acc: 0.9894380589714925
F1: 0.9469259040269445
Time: 23.283973217010498
---- Epoch 8 -----
Full acc: 0.9894821653158189
F1: 0.947219716767427
Time: 23.523293495178223
---- Epoch 9 -----
Full acc: 0.9895284551425377
F1: 0.9473269261973634
Time: 23.176960468292236
---- Epoch 10 -----
Full acc: 0.9894546534376747
F1: 0.9469708338607095
Time: 23.13631558418274
========= layer2 =========
---- Epoch 1 -----
Full acc: 0.9871820849636669
F1: 0.9361987646357516
Time: 24.726977348327637
---- Epoch 2 -----
Full acc: 0.9877755554779206
F1: 0.9387504381220315
Time: 23.756839513778687
---- Epoch 3 -----
Full acc: 0.9878148581609838
F1: 0.9388511412541266
Time: 23.28573703765869
---- Epoch 4 -----
Full acc: 0.9878768690609279
F1: 0.9392710067368544
Time: 23.51879072189331
---- Epoch 5 -----
Full acc: 0.9879017607602012
F1: 0.9392930801693629
Time: 23.380463361740112
---- Epoch 6 -----
Full acc: 0.9878030673560648
F1: 0.9389659691517659
Time: 22.96130895614624
---- Epoch 7 -----
Full acc: 0.9877283922582448
F1: 0.938628556288081
Time: 23.15418314933777
---- Epoch 8 -----
Full acc: 0.9878393131637786
F1: 0.939028278708714
Time: 23.10290765762329
---- Epoch 9 -----
Full acc: 0.9878497938792622
F1: 0.939148701361548
Time: 22.994922637939453
---- Epoch 10 -----
Full acc: 0.9878249021799889
F1: 0.9389217548182328
Time: 23.309600830078125
========= x =========
---- Epoch 1 -----
Full acc: 0.9222527424538849
F1: 0.5068009437886685
Time: 24.74017095565796
---- Epoch 2 -----
Full acc: 0.9225527529346004
F1: 0.5189506672335319
Time: 23.21174716949463
---- Epoch 3 -----
Full acc: 0.9222531791503633
F1: 0.521669689214968
Time: 23.330358743667603
---- Epoch 4 -----
Full acc: 0.922451439351593
F1: 0.515803969844363
Time: 22.97719931602478
---- Epoch 5 -----
Full acc: 0.9224252375628843
F1: 0.5242138652876405
Time: 23.436554670333862
---- Epoch 6 -----
Full acc: 0.9221933517328116
F1: 0.5217968824999412
Time: 22.66343379020691
---- Epoch 7 -----
Full acc: 0.9222475020961431
F1: 0.5268132523820566
Time: 23.474792957305908
---- Epoch 8 -----
Full acc: 0.9225959858859698
F1: 0.5246760046679861
Time: 23.555524587631226
---- Epoch 9 -----
Full acc: 0.9223702138065959
F1: 0.523630146724354
Time: 23.36944341659546
---- Epoch 10 -----
Full acc: 0.9222461920067077
F1: 0.5228184039905968
Time: 23.354392051696777
=============== Seed: 4 ================
========= layer0 =========
---- Epoch 1 -----
Full acc: 0.987447159726104
F1: 0.93620481519997
Time: 24.559685468673706
---- Epoch 2 -----
Full acc: 0.9875122275013974
F1: 0.9365466597109553
Time: 23.86471176147461
---- Epoch 3 -----
Full acc: 0.9876152878703186
F1: 0.9370506499713145
Time: 23.674904823303223
---- Epoch 4 -----
Full acc: 0.987563757685858
F1: 0.9367974522109183
Time: 23.103432178497314
---- Epoch 5 -----
Full acc: 0.9875676879541644
F1: 0.9366631710932228
Time: 23.232441425323486
---- Epoch 6 -----
Full acc: 0.9876607043040805
F1: 0.9373630152600738
Time: 23.81547737121582
---- Epoch 7 -----
Full acc: 0.9876030603689212
F1: 0.9369877940774473
Time: 23.898390769958496
---- Epoch 8 -----
Full acc: 0.9875183412520961
F1: 0.9366302622006135
Time: 23.830161333084106
---- Epoch 9 -----
Full acc: 0.9875449797372834
F1: 0.9366967207390415
Time: 23.62409806251526
---- Epoch 10 -----
Full acc: 0.9875349357182783
F1: 0.9367923180681744
Time: 23.9538996219635
========= layer1 =========
---- Epoch 1 -----
Full acc: 0.9893847820011179
F1: 0.9466432973198549
Time: 24.628037691116333
---- Epoch 2 -----
Full acc: 0.9895729981833427
F1: 0.9474319361325731
Time: 23.786879062652588
---- Epoch 3 -----
Full acc: 0.9895895926495248
F1: 0.9476460072794785
Time: 23.799997568130493
---- Epoch 4 -----
Full acc: 0.989405743432085
F1: 0.9467987740876511
Time: 23.21945858001709
---- Epoch 5 -----
Full acc: 0.9894467929010621
F1: 0.9470049103744153
Time: 23.100167274475098
---- Epoch 6 -----
Full acc: 0.9894699378144215
F1: 0.947079191652367
Time: 23.38007354736328
---- Epoch 7 -----
Full acc: 0.9895428661263276
F1: 0.9474600738716283
Time: 23.839037895202637
---- Epoch 8 -----
Full acc: 0.9894459195081051
F1: 0.9470379718707951
Time: 23.642427921295166
---- Epoch 9 -----
Full acc: 0.9894463562045835
F1: 0.9470712432813493
Time: 23.782021284103394
---- Epoch 10 -----
Full acc: 0.9894564002235886
F1: 0.9470853403020886
Time: 23.94310998916626
========= layer2 =========
---- Epoch 1 -----
Full acc: 0.9871087199552823
F1: 0.9360494579341777
Time: 25.201535940170288
---- Epoch 2 -----
Full acc: 0.9877615811906093
F1: 0.9387510175712374
Time: 23.91794443130493
---- Epoch 3 -----
Full acc: 0.9878371296813863
F1: 0.9390657686729463
Time: 24.007387161254883
---- Epoch 4 -----
Full acc: 0.9877502270821689
F1: 0.9387039036442131
Time: 23.953735828399658
---- Epoch 5 -----
Full acc: 0.9878882231693683
F1: 0.9393159773433594
Time: 23.533946990966797
---- Epoch 6 -----
Full acc: 0.9878493571827837
F1: 0.9390434423975853
Time: 23.704681396484375
---- Epoch 7 -----
Full acc: 0.9878816727221912
F1: 0.9393421049276733
Time: 23.601239442825317
---- Epoch 8 -----
Full acc: 0.98781878842929
F1: 0.9389587256958254
Time: 24.21494197845459
---- Epoch 9 -----
Full acc: 0.9878869130799329
F1: 0.9392679191043243
Time: 24.221402406692505
---- Epoch 10 -----
Full acc: 0.9877917132476244
F1: 0.938833695530436
Time: 24.297484397888184
========= x =========
---- Epoch 1 -----
Full acc: 0.9223859348798211
F1: 0.505379506020438
Time: 25.461020708084106
---- Epoch 2 -----
Full acc: 0.9224610466741197
F1: 0.5187233183530569
Time: 23.34058904647827
---- Epoch 3 -----
Full acc: 0.9226077766908888
F1: 0.518252702561264
Time: 23.49701189994812
---- Epoch 4 -----
Full acc: 0.9224889952487423
F1: 0.5223870592277613
Time: 23.559470415115356
---- Epoch 5 -----
Full acc: 0.9223964155953046
F1: 0.5236410612169393
Time: 23.81978416442871
---- Epoch 6 -----
Full acc: 0.9224335347959755
F1: 0.5204483914340357
Time: 23.694196701049805
---- Epoch 7 -----
Full acc: 0.9222636598658468
F1: 0.5252607346865977
Time: 23.139044284820557
---- Epoch 8 -----
Full acc: 0.9224370283678033
F1: 0.5224281323660195
Time: 23.252589464187622
---- Epoch 9 -----
Full acc: 0.9226667307154836
F1: 0.5240110182192927
Time: 23.174277782440186
---- Epoch 10 -----
Full acc: 0.922645332588038
F1: 0.524136004260858
Time: 23.819869995117188
