Loading rhel8/default-amp
  Loading requirement: dot rhel8/slurm singularity/current rhel8/global
    cuda/11.4 libpciaccess/0.16/gcc-9.4.0-6fonbj6
    libiconv/1.16/gcc-9.4.0-ahebbov libxml2/2.9.12/gcc-9.4.0-gnknt5e
    ncurses/6.2/gcc-9.4.0-aiirok7 hwloc/2.5.0/gcc-9.4.0-7sqomga
    libevent/2.1.12/gcc-9.4.0-hgny7cm numactl/2.0.14/gcc-9.4.0-52dwc6n
    cuda/11.4.0/gcc-9.4.0-3hnxhjt gdrcopy/2.2/gcc-9.4.0-e4igtfp
    knem/1.1.4/gcc-9.4.0-bpbxgva libnl/3.3.0/gcc-9.4.0-whwhrwb
    rdma-core/34.0/gcc-9.4.0-5eo5n2u ucx/1.11.1/gcc-9.4.0-lktqyl4
    openmpi/4.1.1/gcc-9.4.0-epagguv
Changed directory to /rds/user/tdb47/hpc-work/planning/thinker_private_planning/probing.

JobID: 58688707
======
Time: Sun Aug 11 11:20:19 BST 2024
Running on master node: gpu-q-48
Current directory: /rds/user/tdb47/hpc-work/planning/thinker_private_planning/probing

Nodes allocated:
================
gpu-q-48

numtasks=1, numnodes=1, mpi_tasks_per_node=1 (OMP_NUM_THREADS=1)

Executing command:
==================
python train_conv_probe.py --feature agent_onto --num_epochs 10 --weight_decay 0.001 --kernel 3 --model_name 250m 


test
=================================== FEATURE: agent_onto =========================================
!!!!
=============== Seed: 0 ================
========= layer0 =========
---- Epoch 1 -----
Full acc: 0.9773786857182784
F1: 0.9441866328488726
Time: 28.187093496322632
---- Epoch 2 -----
Full acc: 0.977664285215204
F1: 0.944823635639873
Time: 24.07392978668213
---- Epoch 3 -----
Full acc: 0.9774682084963667
F1: 0.944421943400779
Time: 23.76970338821411
---- Epoch 4 -----
Full acc: 0.9775407001117943
F1: 0.9446635808247418
Time: 23.54096531867981
---- Epoch 5 -----
Full acc: 0.9774070709893795
F1: 0.9441994909185039
Time: 23.618825912475586
---- Epoch 6 -----
Full acc: 0.977514061626607
F1: 0.944475536389977
Time: 23.43406581878662
---- Epoch 7 -----
Full acc: 0.9775302193963108
F1: 0.9445450351995792
Time: 22.288757801055908
---- Epoch 8 -----
Full acc: 0.9776066412800447
F1: 0.9447716779161026
Time: 23.756635665893555
---- Epoch 9 -----
Full acc: 0.9776917970933482
F1: 0.9449608895209775
Time: 23.470402002334595
---- Epoch 10 -----
Full acc: 0.9775389533258804
F1: 0.9443428465072793
Time: 23.314175605773926
========= layer1 =========
---- Epoch 1 -----
Full acc: 0.979493606763555
F1: 0.9495680452274475
Time: 25.574257850646973
---- Epoch 2 -----
Full acc: 0.9796372799049748
F1: 0.9499775253416524
Time: 23.342626333236694
---- Epoch 3 -----
Full acc: 0.9791625908328675
F1: 0.9489001692047377
Time: 23.92439341545105
---- Epoch 4 -----
Full acc: 0.9797080247344886
F1: 0.9499805700667077
Time: 23.2496817111969
---- Epoch 5 -----
Full acc: 0.9797062779485747
F1: 0.9500223157872095
Time: 23.146162509918213
---- Epoch 6 -----
Full acc: 0.9797324797372834
F1: 0.9501133469987499
Time: 23.543907642364502
---- Epoch 7 -----
Full acc: 0.9792005834264953
F1: 0.9488313030511708
Time: 24.13123846054077
---- Epoch 8 -----
Full acc: 0.9793171813862493
F1: 0.9492459005150209
Time: 38.789799213409424
---- Epoch 9 -----
Full acc: 0.9795818194522079
F1: 0.9497982524517856
Time: 33.909650802612305
---- Epoch 10 -----
Full acc: 0.9795822561486864
F1: 0.9497329951738085
Time: 23.19056010246277
========= layer2 =========
---- Epoch 1 -----
Full acc: 0.9798547547512577
F1: 0.9502076166771185
Time: 25.569021701812744
---- Epoch 2 -----
Full acc: 0.9799984278926774
F1: 0.9506153404912804
Time: 24.329925298690796
---- Epoch 3 -----
Full acc: 0.9801538918390162
F1: 0.9509268037741635
Time: 23.750438690185547
---- Epoch 4 -----
Full acc: 0.9798979877026271
F1: 0.9502962873382513
Time: 23.42367911338806
---- Epoch 5 -----
Full acc: 0.979591863471213
F1: 0.9496356823318055
Time: 23.807169914245605
---- Epoch 6 -----
Full acc: 0.9802486549748463
F1: 0.9512185914879252
Time: 24.305251121520996
---- Epoch 7 -----
Full acc: 0.9800674259362773
F1: 0.9505839760606625
Time: 24.423187255859375
---- Epoch 8 -----
Full acc: 0.9801237597820012
F1: 0.950917116085361
Time: 23.908970594406128
---- Epoch 9 -----
Full acc: 0.9797355366126328
F1: 0.9499991379904834
Time: 24.027018070220947
---- Epoch 10 -----
Full acc: 0.9801966880939073
F1: 0.9510302988417372
Time: 23.910210371017456
========= x =========
---- Epoch 1 -----
Full acc: 0.8963819696757965
F1: 0.720037379163712
Time: 24.743093967437744
---- Epoch 2 -----
Full acc: 0.8971623462828395
F1: 0.725363922832732
Time: 23.95131015777588
---- Epoch 3 -----
Full acc: 0.8973265441587479
F1: 0.7258708416698147
Time: 22.586726427078247
---- Epoch 4 -----
Full acc: 0.8972466287031862
F1: 0.7292084569058478
Time: 22.718488693237305
---- Epoch 5 -----
Full acc: 0.8972780708496366
F1: 0.7296590641359376
Time: 23.220131158828735
---- Epoch 6 -----
Full acc: 0.8969876676914478
F1: 0.7272474995663988
Time: 22.7928683757782
---- Epoch 7 -----
Full acc: 0.8969662695640023
F1: 0.7228899247968411
Time: 23.541120052337646
---- Epoch 8 -----
Full acc: 0.8970226034097261
F1: 0.7254089579490619
Time: 22.47473907470703
---- Epoch 9 -----
Full acc: 0.8974051495248743
F1: 0.7287819001683179
Time: 22.977946758270264
---- Epoch 10 -----
Full acc: 0.8971247903856904
F1: 0.7247043425419529
Time: 23.12539553642273
=============== Seed: 1 ================
========= layer0 =========
---- Epoch 1 -----
Full acc: 0.9773568508943544
F1: 0.9441177072858974
Time: 25.292067289352417
---- Epoch 2 -----
Full acc: 0.9776647219116825
F1: 0.945007730700666
Time: 23.914690494537354
---- Epoch 3 -----
Full acc: 0.9776162486025712
F1: 0.9447830025972683
Time: 23.655324459075928
---- Epoch 4 -----
Full acc: 0.9774708286752376
F1: 0.9442418556794625
Time: 23.3182315826416
---- Epoch 5 -----
Full acc: 0.9775874266349917
F1: 0.9445919291612732
Time: 23.12412929534912
---- Epoch 6 -----
Full acc: 0.9776083880659586
F1: 0.9446934273895621
Time: 33.345308780670166
---- Epoch 7 -----
Full acc: 0.9776411403018446
F1: 0.9447737882592525
Time: 50.72893285751343
---- Epoch 8 -----
Full acc: 0.9775651551145892
F1: 0.94455285254819
Time: 23.38048005104065
---- Epoch 9 -----
Full acc: 0.9775533643096702
F1: 0.944500770387742
Time: 23.6121084690094
---- Epoch 10 -----
Full acc: 0.977537643236445
F1: 0.9445147399408224
Time: 23.591550588607788
========= layer1 =========
---- Epoch 1 -----
Full acc: 0.9794027738960313
F1: 0.949389337058903
Time: 25.132965087890625
---- Epoch 2 -----
Full acc: 0.9792818089714924
F1: 0.9490488612431764
Time: 23.027494430541992
---- Epoch 3 -----
Full acc: 0.9792853025433202
F1: 0.949048478865887
Time: 23.330507516860962
---- Epoch 4 -----
Full acc: 0.9792678346841811
F1: 0.9491707253356231
Time: 23.906160593032837
---- Epoch 5 -----
Full acc: 0.9794171848798211
F1: 0.9494386904027591
Time: 23.39495849609375
---- Epoch 6 -----
Full acc: 0.9793800656791504
F1: 0.9495198732491036
Time: 23.63862943649292
---- Epoch 7 -----
Full acc: 0.9795573644494131
F1: 0.9497600261009178
Time: 22.91646432876587
---- Epoch 8 -----
Full acc: 0.9793141245108999
F1: 0.9492404117860744
Time: 23.807135343551636
---- Epoch 9 -----
Full acc: 0.9795167516769144
F1: 0.9494994083770366
Time: 23.07478141784668
---- Epoch 10 -----
Full acc: 0.9797482008105086
F1: 0.9500935711910499
Time: 23.5467472076416
========= layer2 =========
---- Epoch 1 -----
Full acc: 0.9799298665455561
F1: 0.950428688995814
Time: 25.53805661201477
---- Epoch 2 -----
Full acc: 0.9802368641699273
F1: 0.9510704686449236
Time: 23.89415955543518
---- Epoch 3 -----
Full acc: 0.977997484628284
F1: 0.9460191478602223
Time: 23.106701850891113
---- Epoch 4 -----
Full acc: 0.980170923001677
F1: 0.9510368557998903
Time: 23.70175790786743
---- Epoch 5 -----
Full acc: 0.9796604248183343
F1: 0.9497920578831514
Time: 23.345783948898315
---- Epoch 6 -----
Full acc: 0.9801412276411403
F1: 0.9509439579892578
Time: 23.744500398635864
---- Epoch 7 -----
Full acc: 0.9803945115986584
F1: 0.9514799192034471
Time: 23.471383571624756
---- Epoch 8 -----
Full acc: 0.9801041084404696
F1: 0.9508001986998121
Time: 23.51474618911743
---- Epoch 9 -----
Full acc: 0.9802364274734489
F1: 0.9510737779795785
Time: 23.05356192588806
---- Epoch 10 -----
Full acc: 0.9799831435159306
F1: 0.9505283687216078
Time: 23.296642780303955
========= x =========
---- Epoch 1 -----
Full acc: 0.8967728130240358
F1: 0.7243815018387626
Time: 24.879936933517456
---- Epoch 2 -----
Full acc: 0.8973461955002795
F1: 0.7288579967449441
Time: 23.945366382598877
---- Epoch 3 -----
Full acc: 0.8972680268306317
F1: 0.7297304749431309
Time: 22.490700721740723
---- Epoch 4 -----
Full acc: 0.8970819941307994
F1: 0.7282482357824823
Time: 23.793755054473877
---- Epoch 5 -----
Full acc: 0.8972029590553382
F1: 0.7262440413127894
Time: 22.501797914505005
---- Epoch 6 -----
Full acc: 0.8969553521520403
F1: 0.7245194115023688
Time: 24.620370149612427
---- Epoch 7 -----
Full acc: 0.8973689037171604
F1: 0.7296831310320872
Time: 53.50037503242493
---- Epoch 8 -----
Full acc: 0.8971649664617104
F1: 0.7269206148936368
Time: 22.600396156311035
---- Epoch 9 -----
Full acc: 0.8971191133314701
F1: 0.7256985640417806
Time: 22.788723468780518
---- Epoch 10 -----
Full acc: 0.8973990357741756
F1: 0.7279919977215735
Time: 23.042973518371582
=============== Seed: 2 ================
========= layer0 =========
---- Epoch 1 -----
Full acc: 0.9775922302962549
F1: 0.9445490285921773
Time: 25.023396968841553
---- Epoch 2 -----
Full acc: 0.9775433202906652
F1: 0.9445277458355896
Time: 23.45524001121521
---- Epoch 3 -----
Full acc: 0.9775874266349917
F1: 0.9446016180304069
Time: 23.53951334953308
---- Epoch 4 -----
Full acc: 0.977546813862493
F1: 0.9445636446363148
Time: 23.474693775177002
---- Epoch 5 -----
Full acc: 0.9776839365567356
F1: 0.9450837359651989
Time: 24.368446111679077
---- Epoch 6 -----
Full acc: 0.977633279765232
F1: 0.9447843898231997
Time: 24.47608470916748
---- Epoch 7 -----
Full acc: 0.977707081470095
F1: 0.9449837211131935
Time: 24.103190898895264
---- Epoch 8 -----
Full acc: 0.9773481169647847
F1: 0.9440673378744273
Time: 23.801778554916382
---- Epoch 9 -----
Full acc: 0.9774682084963667
F1: 0.944313491857915
Time: 23.642589330673218
---- Epoch 10 -----
Full acc: 0.9775616615427614
F1: 0.94456647448733
Time: 23.51187801361084
========= layer1 =========
---- Epoch 1 -----
Full acc: 0.9795853130240357
F1: 0.9496784666292065
Time: 25.454890251159668
---- Epoch 2 -----
Full acc: 0.9797586815259922
F1: 0.9502047095552254
Time: 23.799114227294922
---- Epoch 3 -----
Full acc: 0.9793215483510341
F1: 0.9490169900299318
Time: 23.602935314178467
---- Epoch 4 -----
Full acc: 0.9796551844605925
F1: 0.9497501963051488
Time: 23.881324291229248
---- Epoch 5 -----
Full acc: 0.9795730855226383
F1: 0.9497491539990331
Time: 24.11328387260437
---- Epoch 6 -----
Full acc: 0.9794599811347121
F1: 0.9495443598779238
Time: 23.23344659805298
---- Epoch 7 -----
Full acc: 0.9798202557294577
F1: 0.9502730088219405
Time: 23.513249158859253
---- Epoch 8 -----
Full acc: 0.9794708985466741
F1: 0.9494762771722192
Time: 22.86353826522827
---- Epoch 9 -----
Full acc: 0.979858685019564
F1: 0.9503467609448778
Time: 22.97237205505371
---- Epoch 10 -----
Full acc: 0.9794717719396311
F1: 0.9496131592317636
Time: 23.522063493728638
========= layer2 =========
---- Epoch 1 -----
Full acc: 0.9798700391280045
F1: 0.9502951280685448
Time: 25.381309032440186
---- Epoch 2 -----
Full acc: 0.9797709090273896
F1: 0.9500607490186904
Time: 23.691161632537842
---- Epoch 3 -----
Full acc: 0.9802434146171045
F1: 0.9511587661275609
Time: 22.402964115142822
---- Epoch 4 -----
Full acc: 0.9800429709334824
F1: 0.9506927825886181
Time: 23.290951013565063
---- Epoch 5 -----
Full acc: 0.980328570430408
F1: 0.951312253972646
Time: 22.199846029281616
---- Epoch 6 -----
Full acc: 0.9797560613471213
F1: 0.9499000854866199
Time: 23.631497144699097
---- Epoch 7 -----
Full acc: 0.9802145926495249
F1: 0.9510592998348372
Time: 61.98273158073425
---- Epoch 8 -----
Full acc: 0.979719378842929
F1: 0.9498938882433352
Time: 23.058467149734497
---- Epoch 9 -----
Full acc: 0.9802595723868083
F1: 0.9512594857683823
Time: 22.687122106552124
---- Epoch 10 -----
Full acc: 0.9801936312185578
F1: 0.9510306189544058
Time: 23.17802143096924
========= x =========
---- Epoch 1 -----
Full acc: 0.8967396240916713
F1: 0.7214227986135819
Time: 24.962932348251343
---- Epoch 2 -----
Full acc: 0.8974243641699273
F1: 0.7283478590725732
Time: 23.49385118484497
---- Epoch 3 -----
Full acc: 0.8970466217160424
F1: 0.7262364964588586
Time: 23.575950622558594
---- Epoch 4 -----
Full acc: 0.8973352780883175
F1: 0.727865816249754
Time: 23.508704900741577
---- Epoch 5 -----
Full acc: 0.8972732671883734
F1: 0.7272689328943097
Time: 23.242816925048828
---- Epoch 6 -----
Full acc: 0.8971819976243711
F1: 0.7285057177022183
Time: 23.1111421585083
---- Epoch 7 -----
Full acc: 0.8972095095025153
F1: 0.7275008972088123
Time: 22.926146984100342
---- Epoch 8 -----
Full acc: 0.8973147533538289
F1: 0.7265188583019212
Time: 23.093788862228394
---- Epoch 9 -----
Full acc: 0.8972344012017887
F1: 0.729738575978115
Time: 22.799275875091553
---- Epoch 10 -----
Full acc: 0.8973710871995528
F1: 0.7288965383586042
Time: 23.40561842918396
=============== Seed: 3 ================
========= layer0 =========
---- Epoch 1 -----
Full acc: 0.9773402564281721
F1: 0.9439435989788875
Time: 25.50355815887451
---- Epoch 2 -----
Full acc: 0.9774808726942426
F1: 0.9444171981490723
Time: 23.160528421401978
---- Epoch 3 -----
Full acc: 0.9775428835941867
F1: 0.944578141856247
Time: 23.403874158859253
---- Epoch 4 -----
Full acc: 0.9775826229737283
F1: 0.944502943828339
Time: 23.846394538879395
---- Epoch 5 -----
Full acc: 0.9775363331470095
F1: 0.9446117004552522
Time: 23.07541537284851
---- Epoch 6 -----
Full acc: 0.9777166887926215
F1: 0.9449932032482113
Time: 23.12694549560547
---- Epoch 7 -----
Full acc: 0.9776035844046954
F1: 0.9445996366126771
Time: 23.62188220024109
---- Epoch 8 -----
Full acc: 0.977728916294019
F1: 0.9449736785601379
Time: 23.3107750415802
---- Epoch 9 -----
Full acc: 0.9775590413638905
F1: 0.9447525216579834
Time: 23.548126459121704
---- Epoch 10 -----
Full acc: 0.9775721422582448
F1: 0.9444951193574325
Time: 23.594419717788696
========= layer1 =========
---- Epoch 1 -----
Full acc: 0.9793564840693124
F1: 0.9491985161049044
Time: 26.149278163909912
---- Epoch 2 -----
Full acc: 0.9796158817775293
F1: 0.9498719898279165
Time: 23.729066848754883
---- Epoch 3 -----
Full acc: 0.9793791922861934
F1: 0.9492071277824748
Time: 23.928083896636963
---- Epoch 4 -----
Full acc: 0.9796543110676356
F1: 0.9500095495816425
Time: 23.52636218070984
---- Epoch 5 -----
Full acc: 0.9796407734768027
F1: 0.9500226726255114
Time: 23.06277585029602
---- Epoch 6 -----
Full acc: 0.9798521345723868
F1: 0.9503678546955127
Time: 22.941294193267822
---- Epoch 7 -----
Full acc: 0.979418931665735
F1: 0.949440811882144
Time: 23.835864305496216
---- Epoch 8 -----
Full acc: 0.9796023441866964
F1: 0.949844031032724
Time: 29.07396936416626
---- Epoch 9 -----
Full acc: 0.9793800656791504
F1: 0.9493675501091614
Time: 40.09614300727844
---- Epoch 10 -----
Full acc: 0.9797381567915037
F1: 0.9501763232836936
Time: 23.42604351043701
========= layer2 =========
---- Epoch 1 -----
Full acc: 0.9796516908887647
F1: 0.9497704983064953
Time: 24.50545382499695
---- Epoch 2 -----
Full acc: 0.9798115217998882
F1: 0.9500372856077554
Time: 22.734403133392334
---- Epoch 3 -----
Full acc: 0.979956068334265
F1: 0.9506242032735037
Time: 23.58184242248535
---- Epoch 4 -----
Full acc: 0.9801416643376187
F1: 0.9509897116547358
Time: 23.728254079818726
---- Epoch 5 -----
Full acc: 0.9797333531302403
F1: 0.9499424557739995
Time: 24.160956859588623
---- Epoch 6 -----
Full acc: 0.9797896869759642
F1: 0.950143815915628
Time: 24.204105138778687
---- Epoch 7 -----
Full acc: 0.9799765930687535
F1: 0.950500265570415
Time: 24.050179481506348
---- Epoch 8 -----
Full acc: 0.9801084754052544
F1: 0.9508238489757758
Time: 23.91896390914917
---- Epoch 9 -----
Full acc: 0.9799023546674119
F1: 0.9502809941640504
Time: 23.42457365989685
---- Epoch 10 -----
Full acc: 0.9798054080491895
F1: 0.9502645730264573
Time: 23.482873916625977
========= x =========
---- Epoch 1 -----
Full acc: 0.896756655254332
F1: 0.7247789619506062
Time: 25.44940757751465
---- Epoch 2 -----
Full acc: 0.8973413918390162
F1: 0.7280891286545108
Time: 23.48113465309143
---- Epoch 3 -----
Full acc: 0.8975418355226383
F1: 0.7283224544668198
Time: 23.46299719810486
---- Epoch 4 -----
Full acc: 0.8972588562045836
F1: 0.7270601092135441
Time: 23.589936017990112
---- Epoch 5 -----
Full acc: 0.8973999091671325
F1: 0.7305294306555948
Time: 23.292163372039795
---- Epoch 6 -----
Full acc: 0.8970278437674679
F1: 0.7272964883631636
Time: 23.288044452667236
---- Epoch 7 -----
Full acc: 0.8972514323644494
F1: 0.7278930288822943
Time: 23.51374340057373
---- Epoch 8 -----
Full acc: 0.896812115707099
F1: 0.7232777762163074
Time: 22.866348028182983
---- Epoch 9 -----
Full acc: 0.8970217300167691
F1: 0.7251986323559231
Time: 22.892893314361572
---- Epoch 10 -----
Full acc: 0.8973383349636669
F1: 0.7274419985136594
Time: 22.601725101470947
=============== Seed: 4 ================
========= layer0 =========
---- Epoch 1 -----
Full acc: 0.9775538010061486
F1: 0.9445622466742741
Time: 25.484830379486084
---- Epoch 2 -----
Full acc: 0.9775171185019564
F1: 0.9445841334355168
Time: 23.673946619033813
---- Epoch 3 -----
Full acc: 0.9777542446897708
F1: 0.9450584295475013
Time: 23.690009117126465
---- Epoch 4 -----
Full acc: 0.9775939770821688
F1: 0.9447297891226226
Time: 23.66192388534546
---- Epoch 5 -----
Full acc: 0.9775188652878704
F1: 0.9445802069091731
Time: 23.89425563812256
---- Epoch 6 -----
Full acc: 0.9775210487702627
F1: 0.9445820696753301
Time: 23.878707885742188
---- Epoch 7 -----
Full acc: 0.9773930967020682
F1: 0.9442388311783435
Time: 23.73318123817444
---- Epoch 8 -----
Full acc: 0.9776529311067635
F1: 0.9448020183781136
Time: 24.229855060577393
---- Epoch 9 -----
Full acc: 0.9775485606484069
F1: 0.9443046970297716
Time: 40.941797971725464
---- Epoch 10 -----
Full acc: 0.9774546709055338
F1: 0.9442939224730922
Time: 23.268396377563477
========= layer1 =========
---- Epoch 1 -----
Full acc: 0.9797844466182225
F1: 0.9502572456448763
Time: 25.364623308181763
---- Epoch 2 -----
Full acc: 0.9794403297931805
F1: 0.9493975644622148
Time: 23.689619064331055
---- Epoch 3 -----
Full acc: 0.979173071548351
F1: 0.9488774740163962
Time: 23.91300368309021
---- Epoch 4 -----
Full acc: 0.9797516943823364
F1: 0.9502637148339996
Time: 23.37382960319519
---- Epoch 5 -----
Full acc: 0.9795438268585802
F1: 0.9497236804116298
Time: 22.975691556930542
---- Epoch 6 -----
Full acc: 0.9796276725824483
F1: 0.9498646428107009
Time: 23.232901573181152
---- Epoch 7 -----
Full acc: 0.9795870598099496
F1: 0.949826005379772
Time: 23.15167498588562
---- Epoch 8 -----
Full acc: 0.9794027738960313
F1: 0.949265868533996
Time: 23.04415512084961
---- Epoch 9 -----
Full acc: 0.9797333531302403
F1: 0.9500284803959044
Time: 23.973063230514526
---- Epoch 10 -----
Full acc: 0.9797560613471213
F1: 0.9501619626018515
Time: 24.239789485931396
========= layer2 =========
---- Epoch 1 -----
Full acc: 0.9792442530743433
F1: 0.9488206315449431
Time: 24.569568395614624
---- Epoch 2 -----
Full acc: 0.9802276935438793
F1: 0.9511320353539114
Time: 23.987332344055176
---- Epoch 3 -----
Full acc: 0.9802582622973728
F1: 0.9511467391715467
Time: 23.719353437423706
---- Epoch 4 -----
Full acc: 0.9795097645332588
F1: 0.9493322736387658
Time: 23.7825345993042
---- Epoch 5 -----
Full acc: 0.980085330491895
F1: 0.950750093687463
Time: 23.13304328918457
---- Epoch 6 -----
Full acc: 0.9800442810229179
F1: 0.9507023488582583
Time: 23.490940809249878
---- Epoch 7 -----
Full acc: 0.979826806176635
F1: 0.9501996004756346
Time: 23.34654998779297
---- Epoch 8 -----
Full acc: 0.9794311591671325
F1: 0.9492709059205304
Time: 24.010046243667603
---- Epoch 9 -----
Full acc: 0.9802224531861375
F1: 0.9510327252203792
Time: 24.14531135559082
---- Epoch 10 -----
Full acc: 0.9802661228339855
F1: 0.9512543728028116
Time: 23.663241624832153
========= x =========
---- Epoch 1 -----
Full acc: 0.897002515371716
F1: 0.7270090396657292
Time: 25.220274448394775
---- Epoch 2 -----
Full acc: 0.8971470619060928
F1: 0.7267219043663
Time: 47.72356963157654
---- Epoch 3 -----
Full acc: 0.8971392013694801
F1: 0.7275318428787744
Time: 23.454455852508545
---- Epoch 4 -----
Full acc: 0.8967632057015092
F1: 0.7220280789219952
Time: 22.992440462112427
---- Epoch 5 -----
Full acc: 0.8972003388764673
F1: 0.72955519634571
Time: 22.325004816055298
---- Epoch 6 -----
Full acc: 0.8970073190329794
F1: 0.7237012747382516
Time: 22.39029312133789
---- Epoch 7 -----
Full acc: 0.8974379017607602
F1: 0.7286332118960053
Time: 23.240806341171265
---- Epoch 8 -----
Full acc: 0.8974296045276691
F1: 0.7291579702357204
Time: 23.768031120300293
---- Epoch 9 -----
Full acc: 0.8974344081889324
F1: 0.7278718535469108
Time: 23.467515230178833
---- Epoch 10 -----
Full acc: 0.8975086465902739
F1: 0.7305229437328847
Time: 23.059407472610474
