Loading rhel8/default-amp
  Loading requirement: dot rhel8/slurm singularity/current rhel8/global
    cuda/11.4 libpciaccess/0.16/gcc-9.4.0-6fonbj6
    libiconv/1.16/gcc-9.4.0-ahebbov libxml2/2.9.12/gcc-9.4.0-gnknt5e
    ncurses/6.2/gcc-9.4.0-aiirok7 hwloc/2.5.0/gcc-9.4.0-7sqomga
    libevent/2.1.12/gcc-9.4.0-hgny7cm numactl/2.0.14/gcc-9.4.0-52dwc6n
    cuda/11.4.0/gcc-9.4.0-3hnxhjt gdrcopy/2.2/gcc-9.4.0-e4igtfp
    knem/1.1.4/gcc-9.4.0-bpbxgva libnl/3.3.0/gcc-9.4.0-whwhrwb
    rdma-core/34.0/gcc-9.4.0-5eo5n2u ucx/1.11.1/gcc-9.4.0-lktqyl4
    openmpi/4.1.1/gcc-9.4.0-epagguv
Changed directory to /rds/user/tdb47/hpc-work/planning/thinker_private_planning/probing.

JobID: 58688749
======
Time: Sun Aug 11 11:43:34 BST 2024
Running on master node: gpu-q-9
Current directory: /rds/user/tdb47/hpc-work/planning/thinker_private_planning/probing

Nodes allocated:
================
gpu-q-9

numtasks=1, numnodes=1, mpi_tasks_per_node=1 (OMP_NUM_THREADS=1)

Executing command:
==================
python train_conv_probe.py --feature agent_from --num_epochs 10 --weight_decay 0.001 --kernel 1 --model_name 250m 


test
=================================== FEATURE: agent_from =========================================
!!!!
=============== Seed: 0 ================
========= layer0 =========
---- Epoch 1 -----
Full acc: 0.9590339400503074
F1: 0.9009028804071677
Time: 25.718831300735474
---- Epoch 2 -----
Full acc: 0.959204688373393
F1: 0.9011637994879282
Time: 23.782750606536865
---- Epoch 3 -----
Full acc: 0.9591880939072107
F1: 0.9010731471856614
Time: 23.803118467330933
---- Epoch 4 -----
Full acc: 0.9591557783678032
F1: 0.9010279212794731
Time: 23.279577016830444
---- Epoch 5 -----
Full acc: 0.9591754297093348
F1: 0.9011038998820462
Time: 23.172397136688232
---- Epoch 6 -----
Full acc: 0.9591592719396311
F1: 0.900926726329706
Time: 22.862924575805664
---- Epoch 7 -----
Full acc: 0.9590177822806036
F1: 0.9004856633864947
Time: 23.14734411239624
---- Epoch 8 -----
Full acc: 0.9591413673840135
F1: 0.9010086090970553
Time: 23.205124378204346
---- Epoch 9 -----
Full acc: 0.9590684390721074
F1: 0.9008269884331659
Time: 23.41535520553589
---- Epoch 10 -----
Full acc: 0.9590894005030743
F1: 0.9007717353771716
Time: 23.72148609161377
========= layer1 =========
---- Epoch 1 -----
Full acc: 0.9608981973169368
F1: 0.9049747632328532
Time: 24.434625387191772
---- Epoch 2 -----
Full acc: 0.9607706819452208
F1: 0.9048724389303762
Time: 23.600717782974243
---- Epoch 3 -----
Full acc: 0.9608335662381219
F1: 0.9049044888542055
Time: 22.962729930877686
---- Epoch 4 -----
Full acc: 0.9609353165176076
F1: 0.9051196465069117
Time: 23.29803156852722
---- Epoch 5 -----
Full acc: 0.9608418634712129
F1: 0.9049825635178567
Time: 23.39643383026123
---- Epoch 6 -----
Full acc: 0.9608885899944103
F1: 0.9051651842439644
Time: 22.66975164413452
---- Epoch 7 -----
Full acc: 0.9609361899105645
F1: 0.9054323062854485
Time: 23.76121973991394
---- Epoch 8 -----
Full acc: 0.9610195989379542
F1: 0.9055062595671974
Time: 23.106537342071533
---- Epoch 9 -----
Full acc: 0.960913918390162
F1: 0.9050879090581324
Time: 23.59002423286438
---- Epoch 10 -----
Full acc: 0.9610331365287871
F1: 0.9056286890646631
Time: 23.247745990753174
========= layer2 =========
---- Epoch 1 -----
Full acc: 0.9587596946618222
F1: 0.8975205122834965
Time: 24.27404522895813
---- Epoch 2 -----
Full acc: 0.9592509782001118
F1: 0.8987774583717525
Time: 23.62561821937561
---- Epoch 3 -----
Full acc: 0.9591815434600336
F1: 0.8987862492839748
Time: 22.995391607284546
---- Epoch 4 -----
Full acc: 0.95894703745109
F1: 0.8980217911056535
Time: 23.055886030197144
---- Epoch 5 -----
Full acc: 0.9593745633035216
F1: 0.8990753628628493
Time: 22.776033878326416
---- Epoch 6 -----
Full acc: 0.9593972715204024
F1: 0.8991753102752761
Time: 23.013916492462158
---- Epoch 7 -----
Full acc: 0.9590112318334265
F1: 0.8981647942106662
Time: 22.86842942237854
---- Epoch 8 -----
Full acc: 0.9587208286752376
F1: 0.897661698759936
Time: 23.227202653884888
---- Epoch 9 -----
Full acc: 0.9587483405533818
F1: 0.8975116497322867
Time: 23.72972559928894
---- Epoch 10 -----
Full acc: 0.9591156022917832
F1: 0.8984321434460733
Time: 23.902735471725464
========= x =========
---- Epoch 1 -----
Full acc: 0.8430146031302403
F1: 0.37865520829372334
Time: 24.640555381774902
---- Epoch 2 -----
Full acc: 0.8430146031302403
F1: 0.37865520829372334
Time: 23.58906316757202
---- Epoch 3 -----
Full acc: 0.8430146031302403
F1: 0.37865520829372334
Time: 23.540064096450806
---- Epoch 4 -----
Full acc: 0.8430146031302403
F1: 0.37865520829372334
Time: 23.64300298690796
---- Epoch 5 -----
Full acc: 0.8430146031302403
F1: 0.37865520829372334
Time: 23.505105018615723
---- Epoch 6 -----
Full acc: 0.8430146031302403
F1: 0.37865520829372334
Time: 23.491836547851562
---- Epoch 7 -----
Full acc: 0.8430146031302403
F1: 0.37865520829372334
Time: 23.066895008087158
---- Epoch 8 -----
Full acc: 0.8430146031302403
F1: 0.37865520829372334
Time: 23.088846921920776
---- Epoch 9 -----
Full acc: 0.8430146031302403
F1: 0.37865520829372334
Time: 23.253174304962158
---- Epoch 10 -----
Full acc: 0.8430146031302403
F1: 0.37865520829372334
Time: 22.570518255233765
=============== Seed: 1 ================
========= layer0 =========
---- Epoch 1 -----
Full acc: 0.95915097470654
F1: 0.9008884344587543
Time: 24.15798330307007
---- Epoch 2 -----
Full acc: 0.9590278262996087
F1: 0.9006420676633206
Time: 23.234842538833618
---- Epoch 3 -----
Full acc: 0.9591461710452767
F1: 0.9009602049566479
Time: 23.196075677871704
---- Epoch 4 -----
Full acc: 0.9592003214086081
F1: 0.9013123426118407
Time: 23.211602687835693
---- Epoch 5 -----
Full acc: 0.95907629960872
F1: 0.900641664510821
Time: 23.088493824005127
---- Epoch 6 -----
Full acc: 0.9590797931805478
F1: 0.9007902560497362
Time: 23.352571964263916
---- Epoch 7 -----
Full acc: 0.9591164756847401
F1: 0.900673493551522
Time: 23.309613943099976
---- Epoch 8 -----
Full acc: 0.9591007546115148
F1: 0.9007959121848499
Time: 22.883574962615967
---- Epoch 9 -----
Full acc: 0.9590994445220794
F1: 0.9009160549230943
Time: 23.49037218093872
---- Epoch 10 -----
Full acc: 0.9590828500558971
F1: 0.9006486146028946
Time: 23.459582805633545
========= layer1 =========
---- Epoch 1 -----
Full acc: 0.9611060648406932
F1: 0.9056087464310771
Time: 24.210015773773193
---- Epoch 2 -----
Full acc: 0.9608588946338736
F1: 0.9048374390303463
Time: 23.486194849014282
---- Epoch 3 -----
Full acc: 0.9609423036612633
F1: 0.9051102479743931
Time: 23.12426233291626
---- Epoch 4 -----
Full acc: 0.9609540944661822
F1: 0.9054061488330759
Time: 23.17130756378174
---- Epoch 5 -----
Full acc: 0.960820902040246
F1: 0.9050705170189961
Time: 23.205806016921997
---- Epoch 6 -----
Full acc: 0.9607165315818893
F1: 0.9046696565581206
Time: 23.845292568206787
---- Epoch 7 -----
Full acc: 0.9608632615986584
F1: 0.9051630175980698
Time: 23.523247718811035
---- Epoch 8 -----
Full acc: 0.9608907734768026
F1: 0.9051372304354872
Time: 23.98883819580078
---- Epoch 9 -----
Full acc: 0.9608475405254332
F1: 0.9049341847154154
Time: 23.62560749053955
---- Epoch 10 -----
Full acc: 0.9608789826718838
F1: 0.9050149606950414
Time: 23.35677742958069
========= layer2 =========
---- Epoch 1 -----
Full acc: 0.9583125174678592
F1: 0.8959545195440183
Time: 25.18985414505005
---- Epoch 2 -----
Full acc: 0.959343121157071
F1: 0.8990835234755652
Time: 23.126883029937744
---- Epoch 3 -----
Full acc: 0.9591142922023477
F1: 0.8984406779661017
Time: 23.18483304977417
---- Epoch 4 -----
Full acc: 0.9595378877864729
F1: 0.8995613022396675
Time: 22.947486877441406
---- Epoch 5 -----
Full acc: 0.9593536018725545
F1: 0.8991038511527876
Time: 23.75093984603882
---- Epoch 6 -----
Full acc: 0.958849654136389
F1: 0.8978059363677082
Time: 23.344578504562378
---- Epoch 7 -----
Full acc: 0.9592763065958636
F1: 0.8987318403843355
Time: 23.38436222076416
---- Epoch 8 -----
Full acc: 0.9593570954443823
F1: 0.8990670077769234
Time: 23.11443066596985
---- Epoch 9 -----
Full acc: 0.9594645227780884
F1: 0.8993811522989721
Time: 22.674744844436646
---- Epoch 10 -----
Full acc: 0.9589736759362772
F1: 0.8981002326577762
Time: 23.492783546447754
========= x =========
---- Epoch 1 -----
Full acc: 0.8430146031302403
F1: 0.37865520829372334
Time: 24.86931300163269
---- Epoch 2 -----
Full acc: 0.8430146031302403
F1: 0.37865520829372334
Time: 23.156023740768433
---- Epoch 3 -----
Full acc: 0.8430146031302403
F1: 0.37865520829372334
Time: 22.47666025161743
---- Epoch 4 -----
Full acc: 0.8430146031302403
F1: 0.37865520829372334
Time: 22.92497682571411
---- Epoch 5 -----
Full acc: 0.8430146031302403
F1: 0.37865520829372334
Time: 23.083208084106445
---- Epoch 6 -----
Full acc: 0.8430146031302403
F1: 0.37865520829372334
Time: 22.889045238494873
---- Epoch 7 -----
Full acc: 0.8430146031302403
F1: 0.37865520829372334
Time: 22.54125189781189
---- Epoch 8 -----
Full acc: 0.8430146031302403
F1: 0.37865520829372334
Time: 23.391693115234375
---- Epoch 9 -----
Full acc: 0.8430146031302403
F1: 0.37865520829372334
Time: 23.052345037460327
---- Epoch 10 -----
Full acc: 0.8430146031302403
F1: 0.37865520829372334
Time: 23.093444108963013
=============== Seed: 2 ================
========= layer0 =========
---- Epoch 1 -----
Full acc: 0.9589662520961431
F1: 0.900381240749929
Time: 25.347939014434814
---- Epoch 2 -----
Full acc: 0.9591404939910565
F1: 0.9009549356336757
Time: 23.924946069717407
---- Epoch 3 -----
Full acc: 0.9589959474566797
F1: 0.9005077605133552
Time: 23.864620685577393
---- Epoch 4 -----
Full acc: 0.9591025013974287
F1: 0.9009629599862948
Time: 23.79820942878723
---- Epoch 5 -----
Full acc: 0.9590968243432085
F1: 0.9008553757630479
Time: 23.366970777511597
---- Epoch 6 -----
Full acc: 0.9592313268585803
F1: 0.9014746560314413
Time: 23.719958543777466
---- Epoch 7 -----
Full acc: 0.9591007546115148
F1: 0.9009023498340896
Time: 23.230958223342896
---- Epoch 8 -----
Full acc: 0.9590815399664617
F1: 0.9008052034393176
Time: 24.097035884857178
---- Epoch 9 -----
Full acc: 0.9591793599776411
F1: 0.9012132228610078
Time: 24.27346968650818
---- Epoch 10 -----
Full acc: 0.9591107986305198
F1: 0.9009691240442816
Time: 23.511152029037476
========= layer1 =========
---- Epoch 1 -----
Full acc: 0.9609396834823924
F1: 0.9051936034698219
Time: 25.329349517822266
---- Epoch 2 -----
Full acc: 0.9607698085522638
F1: 0.9045884304683168
Time: 23.543667793273926
---- Epoch 3 -----
Full acc: 0.9607536507825601
F1: 0.9047032813220722
Time: 23.89348578453064
---- Epoch 4 -----
Full acc: 0.961034883314701
F1: 0.9053347663208329
Time: 23.53162145614624
---- Epoch 5 -----
Full acc: 0.9609571513415316
F1: 0.9053261142355511
Time: 23.309978485107422
---- Epoch 6 -----
Full acc: 0.9608383698993851
F1: 0.9049148414363768
Time: 23.354403257369995
---- Epoch 7 -----
Full acc: 0.9608650083845723
F1: 0.9050370141168641
Time: 23.433942556381226
---- Epoch 8 -----
Full acc: 0.960765441587479
F1: 0.9046905764138774
Time: 23.699301958084106
---- Epoch 9 -----
Full acc: 0.9609663219675797
F1: 0.9052696060248293
Time: 23.63034200668335
---- Epoch 10 -----
Full acc: 0.9609073679429849
F1: 0.9050819673869364
Time: 23.394362211227417
========= layer2 =========
---- Epoch 1 -----
Full acc: 0.9588334963666852
F1: 0.8977814404372059
Time: 24.942342042922974
---- Epoch 2 -----
Full acc: 0.9591998847121297
F1: 0.8987694664726475
Time: 23.476478576660156
---- Epoch 3 -----
Full acc: 0.9590885271101174
F1: 0.8985715306513534
Time: 23.89727282524109
---- Epoch 4 -----
Full acc: 0.9592557818613751
F1: 0.8988805448470273
Time: 24.0462543964386
---- Epoch 5 -----
Full acc: 0.9594378842929011
F1: 0.8993406707732055
Time: 23.76065182685852
---- Epoch 6 -----
Full acc: 0.9591439875628843
F1: 0.8986213315966786
Time: 23.5721538066864
---- Epoch 7 -----
Full acc: 0.9594557888485187
F1: 0.8995158865618205
Time: 23.735591173171997
---- Epoch 8 -----
Full acc: 0.9591846003353829
F1: 0.8987360424020612
Time: 23.226367235183716
---- Epoch 9 -----
Full acc: 0.9590247694242594
F1: 0.8982025143968095
Time: 22.8243465423584
---- Epoch 10 -----
Full acc: 0.9591287031861375
F1: 0.8985852736697931
Time: 23.594143867492676
========= x =========
---- Epoch 1 -----
Full acc: 0.8430146031302403
F1: 0.37865520829372334
Time: 24.53880548477173
---- Epoch 2 -----
Full acc: 0.8430146031302403
F1: 0.37865520829372334
Time: 23.232536792755127
---- Epoch 3 -----
Full acc: 0.8430146031302403
F1: 0.37865520829372334
Time: 22.95576763153076
---- Epoch 4 -----
Full acc: 0.8430146031302403
F1: 0.37865520829372334
Time: 22.930272102355957
---- Epoch 5 -----
Full acc: 0.8430146031302403
F1: 0.37865520829372334
Time: 22.718953847885132
---- Epoch 6 -----
Full acc: 0.8430146031302403
F1: 0.37865520829372334
Time: 23.356080293655396
---- Epoch 7 -----
Full acc: 0.8430146031302403
F1: 0.37865520829372334
Time: 23.087947845458984
---- Epoch 8 -----
Full acc: 0.8430146031302403
F1: 0.37865520829372334
Time: 23.40411949157715
---- Epoch 9 -----
Full acc: 0.8430146031302403
F1: 0.37865520829372334
Time: 23.60828995704651
---- Epoch 10 -----
Full acc: 0.8430146031302403
F1: 0.37865520829372334
Time: 23.811951160430908
=============== Seed: 3 ================
========= layer0 =========
---- Epoch 1 -----
Full acc: 0.9589719291503633
F1: 0.9004586587331102
Time: 24.045435905456543
---- Epoch 2 -----
Full acc: 0.9591016280044717
F1: 0.9009704795721346
Time: 23.761128664016724
---- Epoch 3 -----
Full acc: 0.9591601453325881
F1: 0.901152098086883
Time: 23.461785793304443
---- Epoch 4 -----
Full acc: 0.9590212758524316
F1: 0.9004715610303492
Time: 23.502224922180176
---- Epoch 5 -----
Full acc: 0.9591418040804919
F1: 0.9011233817701453
Time: 23.507596731185913
---- Epoch 6 -----
Full acc: 0.9591640756008943
F1: 0.9010537854907948
Time: 23.65786123275757
---- Epoch 7 -----
Full acc: 0.9591335068474007
F1: 0.901035426146969
Time: 23.725663900375366
---- Epoch 8 -----
Full acc: 0.9590614519284516
F1: 0.9007596576882524
Time: 22.849164724349976
---- Epoch 9 -----
Full acc: 0.9591562150642817
F1: 0.9009810948412854
Time: 23.39566469192505
---- Epoch 10 -----
Full acc: 0.9590461675517049
F1: 0.9006690837143732
Time: 23.86489224433899
========= layer1 =========
---- Epoch 1 -----
Full acc: 0.9608012506987144
F1: 0.9047537191485749
Time: 25.164623260498047
---- Epoch 2 -----
Full acc: 0.9607160948854109
F1: 0.9046567752014558
Time: 23.99792504310608
---- Epoch 3 -----
Full acc: 0.9608270157909446
F1: 0.9046555651333767
Time: 23.86217737197876
---- Epoch 4 -----
Full acc: 0.9609034376746786
F1: 0.9051571991245411
Time: 23.660861492156982
---- Epoch 5 -----
Full acc: 0.9606208950531023
F1: 0.904565711812262
Time: 23.66886568069458
---- Epoch 6 -----
Full acc: 0.9610016943823365
F1: 0.9055836962371133
Time: 23.933524131774902
---- Epoch 7 -----
Full acc: 0.9605916363890442
F1: 0.9044178238166354
Time: 23.794705152511597
---- Epoch 8 -----
Full acc: 0.9607606379262158
F1: 0.9047089303496568
Time: 23.188506364822388
---- Epoch 9 -----
Full acc: 0.9608754891000559
F1: 0.9051269886989377
Time: 23.263421773910522
---- Epoch 10 -----
Full acc: 0.9608235222191168
F1: 0.9048991598865714
Time: 23.709898948669434
========= layer2 =========
---- Epoch 1 -----
Full acc: 0.9587972505589715
F1: 0.8977529733683726
Time: 25.004945278167725
---- Epoch 2 -----
Full acc: 0.9592121122135271
F1: 0.8986313204160196
Time: 24.050676345825195
---- Epoch 3 -----
Full acc: 0.9593653926774734
F1: 0.8992389590588561
Time: 24.052847623825073
---- Epoch 4 -----
Full acc: 0.9593562220514253
F1: 0.8989940755837867
Time: 23.428608655929565
---- Epoch 5 -----
Full acc: 0.9589972575461152
F1: 0.8981070812719008
Time: 22.680097341537476
---- Epoch 6 -----
Full acc: 0.9594370108999442
F1: 0.8995225248419053
Time: 24.00117301940918
---- Epoch 7 -----
Full acc: 0.9590431106763555
F1: 0.8984402410024732
Time: 24.333621740341187
---- Epoch 8 -----
Full acc: 0.9592968313303522
F1: 0.8990480687894584
Time: 24.312262773513794
---- Epoch 9 -----
Full acc: 0.9593706330352152
F1: 0.8989198620656688
Time: 23.74951195716858
---- Epoch 10 -----
Full acc: 0.95902171254891
F1: 0.8981532634001009
Time: 23.88743567466736
========= x =========
---- Epoch 1 -----
Full acc: 0.8430146031302403
F1: 0.37865520829372334
Time: 24.878403663635254
---- Epoch 2 -----
Full acc: 0.8430146031302403
F1: 0.37865520829372334
Time: 23.167619943618774
---- Epoch 3 -----
Full acc: 0.8430146031302403
F1: 0.37865520829372334
Time: 23.344390392303467
---- Epoch 4 -----
Full acc: 0.8430146031302403
F1: 0.37865520829372334
Time: 23.689047813415527
---- Epoch 5 -----
Full acc: 0.8430146031302403
F1: 0.37865520829372334
Time: 23.221138954162598
---- Epoch 6 -----
Full acc: 0.8430146031302403
F1: 0.37865520829372334
Time: 22.89789581298828
---- Epoch 7 -----
Full acc: 0.8430146031302403
F1: 0.37865520829372334
Time: 23.80876851081848
---- Epoch 8 -----
Full acc: 0.8430146031302403
F1: 0.37865520829372334
Time: 23.363866329193115
---- Epoch 9 -----
Full acc: 0.8430146031302403
F1: 0.37865520829372334
Time: 23.421400785446167
---- Epoch 10 -----
Full acc: 0.8430146031302403
F1: 0.37865520829372334
Time: 23.016967296600342
=============== Seed: 4 ================
========= layer0 =========
---- Epoch 1 -----
Full acc: 0.959045294158748
F1: 0.900637707938452
Time: 24.817414045333862
---- Epoch 2 -----
Full acc: 0.9590880904136388
F1: 0.9007421690831748
Time: 23.704628944396973
---- Epoch 3 -----
Full acc: 0.9591086151481274
F1: 0.9009557697352276
Time: 22.973494291305542
---- Epoch 4 -----
Full acc: 0.9591361270262717
F1: 0.9010005215788711
Time: 23.409764528274536
---- Epoch 5 -----
Full acc: 0.9591566517607601
F1: 0.9010059442158208
Time: 23.860305070877075
---- Epoch 6 -----
Full acc: 0.9589334998602571
F1: 0.9004198632929354
Time: 23.85038137435913
---- Epoch 7 -----
Full acc: 0.9591614554220235
F1: 0.9009717826180419
Time: 23.708744764328003
---- Epoch 8 -----
Full acc: 0.9590928940749022
F1: 0.9008545597334502
Time: 23.67753291130066
---- Epoch 9 -----
Full acc: 0.9591142922023477
F1: 0.9008341056533827
Time: 23.264796257019043
---- Epoch 10 -----
Full acc: 0.9591824168529905
F1: 0.9012294930388609
Time: 23.236671686172485
========= layer1 =========
---- Epoch 1 -----
Full acc: 0.9611388170765791
F1: 0.9056079019134264
Time: 24.508469343185425
---- Epoch 2 -----
Full acc: 0.9608466671324762
F1: 0.9049778071703825
Time: 23.550800561904907
---- Epoch 3 -----
Full acc: 0.9609239624091671
F1: 0.9053564799096306
Time: 23.162818431854248
---- Epoch 4 -----
Full acc: 0.9608169717719396
F1: 0.9050126507235791
Time: 22.89780616760254
---- Epoch 5 -----
Full acc: 0.9608772358859698
F1: 0.9048923313417498
Time: 22.96493673324585
---- Epoch 6 -----
Full acc: 0.9609126083007267
F1: 0.9050753663857329
Time: 23.06213116645813
---- Epoch 7 -----
Full acc: 0.9609348798211291
F1: 0.9052356819607112
Time: 23.328482151031494
---- Epoch 8 -----
Full acc: 0.9609881567915036
F1: 0.9053611117585116
Time: 22.1138596534729
---- Epoch 9 -----
Full acc: 0.9609418669647848
F1: 0.9050524737949499
Time: 23.17428684234619
---- Epoch 10 -----
Full acc: 0.9608964505310229
F1: 0.9051000358217054
Time: 22.747297048568726
========= layer2 =========
---- Epoch 1 -----
Full acc: 0.9584020402459474
F1: 0.896603826014467
Time: 24.442821264266968
---- Epoch 2 -----
Full acc: 0.9593841706260481
F1: 0.8992312901216176
Time: 23.93650507926941
---- Epoch 3 -----
Full acc: 0.9591697526551146
F1: 0.8987577801166855
Time: 23.208677530288696
---- Epoch 4 -----
Full acc: 0.9588514009223029
F1: 0.8978446187020878
Time: 23.16386389732361
---- Epoch 5 -----
Full acc: 0.9591059949692565
F1: 0.8985744272039408
Time: 22.88804793357849
---- Epoch 6 -----
Full acc: 0.9590902738960313
F1: 0.898425861070692
Time: 22.707484483718872
---- Epoch 7 -----
Full acc: 0.9593125524035774
F1: 0.898979834132241
Time: 23.40546488761902
---- Epoch 8 -----
Full acc: 0.9587845863610955
F1: 0.8977608787494719
Time: 23.290469646453857
---- Epoch 9 -----
Full acc: 0.9594697631358301
F1: 0.8993559762777186
Time: 23.085214614868164
---- Epoch 10 -----
Full acc: 0.9590234593348239
F1: 0.89848462063586
Time: 23.035963773727417
========= x =========
---- Epoch 1 -----
Full acc: 0.8430146031302403
F1: 0.37865520829372334
Time: 23.586480140686035
---- Epoch 2 -----
Full acc: 0.8430146031302403
F1: 0.37865520829372334
Time: 22.878238201141357
---- Epoch 3 -----
Full acc: 0.8430146031302403
F1: 0.37865520829372334
Time: 22.776151418685913
---- Epoch 4 -----
Full acc: 0.8430146031302403
F1: 0.37865520829372334
Time: 22.899032592773438
---- Epoch 5 -----
Full acc: 0.8430146031302403
F1: 0.37865520829372334
Time: 22.686448335647583
---- Epoch 6 -----
Full acc: 0.8430146031302403
F1: 0.37865520829372334
Time: 22.57795739173889
---- Epoch 7 -----
Full acc: 0.8430146031302403
F1: 0.37865520829372334
Time: 22.73234724998474
---- Epoch 8 -----
Full acc: 0.8430146031302403
F1: 0.37865520829372334
Time: 22.960550785064697
---- Epoch 9 -----
Full acc: 0.8430146031302403
F1: 0.37865520829372334
Time: 22.697176456451416
---- Epoch 10 -----
Full acc: 0.8430146031302403
F1: 0.37865520829372334
Time: 22.798976182937622
