Loading rhel8/default-amp
  Loading requirement: dot rhel8/slurm singularity/current rhel8/global
    cuda/11.4 libpciaccess/0.16/gcc-9.4.0-6fonbj6
    libiconv/1.16/gcc-9.4.0-ahebbov libxml2/2.9.12/gcc-9.4.0-gnknt5e
    ncurses/6.2/gcc-9.4.0-aiirok7 hwloc/2.5.0/gcc-9.4.0-7sqomga
    libevent/2.1.12/gcc-9.4.0-hgny7cm numactl/2.0.14/gcc-9.4.0-52dwc6n
    cuda/11.4.0/gcc-9.4.0-3hnxhjt gdrcopy/2.2/gcc-9.4.0-e4igtfp
    knem/1.1.4/gcc-9.4.0-bpbxgva libnl/3.3.0/gcc-9.4.0-whwhrwb
    rdma-core/34.0/gcc-9.4.0-5eo5n2u ucx/1.11.1/gcc-9.4.0-lktqyl4
    openmpi/4.1.1/gcc-9.4.0-epagguv
Changed directory to /rds/user/tdb47/hpc-work/planning/thinker_private_planning/probing.

JobID: 58606152
======
Time: Fri Aug  9 22:58:33 BST 2024
Running on master node: gpu-q-12
Current directory: /rds/user/tdb47/hpc-work/planning/thinker_private_planning/probing

Nodes allocated:
================
gpu-q-12

numtasks=1, numnodes=1, mpi_tasks_per_node=1 (OMP_NUM_THREADS=1)

Executing command:
==================
python train_conv_probe.py --feature agent_onto_after --num_epochs 10 --weight_decay 0.001 --kernel 1 --model_name 30m 


test
=================================== FEATURE: agent_onto_after =========================================
=============== Seed: 0 ================
========= layer0 =========
---- Epoch 1 -----
Full acc: 0.8840310097399793
F1: 0.6416933784887191
Time: 36.96306777000427
---- Epoch 2 -----
Full acc: 0.88336759513217
F1: 0.6384972998888006
Time: 30.9394109249115
---- Epoch 3 -----
Full acc: 0.883389191538528
F1: 0.6400599841011206
Time: 30.14380121231079
---- Epoch 4 -----
Full acc: 0.8835123585435384
F1: 0.6390419634316256
Time: 31.162890195846558
---- Epoch 5 -----
Full acc: 0.8835305805114029
F1: 0.6414105911279857
Time: 30.483437061309814
---- Epoch 6 -----
Full acc: 0.8838312429811679
F1: 0.6410419143456456
Time: 30.771164655685425
---- Epoch 7 -----
Full acc: 0.8836257396769177
F1: 0.6408088709095188
Time: 30.98032855987549
---- Epoch 8 -----
Full acc: 0.883577822650311
F1: 0.6408787590241758
Time: 31.3824520111084
---- Epoch 9 -----
Full acc: 0.884002327012785
F1: 0.6424567990391469
Time: 30.450968027114868
---- Epoch 10 -----
Full acc: 0.8839037934087768
F1: 0.6415935408404871
Time: 30.544021129608154
========= layer1 =========
---- Epoch 1 -----
Full acc: 0.9039253493218729
F1: 0.7125166068144547
Time: 32.168224573135376
---- Epoch 2 -----
Full acc: 0.9040586396423635
F1: 0.7127998836105097
Time: 30.42147946357727
---- Epoch 3 -----
Full acc: 0.903996212530235
F1: 0.7140010339762226
Time: 31.420864582061768
---- Epoch 4 -----
Full acc: 0.9040336687975121
F1: 0.7129299547979898
Time: 30.835882663726807
---- Epoch 5 -----
Full acc: 0.9039985746371804
F1: 0.7134017119009652
Time: 30.244187831878662
---- Epoch 6 -----
Full acc: 0.9043161092994125
F1: 0.7132181465174833
Time: 27.90757393836975
---- Epoch 7 -----
Full acc: 0.9042054277168279
F1: 0.7134887320967305
Time: 30.062664031982422
---- Epoch 8 -----
Full acc: 0.9040019490756738
F1: 0.711780609293921
Time: 30.546703100204468
---- Epoch 9 -----
Full acc: 0.9042061026045266
F1: 0.7131583632352474
Time: 30.540300846099854
---- Epoch 10 -----
Full acc: 0.903984401995508
F1: 0.712305082731312
Time: 31.02173161506653
========= layer2 =========
---- Epoch 1 -----
Full acc: 0.9033726162966482
F1: 0.6993477615308763
Time: 32.78301668167114
---- Epoch 2 -----
Full acc: 0.9032480995162405
F1: 0.698447687463471
Time: 30.081690311431885
---- Epoch 3 -----
Full acc: 0.9032059190350725
F1: 0.698359099958766
Time: 30.126821517944336
---- Epoch 4 -----
Full acc: 0.9032464122969938
F1: 0.6988060735994577
Time: 31.7594051361084
---- Epoch 5 -----
Full acc: 0.9036763157610573
F1: 0.700720173518363
Time: 28.845914125442505
---- Epoch 6 -----
Full acc: 0.9030459706504838
F1: 0.6980847681087332
Time: 31.0387179851532
---- Epoch 7 -----
Full acc: 0.9033962373661023
F1: 0.6996355666519
Time: 27.333186388015747
---- Epoch 8 -----
Full acc: 0.9032720580295439
F1: 0.6989706947560752
Time: 29.039844274520874
---- Epoch 9 -----
Full acc: 0.9036159133120248
F1: 0.700489074216183
Time: 31.190862894058228
---- Epoch 10 -----
Full acc: 0.9034843102107809
F1: 0.699587047262703
Time: 31.27565336227417
========= x =========
---- Epoch 1 -----
Full acc: 0.8227626797900829
F1: 0.1805528912595107
Time: 32.441065073013306
---- Epoch 2 -----
Full acc: 0.8233049520559779
F1: 0.22026247459887888
Time: 29.736552715301514
---- Epoch 3 -----
Full acc: 0.8227626797900829
F1: 0.1805528912595107
Time: 30.44731044769287
---- Epoch 4 -----
Full acc: 0.8233049520559779
F1: 0.22026247459887888
Time: 30.476500988006592
---- Epoch 5 -----
Full acc: 0.8233049520559779
F1: 0.22026247459887888
Time: 30.83293652534485
---- Epoch 6 -----
Full acc: 0.8227626797900829
F1: 0.1805528912595107
Time: 28.75459337234497
---- Epoch 7 -----
Full acc: 0.8233049520559779
F1: 0.22026247459887888
Time: 30.004410982131958
---- Epoch 8 -----
Full acc: 0.8227626797900829
F1: 0.1805528912595107
Time: 27.947319984436035
---- Epoch 9 -----
Full acc: 0.8227626797900829
F1: 0.1805528912595107
Time: 30.09814977645874
---- Epoch 10 -----
Full acc: 0.8233049520559779
F1: 0.22026247459887888
Time: 30.5188090801239
=============== Seed: 1 ================
========= layer0 =========
---- Epoch 1 -----
Full acc: 0.8836942407783345
F1: 0.640446299273149
Time: 32.92820715904236
---- Epoch 2 -----
Full acc: 0.8836044807144091
F1: 0.6391608612127726
Time: 30.89723515510559
---- Epoch 3 -----
Full acc: 0.8836837800190048
F1: 0.6416396572697918
Time: 31.349717378616333
---- Epoch 4 -----
Full acc: 0.8838187575587422
F1: 0.6417229359856448
Time: 31.849993467330933
---- Epoch 5 -----
Full acc: 0.8837586925535591
F1: 0.6424153778179302
Time: 31.278218984603882
---- Epoch 6 -----
Full acc: 0.8839388875691085
F1: 0.6417160787629539
Time: 30.74539852142334
---- Epoch 7 -----
Full acc: 0.8837229235055287
F1: 0.6415713891613879
Time: 29.813568353652954
---- Epoch 8 -----
Full acc: 0.8837040266499654
F1: 0.6414168297925817
Time: 31.192477226257324
---- Epoch 9 -----
Full acc: 0.8838643124784036
F1: 0.6419431286210217
Time: 30.523128509521484
---- Epoch 10 -----
Full acc: 0.8832042723090877
F1: 0.6378353943777858
Time: 29.99793314933777
========= layer1 =========
---- Epoch 1 -----
Full acc: 0.9039992495248791
F1: 0.7121521265242945
Time: 32.655821323394775
---- Epoch 2 -----
Full acc: 0.9040478414391845
F1: 0.7127159027949976
Time: 30.78571081161499
---- Epoch 3 -----
Full acc: 0.9037900343382861
F1: 0.7132735968956344
Time: 30.771109104156494
---- Epoch 4 -----
Full acc: 0.9040404176744989
F1: 0.7132069195752493
Time: 30.880266904830933
---- Epoch 5 -----
Full acc: 0.9041888929682101
F1: 0.7133613167080736
Time: 31.163849115371704
---- Epoch 6 -----
Full acc: 0.9041274781876296
F1: 0.7119629383810231
Time: 28.23523998260498
---- Epoch 7 -----
Full acc: 0.9041909176313061
F1: 0.7133028175354561
Time: 29.278664350509644
---- Epoch 8 -----
Full acc: 0.9041662842303041
F1: 0.7137348229040329
Time: 30.418283224105835
---- Epoch 9 -----
Full acc: 0.9039935129794402
F1: 0.7133911883644792
Time: 30.69707226753235
---- Epoch 10 -----
Full acc: 0.9041672965618521
F1: 0.7131342773539726
Time: 30.48369073867798
========= layer2 =========
---- Epoch 1 -----
Full acc: 0.902522595240152
F1: 0.6969300986842403
Time: 32.52961182594299
---- Epoch 2 -----
Full acc: 0.9034006241361437
F1: 0.6991026211955715
Time: 30.591948747634888
---- Epoch 3 -----
Full acc: 0.9032818439011748
F1: 0.6990976512277718
Time: 30.539804935455322
---- Epoch 4 -----
Full acc: 0.9033091768529716
F1: 0.6990965537295206
Time: 29.9948468208313
---- Epoch 5 -----
Full acc: 0.9033125512914651
F1: 0.6988760500773411
Time: 30.24195384979248
---- Epoch 6 -----
Full acc: 0.903252486286282
F1: 0.6989032230362854
Time: 30.17363476753235
---- Epoch 7 -----
Full acc: 0.903267333815653
F1: 0.6983725536465171
Time: 30.674004077911377
---- Epoch 8 -----
Full acc: 0.9034201958794057
F1: 0.699677370645983
Time: 30.72445774078369
---- Epoch 9 -----
Full acc: 0.9034201958794057
F1: 0.6990389837341389
Time: 30.09574818611145
---- Epoch 10 -----
Full acc: 0.9031779111955771
F1: 0.6984248444197221
Time: 30.08378839492798
========= x =========
---- Epoch 1 -----
Full acc: 0.8233049520559779
F1: 0.22026247459887888
Time: 31.946874618530273
---- Epoch 2 -----
Full acc: 0.8233049520559779
F1: 0.22026247459887888
Time: 29.913227558135986
---- Epoch 3 -----
Full acc: 0.8233049520559779
F1: 0.22026247459887888
Time: 30.46262288093567
---- Epoch 4 -----
Full acc: 0.8227626797900829
F1: 0.1805528912595107
Time: 29.893712520599365
---- Epoch 5 -----
Full acc: 0.8233049520559779
F1: 0.22026247459887888
Time: 29.088868618011475
---- Epoch 6 -----
Full acc: 0.8227626797900829
F1: 0.1805528912595107
Time: 30.79235291481018
---- Epoch 7 -----
Full acc: 0.8233049520559779
F1: 0.22026247459887888
Time: 29.960564851760864
---- Epoch 8 -----
Full acc: 0.8233049520559779
F1: 0.22026247459887888
Time: 29.736982583999634
---- Epoch 9 -----
Full acc: 0.8233049520559779
F1: 0.22026247459887888
Time: 30.36751079559326
---- Epoch 10 -----
Full acc: 0.8227626797900829
F1: 0.1805528912595107
Time: 30.187824249267578
=============== Seed: 2 ================
========= layer0 =========
---- Epoch 1 -----
Full acc: 0.8836081925967519
F1: 0.6400181037943471
Time: 31.789440155029297
---- Epoch 2 -----
Full acc: 0.8835720861048721
F1: 0.6387910272654508
Time: 30.94515037536621
---- Epoch 3 -----
Full acc: 0.883868699248445
F1: 0.6418597674350724
Time: 30.990925073623657
---- Epoch 4 -----
Full acc: 0.8836716320404284
F1: 0.6414359162037799
Time: 30.110113859176636
---- Epoch 5 -----
Full acc: 0.8836912037836904
F1: 0.6405526111316258
Time: 30.636043071746826
---- Epoch 6 -----
Full acc: 0.8836763562543193
F1: 0.6408753130042226
Time: 31.269656658172607
---- Epoch 7 -----
Full acc: 0.8837897373876987
F1: 0.6420974009411535
Time: 30.85691523551941
---- Epoch 8 -----
Full acc: 0.8838913079863511
F1: 0.6407056897878962
Time: 30.72831892967224
---- Epoch 9 -----
Full acc: 0.8837974985962336
F1: 0.6417656829343195
Time: 31.373677968978882
---- Epoch 10 -----
Full acc: 0.8835400289391845
F1: 0.6404503138609808
Time: 30.510403394699097
========= layer1 =========
---- Epoch 1 -----
Full acc: 0.9041615600164132
F1: 0.7128202611939173
Time: 32.30252742767334
---- Epoch 2 -----
Full acc: 0.9041726956634416
F1: 0.7135306971410244
Time: 30.156095266342163
---- Epoch 3 -----
Full acc: 0.9040164591611956
F1: 0.7132455205224486
Time: 30.18202829360962
---- Epoch 4 -----
Full acc: 0.9042955252246027
F1: 0.7135217092051579
Time: 30.20146870613098
---- Epoch 5 -----
Full acc: 0.9039526822736696
F1: 0.7125008911374432
Time: 30.914729833602905
---- Epoch 6 -----
Full acc: 0.9039287237603663
F1: 0.7130920380652641
Time: 30.640382051467896
---- Epoch 7 -----
Full acc: 0.9040971082411887
F1: 0.7119365163110472
Time: 30.73016381263733
---- Epoch 8 -----
Full acc: 0.904184843642018
F1: 0.7112692149380843
Time: 30.87990689277649
---- Epoch 9 -----
Full acc: 0.9039698919099862
F1: 0.7129258821950628
Time: 30.67147207260132
---- Epoch 10 -----
Full acc: 0.9041257909683829
F1: 0.7132308419525699
Time: 30.703944206237793
========= layer2 =========
---- Epoch 1 -----
Full acc: 0.9029929919661368
F1: 0.6975767345817611
Time: 31.968637704849243
---- Epoch 2 -----
Full acc: 0.9033179503930546
F1: 0.6997119351128817
Time: 31.088640689849854
---- Epoch 3 -----
Full acc: 0.9031677878800968
F1: 0.6985378809379774
Time: 31.224287033081055
---- Epoch 4 -----
Full acc: 0.9036351476114375
F1: 0.6997474023372727
Time: 30.540144681930542
---- Epoch 5 -----
Full acc: 0.9034478662750518
F1: 0.6998078120526176
Time: 30.893198251724243
---- Epoch 6 -----
Full acc: 0.9036213124136143
F1: 0.6999597048844152
Time: 31.214923620224
---- Epoch 7 -----
Full acc: 0.903506918948687
F1: 0.6997468079914536
Time: 30.052721977233887
---- Epoch 8 -----
Full acc: 0.9031563147892191
F1: 0.6984253182186991
Time: 30.059448719024658
---- Epoch 9 -----
Full acc: 0.9032322396553214
F1: 0.6989096313568527
Time: 31.19249439239502
---- Epoch 10 -----
Full acc: 0.9029444000518314
F1: 0.6977803406585776
Time: 30.012815237045288
========= x =========
---- Epoch 1 -----
Full acc: 0.8233049520559779
F1: 0.22026247459887888
Time: 31.508454084396362
---- Epoch 2 -----
Full acc: 0.8227626797900829
F1: 0.1805528912595107
Time: 29.572983741760254
---- Epoch 3 -----
Full acc: 0.8227626797900829
F1: 0.1805528912595107
Time: 28.117477416992188
---- Epoch 4 -----
Full acc: 0.8233049520559779
F1: 0.22026247459887888
Time: 29.23031973838806
---- Epoch 5 -----
Full acc: 0.8233049520559779
F1: 0.22026247459887888
Time: 30.171509504318237
---- Epoch 6 -----
Full acc: 0.8233049520559779
F1: 0.22026247459887888
Time: 30.67123508453369
---- Epoch 7 -----
Full acc: 0.8233049520559779
F1: 0.22026247459887888
Time: 29.101536750793457
---- Epoch 8 -----
Full acc: 0.8233049520559779
F1: 0.22026247459887888
Time: 30.08718776702881
---- Epoch 9 -----
Full acc: 0.8233049520559779
F1: 0.22026247459887888
Time: 30.205395221710205
---- Epoch 10 -----
Full acc: 0.8233049520559779
F1: 0.22026247459887888
Time: 29.80770516395569
=============== Seed: 3 ================
========= layer0 =========
---- Epoch 1 -----
Full acc: 0.8837681409813407
F1: 0.6412978309464249
Time: 31.968318462371826
---- Epoch 2 -----
Full acc: 0.8838339425319627
F1: 0.6416712301800552
Time: 30.945788621902466
---- Epoch 3 -----
Full acc: 0.8837347340402557
F1: 0.6426434764000172
Time: 29.412976264953613
---- Epoch 4 -----
Full acc: 0.8836453114201797
F1: 0.640920777706493
Time: 30.147508144378662
---- Epoch 5 -----
Full acc: 0.8836402497624395
F1: 0.6404144568229014
Time: 29.52774214744568
---- Epoch 6 -----
Full acc: 0.8837013270991707
F1: 0.6412919403912917
Time: 29.884044885635376
---- Epoch 7 -----
Full acc: 0.8834803013778507
F1: 0.63878209540587
Time: 28.63522171974182
---- Epoch 8 -----
Full acc: 0.883843053515895
F1: 0.6416532072816945
Time: 30.60157299041748
---- Epoch 9 -----
Full acc: 0.8836412620939875
F1: 0.6425929576997588
Time: 30.41609764099121
---- Epoch 10 -----
Full acc: 0.883643624200933
F1: 0.6391092849651973
Time: 30.0109806060791
========= layer1 =========
---- Epoch 1 -----
Full acc: 0.9039752910115757
F1: 0.7139579941415958
Time: 32.705506563186646
---- Epoch 2 -----
Full acc: 0.9041338896207671
F1: 0.7128882120002241
Time: 30.89063596725464
---- Epoch 3 -----
Full acc: 0.9041365891715618
F1: 0.7138431637516219
Time: 30.9892315864563
---- Epoch 4 -----
Full acc: 0.9039871015463027
F1: 0.7116190127091861
Time: 31.371390342712402
---- Epoch 5 -----
Full acc: 0.9038963291508293
F1: 0.7118880618593193
Time: 30.570972442626953
---- Epoch 6 -----
Full acc: 0.9041443503800968
F1: 0.7138058379204045
Time: 30.80677032470703
---- Epoch 7 -----
Full acc: 0.9041895678559088
F1: 0.7123206778113504
Time: 30.68447184562683
---- Epoch 8 -----
Full acc: 0.9041291654068763
F1: 0.712780373138734
Time: 30.783883094787598
---- Epoch 9 -----
Full acc: 0.9040194961558397
F1: 0.7121704506137714
Time: 30.589467763900757
---- Epoch 10 -----
Full acc: 0.9040026239633725
F1: 0.7133215347383931
Time: 30.778682470321655
========= layer2 =========
---- Epoch 1 -----
Full acc: 0.9024497073686939
F1: 0.6964545322551009
Time: 32.028440713882446
---- Epoch 2 -----
Full acc: 0.9035838561463373
F1: 0.7000146372635258
Time: 30.70213770866394
---- Epoch 3 -----
Full acc: 0.903309514296821
F1: 0.6993827836433092
Time: 31.272672414779663
---- Epoch 4 -----
Full acc: 0.903461701472875
F1: 0.6992119809680306
Time: 30.41139817237854
---- Epoch 5 -----
Full acc: 0.9031401174844506
F1: 0.698451551967491
Time: 30.677547931671143
---- Epoch 6 -----
Full acc: 0.9031809481902211
F1: 0.6986515497810765
Time: 30.438591957092285
---- Epoch 7 -----
Full acc: 0.9033449459010021
F1: 0.6990949398654906
Time: 31.297540187835693
---- Epoch 8 -----
Full acc: 0.9032231286713891
F1: 0.6986532820266425
Time: 30.66447138786316
---- Epoch 9 -----
Full acc: 0.9033648550881134
F1: 0.6987505670642229
Time: 31.014896631240845
---- Epoch 10 -----
Full acc: 0.9035167048203179
F1: 0.6995521490494168
Time: 30.39743399620056
========= x =========
---- Epoch 1 -----
Full acc: 0.8227626797900829
F1: 0.1805528912595107
Time: 31.556501388549805
---- Epoch 2 -----
Full acc: 0.8227626797900829
F1: 0.1805528912595107
Time: 28.74249839782715
---- Epoch 3 -----
Full acc: 0.8233049520559779
F1: 0.22026247459887888
Time: 29.675790071487427
---- Epoch 4 -----
Full acc: 0.8227626797900829
F1: 0.1805528912595107
Time: 30.0551016330719
---- Epoch 5 -----
Full acc: 0.8227626797900829
F1: 0.1805528912595107
Time: 29.207330226898193
---- Epoch 6 -----
Full acc: 0.8233049520559779
F1: 0.22026247459887888
Time: 28.35920000076294
---- Epoch 7 -----
Full acc: 0.8227626797900829
F1: 0.1805528912595107
Time: 29.717693328857422
---- Epoch 8 -----
Full acc: 0.8233049520559779
F1: 0.22026247459887888
Time: 29.05906105041504
---- Epoch 9 -----
Full acc: 0.8233049520559779
F1: 0.22026247459887888
Time: 29.03395414352417
---- Epoch 10 -----
Full acc: 0.8227626797900829
F1: 0.1805528912595107
Time: 29.551082134246826
=============== Seed: 4 ================
========= layer0 =========
---- Epoch 1 -----
Full acc: 0.8835342923937457
F1: 0.6399529199232118
Time: 32.52601599693298
---- Epoch 2 -----
Full acc: 0.8836324885539046
F1: 0.6409859309976309
Time: 30.452903270721436
---- Epoch 3 -----
Full acc: 0.8840951240713545
F1: 0.6431007838722127
Time: 30.35672163963318
---- Epoch 4 -----
Full acc: 0.8833264269825502
F1: 0.6385960622927894
Time: 30.674856901168823
---- Epoch 5 -----
Full acc: 0.8838572261575673
F1: 0.6421265576012691
Time: 31.149462938308716
---- Epoch 6 -----
Full acc: 0.8839631835262612
F1: 0.6423136431779366
Time: 31.259905576705933
---- Epoch 7 -----
Full acc: 0.8840796016542847
F1: 0.6425555373252627
Time: 30.9433856010437
---- Epoch 8 -----
Full acc: 0.8837198865108846
F1: 0.6410487304840616
Time: 30.5178382396698
---- Epoch 9 -----
Full acc: 0.8835363170568418
F1: 0.6401321053858351
Time: 30.25953698158264
---- Epoch 10 -----
Full acc: 0.8835957071743262
F1: 0.6405911426689325
Time: 31.048051834106445
========= layer1 =========
---- Epoch 1 -----
Full acc: 0.9039054401347616
F1: 0.7127618737085054
Time: 33.37605834007263
---- Epoch 2 -----
Full acc: 0.9041268032999309
F1: 0.7135465157996227
Time: 30.019476652145386
---- Epoch 3 -----
Full acc: 0.9040009367441257
F1: 0.7132457211317139
Time: 30.97787570953369
---- Epoch 4 -----
Full acc: 0.9039391845196959
F1: 0.7138404909060135
Time: 30.64346957206726
---- Epoch 5 -----
Full acc: 0.9039661800276434
F1: 0.7132724849280214
Time: 30.97978687286377
---- Epoch 6 -----
Full acc: 0.9041531239201797
F1: 0.7125357646365729
Time: 31.35283398628235
---- Epoch 7 -----
Full acc: 0.9040852977064616
F1: 0.7124564090673517
Time: 31.341150760650635
---- Epoch 8 -----
Full acc: 0.9040977831288873
F1: 0.7129285685831508
Time: 31.382241249084473
---- Epoch 9 -----
Full acc: 0.90392163743953
F1: 0.7130503699627111
Time: 31.602018356323242
---- Epoch 10 -----
Full acc: 0.9040464916637871
F1: 0.7123293527931251
Time: 29.58362603187561
========= layer2 =========
---- Epoch 1 -----
Full acc: 0.9028937834744298
F1: 0.6982253267317813
Time: 30.62966823577881
---- Epoch 2 -----
Full acc: 0.9030479953135798
F1: 0.6977060181297878
Time: 30.906386137008667
---- Epoch 3 -----
Full acc: 0.9034913965316171
F1: 0.699785514307966
Time: 30.98694133758545
---- Epoch 4 -----
Full acc: 0.9033388719117139
F1: 0.6994565620259421
Time: 30.735230445861816
---- Epoch 5 -----
Full acc: 0.9034080479008293
F1: 0.6994931528721485
Time: 28.878878355026245
---- Epoch 6 -----
Full acc: 0.9034488786065998
F1: 0.6991073557972591
Time: 29.497673511505127
---- Epoch 7 -----
Full acc: 0.9032285277729786
F1: 0.698308068088787
Time: 29.267772436141968
---- Epoch 8 -----
Full acc: 0.9030220121371804
F1: 0.6981043913780944
Time: 30.22554349899292
---- Epoch 9 -----
Full acc: 0.9034208707671043
F1: 0.6992046538730532
Time: 30.495394229888916
---- Epoch 10 -----
Full acc: 0.9033078270775743
F1: 0.698774187614432
Time: 30.029372692108154
========= x =========
---- Epoch 1 -----
Full acc: 0.8233049520559779
F1: 0.22026247459887888
Time: 31.936410427093506
---- Epoch 2 -----
Full acc: 0.8227626797900829
F1: 0.1805528912595107
Time: 30.176247358322144
---- Epoch 3 -----
Full acc: 0.8227626797900829
F1: 0.1805528912595107
Time: 30.28096628189087
---- Epoch 4 -----
Full acc: 0.8233049520559779
F1: 0.22026247459887888
Time: 30.046419143676758
---- Epoch 5 -----
Full acc: 0.8233049520559779
F1: 0.22026247459887888
Time: 30.00299382209778
---- Epoch 6 -----
Full acc: 0.8233049520559779
F1: 0.22026247459887888
Time: 29.54619526863098
---- Epoch 7 -----
Full acc: 0.8233049520559779
F1: 0.22026247459887888
Time: 29.671026945114136
---- Epoch 8 -----
Full acc: 0.8233049520559779
F1: 0.22026247459887888
Time: 30.247159719467163
---- Epoch 9 -----
Full acc: 0.8233049520559779
F1: 0.22026247459887888
Time: 30.02978205680847
---- Epoch 10 -----
Full acc: 0.8227626797900829
F1: 0.1805528912595107
Time: 29.7954204082489
