Loading rhel8/default-amp
  Loading requirement: dot rhel8/slurm singularity/current rhel8/global
    cuda/11.4 libpciaccess/0.16/gcc-9.4.0-6fonbj6
    libiconv/1.16/gcc-9.4.0-ahebbov libxml2/2.9.12/gcc-9.4.0-gnknt5e
    ncurses/6.2/gcc-9.4.0-aiirok7 hwloc/2.5.0/gcc-9.4.0-7sqomga
    libevent/2.1.12/gcc-9.4.0-hgny7cm numactl/2.0.14/gcc-9.4.0-52dwc6n
    cuda/11.4.0/gcc-9.4.0-3hnxhjt gdrcopy/2.2/gcc-9.4.0-e4igtfp
    knem/1.1.4/gcc-9.4.0-bpbxgva libnl/3.3.0/gcc-9.4.0-whwhrwb
    rdma-core/34.0/gcc-9.4.0-5eo5n2u ucx/1.11.1/gcc-9.4.0-lktqyl4
    openmpi/4.1.1/gcc-9.4.0-epagguv
Changed directory to /rds/user/tdb47/hpc-work/planning/thinker_private_planning/probing.

JobID: 58705852
======
Time: Sun Aug 11 19:58:21 BST 2024
Running on master node: gpu-q-6
Current directory: /rds/user/tdb47/hpc-work/planning/thinker_private_planning/probing

Nodes allocated:
================
gpu-q-6

numtasks=1, numnodes=1, mpi_tasks_per_node=1 (OMP_NUM_THREADS=1)

Executing command:
==================
python train_conv_probe.py --feature agent_onto_after --num_epochs 10 --weight_decay 0.001 --kernel 1 --model_name 20m 


test
=================================== FEATURE: agent_onto_after =========================================
!!!!
=============== Seed: 0 ================
========= layer0 =========
---- Epoch 1 -----
Full acc: 0.860933102862688
F1: 0.5480174145819452
Time: 41.495604276657104
---- Epoch 2 -----
Full acc: 0.8605989204269772
F1: 0.5495131862049635
Time: 33.71956515312195
---- Epoch 3 -----
Full acc: 0.8605870936438622
F1: 0.5451912724606862
Time: 33.50364923477173
---- Epoch 4 -----
Full acc: 0.8606140829694323
F1: 0.5489295272312169
Time: 33.87162184715271
---- Epoch 5 -----
Full acc: 0.8608463731198447
F1: 0.5525981292162642
Time: 35.28187966346741
---- Epoch 6 -----
Full acc: 0.8605467612809315
F1: 0.5487404458270895
Time: 35.33661651611328
---- Epoch 7 -----
Full acc: 0.8605212882096069
F1: 0.5514122868651772
Time: 33.74202084541321
---- Epoch 8 -----
Full acc: 0.8606598738476468
F1: 0.5499474810128394
Time: 33.98643183708191
---- Epoch 9 -----
Full acc: 0.8605591945657448
F1: 0.5506808797719226
Time: 33.88947033882141
---- Epoch 10 -----
Full acc: 0.8609370451237264
F1: 0.550333286545226
Time: 34.546170473098755
========= layer1 =========
---- Epoch 1 -----
Full acc: 0.8780916424065988
F1: 0.6270300356081092
Time: 37.03794765472412
---- Epoch 2 -----
Full acc: 0.8778548034934498
F1: 0.6283573799545735
Time: 35.36941337585449
---- Epoch 3 -----
Full acc: 0.877751698204755
F1: 0.628707556861846
Time: 33.59321880340576
---- Epoch 4 -----
Full acc: 0.8779482047549733
F1: 0.6292095812668345
Time: 33.74578881263733
---- Epoch 5 -----
Full acc: 0.8780106744298884
F1: 0.6260040867387842
Time: 34.67820692062378
---- Epoch 6 -----
Full acc: 0.8779166666666667
F1: 0.6289586801219078
Time: 34.862767457962036
---- Epoch 7 -----
Full acc: 0.8783172610383309
F1: 0.6277170009771408
Time: 33.63463115692139
---- Epoch 8 -----
Full acc: 0.877894226103833
F1: 0.6280529964548975
Time: 34.05964994430542
---- Epoch 9 -----
Full acc: 0.8779573022804464
F1: 0.6269169896589923
Time: 33.54394197463989
---- Epoch 10 -----
Full acc: 0.8780537360504609
F1: 0.6280133106367629
Time: 33.903021812438965
========= layer2 =========
---- Epoch 1 -----
Full acc: 0.8704221251819505
F1: 0.592885319628061
Time: 36.694108724594116
---- Epoch 2 -----
Full acc: 0.8702638282387191
F1: 0.5923617957617174
Time: 34.85549759864807
---- Epoch 3 -----
Full acc: 0.8703529839883551
F1: 0.5925236555579141
Time: 35.312840700149536
---- Epoch 4 -----
Full acc: 0.8703156841339156
F1: 0.5951650225743816
Time: 34.33496618270874
---- Epoch 5 -----
Full acc: 0.8702556404657933
F1: 0.5940367543205312
Time: 33.094160079956055
---- Epoch 6 -----
Full acc: 0.8702680737506066
F1: 0.5920387133973123
Time: 34.50166702270508
---- Epoch 7 -----
Full acc: 0.8704327389616691
F1: 0.5939439782806997
Time: 33.903016328811646
---- Epoch 8 -----
Full acc: 0.8703572295002426
F1: 0.5943398012641528
Time: 34.07632637023926
---- Epoch 9 -----
Full acc: 0.8701382823871907
F1: 0.5923965368787953
Time: 34.80165123939514
---- Epoch 10 -----
Full acc: 0.8702486656962639
F1: 0.5942553567937817
Time: 34.96564722061157
========= x =========
---- Epoch 1 -----
Full acc: 0.826092916060165
F1: 0.18095309582438518
Time: 35.900442123413086
---- Epoch 2 -----
Full acc: 0.826092916060165
F1: 0.18095309582438518
Time: 34.734556436538696
---- Epoch 3 -----
Full acc: 0.826092916060165
F1: 0.18095309582438518
Time: 34.315004110336304
---- Epoch 4 -----
Full acc: 0.826092916060165
F1: 0.18095309582438518
Time: 33.878092765808105
---- Epoch 5 -----
Full acc: 0.826092916060165
F1: 0.18095309582438518
Time: 33.103256702423096
---- Epoch 6 -----
Full acc: 0.826092916060165
F1: 0.18095309582438518
Time: 34.00318765640259
---- Epoch 7 -----
Full acc: 0.826092916060165
F1: 0.18095309582438518
Time: 33.014997482299805
---- Epoch 8 -----
Full acc: 0.826092916060165
F1: 0.18095309582438518
Time: 32.57383847236633
---- Epoch 9 -----
Full acc: 0.826092916060165
F1: 0.18095309582438518
Time: 33.67777466773987
---- Epoch 10 -----
Full acc: 0.826092916060165
F1: 0.18095309582438518
Time: 33.733399629592896
=============== Seed: 1 ================
========= layer0 =========
---- Epoch 1 -----
Full acc: 0.860631065016982
F1: 0.5505974147842273
Time: 36.854921102523804
---- Epoch 2 -----
Full acc: 0.8606149927219796
F1: 0.5510200833588876
Time: 35.338156938552856
---- Epoch 3 -----
Full acc: 0.860518558951965
F1: 0.5491086300839404
Time: 35.66921877861023
---- Epoch 4 -----
Full acc: 0.8603414604560893
F1: 0.5510414788852473
Time: 34.57510805130005
---- Epoch 5 -----
Full acc: 0.8604042333818535
F1: 0.5495866653687218
Time: 34.32239103317261
---- Epoch 6 -----
Full acc: 0.8606817079087822
F1: 0.5475682967071112
Time: 34.4944326877594
---- Epoch 7 -----
Full acc: 0.8603842188258127
F1: 0.54928570643139
Time: 35.21658968925476
---- Epoch 8 -----
Full acc: 0.8604036268801553
F1: 0.5489947965581048
Time: 32.32645320892334
---- Epoch 9 -----
Full acc: 0.8606386462882096
F1: 0.5445841630385411
Time: 34.611502170562744
---- Epoch 10 -----
Full acc: 0.8604946021348859
F1: 0.5494529372439134
Time: 35.030251264572144
========= layer1 =========
---- Epoch 1 -----
Full acc: 0.8778290271712761
F1: 0.6282483756025127
Time: 36.74091410636902
---- Epoch 2 -----
Full acc: 0.878261159631247
F1: 0.6277415402220032
Time: 35.10007190704346
---- Epoch 3 -----
Full acc: 0.8778933163512858
F1: 0.6290511604459734
Time: 35.208945989608765
---- Epoch 4 -----
Full acc: 0.8778211426491994
F1: 0.6271177916101228
Time: 34.934550523757935
---- Epoch 5 -----
Full acc: 0.878024320718098
F1: 0.6279335741704595
Time: 35.34527635574341
---- Epoch 6 -----
Full acc: 0.8777662542455119
F1: 0.6263866810125867
Time: 34.37430810928345
---- Epoch 7 -----
Full acc: 0.87790878214459
F1: 0.6286266043499258
Time: 34.189563274383545
---- Epoch 8 -----
Full acc: 0.878027353226589
F1: 0.6272322541868969
Time: 32.5265212059021
---- Epoch 9 -----
Full acc: 0.8782214337700146
F1: 0.6276831446106388
Time: 34.848530769348145
---- Epoch 10 -----
Full acc: 0.8781292455118874
F1: 0.6246410160193604
Time: 33.68409967422485
========= layer2 =========
---- Epoch 1 -----
Full acc: 0.8701106865599224
F1: 0.5924084968140391
Time: 37.17091989517212
---- Epoch 2 -----
Full acc: 0.8701443474041727
F1: 0.5919796569008949
Time: 34.23402452468872
---- Epoch 3 -----
Full acc: 0.8703123483745755
F1: 0.5939437284693101
Time: 34.26838970184326
---- Epoch 4 -----
Full acc: 0.8702089398350316
F1: 0.5921782807178146
Time: 34.07140588760376
---- Epoch 5 -----
Full acc: 0.870426370693838
F1: 0.5930639769232448
Time: 33.758265256881714
---- Epoch 6 -----
Full acc: 0.8703217491508977
F1: 0.5917224270342113
Time: 33.46463227272034
---- Epoch 7 -----
Full acc: 0.8700645924308588
F1: 0.5924241000614846
Time: 33.36492586135864
---- Epoch 8 -----
Full acc: 0.8701346433770014
F1: 0.5915565677612661
Time: 34.32770609855652
---- Epoch 9 -----
Full acc: 0.8704251576904415
F1: 0.5948012798150655
Time: 34.425556898117065
---- Epoch 10 -----
Full acc: 0.8702868753032509
F1: 0.593676229730151
Time: 35.2318115234375
========= x =========
---- Epoch 1 -----
Full acc: 0.826092916060165
F1: 0.18095309582438518
Time: 35.915481090545654
---- Epoch 2 -----
Full acc: 0.826092916060165
F1: 0.18095309582438518
Time: 33.16006565093994
---- Epoch 3 -----
Full acc: 0.826092916060165
F1: 0.18095309582438518
Time: 33.24197554588318
---- Epoch 4 -----
Full acc: 0.826092916060165
F1: 0.18095309582438518
Time: 32.9642596244812
---- Epoch 5 -----
Full acc: 0.826092916060165
F1: 0.18095309582438518
Time: 33.736494302749634
---- Epoch 6 -----
Full acc: 0.826092916060165
F1: 0.18095309582438518
Time: 33.82591676712036
---- Epoch 7 -----
Full acc: 0.826092916060165
F1: 0.18095309582438518
Time: 34.07088088989258
---- Epoch 8 -----
Full acc: 0.826092916060165
F1: 0.18095309582438518
Time: 33.87796187400818
---- Epoch 9 -----
Full acc: 0.826092916060165
F1: 0.18095309582438518
Time: 33.45112991333008
---- Epoch 10 -----
Full acc: 0.826092916060165
F1: 0.18095309582438518
Time: 34.215543270111084
=============== Seed: 2 ================
========= layer0 =========
---- Epoch 1 -----
Full acc: 0.860844250363901
F1: 0.5524917065043795
Time: 36.339569330215454
---- Epoch 2 -----
Full acc: 0.8606513828238719
F1: 0.5493573410185012
Time: 33.624938011169434
---- Epoch 3 -----
Full acc: 0.8606210577389617
F1: 0.5487243242256487
Time: 33.868974447250366
---- Epoch 4 -----
Full acc: 0.8606713973799127
F1: 0.5464740124035015
Time: 33.99272441864014
---- Epoch 5 -----
Full acc: 0.8604982411450752
F1: 0.5498453801710825
Time: 32.356552600860596
---- Epoch 6 -----
Full acc: 0.860728711790393
F1: 0.548341275123266
Time: 33.6588237285614
---- Epoch 7 -----
Full acc: 0.8605767831149927
F1: 0.5493288790017666
Time: 33.815481424331665
---- Epoch 8 -----
Full acc: 0.860518558951965
F1: 0.5490704114027992
Time: 33.270939350128174
---- Epoch 9 -----
Full acc: 0.8606246967491509
F1: 0.5502622921072602
Time: 33.80478000640869
---- Epoch 10 -----
Full acc: 0.8604254609412907
F1: 0.549790970661232
Time: 34.125879764556885
========= layer1 =========
---- Epoch 1 -----
Full acc: 0.87781083212033
F1: 0.628209224735077
Time: 36.715020418167114
---- Epoch 2 -----
Full acc: 0.8779909631246967
F1: 0.628036771114465
Time: 34.764854431152344
---- Epoch 3 -----
Full acc: 0.8778475254730713
F1: 0.6280665581005458
Time: 34.1089403629303
---- Epoch 4 -----
Full acc: 0.8781686681222708
F1: 0.6300267637319428
Time: 33.85546517372131
---- Epoch 5 -----
Full acc: 0.8780607108199903
F1: 0.6266835508625646
Time: 34.07140874862671
---- Epoch 6 -----
Full acc: 0.8780043061620573
F1: 0.6280277754875755
Time: 34.17197608947754
---- Epoch 7 -----
Full acc: 0.8780613173216885
F1: 0.6277514494218714
Time: 34.32451009750366
---- Epoch 8 -----
Full acc: 0.8780303857350801
F1: 0.6269098043282625
Time: 34.61057996749878
---- Epoch 9 -----
Full acc: 0.8781198447355653
F1: 0.6277533988085502
Time: 33.27510046958923
---- Epoch 10 -----
Full acc: 0.8777708030082484
F1: 0.6273778358747198
Time: 34.7368950843811
========= layer2 =========
---- Epoch 1 -----
Full acc: 0.8701009825327511
F1: 0.5929750279392187
Time: 37.13206934928894
---- Epoch 2 -----
Full acc: 0.8704475982532751
F1: 0.5922662832051535
Time: 34.30319571495056
---- Epoch 3 -----
Full acc: 0.8704348617176129
F1: 0.592430151995566
Time: 34.45855116844177
---- Epoch 4 -----
Full acc: 0.8702171276079573
F1: 0.5907140619485244
Time: 34.80052185058594
---- Epoch 5 -----
Full acc: 0.8704924793789423
F1: 0.5949359334830726
Time: 34.35386085510254
---- Epoch 6 -----
Full acc: 0.8703417637069384
F1: 0.5940248374843586
Time: 34.412925481796265
---- Epoch 7 -----
Full acc: 0.8701786147501213
F1: 0.5923071122233229
Time: 34.275734186172485
---- Epoch 8 -----
Full acc: 0.8703208393983504
F1: 0.5932088158569757
Time: 34.277909994125366
---- Epoch 9 -----
Full acc: 0.8702025715672004
F1: 0.5924122449941986
Time: 34.13352179527283
---- Epoch 10 -----
Full acc: 0.8701849830179524
F1: 0.592422024469178
Time: 33.84254789352417
========= x =========
---- Epoch 1 -----
Full acc: 0.826092916060165
F1: 0.18095309582438518
Time: 36.55654501914978
---- Epoch 2 -----
Full acc: 0.826092916060165
F1: 0.18095309582438518
Time: 34.36175560951233
---- Epoch 3 -----
Full acc: 0.826092916060165
F1: 0.18095309582438518
Time: 34.323365688323975
---- Epoch 4 -----
Full acc: 0.826092916060165
F1: 0.18095309582438518
Time: 33.39529299736023
---- Epoch 5 -----
Full acc: 0.826092916060165
F1: 0.18095309582438518
Time: 33.53001880645752
---- Epoch 6 -----
Full acc: 0.826092916060165
F1: 0.18095309582438518
Time: 33.46210312843323
---- Epoch 7 -----
Full acc: 0.826092916060165
F1: 0.18095309582438518
Time: 33.52981352806091
---- Epoch 8 -----
Full acc: 0.826092916060165
F1: 0.18095309582438518
Time: 33.655959129333496
---- Epoch 9 -----
Full acc: 0.826092916060165
F1: 0.18095309582438518
Time: 33.86044526100159
---- Epoch 10 -----
Full acc: 0.826092916060165
F1: 0.18095309582438518
Time: 33.749032974243164
=============== Seed: 3 ================
========= layer0 =========
---- Epoch 1 -----
Full acc: 0.8609455361475012
F1: 0.5505095796953936
Time: 36.69163465499878
---- Epoch 2 -----
Full acc: 0.8607741994177583
F1: 0.5501830893957497
Time: 34.168984174728394
---- Epoch 3 -----
Full acc: 0.8608172610383309
F1: 0.5479243997180632
Time: 33.94156455993652
---- Epoch 4 -----
Full acc: 0.860598313925279
F1: 0.5488141479383342
Time: 34.77256679534912
---- Epoch 5 -----
Full acc: 0.8605346312469675
F1: 0.5506527053885986
Time: 35.59518599510193
---- Epoch 6 -----
Full acc: 0.8605394832605532
F1: 0.5487835854371184
Time: 34.74216914176941
---- Epoch 7 -----
Full acc: 0.8606698811256671
F1: 0.546260421275903
Time: 34.575143814086914
---- Epoch 8 -----
Full acc: 0.8605770863658418
F1: 0.5526418464530958
Time: 33.64922261238098
---- Epoch 9 -----
Full acc: 0.860577389616691
F1: 0.5508827199082746
Time: 35.12092971801758
---- Epoch 10 -----
Full acc: 0.86081756428918
F1: 0.5480463376040167
Time: 34.253933906555176
========= layer1 =========
---- Epoch 1 -----
Full acc: 0.8780883066472586
F1: 0.6273824857735045
Time: 35.268219232559204
---- Epoch 2 -----
Full acc: 0.8778905870936439
F1: 0.6258181611114608
Time: 34.50811457633972
---- Epoch 3 -----
Full acc: 0.8779024138767588
F1: 0.6284602319052415
Time: 34.026076316833496
---- Epoch 4 -----
Full acc: 0.8778290271712761
F1: 0.626417412196105
Time: 34.45596361160278
---- Epoch 5 -----
Full acc: 0.8778596555070354
F1: 0.6270555473935456
Time: 34.0035457611084
---- Epoch 6 -----
Full acc: 0.8779794395924309
F1: 0.6281630164472212
Time: 34.09227156639099
---- Epoch 7 -----
Full acc: 0.877846615720524
F1: 0.626888151392303
Time: 34.43714141845703
---- Epoch 8 -----
Full acc: 0.8781771591460457
F1: 0.6268956724409182
Time: 35.69228458404541
---- Epoch 9 -----
Full acc: 0.8779730713245997
F1: 0.6262328169782778
Time: 35.49119687080383
---- Epoch 10 -----
Full acc: 0.8779051431344008
F1: 0.6284479747407926
Time: 35.53336429595947
========= layer2 =========
---- Epoch 1 -----
Full acc: 0.8700406356137798
F1: 0.5920799992214192
Time: 37.03735828399658
---- Epoch 2 -----
Full acc: 0.8701819505094615
F1: 0.5911439329662386
Time: 34.19154191017151
---- Epoch 3 -----
Full acc: 0.8704748908296943
F1: 0.5930585541074027
Time: 34.359225034713745
---- Epoch 4 -----
Full acc: 0.8703751213003397
F1: 0.5926804647541069
Time: 35.21917796134949
---- Epoch 5 -----
Full acc: 0.870201358563804
F1: 0.5925509720481438
Time: 34.649882555007935
---- Epoch 6 -----
Full acc: 0.870515223192625
F1: 0.5931556929562153
Time: 33.618386030197144
---- Epoch 7 -----
Full acc: 0.8704309194565745
F1: 0.594026665817184
Time: 34.120845556259155
---- Epoch 8 -----
Full acc: 0.870248968947113
F1: 0.5914971928563604
Time: 34.192103147506714
---- Epoch 9 -----
Full acc: 0.870459121785541
F1: 0.5934370057938503
Time: 33.81498122215271
---- Epoch 10 -----
Full acc: 0.8705355409995148
F1: 0.5941903768455002
Time: 34.20415759086609
========= x =========
---- Epoch 1 -----
Full acc: 0.826092916060165
F1: 0.18095309582438518
Time: 36.766562700271606
---- Epoch 2 -----
Full acc: 0.826092916060165
F1: 0.18095309582438518
Time: 33.42481088638306
---- Epoch 3 -----
Full acc: 0.826092916060165
F1: 0.18095309582438518
Time: 32.98485207557678
---- Epoch 4 -----
Full acc: 0.826092916060165
F1: 0.18095309582438518
Time: 34.4568235874176
---- Epoch 5 -----
Full acc: 0.826092916060165
F1: 0.18095309582438518
Time: 34.72397994995117
---- Epoch 6 -----
Full acc: 0.826092916060165
F1: 0.18095309582438518
Time: 34.12858247756958
---- Epoch 7 -----
Full acc: 0.826092916060165
F1: 0.18095309582438518
Time: 33.583125829696655
---- Epoch 8 -----
Full acc: 0.826092916060165
F1: 0.18095309582438518
Time: 34.023510694503784
---- Epoch 9 -----
Full acc: 0.826092916060165
F1: 0.18095309582438518
Time: 33.64848589897156
---- Epoch 10 -----
Full acc: 0.826092916060165
F1: 0.18095309582438518
Time: 33.50764870643616
=============== Seed: 4 ================
========= layer0 =========
---- Epoch 1 -----
Full acc: 0.8605322052401747
F1: 0.5529463650473027
Time: 37.03678297996521
---- Epoch 2 -----
Full acc: 0.8607860262008734
F1: 0.54962234653511
Time: 34.16951894760132
---- Epoch 3 -----
Full acc: 0.8606626031052887
F1: 0.5494747834546134
Time: 34.863718032836914
---- Epoch 4 -----
Full acc: 0.8609233988355167
F1: 0.5490164196023739
Time: 34.42606806755066
---- Epoch 5 -----
Full acc: 0.860808770014556
F1: 0.5509052557751002
Time: 33.607844829559326
---- Epoch 6 -----
Full acc: 0.8607096069868996
F1: 0.5474779275670965
Time: 34.339111328125
---- Epoch 7 -----
Full acc: 0.8603987748665696
F1: 0.5453333304003946
Time: 33.34593677520752
---- Epoch 8 -----
Full acc: 0.860702025715672
F1: 0.5495240479779774
Time: 34.053194522857666
---- Epoch 9 -----
Full acc: 0.8605131004366813
F1: 0.5452758145017663
Time: 34.42077684402466
---- Epoch 10 -----
Full acc: 0.8606680616205725
F1: 0.5495032819523348
Time: 33.836849212646484
========= layer1 =========
---- Epoch 1 -----
Full acc: 0.8778560164968462
F1: 0.6277351804949916
Time: 37.432557821273804
---- Epoch 2 -----
Full acc: 0.8779130276564774
F1: 0.6270278582778591
Time: 34.78817796707153
---- Epoch 3 -----
Full acc: 0.8777256186317322
F1: 0.6280607610494762
Time: 34.57854771614075
---- Epoch 4 -----
Full acc: 0.878151686074721
F1: 0.6251525761692992
Time: 33.99365234375
---- Epoch 5 -----
Full acc: 0.8779497210092189
F1: 0.6289562684448936
Time: 33.756572008132935
---- Epoch 6 -----
Full acc: 0.8779042333818534
F1: 0.6282786429368785
Time: 33.373013496398926
---- Epoch 7 -----
Full acc: 0.878136826783115
F1: 0.6270411752980897
Time: 34.31115102767944
---- Epoch 8 -----
Full acc: 0.8779163634158176
F1: 0.6279174785182644
Time: 33.898494243621826
---- Epoch 9 -----
Full acc: 0.8780828481319748
F1: 0.6260203199517939
Time: 33.82702994346619
---- Epoch 10 -----
Full acc: 0.8780340247452693
F1: 0.6264494624878006
Time: 33.85404300689697
========= layer2 =========
---- Epoch 1 -----
Full acc: 0.8706983867054828
F1: 0.5934654773240957
Time: 36.93169021606445
---- Epoch 2 -----
Full acc: 0.870091885007278
F1: 0.5915728061963721
Time: 33.4218225479126
---- Epoch 3 -----
Full acc: 0.8704864143619602
F1: 0.5936836550374601
Time: 33.39580297470093
---- Epoch 4 -----
Full acc: 0.870329027171276
F1: 0.5927328002325429
Time: 33.80458688735962
---- Epoch 5 -----
Full acc: 0.870293546821931
F1: 0.5922826387992256
Time: 32.31820321083069
---- Epoch 6 -----
Full acc: 0.8703332726831635
F1: 0.5922262196560448
Time: 33.28670287132263
---- Epoch 7 -----
Full acc: 0.870275655021834
F1: 0.5924507112038221
Time: 34.275386571884155
---- Epoch 8 -----
Full acc: 0.8702883915574964
F1: 0.5924084168347299
Time: 34.34524750709534
---- Epoch 9 -----
Full acc: 0.8701910480349345
F1: 0.5924276785498689
Time: 34.24371814727783
---- Epoch 10 -----
Full acc: 0.87040878214459
F1: 0.5929429188192897
Time: 34.31905245780945
========= x =========
---- Epoch 1 -----
Full acc: 0.826092916060165
F1: 0.18095309582438518
Time: 36.41192936897278
---- Epoch 2 -----
Full acc: 0.826092916060165
F1: 0.18095309582438518
Time: 33.84287405014038
---- Epoch 3 -----
Full acc: 0.826092916060165
F1: 0.18095309582438518
Time: 33.51524114608765
---- Epoch 4 -----
Full acc: 0.826092916060165
F1: 0.18095309582438518
Time: 34.559858322143555
---- Epoch 5 -----
Full acc: 0.826092916060165
F1: 0.18095309582438518
Time: 33.148184061050415
---- Epoch 6 -----
Full acc: 0.826092916060165
F1: 0.18095309582438518
Time: 32.886110067367554
---- Epoch 7 -----
Full acc: 0.826092916060165
F1: 0.18095309582438518
Time: 33.66847515106201
---- Epoch 8 -----
Full acc: 0.826092916060165
F1: 0.18095309582438518
Time: 33.06354641914368
---- Epoch 9 -----
Full acc: 0.826092916060165
F1: 0.18095309582438518
Time: 33.00943326950073
---- Epoch 10 -----
Full acc: 0.826092916060165
F1: 0.18095309582438518
Time: 33.99719953536987
