Loading rhel8/default-amp
  Loading requirement: dot rhel8/slurm singularity/current rhel8/global
    cuda/11.4 libpciaccess/0.16/gcc-9.4.0-6fonbj6
    libiconv/1.16/gcc-9.4.0-ahebbov libxml2/2.9.12/gcc-9.4.0-gnknt5e
    ncurses/6.2/gcc-9.4.0-aiirok7 hwloc/2.5.0/gcc-9.4.0-7sqomga
    libevent/2.1.12/gcc-9.4.0-hgny7cm numactl/2.0.14/gcc-9.4.0-52dwc6n
    cuda/11.4.0/gcc-9.4.0-3hnxhjt gdrcopy/2.2/gcc-9.4.0-e4igtfp
    knem/1.1.4/gcc-9.4.0-bpbxgva libnl/3.3.0/gcc-9.4.0-whwhrwb
    rdma-core/34.0/gcc-9.4.0-5eo5n2u ucx/1.11.1/gcc-9.4.0-lktqyl4
    openmpi/4.1.1/gcc-9.4.0-epagguv
Changed directory to /rds/user/tdb47/hpc-work/planning/thinker_private_planning/probing.

JobID: 58606144
======
Time: Fri Aug  9 21:12:58 BST 2024
Running on master node: gpu-q-74
Current directory: /rds/user/tdb47/hpc-work/planning/thinker_private_planning/probing

Nodes allocated:
================
gpu-q-74

numtasks=1, numnodes=1, mpi_tasks_per_node=1 (OMP_NUM_THREADS=1)

Executing command:
==================
python train_conv_probe.py --feature tracked_box_next_push_onto_with --num_epochs 10 --weight_decay 0.001 --kernel 1 --model_name 50m 


test
=================================== FEATURE: tracked_box_next_push_onto_with =========================================
=============== Seed: 0 ================
========= layer0 =========
---- Epoch 1 -----
Full acc: 0.9565861075544174
F1: 0.7654558593244435
Time: 33.23545861244202
---- Epoch 2 -----
Full acc: 0.957042857487981
F1: 0.7680439322361158
Time: 27.722214698791504
---- Epoch 3 -----
Full acc: 0.957085512647066
F1: 0.7692075583924727
Time: 27.759371995925903
---- Epoch 4 -----
Full acc: 0.9570100167902785
F1: 0.7665551814628266
Time: 26.841369152069092
---- Epoch 5 -----
Full acc: 0.957024738482352
F1: 0.7675172487081617
Time: 27.358258724212646
---- Epoch 6 -----
Full acc: 0.9569522624598362
F1: 0.7668089790598998
Time: 26.628303050994873
---- Epoch 7 -----
Full acc: 0.9570122816659822
F1: 0.768158021350979
Time: 25.336113691329956
---- Epoch 8 -----
Full acc: 0.9569820833232672
F1: 0.7675022032391713
Time: 27.275641679763794
---- Epoch 9 -----
Full acc: 0.9569858581161066
F1: 0.767967834372539
Time: 26.94016408920288
---- Epoch 10 -----
Full acc: 0.9571561012731621
F1: 0.7685535571006286
Time: 27.350033044815063
========= layer1 =========
---- Epoch 1 -----
Full acc: 0.9704667757833451
F1: 0.8560353899107103
Time: 28.583445072174072
---- Epoch 2 -----
Full acc: 0.9704543189669751
F1: 0.8558930595908638
Time: 27.963412761688232
---- Epoch 3 -----
Full acc: 0.9703478698089049
F1: 0.8552650354321523
Time: 27.969411849975586
---- Epoch 4 -----
Full acc: 0.970431292730655
F1: 0.8559629930828059
Time: 27.215539693832397
---- Epoch 5 -----
Full acc: 0.970413173725026
F1: 0.8556938272640334
Time: 27.780656099319458
---- Epoch 6 -----
Full acc: 0.9704690406590486
F1: 0.8559014531699866
Time: 28.369681358337402
---- Epoch 7 -----
Full acc: 0.9703331481168314
F1: 0.8552154900086973
Time: 27.328529596328735
---- Epoch 8 -----
Full acc: 0.9703871276544344
F1: 0.8554117054516096
Time: 27.129201412200928
---- Epoch 9 -----
Full acc: 0.9703391877853743
F1: 0.8554531389242814
Time: 27.686052322387695
---- Epoch 10 -----
Full acc: 0.9703161615490542
F1: 0.8550920559402776
Time: 27.850475549697876
========= layer2 =========
---- Epoch 1 -----
Full acc: 0.961451815524364
F1: 0.7978586072661372
Time: 29.505166053771973
---- Epoch 2 -----
Full acc: 0.9619153600850385
F1: 0.8002920701398866
Time: 27.605305194854736
---- Epoch 3 -----
Full acc: 0.9619806640011597
F1: 0.8009000537633526
Time: 27.282739877700806
---- Epoch 4 -----
Full acc: 0.9619576377648394
F1: 0.8005473992661758
Time: 26.968998432159424
---- Epoch 5 -----
Full acc: 0.961798341507018
F1: 0.7993239190862729
Time: 27.49432635307312
---- Epoch 6 -----
Full acc: 0.9620576697750828
F1: 0.8010195183586564
Time: 27.338452577590942
---- Epoch 7 -----
Full acc: 0.9618598706302998
F1: 0.8001430379473765
Time: 27.794316291809082
---- Epoch 8 -----
Full acc: 0.961865155340275
F1: 0.800133242623861
Time: 27.673840284347534
---- Epoch 9 -----
Full acc: 0.9618794995530645
F1: 0.8001757060700496
Time: 27.17900013923645
---- Epoch 10 -----
Full acc: 0.9620538949822434
F1: 0.8010942878165291
Time: 26.754268646240234
========= x =========
---- Epoch 1 -----
Full acc: 0.9063843826250816
F1: 0.24833101471028324
Time: 29.22913956642151
---- Epoch 2 -----
Full acc: 0.9063843826250816
F1: 0.24833101471028324
Time: 27.68864345550537
---- Epoch 3 -----
Full acc: 0.9063843826250816
F1: 0.24833101471028324
Time: 26.72822380065918
---- Epoch 4 -----
Full acc: 0.9063843826250816
F1: 0.24833101471028324
Time: 27.02562689781189
---- Epoch 5 -----
Full acc: 0.9063843826250816
F1: 0.24833101471028324
Time: 26.105131149291992
---- Epoch 6 -----
Full acc: 0.9063843826250816
F1: 0.24833101471028324
Time: 26.34492588043213
---- Epoch 7 -----
Full acc: 0.9063843826250816
F1: 0.24833101471028324
Time: 26.75497078895569
---- Epoch 8 -----
Full acc: 0.9063843826250816
F1: 0.24833101471028324
Time: 27.834771633148193
---- Epoch 9 -----
Full acc: 0.9063843826250816
F1: 0.24833101471028324
Time: 27.331907749176025
---- Epoch 10 -----
Full acc: 0.9063843826250816
F1: 0.24833101471028324
Time: 26.261589288711548
=============== Seed: 1 ================
========= layer0 =========
---- Epoch 1 -----
Full acc: 0.9565075918633585
F1: 0.7645213238855201
Time: 28.921509742736816
---- Epoch 2 -----
Full acc: 0.9569945401396371
F1: 0.7670468647919643
Time: 26.463356733322144
---- Epoch 3 -----
Full acc: 0.9570926847534608
F1: 0.7680942803958498
Time: 27.04357075691223
---- Epoch 4 -----
Full acc: 0.9569515075012683
F1: 0.767213132727939
Time: 25.73735809326172
---- Epoch 5 -----
Full acc: 0.9570254934409199
F1: 0.7678717714129408
Time: 28.319650888442993
---- Epoch 6 -----
Full acc: 0.9568986604015172
F1: 0.7668761295327349
Time: 27.271588802337646
---- Epoch 7 -----
Full acc: 0.9568069329355205
F1: 0.7661951818177262
Time: 27.899174690246582
---- Epoch 8 -----
Full acc: 0.9568050455391008
F1: 0.7661865561204031
Time: 27.710776805877686
---- Epoch 9 -----
Full acc: 0.9570092618317106
F1: 0.7680478443709877
Time: 27.948896646499634
---- Epoch 10 -----
Full acc: 0.9570058645181553
F1: 0.7673532967920548
Time: 27.993401288986206
========= layer1 =========
---- Epoch 1 -----
Full acc: 0.9703776906723359
F1: 0.8555610989339255
Time: 28.674272537231445
---- Epoch 2 -----
Full acc: 0.970460358635518
F1: 0.8561664010286512
Time: 27.45453643798828
---- Epoch 3 -----
Full acc: 0.9704407297127534
F1: 0.855662444768915
Time: 27.80643343925476
---- Epoch 4 -----
Full acc: 0.9703486247674727
F1: 0.8554233290391766
Time: 26.772155046463013
---- Epoch 5 -----
Full acc: 0.9702565198221922
F1: 0.8551035733670436
Time: 26.74277973175049
---- Epoch 6 -----
Full acc: 0.9703082344840915
F1: 0.8552248296967931
Time: 26.116572380065918
---- Epoch 7 -----
Full acc: 0.970347114850337
F1: 0.8554794701944836
Time: 28.106523990631104
---- Epoch 8 -----
Full acc: 0.9703282408861401
F1: 0.8555226232871694
Time: 26.334611892700195
---- Epoch 9 -----
Full acc: 0.9703003074191289
F1: 0.8550871865891198
Time: 26.155845165252686
---- Epoch 10 -----
Full acc: 0.9704512991327036
F1: 0.8556870287172448
Time: 28.029298305511475
========= layer2 =========
---- Epoch 1 -----
Full acc: 0.9598086482013867
F1: 0.7897917057811771
Time: 28.341552734375
---- Epoch 2 -----
Full acc: 0.9617768251878337
F1: 0.7993072697720731
Time: 27.808834314346313
---- Epoch 3 -----
Full acc: 0.9619953856932332
F1: 0.8006910440399485
Time: 26.908255577087402
---- Epoch 4 -----
Full acc: 0.9619319691735317
F1: 0.8002608374628982
Time: 27.324535608291626
---- Epoch 5 -----
Full acc: 0.9620282263909357
F1: 0.8007909594782772
Time: 27.333303928375244
---- Epoch 6 -----
Full acc: 0.9619629224748146
F1: 0.8004366662041207
Time: 27.346658945083618
---- Epoch 7 -----
Full acc: 0.9619281943806924
F1: 0.8002657204451176
Time: 26.242648363113403
---- Epoch 8 -----
Full acc: 0.9619417836349141
F1: 0.8002261784326523
Time: 26.166099786758423
---- Epoch 9 -----
Full acc: 0.9619180024400261
F1: 0.8006356489331846
Time: 27.14558982849121
---- Epoch 10 -----
Full acc: 0.9619576377648394
F1: 0.8004409474225541
Time: 26.64721417427063
========= x =========
---- Epoch 1 -----
Full acc: 0.9063843826250816
F1: 0.24833101471028324
Time: 28.7417414188385
---- Epoch 2 -----
Full acc: 0.9063843826250816
F1: 0.24833101471028324
Time: 27.237618684768677
---- Epoch 3 -----
Full acc: 0.9063843826250816
F1: 0.24833101471028324
Time: 27.566975593566895
---- Epoch 4 -----
Full acc: 0.9063843826250816
F1: 0.24833101471028324
Time: 26.811132431030273
---- Epoch 5 -----
Full acc: 0.9063843826250816
F1: 0.24833101471028324
Time: 26.71744465827942
---- Epoch 6 -----
Full acc: 0.9063843826250816
F1: 0.24833101471028324
Time: 26.958953142166138
---- Epoch 7 -----
Full acc: 0.9063843826250816
F1: 0.24833101471028324
Time: 27.037646770477295
---- Epoch 8 -----
Full acc: 0.9063843826250816
F1: 0.24833101471028324
Time: 26.8359375
---- Epoch 9 -----
Full acc: 0.9063843826250816
F1: 0.24833101471028324
Time: 27.244689226150513
---- Epoch 10 -----
Full acc: 0.9063843826250816
F1: 0.24833101471028324
Time: 27.346811771392822
=============== Seed: 2 ================
========= layer0 =========
---- Epoch 1 -----
Full acc: 0.9567744697171019
F1: 0.7668861372646096
Time: 29.271607398986816
---- Epoch 2 -----
Full acc: 0.9569322560577875
F1: 0.7672849481672465
Time: 27.211273193359375
---- Epoch 3 -----
Full acc: 0.956941315560602
F1: 0.7670559848386579
Time: 27.88305425643921
---- Epoch 4 -----
Full acc: 0.9571360948711135
F1: 0.7685668635832845
Time: 27.55449342727661
---- Epoch 5 -----
Full acc: 0.9570572017007707
F1: 0.7683921256414317
Time: 27.390193462371826
---- Epoch 6 -----
Full acc: 0.9569247064721088
F1: 0.7674468144956323
Time: 26.751639366149902
---- Epoch 7 -----
Full acc: 0.9570715459135603
F1: 0.7685069349408468
Time: 26.895886421203613
---- Epoch 8 -----
Full acc: 0.9568205221897422
F1: 0.7663537008083467
Time: 27.095866441726685
---- Epoch 9 -----
Full acc: 0.9572119682071848
F1: 0.769388035651551
Time: 27.505859851837158
---- Epoch 10 -----
Full acc: 0.95707343330998
F1: 0.7683096278619441
Time: 27.636807918548584
========= layer1 =========
---- Epoch 1 -----
Full acc: 0.9703021948155485
F1: 0.8550347405015977
Time: 28.73695206642151
---- Epoch 2 -----
Full acc: 0.9704652658662093
F1: 0.8559623605462064
Time: 27.5855393409729
---- Epoch 3 -----
Full acc: 0.9703822204237431
F1: 0.8557634835242082
Time: 27.1624858379364
---- Epoch 4 -----
Full acc: 0.9703546644360157
F1: 0.8551737672621911
Time: 26.800681591033936
---- Epoch 5 -----
Full acc: 0.9703599491459909
F1: 0.8552311423028731
Time: 27.20537829399109
---- Epoch 6 -----
Full acc: 0.9703641014181141
F1: 0.8553297439436911
Time: 27.571518421173096
---- Epoch 7 -----
Full acc: 0.9703901474887058
F1: 0.8557178980132887
Time: 27.419848442077637
---- Epoch 8 -----
Full acc: 0.9703497572053246
F1: 0.855120076014303
Time: 27.086739778518677
---- Epoch 9 -----
Full acc: 0.9704282728963834
F1: 0.8558667813612335
Time: 27.8101863861084
---- Epoch 10 -----
Full acc: 0.9703780681516199
F1: 0.8556265435303402
Time: 27.309884786605835
========= layer2 =========
---- Epoch 1 -----
Full acc: 0.9605828582127413
F1: 0.7944695029272235
Time: 29.366821765899658
---- Epoch 2 -----
Full acc: 0.9618296722875849
F1: 0.7995115136309494
Time: 27.279051542282104
---- Epoch 3 -----
Full acc: 0.9619572602855555
F1: 0.8007761428215178
Time: 28.663343906402588
---- Epoch 4 -----
Full acc: 0.9618745923223734
F1: 0.8000368012858413
Time: 27.416223764419556
---- Epoch 5 -----
Full acc: 0.9618855392216075
F1: 0.7999083173328314
Time: 27.038394451141357
---- Epoch 6 -----
Full acc: 0.9619206447950136
F1: 0.800319013532004
Time: 26.52479600906372
---- Epoch 7 -----
Full acc: 0.9619202673157297
F1: 0.8004880905075886
Time: 26.538307189941406
---- Epoch 8 -----
Full acc: 0.9618062685719808
F1: 0.7997771105175036
Time: 26.560805797576904
---- Epoch 9 -----
Full acc: 0.9618217452226222
F1: 0.7999668911015015
Time: 27.433177947998047
---- Epoch 10 -----
Full acc: 0.9618349569975599
F1: 0.8000217334163174
Time: 27.510913610458374
========= x =========
---- Epoch 1 -----
Full acc: 0.9063843826250816
F1: 0.24833101471028324
Time: 28.243886709213257
---- Epoch 2 -----
Full acc: 0.9063843826250816
F1: 0.24833101471028324
Time: 27.506452798843384
---- Epoch 3 -----
Full acc: 0.9063843826250816
F1: 0.24833101471028324
Time: 27.251688718795776
---- Epoch 4 -----
Full acc: 0.9063843826250816
F1: 0.24833101471028324
Time: 27.114820957183838
---- Epoch 5 -----
Full acc: 0.9063843826250816
F1: 0.24833101471028324
Time: 27.486404180526733
---- Epoch 6 -----
Full acc: 0.9063843826250816
F1: 0.24833101471028324
Time: 27.230092763900757
---- Epoch 7 -----
Full acc: 0.9063843826250816
F1: 0.24833101471028324
Time: 27.211488962173462
---- Epoch 8 -----
Full acc: 0.9063843826250816
F1: 0.24833101471028324
Time: 26.746044397354126
---- Epoch 9 -----
Full acc: 0.9063843826250816
F1: 0.24833101471028324
Time: 26.934695959091187
---- Epoch 10 -----
Full acc: 0.9063843826250816
F1: 0.24833101471028324
Time: 27.18603014945984
=============== Seed: 3 ================
========= layer0 =========
---- Epoch 1 -----
Full acc: 0.956193529099123
F1: 0.7625125361651126
Time: 28.81230139732361
---- Epoch 2 -----
Full acc: 0.957031533109463
F1: 0.7682480282405783
Time: 28.720407247543335
---- Epoch 3 -----
Full acc: 0.9571175983862006
F1: 0.7688560434140854
Time: 27.878254652023315
---- Epoch 4 -----
Full acc: 0.9569518849805523
F1: 0.767658257888216
Time: 27.939969062805176
---- Epoch 5 -----
Full acc: 0.9569639643176382
F1: 0.7676594115419075
Time: 27.044692754745483
---- Epoch 6 -----
Full acc: 0.9570454998429686
F1: 0.7677719789898638
Time: 27.48114562034607
---- Epoch 7 -----
Full acc: 0.9569239515135409
F1: 0.7673058729008837
Time: 28.475377082824707
---- Epoch 8 -----
Full acc: 0.9569398056434663
F1: 0.7671343865245561
Time: 27.899904012680054
---- Epoch 9 -----
Full acc: 0.956755595752905
F1: 0.765377336798491
Time: 26.944387197494507
---- Epoch 10 -----
Full acc: 0.9570647512864494
F1: 0.7674712273640686
Time: 27.452593088150024
========= layer1 =========
---- Epoch 1 -----
Full acc: 0.970268976638562
F1: 0.8549805765510999
Time: 28.54658341407776
---- Epoch 2 -----
Full acc: 0.9705049011910226
F1: 0.8562696275199857
Time: 26.86625909805298
---- Epoch 3 -----
Full acc: 0.9704486567777161
F1: 0.856072383378565
Time: 27.445329189300537
---- Epoch 4 -----
Full acc: 0.9703844852994468
F1: 0.8555351933283843
Time: 27.70163869857788
---- Epoch 5 -----
Full acc: 0.9703505121638925
F1: 0.8557817612995084
Time: 27.618388414382935
---- Epoch 6 -----
Full acc: 0.9704505441741357
F1: 0.856170157262464
Time: 27.574175357818604
---- Epoch 7 -----
Full acc: 0.97022179172807
F1: 0.8543899740715801
Time: 28.086976766586304
---- Epoch 8 -----
Full acc: 0.970347114850337
F1: 0.8555761463754168
Time: 27.10816478729248
---- Epoch 9 -----
Full acc: 0.9703754257966323
F1: 0.8555918013395939
Time: 26.937957763671875
---- Epoch 10 -----
Full acc: 0.970299174981277
F1: 0.8553696546670837
Time: 27.385724306106567
========= layer2 =========
---- Epoch 1 -----
Full acc: 0.9599928580919479
F1: 0.7915873037745429
Time: 28.146322011947632
---- Epoch 2 -----
Full acc: 0.961901015872249
F1: 0.8003375203140269
Time: 27.04945659637451
---- Epoch 3 -----
Full acc: 0.9619127177300509
F1: 0.8008060759416644
Time: 26.747358083724976
---- Epoch 4 -----
Full acc: 0.9618560958374605
F1: 0.7995344438546963
Time: 27.038784503936768
---- Epoch 5 -----
Full acc: 0.9619587702026913
F1: 0.8006610452474826
Time: 25.792760610580444
---- Epoch 6 -----
Full acc: 0.9620365309351823
F1: 0.8011113860907078
Time: 27.64723801612854
---- Epoch 7 -----
Full acc: 0.961906678061508
F1: 0.8005395258914627
Time: 27.84831404685974
---- Epoch 8 -----
Full acc: 0.9619025257893847
F1: 0.8003176638552546
Time: 27.413722276687622
---- Epoch 9 -----
Full acc: 0.9620297363080714
F1: 0.8010561807428493
Time: 27.516654014587402
---- Epoch 10 -----
Full acc: 0.9618557183581765
F1: 0.8004718142250736
Time: 27.329999685287476
========= x =========
---- Epoch 1 -----
Full acc: 0.9063843826250816
F1: 0.24833101471028324
Time: 28.75552225112915
---- Epoch 2 -----
Full acc: 0.9063843826250816
F1: 0.24833101471028324
Time: 27.440128326416016
---- Epoch 3 -----
Full acc: 0.9063843826250816
F1: 0.24833101471028324
Time: 26.885096311569214
---- Epoch 4 -----
Full acc: 0.9063843826250816
F1: 0.24833101471028324
Time: 26.791943788528442
---- Epoch 5 -----
Full acc: 0.9063843826250816
F1: 0.24833101471028324
Time: 26.8517963886261
---- Epoch 6 -----
Full acc: 0.9063843826250816
F1: 0.24833101471028324
Time: 27.214360237121582
---- Epoch 7 -----
Full acc: 0.9063843826250816
F1: 0.24833101471028324
Time: 26.77395462989807
---- Epoch 8 -----
Full acc: 0.9063843826250816
F1: 0.24833101471028324
Time: 27.183050632476807
---- Epoch 9 -----
Full acc: 0.9063843826250816
F1: 0.24833101471028324
Time: 27.31707453727722
---- Epoch 10 -----
Full acc: 0.9063843826250816
F1: 0.24833101471028324
Time: 27.22857356071472
=============== Seed: 4 ================
========= layer0 =========
---- Epoch 1 -----
Full acc: 0.9564309635687194
F1: 0.7639068323802982
Time: 29.35194993019104
---- Epoch 2 -----
Full acc: 0.9568084428526562
F1: 0.7658857299296412
Time: 27.6993191242218
---- Epoch 3 -----
Full acc: 0.9569560372526755
F1: 0.7675454346520516
Time: 27.84161376953125
---- Epoch 4 -----
Full acc: 0.9569998248496122
F1: 0.7676310145899581
Time: 26.758845806121826
---- Epoch 5 -----
Full acc: 0.9569428254777378
F1: 0.7673301645713105
Time: 26.64199423789978
---- Epoch 6 -----
Full acc: 0.956887336022999
F1: 0.768297995236872
Time: 27.658022165298462
---- Epoch 7 -----
Full acc: 0.9569605670040828
F1: 0.7675603439724268
Time: 27.195024728775024
---- Epoch 8 -----
Full acc: 0.9569556597733916
F1: 0.7672359952958672
Time: 27.29231548309326
---- Epoch 9 -----
Full acc: 0.9569428254777378
F1: 0.7674585530691438
Time: 27.01026153564453
---- Epoch 10 -----
Full acc: 0.9569477327084289
F1: 0.767470481547145
Time: 27.21025562286377
========= layer1 =========
---- Epoch 1 -----
Full acc: 0.9703561743531515
F1: 0.8555800575775055
Time: 27.721869230270386
---- Epoch 2 -----
Full acc: 0.9704275179378156
F1: 0.8558403386151235
Time: 27.30494785308838
---- Epoch 3 -----
Full acc: 0.970310876839079
F1: 0.8550863004921428
Time: 27.115687370300293
---- Epoch 4 -----
Full acc: 0.9704414846713212
F1: 0.8558609630691224
Time: 26.968030214309692
---- Epoch 5 -----
Full acc: 0.9703901474887058
F1: 0.8558421114033463
Time: 26.017719507217407
---- Epoch 6 -----
Full acc: 0.9703837303408789
F1: 0.8558858585770052
Time: 26.086838722229004
---- Epoch 7 -----
Full acc: 0.9704052466600633
F1: 0.8556541830276956
Time: 27.19710874557495
---- Epoch 8 -----
Full acc: 0.9703157840697703
F1: 0.8556866546252438
Time: 26.883220434188843
---- Epoch 9 -----
Full acc: 0.9704501666948517
F1: 0.8559003497293389
Time: 26.682711362838745
---- Epoch 10 -----
Full acc: 0.9703274859275723
F1: 0.8552317848510128
Time: 27.003626346588135
========= layer2 =========
---- Epoch 1 -----
Full acc: 0.9607463067426859
F1: 0.7946307764634523
Time: 28.489920139312744
---- Epoch 2 -----
Full acc: 0.9619266844635567
F1: 0.8004147496484364
Time: 27.090211868286133
---- Epoch 3 -----
Full acc: 0.9618379768318315
F1: 0.7996862493073289
Time: 26.663164854049683
---- Epoch 4 -----
Full acc: 0.9618930888072863
F1: 0.8002299349732344
Time: 26.850325107574463
---- Epoch 5 -----
Full acc: 0.9618545859203247
F1: 0.800232846023065
Time: 27.36793279647827
---- Epoch 6 -----
Full acc: 0.9618255200154615
F1: 0.8000811722477623
Time: 27.369014263153076
---- Epoch 7 -----
Full acc: 0.9618711950088179
F1: 0.7999153997051759
Time: 26.998735666275024
---- Epoch 8 -----
Full acc: 0.961912340250767
F1: 0.7999638870559422
Time: 27.047953844070435
---- Epoch 9 -----
Full acc: 0.9618636454231392
F1: 0.8001293983619643
Time: 26.994150400161743
---- Epoch 10 -----
Full acc: 0.9618711950088179
F1: 0.8005012256836912
Time: 27.615947723388672
========= x =========
---- Epoch 1 -----
Full acc: 0.9063843826250816
F1: 0.24833101471028324
Time: 28.771613359451294
---- Epoch 2 -----
Full acc: 0.9063843826250816
F1: 0.24833101471028324
Time: 26.59546160697937
---- Epoch 3 -----
Full acc: 0.9063843826250816
F1: 0.24833101471028324
Time: 27.155518531799316
---- Epoch 4 -----
Full acc: 0.9063843826250816
F1: 0.24833101471028324
Time: 26.067257165908813
---- Epoch 5 -----
Full acc: 0.9063843826250816
F1: 0.24833101471028324
Time: 26.329746961593628
---- Epoch 6 -----
Full acc: 0.9063843826250816
F1: 0.24833101471028324
Time: 26.808300733566284
---- Epoch 7 -----
Full acc: 0.9063843826250816
F1: 0.24833101471028324
Time: 26.651442289352417
---- Epoch 8 -----
Full acc: 0.9063843826250816
F1: 0.24833101471028324
Time: 26.393497705459595
---- Epoch 9 -----
Full acc: 0.9063843826250816
F1: 0.24833101471028324
Time: 26.560843229293823
---- Epoch 10 -----
Full acc: 0.9063843826250816
F1: 0.24833101471028324
Time: 26.20681095123291
