Loading rhel8/default-amp
  Loading requirement: dot rhel8/slurm singularity/current rhel8/global
    cuda/11.4 libpciaccess/0.16/gcc-9.4.0-6fonbj6
    libiconv/1.16/gcc-9.4.0-ahebbov libxml2/2.9.12/gcc-9.4.0-gnknt5e
    ncurses/6.2/gcc-9.4.0-aiirok7 hwloc/2.5.0/gcc-9.4.0-7sqomga
    libevent/2.1.12/gcc-9.4.0-hgny7cm numactl/2.0.14/gcc-9.4.0-52dwc6n
    cuda/11.4.0/gcc-9.4.0-3hnxhjt gdrcopy/2.2/gcc-9.4.0-e4igtfp
    knem/1.1.4/gcc-9.4.0-bpbxgva libnl/3.3.0/gcc-9.4.0-whwhrwb
    rdma-core/34.0/gcc-9.4.0-5eo5n2u ucx/1.11.1/gcc-9.4.0-lktqyl4
    openmpi/4.1.1/gcc-9.4.0-epagguv
Changed directory to /rds/user/tdb47/hpc-work/planning/thinker_private_planning/probing.

JobID: 58640744
======
Time: Sat Aug 10 10:19:16 BST 2024
Running on master node: gpu-q-51
Current directory: /rds/user/tdb47/hpc-work/planning/thinker_private_planning/probing

Nodes allocated:
================
gpu-q-51

numtasks=1, numnodes=1, mpi_tasks_per_node=1 (OMP_NUM_THREADS=1)

Executing command:
==================
python train_conv_probe.py --feature agent_from --num_epochs 10 --weight_decay 0.001 --kernel 3 --model_name 250m 


test
=================================== FEATURE: agent_from =========================================
=============== Seed: 0 ================
========= layer0 =========
---- Epoch 1 -----
Full acc: 0.9733210811600657
F1: 0.9368284151137298
Time: 28.308042764663696
---- Epoch 2 -----
Full acc: 0.9731897457485597
F1: 0.9368060986947916
Time: 24.491524934768677
---- Epoch 3 -----
Full acc: 0.9728901096607198
F1: 0.9355839378345423
Time: 23.592249155044556
---- Epoch 4 -----
Full acc: 0.9730827639232932
F1: 0.9361836821175119
Time: 24.800793170928955
---- Epoch 5 -----
Full acc: 0.9731736549862229
F1: 0.9363115063837169
Time: 24.124667167663574
---- Epoch 6 -----
Full acc: 0.973409362910184
F1: 0.9372354185058203
Time: 23.911018133163452
---- Epoch 7 -----
Full acc: 0.9731275571265552
F1: 0.9363712937658448
Time: 23.60797357559204
---- Epoch 8 -----
Full acc: 0.9732262761279189
F1: 0.9368875457338482
Time: 23.722421407699585
---- Epoch 9 -----
Full acc: 0.97332282070194
F1: 0.9372866506023111
Time: 23.690595865249634
---- Epoch 10 -----
Full acc: 0.9730310125525342
F1: 0.9358102233299934
Time: 22.79935121536255
========= layer1 =========
---- Epoch 1 -----
Full acc: 0.9722977956525369
F1: 0.9344725710617706
Time: 26.308826208114624
---- Epoch 2 -----
Full acc: 0.9721421066547914
F1: 0.9341267980469826
Time: 24.820273637771606
---- Epoch 3 -----
Full acc: 0.971635030198447
F1: 0.9323344931830301
Time: 24.500428676605225
---- Epoch 4 -----
Full acc: 0.9716850420273316
F1: 0.9329333928025125
Time: 24.634093761444092
---- Epoch 5 -----
Full acc: 0.9720633923849815
F1: 0.9339040338304669
Time: 24.04893946647644
---- Epoch 6 -----
Full acc: 0.9724230426674831
F1: 0.9349668537297758
Time: 24.19182252883911
---- Epoch 7 -----
Full acc: 0.9721216670377689
F1: 0.9338195137713844
Time: 24.48762607574463
---- Epoch 8 -----
Full acc: 0.9721977719947674
F1: 0.9343460588122932
Time: 24.122522115707397
---- Epoch 9 -----
Full acc: 0.972149499707757
F1: 0.9340481778570524
Time: 25.306614637374878
---- Epoch 10 -----
Full acc: 0.9722864886303543
F1: 0.9347187392437429
Time: 24.624136209487915
========= layer2 =========
---- Epoch 1 -----
Full acc: 0.9743300154471318
F1: 0.9390726139001598
Time: 24.940738439559937
---- Epoch 2 -----
Full acc: 0.9746905355005706
F1: 0.940259132352126
Time: 24.200053691864014
---- Epoch 3 -----
Full acc: 0.974603558406858
F1: 0.9399812537769939
Time: 23.57343101501465
---- Epoch 4 -----
Full acc: 0.9745574605471903
F1: 0.9398235768477528
Time: 24.169232845306396
---- Epoch 5 -----
Full acc: 0.9748231755684823
F1: 0.9405922813988259
Time: 23.55523133277893
---- Epoch 6 -----
Full acc: 0.9744809207047233
F1: 0.9395140092893618
Time: 24.365294694900513
---- Epoch 7 -----
Full acc: 0.9744404763561468
F1: 0.9393028393089324
Time: 23.86970591545105
---- Epoch 8 -----
Full acc: 0.9742795687327785
F1: 0.9389453168147878
Time: 24.19039487838745
---- Epoch 9 -----
Full acc: 0.9743621969718055
F1: 0.939094554121472
Time: 24.12681794166565
---- Epoch 10 -----
Full acc: 0.9745922513846753
F1: 0.9399079653008202
Time: 24.671549320220947
========= x =========
---- Epoch 1 -----
Full acc: 0.8989839335912494
F1: 0.7423371817512224
Time: 24.9144389629364
---- Epoch 2 -----
Full acc: 0.8990874363327674
F1: 0.7450037912504534
Time: 24.402890920639038
---- Epoch 3 -----
Full acc: 0.8987173487990203
F1: 0.7422493296014573
Time: 24.17751121520996
---- Epoch 4 -----
Full acc: 0.8989139170308108
F1: 0.7422132070219488
Time: 23.68971610069275
---- Epoch 5 -----
Full acc: 0.8987925839850817
F1: 0.74327809609118
Time: 23.44058847427368
---- Epoch 6 -----
Full acc: 0.8988882587881656
F1: 0.7426287288071802
Time: 24.36526894569397
---- Epoch 7 -----
Full acc: 0.898891737871914
F1: 0.7430335424486385
Time: 23.643352031707764
---- Epoch 8 -----
Full acc: 0.8988712982548915
F1: 0.7434735173453032
Time: 23.439287424087524
---- Epoch 9 -----
Full acc: 0.8987830165047733
F1: 0.742944174097824
Time: 23.039984464645386
---- Epoch 10 -----
Full acc: 0.8989856731331236
F1: 0.7441077515263551
Time: 23.624411582946777
=============== Seed: 1 ================
========= layer0 =========
---- Epoch 1 -----
Full acc: 0.9728701049291658
F1: 0.9354836040821223
Time: 26.16301703453064
---- Epoch 2 -----
Full acc: 0.9731258175846809
F1: 0.936230197059382
Time: 24.17709994316101
---- Epoch 3 -----
Full acc: 0.9732167086476106
F1: 0.9366298266933234
Time: 23.81990647315979
---- Epoch 4 -----
Full acc: 0.9733658743633277
F1: 0.9370618303493436
Time: 23.751590967178345
---- Epoch 5 -----
Full acc: 0.9734111024520582
F1: 0.9371007067683096
Time: 23.87383198738098
---- Epoch 6 -----
Full acc: 0.9732010527707423
F1: 0.9364584912255738
Time: 24.104593992233276
---- Epoch 7 -----
Full acc: 0.9730157915611345
F1: 0.9358662026495282
Time: 33.50782489776611
---- Epoch 8 -----
Full acc: 0.9729927426313006
F1: 0.9357255226661146
Time: 24.482783317565918
---- Epoch 9 -----
Full acc: 0.9729792611817751
F1: 0.9356340819364577
Time: 24.23169183731079
---- Epoch 10 -----
Full acc: 0.9733454347463052
F1: 0.9370929816044363
Time: 24.906338930130005
========= layer1 =========
---- Epoch 1 -----
Full acc: 0.9722356070305325
F1: 0.9344512242075531
Time: 26.284098148345947
---- Epoch 2 -----
Full acc: 0.9723899913718723
F1: 0.9350115465876149
Time: 24.26322627067566
---- Epoch 3 -----
Full acc: 0.972426086865763
F1: 0.9350110236801564
Time: 24.599576234817505
---- Epoch 4 -----
Full acc: 0.9722477838236522
F1: 0.9345663682514358
Time: 24.484827041625977
---- Epoch 5 -----
Full acc: 0.9719372755990983
F1: 0.9333881129023434
Time: 24.29228639602661
---- Epoch 6 -----
Full acc: 0.9722512629074007
F1: 0.9345395340916203
Time: 24.4319748878479
---- Epoch 7 -----
Full acc: 0.9717985471346267
F1: 0.9329076259016624
Time: 24.815464973449707
---- Epoch 8 -----
Full acc: 0.971938580255504
F1: 0.9334717662778996
Time: 24.464359521865845
---- Epoch 9 -----
Full acc: 0.9723425888557989
F1: 0.9350080783864074
Time: 25.142294883728027
---- Epoch 10 -----
Full acc: 0.9719172708675443
F1: 0.9333360862630528
Time: 23.957848072052002
========= layer2 =========
---- Epoch 1 -----
Full acc: 0.9745470232959448
F1: 0.9397213885667557
Time: 25.19312834739685
---- Epoch 2 -----
Full acc: 0.974617474741852
F1: 0.9399819429619712
Time: 24.510897874832153
---- Epoch 3 -----
Full acc: 0.9742873966712127
F1: 0.9391629855771259
Time: 24.679240703582764
---- Epoch 4 -----
Full acc: 0.9744317786467755
F1: 0.9393011157328972
Time: 24.34468698501587
---- Epoch 5 -----
Full acc: 0.9745265836789223
F1: 0.9397538315328908
Time: 24.05670714378357
---- Epoch 6 -----
Full acc: 0.9738816485290434
F1: 0.9377291428192239
Time: 24.91456890106201
---- Epoch 7 -----
Full acc: 0.9743382782710346
F1: 0.939196597119752
Time: 23.30750346183777
---- Epoch 8 -----
Full acc: 0.9745544163489104
F1: 0.939732503823949
Time: 24.830862760543823
---- Epoch 9 -----
Full acc: 0.9746927099279133
F1: 0.9402159675442553
Time: 24.12905979156494
---- Epoch 10 -----
Full acc: 0.9743178386540121
F1: 0.9390443416159262
Time: 24.21199655532837
========= x =========
---- Epoch 1 -----
Full acc: 0.8992866138773693
F1: 0.7448790966675847
Time: 25.118345737457275
---- Epoch 2 -----
Full acc: 0.8990526454952824
F1: 0.7442768442993183
Time: 23.720309257507324
---- Epoch 3 -----
Full acc: 0.8988778215369201
F1: 0.7425440228174603
Time: 23.697476863861084
---- Epoch 4 -----
Full acc: 0.8988534679506806
F1: 0.7435507844027998
Time: 23.53830337524414
---- Epoch 5 -----
Full acc: 0.899430126081995
F1: 0.7464459497093386
Time: 23.239381790161133
---- Epoch 6 -----
Full acc: 0.8989991545826491
F1: 0.7435885263077706
Time: 24.212177276611328
---- Epoch 7 -----
Full acc: 0.8990235081688887
F1: 0.7443829780207077
Time: 23.8746440410614
---- Epoch 8 -----
Full acc: 0.8990696060285563
F1: 0.7441069682158329
Time: 23.557934045791626
---- Epoch 9 -----
Full acc: 0.8990578641209052
F1: 0.7447158584736535
Time: 23.543570041656494
---- Epoch 10 -----
Full acc: 0.89865994391717
F1: 0.7425158699027088
Time: 24.151957750320435
=============== Seed: 2 ================
========= layer0 =========
---- Epoch 1 -----
Full acc: 0.9726378760889532
F1: 0.9347829692313433
Time: 25.24564218521118
---- Epoch 2 -----
Full acc: 0.9729601262211584
F1: 0.9357823559242034
Time: 24.653244733810425
---- Epoch 3 -----
Full acc: 0.973009268279106
F1: 0.935913824828643
Time: 24.31876230239868
---- Epoch 4 -----
Full acc: 0.9728670607308859
F1: 0.9355674548055126
Time: 23.982337474822998
---- Epoch 5 -----
Full acc: 0.9731740898716914
F1: 0.9363103688598642
Time: 24.279902935028076
---- Epoch 6 -----
Full acc: 0.9730440591165911
F1: 0.9360265537691118
Time: 24.179462432861328
---- Epoch 7 -----
Full acc: 0.973030142781597
F1: 0.935999735809023
Time: 24.44604468345642
---- Epoch 8 -----
Full acc: 0.9731075523950012
F1: 0.936103378653457
Time: 24.91346764564514
---- Epoch 9 -----
Full acc: 0.9732062713963651
F1: 0.9366246948807863
Time: 24.485127210617065
---- Epoch 10 -----
Full acc: 0.9730044845389518
F1: 0.9360028454634961
Time: 24.673794984817505
========= layer1 =========
---- Epoch 1 -----
Full acc: 0.9721838556597734
F1: 0.9342798546721904
Time: 25.258607625961304
---- Epoch 2 -----
Full acc: 0.9721829858888363
F1: 0.9341821751451379
Time: 24.66776752471924
---- Epoch 3 -----
Full acc: 0.9722377814578752
F1: 0.9345298286276883
Time: 23.732847690582275
---- Epoch 4 -----
Full acc: 0.9721373229146372
F1: 0.9339509144647384
Time: 24.407941102981567
---- Epoch 5 -----
Full acc: 0.9720842668874725
F1: 0.934025240425381
Time: 24.105122327804565
---- Epoch 6 -----
Full acc: 0.9720925297113752
F1: 0.933851891403797
Time: 24.184263944625854
---- Epoch 7 -----
Full acc: 0.9721547183333797
F1: 0.9340837519006681
Time: 24.700266122817993
---- Epoch 8 -----
Full acc: 0.9720146852125024
F1: 0.9337612622117734
Time: 24.1397705078125
---- Epoch 9 -----
Full acc: 0.9722421303125609
F1: 0.9343946190184478
Time: 24.478410720825195
---- Epoch 10 -----
Full acc: 0.9715271786022434
F1: 0.9321174921461083
Time: 23.209688663482666
========= layer2 =========
---- Epoch 1 -----
Full acc: 0.9745822490188983
F1: 0.9398812787172918
Time: 25.773205757141113
---- Epoch 2 -----
Full acc: 0.9746470469537143
F1: 0.9400792255873568
Time: 24.275505304336548
---- Epoch 3 -----
Full acc: 0.9745491977232876
F1: 0.9398518573332881
Time: 23.83912467956543
---- Epoch 4 -----
Full acc: 0.9744309088758385
F1: 0.9393952825316785
Time: 23.38084888458252
---- Epoch 5 -----
Full acc: 0.9747340240474268
F1: 0.940347087174285
Time: 23.945495128631592
---- Epoch 6 -----
Full acc: 0.9743182735394806
F1: 0.9390220228654507
Time: 24.7585871219635
---- Epoch 7 -----
Full acc: 0.9743182735394806
F1: 0.9389972047013906
Time: 23.74363684654236
---- Epoch 8 -----
Full acc: 0.9745217999387681
F1: 0.939697923507167
Time: 24.590327739715576
---- Epoch 9 -----
Full acc: 0.9743682853683654
F1: 0.9393356450817706
Time: 24.908162593841553
---- Epoch 10 -----
Full acc: 0.9742517360627905
F1: 0.9387336543227506
Time: 24.52860379219055
========= x =========
---- Epoch 1 -----
Full acc: 0.898415103398369
F1: 0.7413401721667453
Time: 25.114209175109863
---- Epoch 2 -----
Full acc: 0.8990365547329455
F1: 0.7445701026402157
Time: 23.726060152053833
---- Epoch 3 -----
Full acc: 0.8987364837596371
F1: 0.7426472132299874
Time: 23.46286916732788
---- Epoch 4 -----
Full acc: 0.8990848270199561
F1: 0.7447205952889097
Time: 24.0057532787323
---- Epoch 5 -----
Full acc: 0.8990169848868602
F1: 0.744844834065521
Time: 24.356722354888916
---- Epoch 6 -----
Full acc: 0.8990169848868602
F1: 0.7448823984390107
Time: 23.33625364303589
---- Epoch 7 -----
Full acc: 0.8988034561217958
F1: 0.7436532146213191
Time: 22.708176851272583
---- Epoch 8 -----
Full acc: 0.8990461222132539
F1: 0.7439497471363258
Time: 23.07173776626587
---- Epoch 9 -----
Full acc: 0.8994518703554232
F1: 0.7466296702983599
Time: 24.693776607513428
---- Epoch 10 -----
Full acc: 0.898970452141724
F1: 0.7435400096042921
Time: 23.67294931411743
=============== Seed: 3 ================
========= layer0 =========
---- Epoch 1 -----
Full acc: 0.9729683890450611
F1: 0.935858355502263
Time: 26.19092082977295
---- Epoch 2 -----
Full acc: 0.9731501711709204
F1: 0.936344478032968
Time: 24.359137535095215
---- Epoch 3 -----
Full acc: 0.9732945531464834
F1: 0.9369118360167994
Time: 22.895326137542725
---- Epoch 4 -----
Full acc: 0.9729818704945865
F1: 0.9359118381595195
Time: 23.692861318588257
---- Epoch 5 -----
Full acc: 0.9723104073311253
F1: 0.9336135969563036
Time: 23.39518976211548
---- Epoch 6 -----
Full acc: 0.9731140756770297
F1: 0.9363389134479836
Time: 24.917930841445923
---- Epoch 7 -----
Full acc: 0.9730714569011105
F1: 0.9361754322673744
Time: 24.99622654914856
---- Epoch 8 -----
Full acc: 0.9730866778925102
F1: 0.9360492872894264
Time: 25.284738779067993
---- Epoch 9 -----
Full acc: 0.9729783914108381
F1: 0.9358768621097117
Time: 24.5254864692688
---- Epoch 10 -----
Full acc: 0.9729957868295805
F1: 0.9360546123166056
Time: 24.97583031654358
========= layer1 =========
---- Epoch 1 -----
Full acc: 0.9720977483369979
F1: 0.9340084711071066
Time: 25.130693674087524
---- Epoch 2 -----
Full acc: 0.9720342550585878
F1: 0.9337424501260115
Time: 24.32190489768982
---- Epoch 3 -----
Full acc: 0.9721042716190265
F1: 0.9339135792166474
Time: 23.92021417617798
---- Epoch 4 -----
Full acc: 0.972239955885218
F1: 0.9345433477407082
Time: 23.775730848312378
---- Epoch 5 -----
Full acc: 0.9720633923849815
F1: 0.9342294000387013
Time: 24.362820386886597
---- Epoch 6 -----
Full acc: 0.9720742645216955
F1: 0.9342809011992655
Time: 38.64709663391113
---- Epoch 7 -----
Full acc: 0.9719611942998692
F1: 0.9333938024025091
Time: 24.013304233551025
---- Epoch 8 -----
Full acc: 0.9719898967407944
F1: 0.9337029313251797
Time: 24.390624284744263
---- Epoch 9 -----
Full acc: 0.9721207972668318
F1: 0.9341709786299817
Time: 24.388724088668823
---- Epoch 10 -----
Full acc: 0.9720525202482674
F1: 0.9337828592154179
Time: 23.686426639556885
========= layer2 =========
---- Epoch 1 -----
Full acc: 0.97457268153859
F1: 0.9400193065838324
Time: 26.30282950401306
---- Epoch 2 -----
Full acc: 0.9741630194272036
F1: 0.9386803017526549
Time: 23.965794324874878
---- Epoch 3 -----
Full acc: 0.9744130785716274
F1: 0.9393702069426039
Time: 24.371888875961304
---- Epoch 4 -----
Full acc: 0.9746379143588745
F1: 0.9400055345637622
Time: 23.955698490142822
---- Epoch 5 -----
Full acc: 0.9741912869826602
F1: 0.9385877225116261
Time: 23.44082546234131
---- Epoch 6 -----
Full acc: 0.9744182971972501
F1: 0.9395196861241972
Time: 23.39589762687683
---- Epoch 7 -----
Full acc: 0.9745861629881154
F1: 0.939745569951766
Time: 23.894957542419434
---- Epoch 8 -----
Full acc: 0.9746418283280915
F1: 0.9403018997735342
Time: 24.268163204193115
---- Epoch 9 -----
Full acc: 0.9745918164992068
F1: 0.9399380104755101
Time: 24.039520978927612
---- Epoch 10 -----
Full acc: 0.9745144068858026
F1: 0.9396111196411476
Time: 23.802104711532593
========= x =========
---- Epoch 1 -----
Full acc: 0.8982537608895321
F1: 0.7395777562330879
Time: 25.896649837493896
---- Epoch 2 -----
Full acc: 0.898598190180634
F1: 0.7409518286321838
Time: 24.30828881263733
---- Epoch 3 -----
Full acc: 0.898619064683125
F1: 0.7410252963610167
Time: 23.519090175628662
---- Epoch 4 -----
Full acc: 0.8992335578502045
F1: 0.7455832716620074
Time: 24.147727727890015
---- Epoch 5 -----
Full acc: 0.898905654206908
F1: 0.7427817746864744
Time: 24.71140718460083
---- Epoch 6 -----
Full acc: 0.8991000480113557
F1: 0.7439532170970807
Time: 24.54464292526245
---- Epoch 7 -----
Full acc: 0.8992265996827076
F1: 0.745090446667048
Time: 24.152180194854736
---- Epoch 8 -----
Full acc: 0.8988873890172284
F1: 0.7429656718595921
Time: 24.1357204914093
---- Epoch 9 -----
Full acc: 0.8991713692282001
F1: 0.7444658383655584
Time: 23.68789839744568
---- Epoch 10 -----
Full acc: 0.8987830165047733
F1: 0.7422415759828297
Time: 23.90151023864746
=============== Seed: 4 ================
========= layer0 =========
---- Epoch 1 -----
Full acc: 0.973105812853127
F1: 0.9362835906703401
Time: 24.942740201950073
---- Epoch 2 -----
Full acc: 0.9729335982075761
F1: 0.9356986998818074
Time: 24.678907871246338
---- Epoch 3 -----
Full acc: 0.9732197528458905
F1: 0.936737729708406
Time: 24.571655750274658
---- Epoch 4 -----
Full acc: 0.9731597386512288
F1: 0.9363590242775711
Time: 23.937634229660034
---- Epoch 5 -----
Full acc: 0.9731240780428067
F1: 0.9363596483098234
Time: 23.646404266357422
---- Epoch 6 -----
Full acc: 0.9730953756018815
F1: 0.9362162786333915
Time: 23.956129789352417
---- Epoch 7 -----
Full acc: 0.973115815218904
F1: 0.9364140088931312
Time: 23.215120792388916
---- Epoch 8 -----
Full acc: 0.9729731727852153
F1: 0.9357133473395006
Time: 23.651960849761963
---- Epoch 9 -----
Full acc: 0.9731175547607782
F1: 0.9361588741901735
Time: 23.316329956054688
---- Epoch 10 -----
Full acc: 0.9733528277992708
F1: 0.9372373965718921
Time: 24.01596975326538
========= layer1 =========
---- Epoch 1 -----
Full acc: 0.9721638509282196
F1: 0.9342054138065018
Time: 25.542778968811035
---- Epoch 2 -----
Full acc: 0.9722721374098917
F1: 0.934394534164047
Time: 24.13241958618164
---- Epoch 3 -----
Full acc: 0.9722938816833199
F1: 0.9345925651389635
Time: 24.588990211486816
---- Epoch 4 -----
Full acc: 0.972194292911019
F1: 0.9341803477824033
Time: 23.913079500198364
---- Epoch 5 -----
Full acc: 0.97229083748504
F1: 0.9346054527614817
Time: 24.42614459991455
---- Epoch 6 -----
Full acc: 0.9721042716190265
F1: 0.9339094937680501
Time: 25.118003368377686
---- Epoch 7 -----
Full acc: 0.972339544657519
F1: 0.9347747614711264
Time: 23.84899139404297
---- Epoch 8 -----
Full acc: 0.9720812226891926
F1: 0.9338490929212203
Time: 25.094532251358032
---- Epoch 9 -----
Full acc: 0.9721795068050878
F1: 0.934544382984732
Time: 23.712684392929077
---- Epoch 10 -----
Full acc: 0.972301709621754
F1: 0.9344438623270674
Time: 23.962942838668823
========= layer2 =========
---- Epoch 1 -----
Full acc: 0.974245212780762
F1: 0.938742410294072
Time: 25.698370456695557
---- Epoch 2 -----
Full acc: 0.9740877842411423
F1: 0.9384060667708669
Time: 24.611599683761597
---- Epoch 3 -----
Full acc: 0.973972539591973
F1: 0.9380379067333267
Time: 24.82996129989624
---- Epoch 4 -----
Full acc: 0.974334799187286
F1: 0.9391812094093108
Time: 24.70014190673828
---- Epoch 5 -----
Full acc: 0.9746279119930975
F1: 0.9399736609255716
Time: 24.869896411895752
---- Epoch 6 -----
Full acc: 0.9744509136073923
F1: 0.9395812057842596
Time: 24.84282922744751
---- Epoch 7 -----
Full acc: 0.9741673682818893
F1: 0.9384652837127392
Time: 24.262003183364868
---- Epoch 8 -----
Full acc: 0.9743608923153998
F1: 0.9392680771108762
Time: 24.73959970474243
---- Epoch 9 -----
Full acc: 0.9742734803362186
F1: 0.9390593274552889
Time: 24.649532556533813
---- Epoch 10 -----
Full acc: 0.9745257139079851
F1: 0.9396769492974136
Time: 24.773983001708984
========= x =========
---- Epoch 1 -----
Full acc: 0.8990939596147959
F1: 0.7443598170638327
Time: 25.795948028564453
---- Epoch 2 -----
Full acc: 0.8987978026107044
F1: 0.7423522768791311
Time: 24.369508743286133
---- Epoch 3 -----
Full acc: 0.8991531040385204
F1: 0.744969904660516
Time: 23.671330451965332
---- Epoch 4 -----
Full acc: 0.8985373062150352
F1: 0.7408861064558296
Time: 24.402164459228516
---- Epoch 5 -----
Full acc: 0.8992374718194216
F1: 0.7453999830778715
Time: 24.399314403533936
---- Epoch 6 -----
Full acc: 0.8985847087311086
F1: 0.7422805737904207
Time: 23.863897800445557
---- Epoch 7 -----
Full acc: 0.899112659689944
F1: 0.7451056227379506
Time: 23.74151635169983
---- Epoch 8 -----
Full acc: 0.8991391877035264
F1: 0.745054715539653
Time: 23.762730836868286
---- Epoch 9 -----
Full acc: 0.8986364601018676
F1: 0.7419680882273169
Time: 24.420743942260742
---- Epoch 10 -----
Full acc: 0.8992409509031701
F1: 0.7456541618501552
Time: 23.374517679214478
