Loading rhel8/default-amp
  Loading requirement: dot rhel8/slurm singularity/current rhel8/global
    cuda/11.4 libpciaccess/0.16/gcc-9.4.0-6fonbj6
    libiconv/1.16/gcc-9.4.0-ahebbov libxml2/2.9.12/gcc-9.4.0-gnknt5e
    ncurses/6.2/gcc-9.4.0-aiirok7 hwloc/2.5.0/gcc-9.4.0-7sqomga
    libevent/2.1.12/gcc-9.4.0-hgny7cm numactl/2.0.14/gcc-9.4.0-52dwc6n
    cuda/11.4.0/gcc-9.4.0-3hnxhjt gdrcopy/2.2/gcc-9.4.0-e4igtfp
    knem/1.1.4/gcc-9.4.0-bpbxgva libnl/3.3.0/gcc-9.4.0-whwhrwb
    rdma-core/34.0/gcc-9.4.0-5eo5n2u ucx/1.11.1/gcc-9.4.0-lktqyl4
    openmpi/4.1.1/gcc-9.4.0-epagguv
Changed directory to /rds/user/tdb47/hpc-work/planning/thinker_private_planning/probing.

JobID: 58606145
======
Time: Fri Aug  9 21:22:23 BST 2024
Running on master node: gpu-q-45
Current directory: /rds/user/tdb47/hpc-work/planning/thinker_private_planning/probing

Nodes allocated:
================
gpu-q-45

numtasks=1, numnodes=1, mpi_tasks_per_node=1 (OMP_NUM_THREADS=1)

Executing command:
==================
python train_conv_probe.py --feature tracked_box_next_push_onto_with --num_epochs 10 --weight_decay 0.001 --kernel 1 --model_name 40m 


test
=================================== FEATURE: tracked_box_next_push_onto_with =========================================
=============== Seed: 0 ================
========= layer0 =========
---- Epoch 1 -----
Full acc: 0.9585394675791672
F1: 0.7611419725399758
Time: 33.31329679489136
---- Epoch 2 -----
Full acc: 0.9588783928778564
F1: 0.7622907705802836
Time: 28.59672236442566
---- Epoch 3 -----
Full acc: 0.9589621273634149
F1: 0.7627008638849653
Time: 27.77158498764038
---- Epoch 4 -----
Full acc: 0.959045499362023
F1: 0.7643861187198173
Time: 27.90484857559204
---- Epoch 5 -----
Full acc: 0.9589309534856745
F1: 0.7630803970233436
Time: 28.361562967300415
---- Epoch 6 -----
Full acc: 0.9590197627885396
F1: 0.7633455685352896
Time: 28.923950672149658
---- Epoch 7 -----
Full acc: 0.9590012759540657
F1: 0.7631298342974765
Time: 29.427837133407593
---- Epoch 8 -----
Full acc: 0.958763847001508
F1: 0.7626817582689742
Time: 29.232531547546387
---- Epoch 9 -----
Full acc: 0.9590683360399026
F1: 0.7647935110606726
Time: 29.188331842422485
---- Epoch 10 -----
Full acc: 0.9588095203572672
F1: 0.7622561106534367
Time: 28.619952917099
========= layer1 =========
---- Epoch 1 -----
Full acc: 0.9707799269226308
F1: 0.8479696333712299
Time: 30.583292961120605
---- Epoch 2 -----
Full acc: 0.9707077920194873
F1: 0.8473892204216067
Time: 28.183101177215576
---- Epoch 3 -----
Full acc: 0.9706603062289758
F1: 0.8465149317090013
Time: 28.704495191574097
---- Epoch 4 -----
Full acc: 0.9706856803155086
F1: 0.8469904788934419
Time: 28.952174425125122
---- Epoch 5 -----
Full acc: 0.9707505654796428
F1: 0.8469263255039129
Time: 28.00864839553833
---- Epoch 6 -----
Full acc: 0.9705823715346248
F1: 0.846307032531383
Time: 29.68881368637085
---- Epoch 7 -----
Full acc: 0.9706077456211576
F1: 0.8464124315155965
Time: 29.064538717269897
---- Epoch 8 -----
Full acc: 0.9705791091520706
F1: 0.8462179767388612
Time: 28.093873023986816
---- Epoch 9 -----
Full acc: 0.9706381945249971
F1: 0.8469866663566433
Time: 27.911423921585083
---- Epoch 10 -----
Full acc: 0.9706302198120867
F1: 0.846293784922446
Time: 27.73952293395996
========= layer2 =========
---- Epoch 1 -----
Full acc: 0.9635356252174921
F1: 0.7945081181312608
Time: 29.751646041870117
---- Epoch 2 -----
Full acc: 0.9637890035958705
F1: 0.7963386212017516
Time: 28.562742710113525
---- Epoch 3 -----
Full acc: 0.9638230773692147
F1: 0.7966364287518944
Time: 29.54911780357361
---- Epoch 4 -----
Full acc: 0.9637625420484862
F1: 0.7960291899786882
Time: 28.961137294769287
---- Epoch 5 -----
Full acc: 0.9638067654564436
F1: 0.7965822070703531
Time: 29.22888731956482
---- Epoch 6 -----
Full acc: 0.9637755915787032
F1: 0.7965070919472832
Time: 28.970044136047363
---- Epoch 7 -----
Full acc: 0.9638379393341839
F1: 0.7965152205336541
Time: 28.371249198913574
---- Epoch 8 -----
Full acc: 0.963783203804663
F1: 0.7960025407528512
Time: 28.48344373703003
---- Epoch 9 -----
Full acc: 0.9638009656652361
F1: 0.7963634397617848
Time: 26.92554259300232
---- Epoch 10 -----
Full acc: 0.9637683418396937
F1: 0.7959279459937828
Time: 27.675431728363037
========= x =========
---- Epoch 1 -----
Full acc: 0.9119493823222364
F1: 0.24794086067066395
Time: 30.388899564743042
---- Epoch 2 -----
Full acc: 0.9119493823222364
F1: 0.24794086067066395
Time: 27.818698167800903
---- Epoch 3 -----
Full acc: 0.9119493823222364
F1: 0.24794086067066395
Time: 29.045710563659668
---- Epoch 4 -----
Full acc: 0.9119493823222364
F1: 0.24794086067066395
Time: 28.880657196044922
---- Epoch 5 -----
Full acc: 0.9119493823222364
F1: 0.24794086067066395
Time: 29.07232093811035
---- Epoch 6 -----
Full acc: 0.9119493823222364
F1: 0.24794086067066395
Time: 28.38348960876465
---- Epoch 7 -----
Full acc: 0.9119493823222364
F1: 0.24794086067066395
Time: 29.09276270866394
---- Epoch 8 -----
Full acc: 0.9121190262150562
F1: 0.24769585744919942
Time: 28.988749265670776
---- Epoch 9 -----
Full acc: 0.9119493823222364
F1: 0.24794086067066395
Time: 28.214428424835205
---- Epoch 10 -----
Full acc: 0.9119493823222364
F1: 0.24794086067066395
Time: 28.356885194778442
=============== Seed: 1 ================
========= layer0 =========
---- Epoch 1 -----
Full acc: 0.9585180808490894
F1: 0.7603302178480817
Time: 31.016268253326416
---- Epoch 2 -----
Full acc: 0.9590552865096856
F1: 0.7640380354574132
Time: 28.803714513778687
---- Epoch 3 -----
Full acc: 0.9591495331168078
F1: 0.7645252212189952
Time: 29.43532919883728
---- Epoch 4 -----
Full acc: 0.9589055793991417
F1: 0.7628023607266602
Time: 29.374180555343628
---- Epoch 5 -----
Full acc: 0.9589595899547616
F1: 0.7632523018420357
Time: 27.131652116775513
---- Epoch 6 -----
Full acc: 0.9589171789815567
F1: 0.7622594973605029
Time: 29.694962739944458
---- Epoch 7 -----
Full acc: 0.9590882728221785
F1: 0.7651094909429572
Time: 27.777039051055908
---- Epoch 8 -----
Full acc: 0.958990763832502
F1: 0.7627105154634748
Time: 28.6517117023468
---- Epoch 9 -----
Full acc: 0.9588780303909059
F1: 0.7621853242534928
Time: 29.708133459091187
---- Epoch 10 -----
Full acc: 0.9590958850481383
F1: 0.7641353477813667
Time: 28.013456106185913
========= layer1 =========
---- Epoch 1 -----
Full acc: 0.9706864052894095
F1: 0.8469783922935097
Time: 30.761158227920532
---- Epoch 2 -----
Full acc: 0.9707204790627537
F1: 0.8471725046589821
Time: 28.177303075790405
---- Epoch 3 -----
Full acc: 0.9705791091520706
F1: 0.8465212098709308
Time: 28.032254695892334
---- Epoch 4 -----
Full acc: 0.9704823251362951
F1: 0.8457199243255376
Time: 29.16006374359131
---- Epoch 5 -----
Full acc: 0.9704507887716042
F1: 0.8450153464904112
Time: 29.009450674057007
---- Epoch 6 -----
Full acc: 0.9705928836561883
F1: 0.8465076907477153
Time: 29.266890287399292
---- Epoch 7 -----
Full acc: 0.9704754378842362
F1: 0.8453260027046902
Time: 28.229259252548218
---- Epoch 8 -----
Full acc: 0.9705997709082473
F1: 0.8462912753783571
Time: 27.838634729385376
---- Epoch 9 -----
Full acc: 0.9705994084212969
F1: 0.8461488429140618
Time: 27.790770053863525
---- Epoch 10 -----
Full acc: 0.9706664685071338
F1: 0.8469250090014679
Time: 27.687304735183716
========= layer2 =========
---- Epoch 1 -----
Full acc: 0.9620893022851177
F1: 0.7870418574707528
Time: 29.92480707168579
---- Epoch 2 -----
Full acc: 0.9638009656652361
F1: 0.7960083611953369
Time: 29.8193576335907
---- Epoch 3 -----
Full acc: 0.9638223523953138
F1: 0.7964814309533701
Time: 29.145742893218994
---- Epoch 4 -----
Full acc: 0.963825614777868
F1: 0.7965658995089342
Time: 29.239192485809326
---- Epoch 5 -----
Full acc: 0.9638306895951746
F1: 0.7968130504658208
Time: 28.735677003860474
---- Epoch 6 -----
Full acc: 0.9638361268994317
F1: 0.796562526447968
Time: 29.597403049468994
---- Epoch 7 -----
Full acc: 0.9638470015079457
F1: 0.7968885185088983
Time: 28.74308180809021
---- Epoch 8 -----
Full acc: 0.9638161901171558
F1: 0.7966719542237338
Time: 29.220317840576172
---- Epoch 9 -----
Full acc: 0.9637915410045238
F1: 0.7962716572705115
Time: 28.860810041427612
---- Epoch 10 -----
Full acc: 0.963831777056026
F1: 0.7968077292450042
Time: 27.49934411048889
========= x =========
---- Epoch 1 -----
Full acc: 0.9119493823222364
F1: 0.24794086067066395
Time: 30.452437162399292
---- Epoch 2 -----
Full acc: 0.9119493823222364
F1: 0.24794086067066395
Time: 28.333022356033325
---- Epoch 3 -----
Full acc: 0.9119493823222364
F1: 0.24794086067066395
Time: 28.982532024383545
---- Epoch 4 -----
Full acc: 0.9119493823222364
F1: 0.24794086067066395
Time: 28.91095495223999
---- Epoch 5 -----
Full acc: 0.9119493823222364
F1: 0.24794086067066395
Time: 27.847421169281006
---- Epoch 6 -----
Full acc: 0.9121190262150562
F1: 0.24769585744919942
Time: 27.29401135444641
---- Epoch 7 -----
Full acc: 0.9119493823222364
F1: 0.24794086067066395
Time: 27.792749643325806
---- Epoch 8 -----
Full acc: 0.9119493823222364
F1: 0.24794086067066395
Time: 27.881218910217285
---- Epoch 9 -----
Full acc: 0.9119493823222364
F1: 0.24794086067066395
Time: 27.65459966659546
---- Epoch 10 -----
Full acc: 0.9119493823222364
F1: 0.24794086067066395
Time: 27.580016136169434
=============== Seed: 2 ================
========= layer0 =========
---- Epoch 1 -----
Full acc: 0.9584575455283609
F1: 0.7608244264764739
Time: 30.765368700027466
---- Epoch 2 -----
Full acc: 0.9589414656072381
F1: 0.762556775294755
Time: 29.67909526824951
---- Epoch 3 -----
Full acc: 0.9590070757452732
F1: 0.7638865789671928
Time: 29.077740907669067
---- Epoch 4 -----
Full acc: 0.9590523866140819
F1: 0.7641874786653908
Time: 28.933767318725586
---- Epoch 5 -----
Full acc: 0.9588258322700383
F1: 0.7625851313002195
Time: 29.044703245162964
---- Epoch 6 -----
Full acc: 0.9590404245447164
F1: 0.7641322003249706
Time: 28.94373607635498
---- Epoch 7 -----
Full acc: 0.9588261947569887
F1: 0.7619844483844054
Time: 29.164611339569092
---- Epoch 8 -----
Full acc: 0.9590770357267139
F1: 0.7645159727442313
Time: 28.254679918289185
---- Epoch 9 -----
Full acc: 0.9589849640412945
F1: 0.7633183725119952
Time: 28.790961265563965
---- Epoch 10 -----
Full acc: 0.9589773518153346
F1: 0.7632943248760118
Time: 29.05899429321289
========= layer1 =========
---- Epoch 1 -----
Full acc: 0.9706175327688203
F1: 0.8464265043542587
Time: 30.67247772216797
---- Epoch 2 -----
Full acc: 0.9706175327688203
F1: 0.8464126599342263
Time: 27.511738777160645
---- Epoch 3 -----
Full acc: 0.970429039554576
F1: 0.8454795067783628
Time: 27.635724306106567
---- Epoch 4 -----
Full acc: 0.9706276824034334
F1: 0.8463892997747035
Time: 28.329174280166626
---- Epoch 5 -----
Full acc: 0.9707396908711287
F1: 0.8472550107009622
Time: 28.367374181747437
---- Epoch 6 -----
Full acc: 0.9705776592042686
F1: 0.8458958210150493
Time: 28.377023696899414
---- Epoch 7 -----
Full acc: 0.9705348857441132
F1: 0.8461171856802535
Time: 29.689886331558228
---- Epoch 8 -----
Full acc: 0.9705928836561883
F1: 0.8460922639279206
Time: 29.026612997055054
---- Epoch 9 -----
Full acc: 0.9706682809418861
F1: 0.8467568570599194
Time: 29.1247775554657
---- Epoch 10 -----
Full acc: 0.9706004958821483
F1: 0.8459225531989778
Time: 28.986289024353027
========= layer2 =========
---- Epoch 1 -----
Full acc: 0.9629962446351932
F1: 0.79262558932283
Time: 31.46956515312195
---- Epoch 2 -----
Full acc: 0.9638045905347408
F1: 0.796648159485624
Time: 29.284575700759888
---- Epoch 3 -----
Full acc: 0.9639017370374666
F1: 0.7970728614381863
Time: 29.075772285461426
---- Epoch 4 -----
Full acc: 0.9637513049530216
F1: 0.7959180802560748
Time: 29.306795597076416
---- Epoch 5 -----
Full acc: 0.963790091056722
F1: 0.7961421680268065
Time: 27.39851665496826
---- Epoch 6 -----
Full acc: 0.9637806663960098
F1: 0.7963054140515421
Time: 29.483190774917603
---- Epoch 7 -----
Full acc: 0.9637262933534393
F1: 0.7955998635202416
Time: 28.04133415222168
---- Epoch 8 -----
Full acc: 0.9637078065189654
F1: 0.7954254208032457
Time: 28.242525577545166
---- Epoch 9 -----
Full acc: 0.9638209024475118
F1: 0.7963848523657967
Time: 28.570955991744995
---- Epoch 10 -----
Full acc: 0.9638404767428372
F1: 0.7965460694547675
Time: 29.33140230178833
========= x =========
---- Epoch 1 -----
Full acc: 0.9119493823222364
F1: 0.24794086067066395
Time: 29.709099292755127
---- Epoch 2 -----
Full acc: 0.9119493823222364
F1: 0.24794086067066395
Time: 28.819474458694458
---- Epoch 3 -----
Full acc: 0.9119493823222364
F1: 0.24794086067066395
Time: 28.413251399993896
---- Epoch 4 -----
Full acc: 0.9119493823222364
F1: 0.24794086067066395
Time: 28.90546989440918
---- Epoch 5 -----
Full acc: 0.9119493823222364
F1: 0.24794086067066395
Time: 29.140998125076294
---- Epoch 6 -----
Full acc: 0.9119493823222364
F1: 0.24794086067066395
Time: 29.199208974838257
---- Epoch 7 -----
Full acc: 0.9119493823222364
F1: 0.24794086067066395
Time: 28.786545753479004
---- Epoch 8 -----
Full acc: 0.9119493823222364
F1: 0.24794086067066395
Time: 28.26047682762146
---- Epoch 9 -----
Full acc: 0.9119493823222364
F1: 0.24794086067066395
Time: 28.23559284210205
---- Epoch 10 -----
Full acc: 0.9119493823222364
F1: 0.24794086067066395
Time: 28.072417974472046
=============== Seed: 3 ================
========= layer0 =========
---- Epoch 1 -----
Full acc: 0.9581443568031551
F1: 0.757913299520531
Time: 30.28923726081848
---- Epoch 2 -----
Full acc: 0.9588928923558752
F1: 0.7623137333514622
Time: 29.571088790893555
---- Epoch 3 -----
Full acc: 0.9590306373970537
F1: 0.7647063625543674
Time: 29.06917428970337
---- Epoch 4 -----
Full acc: 0.9590067132583227
F1: 0.7643401624179014
Time: 29.125130653381348
---- Epoch 5 -----
Full acc: 0.9589838765804432
F1: 0.7634744664023222
Time: 29.46430778503418
---- Epoch 6 -----
Full acc: 0.9591096595522561
F1: 0.7646559926402908
Time: 29.4593288898468
---- Epoch 7 -----
Full acc: 0.9590973349959402
F1: 0.7642770490586395
Time: 29.376389265060425
---- Epoch 8 -----
Full acc: 0.958924428720566
F1: 0.7623406771183795
Time: 29.38899064064026
---- Epoch 9 -----
Full acc: 0.9591375710474422
F1: 0.7637216878872246
Time: 29.572949409484863
---- Epoch 10 -----
Full acc: 0.9591883192205081
F1: 0.7653961099540908
Time: 28.982943058013916
========= layer1 =========
---- Epoch 1 -----
Full acc: 0.9706664685071338
F1: 0.8472048510986385
Time: 30.250044107437134
---- Epoch 2 -----
Full acc: 0.9705457603526273
F1: 0.8459541088771223
Time: 29.054919719696045
---- Epoch 3 -----
Full acc: 0.9705801966129219
F1: 0.8462309770794796
Time: 28.818406105041504
---- Epoch 4 -----
Full acc: 0.9705457603526273
F1: 0.8458161746321672
Time: 27.517587661743164
---- Epoch 5 -----
Full acc: 0.9705653346479527
F1: 0.8458249943965045
Time: 29.86599326133728
---- Epoch 6 -----
Full acc: 0.9705704094652593
F1: 0.8459588097322273
Time: 28.58254861831665
---- Epoch 7 -----
Full acc: 0.9704877624405521
F1: 0.8454534339010552
Time: 29.6985924243927
---- Epoch 8 -----
Full acc: 0.9705642471871012
F1: 0.8459178697084774
Time: 28.97959017753601
---- Epoch 9 -----
Full acc: 0.9706903926458648
F1: 0.847021087244956
Time: 29.32604455947876
---- Epoch 10 -----
Full acc: 0.9707512904535437
F1: 0.8471649217182886
Time: 28.680806159973145
========= layer2 =========
---- Epoch 1 -----
Full acc: 0.9624358398097669
F1: 0.7898982997910915
Time: 29.96927833557129
---- Epoch 2 -----
Full acc: 0.9638154651432549
F1: 0.7964981416330966
Time: 29.50576949119568
---- Epoch 3 -----
Full acc: 0.9637368054750028
F1: 0.796099571228147
Time: 28.492302656173706
---- Epoch 4 -----
Full acc: 0.9637157812318756
F1: 0.7955615074418122
Time: 27.860207557678223
---- Epoch 5 -----
Full acc: 0.963746955109616
F1: 0.7960368525713314
Time: 28.006789445877075
---- Epoch 6 -----
Full acc: 0.9637016442408073
F1: 0.795753231297287
Time: 28.24931311607361
---- Epoch 7 -----
Full acc: 0.9638169150910567
F1: 0.7968769345785311
Time: 27.59458351135254
---- Epoch 8 -----
Full acc: 0.9637864661872173
F1: 0.7962147517923757
Time: 29.234883546829224
---- Epoch 9 -----
Full acc: 0.9637382554228048
F1: 0.7956961536907514
Time: 27.857977390289307
---- Epoch 10 -----
Full acc: 0.9637922659784248
F1: 0.7965589872109815
Time: 27.56081795692444
========= x =========
---- Epoch 1 -----
Full acc: 0.9119493823222364
F1: 0.24794086067066395
Time: 30.26497745513916
---- Epoch 2 -----
Full acc: 0.9119493823222364
F1: 0.24794086067066395
Time: 28.495112419128418
---- Epoch 3 -----
Full acc: 0.9119493823222364
F1: 0.24794086067066395
Time: 28.804500818252563
---- Epoch 4 -----
Full acc: 0.9119493823222364
F1: 0.24794086067066395
Time: 28.307536840438843
---- Epoch 5 -----
Full acc: 0.9119493823222364
F1: 0.24794086067066395
Time: 27.989256620407104
---- Epoch 6 -----
Full acc: 0.9119493823222364
F1: 0.24794086067066395
Time: 27.645814895629883
---- Epoch 7 -----
Full acc: 0.9119493823222364
F1: 0.24794086067066395
Time: 27.726455688476562
---- Epoch 8 -----
Full acc: 0.9119493823222364
F1: 0.24794086067066395
Time: 27.50360107421875
---- Epoch 9 -----
Full acc: 0.9121190262150562
F1: 0.24769585744919942
Time: 28.172682762145996
---- Epoch 10 -----
Full acc: 0.9119493823222364
F1: 0.24794086067066395
Time: 27.303136825561523
=============== Seed: 4 ================
========= layer0 =========
---- Epoch 1 -----
Full acc: 0.9584343463635309
F1: 0.7604870480428931
Time: 31.114315032958984
---- Epoch 2 -----
Full acc: 0.9589577775200093
F1: 0.7630115648281165
Time: 28.590521097183228
---- Epoch 3 -----
Full acc: 0.9590596363530913
F1: 0.7642983005354909
Time: 29.166418075561523
---- Epoch 4 -----
Full acc: 0.9589824266326412
F1: 0.7633533296294064
Time: 29.1597158908844
---- Epoch 5 -----
Full acc: 0.9589827891195917
F1: 0.7634278918093373
Time: 29.36636972427368
---- Epoch 6 -----
Full acc: 0.9589487153462475
F1: 0.7628616333271517
Time: 29.412240266799927
---- Epoch 7 -----
Full acc: 0.9590313623709547
F1: 0.76371502632661
Time: 28.53139019012451
---- Epoch 8 -----
Full acc: 0.9589570525461083
F1: 0.7633080253686209
Time: 29.39492154121399
---- Epoch 9 -----
Full acc: 0.9587823338359819
F1: 0.7611098889587293
Time: 29.18864369392395
---- Epoch 10 -----
Full acc: 0.9588939798167266
F1: 0.7632836580377591
Time: 28.04124116897583
========= layer1 =========
---- Epoch 1 -----
Full acc: 0.9706476191857093
F1: 0.8468765140855291
Time: 31.206073999404907
---- Epoch 2 -----
Full acc: 0.9705685970305069
F1: 0.8462148396300077
Time: 29.60952353477478
---- Epoch 3 -----
Full acc: 0.9705635222132003
F1: 0.8461884224246565
Time: 29.33796715736389
---- Epoch 4 -----
Full acc: 0.9707099669411902
F1: 0.8468188414186081
Time: 28.52575159072876
---- Epoch 5 -----
Full acc: 0.9705631597262498
F1: 0.8458769116880459
Time: 29.27102518081665
---- Epoch 6 -----
Full acc: 0.9705450353787264
F1: 0.8456726218759429
Time: 28.314629077911377
---- Epoch 7 -----
Full acc: 0.9705348857441132
F1: 0.8460420441753455
Time: 29.146653652191162
---- Epoch 8 -----
Full acc: 0.9705559099872405
F1: 0.8459972066224652
Time: 29.37866973876953
---- Epoch 9 -----
Full acc: 0.9706066581603062
F1: 0.8463239479042681
Time: 29.23785400390625
---- Epoch 10 -----
Full acc: 0.9706392819858485
F1: 0.8464733515814107
Time: 29.056426763534546
========= layer2 =========
---- Epoch 1 -----
Full acc: 0.9629433215404245
F1: 0.7922968054572883
Time: 29.51270318031311
---- Epoch 2 -----
Full acc: 0.963723755944786
F1: 0.7959874924720666
Time: 28.805521249771118
---- Epoch 3 -----
Full acc: 0.9638430141514905
F1: 0.7971858866515438
Time: 28.570743560791016
---- Epoch 4 -----
Full acc: 0.9638296021343231
F1: 0.7963750480613987
Time: 28.694766998291016
---- Epoch 5 -----
Full acc: 0.9637574672311797
F1: 0.7960852304816021
Time: 28.67936944961548
---- Epoch 6 -----
Full acc: 0.9637748666048023
F1: 0.7962777064833998
Time: 27.89565658569336
---- Epoch 7 -----
Full acc: 0.9638089403781464
F1: 0.7967811860139199
Time: 28.48720145225525
---- Epoch 8 -----
Full acc: 0.9637864661872173
F1: 0.7962691184951802
Time: 29.13207173347473
---- Epoch 9 -----
Full acc: 0.9637578297181302
F1: 0.7961748651567697
Time: 29.409865856170654
---- Epoch 10 -----
Full acc: 0.9638042280477903
F1: 0.7967300887752173
Time: 29.061182022094727
========= x =========
---- Epoch 1 -----
Full acc: 0.9119493823222364
F1: 0.24794086067066395
Time: 30.37238097190857
---- Epoch 2 -----
Full acc: 0.9119493823222364
F1: 0.24794086067066395
Time: 28.829458475112915
---- Epoch 3 -----
Full acc: 0.9119493823222364
F1: 0.24794086067066395
Time: 29.413045644760132
---- Epoch 4 -----
Full acc: 0.9121190262150562
F1: 0.24769585744919942
Time: 28.682663440704346
---- Epoch 5 -----
Full acc: 0.9121190262150562
F1: 0.24769585744919942
Time: 26.970024824142456
---- Epoch 6 -----
Full acc: 0.9121190262150562
F1: 0.24769585744919942
Time: 28.999365091323853
---- Epoch 7 -----
Full acc: 0.9119493823222364
F1: 0.24794086067066395
Time: 28.813160181045532
---- Epoch 8 -----
Full acc: 0.9119493823222364
F1: 0.24794086067066395
Time: 29.78576350212097
---- Epoch 9 -----
Full acc: 0.9119493823222364
F1: 0.24794086067066395
Time: 29.129777669906616
---- Epoch 10 -----
Full acc: 0.9119493823222364
F1: 0.24794086067066395
Time: 28.609472036361694
