Changed directory to /rds/user/tdb47/hpc-work/planning/thinker_private_planning/probing.

JobID: 58451491
======
Time: Thu Aug  8 11:09:36 BST 2024
Running on master node: gpu-q-64
Current directory: /rds/user/tdb47/hpc-work/planning/thinker_private_planning/probing

Nodes allocated:
================
gpu-q-64

numtasks=1, numnodes=1, mpi_tasks_per_node=1 (OMP_NUM_THREADS=1)

Executing command:
==================
python3 train_conv_probe_34.py --feature tracked_box_next_push_onto_after --num_epochs 10 --weight_decay 0.001 --kernel 1 --model_name 250m 


test
=================================== FEATURE: tracked_box_next_push_onto_after =========================================
=============== Seed: 3 ================
========= layer0 =========
---- Epoch 1 -----
Full acc: 0.9580744315177155
F1: 0.8044359617231862
Time: 30.20665168762207
---- Epoch 2 -----
Full acc: 0.9590794518355645
F1: 0.8102216176919695
Time: 23.81122851371765
---- Epoch 3 -----
Full acc: 0.9593290760945198
F1: 0.8123713389012476
Time: 23.737935304641724
---- Epoch 4 -----
Full acc: 0.9592712363272009
F1: 0.8120736630933896
Time: 23.293914318084717
---- Epoch 5 -----
Full acc: 0.959289936402349
F1: 0.8128089483028166
Time: 23.474980354309082
---- Epoch 6 -----
Full acc: 0.9593590831918506
F1: 0.8126912536010054
Time: 23.423274040222168
---- Epoch 7 -----
Full acc: 0.9590072608477831
F1: 0.8109609473347487
Time: 23.518055200576782
---- Epoch 8 -----
Full acc: 0.9592120919034763
F1: 0.8123747640478408
Time: 23.516052722930908
---- Epoch 9 -----
Full acc: 0.9592190500709733
F1: 0.8114498040437145
Time: 23.667194604873657
---- Epoch 10 -----
Full acc: 0.9591272892371066
F1: 0.8109350858913957
Time: 23.539932250976562
========= layer1 =========
---- Epoch 1 -----
Full acc: 0.9762530789891174
F1: 0.8825586324756838
Time: 25.551924467086792
---- Epoch 2 -----
Full acc: 0.9770602264187703
F1: 0.8863168181110023
Time: 23.580824851989746
---- Epoch 3 -----
Full acc: 0.9770689241281416
F1: 0.8862829820924102
Time: 23.781884908676147
---- Epoch 4 -----
Full acc: 0.9770149983300398
F1: 0.8862293320401111
Time: 23.595955848693848
---- Epoch 5 -----
Full acc: 0.9770258704667538
F1: 0.8863053559293317
Time: 23.60140633583069
---- Epoch 6 -----
Full acc: 0.9770802311503243
F1: 0.8862210179332191
Time: 24.025001049041748
---- Epoch 7 -----
Full acc: 0.977040656572685
F1: 0.8861576542380805
Time: 23.546526193618774
---- Epoch 8 -----
Full acc: 0.9771171964151522
F1: 0.8866697178665175
Time: 23.813196897506714
---- Epoch 9 -----
Full acc: 0.9771463337415458
F1: 0.8867920300790848
Time: 24.247918844223022
---- Epoch 10 -----
Full acc: 0.9770819706921985
F1: 0.8864799966231598
Time: 23.248830795288086
========= layer2 =========
---- Epoch 1 -----
Full acc: 0.9713375685379498
F1: 0.857210861301918
Time: 24.87130331993103
---- Epoch 2 -----
Full acc: 0.9733002066575747
F1: 0.8643306667681682
Time: 23.907428741455078
---- Epoch 3 -----
Full acc: 0.9734793794706226
F1: 0.8649408812941148
Time: 24.10653829574585
---- Epoch 4 -----
Full acc: 0.9733284742130313
F1: 0.8640206906994663
Time: 24.022326707839966
---- Epoch 5 -----
Full acc: 0.9733580464248935
F1: 0.8642377602022553
Time: 23.44591760635376
---- Epoch 6 -----
Full acc: 0.9734980795457708
F1: 0.8648804794540534
Time: 23.366299152374268
---- Epoch 7 -----
Full acc: 0.9732767228422723
F1: 0.8638854917965613
Time: 23.208689212799072
---- Epoch 8 -----
Full acc: 0.9734071884828411
F1: 0.8644593022896894
Time: 23.361653566360474
---- Epoch 9 -----
Full acc: 0.9733802255837902
F1: 0.8641770530248907
Time: 23.293200969696045
---- Epoch 10 -----
Full acc: 0.9733841395530073
F1: 0.8644035619635911
Time: 23.118330001831055
========= x =========
---- Epoch 1 -----
Full acc: 0.900662156614434
F1: 0.25085306712082556
Time: 24.853445053100586
---- Epoch 2 -----
Full acc: 0.9006882497425478
F1: 0.2512755927916227
Time: 23.297322511672974
---- Epoch 3 -----
Full acc: 0.9010091952183473
F1: 0.24999258146932482
Time: 23.06858491897583
---- Epoch 4 -----
Full acc: 0.9006882497425478
F1: 0.2512755927916227
Time: 22.352309703826904
---- Epoch 5 -----
Full acc: 0.9006882497425478
F1: 0.2512755927916227
Time: 23.24973440170288
---- Epoch 6 -----
Full acc: 0.900662156614434
F1: 0.25085306712082556
Time: 23.595711946487427
---- Epoch 7 -----
Full acc: 0.9006882497425478
F1: 0.2512755927916227
Time: 23.589674472808838
---- Epoch 8 -----
Full acc: 0.9010091952183473
F1: 0.24999258146932482
Time: 23.044315099716187
---- Epoch 9 -----
Full acc: 0.9010091952183473
F1: 0.24999258146932482
Time: 23.087687492370605
---- Epoch 10 -----
Full acc: 0.9006882497425478
F1: 0.2512755927916227
Time: 23.216214656829834
=============== Seed: 4 ================
========= layer0 =========
---- Epoch 1 -----
Full acc: 0.9578756888585822
F1: 0.8032732564972818
Time: 24.90383529663086
---- Epoch 2 -----
Full acc: 0.9592734107545436
F1: 0.8109445133995802
Time: 23.73464798927307
---- Epoch 3 -----
Full acc: 0.9593277714381141
F1: 0.811769638681778
Time: 23.56783127784729
---- Epoch 4 -----
Full acc: 0.9592564502212697
F1: 0.8117896129135188
Time: 23.102088451385498
---- Epoch 5 -----
Full acc: 0.9591107635893011
F1: 0.8109706722935355
Time: 22.73006534576416
---- Epoch 6 -----
Full acc: 0.9593273365526455
F1: 0.8123206847310062
Time: 22.67556071281433
---- Epoch 7 -----
Full acc: 0.9592460129700242
F1: 0.8124997039230175
Time: 22.9233660697937
---- Epoch 8 -----
Full acc: 0.9592286175512817
F1: 0.8118937036860254
Time: 22.990886926651
---- Epoch 9 -----
Full acc: 0.9591594707617802
F1: 0.811189456264491
Time: 23.12159538269043
---- Epoch 10 -----
Full acc: 0.9589959538256005
F1: 0.8110460584661319
Time: 24.342745304107666
========= layer1 =========
---- Epoch 1 -----
Full acc: 0.9761273970887027
F1: 0.8820822935296284
Time: 25.546690225601196
---- Epoch 2 -----
Full acc: 0.9769967331403602
F1: 0.8862455772833201
Time: 23.683476448059082
---- Epoch 3 -----
Full acc: 0.9770680543572045
F1: 0.8862547246881392
Time: 23.97581648826599
---- Epoch 4 -----
Full acc: 0.9771185010715578
F1: 0.8864980719456004
Time: 23.292436361312866
---- Epoch 5 -----
Full acc: 0.9770663148153302
F1: 0.8862439721327613
Time: 23.661402940750122
---- Epoch 6 -----
Full acc: 0.9771337220629575
F1: 0.886780247364267
Time: 23.445954084396362
---- Epoch 7 -----
Full acc: 0.9770480496256506
F1: 0.8860993697998945
Time: 24.311777114868164
---- Epoch 8 -----
Full acc: 0.9771115429040608
F1: 0.8863261193000953
Time: 24.24573826789856
---- Epoch 9 -----
Full acc: 0.9770832753486042
F1: 0.8864757276210666
Time: 23.971484184265137
---- Epoch 10 -----
Full acc: 0.9770776218375129
F1: 0.8863875285153007
Time: 23.28676724433899
========= layer2 =========
---- Epoch 1 -----
Full acc: 0.9714810807425757
F1: 0.8571753294333071
Time: 25.066689252853394
---- Epoch 2 -----
Full acc: 0.9733667441342648
F1: 0.8644233497130397
Time: 23.91327738761902
---- Epoch 3 -----
Full acc: 0.9733315184113112
F1: 0.8641281603045756
Time: 24.618479251861572
---- Epoch 4 -----
Full acc: 0.9733289090984998
F1: 0.8641898458093777
Time: 24.641294956207275
---- Epoch 5 -----
Full acc: 0.9733563068830193
F1: 0.8642121214537003
Time: 24.402308225631714
---- Epoch 6 -----
Full acc: 0.9734224094742409
F1: 0.8646727068221647
Time: 24.323925018310547
---- Epoch 7 -----
Full acc: 0.9734463281750119
F1: 0.8646555371635667
Time: 24.224757432937622
---- Epoch 8 -----
Full acc: 0.973202357427148
F1: 0.8634277876640943
Time: 24.36353325843811
---- Epoch 9 -----
Full acc: 0.973526781986696
F1: 0.865067568494492
Time: 23.434034824371338
---- Epoch 10 -----
Full acc: 0.973388488407693
F1: 0.8643480436073954
Time: 23.457282304763794
========= x =========
---- Epoch 1 -----
Full acc: 0.9006538937905313
F1: 0.2478826418530935
Time: 23.877126932144165
---- Epoch 2 -----
Full acc: 0.9006882497425478
F1: 0.2512755927916227
Time: 22.60921621322632
---- Epoch 3 -----
Full acc: 0.9010091952183473
F1: 0.24999258146932482
Time: 22.276445627212524
---- Epoch 4 -----
Full acc: 0.9006882497425478
F1: 0.2512755927916227
Time: 22.89165949821472
---- Epoch 5 -----
Full acc: 0.9010091952183473
F1: 0.24999258146932482
Time: 22.72188115119934
---- Epoch 6 -----
Full acc: 0.9010091952183473
F1: 0.24999258146932482
Time: 22.82949423789978
---- Epoch 7 -----
Full acc: 0.9006882497425478
F1: 0.2512755927916227
Time: 22.892526149749756
---- Epoch 8 -----
Full acc: 0.9006686798964625
F1: 0.25071492708506177
Time: 22.696581602096558
---- Epoch 9 -----
Full acc: 0.900662156614434
F1: 0.25085306712082556
Time: 23.05829358100891
---- Epoch 10 -----
Full acc: 0.9006882497425478
F1: 0.2512755927916227
Time: 23.221887588500977
