Changed directory to /rds/user/tdb47/hpc-work/planning/thinker_private_planning/probing.

JobID: 58451039
======
Time: Thu Aug  8 10:15:37 BST 2024
Running on master node: gpu-q-34
Current directory: /rds/user/tdb47/hpc-work/planning/thinker_private_planning/probing

Nodes allocated:
================
gpu-q-34

numtasks=1, numnodes=1, mpi_tasks_per_node=1 (OMP_NUM_THREADS=1)

Executing command:
==================
python3 train_conv_probe.py --feature tracked_box_next_push_onto_after --num_epochs 10 --weight_decay 0.001 --kernel 3 --model_name 250m 


test
=================================== FEATURE: tracked_box_next_push_onto_after =========================================
=============== Seed: 0 ================
========= layer0 =========
---- Epoch 1 -----
Full acc: 0.9880397798435804
F1: 0.9449578647931574
Time: 35.892587184906006
---- Epoch 2 -----
Full acc: 0.9881945990703889
F1: 0.9457329815331519
Time: 23.636502742767334
---- Epoch 3 -----
Full acc: 0.9881758989952406
F1: 0.9454641487586397
Time: 23.002036094665527
---- Epoch 4 -----
Full acc: 0.9882085154053828
F1: 0.945570371356118
Time: 23.52957510948181
---- Epoch 5 -----
Full acc: 0.9882185177711598
F1: 0.9456717528296581
Time: 38.20063805580139
---- Epoch 6 -----
Full acc: 0.9881111010604248
F1: 0.9452593570154699
Time: 25.672950267791748
---- Epoch 7 -----
Full acc: 0.9880502170948259
F1: 0.944893118544876
Time: 24.070099115371704
---- Epoch 8 -----
Full acc: 0.9881628524311837
F1: 0.9456102421865676
Time: 28.389348030090332
---- Epoch 9 -----
Full acc: 0.9881363244176014
F1: 0.945360163949009
Time: 23.562528371810913
---- Epoch 10 -----
Full acc: 0.9881602431183724
F1: 0.9455312837878467
Time: 23.981102228164673
========= layer1 =========
---- Epoch 1 -----
Full acc: 0.9905338480057891
F1: 0.9560822399531481
Time: 25.211461305618286
---- Epoch 2 -----
Full acc: 0.9905247154109493
F1: 0.9562162431626928
Time: 23.654763221740723
---- Epoch 3 -----
Full acc: 0.9905912528876395
F1: 0.9564294057188276
Time: 23.502357721328735
---- Epoch 4 -----
Full acc: 0.9906438740293356
F1: 0.9566783370168002
Time: 23.430306673049927
---- Epoch 5 -----
Full acc: 0.9906469182276155
F1: 0.9566804664107792
Time: 23.205153703689575
---- Epoch 6 -----
Full acc: 0.9903424983996215
F1: 0.955470267652735
Time: 32.79471969604492
---- Epoch 7 -----
Full acc: 0.9904864454897159
F1: 0.9560455808623594
Time: 23.824833631515503
---- Epoch 8 -----
Full acc: 0.9905181921289209
F1: 0.9561944016277562
Time: 23.183060884475708
---- Epoch 9 -----
Full acc: 0.990570813270617
F1: 0.9563239415436801
Time: 24.465330123901367
---- Epoch 10 -----
Full acc: 0.9904373034317682
F1: 0.9557831058580909
Time: 23.541165828704834
========= layer2 =========
---- Epoch 1 -----
Full acc: 0.9871321738706894
F1: 0.941145390388396
Time: 25.03880000114441
---- Epoch 2 -----
Full acc: 0.9880684822845055
F1: 0.9452815865523287
Time: 24.670027494430542
---- Epoch 3 -----
Full acc: 0.9881328453338529
F1: 0.9454741472280783
Time: 24.892336130142212
---- Epoch 4 -----
Full acc: 0.9881276267082301
F1: 0.9454929080733023
Time: 28.377246379852295
---- Epoch 5 -----
Full acc: 0.9881532849508753
F1: 0.9456038787724437
Time: 35.06584572792053
---- Epoch 6 -----
Full acc: 0.988157633805561
F1: 0.9456519551415005
Time: 24.05367088317871
---- Epoch 7 -----
Full acc: 0.9881850315900804
F1: 0.9458205852751791
Time: 24.589229345321655
---- Epoch 8 -----
Full acc: 0.9881254522808873
F1: 0.9455502180713035
Time: 24.444880485534668
---- Epoch 9 -----
Full acc: 0.988006293662501
F1: 0.9450338182002754
Time: 24.27491593360901
---- Epoch 10 -----
Full acc: 0.9881902502157032
F1: 0.9457410087826569
Time: 27.081649780273438
========= x =========
---- Epoch 1 -----
Full acc: 0.9164110989729745
F1: 0.4797251684348033
Time: 26.036014080047607
---- Epoch 2 -----
Full acc: 0.9164863341590359
F1: 0.4823189068722737
Time: 24.200586795806885
---- Epoch 3 -----
Full acc: 0.9165015551504356
F1: 0.4835786705145275
Time: 29.47405457496643
---- Epoch 4 -----
Full acc: 0.9168886032174567
F1: 0.4911022987622319
Time: 24.16086769104004
---- Epoch 5 -----
Full acc: 0.916535041331515
F1: 0.49006029434761383
Time: 25.328399419784546
---- Epoch 6 -----
Full acc: 0.9168329378774805
F1: 0.4888364211315757
Time: 24.1150381565094
---- Epoch 7 -----
Full acc: 0.9166642023156781
F1: 0.4856995733002892
Time: 23.544265508651733
---- Epoch 8 -----
Full acc: 0.9166807279634835
F1: 0.4881847981021153
Time: 23.413244485855103
---- Epoch 9 -----
Full acc: 0.9167611817751677
F1: 0.49099837391744305
Time: 23.16973352432251
---- Epoch 10 -----
Full acc: 0.9170555992373849
F1: 0.4904616073291198
Time: 24.019832611083984
=============== Seed: 1 ================
========= layer0 =========
---- Epoch 1 -----
Full acc: 0.9879528027498677
F1: 0.9446099253301338
Time: 37.81296944618225
---- Epoch 2 -----
Full acc: 0.9880297774778034
F1: 0.9449024248301854
Time: 24.24555468559265
---- Epoch 3 -----
Full acc: 0.9881458918979098
F1: 0.9454208720983329
Time: 24.691547393798828
---- Epoch 4 -----
Full acc: 0.9881363244176014
F1: 0.945449996928071
Time: 30.676219701766968
---- Epoch 5 -----
Full acc: 0.9882524388377077
F1: 0.9458439638532747
Time: 23.302725553512573
---- Epoch 6 -----
Full acc: 0.9882037316652287
F1: 0.9455334411944885
Time: 38.82600712776184
---- Epoch 7 -----
Full acc: 0.9881793780789891
F1: 0.9455678259613958
Time: 24.187447786331177
---- Epoch 8 -----
Full acc: 0.988078049764814
F1: 0.9450567824588647
Time: 23.972853183746338
---- Epoch 9 -----
Full acc: 0.988112840602299
F1: 0.9451784909876139
Time: 30.50139284133911
---- Epoch 10 -----
Full acc: 0.9881954688413259
F1: 0.9456050358480589
Time: 24.149011850357056
========= layer1 =========
---- Epoch 1 -----
Full acc: 0.9906029947952907
F1: 0.9565198641599159
Time: 31.098902702331543
---- Epoch 2 -----
Full acc: 0.9906534415096441
F1: 0.9566470838454736
Time: 24.260087966918945
---- Epoch 3 -----
Full acc: 0.9906090831918506
F1: 0.9565169028304632
Time: 23.69041919708252
---- Epoch 4 -----
Full acc: 0.9905799458654568
F1: 0.9563910194316328
Time: 23.48878002166748
---- Epoch 5 -----
Full acc: 0.9906082134209134
F1: 0.9565611061013763
Time: 23.622565746307373
---- Epoch 6 -----
Full acc: 0.9907843420356814
F1: 0.9572505997691069
Time: 23.604828119277954
---- Epoch 7 -----
Full acc: 0.9905181921289209
F1: 0.9561263705488038
Time: 29.08274555206299
---- Epoch 8 -----
Full acc: 0.9904825315204988
F1: 0.9559305214317245
Time: 25.79689598083496
---- Epoch 9 -----
Full acc: 0.9906212599849703
F1: 0.956539126408664
Time: 24.374863147735596
---- Epoch 10 -----
Full acc: 0.9906425693729299
F1: 0.95660952481942
Time: 29.40410614013672
========= layer2 =========
---- Epoch 1 -----
Full acc: 0.9870108408249604
F1: 0.9407574742524776
Time: 25.870767831802368
---- Epoch 2 -----
Full acc: 0.9879549771772106
F1: 0.9447334998499137
Time: 23.818439483642578
---- Epoch 3 -----
Full acc: 0.9881941641849202
F1: 0.9458126207492358
Time: 23.759976625442505
---- Epoch 4 -----
Full acc: 0.988143717470567
F1: 0.9455892513962618
Time: 24.41207194328308
---- Epoch 5 -----
Full acc: 0.9881463267833783
F1: 0.9455160141234208
Time: 24.426725149154663
---- Epoch 6 -----
Full acc: 0.9881998176960116
F1: 0.945843575500181
Time: 24.31356716156006
---- Epoch 7 -----
Full acc: 0.9881832920482062
F1: 0.9457140975718948
Time: 23.591305017471313
---- Epoch 8 -----
Full acc: 0.9881032731219906
F1: 0.9453572209833702
Time: 33.46192193031311
---- Epoch 9 -----
Full acc: 0.9881080568621448
F1: 0.9454211938325428
Time: 24.240580558776855
---- Epoch 10 -----
Full acc: 0.988095880069025
F1: 0.9453121517623284
Time: 23.49005365371704
========= x =========
---- Epoch 1 -----
Full acc: 0.9161314676166885
F1: 0.47418445515328944
Time: 25.544301986694336
---- Epoch 2 -----
Full acc: 0.9163576080603413
F1: 0.4806908759515367
Time: 23.67766785621643
---- Epoch 3 -----
Full acc: 0.9167733585682875
F1: 0.4882198191466838
Time: 23.019904613494873
---- Epoch 4 -----
Full acc: 0.9167698794845389
F1: 0.4880478791512828
Time: 23.665995121002197
---- Epoch 5 -----
Full acc: 0.9167511794093908
F1: 0.4899106503586613
Time: 23.61004900932312
---- Epoch 6 -----
Full acc: 0.9165485227810404
F1: 0.4868237072731281
Time: 23.224133253097534
---- Epoch 7 -----
Full acc: 0.9166707255977066
F1: 0.48699050519200837
Time: 27.507319450378418
---- Epoch 8 -----
Full acc: 0.9169490522975869
F1: 0.48857384171295803
Time: 35.021318435668945
---- Epoch 9 -----
Full acc: 0.916888168331988
F1: 0.4918265510754403
Time: 23.50596308708191
---- Epoch 10 -----
Full acc: 0.9167281304795569
F1: 0.4871895230067115
Time: 23.63992166519165
=============== Seed: 2 ================
========= layer0 =========
---- Epoch 1 -----
Full acc: 0.9879897680146956
F1: 0.9447871538351181
Time: 26.922316074371338
---- Epoch 2 -----
Full acc: 0.9881706803696179
F1: 0.9455947855606673
Time: 23.52832293510437
---- Epoch 3 -----
Full acc: 0.9880258635085863
F1: 0.9447966870405254
Time: 27.672502994537354
---- Epoch 4 -----
Full acc: 0.988154589607281
F1: 0.9454190031087647
Time: 24.792566537857056
---- Epoch 5 -----
Full acc: 0.9882376527317766
F1: 0.9457408730378691
Time: 23.88045597076416
---- Epoch 6 -----
Full acc: 0.9880006401514098
F1: 0.9448502099716215
Time: 23.703325033187866
---- Epoch 7 -----
Full acc: 0.988168505942275
F1: 0.9455013732511315
Time: 24.122679710388184
---- Epoch 8 -----
Full acc: 0.9881398035013499
F1: 0.9454844150085723
Time: 23.850942850112915
---- Epoch 9 -----
Full acc: 0.988223301511314
F1: 0.9456714391976574
Time: 23.989139556884766
---- Epoch 10 -----
Full acc: 0.9883315879929861
F1: 0.9461135376706814
Time: 23.702352285385132
========= layer1 =========
---- Epoch 1 -----
Full acc: 0.9905355875476635
F1: 0.9563611545448026
Time: 24.580909729003906
---- Epoch 2 -----
Full acc: 0.9906077785354449
F1: 0.9565124154351796
Time: 23.099202156066895
---- Epoch 3 -----
Full acc: 0.9907547698238192
F1: 0.9570824381561545
Time: 23.360519886016846
---- Epoch 4 -----
Full acc: 0.9906069087645077
F1: 0.9564922510825878
Time: 27.923074960708618
---- Epoch 5 -----
Full acc: 0.9907656419605333
F1: 0.9571311781199794
Time: 36.51462411880493
---- Epoch 6 -----
Full acc: 0.990656485707924
F1: 0.9567100020607766
Time: 24.143248319625854
---- Epoch 7 -----
Full acc: 0.9904786175512817
F1: 0.9559767775346926
Time: 34.83640789985657
---- Epoch 8 -----
Full acc: 0.9904664407581619
F1: 0.9559491405005041
Time: 23.945464611053467
---- Epoch 9 -----
Full acc: 0.9904307801497397
F1: 0.9557675172967066
Time: 24.05830192565918
---- Epoch 10 -----
Full acc: 0.9905716830415542
F1: 0.9563311657147372
Time: 40.25101613998413
========= layer2 =========
---- Epoch 1 -----
Full acc: 0.9872352417267388
F1: 0.9417489010652103
Time: 25.457598209381104
---- Epoch 2 -----
Full acc: 0.9881863362464861
F1: 0.9457108142172814
Time: 24.367700338363647
---- Epoch 3 -----
Full acc: 0.9882354783044337
F1: 0.9460366590796184
Time: 33.94073939323425
---- Epoch 4 -----
Full acc: 0.9881402383868184
F1: 0.9455239619746401
Time: 24.187319040298462
---- Epoch 5 -----
Full acc: 0.9881276267082301
F1: 0.9454154110777548
Time: 23.569825410842896
---- Epoch 6 -----
Full acc: 0.9880671776280998
F1: 0.9451457204244015
Time: 23.53765320777893
---- Epoch 7 -----
Full acc: 0.9880502170948259
F1: 0.9451744305342574
Time: 23.753340244293213
---- Epoch 8 -----
Full acc: 0.9881411081577556
F1: 0.9455473582701789
Time: 23.88107991218567
---- Epoch 9 -----
Full acc: 0.9880536961785744
F1: 0.9452437568948951
Time: 23.89341974258423
---- Epoch 10 -----
Full acc: 0.9881585035764981
F1: 0.9456596478351134
Time: 24.077086687088013
========= x =========
---- Epoch 1 -----
Full acc: 0.9160905883826436
F1: 0.4750880967526291
Time: 28.199479818344116
---- Epoch 2 -----
Full acc: 0.9164002268362604
F1: 0.48341654042459004
Time: 25.577674865722656
---- Epoch 3 -----
Full acc: 0.9166620278883353
F1: 0.4839777842978411
Time: 23.20239496231079
---- Epoch 4 -----
Full acc: 0.9167920586434357
F1: 0.4892931978786521
Time: 23.900862216949463
---- Epoch 5 -----
Full acc: 0.9165054691196527
F1: 0.48908309280542117
Time: 23.881885766983032
---- Epoch 6 -----
Full acc: 0.9166929047566033
F1: 0.4875679001939178
Time: 29.106701612472534
---- Epoch 7 -----
Full acc: 0.9168090191767096
F1: 0.48841353296775347
Time: 25.037038803100586
---- Epoch 8 -----
Full acc: 0.9167550933786078
F1: 0.4876580429971956
Time: 23.04701042175293
---- Epoch 9 -----
Full acc: 0.917049510840825
F1: 0.490121436627798
Time: 30.21214723587036
---- Epoch 10 -----
Full acc: 0.9166385440730329
F1: 0.48989825851288404
Time: 22.40100908279419
=============== Seed: 3 ================
========= layer0 =========
---- Epoch 1 -----
Full acc: 0.9880415193854546
F1: 0.9450189811653347
Time: 28.636977195739746
---- Epoch 2 -----
Full acc: 0.9882089502908514
F1: 0.9456882997466112
Time: 26.704206943511963
---- Epoch 3 -----
Full acc: 0.9881306709065101
F1: 0.9453468781025819
Time: 23.41047739982605
---- Epoch 4 -----
Full acc: 0.9881498058671269
F1: 0.9454386005885225
Time: 24.37796640396118
---- Epoch 5 -----
Full acc: 0.9881598082329038
F1: 0.945548807113213
Time: 23.83563494682312
---- Epoch 6 -----
Full acc: 0.9881632873166523
F1: 0.9453549112874151
Time: 23.628485202789307
---- Epoch 7 -----
Full acc: 0.9881763338807091
F1: 0.9455833223918055
Time: 24.602182626724243
---- Epoch 8 -----
Full acc: 0.9881672012858693
F1: 0.9455126532223748
Time: 28.665152311325073
---- Epoch 9 -----
Full acc: 0.9882115596036628
F1: 0.9456648210912381
Time: 31.668169498443604
---- Epoch 10 -----
Full acc: 0.9880493473238888
F1: 0.9449171814487791
Time: 27.284801244735718
========= layer1 =========
---- Epoch 1 -----
Full acc: 0.9903472821397756
F1: 0.9554732189708146
Time: 24.881795167922974
---- Epoch 2 -----
Full acc: 0.9905368922040692
F1: 0.956212768654081
Time: 24.035000562667847
---- Epoch 3 -----
Full acc: 0.9905895133457653
F1: 0.9562982702061926
Time: 28.396456956863403
---- Epoch 4 -----
Full acc: 0.9906590950207353
F1: 0.9567174447083284
Time: 24.34185814857483
---- Epoch 5 -----
Full acc: 0.9907060626513401
F1: 0.9568841447370326
Time: 24.162765502929688
---- Epoch 6 -----
Full acc: 0.9906430042583985
F1: 0.956611483000877
Time: 28.822280883789062
---- Epoch 7 -----
Full acc: 0.9905812505218625
F1: 0.9564043501002594
Time: 23.778408527374268
---- Epoch 8 -----
Full acc: 0.9907182394444599
F1: 0.9568871061649926
Time: 23.951899766921997
---- Epoch 9 -----
Full acc: 0.9906764904394778
F1: 0.9568382589710973
Time: 27.995758533477783
---- Epoch 10 -----
Full acc: 0.9905021013665841
F1: 0.9560405466712624
Time: 23.822670936584473
========= layer2 =========
---- Epoch 1 -----
Full acc: 0.9871573972278661
F1: 0.941211289236709
Time: 25.853848934173584
---- Epoch 2 -----
Full acc: 0.9880384751871747
F1: 0.9452110915973913
Time: 24.219265699386597
---- Epoch 3 -----
Full acc: 0.9880528264076373
F1: 0.9451311811470055
Time: 23.879218816757202
---- Epoch 4 -----
Full acc: 0.9881354546466643
F1: 0.9455524434047529
Time: 23.717880964279175
---- Epoch 5 -----
Full acc: 0.9881915548721089
F1: 0.9457865704180239
Time: 28.131403923034668
---- Epoch 6 -----
Full acc: 0.9881963386122631
F1: 0.9457914486733529
Time: 24.310230493545532
---- Epoch 7 -----
Full acc: 0.9882015572378858
F1: 0.9458769970256341
Time: 22.144511699676514
---- Epoch 8 -----
Full acc: 0.988233303877091
F1: 0.9460166064617086
Time: 35.12365436553955
---- Epoch 9 -----
Full acc: 0.9881415430432241
F1: 0.9455305737198596
Time: 23.87240195274353
---- Epoch 10 -----
Full acc: 0.9881528500654068
F1: 0.9455347725180463
Time: 23.98513150215149
========= x =========
---- Epoch 1 -----
Full acc: 0.9160505789195358
F1: 0.47526022408539914
Time: 29.64708924293518
---- Epoch 2 -----
Full acc: 0.9164158827131287
F1: 0.48424775864236375
Time: 23.301214933395386
---- Epoch 3 -----
Full acc: 0.9166920349856662
F1: 0.4861421807593924
Time: 23.74592685699463
---- Epoch 4 -----
Full acc: 0.9166528952934955
F1: 0.48703838556851375
Time: 29.312747955322266
---- Epoch 5 -----
Full acc: 0.9168442448996632
F1: 0.4880284955454789
Time: 23.77215003967285
---- Epoch 6 -----
Full acc: 0.9165624391160344
F1: 0.4882839291518116
Time: 23.700727224349976
---- Epoch 7 -----
Full acc: 0.916821630855298
F1: 0.48977476697968825
Time: 27.832810640335083
---- Epoch 8 -----
Full acc: 0.9167350886470539
F1: 0.48765716945245796
Time: 23.781224250793457
---- Epoch 9 -----
Full acc: 0.9166811628489521
F1: 0.48879395429158307
Time: 23.358457326889038
---- Epoch 10 -----
Full acc: 0.9167755329956303
F1: 0.48850966408824015
Time: 24.6188383102417
=============== Seed: 4 ================
========= layer0 =========
---- Epoch 1 -----
Full acc: 0.9878493000083498
F1: 0.9442915904177941
Time: 25.446059226989746
---- Epoch 2 -----
Full acc: 0.9882785319658215
F1: 0.9460285644990846
Time: 23.740565061569214
---- Epoch 3 -----
Full acc: 0.9880449984692031
F1: 0.9450043394345877
Time: 28.62244153022766
---- Epoch 4 -----
Full acc: 0.988023254195775
F1: 0.9448628112569409
Time: 24.48956847190857
---- Epoch 5 -----
Full acc: 0.9881724199114921
F1: 0.9455111712885393
Time: 23.323960304260254
---- Epoch 6 -----
Full acc: 0.9880584799187286
F1: 0.9450537103145364
Time: 29.13136863708496
---- Epoch 7 -----
Full acc: 0.9881071870912077
F1: 0.945187084674183
Time: 24.117497444152832
---- Epoch 8 -----
Full acc: 0.9881093615185504
F1: 0.9452930216656213
Time: 24.18872904777527
---- Epoch 9 -----
Full acc: 0.9880541310640429
F1: 0.9448735756854407
Time: 30.263159036636353
---- Epoch 10 -----
Full acc: 0.9881798129644577
F1: 0.9456466381903148
Time: 24.11575174331665
========= layer1 =========
---- Epoch 1 -----
Full acc: 0.9905303689220407
F1: 0.9562037643450324
Time: 25.482130527496338
---- Epoch 2 -----
Full acc: 0.9904725291547218
F1: 0.955992008195414
Time: 27.946757316589355
---- Epoch 3 -----
Full acc: 0.9906238692977818
F1: 0.9565545070753958
Time: 23.92426633834839
---- Epoch 4 -----
Full acc: 0.9905512434245317
F1: 0.9562627404275471
Time: 23.807990550994873
---- Epoch 5 -----
Full acc: 0.990780862951933
F1: 0.9572112776792883
Time: 24.037986993789673
---- Epoch 6 -----
Full acc: 0.9906895370035348
F1: 0.956936534013133
Time: 23.71411108970642
---- Epoch 7 -----
Full acc: 0.9906891021180662
F1: 0.9568180533391473
Time: 24.07633376121521
---- Epoch 8 -----
Full acc: 0.9905655946449943
F1: 0.9562437452989796
Time: 23.847410917282104
---- Epoch 9 -----
Full acc: 0.9907539000528821
F1: 0.9571356901865423
Time: 23.51413083076477
---- Epoch 10 -----
Full acc: 0.9906273483815302
F1: 0.9565414280678184
Time: 30.100687742233276
========= layer2 =========
---- Epoch 1 -----
Full acc: 0.9871974066909739
F1: 0.9415965365616825
Time: 33.22388744354248
---- Epoch 2 -----
Full acc: 0.9880010750368783
F1: 0.9450108049598803
Time: 24.467559814453125
---- Epoch 3 -----
Full acc: 0.988143717470567
F1: 0.9455629651287817
Time: 24.3133385181427
---- Epoch 4 -----
Full acc: 0.9880815288485625
F1: 0.9451984816395939
Time: 30.1443190574646
---- Epoch 5 -----
Full acc: 0.9881271918227615
F1: 0.9454630081241768
Time: 23.90388059616089
---- Epoch 6 -----
Full acc: 0.9881350197611957
F1: 0.9454899154002046
Time: 24.051637411117554
---- Epoch 7 -----
Full acc: 0.9881037080074592
F1: 0.9453424568767504
Time: 29.340614557266235
---- Epoch 8 -----
Full acc: 0.9881811176208634
F1: 0.94574854801146
Time: 24.155616521835327
---- Epoch 9 -----
Full acc: 0.9882176480002227
F1: 0.9459192898782713
Time: 24.664605617523193
---- Epoch 10 -----
Full acc: 0.9881493709816582
F1: 0.9455935010700388
Time: 27.986563682556152
========= x =========
---- Epoch 1 -----
Full acc: 0.9162219237941496
F1: 0.4765715180367929
Time: 25.335533142089844
---- Epoch 2 -----
Full acc: 0.9164471944668652
F1: 0.4847923210719139
Time: 23.858888387680054
---- Epoch 3 -----
Full acc: 0.9166572441481812
F1: 0.48960522018053626
Time: 23.178590774536133
---- Epoch 4 -----
Full acc: 0.9167798818503159
F1: 0.489270126412915
Time: 23.845122575759888
---- Epoch 5 -----
Full acc: 0.9168642496312172
F1: 0.48794628401913565
Time: 23.602449893951416
---- Epoch 6 -----
Full acc: 0.916997759470066
F1: 0.48867587160418624
Time: 23.23150086402893
---- Epoch 7 -----
Full acc: 0.9168029307801497
F1: 0.4889438016294248
Time: 22.66074848175049
---- Epoch 8 -----
Full acc: 0.9167994516964012
F1: 0.4893930523473413
Time: 30.239657163619995
---- Epoch 9 -----
Full acc: 0.9166755093378608
F1: 0.4878831104291785
Time: 32.24017357826233
---- Epoch 10 -----
Full acc: 0.9166746395669236
F1: 0.48949339802832165
Time: 23.02881407737732
